[2024-11-18T17:48:45.035+0000] {local_task_job_runner.py:120} INFO - ::group::Pre task execution logs
[2024-11-18T17:48:45.190+0000] {taskinstance.py:2076} INFO - Dependencies all met for dep_context=non-requeueable deps ti=<TaskInstance: spark_dag.spark_task scheduled__2024-05-10T00:00:00+00:00 [queued]>
[2024-11-18T17:48:45.436+0000] {taskinstance.py:2076} INFO - Dependencies all met for dep_context=requeueable deps ti=<TaskInstance: spark_dag.spark_task scheduled__2024-05-10T00:00:00+00:00 [queued]>
[2024-11-18T17:48:45.452+0000] {taskinstance.py:2306} INFO - Starting attempt 2 of 2
[2024-11-18T17:48:45.550+0000] {taskinstance.py:2330} INFO - Executing <Task(SparkSubmitOperator): spark_task> on 2024-05-10 00:00:00+00:00
[2024-11-18T17:48:45.585+0000] {standard_task_runner.py:64} INFO - Started process 1080 to run task
[2024-11-18T17:48:45.604+0000] {standard_task_runner.py:90} INFO - Running: ['***', 'tasks', 'run', 'spark_dag', 'spark_task', 'scheduled__2024-05-10T00:00:00+00:00', '--job-id', '652', '--raw', '--subdir', 'DAGS_FOLDER/spark_dag.py', '--cfg-path', '/tmp/tmpb540mx_c']
[2024-11-18T17:48:45.615+0000] {standard_task_runner.py:91} INFO - Job 652: Subtask spark_task
[2024-11-18T17:48:46.020+0000] {task_command.py:426} INFO - Running <TaskInstance: spark_dag.spark_task scheduled__2024-05-10T00:00:00+00:00 [running]> on host 3fa30a842a1c
[2024-11-18T17:48:46.741+0000] {taskinstance.py:2648} INFO - Exporting env vars: AIRFLOW_CTX_DAG_OWNER='***' AIRFLOW_CTX_DAG_ID='spark_dag' AIRFLOW_CTX_TASK_ID='spark_task' AIRFLOW_CTX_EXECUTION_DATE='2024-05-10T00:00:00+00:00' AIRFLOW_CTX_TRY_NUMBER='2' AIRFLOW_CTX_DAG_RUN_ID='scheduled__2024-05-10T00:00:00+00:00'
[2024-11-18T17:48:46.751+0000] {taskinstance.py:430} INFO - ::endgroup::
[2024-11-18T17:48:46.807+0000] {base.py:84} INFO - Using connection ID 'spark_default' for task execution.
[2024-11-18T17:48:46.809+0000] {spark_submit.py:473} INFO - Spark-Submit cmd: spark-submit --master spark://spark:7077 --name arrow-spark --deploy-mode client /opt/***/dags/spark_job.py
[2024-11-18T17:49:08.243+0000] {spark_submit.py:634} INFO - 24/11/18 17:49:08 INFO SparkContext: Running Spark version 3.5.3
[2024-11-18T17:49:08.273+0000] {spark_submit.py:634} INFO - 24/11/18 17:49:08 INFO SparkContext: OS info Linux, 5.15.153.1-microsoft-standard-WSL2, amd64
[2024-11-18T17:49:08.276+0000] {spark_submit.py:634} INFO - 24/11/18 17:49:08 INFO SparkContext: Java version 17.0.12
[2024-11-18T17:49:09.103+0000] {spark_submit.py:634} INFO - 24/11/18 17:49:09 WARN NativeCodeLoader: Unable to load native-hadoop library for your platform... using builtin-java classes where applicable
[2024-11-18T17:49:09.866+0000] {spark_submit.py:634} INFO - 24/11/18 17:49:09 INFO ResourceUtils: ==============================================================
[2024-11-18T17:49:09.877+0000] {spark_submit.py:634} INFO - 24/11/18 17:49:09 INFO ResourceUtils: No custom resources configured for spark.driver.
[2024-11-18T17:49:09.879+0000] {spark_submit.py:634} INFO - 24/11/18 17:49:09 INFO ResourceUtils: ==============================================================
[2024-11-18T17:49:09.880+0000] {spark_submit.py:634} INFO - 24/11/18 17:49:09 INFO SparkContext: Submitted application: Airflow Spark Job
[2024-11-18T17:49:09.978+0000] {spark_submit.py:634} INFO - 24/11/18 17:49:09 INFO ResourceProfile: Default ResourceProfile created, executor resources: Map(memory -> name: memory, amount: 1024, script: , vendor: , offHeap -> name: offHeap, amount: 0, script: , vendor: ), task resources: Map(cpus -> name: cpus, amount: 1.0)
[2024-11-18T17:49:10.030+0000] {spark_submit.py:634} INFO - 24/11/18 17:49:10 INFO ResourceProfile: Limiting resource is cpu
[2024-11-18T17:49:10.033+0000] {spark_submit.py:634} INFO - 24/11/18 17:49:10 INFO ResourceProfileManager: Added ResourceProfile id: 0
[2024-11-18T17:49:10.265+0000] {spark_submit.py:634} INFO - 24/11/18 17:49:10 INFO SecurityManager: Changing view acls to: ***
[2024-11-18T17:49:10.266+0000] {spark_submit.py:634} INFO - 24/11/18 17:49:10 INFO SecurityManager: Changing modify acls to: ***
[2024-11-18T17:49:10.362+0000] {spark_submit.py:634} INFO - 24/11/18 17:49:10 INFO SecurityManager: Changing view acls groups to:
[2024-11-18T17:49:10.369+0000] {spark_submit.py:634} INFO - 24/11/18 17:49:10 INFO SecurityManager: Changing modify acls groups to:
[2024-11-18T17:49:10.375+0000] {spark_submit.py:634} INFO - 24/11/18 17:49:10 INFO SecurityManager: SecurityManager: authentication disabled; ui acls disabled; users with view permissions: ***; groups with view permissions: EMPTY; users with modify permissions: ***; groups with modify permissions: EMPTY
[2024-11-18T17:49:12.841+0000] {spark_submit.py:634} INFO - 24/11/18 17:49:12 INFO Utils: Successfully started service 'sparkDriver' on port 43349.
[2024-11-18T17:49:13.264+0000] {spark_submit.py:634} INFO - 24/11/18 17:49:13 INFO SparkEnv: Registering MapOutputTracker
[2024-11-18T17:49:13.398+0000] {spark_submit.py:634} INFO - 24/11/18 17:49:13 INFO SparkEnv: Registering BlockManagerMaster
[2024-11-18T17:49:13.477+0000] {spark_submit.py:634} INFO - 24/11/18 17:49:13 INFO BlockManagerMasterEndpoint: Using org.apache.spark.storage.DefaultTopologyMapper for getting topology information
[2024-11-18T17:49:13.485+0000] {spark_submit.py:634} INFO - 24/11/18 17:49:13 INFO BlockManagerMasterEndpoint: BlockManagerMasterEndpoint up
[2024-11-18T17:49:13.501+0000] {spark_submit.py:634} INFO - 24/11/18 17:49:13 INFO SparkEnv: Registering BlockManagerMasterHeartbeat
[2024-11-18T17:49:13.558+0000] {spark_submit.py:634} INFO - 24/11/18 17:49:13 INFO DiskBlockManager: Created local directory at /tmp/blockmgr-272fe131-9aa2-4a6a-ad13-521ab0731b49
[2024-11-18T17:49:13.599+0000] {spark_submit.py:634} INFO - 24/11/18 17:49:13 INFO MemoryStore: MemoryStore started with capacity 434.4 MiB
[2024-11-18T17:49:13.690+0000] {spark_submit.py:634} INFO - 24/11/18 17:49:13 INFO SparkEnv: Registering OutputCommitCoordinator
[2024-11-18T17:49:14.233+0000] {spark_submit.py:634} INFO - 24/11/18 17:49:14 INFO JettyUtils: Start Jetty 0.0.0.0:4040 for SparkUI
[2024-11-18T17:49:14.667+0000] {spark_submit.py:634} INFO - 24/11/18 17:49:14 WARN Utils: Service 'SparkUI' could not bind on port 4040. Attempting port 4041.
[2024-11-18T17:49:14.667+0000] {spark_submit.py:634} INFO - 24/11/18 17:49:14 WARN Utils: Service 'SparkUI' could not bind on port 4041. Attempting port 4042.
[2024-11-18T17:49:14.668+0000] {spark_submit.py:634} INFO - 24/11/18 17:49:14 WARN Utils: Service 'SparkUI' could not bind on port 4042. Attempting port 4043.
[2024-11-18T17:49:14.674+0000] {spark_submit.py:634} INFO - 24/11/18 17:49:14 WARN Utils: Service 'SparkUI' could not bind on port 4043. Attempting port 4044.
[2024-11-18T17:49:14.678+0000] {spark_submit.py:634} INFO - 24/11/18 17:49:14 WARN Utils: Service 'SparkUI' could not bind on port 4044. Attempting port 4045.
[2024-11-18T17:49:14.727+0000] {spark_submit.py:634} INFO - 24/11/18 17:49:14 INFO Utils: Successfully started service 'SparkUI' on port 4045.
[2024-11-18T17:49:15.873+0000] {spark_submit.py:634} INFO - 24/11/18 17:49:15 INFO StandaloneAppClient$ClientEndpoint: Connecting to master spark://spark:7077...
[2024-11-18T17:49:16.295+0000] {spark_submit.py:634} INFO - 24/11/18 17:49:16 INFO TransportClientFactory: Successfully created connection to spark/172.19.0.4:7077 after 299 ms (0 ms spent in bootstraps)
[2024-11-18T17:49:17.415+0000] {spark_submit.py:634} INFO - 24/11/18 17:49:17 INFO StandaloneSchedulerBackend: Connected to Spark cluster with app ID app-20241118174917-0009
[2024-11-18T17:49:17.561+0000] {spark_submit.py:634} INFO - 24/11/18 17:49:17 INFO Utils: Successfully started service 'org.apache.spark.network.netty.NettyBlockTransferService' on port 39165.
[2024-11-18T17:49:17.574+0000] {spark_submit.py:634} INFO - 24/11/18 17:49:17 INFO NettyBlockTransferService: Server created on 3fa30a842a1c:39165
[2024-11-18T17:49:17.581+0000] {spark_submit.py:634} INFO - 24/11/18 17:49:17 INFO BlockManager: Using org.apache.spark.storage.RandomBlockReplicationPolicy for block replication policy
[2024-11-18T17:49:17.605+0000] {spark_submit.py:634} INFO - 24/11/18 17:49:17 INFO BlockManagerMaster: Registering BlockManager BlockManagerId(driver, 3fa30a842a1c, 39165, None)
[2024-11-18T17:49:17.622+0000] {spark_submit.py:634} INFO - 24/11/18 17:49:17 INFO BlockManagerMasterEndpoint: Registering block manager 3fa30a842a1c:39165 with 434.4 MiB RAM, BlockManagerId(driver, 3fa30a842a1c, 39165, None)
[2024-11-18T17:49:17.642+0000] {spark_submit.py:634} INFO - 24/11/18 17:49:17 INFO BlockManagerMaster: Registered BlockManager BlockManagerId(driver, 3fa30a842a1c, 39165, None)
[2024-11-18T17:49:17.649+0000] {spark_submit.py:634} INFO - 24/11/18 17:49:17 INFO BlockManager: Initialized BlockManager: BlockManagerId(driver, 3fa30a842a1c, 39165, None)
[2024-11-18T17:49:21.065+0000] {spark_submit.py:634} INFO - 24/11/18 17:49:21 INFO StandaloneSchedulerBackend: SchedulerBackend is ready for scheduling beginning after reached minRegisteredResourcesRatio: 0.0
[2024-11-18T17:49:21.693+0000] {local_task_job_runner.py:313} WARNING - State of this instance has been externally set to removed. Terminating instance.
[2024-11-18T17:49:21.803+0000] {local_task_job_runner.py:222} INFO - ::endgroup::
[2024-11-18T17:49:21.834+0000] {process_utils.py:132} INFO - Sending 15 to group 1080. PIDs of all processes in the group: [1105, 1346, 1080]
[2024-11-18T17:49:21.849+0000] {process_utils.py:87} INFO - Sending the signal 15 to group 1080
[2024-11-18T17:49:21.857+0000] {taskinstance.py:2611} ERROR - Received SIGTERM. Terminating subprocesses.
[2024-11-18T17:49:21.884+0000] {spark_submit.py:760} INFO - Sending kill signal to spark-submit
[2024-11-18T17:49:21.903+0000] {taskinstance.py:441} INFO - ::group::Post task execution logs
[2024-11-18T17:49:22.034+0000] {process_utils.py:80} INFO - Process psutil.Process(pid=1346, status='terminated', started='17:49:00') (1346) terminated with exit code None
[2024-11-18T17:49:22.431+0000] {process_utils.py:80} INFO - Process psutil.Process(pid=1080, status='terminated', exitcode=0, started='17:48:44') (1080) terminated with exit code 0
[2024-11-18T17:49:22.439+0000] {process_utils.py:80} INFO - Process psutil.Process(pid=1105, status='terminated', started='17:48:46') (1105) terminated with exit code None
