[2024-11-18T17:59:55.302+0000] {local_task_job_runner.py:120} INFO - ::group::Pre task execution logs
[2024-11-18T17:59:55.324+0000] {taskinstance.py:2076} INFO - Dependencies all met for dep_context=non-requeueable deps ti=<TaskInstance: spark_dag.spark_job scheduled__2024-11-02T00:00:00+00:00 [queued]>
[2024-11-18T17:59:55.333+0000] {taskinstance.py:2076} INFO - Dependencies all met for dep_context=requeueable deps ti=<TaskInstance: spark_dag.spark_job scheduled__2024-11-02T00:00:00+00:00 [queued]>
[2024-11-18T17:59:55.334+0000] {taskinstance.py:2306} INFO - Starting attempt 2 of 2
[2024-11-18T17:59:55.347+0000] {taskinstance.py:2330} INFO - Executing <Task(SparkSubmitOperator): spark_job> on 2024-11-02 00:00:00+00:00
[2024-11-18T17:59:55.357+0000] {standard_task_runner.py:64} INFO - Started process 4334 to run task
[2024-11-18T17:59:55.360+0000] {standard_task_runner.py:90} INFO - Running: ['***', 'tasks', 'run', 'spark_dag', 'spark_job', 'scheduled__2024-11-02T00:00:00+00:00', '--job-id', '673', '--raw', '--subdir', 'DAGS_FOLDER/spark_dag.py', '--cfg-path', '/tmp/tmpclya4o0f']
[2024-11-18T17:59:55.364+0000] {standard_task_runner.py:91} INFO - Job 673: Subtask spark_job
[2024-11-18T17:59:55.424+0000] {task_command.py:426} INFO - Running <TaskInstance: spark_dag.spark_job scheduled__2024-11-02T00:00:00+00:00 [running]> on host 3fa30a842a1c
[2024-11-18T17:59:55.534+0000] {taskinstance.py:2648} INFO - Exporting env vars: AIRFLOW_CTX_DAG_OWNER='***' AIRFLOW_CTX_DAG_ID='spark_dag' AIRFLOW_CTX_TASK_ID='spark_job' AIRFLOW_CTX_EXECUTION_DATE='2024-11-02T00:00:00+00:00' AIRFLOW_CTX_TRY_NUMBER='2' AIRFLOW_CTX_DAG_RUN_ID='scheduled__2024-11-02T00:00:00+00:00'
[2024-11-18T17:59:55.536+0000] {taskinstance.py:430} INFO - ::endgroup::
[2024-11-18T17:59:55.547+0000] {base.py:84} INFO - Using connection ID 'spark_default' for task execution.
[2024-11-18T17:59:55.548+0000] {spark_submit.py:473} INFO - Spark-Submit cmd: spark-submit --master spark://spark:7077 --name arrow-spark --deploy-mode client /opt/***/dags/spark_job.py
[2024-11-18T18:00:00.257+0000] {spark_submit.py:634} INFO - 24/11/18 18:00:00 INFO SparkContext: Running Spark version 3.5.3
[2024-11-18T18:00:00.263+0000] {spark_submit.py:634} INFO - 24/11/18 18:00:00 INFO SparkContext: OS info Linux, 5.15.153.1-microsoft-standard-WSL2, amd64
[2024-11-18T18:00:00.265+0000] {spark_submit.py:634} INFO - 24/11/18 18:00:00 INFO SparkContext: Java version 17.0.12
[2024-11-18T18:00:00.487+0000] {spark_submit.py:634} INFO - 24/11/18 18:00:00 WARN NativeCodeLoader: Unable to load native-hadoop library for your platform... using builtin-java classes where applicable
[2024-11-18T18:00:00.758+0000] {spark_submit.py:634} INFO - 24/11/18 18:00:00 INFO ResourceUtils: ==============================================================
[2024-11-18T18:00:00.759+0000] {spark_submit.py:634} INFO - 24/11/18 18:00:00 INFO ResourceUtils: No custom resources configured for spark.driver.
[2024-11-18T18:00:00.760+0000] {spark_submit.py:634} INFO - 24/11/18 18:00:00 INFO ResourceUtils: ==============================================================
[2024-11-18T18:00:00.761+0000] {spark_submit.py:634} INFO - 24/11/18 18:00:00 INFO SparkContext: Submitted application: Airflow Spark Job
[2024-11-18T18:00:00.787+0000] {spark_submit.py:634} INFO - 24/11/18 18:00:00 INFO ResourceProfile: Default ResourceProfile created, executor resources: Map(memory -> name: memory, amount: 1024, script: , vendor: , offHeap -> name: offHeap, amount: 0, script: , vendor: ), task resources: Map(cpus -> name: cpus, amount: 1.0)
[2024-11-18T18:00:00.795+0000] {spark_submit.py:634} INFO - 24/11/18 18:00:00 INFO ResourceProfile: Limiting resource is cpu
[2024-11-18T18:00:00.801+0000] {spark_submit.py:634} INFO - 24/11/18 18:00:00 INFO ResourceProfileManager: Added ResourceProfile id: 0
[2024-11-18T18:00:00.919+0000] {spark_submit.py:634} INFO - 24/11/18 18:00:00 INFO SecurityManager: Changing view acls to: ***
[2024-11-18T18:00:00.924+0000] {spark_submit.py:634} INFO - 24/11/18 18:00:00 INFO SecurityManager: Changing modify acls to: ***
[2024-11-18T18:00:00.931+0000] {spark_submit.py:634} INFO - 24/11/18 18:00:00 INFO SecurityManager: Changing view acls groups to:
[2024-11-18T18:00:00.933+0000] {spark_submit.py:634} INFO - 24/11/18 18:00:00 INFO SecurityManager: Changing modify acls groups to:
[2024-11-18T18:00:00.934+0000] {spark_submit.py:634} INFO - 24/11/18 18:00:00 INFO SecurityManager: SecurityManager: authentication disabled; ui acls disabled; users with view permissions: ***; groups with view permissions: EMPTY; users with modify permissions: ***; groups with modify permissions: EMPTY
[2024-11-18T18:00:01.850+0000] {spark_submit.py:634} INFO - 24/11/18 18:00:01 INFO Utils: Successfully started service 'sparkDriver' on port 33823.
[2024-11-18T18:00:01.949+0000] {spark_submit.py:634} INFO - 24/11/18 18:00:01 INFO SparkEnv: Registering MapOutputTracker
[2024-11-18T18:00:02.128+0000] {spark_submit.py:634} INFO - 24/11/18 18:00:02 INFO SparkEnv: Registering BlockManagerMaster
[2024-11-18T18:00:02.193+0000] {spark_submit.py:634} INFO - 24/11/18 18:00:02 INFO BlockManagerMasterEndpoint: Using org.apache.spark.storage.DefaultTopologyMapper for getting topology information
[2024-11-18T18:00:02.195+0000] {spark_submit.py:634} INFO - 24/11/18 18:00:02 INFO BlockManagerMasterEndpoint: BlockManagerMasterEndpoint up
[2024-11-18T18:00:02.208+0000] {spark_submit.py:634} INFO - 24/11/18 18:00:02 INFO SparkEnv: Registering BlockManagerMasterHeartbeat
[2024-11-18T18:00:02.267+0000] {spark_submit.py:634} INFO - 24/11/18 18:00:02 INFO DiskBlockManager: Created local directory at /tmp/blockmgr-c8b3a8e1-0022-4aad-a728-e3ead633b85f
[2024-11-18T18:00:02.295+0000] {spark_submit.py:634} INFO - 24/11/18 18:00:02 INFO MemoryStore: MemoryStore started with capacity 434.4 MiB
[2024-11-18T18:00:02.323+0000] {spark_submit.py:634} INFO - 24/11/18 18:00:02 INFO SparkEnv: Registering OutputCommitCoordinator
[2024-11-18T18:00:02.559+0000] {spark_submit.py:634} INFO - 24/11/18 18:00:02 INFO JettyUtils: Start Jetty 0.0.0.0:4040 for SparkUI
[2024-11-18T18:00:02.849+0000] {spark_submit.py:634} INFO - 24/11/18 18:00:02 INFO Utils: Successfully started service 'SparkUI' on port 4040.
[2024-11-18T18:00:03.133+0000] {spark_submit.py:634} INFO - 24/11/18 18:00:03 INFO StandaloneAppClient$ClientEndpoint: Connecting to master spark://spark:7077...
[2024-11-18T18:00:03.218+0000] {spark_submit.py:634} INFO - 24/11/18 18:00:03 INFO TransportClientFactory: Successfully created connection to spark/172.19.0.8:7077 after 46 ms (0 ms spent in bootstraps)
[2024-11-18T18:00:03.340+0000] {spark_submit.py:634} INFO - 24/11/18 18:00:03 INFO StandaloneSchedulerBackend: Connected to Spark cluster with app ID app-20241118180003-0012
[2024-11-18T18:00:03.349+0000] {spark_submit.py:634} INFO - 24/11/18 18:00:03 INFO StandaloneAppClient$ClientEndpoint: Executor added: app-20241118180003-0012/0 on worker-20241118175528-172.19.0.10-35337 (172.19.0.10:35337) with 1 core(s)
[2024-11-18T18:00:03.353+0000] {spark_submit.py:634} INFO - 24/11/18 18:00:03 INFO Utils: Successfully started service 'org.apache.spark.network.netty.NettyBlockTransferService' on port 36965.
[2024-11-18T18:00:03.354+0000] {spark_submit.py:634} INFO - 24/11/18 18:00:03 INFO StandaloneSchedulerBackend: Granted executor ID app-20241118180003-0012/0 on hostPort 172.19.0.10:35337 with 1 core(s), 1024.0 MiB RAM
[2024-11-18T18:00:03.355+0000] {spark_submit.py:634} INFO - 24/11/18 18:00:03 INFO NettyBlockTransferService: Server created on 3fa30a842a1c:36965
[2024-11-18T18:00:03.355+0000] {spark_submit.py:634} INFO - 24/11/18 18:00:03 INFO StandaloneAppClient$ClientEndpoint: Executor added: app-20241118180003-0012/1 on worker-20241118175528-172.19.0.6-33793 (172.19.0.6:33793) with 1 core(s)
[2024-11-18T18:00:03.356+0000] {spark_submit.py:634} INFO - 24/11/18 18:00:03 INFO StandaloneSchedulerBackend: Granted executor ID app-20241118180003-0012/1 on hostPort 172.19.0.6:33793 with 1 core(s), 1024.0 MiB RAM
[2024-11-18T18:00:03.356+0000] {spark_submit.py:634} INFO - 24/11/18 18:00:03 INFO BlockManager: Using org.apache.spark.storage.RandomBlockReplicationPolicy for block replication policy
[2024-11-18T18:00:03.369+0000] {spark_submit.py:634} INFO - 24/11/18 18:00:03 INFO BlockManagerMaster: Registering BlockManager BlockManagerId(driver, 3fa30a842a1c, 36965, None)
[2024-11-18T18:00:03.375+0000] {spark_submit.py:634} INFO - 24/11/18 18:00:03 INFO BlockManagerMasterEndpoint: Registering block manager 3fa30a842a1c:36965 with 434.4 MiB RAM, BlockManagerId(driver, 3fa30a842a1c, 36965, None)
[2024-11-18T18:00:03.382+0000] {spark_submit.py:634} INFO - 24/11/18 18:00:03 INFO BlockManagerMaster: Registered BlockManager BlockManagerId(driver, 3fa30a842a1c, 36965, None)
[2024-11-18T18:00:03.384+0000] {spark_submit.py:634} INFO - 24/11/18 18:00:03 INFO BlockManager: Initialized BlockManager: BlockManagerId(driver, 3fa30a842a1c, 36965, None)
[2024-11-18T18:00:03.390+0000] {spark_submit.py:634} INFO - 24/11/18 18:00:03 INFO StandaloneAppClient$ClientEndpoint: Executor updated: app-20241118180003-0012/0 is now RUNNING
[2024-11-18T18:00:03.394+0000] {spark_submit.py:634} INFO - 24/11/18 18:00:03 INFO StandaloneAppClient$ClientEndpoint: Executor updated: app-20241118180003-0012/1 is now RUNNING
[2024-11-18T18:00:04.032+0000] {spark_submit.py:634} INFO - 24/11/18 18:00:04 INFO StandaloneSchedulerBackend: SchedulerBackend is ready for scheduling beginning after reached minRegisteredResourcesRatio: 0.0
[2024-11-18T18:00:05.763+0000] {spark_submit.py:634} INFO - 24/11/18 18:00:05 INFO SharedState: Setting hive.metastore.warehouse.dir ('null') to the value of spark.sql.warehouse.dir.
[2024-11-18T18:00:05.776+0000] {spark_submit.py:634} INFO - 24/11/18 18:00:05 INFO SharedState: Warehouse path is 'file:/app/spark-warehouse'.
[2024-11-18T18:00:08.093+0000] {spark_submit.py:634} INFO - 24/11/18 18:00:08 INFO StandaloneSchedulerBackend$StandaloneDriverEndpoint: Registered executor NettyRpcEndpointRef(spark-client://Executor) (172.19.0.10:40500) with ID 0,  ResourceProfileId 0
[2024-11-18T18:00:08.199+0000] {spark_submit.py:634} INFO - 24/11/18 18:00:08 INFO StandaloneSchedulerBackend$StandaloneDriverEndpoint: Registered executor NettyRpcEndpointRef(spark-client://Executor) (172.19.0.6:40136) with ID 1,  ResourceProfileId 0
[2024-11-18T18:00:08.377+0000] {spark_submit.py:634} INFO - 24/11/18 18:00:08 INFO BlockManagerMasterEndpoint: Registering block manager 172.19.0.6:40679 with 434.4 MiB RAM, BlockManagerId(1, 172.19.0.6, 40679, None)
[2024-11-18T18:00:08.390+0000] {spark_submit.py:634} INFO - 24/11/18 18:00:08 INFO BlockManagerMasterEndpoint: Registering block manager 172.19.0.10:40837 with 434.4 MiB RAM, BlockManagerId(0, 172.19.0.10, 40837, None)
[2024-11-18T18:00:11.625+0000] {spark_submit.py:634} INFO - 24/11/18 18:00:11 INFO CodeGenerator: Code generated in 601.938149 ms
[2024-11-18T18:00:11.758+0000] {spark_submit.py:634} INFO - 24/11/18 18:00:11 INFO SparkContext: Starting job: showString at NativeMethodAccessorImpl.java:0
[2024-11-18T18:00:11.806+0000] {spark_submit.py:634} INFO - 24/11/18 18:00:11 INFO DAGScheduler: Got job 0 (showString at NativeMethodAccessorImpl.java:0) with 1 output partitions
[2024-11-18T18:00:11.816+0000] {spark_submit.py:634} INFO - 24/11/18 18:00:11 INFO DAGScheduler: Final stage: ResultStage 0 (showString at NativeMethodAccessorImpl.java:0)
[2024-11-18T18:00:11.827+0000] {spark_submit.py:634} INFO - 24/11/18 18:00:11 INFO DAGScheduler: Parents of final stage: List()
[2024-11-18T18:00:11.830+0000] {spark_submit.py:634} INFO - 24/11/18 18:00:11 INFO DAGScheduler: Missing parents: List()
[2024-11-18T18:00:11.843+0000] {spark_submit.py:634} INFO - 24/11/18 18:00:11 INFO DAGScheduler: Submitting ResultStage 0 (MapPartitionsRDD[6] at showString at NativeMethodAccessorImpl.java:0), which has no missing parents
[2024-11-18T18:00:12.256+0000] {spark_submit.py:634} INFO - 24/11/18 18:00:12 INFO MemoryStore: Block broadcast_0 stored as values in memory (estimated size 13.1 KiB, free 434.4 MiB)
[2024-11-18T18:00:12.380+0000] {spark_submit.py:634} INFO - 24/11/18 18:00:12 INFO MemoryStore: Block broadcast_0_piece0 stored as bytes in memory (estimated size 6.8 KiB, free 434.4 MiB)
[2024-11-18T18:00:12.435+0000] {spark_submit.py:634} INFO - 24/11/18 18:00:12 INFO BlockManagerInfo: Added broadcast_0_piece0 in memory on 3fa30a842a1c:36965 (size: 6.8 KiB, free: 434.4 MiB)
[2024-11-18T18:00:12.451+0000] {spark_submit.py:634} INFO - 24/11/18 18:00:12 INFO SparkContext: Created broadcast 0 from broadcast at DAGScheduler.scala:1585
[2024-11-18T18:00:12.492+0000] {spark_submit.py:634} INFO - 24/11/18 18:00:12 INFO DAGScheduler: Submitting 1 missing tasks from ResultStage 0 (MapPartitionsRDD[6] at showString at NativeMethodAccessorImpl.java:0) (first 15 tasks are for partitions Vector(0))
[2024-11-18T18:00:12.494+0000] {spark_submit.py:634} INFO - 24/11/18 18:00:12 INFO TaskSchedulerImpl: Adding task set 0.0 with 1 tasks resource profile 0
[2024-11-18T18:00:12.632+0000] {spark_submit.py:634} INFO - 24/11/18 18:00:12 INFO TaskSetManager: Starting task 0.0 in stage 0.0 (TID 0) (172.19.0.10, executor 0, partition 0, PROCESS_LOCAL, 9122 bytes)
[2024-11-18T18:00:12.992+0000] {spark_submit.py:634} INFO - 24/11/18 18:00:12 WARN TaskSetManager: Lost task 0.0 in stage 0.0 (TID 0) (172.19.0.10 executor 0): java.io.InvalidClassException: org.apache.spark.scheduler.Task; local class incompatible: stream classdesc serialVersionUID = -6188971942555435033, local class serialVersionUID = 553100815431272095
[2024-11-18T18:00:12.993+0000] {spark_submit.py:634} INFO - at java.base/java.io.ObjectStreamClass.initNonProxy(ObjectStreamClass.java:597)
[2024-11-18T18:00:12.995+0000] {spark_submit.py:634} INFO - at java.base/java.io.ObjectInputStream.readNonProxyDesc(ObjectInputStream.java:2051)
[2024-11-18T18:00:13.000+0000] {spark_submit.py:634} INFO - at java.base/java.io.ObjectInputStream.readClassDesc(ObjectInputStream.java:1898)
[2024-11-18T18:00:13.000+0000] {spark_submit.py:634} INFO - at java.base/java.io.ObjectInputStream.readNonProxyDesc(ObjectInputStream.java:2051)
[2024-11-18T18:00:13.004+0000] {spark_submit.py:634} INFO - at java.base/java.io.ObjectInputStream.readClassDesc(ObjectInputStream.java:1898)
[2024-11-18T18:00:13.004+0000] {spark_submit.py:634} INFO - at java.base/java.io.ObjectInputStream.readOrdinaryObject(ObjectInputStream.java:2224)
[2024-11-18T18:00:13.005+0000] {spark_submit.py:634} INFO - at java.base/java.io.ObjectInputStream.readObject0(ObjectInputStream.java:1733)
[2024-11-18T18:00:13.005+0000] {spark_submit.py:634} INFO - at java.base/java.io.ObjectInputStream.readObject(ObjectInputStream.java:509)
[2024-11-18T18:00:13.006+0000] {spark_submit.py:634} INFO - at java.base/java.io.ObjectInputStream.readObject(ObjectInputStream.java:467)
[2024-11-18T18:00:13.007+0000] {spark_submit.py:634} INFO - at org.apache.spark.serializer.JavaDeserializationStream.readObject(JavaSerializer.scala:87)
[2024-11-18T18:00:13.009+0000] {spark_submit.py:634} INFO - at org.apache.spark.serializer.JavaSerializerInstance.deserialize(JavaSerializer.scala:129)
[2024-11-18T18:00:13.010+0000] {spark_submit.py:634} INFO - at org.apache.spark.executor.Executor$TaskRunner.run(Executor.scala:579)
[2024-11-18T18:00:13.011+0000] {spark_submit.py:634} INFO - at java.base/java.util.concurrent.ThreadPoolExecutor.runWorker(ThreadPoolExecutor.java:1136)
[2024-11-18T18:00:13.011+0000] {spark_submit.py:634} INFO - at java.base/java.util.concurrent.ThreadPoolExecutor$Worker.run(ThreadPoolExecutor.java:635)
[2024-11-18T18:00:13.011+0000] {spark_submit.py:634} INFO - at java.base/java.lang.Thread.run(Thread.java:840)
[2024-11-18T18:00:13.012+0000] {spark_submit.py:634} INFO - 
[2024-11-18T18:00:13.012+0000] {spark_submit.py:634} INFO - 24/11/18 18:00:13 INFO TaskSetManager: Starting task 0.1 in stage 0.0 (TID 1) (172.19.0.6, executor 1, partition 0, PROCESS_LOCAL, 9122 bytes)
[2024-11-18T18:00:13.134+0000] {spark_submit.py:634} INFO - 24/11/18 18:00:13 INFO TaskSetManager: Lost task 0.1 in stage 0.0 (TID 1) on 172.19.0.6, executor 1: java.io.InvalidClassException (org.apache.spark.scheduler.Task; local class incompatible: stream classdesc serialVersionUID = -6188971942555435033, local class serialVersionUID = 553100815431272095) [duplicate 1]
[2024-11-18T18:00:13.149+0000] {spark_submit.py:634} INFO - 24/11/18 18:00:13 INFO TaskSetManager: Starting task 0.2 in stage 0.0 (TID 2) (172.19.0.10, executor 0, partition 0, PROCESS_LOCAL, 9122 bytes)
[2024-11-18T18:00:13.202+0000] {spark_submit.py:634} INFO - 24/11/18 18:00:13 INFO TaskSetManager: Lost task 0.2 in stage 0.0 (TID 2) on 172.19.0.10, executor 0: java.io.InvalidClassException (org.apache.spark.scheduler.Task; local class incompatible: stream classdesc serialVersionUID = -6188971942555435033, local class serialVersionUID = 553100815431272095) [duplicate 2]
[2024-11-18T18:00:13.208+0000] {spark_submit.py:634} INFO - 24/11/18 18:00:13 INFO TaskSetManager: Starting task 0.3 in stage 0.0 (TID 3) (172.19.0.6, executor 1, partition 0, PROCESS_LOCAL, 9122 bytes)
[2024-11-18T18:00:13.240+0000] {spark_submit.py:634} INFO - 24/11/18 18:00:13 INFO TaskSetManager: Lost task 0.3 in stage 0.0 (TID 3) on 172.19.0.6, executor 1: java.io.InvalidClassException (org.apache.spark.scheduler.Task; local class incompatible: stream classdesc serialVersionUID = -6188971942555435033, local class serialVersionUID = 553100815431272095) [duplicate 3]
[2024-11-18T18:00:13.244+0000] {spark_submit.py:634} INFO - 24/11/18 18:00:13 ERROR TaskSetManager: Task 0 in stage 0.0 failed 4 times; aborting job
[2024-11-18T18:00:13.247+0000] {spark_submit.py:634} INFO - 24/11/18 18:00:13 INFO TaskSchedulerImpl: Removed TaskSet 0.0, whose tasks have all completed, from pool
[2024-11-18T18:00:13.254+0000] {spark_submit.py:634} INFO - 24/11/18 18:00:13 INFO TaskSchedulerImpl: Cancelling stage 0
[2024-11-18T18:00:13.258+0000] {spark_submit.py:634} INFO - 24/11/18 18:00:13 INFO TaskSchedulerImpl: Killing all running tasks in stage 0: Stage cancelled: Job aborted due to stage failure: Task 0 in stage 0.0 failed 4 times, most recent failure: Lost task 0.3 in stage 0.0 (TID 3) (172.19.0.6 executor 1): java.io.InvalidClassException: org.apache.spark.scheduler.Task; local class incompatible: stream classdesc serialVersionUID = -6188971942555435033, local class serialVersionUID = 553100815431272095
[2024-11-18T18:00:13.264+0000] {spark_submit.py:634} INFO - at java.base/java.io.ObjectStreamClass.initNonProxy(ObjectStreamClass.java:597)
[2024-11-18T18:00:13.265+0000] {spark_submit.py:634} INFO - at java.base/java.io.ObjectInputStream.readNonProxyDesc(ObjectInputStream.java:2051)
[2024-11-18T18:00:13.267+0000] {spark_submit.py:634} INFO - at java.base/java.io.ObjectInputStream.readClassDesc(ObjectInputStream.java:1898)
[2024-11-18T18:00:13.270+0000] {spark_submit.py:634} INFO - at java.base/java.io.ObjectInputStream.readNonProxyDesc(ObjectInputStream.java:2051)
[2024-11-18T18:00:13.274+0000] {spark_submit.py:634} INFO - at java.base/java.io.ObjectInputStream.readClassDesc(ObjectInputStream.java:1898)
[2024-11-18T18:00:13.275+0000] {spark_submit.py:634} INFO - at java.base/java.io.ObjectInputStream.readOrdinaryObject(ObjectInputStream.java:2224)
[2024-11-18T18:00:13.275+0000] {spark_submit.py:634} INFO - at java.base/java.io.ObjectInputStream.readObject0(ObjectInputStream.java:1733)
[2024-11-18T18:00:13.276+0000] {spark_submit.py:634} INFO - at java.base/java.io.ObjectInputStream.readObject(ObjectInputStream.java:509)
[2024-11-18T18:00:13.276+0000] {spark_submit.py:634} INFO - at java.base/java.io.ObjectInputStream.readObject(ObjectInputStream.java:467)
[2024-11-18T18:00:13.279+0000] {spark_submit.py:634} INFO - at org.apache.spark.serializer.JavaDeserializationStream.readObject(JavaSerializer.scala:87)
[2024-11-18T18:00:13.280+0000] {spark_submit.py:634} INFO - at org.apache.spark.serializer.JavaSerializerInstance.deserialize(JavaSerializer.scala:129)
[2024-11-18T18:00:13.281+0000] {spark_submit.py:634} INFO - at org.apache.spark.executor.Executor$TaskRunner.run(Executor.scala:579)
[2024-11-18T18:00:13.282+0000] {spark_submit.py:634} INFO - at java.base/java.util.concurrent.ThreadPoolExecutor.runWorker(ThreadPoolExecutor.java:1136)
[2024-11-18T18:00:13.283+0000] {spark_submit.py:634} INFO - at java.base/java.util.concurrent.ThreadPoolExecutor$Worker.run(ThreadPoolExecutor.java:635)
[2024-11-18T18:00:13.285+0000] {spark_submit.py:634} INFO - at java.base/java.lang.Thread.run(Thread.java:840)
[2024-11-18T18:00:13.288+0000] {spark_submit.py:634} INFO - 
[2024-11-18T18:00:13.289+0000] {spark_submit.py:634} INFO - Driver stacktrace:
[2024-11-18T18:00:13.289+0000] {spark_submit.py:634} INFO - 24/11/18 18:00:13 INFO DAGScheduler: ResultStage 0 (showString at NativeMethodAccessorImpl.java:0) failed in 1.358 s due to Job aborted due to stage failure: Task 0 in stage 0.0 failed 4 times, most recent failure: Lost task 0.3 in stage 0.0 (TID 3) (172.19.0.6 executor 1): java.io.InvalidClassException: org.apache.spark.scheduler.Task; local class incompatible: stream classdesc serialVersionUID = -6188971942555435033, local class serialVersionUID = 553100815431272095
[2024-11-18T18:00:13.290+0000] {spark_submit.py:634} INFO - at java.base/java.io.ObjectStreamClass.initNonProxy(ObjectStreamClass.java:597)
[2024-11-18T18:00:13.293+0000] {spark_submit.py:634} INFO - at java.base/java.io.ObjectInputStream.readNonProxyDesc(ObjectInputStream.java:2051)
[2024-11-18T18:00:13.298+0000] {spark_submit.py:634} INFO - at java.base/java.io.ObjectInputStream.readClassDesc(ObjectInputStream.java:1898)
[2024-11-18T18:00:13.299+0000] {spark_submit.py:634} INFO - at java.base/java.io.ObjectInputStream.readNonProxyDesc(ObjectInputStream.java:2051)
[2024-11-18T18:00:13.305+0000] {spark_submit.py:634} INFO - at java.base/java.io.ObjectInputStream.readClassDesc(ObjectInputStream.java:1898)
[2024-11-18T18:00:13.306+0000] {spark_submit.py:634} INFO - at java.base/java.io.ObjectInputStream.readOrdinaryObject(ObjectInputStream.java:2224)
[2024-11-18T18:00:13.307+0000] {spark_submit.py:634} INFO - at java.base/java.io.ObjectInputStream.readObject0(ObjectInputStream.java:1733)
[2024-11-18T18:00:13.308+0000] {spark_submit.py:634} INFO - at java.base/java.io.ObjectInputStream.readObject(ObjectInputStream.java:509)
[2024-11-18T18:00:13.313+0000] {spark_submit.py:634} INFO - at java.base/java.io.ObjectInputStream.readObject(ObjectInputStream.java:467)
[2024-11-18T18:00:13.314+0000] {spark_submit.py:634} INFO - at org.apache.spark.serializer.JavaDeserializationStream.readObject(JavaSerializer.scala:87)
[2024-11-18T18:00:13.317+0000] {spark_submit.py:634} INFO - at org.apache.spark.serializer.JavaSerializerInstance.deserialize(JavaSerializer.scala:129)
[2024-11-18T18:00:13.318+0000] {spark_submit.py:634} INFO - at org.apache.spark.executor.Executor$TaskRunner.run(Executor.scala:579)
[2024-11-18T18:00:13.319+0000] {spark_submit.py:634} INFO - at java.base/java.util.concurrent.ThreadPoolExecutor.runWorker(ThreadPoolExecutor.java:1136)
[2024-11-18T18:00:13.321+0000] {spark_submit.py:634} INFO - at java.base/java.util.concurrent.ThreadPoolExecutor$Worker.run(ThreadPoolExecutor.java:635)
[2024-11-18T18:00:13.323+0000] {spark_submit.py:634} INFO - at java.base/java.lang.Thread.run(Thread.java:840)
[2024-11-18T18:00:13.327+0000] {spark_submit.py:634} INFO - 
[2024-11-18T18:00:13.331+0000] {spark_submit.py:634} INFO - Driver stacktrace:
[2024-11-18T18:00:13.332+0000] {spark_submit.py:634} INFO - 24/11/18 18:00:13 INFO DAGScheduler: Job 0 failed: showString at NativeMethodAccessorImpl.java:0, took 1.526177 s
[2024-11-18T18:00:13.573+0000] {spark_submit.py:634} INFO - Traceback (most recent call last):
[2024-11-18T18:00:13.574+0000] {spark_submit.py:634} INFO - File "/opt/***/dags/spark_job.py", line 16, in <module>
[2024-11-18T18:00:13.575+0000] {spark_submit.py:634} INFO - df.show()
[2024-11-18T18:00:13.576+0000] {spark_submit.py:634} INFO - File "/home/***/.local/lib/python3.11/site-packages/pyspark/python/lib/pyspark.zip/pyspark/sql/dataframe.py", line 947, in show
[2024-11-18T18:00:13.577+0000] {spark_submit.py:634} INFO - File "/home/***/.local/lib/python3.11/site-packages/pyspark/python/lib/pyspark.zip/pyspark/sql/dataframe.py", line 965, in _show_string
[2024-11-18T18:00:13.577+0000] {spark_submit.py:634} INFO - File "/home/***/.local/lib/python3.11/site-packages/pyspark/python/lib/py4j-0.10.9.7-src.zip/py4j/java_gateway.py", line 1322, in __call__
[2024-11-18T18:00:13.577+0000] {spark_submit.py:634} INFO - File "/home/***/.local/lib/python3.11/site-packages/pyspark/python/lib/pyspark.zip/pyspark/errors/exceptions/captured.py", line 179, in deco
[2024-11-18T18:00:13.578+0000] {spark_submit.py:634} INFO - File "/home/***/.local/lib/python3.11/site-packages/pyspark/python/lib/py4j-0.10.9.7-src.zip/py4j/protocol.py", line 326, in get_return_value
[2024-11-18T18:00:13.580+0000] {spark_submit.py:634} INFO - py4j.protocol.Py4JJavaError: An error occurred while calling o41.showString.
[2024-11-18T18:00:13.581+0000] {spark_submit.py:634} INFO - : org.apache.spark.SparkException: Job aborted due to stage failure: Task 0 in stage 0.0 failed 4 times, most recent failure: Lost task 0.3 in stage 0.0 (TID 3) (172.19.0.6 executor 1): java.io.InvalidClassException: org.apache.spark.scheduler.Task; local class incompatible: stream classdesc serialVersionUID = -6188971942555435033, local class serialVersionUID = 553100815431272095
[2024-11-18T18:00:13.581+0000] {spark_submit.py:634} INFO - at java.base/java.io.ObjectStreamClass.initNonProxy(ObjectStreamClass.java:597)
[2024-11-18T18:00:13.582+0000] {spark_submit.py:634} INFO - at java.base/java.io.ObjectInputStream.readNonProxyDesc(ObjectInputStream.java:2051)
[2024-11-18T18:00:13.582+0000] {spark_submit.py:634} INFO - at java.base/java.io.ObjectInputStream.readClassDesc(ObjectInputStream.java:1898)
[2024-11-18T18:00:13.584+0000] {spark_submit.py:634} INFO - at java.base/java.io.ObjectInputStream.readNonProxyDesc(ObjectInputStream.java:2051)
[2024-11-18T18:00:13.585+0000] {spark_submit.py:634} INFO - at java.base/java.io.ObjectInputStream.readClassDesc(ObjectInputStream.java:1898)
[2024-11-18T18:00:13.586+0000] {spark_submit.py:634} INFO - at java.base/java.io.ObjectInputStream.readOrdinaryObject(ObjectInputStream.java:2224)
[2024-11-18T18:00:13.587+0000] {spark_submit.py:634} INFO - at java.base/java.io.ObjectInputStream.readObject0(ObjectInputStream.java:1733)
[2024-11-18T18:00:13.587+0000] {spark_submit.py:634} INFO - at java.base/java.io.ObjectInputStream.readObject(ObjectInputStream.java:509)
[2024-11-18T18:00:13.588+0000] {spark_submit.py:634} INFO - at java.base/java.io.ObjectInputStream.readObject(ObjectInputStream.java:467)
[2024-11-18T18:00:13.588+0000] {spark_submit.py:634} INFO - at org.apache.spark.serializer.JavaDeserializationStream.readObject(JavaSerializer.scala:87)
[2024-11-18T18:00:13.589+0000] {spark_submit.py:634} INFO - at org.apache.spark.serializer.JavaSerializerInstance.deserialize(JavaSerializer.scala:129)
[2024-11-18T18:00:13.589+0000] {spark_submit.py:634} INFO - at org.apache.spark.executor.Executor$TaskRunner.run(Executor.scala:579)
[2024-11-18T18:00:13.589+0000] {spark_submit.py:634} INFO - at java.base/java.util.concurrent.ThreadPoolExecutor.runWorker(ThreadPoolExecutor.java:1136)
[2024-11-18T18:00:13.590+0000] {spark_submit.py:634} INFO - at java.base/java.util.concurrent.ThreadPoolExecutor$Worker.run(ThreadPoolExecutor.java:635)
[2024-11-18T18:00:13.590+0000] {spark_submit.py:634} INFO - at java.base/java.lang.Thread.run(Thread.java:840)
[2024-11-18T18:00:13.591+0000] {spark_submit.py:634} INFO - 
[2024-11-18T18:00:13.591+0000] {spark_submit.py:634} INFO - Driver stacktrace:
[2024-11-18T18:00:13.593+0000] {spark_submit.py:634} INFO - at org.apache.spark.scheduler.DAGScheduler.failJobAndIndependentStages(DAGScheduler.scala:2856)
[2024-11-18T18:00:13.619+0000] {spark_submit.py:634} INFO - at org.apache.spark.scheduler.DAGScheduler.$anonfun$abortStage$2(DAGScheduler.scala:2792)
[2024-11-18T18:00:13.620+0000] {spark_submit.py:634} INFO - at org.apache.spark.scheduler.DAGScheduler.$anonfun$abortStage$2$adapted(DAGScheduler.scala:2791)
[2024-11-18T18:00:13.620+0000] {spark_submit.py:634} INFO - at scala.collection.mutable.ResizableArray.foreach(ResizableArray.scala:62)
[2024-11-18T18:00:13.621+0000] {spark_submit.py:634} INFO - at scala.collection.mutable.ResizableArray.foreach$(ResizableArray.scala:55)
[2024-11-18T18:00:13.622+0000] {spark_submit.py:634} INFO - at scala.collection.mutable.ArrayBuffer.foreach(ArrayBuffer.scala:49)
[2024-11-18T18:00:13.622+0000] {spark_submit.py:634} INFO - at org.apache.spark.scheduler.DAGScheduler.abortStage(DAGScheduler.scala:2791)
[2024-11-18T18:00:13.623+0000] {spark_submit.py:634} INFO - at org.apache.spark.scheduler.DAGScheduler.$anonfun$handleTaskSetFailed$1(DAGScheduler.scala:1247)
[2024-11-18T18:00:13.623+0000] {spark_submit.py:634} INFO - at org.apache.spark.scheduler.DAGScheduler.$anonfun$handleTaskSetFailed$1$adapted(DAGScheduler.scala:1247)
[2024-11-18T18:00:13.623+0000] {spark_submit.py:634} INFO - at scala.Option.foreach(Option.scala:407)
[2024-11-18T18:00:13.624+0000] {spark_submit.py:634} INFO - at org.apache.spark.scheduler.DAGScheduler.handleTaskSetFailed(DAGScheduler.scala:1247)
[2024-11-18T18:00:13.624+0000] {spark_submit.py:634} INFO - at org.apache.spark.scheduler.DAGSchedulerEventProcessLoop.doOnReceive(DAGScheduler.scala:3060)
[2024-11-18T18:00:13.624+0000] {spark_submit.py:634} INFO - at org.apache.spark.scheduler.DAGSchedulerEventProcessLoop.onReceive(DAGScheduler.scala:2994)
[2024-11-18T18:00:13.624+0000] {spark_submit.py:634} INFO - at org.apache.spark.scheduler.DAGSchedulerEventProcessLoop.onReceive(DAGScheduler.scala:2983)
[2024-11-18T18:00:13.625+0000] {spark_submit.py:634} INFO - at org.apache.spark.util.EventLoop$$anon$1.run(EventLoop.scala:49)
[2024-11-18T18:00:13.625+0000] {spark_submit.py:634} INFO - at org.apache.spark.scheduler.DAGScheduler.runJob(DAGScheduler.scala:989)
[2024-11-18T18:00:13.625+0000] {spark_submit.py:634} INFO - at org.apache.spark.SparkContext.runJob(SparkContext.scala:2393)
[2024-11-18T18:00:13.626+0000] {spark_submit.py:634} INFO - at org.apache.spark.SparkContext.runJob(SparkContext.scala:2414)
[2024-11-18T18:00:13.626+0000] {spark_submit.py:634} INFO - at org.apache.spark.SparkContext.runJob(SparkContext.scala:2433)
[2024-11-18T18:00:13.627+0000] {spark_submit.py:634} INFO - at org.apache.spark.sql.execution.SparkPlan.executeTake(SparkPlan.scala:530)
[2024-11-18T18:00:13.627+0000] {spark_submit.py:634} INFO - at org.apache.spark.sql.execution.SparkPlan.executeTake(SparkPlan.scala:483)
[2024-11-18T18:00:13.628+0000] {spark_submit.py:634} INFO - at org.apache.spark.sql.execution.CollectLimitExec.executeCollect(limit.scala:61)
[2024-11-18T18:00:13.628+0000] {spark_submit.py:634} INFO - at org.apache.spark.sql.Dataset.collectFromPlan(Dataset.scala:4333)
[2024-11-18T18:00:13.629+0000] {spark_submit.py:634} INFO - at org.apache.spark.sql.Dataset.$anonfun$head$1(Dataset.scala:3316)
[2024-11-18T18:00:13.629+0000] {spark_submit.py:634} INFO - at org.apache.spark.sql.Dataset.$anonfun$withAction$2(Dataset.scala:4323)
[2024-11-18T18:00:13.630+0000] {spark_submit.py:634} INFO - at org.apache.spark.sql.execution.QueryExecution$.withInternalError(QueryExecution.scala:546)
[2024-11-18T18:00:13.630+0000] {spark_submit.py:634} INFO - at org.apache.spark.sql.Dataset.$anonfun$withAction$1(Dataset.scala:4321)
[2024-11-18T18:00:13.630+0000] {spark_submit.py:634} INFO - at org.apache.spark.sql.execution.SQLExecution$.$anonfun$withNewExecutionId$6(SQLExecution.scala:125)
[2024-11-18T18:00:13.631+0000] {spark_submit.py:634} INFO - at org.apache.spark.sql.execution.SQLExecution$.withSQLConfPropagated(SQLExecution.scala:201)
[2024-11-18T18:00:13.632+0000] {spark_submit.py:634} INFO - at org.apache.spark.sql.execution.SQLExecution$.$anonfun$withNewExecutionId$1(SQLExecution.scala:108)
[2024-11-18T18:00:13.633+0000] {spark_submit.py:634} INFO - at org.apache.spark.sql.SparkSession.withActive(SparkSession.scala:900)
[2024-11-18T18:00:13.634+0000] {spark_submit.py:634} INFO - at org.apache.spark.sql.execution.SQLExecution$.withNewExecutionId(SQLExecution.scala:66)
[2024-11-18T18:00:13.634+0000] {spark_submit.py:634} INFO - at org.apache.spark.sql.Dataset.withAction(Dataset.scala:4321)
[2024-11-18T18:00:13.635+0000] {spark_submit.py:634} INFO - at org.apache.spark.sql.Dataset.head(Dataset.scala:3316)
[2024-11-18T18:00:13.635+0000] {spark_submit.py:634} INFO - at org.apache.spark.sql.Dataset.take(Dataset.scala:3539)
[2024-11-18T18:00:13.635+0000] {spark_submit.py:634} INFO - at org.apache.spark.sql.Dataset.getRows(Dataset.scala:280)
[2024-11-18T18:00:13.636+0000] {spark_submit.py:634} INFO - at org.apache.spark.sql.Dataset.showString(Dataset.scala:315)
[2024-11-18T18:00:13.637+0000] {spark_submit.py:634} INFO - at java.base/jdk.internal.reflect.NativeMethodAccessorImpl.invoke0(Native Method)
[2024-11-18T18:00:13.638+0000] {spark_submit.py:634} INFO - at java.base/jdk.internal.reflect.NativeMethodAccessorImpl.invoke(NativeMethodAccessorImpl.java:77)
[2024-11-18T18:00:13.638+0000] {spark_submit.py:634} INFO - at java.base/jdk.internal.reflect.DelegatingMethodAccessorImpl.invoke(DelegatingMethodAccessorImpl.java:43)
[2024-11-18T18:00:13.638+0000] {spark_submit.py:634} INFO - at java.base/java.lang.reflect.Method.invoke(Method.java:569)
[2024-11-18T18:00:13.639+0000] {spark_submit.py:634} INFO - at py4j.reflection.MethodInvoker.invoke(MethodInvoker.java:244)
[2024-11-18T18:00:13.640+0000] {spark_submit.py:634} INFO - at py4j.reflection.ReflectionEngine.invoke(ReflectionEngine.java:374)
[2024-11-18T18:00:13.640+0000] {spark_submit.py:634} INFO - at py4j.Gateway.invoke(Gateway.java:282)
[2024-11-18T18:00:13.641+0000] {spark_submit.py:634} INFO - at py4j.commands.AbstractCommand.invokeMethod(AbstractCommand.java:132)
[2024-11-18T18:00:13.642+0000] {spark_submit.py:634} INFO - at py4j.commands.CallCommand.execute(CallCommand.java:79)
[2024-11-18T18:00:13.642+0000] {spark_submit.py:634} INFO - at py4j.ClientServerConnection.waitForCommands(ClientServerConnection.java:182)
[2024-11-18T18:00:13.642+0000] {spark_submit.py:634} INFO - at py4j.ClientServerConnection.run(ClientServerConnection.java:106)
[2024-11-18T18:00:13.643+0000] {spark_submit.py:634} INFO - at java.base/java.lang.Thread.run(Thread.java:840)
[2024-11-18T18:00:13.643+0000] {spark_submit.py:634} INFO - Caused by: java.io.InvalidClassException: org.apache.spark.scheduler.Task; local class incompatible: stream classdesc serialVersionUID = -6188971942555435033, local class serialVersionUID = 553100815431272095
[2024-11-18T18:00:13.644+0000] {spark_submit.py:634} INFO - at java.base/java.io.ObjectStreamClass.initNonProxy(ObjectStreamClass.java:597)
[2024-11-18T18:00:13.644+0000] {spark_submit.py:634} INFO - at java.base/java.io.ObjectInputStream.readNonProxyDesc(ObjectInputStream.java:2051)
[2024-11-18T18:00:13.644+0000] {spark_submit.py:634} INFO - at java.base/java.io.ObjectInputStream.readClassDesc(ObjectInputStream.java:1898)
[2024-11-18T18:00:13.644+0000] {spark_submit.py:634} INFO - at java.base/java.io.ObjectInputStream.readNonProxyDesc(ObjectInputStream.java:2051)
[2024-11-18T18:00:13.645+0000] {spark_submit.py:634} INFO - at java.base/java.io.ObjectInputStream.readClassDesc(ObjectInputStream.java:1898)
[2024-11-18T18:00:13.645+0000] {spark_submit.py:634} INFO - at java.base/java.io.ObjectInputStream.readOrdinaryObject(ObjectInputStream.java:2224)
[2024-11-18T18:00:13.645+0000] {spark_submit.py:634} INFO - at java.base/java.io.ObjectInputStream.readObject0(ObjectInputStream.java:1733)
[2024-11-18T18:00:13.646+0000] {spark_submit.py:634} INFO - at java.base/java.io.ObjectInputStream.readObject(ObjectInputStream.java:509)
[2024-11-18T18:00:13.646+0000] {spark_submit.py:634} INFO - at java.base/java.io.ObjectInputStream.readObject(ObjectInputStream.java:467)
[2024-11-18T18:00:13.647+0000] {spark_submit.py:634} INFO - at org.apache.spark.serializer.JavaDeserializationStream.readObject(JavaSerializer.scala:87)
[2024-11-18T18:00:13.647+0000] {spark_submit.py:634} INFO - at org.apache.spark.serializer.JavaSerializerInstance.deserialize(JavaSerializer.scala:129)
[2024-11-18T18:00:13.648+0000] {spark_submit.py:634} INFO - at org.apache.spark.executor.Executor$TaskRunner.run(Executor.scala:579)
[2024-11-18T18:00:13.648+0000] {spark_submit.py:634} INFO - at java.base/java.util.concurrent.ThreadPoolExecutor.runWorker(ThreadPoolExecutor.java:1136)
[2024-11-18T18:00:13.648+0000] {spark_submit.py:634} INFO - at java.base/java.util.concurrent.ThreadPoolExecutor$Worker.run(ThreadPoolExecutor.java:635)
[2024-11-18T18:00:13.649+0000] {spark_submit.py:634} INFO - ... 1 more
[2024-11-18T18:00:13.649+0000] {spark_submit.py:634} INFO - 
[2024-11-18T18:00:13.800+0000] {spark_submit.py:634} INFO - 24/11/18 18:00:13 INFO SparkContext: Invoking stop() from shutdown hook
[2024-11-18T18:00:13.802+0000] {spark_submit.py:634} INFO - 24/11/18 18:00:13 INFO SparkContext: SparkContext is stopping with exitCode 0.
[2024-11-18T18:00:13.824+0000] {spark_submit.py:634} INFO - 24/11/18 18:00:13 INFO SparkUI: Stopped Spark web UI at http://3fa30a842a1c:4040
[2024-11-18T18:00:13.829+0000] {spark_submit.py:634} INFO - 24/11/18 18:00:13 INFO StandaloneSchedulerBackend: Shutting down all executors
[2024-11-18T18:00:13.830+0000] {spark_submit.py:634} INFO - 24/11/18 18:00:13 INFO StandaloneSchedulerBackend$StandaloneDriverEndpoint: Asking each executor to shut down
[2024-11-18T18:00:13.874+0000] {spark_submit.py:634} INFO - 24/11/18 18:00:13 INFO MapOutputTrackerMasterEndpoint: MapOutputTrackerMasterEndpoint stopped!
[2024-11-18T18:00:13.941+0000] {spark_submit.py:634} INFO - 24/11/18 18:00:13 INFO MemoryStore: MemoryStore cleared
[2024-11-18T18:00:13.942+0000] {spark_submit.py:634} INFO - 24/11/18 18:00:13 INFO BlockManager: BlockManager stopped
[2024-11-18T18:00:13.960+0000] {spark_submit.py:634} INFO - 24/11/18 18:00:13 INFO BlockManagerMaster: BlockManagerMaster stopped
[2024-11-18T18:00:13.965+0000] {spark_submit.py:634} INFO - 24/11/18 18:00:13 INFO OutputCommitCoordinator$OutputCommitCoordinatorEndpoint: OutputCommitCoordinator stopped!
[2024-11-18T18:00:14.025+0000] {spark_submit.py:634} INFO - 24/11/18 18:00:14 INFO SparkContext: Successfully stopped SparkContext
[2024-11-18T18:00:14.030+0000] {spark_submit.py:634} INFO - 24/11/18 18:00:14 INFO ShutdownHookManager: Shutdown hook called
[2024-11-18T18:00:14.031+0000] {spark_submit.py:634} INFO - 24/11/18 18:00:14 INFO ShutdownHookManager: Deleting directory /tmp/spark-47f1769d-b3a3-4cb7-b22a-8052e0be3684
[2024-11-18T18:00:14.043+0000] {spark_submit.py:634} INFO - 24/11/18 18:00:14 INFO ShutdownHookManager: Deleting directory /tmp/spark-47f1769d-b3a3-4cb7-b22a-8052e0be3684/pyspark-a0307231-60b6-4e4c-895c-76ff6398bb24
[2024-11-18T18:00:14.056+0000] {spark_submit.py:634} INFO - 24/11/18 18:00:14 INFO ShutdownHookManager: Deleting directory /tmp/spark-400b7ff9-8a92-4d97-ac1e-b4777be020c0
[2024-11-18T18:00:14.137+0000] {taskinstance.py:441} INFO - ::group::Post task execution logs
[2024-11-18T18:00:14.165+0000] {taskinstance.py:2905} ERROR - Task failed with exception
Traceback (most recent call last):
  File "/home/airflow/.local/lib/python3.11/site-packages/airflow/models/taskinstance.py", line 465, in _execute_task
    result = _execute_callable(context=context, **execute_callable_kwargs)
             ^^^^^^^^^^^^^^^^^^^^^^^^^^^^^^^^^^^^^^^^^^^^^^^^^^^^^^^^^^^^^
  File "/home/airflow/.local/lib/python3.11/site-packages/airflow/models/taskinstance.py", line 432, in _execute_callable
    return execute_callable(context=context, **execute_callable_kwargs)
           ^^^^^^^^^^^^^^^^^^^^^^^^^^^^^^^^^^^^^^^^^^^^^^^^^^^^^^^^^^^^
  File "/home/airflow/.local/lib/python3.11/site-packages/airflow/models/baseoperator.py", line 401, in wrapper
    return func(self, *args, **kwargs)
           ^^^^^^^^^^^^^^^^^^^^^^^^^^^
  File "/home/airflow/.local/lib/python3.11/site-packages/airflow/providers/apache/spark/operators/spark_submit.py", line 176, in execute
    self._hook.submit(self.application)
  File "/home/airflow/.local/lib/python3.11/site-packages/airflow/providers/apache/spark/hooks/spark_submit.py", line 560, in submit
    raise AirflowException(
airflow.exceptions.AirflowException: Cannot execute: spark-submit --master spark://spark:7077 --name arrow-spark --deploy-mode client /opt/***/dags/spark_job.py. Error code is: 1.
[2024-11-18T18:00:14.181+0000] {taskinstance.py:1206} INFO - Marking task as FAILED. dag_id=spark_dag, task_id=spark_job, run_id=scheduled__2024-11-02T00:00:00+00:00, execution_date=20241102T000000, start_date=20241118T175955, end_date=20241118T180014
[2024-11-18T18:00:14.222+0000] {standard_task_runner.py:110} ERROR - Failed to execute job 673 for task spark_job (Cannot execute: spark-submit --master spark://spark:7077 --name arrow-spark --deploy-mode client /opt/***/dags/spark_job.py. Error code is: 1.; 4334)
[2024-11-18T18:00:14.268+0000] {local_task_job_runner.py:243} INFO - Task exited with return code 1
[2024-11-18T18:00:14.337+0000] {taskinstance.py:3503} INFO - 0 downstream tasks scheduled from follow-on schedule check
[2024-11-18T18:00:14.356+0000] {local_task_job_runner.py:222} INFO - ::endgroup::
