[2024-11-18T20:27:05.504+0000] {local_task_job_runner.py:120} INFO - ::group::Pre task execution logs
[2024-11-18T20:27:05.552+0000] {taskinstance.py:2076} INFO - Dependencies all met for dep_context=non-requeueable deps ti=<TaskInstance: spark_job.spark_task manual__2024-11-18T20:27:02.177304+00:00 [queued]>
[2024-11-18T20:27:05.578+0000] {taskinstance.py:2076} INFO - Dependencies all met for dep_context=requeueable deps ti=<TaskInstance: spark_job.spark_task manual__2024-11-18T20:27:02.177304+00:00 [queued]>
[2024-11-18T20:27:05.579+0000] {taskinstance.py:2306} INFO - Starting attempt 1 of 2
[2024-11-18T20:27:05.605+0000] {taskinstance.py:2330} INFO - Executing <Task(SparkSubmitOperator): spark_task> on 2024-11-18 20:27:02.177304+00:00
[2024-11-18T20:27:05.618+0000] {standard_task_runner.py:64} INFO - Started process 520 to run task
[2024-11-18T20:27:05.624+0000] {standard_task_runner.py:90} INFO - Running: ['***', 'tasks', 'run', 'spark_job', 'spark_task', 'manual__2024-11-18T20:27:02.177304+00:00', '--job-id', '8', '--raw', '--subdir', 'DAGS_FOLDER/spark_dag.py', '--cfg-path', '/tmp/tmpp5a5fmmg']
[2024-11-18T20:27:05.647+0000] {standard_task_runner.py:91} INFO - Job 8: Subtask spark_task
[2024-11-18T20:27:05.793+0000] {task_command.py:426} INFO - Running <TaskInstance: spark_job.spark_task manual__2024-11-18T20:27:02.177304+00:00 [running]> on host 303af52bf48c
[2024-11-18T20:27:06.087+0000] {taskinstance.py:2648} INFO - Exporting env vars: AIRFLOW_CTX_DAG_OWNER='***' AIRFLOW_CTX_DAG_ID='spark_job' AIRFLOW_CTX_TASK_ID='spark_task' AIRFLOW_CTX_EXECUTION_DATE='2024-11-18T20:27:02.177304+00:00' AIRFLOW_CTX_TRY_NUMBER='1' AIRFLOW_CTX_DAG_RUN_ID='manual__2024-11-18T20:27:02.177304+00:00'
[2024-11-18T20:27:06.092+0000] {taskinstance.py:430} INFO - ::endgroup::
[2024-11-18T20:27:06.110+0000] {base.py:84} INFO - Using connection ID 'spark_default' for task execution.
[2024-11-18T20:27:06.112+0000] {spark_submit.py:403} INFO - Spark-Submit cmd: spark-submit --master spark://spark:7077 --name arrow-spark --deploy-mode client /opt/***/dags/spark_job.py
[2024-11-18T20:27:17.866+0000] {spark_submit.py:579} INFO - 24/11/18 20:27:17 INFO SparkContext: Running Spark version 3.5.1
[2024-11-18T20:27:17.869+0000] {spark_submit.py:579} INFO - 24/11/18 20:27:17 INFO SparkContext: OS info Linux, 5.15.153.1-microsoft-standard-WSL2, amd64
[2024-11-18T20:27:17.870+0000] {spark_submit.py:579} INFO - 24/11/18 20:27:17 INFO SparkContext: Java version 17.0.12
[2024-11-18T20:27:18.130+0000] {spark_submit.py:579} INFO - 24/11/18 20:27:18 WARN NativeCodeLoader: Unable to load native-hadoop library for your platform... using builtin-java classes where applicable
[2024-11-18T20:27:19.012+0000] {spark_submit.py:579} INFO - 24/11/18 20:27:19 INFO ResourceUtils: ==============================================================
[2024-11-18T20:27:19.014+0000] {spark_submit.py:579} INFO - 24/11/18 20:27:19 INFO ResourceUtils: No custom resources configured for spark.driver.
[2024-11-18T20:27:19.016+0000] {spark_submit.py:579} INFO - 24/11/18 20:27:19 INFO ResourceUtils: ==============================================================
[2024-11-18T20:27:19.022+0000] {spark_submit.py:579} INFO - 24/11/18 20:27:19 INFO SparkContext: Submitted application: Airflow Spark Job
[2024-11-18T20:27:19.187+0000] {spark_submit.py:579} INFO - 24/11/18 20:27:19 INFO ResourceProfile: Default ResourceProfile created, executor resources: Map(memory -> name: memory, amount: 1024, script: , vendor: , offHeap -> name: offHeap, amount: 0, script: , vendor: ), task resources: Map(cpus -> name: cpus, amount: 1.0)
[2024-11-18T20:27:19.217+0000] {spark_submit.py:579} INFO - 24/11/18 20:27:19 INFO ResourceProfile: Limiting resource is cpu
[2024-11-18T20:27:19.276+0000] {spark_submit.py:579} INFO - 24/11/18 20:27:19 INFO ResourceProfileManager: Added ResourceProfile id: 0
[2024-11-18T20:27:19.705+0000] {spark_submit.py:579} INFO - 24/11/18 20:27:19 INFO SecurityManager: Changing view acls to: ***
[2024-11-18T20:27:19.732+0000] {spark_submit.py:579} INFO - 24/11/18 20:27:19 INFO SecurityManager: Changing modify acls to: ***
[2024-11-18T20:27:19.739+0000] {spark_submit.py:579} INFO - 24/11/18 20:27:19 INFO SecurityManager: Changing view acls groups to:
[2024-11-18T20:27:19.743+0000] {spark_submit.py:579} INFO - 24/11/18 20:27:19 INFO SecurityManager: Changing modify acls groups to:
[2024-11-18T20:27:19.758+0000] {spark_submit.py:579} INFO - 24/11/18 20:27:19 INFO SecurityManager: SecurityManager: authentication disabled; ui acls disabled; users with view permissions: ***; groups with view permissions: EMPTY; users with modify permissions: ***; groups with modify permissions: EMPTY
[2024-11-18T20:27:21.415+0000] {spark_submit.py:579} INFO - 24/11/18 20:27:21 INFO Utils: Successfully started service 'sparkDriver' on port 33813.
[2024-11-18T20:27:21.770+0000] {spark_submit.py:579} INFO - 24/11/18 20:27:21 INFO SparkEnv: Registering MapOutputTracker
[2024-11-18T20:27:22.097+0000] {spark_submit.py:579} INFO - 24/11/18 20:27:22 INFO SparkEnv: Registering BlockManagerMaster
[2024-11-18T20:27:22.204+0000] {spark_submit.py:579} INFO - 24/11/18 20:27:22 INFO BlockManagerMasterEndpoint: Using org.apache.spark.storage.DefaultTopologyMapper for getting topology information
[2024-11-18T20:27:22.209+0000] {spark_submit.py:579} INFO - 24/11/18 20:27:22 INFO BlockManagerMasterEndpoint: BlockManagerMasterEndpoint up
[2024-11-18T20:27:22.265+0000] {spark_submit.py:579} INFO - 24/11/18 20:27:22 INFO SparkEnv: Registering BlockManagerMasterHeartbeat
[2024-11-18T20:27:22.351+0000] {spark_submit.py:579} INFO - 24/11/18 20:27:22 INFO DiskBlockManager: Created local directory at /tmp/blockmgr-00efd7c3-9e22-48da-bbc7-b2b90d965bfe
[2024-11-18T20:27:22.398+0000] {spark_submit.py:579} INFO - 24/11/18 20:27:22 INFO MemoryStore: MemoryStore started with capacity 434.4 MiB
[2024-11-18T20:27:22.458+0000] {spark_submit.py:579} INFO - 24/11/18 20:27:22 INFO SparkEnv: Registering OutputCommitCoordinator
[2024-11-18T20:27:22.720+0000] {spark_submit.py:579} INFO - 24/11/18 20:27:22 INFO JettyUtils: Start Jetty 0.0.0.0:4040 for SparkUI
[2024-11-18T20:27:22.898+0000] {spark_submit.py:579} INFO - 24/11/18 20:27:22 WARN Utils: Service 'SparkUI' could not bind on port 4040. Attempting port 4041.
[2024-11-18T20:27:22.900+0000] {spark_submit.py:579} INFO - 24/11/18 20:27:22 WARN Utils: Service 'SparkUI' could not bind on port 4041. Attempting port 4042.
[2024-11-18T20:27:22.904+0000] {spark_submit.py:579} INFO - 24/11/18 20:27:22 WARN Utils: Service 'SparkUI' could not bind on port 4042. Attempting port 4043.
[2024-11-18T20:27:22.906+0000] {spark_submit.py:579} INFO - 24/11/18 20:27:22 WARN Utils: Service 'SparkUI' could not bind on port 4043. Attempting port 4044.
[2024-11-18T20:27:22.928+0000] {spark_submit.py:579} INFO - 24/11/18 20:27:22 WARN Utils: Service 'SparkUI' could not bind on port 4044. Attempting port 4045.
[2024-11-18T20:27:22.939+0000] {spark_submit.py:579} INFO - 24/11/18 20:27:22 INFO Utils: Successfully started service 'SparkUI' on port 4045.
[2024-11-18T20:27:23.593+0000] {spark_submit.py:579} INFO - 24/11/18 20:27:23 INFO StandaloneAppClient$ClientEndpoint: Connecting to master spark://spark:7077...
[2024-11-18T20:27:23.854+0000] {spark_submit.py:579} INFO - 24/11/18 20:27:23 INFO TransportClientFactory: Successfully created connection to spark/172.18.0.4:7077 after 120 ms (0 ms spent in bootstraps)
[2024-11-18T20:27:24.231+0000] {spark_submit.py:579} INFO - 24/11/18 20:27:24 INFO StandaloneSchedulerBackend: Connected to Spark cluster with app ID app-20241118202724-0005
[2024-11-18T20:27:24.253+0000] {spark_submit.py:579} INFO - 24/11/18 20:27:24 INFO Utils: Successfully started service 'org.apache.spark.network.netty.NettyBlockTransferService' on port 36143.
[2024-11-18T20:27:24.254+0000] {spark_submit.py:579} INFO - 24/11/18 20:27:24 INFO NettyBlockTransferService: Server created on 303af52bf48c:36143
[2024-11-18T20:27:24.262+0000] {spark_submit.py:579} INFO - 24/11/18 20:27:24 INFO BlockManager: Using org.apache.spark.storage.RandomBlockReplicationPolicy for block replication policy
[2024-11-18T20:27:24.295+0000] {spark_submit.py:579} INFO - 24/11/18 20:27:24 INFO BlockManagerMaster: Registering BlockManager BlockManagerId(driver, 303af52bf48c, 36143, None)
[2024-11-18T20:27:24.301+0000] {spark_submit.py:579} INFO - 24/11/18 20:27:24 INFO BlockManagerMasterEndpoint: Registering block manager 303af52bf48c:36143 with 434.4 MiB RAM, BlockManagerId(driver, 303af52bf48c, 36143, None)
[2024-11-18T20:27:24.315+0000] {spark_submit.py:579} INFO - 24/11/18 20:27:24 INFO BlockManagerMaster: Registered BlockManager BlockManagerId(driver, 303af52bf48c, 36143, None)
[2024-11-18T20:27:24.318+0000] {spark_submit.py:579} INFO - 24/11/18 20:27:24 INFO BlockManager: Initialized BlockManager: BlockManagerId(driver, 303af52bf48c, 36143, None)
[2024-11-18T20:27:24.875+0000] {spark_submit.py:579} INFO - 24/11/18 20:27:24 INFO StandaloneSchedulerBackend: SchedulerBackend is ready for scheduling beginning after reached minRegisteredResourcesRatio: 0.0
[2024-11-18T20:27:26.514+0000] {spark_submit.py:579} INFO - 24/11/18 20:27:26 INFO SharedState: Setting hive.metastore.warehouse.dir ('null') to the value of spark.sql.warehouse.dir.
[2024-11-18T20:27:26.560+0000] {spark_submit.py:579} INFO - 24/11/18 20:27:26 INFO SharedState: Warehouse path is 'file:/app/spark-warehouse'.
[2024-11-18T20:27:30.030+0000] {spark_submit.py:579} INFO - 24/11/18 20:27:30 INFO CodeGenerator: Code generated in 315.708938 ms
[2024-11-18T20:27:30.080+0000] {spark_submit.py:579} INFO - 24/11/18 20:27:30 INFO SparkContext: Starting job: showString at NativeMethodAccessorImpl.java:0
[2024-11-18T20:27:30.101+0000] {spark_submit.py:579} INFO - 24/11/18 20:27:30 INFO DAGScheduler: Got job 0 (showString at NativeMethodAccessorImpl.java:0) with 1 output partitions
[2024-11-18T20:27:30.101+0000] {spark_submit.py:579} INFO - 24/11/18 20:27:30 INFO DAGScheduler: Final stage: ResultStage 0 (showString at NativeMethodAccessorImpl.java:0)
[2024-11-18T20:27:30.102+0000] {spark_submit.py:579} INFO - 24/11/18 20:27:30 INFO DAGScheduler: Parents of final stage: List()
[2024-11-18T20:27:30.103+0000] {spark_submit.py:579} INFO - 24/11/18 20:27:30 INFO DAGScheduler: Missing parents: List()
[2024-11-18T20:27:30.110+0000] {spark_submit.py:579} INFO - 24/11/18 20:27:30 INFO DAGScheduler: Submitting ResultStage 0 (MapPartitionsRDD[6] at showString at NativeMethodAccessorImpl.java:0), which has no missing parents
[2024-11-18T20:27:30.206+0000] {spark_submit.py:579} INFO - 24/11/18 20:27:30 INFO MemoryStore: Block broadcast_0 stored as values in memory (estimated size 13.1 KiB, free 434.4 MiB)
[2024-11-18T20:27:30.238+0000] {spark_submit.py:579} INFO - 24/11/18 20:27:30 INFO MemoryStore: Block broadcast_0_piece0 stored as bytes in memory (estimated size 6.8 KiB, free 434.4 MiB)
[2024-11-18T20:27:30.243+0000] {spark_submit.py:579} INFO - 24/11/18 20:27:30 INFO BlockManagerInfo: Added broadcast_0_piece0 in memory on 303af52bf48c:36143 (size: 6.8 KiB, free: 434.4 MiB)
[2024-11-18T20:27:30.248+0000] {spark_submit.py:579} INFO - 24/11/18 20:27:30 INFO SparkContext: Created broadcast 0 from broadcast at DAGScheduler.scala:1585
[2024-11-18T20:27:30.261+0000] {spark_submit.py:579} INFO - 24/11/18 20:27:30 INFO DAGScheduler: Submitting 1 missing tasks from ResultStage 0 (MapPartitionsRDD[6] at showString at NativeMethodAccessorImpl.java:0) (first 15 tasks are for partitions Vector(0))
[2024-11-18T20:27:30.262+0000] {spark_submit.py:579} INFO - 24/11/18 20:27:30 INFO TaskSchedulerImpl: Adding task set 0.0 with 1 tasks resource profile 0
[2024-11-18T20:27:45.273+0000] {spark_submit.py:579} INFO - 24/11/18 20:27:45 WARN TaskSchedulerImpl: Initial job has not accepted any resources; check your cluster UI to ensure that workers are registered and have sufficient resources
[2024-11-18T20:28:00.272+0000] {spark_submit.py:579} INFO - 24/11/18 20:28:00 WARN TaskSchedulerImpl: Initial job has not accepted any resources; check your cluster UI to ensure that workers are registered and have sufficient resources
[2024-11-18T20:28:00.689+0000] {spark_submit.py:579} INFO - 24/11/18 20:28:00 INFO StandaloneAppClient$ClientEndpoint: Executor added: app-20241118202724-0005/0 on worker-20241118201828-172.18.0.5-32835 (172.18.0.5:32835) with 1 core(s)
[2024-11-18T20:28:00.691+0000] {spark_submit.py:579} INFO - 24/11/18 20:28:00 INFO StandaloneSchedulerBackend: Granted executor ID app-20241118202724-0005/0 on hostPort 172.18.0.5:32835 with 1 core(s), 1024.0 MiB RAM
[2024-11-18T20:28:00.692+0000] {spark_submit.py:579} INFO - 24/11/18 20:28:00 INFO StandaloneAppClient$ClientEndpoint: Executor added: app-20241118202724-0005/1 on worker-20241118201828-172.18.0.6-37135 (172.18.0.6:37135) with 1 core(s)
[2024-11-18T20:28:00.698+0000] {spark_submit.py:579} INFO - 24/11/18 20:28:00 INFO StandaloneSchedulerBackend: Granted executor ID app-20241118202724-0005/1 on hostPort 172.18.0.6:37135 with 1 core(s), 1024.0 MiB RAM
[2024-11-18T20:28:00.821+0000] {spark_submit.py:579} INFO - 24/11/18 20:28:00 INFO StandaloneAppClient$ClientEndpoint: Executor updated: app-20241118202724-0005/1 is now RUNNING
[2024-11-18T20:28:00.823+0000] {spark_submit.py:579} INFO - 24/11/18 20:28:00 INFO StandaloneAppClient$ClientEndpoint: Executor updated: app-20241118202724-0005/0 is now RUNNING
[2024-11-18T20:28:04.996+0000] {spark_submit.py:579} INFO - 24/11/18 20:28:04 INFO StandaloneSchedulerBackend$StandaloneDriverEndpoint: Registered executor NettyRpcEndpointRef(spark-client://Executor) (172.18.0.6:55302) with ID 1,  ResourceProfileId 0
[2024-11-18T20:28:05.079+0000] {spark_submit.py:579} INFO - 24/11/18 20:28:05 INFO StandaloneSchedulerBackend$StandaloneDriverEndpoint: Registered executor NettyRpcEndpointRef(spark-client://Executor) (172.18.0.5:59102) with ID 0,  ResourceProfileId 0
[2024-11-18T20:28:05.093+0000] {spark_submit.py:579} INFO - 24/11/18 20:28:05 INFO BlockManagerMasterEndpoint: Registering block manager 172.18.0.6:41233 with 434.4 MiB RAM, BlockManagerId(1, 172.18.0.6, 41233, None)
[2024-11-18T20:28:05.178+0000] {spark_submit.py:579} INFO - 24/11/18 20:28:05 INFO BlockManagerMasterEndpoint: Registering block manager 172.18.0.5:34815 with 434.4 MiB RAM, BlockManagerId(0, 172.18.0.5, 34815, None)
[2024-11-18T20:28:05.182+0000] {spark_submit.py:579} INFO - 24/11/18 20:28:05 INFO TaskSetManager: Starting task 0.0 in stage 0.0 (TID 0) (172.18.0.6, executor 1, partition 0, PROCESS_LOCAL, 7738 bytes)
[2024-11-18T20:28:05.460+0000] {spark_submit.py:579} INFO - 24/11/18 20:28:05 INFO BlockManagerInfo: Added broadcast_0_piece0 in memory on 172.18.0.6:41233 (size: 6.8 KiB, free: 434.4 MiB)
[2024-11-18T20:28:06.661+0000] {spark_submit.py:579} INFO - 24/11/18 20:28:06 INFO TaskSetManager: Finished task 0.0 in stage 0.0 (TID 0) in 1500 ms on 172.18.0.6 (executor 1) (1/1)
[2024-11-18T20:28:06.662+0000] {spark_submit.py:579} INFO - 24/11/18 20:28:06 INFO TaskSchedulerImpl: Removed TaskSet 0.0, whose tasks have all completed, from pool
[2024-11-18T20:28:06.668+0000] {spark_submit.py:579} INFO - 24/11/18 20:28:06 INFO PythonAccumulatorV2: Connected to AccumulatorServer at host: 127.0.0.1 port: 44419
[2024-11-18T20:28:06.675+0000] {spark_submit.py:579} INFO - 24/11/18 20:28:06 INFO DAGScheduler: ResultStage 0 (showString at NativeMethodAccessorImpl.java:0) finished in 36.546 s
[2024-11-18T20:28:06.682+0000] {spark_submit.py:579} INFO - 24/11/18 20:28:06 INFO DAGScheduler: Job 0 is finished. Cancelling potential speculative or zombie tasks for this job
[2024-11-18T20:28:06.684+0000] {spark_submit.py:579} INFO - 24/11/18 20:28:06 INFO TaskSchedulerImpl: Killing all running tasks in stage 0: Stage finished
[2024-11-18T20:28:06.688+0000] {spark_submit.py:579} INFO - 24/11/18 20:28:06 INFO DAGScheduler: Job 0 finished: showString at NativeMethodAccessorImpl.java:0, took 36.611694 s
[2024-11-18T20:28:06.702+0000] {spark_submit.py:579} INFO - 24/11/18 20:28:06 INFO SparkContext: Starting job: showString at NativeMethodAccessorImpl.java:0
[2024-11-18T20:28:06.705+0000] {spark_submit.py:579} INFO - 24/11/18 20:28:06 INFO DAGScheduler: Got job 1 (showString at NativeMethodAccessorImpl.java:0) with 1 output partitions
[2024-11-18T20:28:06.708+0000] {spark_submit.py:579} INFO - 24/11/18 20:28:06 INFO DAGScheduler: Final stage: ResultStage 1 (showString at NativeMethodAccessorImpl.java:0)
[2024-11-18T20:28:06.708+0000] {spark_submit.py:579} INFO - 24/11/18 20:28:06 INFO DAGScheduler: Parents of final stage: List()
[2024-11-18T20:28:06.709+0000] {spark_submit.py:579} INFO - 24/11/18 20:28:06 INFO DAGScheduler: Missing parents: List()
[2024-11-18T20:28:06.710+0000] {spark_submit.py:579} INFO - 24/11/18 20:28:06 INFO DAGScheduler: Submitting ResultStage 1 (MapPartitionsRDD[6] at showString at NativeMethodAccessorImpl.java:0), which has no missing parents
[2024-11-18T20:28:06.712+0000] {spark_submit.py:579} INFO - 24/11/18 20:28:06 INFO MemoryStore: Block broadcast_1 stored as values in memory (estimated size 13.1 KiB, free 434.4 MiB)
[2024-11-18T20:28:06.720+0000] {spark_submit.py:579} INFO - 24/11/18 20:28:06 INFO MemoryStore: Block broadcast_1_piece0 stored as bytes in memory (estimated size 6.8 KiB, free 434.4 MiB)
[2024-11-18T20:28:06.725+0000] {spark_submit.py:579} INFO - 24/11/18 20:28:06 INFO BlockManagerInfo: Added broadcast_1_piece0 in memory on 303af52bf48c:36143 (size: 6.8 KiB, free: 434.4 MiB)
[2024-11-18T20:28:06.727+0000] {spark_submit.py:579} INFO - 24/11/18 20:28:06 INFO SparkContext: Created broadcast 1 from broadcast at DAGScheduler.scala:1585
[2024-11-18T20:28:06.728+0000] {spark_submit.py:579} INFO - 24/11/18 20:28:06 INFO DAGScheduler: Submitting 1 missing tasks from ResultStage 1 (MapPartitionsRDD[6] at showString at NativeMethodAccessorImpl.java:0) (first 15 tasks are for partitions Vector(1))
[2024-11-18T20:28:06.729+0000] {spark_submit.py:579} INFO - 24/11/18 20:28:06 INFO TaskSchedulerImpl: Adding task set 1.0 with 1 tasks resource profile 0
[2024-11-18T20:28:06.733+0000] {spark_submit.py:579} INFO - 24/11/18 20:28:06 INFO TaskSetManager: Starting task 0.0 in stage 1.0 (TID 1) (172.18.0.6, executor 1, partition 1, PROCESS_LOCAL, 7725 bytes)
[2024-11-18T20:28:06.762+0000] {spark_submit.py:579} INFO - 24/11/18 20:28:06 INFO BlockManagerInfo: Removed broadcast_0_piece0 on 303af52bf48c:36143 in memory (size: 6.8 KiB, free: 434.4 MiB)
[2024-11-18T20:28:06.793+0000] {spark_submit.py:579} INFO - 24/11/18 20:28:06 INFO BlockManagerInfo: Removed broadcast_0_piece0 on 172.18.0.6:41233 in memory (size: 6.8 KiB, free: 434.4 MiB)
[2024-11-18T20:28:06.805+0000] {spark_submit.py:579} INFO - 24/11/18 20:28:06 INFO BlockManagerInfo: Added broadcast_1_piece0 in memory on 172.18.0.6:41233 (size: 6.8 KiB, free: 434.4 MiB)
[2024-11-18T20:28:06.991+0000] {spark_submit.py:579} INFO - 24/11/18 20:28:06 INFO TaskSetManager: Finished task 0.0 in stage 1.0 (TID 1) in 260 ms on 172.18.0.6 (executor 1) (1/1)
[2024-11-18T20:28:06.992+0000] {spark_submit.py:579} INFO - 24/11/18 20:28:06 INFO TaskSchedulerImpl: Removed TaskSet 1.0, whose tasks have all completed, from pool
[2024-11-18T20:28:06.994+0000] {spark_submit.py:579} INFO - 24/11/18 20:28:06 INFO DAGScheduler: ResultStage 1 (showString at NativeMethodAccessorImpl.java:0) finished in 0.284 s
[2024-11-18T20:28:06.995+0000] {spark_submit.py:579} INFO - 24/11/18 20:28:06 INFO DAGScheduler: Job 1 is finished. Cancelling potential speculative or zombie tasks for this job
[2024-11-18T20:28:06.998+0000] {spark_submit.py:579} INFO - 24/11/18 20:28:06 INFO TaskSchedulerImpl: Killing all running tasks in stage 1: Stage finished
[2024-11-18T20:28:07.000+0000] {spark_submit.py:579} INFO - 24/11/18 20:28:06 INFO DAGScheduler: Job 1 finished: showString at NativeMethodAccessorImpl.java:0, took 0.292487 s
[2024-11-18T20:28:07.716+0000] {spark_submit.py:579} INFO - 24/11/18 20:28:07 INFO BlockManagerInfo: Removed broadcast_1_piece0 on 303af52bf48c:36143 in memory (size: 6.8 KiB, free: 434.4 MiB)
[2024-11-18T20:28:07.717+0000] {spark_submit.py:579} INFO - 24/11/18 20:28:07 INFO BlockManagerInfo: Removed broadcast_1_piece0 on 172.18.0.6:41233 in memory (size: 6.8 KiB, free: 434.4 MiB)
[2024-11-18T20:28:08.025+0000] {spark_submit.py:579} INFO - 24/11/18 20:28:08 INFO CodeGenerator: Code generated in 19.993872 ms
[2024-11-18T20:28:08.037+0000] {spark_submit.py:579} INFO - +-------------+----------------+---------+
[2024-11-18T20:28:08.038+0000] {spark_submit.py:579} INFO - |Name         |Application Type|Use Count|
[2024-11-18T20:28:08.039+0000] {spark_submit.py:579} INFO - +-------------+----------------+---------+
[2024-11-18T20:28:08.039+0000] {spark_submit.py:579} INFO - |Joe Dou      |Social networks |120      |
[2024-11-18T20:28:08.039+0000] {spark_submit.py:579} INFO - |Masha Pupkina|Games           |85       |
[2024-11-18T20:28:08.040+0000] {spark_submit.py:579} INFO - |Alice Smith  |Social networks |90       |
[2024-11-18T20:28:08.040+0000] {spark_submit.py:579} INFO - |Ivan Ivanov  |Productivity    |60       |
[2024-11-18T20:28:08.040+0000] {spark_submit.py:579} INFO - |Donatello    |Games           |110      |
[2024-11-18T20:28:08.041+0000] {spark_submit.py:579} INFO - |Raphael      |Finances        |25       |
[2024-11-18T20:28:08.041+0000] {spark_submit.py:579} INFO - |Splinter     |Shoping         |50       |
[2024-11-18T20:28:08.041+0000] {spark_submit.py:579} INFO - |Mickianjelo  |Sport           |61       |
[2024-11-18T20:28:08.041+0000] {spark_submit.py:579} INFO - +-------------+----------------+---------+
[2024-11-18T20:28:08.042+0000] {spark_submit.py:579} INFO - 
[2024-11-18T20:28:08.068+0000] {spark_submit.py:579} INFO - Traceback (most recent call last):
[2024-11-18T20:28:08.069+0000] {spark_submit.py:579} INFO - File "/opt/***/dags/spark_job.py", line 19, in <module>
[2024-11-18T20:28:08.070+0000] {spark_submit.py:579} INFO - df.groupby('Application Type')['Use Count'].mean().show(truncate=False)
[2024-11-18T20:28:08.071+0000] {spark_submit.py:579} INFO - ~~~~~~~~~~~~~~~~~~~~~~~~~~~~~~^^^^^^^^^^^^^
[2024-11-18T20:28:08.071+0000] {spark_submit.py:579} INFO - TypeError: 'GroupedData' object is not subscriptable
[2024-11-18T20:28:08.223+0000] {spark_submit.py:579} INFO - 24/11/18 20:28:08 INFO SparkContext: Invoking stop() from shutdown hook
[2024-11-18T20:28:08.223+0000] {spark_submit.py:579} INFO - 24/11/18 20:28:08 INFO SparkContext: SparkContext is stopping with exitCode 0.
[2024-11-18T20:28:08.232+0000] {spark_submit.py:579} INFO - 24/11/18 20:28:08 INFO SparkUI: Stopped Spark web UI at http://303af52bf48c:4045
[2024-11-18T20:28:08.235+0000] {spark_submit.py:579} INFO - 24/11/18 20:28:08 INFO StandaloneSchedulerBackend: Shutting down all executors
[2024-11-18T20:28:08.236+0000] {spark_submit.py:579} INFO - 24/11/18 20:28:08 INFO StandaloneSchedulerBackend$StandaloneDriverEndpoint: Asking each executor to shut down
[2024-11-18T20:28:08.267+0000] {spark_submit.py:579} INFO - 24/11/18 20:28:08 INFO MapOutputTrackerMasterEndpoint: MapOutputTrackerMasterEndpoint stopped!
[2024-11-18T20:28:08.294+0000] {spark_submit.py:579} INFO - 24/11/18 20:28:08 INFO MemoryStore: MemoryStore cleared
[2024-11-18T20:28:08.299+0000] {spark_submit.py:579} INFO - 24/11/18 20:28:08 INFO BlockManager: BlockManager stopped
[2024-11-18T20:28:08.304+0000] {spark_submit.py:579} INFO - 24/11/18 20:28:08 INFO BlockManagerMaster: BlockManagerMaster stopped
[2024-11-18T20:28:08.306+0000] {spark_submit.py:579} INFO - 24/11/18 20:28:08 INFO OutputCommitCoordinator$OutputCommitCoordinatorEndpoint: OutputCommitCoordinator stopped!
[2024-11-18T20:28:08.317+0000] {spark_submit.py:579} INFO - 24/11/18 20:28:08 INFO SparkContext: Successfully stopped SparkContext
[2024-11-18T20:28:08.318+0000] {spark_submit.py:579} INFO - 24/11/18 20:28:08 INFO ShutdownHookManager: Shutdown hook called
[2024-11-18T20:28:08.318+0000] {spark_submit.py:579} INFO - 24/11/18 20:28:08 INFO ShutdownHookManager: Deleting directory /tmp/spark-331d7032-bd59-46f4-85aa-1e7108f01ec4/pyspark-2c6e1803-70b9-43f2-abd9-f5b4b224372a
[2024-11-18T20:28:08.323+0000] {spark_submit.py:579} INFO - 24/11/18 20:28:08 INFO ShutdownHookManager: Deleting directory /tmp/spark-248679a2-be0b-4fb1-85b2-24273db6a538
[2024-11-18T20:28:08.328+0000] {spark_submit.py:579} INFO - 24/11/18 20:28:08 INFO ShutdownHookManager: Deleting directory /tmp/spark-331d7032-bd59-46f4-85aa-1e7108f01ec4
[2024-11-18T20:28:08.379+0000] {taskinstance.py:441} INFO - ::group::Post task execution logs
[2024-11-18T20:28:08.387+0000] {taskinstance.py:2905} ERROR - Task failed with exception
Traceback (most recent call last):
  File "/home/airflow/.local/lib/python3.11/site-packages/airflow/models/taskinstance.py", line 465, in _execute_task
    result = _execute_callable(context=context, **execute_callable_kwargs)
             ^^^^^^^^^^^^^^^^^^^^^^^^^^^^^^^^^^^^^^^^^^^^^^^^^^^^^^^^^^^^^
  File "/home/airflow/.local/lib/python3.11/site-packages/airflow/models/taskinstance.py", line 432, in _execute_callable
    return execute_callable(context=context, **execute_callable_kwargs)
           ^^^^^^^^^^^^^^^^^^^^^^^^^^^^^^^^^^^^^^^^^^^^^^^^^^^^^^^^^^^^
  File "/home/airflow/.local/lib/python3.11/site-packages/airflow/models/baseoperator.py", line 401, in wrapper
    return func(self, *args, **kwargs)
           ^^^^^^^^^^^^^^^^^^^^^^^^^^^
  File "/home/airflow/.local/lib/python3.11/site-packages/airflow/providers/apache/spark/operators/spark_submit.py", line 174, in execute
    self._hook.submit(self.application)
  File "/home/airflow/.local/lib/python3.11/site-packages/airflow/providers/apache/spark/hooks/spark_submit.py", line 505, in submit
    raise AirflowException(
airflow.exceptions.AirflowException: Cannot execute: spark-submit --master spark://spark:7077 --name arrow-spark --deploy-mode client /opt/***/dags/spark_job.py. Error code is: 1.
[2024-11-18T20:28:08.393+0000] {taskinstance.py:1206} INFO - Marking task as UP_FOR_RETRY. dag_id=spark_job, task_id=spark_task, run_id=manual__2024-11-18T20:27:02.177304+00:00, execution_date=20241118T202702, start_date=20241118T202705, end_date=20241118T202808
[2024-11-18T20:28:08.405+0000] {standard_task_runner.py:110} ERROR - Failed to execute job 8 for task spark_task (Cannot execute: spark-submit --master spark://spark:7077 --name arrow-spark --deploy-mode client /opt/***/dags/spark_job.py. Error code is: 1.; 520)
[2024-11-18T20:28:08.441+0000] {local_task_job_runner.py:243} INFO - Task exited with return code 1
[2024-11-18T20:28:08.466+0000] {taskinstance.py:3503} INFO - 0 downstream tasks scheduled from follow-on schedule check
[2024-11-18T20:28:08.468+0000] {local_task_job_runner.py:222} INFO - ::endgroup::
