[2024-11-18T20:38:59.334+0000] {local_task_job_runner.py:120} INFO - ::group::Pre task execution logs
[2024-11-18T20:38:59.364+0000] {taskinstance.py:2076} INFO - Dependencies all met for dep_context=non-requeueable deps ti=<TaskInstance: spark_job.spark_task manual__2024-11-18T20:33:03.864508+00:00 [queued]>
[2024-11-18T20:38:59.373+0000] {taskinstance.py:2076} INFO - Dependencies all met for dep_context=requeueable deps ti=<TaskInstance: spark_job.spark_task manual__2024-11-18T20:33:03.864508+00:00 [queued]>
[2024-11-18T20:38:59.373+0000] {taskinstance.py:2306} INFO - Starting attempt 2 of 2
[2024-11-18T20:38:59.388+0000] {taskinstance.py:2330} INFO - Executing <Task(SparkSubmitOperator): spark_task> on 2024-11-18 20:33:03.864508+00:00
[2024-11-18T20:38:59.397+0000] {standard_task_runner.py:64} INFO - Started process 4284 to run task
[2024-11-18T20:38:59.399+0000] {standard_task_runner.py:90} INFO - Running: ['***', 'tasks', 'run', 'spark_job', 'spark_task', 'manual__2024-11-18T20:33:03.864508+00:00', '--job-id', '23', '--raw', '--subdir', 'DAGS_FOLDER/spark_dag.py', '--cfg-path', '/tmp/tmpx9asybnp']
[2024-11-18T20:38:59.403+0000] {standard_task_runner.py:91} INFO - Job 23: Subtask spark_task
[2024-11-18T20:38:59.447+0000] {task_command.py:426} INFO - Running <TaskInstance: spark_job.spark_task manual__2024-11-18T20:33:03.864508+00:00 [running]> on host 303af52bf48c
[2024-11-18T20:38:59.527+0000] {taskinstance.py:2648} INFO - Exporting env vars: AIRFLOW_CTX_DAG_OWNER='***' AIRFLOW_CTX_DAG_ID='spark_job' AIRFLOW_CTX_TASK_ID='spark_task' AIRFLOW_CTX_EXECUTION_DATE='2024-11-18T20:33:03.864508+00:00' AIRFLOW_CTX_TRY_NUMBER='2' AIRFLOW_CTX_DAG_RUN_ID='manual__2024-11-18T20:33:03.864508+00:00'
[2024-11-18T20:38:59.528+0000] {taskinstance.py:430} INFO - ::endgroup::
[2024-11-18T20:38:59.537+0000] {base.py:84} INFO - Using connection ID 'spark_default' for task execution.
[2024-11-18T20:38:59.538+0000] {spark_submit.py:403} INFO - Spark-Submit cmd: spark-submit --master spark://spark:7077 --name arrow-spark --deploy-mode client /opt/***/dags/spark_job.py
[2024-11-18T20:39:03.605+0000] {spark_submit.py:579} INFO - 24/11/18 20:39:03 INFO SparkContext: Running Spark version 3.5.1
[2024-11-18T20:39:03.610+0000] {spark_submit.py:579} INFO - 24/11/18 20:39:03 INFO SparkContext: OS info Linux, 5.15.153.1-microsoft-standard-WSL2, amd64
[2024-11-18T20:39:03.611+0000] {spark_submit.py:579} INFO - 24/11/18 20:39:03 INFO SparkContext: Java version 17.0.12
[2024-11-18T20:39:03.721+0000] {spark_submit.py:579} INFO - 24/11/18 20:39:03 WARN NativeCodeLoader: Unable to load native-hadoop library for your platform... using builtin-java classes where applicable
[2024-11-18T20:39:03.918+0000] {spark_submit.py:579} INFO - 24/11/18 20:39:03 INFO ResourceUtils: ==============================================================
[2024-11-18T20:39:03.919+0000] {spark_submit.py:579} INFO - 24/11/18 20:39:03 INFO ResourceUtils: No custom resources configured for spark.driver.
[2024-11-18T20:39:03.920+0000] {spark_submit.py:579} INFO - 24/11/18 20:39:03 INFO ResourceUtils: ==============================================================
[2024-11-18T20:39:03.921+0000] {spark_submit.py:579} INFO - 24/11/18 20:39:03 INFO SparkContext: Submitted application: Airflow Spark Job
[2024-11-18T20:39:03.951+0000] {spark_submit.py:579} INFO - 24/11/18 20:39:03 INFO ResourceProfile: Default ResourceProfile created, executor resources: Map(memory -> name: memory, amount: 1024, script: , vendor: , offHeap -> name: offHeap, amount: 0, script: , vendor: ), task resources: Map(cpus -> name: cpus, amount: 1.0)
[2024-11-18T20:39:03.960+0000] {spark_submit.py:579} INFO - 24/11/18 20:39:03 INFO ResourceProfile: Limiting resource is cpu
[2024-11-18T20:39:03.961+0000] {spark_submit.py:579} INFO - 24/11/18 20:39:03 INFO ResourceProfileManager: Added ResourceProfile id: 0
[2024-11-18T20:39:04.024+0000] {spark_submit.py:579} INFO - 24/11/18 20:39:04 INFO SecurityManager: Changing view acls to: ***
[2024-11-18T20:39:04.035+0000] {spark_submit.py:579} INFO - 24/11/18 20:39:04 INFO SecurityManager: Changing modify acls to: ***
[2024-11-18T20:39:04.037+0000] {spark_submit.py:579} INFO - 24/11/18 20:39:04 INFO SecurityManager: Changing view acls groups to:
[2024-11-18T20:39:04.038+0000] {spark_submit.py:579} INFO - 24/11/18 20:39:04 INFO SecurityManager: Changing modify acls groups to:
[2024-11-18T20:39:04.039+0000] {spark_submit.py:579} INFO - 24/11/18 20:39:04 INFO SecurityManager: SecurityManager: authentication disabled; ui acls disabled; users with view permissions: ***; groups with view permissions: EMPTY; users with modify permissions: ***; groups with modify permissions: EMPTY
[2024-11-18T20:39:04.355+0000] {spark_submit.py:579} INFO - 24/11/18 20:39:04 INFO Utils: Successfully started service 'sparkDriver' on port 43125.
[2024-11-18T20:39:04.402+0000] {spark_submit.py:579} INFO - 24/11/18 20:39:04 INFO SparkEnv: Registering MapOutputTracker
[2024-11-18T20:39:04.473+0000] {spark_submit.py:579} INFO - 24/11/18 20:39:04 INFO SparkEnv: Registering BlockManagerMaster
[2024-11-18T20:39:04.496+0000] {spark_submit.py:579} INFO - 24/11/18 20:39:04 INFO BlockManagerMasterEndpoint: Using org.apache.spark.storage.DefaultTopologyMapper for getting topology information
[2024-11-18T20:39:04.499+0000] {spark_submit.py:579} INFO - 24/11/18 20:39:04 INFO BlockManagerMasterEndpoint: BlockManagerMasterEndpoint up
[2024-11-18T20:39:04.507+0000] {spark_submit.py:579} INFO - 24/11/18 20:39:04 INFO SparkEnv: Registering BlockManagerMasterHeartbeat
[2024-11-18T20:39:04.535+0000] {spark_submit.py:579} INFO - 24/11/18 20:39:04 INFO DiskBlockManager: Created local directory at /tmp/blockmgr-e687e7a2-8522-495b-9a54-2c7815c0ffc9
[2024-11-18T20:39:04.550+0000] {spark_submit.py:579} INFO - 24/11/18 20:39:04 INFO MemoryStore: MemoryStore started with capacity 434.4 MiB
[2024-11-18T20:39:04.570+0000] {spark_submit.py:579} INFO - 24/11/18 20:39:04 INFO SparkEnv: Registering OutputCommitCoordinator
[2024-11-18T20:39:04.692+0000] {spark_submit.py:579} INFO - 24/11/18 20:39:04 INFO JettyUtils: Start Jetty 0.0.0.0:4040 for SparkUI
[2024-11-18T20:39:04.769+0000] {spark_submit.py:579} INFO - 24/11/18 20:39:04 INFO Utils: Successfully started service 'SparkUI' on port 4040.
[2024-11-18T20:39:04.903+0000] {spark_submit.py:579} INFO - 24/11/18 20:39:04 INFO StandaloneAppClient$ClientEndpoint: Connecting to master spark://spark:7077...
[2024-11-18T20:39:04.962+0000] {spark_submit.py:579} INFO - 24/11/18 20:39:04 INFO TransportClientFactory: Successfully created connection to spark/172.18.0.4:7077 after 32 ms (0 ms spent in bootstraps)
[2024-11-18T20:39:05.120+0000] {spark_submit.py:579} INFO - 24/11/18 20:39:05 INFO StandaloneSchedulerBackend: Connected to Spark cluster with app ID app-20241118203905-0020
[2024-11-18T20:39:05.134+0000] {spark_submit.py:579} INFO - 24/11/18 20:39:05 INFO StandaloneAppClient$ClientEndpoint: Executor added: app-20241118203905-0020/0 on worker-20241118201828-172.18.0.5-32835 (172.18.0.5:32835) with 1 core(s)
[2024-11-18T20:39:05.135+0000] {spark_submit.py:579} INFO - 24/11/18 20:39:05 INFO StandaloneSchedulerBackend: Granted executor ID app-20241118203905-0020/0 on hostPort 172.18.0.5:32835 with 1 core(s), 1024.0 MiB RAM
[2024-11-18T20:39:05.135+0000] {spark_submit.py:579} INFO - 24/11/18 20:39:05 INFO StandaloneAppClient$ClientEndpoint: Executor added: app-20241118203905-0020/1 on worker-20241118201828-172.18.0.6-37135 (172.18.0.6:37135) with 1 core(s)
[2024-11-18T20:39:05.135+0000] {spark_submit.py:579} INFO - 24/11/18 20:39:05 INFO StandaloneSchedulerBackend: Granted executor ID app-20241118203905-0020/1 on hostPort 172.18.0.6:37135 with 1 core(s), 1024.0 MiB RAM
[2024-11-18T20:39:05.143+0000] {spark_submit.py:579} INFO - 24/11/18 20:39:05 INFO Utils: Successfully started service 'org.apache.spark.network.netty.NettyBlockTransferService' on port 35351.
[2024-11-18T20:39:05.145+0000] {spark_submit.py:579} INFO - 24/11/18 20:39:05 INFO NettyBlockTransferService: Server created on 303af52bf48c:35351
[2024-11-18T20:39:05.150+0000] {spark_submit.py:579} INFO - 24/11/18 20:39:05 INFO BlockManager: Using org.apache.spark.storage.RandomBlockReplicationPolicy for block replication policy
[2024-11-18T20:39:05.160+0000] {spark_submit.py:579} INFO - 24/11/18 20:39:05 INFO BlockManagerMaster: Registering BlockManager BlockManagerId(driver, 303af52bf48c, 35351, None)
[2024-11-18T20:39:05.168+0000] {spark_submit.py:579} INFO - 24/11/18 20:39:05 INFO BlockManagerMasterEndpoint: Registering block manager 303af52bf48c:35351 with 434.4 MiB RAM, BlockManagerId(driver, 303af52bf48c, 35351, None)
[2024-11-18T20:39:05.172+0000] {spark_submit.py:579} INFO - 24/11/18 20:39:05 INFO BlockManagerMaster: Registered BlockManager BlockManagerId(driver, 303af52bf48c, 35351, None)
[2024-11-18T20:39:05.175+0000] {spark_submit.py:579} INFO - 24/11/18 20:39:05 INFO BlockManager: Initialized BlockManager: BlockManagerId(driver, 303af52bf48c, 35351, None)
[2024-11-18T20:39:05.218+0000] {spark_submit.py:579} INFO - 24/11/18 20:39:05 INFO StandaloneAppClient$ClientEndpoint: Executor updated: app-20241118203905-0020/0 is now RUNNING
[2024-11-18T20:39:05.222+0000] {spark_submit.py:579} INFO - 24/11/18 20:39:05 INFO StandaloneAppClient$ClientEndpoint: Executor updated: app-20241118203905-0020/1 is now RUNNING
[2024-11-18T20:39:06.080+0000] {spark_submit.py:579} INFO - 24/11/18 20:39:06 INFO StandaloneSchedulerBackend: SchedulerBackend is ready for scheduling beginning after reached minRegisteredResourcesRatio: 0.0
[2024-11-18T20:39:07.242+0000] {spark_submit.py:579} INFO - 24/11/18 20:39:07 INFO SharedState: Setting hive.metastore.warehouse.dir ('null') to the value of spark.sql.warehouse.dir.
[2024-11-18T20:39:07.257+0000] {spark_submit.py:579} INFO - 24/11/18 20:39:07 INFO SharedState: Warehouse path is 'file:/app/spark-warehouse'.
[2024-11-18T20:39:10.268+0000] {spark_submit.py:579} INFO - 24/11/18 20:39:10 INFO StandaloneSchedulerBackend$StandaloneDriverEndpoint: Registered executor NettyRpcEndpointRef(spark-client://Executor) (172.18.0.5:54092) with ID 0,  ResourceProfileId 0
[2024-11-18T20:39:10.293+0000] {spark_submit.py:579} INFO - 24/11/18 20:39:10 INFO StandaloneSchedulerBackend$StandaloneDriverEndpoint: Registered executor NettyRpcEndpointRef(spark-client://Executor) (172.18.0.6:54704) with ID 1,  ResourceProfileId 0
[2024-11-18T20:39:10.373+0000] {spark_submit.py:579} INFO - 24/11/18 20:39:10 INFO BlockManagerMasterEndpoint: Registering block manager 172.18.0.5:46175 with 434.4 MiB RAM, BlockManagerId(0, 172.18.0.5, 46175, None)
[2024-11-18T20:39:10.405+0000] {spark_submit.py:579} INFO - 24/11/18 20:39:10 INFO BlockManagerMasterEndpoint: Registering block manager 172.18.0.6:39409 with 434.4 MiB RAM, BlockManagerId(1, 172.18.0.6, 39409, None)
[2024-11-18T20:39:11.464+0000] {spark_submit.py:579} INFO - 24/11/18 20:39:11 INFO CodeGenerator: Code generated in 181.281311 ms
[2024-11-18T20:39:11.506+0000] {spark_submit.py:579} INFO - 24/11/18 20:39:11 INFO SparkContext: Starting job: showString at NativeMethodAccessorImpl.java:0
[2024-11-18T20:39:11.525+0000] {spark_submit.py:579} INFO - 24/11/18 20:39:11 INFO DAGScheduler: Got job 0 (showString at NativeMethodAccessorImpl.java:0) with 1 output partitions
[2024-11-18T20:39:11.525+0000] {spark_submit.py:579} INFO - 24/11/18 20:39:11 INFO DAGScheduler: Final stage: ResultStage 0 (showString at NativeMethodAccessorImpl.java:0)
[2024-11-18T20:39:11.526+0000] {spark_submit.py:579} INFO - 24/11/18 20:39:11 INFO DAGScheduler: Parents of final stage: List()
[2024-11-18T20:39:11.526+0000] {spark_submit.py:579} INFO - 24/11/18 20:39:11 INFO DAGScheduler: Missing parents: List()
[2024-11-18T20:39:11.532+0000] {spark_submit.py:579} INFO - 24/11/18 20:39:11 INFO DAGScheduler: Submitting ResultStage 0 (MapPartitionsRDD[6] at showString at NativeMethodAccessorImpl.java:0), which has no missing parents
[2024-11-18T20:39:11.626+0000] {spark_submit.py:579} INFO - 24/11/18 20:39:11 INFO MemoryStore: Block broadcast_0 stored as values in memory (estimated size 13.1 KiB, free 434.4 MiB)
[2024-11-18T20:39:11.666+0000] {spark_submit.py:579} INFO - 24/11/18 20:39:11 INFO MemoryStore: Block broadcast_0_piece0 stored as bytes in memory (estimated size 6.8 KiB, free 434.4 MiB)
[2024-11-18T20:39:11.671+0000] {spark_submit.py:579} INFO - 24/11/18 20:39:11 INFO BlockManagerInfo: Added broadcast_0_piece0 in memory on 303af52bf48c:35351 (size: 6.8 KiB, free: 434.4 MiB)
[2024-11-18T20:39:11.675+0000] {spark_submit.py:579} INFO - 24/11/18 20:39:11 INFO SparkContext: Created broadcast 0 from broadcast at DAGScheduler.scala:1585
[2024-11-18T20:39:11.695+0000] {spark_submit.py:579} INFO - 24/11/18 20:39:11 INFO DAGScheduler: Submitting 1 missing tasks from ResultStage 0 (MapPartitionsRDD[6] at showString at NativeMethodAccessorImpl.java:0) (first 15 tasks are for partitions Vector(0))
[2024-11-18T20:39:11.697+0000] {spark_submit.py:579} INFO - 24/11/18 20:39:11 INFO TaskSchedulerImpl: Adding task set 0.0 with 1 tasks resource profile 0
[2024-11-18T20:39:11.733+0000] {spark_submit.py:579} INFO - 24/11/18 20:39:11 INFO TaskSetManager: Starting task 0.0 in stage 0.0 (TID 0) (172.18.0.5, executor 0, partition 0, PROCESS_LOCAL, 7738 bytes)
[2024-11-18T20:39:11.990+0000] {spark_submit.py:579} INFO - 24/11/18 20:39:11 INFO BlockManagerInfo: Added broadcast_0_piece0 in memory on 172.18.0.5:46175 (size: 6.8 KiB, free: 434.4 MiB)
[2024-11-18T20:39:13.237+0000] {spark_submit.py:579} INFO - 24/11/18 20:39:13 INFO TaskSetManager: Finished task 0.0 in stage 0.0 (TID 0) in 1515 ms on 172.18.0.5 (executor 0) (1/1)
[2024-11-18T20:39:13.238+0000] {spark_submit.py:579} INFO - 24/11/18 20:39:13 INFO TaskSchedulerImpl: Removed TaskSet 0.0, whose tasks have all completed, from pool
[2024-11-18T20:39:13.243+0000] {spark_submit.py:579} INFO - 24/11/18 20:39:13 INFO PythonAccumulatorV2: Connected to AccumulatorServer at host: 127.0.0.1 port: 49275
[2024-11-18T20:39:13.247+0000] {spark_submit.py:579} INFO - 24/11/18 20:39:13 INFO DAGScheduler: ResultStage 0 (showString at NativeMethodAccessorImpl.java:0) finished in 1.699 s
[2024-11-18T20:39:13.251+0000] {spark_submit.py:579} INFO - 24/11/18 20:39:13 INFO DAGScheduler: Job 0 is finished. Cancelling potential speculative or zombie tasks for this job
[2024-11-18T20:39:13.252+0000] {spark_submit.py:579} INFO - 24/11/18 20:39:13 INFO TaskSchedulerImpl: Killing all running tasks in stage 0: Stage finished
[2024-11-18T20:39:13.255+0000] {spark_submit.py:579} INFO - 24/11/18 20:39:13 INFO DAGScheduler: Job 0 finished: showString at NativeMethodAccessorImpl.java:0, took 1.747201 s
[2024-11-18T20:39:13.265+0000] {spark_submit.py:579} INFO - 24/11/18 20:39:13 INFO SparkContext: Starting job: showString at NativeMethodAccessorImpl.java:0
[2024-11-18T20:39:13.267+0000] {spark_submit.py:579} INFO - 24/11/18 20:39:13 INFO DAGScheduler: Got job 1 (showString at NativeMethodAccessorImpl.java:0) with 1 output partitions
[2024-11-18T20:39:13.268+0000] {spark_submit.py:579} INFO - 24/11/18 20:39:13 INFO DAGScheduler: Final stage: ResultStage 1 (showString at NativeMethodAccessorImpl.java:0)
[2024-11-18T20:39:13.268+0000] {spark_submit.py:579} INFO - 24/11/18 20:39:13 INFO DAGScheduler: Parents of final stage: List()
[2024-11-18T20:39:13.269+0000] {spark_submit.py:579} INFO - 24/11/18 20:39:13 INFO DAGScheduler: Missing parents: List()
[2024-11-18T20:39:13.269+0000] {spark_submit.py:579} INFO - 24/11/18 20:39:13 INFO DAGScheduler: Submitting ResultStage 1 (MapPartitionsRDD[6] at showString at NativeMethodAccessorImpl.java:0), which has no missing parents
[2024-11-18T20:39:13.272+0000] {spark_submit.py:579} INFO - 24/11/18 20:39:13 INFO MemoryStore: Block broadcast_1 stored as values in memory (estimated size 13.1 KiB, free 434.4 MiB)
[2024-11-18T20:39:13.279+0000] {spark_submit.py:579} INFO - 24/11/18 20:39:13 INFO MemoryStore: Block broadcast_1_piece0 stored as bytes in memory (estimated size 6.8 KiB, free 434.4 MiB)
[2024-11-18T20:39:13.280+0000] {spark_submit.py:579} INFO - 24/11/18 20:39:13 INFO BlockManagerInfo: Added broadcast_1_piece0 in memory on 303af52bf48c:35351 (size: 6.8 KiB, free: 434.4 MiB)
[2024-11-18T20:39:13.281+0000] {spark_submit.py:579} INFO - 24/11/18 20:39:13 INFO SparkContext: Created broadcast 1 from broadcast at DAGScheduler.scala:1585
[2024-11-18T20:39:13.282+0000] {spark_submit.py:579} INFO - 24/11/18 20:39:13 INFO DAGScheduler: Submitting 1 missing tasks from ResultStage 1 (MapPartitionsRDD[6] at showString at NativeMethodAccessorImpl.java:0) (first 15 tasks are for partitions Vector(1))
[2024-11-18T20:39:13.283+0000] {spark_submit.py:579} INFO - 24/11/18 20:39:13 INFO TaskSchedulerImpl: Adding task set 1.0 with 1 tasks resource profile 0
[2024-11-18T20:39:13.285+0000] {spark_submit.py:579} INFO - 24/11/18 20:39:13 INFO TaskSetManager: Starting task 0.0 in stage 1.0 (TID 1) (172.18.0.5, executor 0, partition 1, PROCESS_LOCAL, 7725 bytes)
[2024-11-18T20:39:13.308+0000] {spark_submit.py:579} INFO - 24/11/18 20:39:13 INFO BlockManagerInfo: Removed broadcast_0_piece0 on 303af52bf48c:35351 in memory (size: 6.8 KiB, free: 434.4 MiB)
[2024-11-18T20:39:13.319+0000] {spark_submit.py:579} INFO - 24/11/18 20:39:13 INFO BlockManagerInfo: Removed broadcast_0_piece0 on 172.18.0.5:46175 in memory (size: 6.8 KiB, free: 434.4 MiB)
[2024-11-18T20:39:13.320+0000] {spark_submit.py:579} INFO - 24/11/18 20:39:13 INFO BlockManagerInfo: Added broadcast_1_piece0 in memory on 172.18.0.5:46175 (size: 6.8 KiB, free: 434.4 MiB)
[2024-11-18T20:39:13.460+0000] {spark_submit.py:579} INFO - 24/11/18 20:39:13 INFO TaskSetManager: Finished task 0.0 in stage 1.0 (TID 1) in 175 ms on 172.18.0.5 (executor 0) (1/1)
[2024-11-18T20:39:13.460+0000] {spark_submit.py:579} INFO - 24/11/18 20:39:13 INFO TaskSchedulerImpl: Removed TaskSet 1.0, whose tasks have all completed, from pool
[2024-11-18T20:39:13.462+0000] {spark_submit.py:579} INFO - 24/11/18 20:39:13 INFO DAGScheduler: ResultStage 1 (showString at NativeMethodAccessorImpl.java:0) finished in 0.191 s
[2024-11-18T20:39:13.462+0000] {spark_submit.py:579} INFO - 24/11/18 20:39:13 INFO DAGScheduler: Job 1 is finished. Cancelling potential speculative or zombie tasks for this job
[2024-11-18T20:39:13.463+0000] {spark_submit.py:579} INFO - 24/11/18 20:39:13 INFO TaskSchedulerImpl: Killing all running tasks in stage 1: Stage finished
[2024-11-18T20:39:13.463+0000] {spark_submit.py:579} INFO - 24/11/18 20:39:13 INFO DAGScheduler: Job 1 finished: showString at NativeMethodAccessorImpl.java:0, took 0.197459 s
[2024-11-18T20:39:14.263+0000] {spark_submit.py:579} INFO - 24/11/18 20:39:14 INFO BlockManagerInfo: Removed broadcast_1_piece0 on 303af52bf48c:35351 in memory (size: 6.8 KiB, free: 434.4 MiB)
[2024-11-18T20:39:14.270+0000] {spark_submit.py:579} INFO - 24/11/18 20:39:14 INFO BlockManagerInfo: Removed broadcast_1_piece0 on 172.18.0.5:46175 in memory (size: 6.8 KiB, free: 434.4 MiB)
[2024-11-18T20:39:14.578+0000] {spark_submit.py:579} INFO - 24/11/18 20:39:14 INFO CodeGenerator: Code generated in 17.455304 ms
[2024-11-18T20:39:14.588+0000] {spark_submit.py:579} INFO - +-------------+----------------+---------+
[2024-11-18T20:39:14.590+0000] {spark_submit.py:579} INFO - |Name         |Application Type|Use Count|
[2024-11-18T20:39:14.590+0000] {spark_submit.py:579} INFO - +-------------+----------------+---------+
[2024-11-18T20:39:14.591+0000] {spark_submit.py:579} INFO - |Joe Dou      |Social networks |120      |
[2024-11-18T20:39:14.591+0000] {spark_submit.py:579} INFO - |Masha Pupkina|Games           |85       |
[2024-11-18T20:39:14.591+0000] {spark_submit.py:579} INFO - |Alice Smith  |Social networks |90       |
[2024-11-18T20:39:14.592+0000] {spark_submit.py:579} INFO - |Ivan Ivanov  |Productivity    |60       |
[2024-11-18T20:39:14.592+0000] {spark_submit.py:579} INFO - |Donatello    |Games           |110      |
[2024-11-18T20:39:14.593+0000] {spark_submit.py:579} INFO - |Raphael      |Finances        |25       |
[2024-11-18T20:39:14.593+0000] {spark_submit.py:579} INFO - |Splinter     |Shoping         |50       |
[2024-11-18T20:39:14.593+0000] {spark_submit.py:579} INFO - |Mickianjelo  |Sport           |61       |
[2024-11-18T20:39:14.594+0000] {spark_submit.py:579} INFO - +-------------+----------------+---------+
[2024-11-18T20:39:14.594+0000] {spark_submit.py:579} INFO - 
[2024-11-18T20:39:14.975+0000] {spark_submit.py:579} INFO - 24/11/18 20:39:14 INFO CodeGenerator: Code generated in 84.803429 ms
[2024-11-18T20:39:15.055+0000] {spark_submit.py:579} INFO - 24/11/18 20:39:15 INFO DAGScheduler: Registering RDD 8 (showString at NativeMethodAccessorImpl.java:0) as input to shuffle 0
[2024-11-18T20:39:15.059+0000] {spark_submit.py:579} INFO - 24/11/18 20:39:15 INFO DAGScheduler: Got map stage job 2 (showString at NativeMethodAccessorImpl.java:0) with 2 output partitions
[2024-11-18T20:39:15.060+0000] {spark_submit.py:579} INFO - 24/11/18 20:39:15 INFO DAGScheduler: Final stage: ShuffleMapStage 2 (showString at NativeMethodAccessorImpl.java:0)
[2024-11-18T20:39:15.061+0000] {spark_submit.py:579} INFO - 24/11/18 20:39:15 INFO DAGScheduler: Parents of final stage: List()
[2024-11-18T20:39:15.062+0000] {spark_submit.py:579} INFO - 24/11/18 20:39:15 INFO DAGScheduler: Missing parents: List()
[2024-11-18T20:39:15.070+0000] {spark_submit.py:579} INFO - 24/11/18 20:39:15 INFO DAGScheduler: Submitting ShuffleMapStage 2 (MapPartitionsRDD[8] at showString at NativeMethodAccessorImpl.java:0), which has no missing parents
[2024-11-18T20:39:15.091+0000] {spark_submit.py:579} INFO - 24/11/18 20:39:15 INFO MemoryStore: Block broadcast_2 stored as values in memory (estimated size 41.1 KiB, free 434.4 MiB)
[2024-11-18T20:39:15.094+0000] {spark_submit.py:579} INFO - 24/11/18 20:39:15 INFO MemoryStore: Block broadcast_2_piece0 stored as bytes in memory (estimated size 19.2 KiB, free 434.3 MiB)
[2024-11-18T20:39:15.096+0000] {spark_submit.py:579} INFO - 24/11/18 20:39:15 INFO BlockManagerInfo: Added broadcast_2_piece0 in memory on 303af52bf48c:35351 (size: 19.2 KiB, free: 434.4 MiB)
[2024-11-18T20:39:15.097+0000] {spark_submit.py:579} INFO - 24/11/18 20:39:15 INFO SparkContext: Created broadcast 2 from broadcast at DAGScheduler.scala:1585
[2024-11-18T20:39:15.100+0000] {spark_submit.py:579} INFO - 24/11/18 20:39:15 INFO DAGScheduler: Submitting 2 missing tasks from ShuffleMapStage 2 (MapPartitionsRDD[8] at showString at NativeMethodAccessorImpl.java:0) (first 15 tasks are for partitions Vector(0, 1))
[2024-11-18T20:39:15.101+0000] {spark_submit.py:579} INFO - 24/11/18 20:39:15 INFO TaskSchedulerImpl: Adding task set 2.0 with 2 tasks resource profile 0
[2024-11-18T20:39:15.103+0000] {spark_submit.py:579} INFO - 24/11/18 20:39:15 INFO TaskSetManager: Starting task 0.0 in stage 2.0 (TID 2) (172.18.0.6, executor 1, partition 0, PROCESS_LOCAL, 7727 bytes)
[2024-11-18T20:39:15.105+0000] {spark_submit.py:579} INFO - 24/11/18 20:39:15 INFO TaskSetManager: Starting task 1.0 in stage 2.0 (TID 3) (172.18.0.5, executor 0, partition 1, PROCESS_LOCAL, 7714 bytes)
[2024-11-18T20:39:15.145+0000] {spark_submit.py:579} INFO - 24/11/18 20:39:15 INFO BlockManagerInfo: Added broadcast_2_piece0 in memory on 172.18.0.5:46175 (size: 19.2 KiB, free: 434.4 MiB)
[2024-11-18T20:39:15.398+0000] {spark_submit.py:579} INFO - 24/11/18 20:39:15 INFO BlockManagerInfo: Added broadcast_2_piece0 in memory on 172.18.0.6:39409 (size: 19.2 KiB, free: 434.4 MiB)
[2024-11-18T20:39:16.174+0000] {spark_submit.py:579} INFO - 24/11/18 20:39:16 INFO TaskSetManager: Finished task 1.0 in stage 2.0 (TID 3) in 1070 ms on 172.18.0.5 (executor 0) (1/2)
[2024-11-18T20:39:17.942+0000] {spark_submit.py:579} INFO - 24/11/18 20:39:17 INFO TaskSetManager: Finished task 0.0 in stage 2.0 (TID 2) in 2838 ms on 172.18.0.6 (executor 1) (2/2)
[2024-11-18T20:39:17.943+0000] {spark_submit.py:579} INFO - 24/11/18 20:39:17 INFO TaskSchedulerImpl: Removed TaskSet 2.0, whose tasks have all completed, from pool
[2024-11-18T20:39:17.946+0000] {spark_submit.py:579} INFO - 24/11/18 20:39:17 INFO DAGScheduler: ShuffleMapStage 2 (showString at NativeMethodAccessorImpl.java:0) finished in 2.870 s
[2024-11-18T20:39:17.948+0000] {spark_submit.py:579} INFO - 24/11/18 20:39:17 INFO DAGScheduler: looking for newly runnable stages
[2024-11-18T20:39:17.949+0000] {spark_submit.py:579} INFO - 24/11/18 20:39:17 INFO DAGScheduler: running: Set()
[2024-11-18T20:39:17.951+0000] {spark_submit.py:579} INFO - 24/11/18 20:39:17 INFO DAGScheduler: waiting: Set()
[2024-11-18T20:39:17.952+0000] {spark_submit.py:579} INFO - 24/11/18 20:39:17 INFO DAGScheduler: failed: Set()
[2024-11-18T20:39:17.987+0000] {spark_submit.py:579} INFO - 24/11/18 20:39:17 INFO ShufflePartitionsUtil: For shuffle(0), advisory target size: 67108864, actual target size 1048576, minimum partition size: 1048576
[2024-11-18T20:39:18.013+0000] {spark_submit.py:579} INFO - 24/11/18 20:39:18 INFO HashAggregateExec: spark.sql.codegen.aggregate.map.twolevel.enabled is set to true, but current version of codegened fast hashmap does not support this aggregate.
[2024-11-18T20:39:18.049+0000] {spark_submit.py:579} INFO - 24/11/18 20:39:18 INFO CodeGenerator: Code generated in 26.090009 ms
[2024-11-18T20:39:18.093+0000] {spark_submit.py:579} INFO - 24/11/18 20:39:18 INFO SparkContext: Starting job: showString at NativeMethodAccessorImpl.java:0
[2024-11-18T20:39:18.095+0000] {spark_submit.py:579} INFO - 24/11/18 20:39:18 INFO DAGScheduler: Got job 3 (showString at NativeMethodAccessorImpl.java:0) with 1 output partitions
[2024-11-18T20:39:18.095+0000] {spark_submit.py:579} INFO - 24/11/18 20:39:18 INFO DAGScheduler: Final stage: ResultStage 4 (showString at NativeMethodAccessorImpl.java:0)
[2024-11-18T20:39:18.096+0000] {spark_submit.py:579} INFO - 24/11/18 20:39:18 INFO DAGScheduler: Parents of final stage: List(ShuffleMapStage 3)
[2024-11-18T20:39:18.096+0000] {spark_submit.py:579} INFO - 24/11/18 20:39:18 INFO DAGScheduler: Missing parents: List()
[2024-11-18T20:39:18.097+0000] {spark_submit.py:579} INFO - 24/11/18 20:39:18 INFO DAGScheduler: Submitting ResultStage 4 (MapPartitionsRDD[11] at showString at NativeMethodAccessorImpl.java:0), which has no missing parents
[2024-11-18T20:39:18.111+0000] {spark_submit.py:579} INFO - 24/11/18 20:39:18 INFO MemoryStore: Block broadcast_3 stored as values in memory (estimated size 44.1 KiB, free 434.3 MiB)
[2024-11-18T20:39:18.113+0000] {spark_submit.py:579} INFO - 24/11/18 20:39:18 INFO MemoryStore: Block broadcast_3_piece0 stored as bytes in memory (estimated size 20.8 KiB, free 434.3 MiB)
[2024-11-18T20:39:18.114+0000] {spark_submit.py:579} INFO - 24/11/18 20:39:18 INFO BlockManagerInfo: Added broadcast_3_piece0 in memory on 303af52bf48c:35351 (size: 20.8 KiB, free: 434.4 MiB)
[2024-11-18T20:39:18.117+0000] {spark_submit.py:579} INFO - 24/11/18 20:39:18 INFO SparkContext: Created broadcast 3 from broadcast at DAGScheduler.scala:1585
[2024-11-18T20:39:18.118+0000] {spark_submit.py:579} INFO - 24/11/18 20:39:18 INFO DAGScheduler: Submitting 1 missing tasks from ResultStage 4 (MapPartitionsRDD[11] at showString at NativeMethodAccessorImpl.java:0) (first 15 tasks are for partitions Vector(0))
[2024-11-18T20:39:18.119+0000] {spark_submit.py:579} INFO - 24/11/18 20:39:18 INFO TaskSchedulerImpl: Adding task set 4.0 with 1 tasks resource profile 0
[2024-11-18T20:39:18.125+0000] {spark_submit.py:579} INFO - 24/11/18 20:39:18 INFO TaskSetManager: Starting task 0.0 in stage 4.0 (TID 4) (172.18.0.5, executor 0, partition 0, NODE_LOCAL, 7619 bytes)
[2024-11-18T20:39:18.157+0000] {spark_submit.py:579} INFO - 24/11/18 20:39:18 INFO BlockManagerInfo: Added broadcast_3_piece0 in memory on 172.18.0.5:46175 (size: 20.8 KiB, free: 434.4 MiB)
[2024-11-18T20:39:18.238+0000] {spark_submit.py:579} INFO - 24/11/18 20:39:18 INFO MapOutputTrackerMasterEndpoint: Asked to send map output locations for shuffle 0 to 172.18.0.5:54092
[2024-11-18T20:39:18.454+0000] {spark_submit.py:579} INFO - 24/11/18 20:39:18 INFO TaskSetManager: Finished task 0.0 in stage 4.0 (TID 4) in 332 ms on 172.18.0.5 (executor 0) (1/1)
[2024-11-18T20:39:18.455+0000] {spark_submit.py:579} INFO - 24/11/18 20:39:18 INFO TaskSchedulerImpl: Removed TaskSet 4.0, whose tasks have all completed, from pool
[2024-11-18T20:39:18.459+0000] {spark_submit.py:579} INFO - 24/11/18 20:39:18 INFO DAGScheduler: ResultStage 4 (showString at NativeMethodAccessorImpl.java:0) finished in 0.351 s
[2024-11-18T20:39:18.460+0000] {spark_submit.py:579} INFO - 24/11/18 20:39:18 INFO DAGScheduler: Job 3 is finished. Cancelling potential speculative or zombie tasks for this job
[2024-11-18T20:39:18.461+0000] {spark_submit.py:579} INFO - 24/11/18 20:39:18 INFO TaskSchedulerImpl: Killing all running tasks in stage 4: Stage finished
[2024-11-18T20:39:18.461+0000] {spark_submit.py:579} INFO - 24/11/18 20:39:18 INFO DAGScheduler: Job 3 finished: showString at NativeMethodAccessorImpl.java:0, took 0.370232 s
[2024-11-18T20:39:18.480+0000] {spark_submit.py:579} INFO - 24/11/18 20:39:18 INFO CodeGenerator: Code generated in 9.951597 ms
[2024-11-18T20:39:18.484+0000] {spark_submit.py:579} INFO - +----------------+-------------------+
[2024-11-18T20:39:18.485+0000] {spark_submit.py:579} INFO - |Application Type|Average Usage Count|
[2024-11-18T20:39:18.487+0000] {spark_submit.py:579} INFO - +----------------+-------------------+
[2024-11-18T20:39:18.488+0000] {spark_submit.py:579} INFO - |Shoping         |50.0               |
[2024-11-18T20:39:18.489+0000] {spark_submit.py:579} INFO - |Games           |97.5               |
[2024-11-18T20:39:18.496+0000] {spark_submit.py:579} INFO - |Finances        |25.0               |
[2024-11-18T20:39:18.497+0000] {spark_submit.py:579} INFO - |Sport           |61.0               |
[2024-11-18T20:39:18.497+0000] {spark_submit.py:579} INFO - |Social networks |105.0              |
[2024-11-18T20:39:18.500+0000] {spark_submit.py:579} INFO - |Productivity    |60.0               |
[2024-11-18T20:39:18.501+0000] {spark_submit.py:579} INFO - +----------------+-------------------+
[2024-11-18T20:39:18.502+0000] {spark_submit.py:579} INFO - 
[2024-11-18T20:39:18.502+0000] {spark_submit.py:579} INFO - 24/11/18 20:39:18 INFO SparkContext: SparkContext is stopping with exitCode 0.
[2024-11-18T20:39:18.508+0000] {spark_submit.py:579} INFO - 24/11/18 20:39:18 INFO SparkUI: Stopped Spark web UI at http://303af52bf48c:4040
[2024-11-18T20:39:18.514+0000] {spark_submit.py:579} INFO - 24/11/18 20:39:18 INFO StandaloneSchedulerBackend: Shutting down all executors
[2024-11-18T20:39:18.515+0000] {spark_submit.py:579} INFO - 24/11/18 20:39:18 INFO StandaloneSchedulerBackend$StandaloneDriverEndpoint: Asking each executor to shut down
[2024-11-18T20:39:18.558+0000] {spark_submit.py:579} INFO - 24/11/18 20:39:18 INFO MapOutputTrackerMasterEndpoint: MapOutputTrackerMasterEndpoint stopped!
[2024-11-18T20:39:18.678+0000] {spark_submit.py:579} INFO - 24/11/18 20:39:18 INFO MemoryStore: MemoryStore cleared
[2024-11-18T20:39:18.681+0000] {spark_submit.py:579} INFO - 24/11/18 20:39:18 INFO BlockManager: BlockManager stopped
[2024-11-18T20:39:18.693+0000] {spark_submit.py:579} INFO - 24/11/18 20:39:18 INFO BlockManagerMaster: BlockManagerMaster stopped
[2024-11-18T20:39:18.701+0000] {spark_submit.py:579} INFO - 24/11/18 20:39:18 INFO OutputCommitCoordinator$OutputCommitCoordinatorEndpoint: OutputCommitCoordinator stopped!
[2024-11-18T20:39:18.807+0000] {spark_submit.py:579} INFO - 24/11/18 20:39:18 INFO SparkContext: Successfully stopped SparkContext
[2024-11-18T20:39:19.691+0000] {spark_submit.py:579} INFO - 24/11/18 20:39:19 INFO ShutdownHookManager: Shutdown hook called
[2024-11-18T20:39:19.695+0000] {spark_submit.py:579} INFO - 24/11/18 20:39:19 INFO ShutdownHookManager: Deleting directory /tmp/spark-60869d38-4495-482f-a402-287b6b73d974
[2024-11-18T20:39:19.719+0000] {spark_submit.py:579} INFO - 24/11/18 20:39:19 INFO ShutdownHookManager: Deleting directory /tmp/spark-69a54e2d-141a-4473-af27-8c72ac581f03
[2024-11-18T20:39:19.740+0000] {spark_submit.py:579} INFO - 24/11/18 20:39:19 INFO ShutdownHookManager: Deleting directory /tmp/spark-69a54e2d-141a-4473-af27-8c72ac581f03/pyspark-d7dd08c3-fd1b-4a1f-83c2-c3faa99d54b2
[2024-11-18T20:39:19.852+0000] {taskinstance.py:441} INFO - ::group::Post task execution logs
[2024-11-18T20:39:19.868+0000] {taskinstance.py:1206} INFO - Marking task as SUCCESS. dag_id=spark_job, task_id=spark_task, run_id=manual__2024-11-18T20:33:03.864508+00:00, execution_date=20241118T203303, start_date=20241118T203859, end_date=20241118T203919
[2024-11-18T20:39:19.952+0000] {local_task_job_runner.py:243} INFO - Task exited with return code 0
[2024-11-18T20:39:19.980+0000] {taskinstance.py:3503} INFO - 0 downstream tasks scheduled from follow-on schedule check
[2024-11-18T20:39:19.987+0000] {local_task_job_runner.py:222} INFO - ::endgroup::
