[2024-11-18T20:33:10.515+0000] {local_task_job_runner.py:120} INFO - ::group::Pre task execution logs
[2024-11-18T20:33:10.593+0000] {taskinstance.py:2076} INFO - Dependencies all met for dep_context=non-requeueable deps ti=<TaskInstance: spark_job.spark_task scheduled__2024-11-14T00:00:00+00:00 [queued]>
[2024-11-18T20:33:10.615+0000] {taskinstance.py:2076} INFO - Dependencies all met for dep_context=requeueable deps ti=<TaskInstance: spark_job.spark_task scheduled__2024-11-14T00:00:00+00:00 [queued]>
[2024-11-18T20:33:10.618+0000] {taskinstance.py:2306} INFO - Starting attempt 2 of 2
[2024-11-18T20:33:10.691+0000] {taskinstance.py:2330} INFO - Executing <Task(SparkSubmitOperator): spark_task> on 2024-11-14 00:00:00+00:00
[2024-11-18T20:33:10.703+0000] {standard_task_runner.py:64} INFO - Started process 2034 to run task
[2024-11-18T20:33:10.721+0000] {standard_task_runner.py:90} INFO - Running: ['***', 'tasks', 'run', 'spark_job', 'spark_task', 'scheduled__2024-11-14T00:00:00+00:00', '--job-id', '13', '--raw', '--subdir', 'DAGS_FOLDER/spark_dag.py', '--cfg-path', '/tmp/tmphnnlrzvu']
[2024-11-18T20:33:10.727+0000] {standard_task_runner.py:91} INFO - Job 13: Subtask spark_task
[2024-11-18T20:33:10.854+0000] {task_command.py:426} INFO - Running <TaskInstance: spark_job.spark_task scheduled__2024-11-14T00:00:00+00:00 [running]> on host 303af52bf48c
[2024-11-18T20:33:11.090+0000] {taskinstance.py:2648} INFO - Exporting env vars: AIRFLOW_CTX_DAG_OWNER='***' AIRFLOW_CTX_DAG_ID='spark_job' AIRFLOW_CTX_TASK_ID='spark_task' AIRFLOW_CTX_EXECUTION_DATE='2024-11-14T00:00:00+00:00' AIRFLOW_CTX_TRY_NUMBER='2' AIRFLOW_CTX_DAG_RUN_ID='scheduled__2024-11-14T00:00:00+00:00'
[2024-11-18T20:33:11.094+0000] {taskinstance.py:430} INFO - ::endgroup::
[2024-11-18T20:33:11.113+0000] {base.py:84} INFO - Using connection ID 'spark_default' for task execution.
[2024-11-18T20:33:11.115+0000] {spark_submit.py:403} INFO - Spark-Submit cmd: spark-submit --master spark://spark:7077 --name arrow-spark --deploy-mode client /opt/***/dags/spark_job.py
[2024-11-18T20:33:18.289+0000] {spark_submit.py:579} INFO - 24/11/18 20:33:18 INFO SparkContext: Running Spark version 3.5.1
[2024-11-18T20:33:18.293+0000] {spark_submit.py:579} INFO - 24/11/18 20:33:18 INFO SparkContext: OS info Linux, 5.15.153.1-microsoft-standard-WSL2, amd64
[2024-11-18T20:33:18.294+0000] {spark_submit.py:579} INFO - 24/11/18 20:33:18 INFO SparkContext: Java version 17.0.12
[2024-11-18T20:33:18.383+0000] {spark_submit.py:579} INFO - 24/11/18 20:33:18 WARN NativeCodeLoader: Unable to load native-hadoop library for your platform... using builtin-java classes where applicable
[2024-11-18T20:33:18.523+0000] {spark_submit.py:579} INFO - 24/11/18 20:33:18 INFO ResourceUtils: ==============================================================
[2024-11-18T20:33:18.524+0000] {spark_submit.py:579} INFO - 24/11/18 20:33:18 INFO ResourceUtils: No custom resources configured for spark.driver.
[2024-11-18T20:33:18.527+0000] {spark_submit.py:579} INFO - 24/11/18 20:33:18 INFO ResourceUtils: ==============================================================
[2024-11-18T20:33:18.530+0000] {spark_submit.py:579} INFO - 24/11/18 20:33:18 INFO SparkContext: Submitted application: Airflow Spark Job
[2024-11-18T20:33:18.561+0000] {spark_submit.py:579} INFO - 24/11/18 20:33:18 INFO ResourceProfile: Default ResourceProfile created, executor resources: Map(memory -> name: memory, amount: 1024, script: , vendor: , offHeap -> name: offHeap, amount: 0, script: , vendor: ), task resources: Map(cpus -> name: cpus, amount: 1.0)
[2024-11-18T20:33:18.573+0000] {spark_submit.py:579} INFO - 24/11/18 20:33:18 INFO ResourceProfile: Limiting resource is cpu
[2024-11-18T20:33:18.575+0000] {spark_submit.py:579} INFO - 24/11/18 20:33:18 INFO ResourceProfileManager: Added ResourceProfile id: 0
[2024-11-18T20:33:18.653+0000] {spark_submit.py:579} INFO - 24/11/18 20:33:18 INFO SecurityManager: Changing view acls to: ***
[2024-11-18T20:33:18.655+0000] {spark_submit.py:579} INFO - 24/11/18 20:33:18 INFO SecurityManager: Changing modify acls to: ***
[2024-11-18T20:33:18.656+0000] {spark_submit.py:579} INFO - 24/11/18 20:33:18 INFO SecurityManager: Changing view acls groups to:
[2024-11-18T20:33:18.658+0000] {spark_submit.py:579} INFO - 24/11/18 20:33:18 INFO SecurityManager: Changing modify acls groups to:
[2024-11-18T20:33:18.659+0000] {spark_submit.py:579} INFO - 24/11/18 20:33:18 INFO SecurityManager: SecurityManager: authentication disabled; ui acls disabled; users with view permissions: ***; groups with view permissions: EMPTY; users with modify permissions: ***; groups with modify permissions: EMPTY
[2024-11-18T20:33:19.006+0000] {spark_submit.py:579} INFO - 24/11/18 20:33:19 INFO Utils: Successfully started service 'sparkDriver' on port 37791.
[2024-11-18T20:33:19.083+0000] {spark_submit.py:579} INFO - 24/11/18 20:33:19 INFO SparkEnv: Registering MapOutputTracker
[2024-11-18T20:33:19.169+0000] {spark_submit.py:579} INFO - 24/11/18 20:33:19 INFO SparkEnv: Registering BlockManagerMaster
[2024-11-18T20:33:19.190+0000] {spark_submit.py:579} INFO - 24/11/18 20:33:19 INFO BlockManagerMasterEndpoint: Using org.apache.spark.storage.DefaultTopologyMapper for getting topology information
[2024-11-18T20:33:19.192+0000] {spark_submit.py:579} INFO - 24/11/18 20:33:19 INFO BlockManagerMasterEndpoint: BlockManagerMasterEndpoint up
[2024-11-18T20:33:19.199+0000] {spark_submit.py:579} INFO - 24/11/18 20:33:19 INFO SparkEnv: Registering BlockManagerMasterHeartbeat
[2024-11-18T20:33:19.224+0000] {spark_submit.py:579} INFO - 24/11/18 20:33:19 INFO DiskBlockManager: Created local directory at /tmp/blockmgr-5b508c88-4c17-45ad-9e97-e1256b63dfd9
[2024-11-18T20:33:19.247+0000] {spark_submit.py:579} INFO - 24/11/18 20:33:19 INFO MemoryStore: MemoryStore started with capacity 434.4 MiB
[2024-11-18T20:33:19.338+0000] {spark_submit.py:579} INFO - 24/11/18 20:33:19 INFO SparkEnv: Registering OutputCommitCoordinator
[2024-11-18T20:33:19.580+0000] {spark_submit.py:579} INFO - 24/11/18 20:33:19 INFO JettyUtils: Start Jetty 0.0.0.0:4040 for SparkUI
[2024-11-18T20:33:19.831+0000] {spark_submit.py:579} INFO - 24/11/18 20:33:19 INFO Utils: Successfully started service 'SparkUI' on port 4040.
[2024-11-18T20:33:20.269+0000] {spark_submit.py:579} INFO - 24/11/18 20:33:20 INFO StandaloneAppClient$ClientEndpoint: Connecting to master spark://spark:7077...
[2024-11-18T20:33:20.552+0000] {spark_submit.py:579} INFO - 24/11/18 20:33:20 INFO TransportClientFactory: Successfully created connection to spark/172.18.0.4:7077 after 178 ms (0 ms spent in bootstraps)
[2024-11-18T20:33:20.950+0000] {spark_submit.py:579} INFO - 24/11/18 20:33:20 INFO StandaloneSchedulerBackend: Connected to Spark cluster with app ID app-20241118203320-0010
[2024-11-18T20:33:21.017+0000] {spark_submit.py:579} INFO - 24/11/18 20:33:20 INFO Utils: Successfully started service 'org.apache.spark.network.netty.NettyBlockTransferService' on port 39681.
[2024-11-18T20:33:21.021+0000] {spark_submit.py:579} INFO - 24/11/18 20:33:20 INFO NettyBlockTransferService: Server created on 303af52bf48c:39681
[2024-11-18T20:33:21.034+0000] {spark_submit.py:579} INFO - 24/11/18 20:33:21 INFO BlockManager: Using org.apache.spark.storage.RandomBlockReplicationPolicy for block replication policy
[2024-11-18T20:33:21.048+0000] {spark_submit.py:579} INFO - 24/11/18 20:33:21 INFO BlockManagerMaster: Registering BlockManager BlockManagerId(driver, 303af52bf48c, 39681, None)
[2024-11-18T20:33:21.066+0000] {spark_submit.py:579} INFO - 24/11/18 20:33:21 INFO BlockManagerMasterEndpoint: Registering block manager 303af52bf48c:39681 with 434.4 MiB RAM, BlockManagerId(driver, 303af52bf48c, 39681, None)
[2024-11-18T20:33:21.070+0000] {spark_submit.py:579} INFO - 24/11/18 20:33:21 INFO BlockManagerMaster: Registered BlockManager BlockManagerId(driver, 303af52bf48c, 39681, None)
[2024-11-18T20:33:21.075+0000] {spark_submit.py:579} INFO - 24/11/18 20:33:21 INFO BlockManager: Initialized BlockManager: BlockManagerId(driver, 303af52bf48c, 39681, None)
[2024-11-18T20:33:22.330+0000] {spark_submit.py:579} INFO - 24/11/18 20:33:22 INFO StandaloneSchedulerBackend: SchedulerBackend is ready for scheduling beginning after reached minRegisteredResourcesRatio: 0.0
[2024-11-18T20:33:24.628+0000] {spark_submit.py:579} INFO - 24/11/18 20:33:24 INFO SharedState: Setting hive.metastore.warehouse.dir ('null') to the value of spark.sql.warehouse.dir.
[2024-11-18T20:33:24.632+0000] {spark_submit.py:579} INFO - 24/11/18 20:33:24 INFO SharedState: Warehouse path is 'file:/app/spark-warehouse'.
[2024-11-18T20:33:31.347+0000] {spark_submit.py:579} INFO - 24/11/18 20:33:31 INFO CodeGenerator: Code generated in 351.045881 ms
[2024-11-18T20:33:31.423+0000] {spark_submit.py:579} INFO - 24/11/18 20:33:31 INFO SparkContext: Starting job: showString at NativeMethodAccessorImpl.java:0
[2024-11-18T20:33:31.452+0000] {spark_submit.py:579} INFO - 24/11/18 20:33:31 INFO DAGScheduler: Got job 0 (showString at NativeMethodAccessorImpl.java:0) with 1 output partitions
[2024-11-18T20:33:31.453+0000] {spark_submit.py:579} INFO - 24/11/18 20:33:31 INFO DAGScheduler: Final stage: ResultStage 0 (showString at NativeMethodAccessorImpl.java:0)
[2024-11-18T20:33:31.454+0000] {spark_submit.py:579} INFO - 24/11/18 20:33:31 INFO DAGScheduler: Parents of final stage: List()
[2024-11-18T20:33:31.458+0000] {spark_submit.py:579} INFO - 24/11/18 20:33:31 INFO DAGScheduler: Missing parents: List()
[2024-11-18T20:33:31.493+0000] {spark_submit.py:579} INFO - 24/11/18 20:33:31 INFO DAGScheduler: Submitting ResultStage 0 (MapPartitionsRDD[6] at showString at NativeMethodAccessorImpl.java:0), which has no missing parents
[2024-11-18T20:33:31.676+0000] {spark_submit.py:579} INFO - 24/11/18 20:33:31 INFO MemoryStore: Block broadcast_0 stored as values in memory (estimated size 13.1 KiB, free 434.4 MiB)
[2024-11-18T20:33:31.768+0000] {spark_submit.py:579} INFO - 24/11/18 20:33:31 INFO MemoryStore: Block broadcast_0_piece0 stored as bytes in memory (estimated size 6.8 KiB, free 434.4 MiB)
[2024-11-18T20:33:31.779+0000] {spark_submit.py:579} INFO - 24/11/18 20:33:31 INFO BlockManagerInfo: Added broadcast_0_piece0 in memory on 303af52bf48c:39681 (size: 6.8 KiB, free: 434.4 MiB)
[2024-11-18T20:33:31.804+0000] {spark_submit.py:579} INFO - 24/11/18 20:33:31 INFO SparkContext: Created broadcast 0 from broadcast at DAGScheduler.scala:1585
[2024-11-18T20:33:31.829+0000] {spark_submit.py:579} INFO - 24/11/18 20:33:31 INFO DAGScheduler: Submitting 1 missing tasks from ResultStage 0 (MapPartitionsRDD[6] at showString at NativeMethodAccessorImpl.java:0) (first 15 tasks are for partitions Vector(0))
[2024-11-18T20:33:31.832+0000] {spark_submit.py:579} INFO - 24/11/18 20:33:31 INFO TaskSchedulerImpl: Adding task set 0.0 with 1 tasks resource profile 0
[2024-11-18T20:33:33.255+0000] {spark_submit.py:579} INFO - 24/11/18 20:33:33 INFO StandaloneAppClient$ClientEndpoint: Executor added: app-20241118203320-0010/0 on worker-20241118201828-172.18.0.5-32835 (172.18.0.5:32835) with 1 core(s)
[2024-11-18T20:33:33.258+0000] {spark_submit.py:579} INFO - 24/11/18 20:33:33 INFO StandaloneSchedulerBackend: Granted executor ID app-20241118203320-0010/0 on hostPort 172.18.0.5:32835 with 1 core(s), 1024.0 MiB RAM
[2024-11-18T20:33:33.262+0000] {spark_submit.py:579} INFO - 24/11/18 20:33:33 INFO StandaloneAppClient$ClientEndpoint: Executor added: app-20241118203320-0010/1 on worker-20241118201828-172.18.0.6-37135 (172.18.0.6:37135) with 1 core(s)
[2024-11-18T20:33:33.263+0000] {spark_submit.py:579} INFO - 24/11/18 20:33:33 INFO StandaloneSchedulerBackend: Granted executor ID app-20241118203320-0010/1 on hostPort 172.18.0.6:37135 with 1 core(s), 1024.0 MiB RAM
[2024-11-18T20:33:33.398+0000] {spark_submit.py:579} INFO - 24/11/18 20:33:33 INFO StandaloneAppClient$ClientEndpoint: Executor updated: app-20241118203320-0010/1 is now RUNNING
[2024-11-18T20:33:33.414+0000] {spark_submit.py:579} INFO - 24/11/18 20:33:33 INFO StandaloneAppClient$ClientEndpoint: Executor updated: app-20241118203320-0010/0 is now RUNNING
[2024-11-18T20:33:36.531+0000] {spark_submit.py:579} INFO - 24/11/18 20:33:36 INFO StandaloneSchedulerBackend$StandaloneDriverEndpoint: Registered executor NettyRpcEndpointRef(spark-client://Executor) (172.18.0.5:44498) with ID 0,  ResourceProfileId 0
[2024-11-18T20:33:36.540+0000] {spark_submit.py:579} INFO - 24/11/18 20:33:36 INFO StandaloneSchedulerBackend$StandaloneDriverEndpoint: Registered executor NettyRpcEndpointRef(spark-client://Executor) (172.18.0.6:56496) with ID 1,  ResourceProfileId 0
[2024-11-18T20:33:36.615+0000] {spark_submit.py:579} INFO - 24/11/18 20:33:36 INFO BlockManagerMasterEndpoint: Registering block manager 172.18.0.5:34083 with 434.4 MiB RAM, BlockManagerId(0, 172.18.0.5, 34083, None)
[2024-11-18T20:33:36.617+0000] {spark_submit.py:579} INFO - 24/11/18 20:33:36 INFO BlockManagerMasterEndpoint: Registering block manager 172.18.0.6:40213 with 434.4 MiB RAM, BlockManagerId(1, 172.18.0.6, 40213, None)
[2024-11-18T20:33:36.685+0000] {spark_submit.py:579} INFO - 24/11/18 20:33:36 INFO TaskSetManager: Starting task 0.0 in stage 0.0 (TID 0) (172.18.0.5, executor 0, partition 0, PROCESS_LOCAL, 7738 bytes)
[2024-11-18T20:33:36.944+0000] {spark_submit.py:579} INFO - 24/11/18 20:33:36 INFO BlockManagerInfo: Added broadcast_0_piece0 in memory on 172.18.0.5:34083 (size: 6.8 KiB, free: 434.4 MiB)
[2024-11-18T20:33:38.205+0000] {spark_submit.py:579} INFO - 24/11/18 20:33:38 INFO TaskSetManager: Finished task 0.0 in stage 0.0 (TID 0) in 1532 ms on 172.18.0.5 (executor 0) (1/1)
[2024-11-18T20:33:38.206+0000] {spark_submit.py:579} INFO - 24/11/18 20:33:38 INFO TaskSchedulerImpl: Removed TaskSet 0.0, whose tasks have all completed, from pool
[2024-11-18T20:33:38.211+0000] {spark_submit.py:579} INFO - 24/11/18 20:33:38 INFO PythonAccumulatorV2: Connected to AccumulatorServer at host: 127.0.0.1 port: 55155
[2024-11-18T20:33:38.215+0000] {spark_submit.py:579} INFO - 24/11/18 20:33:38 INFO DAGScheduler: ResultStage 0 (showString at NativeMethodAccessorImpl.java:0) finished in 6.694 s
[2024-11-18T20:33:38.219+0000] {spark_submit.py:579} INFO - 24/11/18 20:33:38 INFO DAGScheduler: Job 0 is finished. Cancelling potential speculative or zombie tasks for this job
[2024-11-18T20:33:38.219+0000] {spark_submit.py:579} INFO - 24/11/18 20:33:38 INFO TaskSchedulerImpl: Killing all running tasks in stage 0: Stage finished
[2024-11-18T20:33:38.222+0000] {spark_submit.py:579} INFO - 24/11/18 20:33:38 INFO DAGScheduler: Job 0 finished: showString at NativeMethodAccessorImpl.java:0, took 6.799483 s
[2024-11-18T20:33:38.231+0000] {spark_submit.py:579} INFO - 24/11/18 20:33:38 INFO SparkContext: Starting job: showString at NativeMethodAccessorImpl.java:0
[2024-11-18T20:33:38.232+0000] {spark_submit.py:579} INFO - 24/11/18 20:33:38 INFO DAGScheduler: Got job 1 (showString at NativeMethodAccessorImpl.java:0) with 1 output partitions
[2024-11-18T20:33:38.232+0000] {spark_submit.py:579} INFO - 24/11/18 20:33:38 INFO DAGScheduler: Final stage: ResultStage 1 (showString at NativeMethodAccessorImpl.java:0)
[2024-11-18T20:33:38.233+0000] {spark_submit.py:579} INFO - 24/11/18 20:33:38 INFO DAGScheduler: Parents of final stage: List()
[2024-11-18T20:33:38.233+0000] {spark_submit.py:579} INFO - 24/11/18 20:33:38 INFO DAGScheduler: Missing parents: List()
[2024-11-18T20:33:38.233+0000] {spark_submit.py:579} INFO - 24/11/18 20:33:38 INFO DAGScheduler: Submitting ResultStage 1 (MapPartitionsRDD[6] at showString at NativeMethodAccessorImpl.java:0), which has no missing parents
[2024-11-18T20:33:38.238+0000] {spark_submit.py:579} INFO - 24/11/18 20:33:38 INFO MemoryStore: Block broadcast_1 stored as values in memory (estimated size 13.1 KiB, free 434.4 MiB)
[2024-11-18T20:33:38.245+0000] {spark_submit.py:579} INFO - 24/11/18 20:33:38 INFO MemoryStore: Block broadcast_1_piece0 stored as bytes in memory (estimated size 6.8 KiB, free 434.4 MiB)
[2024-11-18T20:33:38.246+0000] {spark_submit.py:579} INFO - 24/11/18 20:33:38 INFO BlockManagerInfo: Added broadcast_1_piece0 in memory on 303af52bf48c:39681 (size: 6.8 KiB, free: 434.4 MiB)
[2024-11-18T20:33:38.247+0000] {spark_submit.py:579} INFO - 24/11/18 20:33:38 INFO SparkContext: Created broadcast 1 from broadcast at DAGScheduler.scala:1585
[2024-11-18T20:33:38.248+0000] {spark_submit.py:579} INFO - 24/11/18 20:33:38 INFO DAGScheduler: Submitting 1 missing tasks from ResultStage 1 (MapPartitionsRDD[6] at showString at NativeMethodAccessorImpl.java:0) (first 15 tasks are for partitions Vector(1))
[2024-11-18T20:33:38.249+0000] {spark_submit.py:579} INFO - 24/11/18 20:33:38 INFO TaskSchedulerImpl: Adding task set 1.0 with 1 tasks resource profile 0
[2024-11-18T20:33:38.251+0000] {spark_submit.py:579} INFO - 24/11/18 20:33:38 INFO TaskSetManager: Starting task 0.0 in stage 1.0 (TID 1) (172.18.0.5, executor 0, partition 1, PROCESS_LOCAL, 7725 bytes)
[2024-11-18T20:33:38.276+0000] {spark_submit.py:579} INFO - 24/11/18 20:33:38 INFO BlockManagerInfo: Removed broadcast_0_piece0 on 303af52bf48c:39681 in memory (size: 6.8 KiB, free: 434.4 MiB)
[2024-11-18T20:33:38.280+0000] {spark_submit.py:579} INFO - 24/11/18 20:33:38 INFO BlockManagerInfo: Removed broadcast_0_piece0 on 172.18.0.5:34083 in memory (size: 6.8 KiB, free: 434.4 MiB)
[2024-11-18T20:33:38.283+0000] {spark_submit.py:579} INFO - 24/11/18 20:33:38 INFO BlockManagerInfo: Added broadcast_1_piece0 in memory on 172.18.0.5:34083 (size: 6.8 KiB, free: 434.4 MiB)
[2024-11-18T20:33:38.414+0000] {spark_submit.py:579} INFO - 24/11/18 20:33:38 INFO TaskSetManager: Finished task 0.0 in stage 1.0 (TID 1) in 164 ms on 172.18.0.5 (executor 0) (1/1)
[2024-11-18T20:33:38.415+0000] {spark_submit.py:579} INFO - 24/11/18 20:33:38 INFO TaskSchedulerImpl: Removed TaskSet 1.0, whose tasks have all completed, from pool
[2024-11-18T20:33:38.416+0000] {spark_submit.py:579} INFO - 24/11/18 20:33:38 INFO DAGScheduler: ResultStage 1 (showString at NativeMethodAccessorImpl.java:0) finished in 0.181 s
[2024-11-18T20:33:38.417+0000] {spark_submit.py:579} INFO - 24/11/18 20:33:38 INFO DAGScheduler: Job 1 is finished. Cancelling potential speculative or zombie tasks for this job
[2024-11-18T20:33:38.418+0000] {spark_submit.py:579} INFO - 24/11/18 20:33:38 INFO TaskSchedulerImpl: Killing all running tasks in stage 1: Stage finished
[2024-11-18T20:33:38.419+0000] {spark_submit.py:579} INFO - 24/11/18 20:33:38 INFO DAGScheduler: Job 1 finished: showString at NativeMethodAccessorImpl.java:0, took 0.186242 s
[2024-11-18T20:33:39.000+0000] {spark_submit.py:579} INFO - 24/11/18 20:33:39 INFO BlockManagerInfo: Removed broadcast_1_piece0 on 303af52bf48c:39681 in memory (size: 6.8 KiB, free: 434.4 MiB)
[2024-11-18T20:33:39.006+0000] {spark_submit.py:579} INFO - 24/11/18 20:33:39 INFO BlockManagerInfo: Removed broadcast_1_piece0 on 172.18.0.5:34083 in memory (size: 6.8 KiB, free: 434.4 MiB)
[2024-11-18T20:33:39.301+0000] {spark_submit.py:579} INFO - 24/11/18 20:33:39 INFO CodeGenerator: Code generated in 18.318905 ms
[2024-11-18T20:33:39.311+0000] {spark_submit.py:579} INFO - +-------------+----------------+---------+
[2024-11-18T20:33:39.311+0000] {spark_submit.py:579} INFO - |Name         |Application Type|Use Count|
[2024-11-18T20:33:39.312+0000] {spark_submit.py:579} INFO - +-------------+----------------+---------+
[2024-11-18T20:33:39.312+0000] {spark_submit.py:579} INFO - |Joe Dou      |Social networks |120      |
[2024-11-18T20:33:39.313+0000] {spark_submit.py:579} INFO - |Masha Pupkina|Games           |85       |
[2024-11-18T20:33:39.313+0000] {spark_submit.py:579} INFO - |Alice Smith  |Social networks |90       |
[2024-11-18T20:33:39.313+0000] {spark_submit.py:579} INFO - |Ivan Ivanov  |Productivity    |60       |
[2024-11-18T20:33:39.314+0000] {spark_submit.py:579} INFO - |Donatello    |Games           |110      |
[2024-11-18T20:33:39.314+0000] {spark_submit.py:579} INFO - |Raphael      |Finances        |25       |
[2024-11-18T20:33:39.314+0000] {spark_submit.py:579} INFO - |Splinter     |Shoping         |50       |
[2024-11-18T20:33:39.314+0000] {spark_submit.py:579} INFO - |Mickianjelo  |Sport           |61       |
[2024-11-18T20:33:39.315+0000] {spark_submit.py:579} INFO - +-------------+----------------+---------+
[2024-11-18T20:33:39.315+0000] {spark_submit.py:579} INFO - 
[2024-11-18T20:33:39.518+0000] {spark_submit.py:579} INFO - Traceback (most recent call last):
[2024-11-18T20:33:39.519+0000] {spark_submit.py:579} INFO - File "/opt/***/dags/spark_job.py", line 19, in <module>
[2024-11-18T20:33:39.520+0000] {spark_submit.py:579} INFO - df.groupBy("AppType").agg(avg("UsageMinutes").alias("AverageUsageMinutes")).show(truncate=False)
[2024-11-18T20:33:39.520+0000] {spark_submit.py:579} INFO - ^^^^^^^^^^^^^^^^^^^^^^^^^^^^^^^^^^^^^^^^^^^^^^^^^^^^^^^^^^^^^^^^^^^^^^^^^^^
[2024-11-18T20:33:39.521+0000] {spark_submit.py:579} INFO - File "/home/***/.local/lib/python3.11/site-packages/pyspark/python/lib/pyspark.zip/pyspark/sql/group.py", line 186, in agg
[2024-11-18T20:33:39.521+0000] {spark_submit.py:579} INFO - File "/home/***/.local/lib/python3.11/site-packages/pyspark/python/lib/py4j-0.10.9.7-src.zip/py4j/java_gateway.py", line 1322, in __call__
[2024-11-18T20:33:39.521+0000] {spark_submit.py:579} INFO - File "/home/***/.local/lib/python3.11/site-packages/pyspark/python/lib/pyspark.zip/pyspark/errors/exceptions/captured.py", line 185, in deco
[2024-11-18T20:33:39.526+0000] {spark_submit.py:579} INFO - pyspark.errors.exceptions.captured.AnalysisException: [UNRESOLVED_COLUMN.WITH_SUGGESTION] A column or function parameter with name `AppType` cannot be resolved. Did you mean one of the following? [`Name`, `Application Type`, `Use Count`].;
[2024-11-18T20:33:39.527+0000] {spark_submit.py:579} INFO - 'Aggregate ['AppType], ['AppType, avg('UsageMinutes) AS AverageUsageMinutes#23]
[2024-11-18T20:33:39.527+0000] {spark_submit.py:579} INFO - +- LogicalRDD [Name#0, Application Type#1, Use Count#2L], false
[2024-11-18T20:33:39.528+0000] {spark_submit.py:579} INFO - 
[2024-11-18T20:33:39.675+0000] {spark_submit.py:579} INFO - 24/11/18 20:33:39 INFO SparkContext: Invoking stop() from shutdown hook
[2024-11-18T20:33:39.676+0000] {spark_submit.py:579} INFO - 24/11/18 20:33:39 INFO SparkContext: SparkContext is stopping with exitCode 0.
[2024-11-18T20:33:39.684+0000] {spark_submit.py:579} INFO - 24/11/18 20:33:39 INFO SparkUI: Stopped Spark web UI at http://303af52bf48c:4040
[2024-11-18T20:33:39.687+0000] {spark_submit.py:579} INFO - 24/11/18 20:33:39 INFO StandaloneSchedulerBackend: Shutting down all executors
[2024-11-18T20:33:39.688+0000] {spark_submit.py:579} INFO - 24/11/18 20:33:39 INFO StandaloneSchedulerBackend$StandaloneDriverEndpoint: Asking each executor to shut down
[2024-11-18T20:33:39.720+0000] {spark_submit.py:579} INFO - 24/11/18 20:33:39 INFO MapOutputTrackerMasterEndpoint: MapOutputTrackerMasterEndpoint stopped!
[2024-11-18T20:33:39.771+0000] {spark_submit.py:579} INFO - 24/11/18 20:33:39 INFO MemoryStore: MemoryStore cleared
[2024-11-18T20:33:39.772+0000] {spark_submit.py:579} INFO - 24/11/18 20:33:39 INFO BlockManager: BlockManager stopped
[2024-11-18T20:33:39.778+0000] {spark_submit.py:579} INFO - 24/11/18 20:33:39 INFO BlockManagerMaster: BlockManagerMaster stopped
[2024-11-18T20:33:39.789+0000] {spark_submit.py:579} INFO - 24/11/18 20:33:39 INFO OutputCommitCoordinator$OutputCommitCoordinatorEndpoint: OutputCommitCoordinator stopped!
[2024-11-18T20:33:39.802+0000] {spark_submit.py:579} INFO - 24/11/18 20:33:39 INFO SparkContext: Successfully stopped SparkContext
[2024-11-18T20:33:39.804+0000] {spark_submit.py:579} INFO - 24/11/18 20:33:39 INFO ShutdownHookManager: Shutdown hook called
[2024-11-18T20:33:39.811+0000] {spark_submit.py:579} INFO - 24/11/18 20:33:39 INFO ShutdownHookManager: Deleting directory /tmp/spark-cbd71a1f-7090-4c52-af3c-04bafe64e463
[2024-11-18T20:33:39.816+0000] {spark_submit.py:579} INFO - 24/11/18 20:33:39 INFO ShutdownHookManager: Deleting directory /tmp/spark-33980992-529b-494a-84a8-3ace9c6668ef
[2024-11-18T20:33:39.822+0000] {spark_submit.py:579} INFO - 24/11/18 20:33:39 INFO ShutdownHookManager: Deleting directory /tmp/spark-cbd71a1f-7090-4c52-af3c-04bafe64e463/pyspark-59905ff0-62ef-4380-86a2-a10858005af2
[2024-11-18T20:33:39.876+0000] {taskinstance.py:441} INFO - ::group::Post task execution logs
[2024-11-18T20:33:39.888+0000] {taskinstance.py:2905} ERROR - Task failed with exception
Traceback (most recent call last):
  File "/home/airflow/.local/lib/python3.11/site-packages/airflow/models/taskinstance.py", line 465, in _execute_task
    result = _execute_callable(context=context, **execute_callable_kwargs)
             ^^^^^^^^^^^^^^^^^^^^^^^^^^^^^^^^^^^^^^^^^^^^^^^^^^^^^^^^^^^^^
  File "/home/airflow/.local/lib/python3.11/site-packages/airflow/models/taskinstance.py", line 432, in _execute_callable
    return execute_callable(context=context, **execute_callable_kwargs)
           ^^^^^^^^^^^^^^^^^^^^^^^^^^^^^^^^^^^^^^^^^^^^^^^^^^^^^^^^^^^^
  File "/home/airflow/.local/lib/python3.11/site-packages/airflow/models/baseoperator.py", line 401, in wrapper
    return func(self, *args, **kwargs)
           ^^^^^^^^^^^^^^^^^^^^^^^^^^^
  File "/home/airflow/.local/lib/python3.11/site-packages/airflow/providers/apache/spark/operators/spark_submit.py", line 174, in execute
    self._hook.submit(self.application)
  File "/home/airflow/.local/lib/python3.11/site-packages/airflow/providers/apache/spark/hooks/spark_submit.py", line 505, in submit
    raise AirflowException(
airflow.exceptions.AirflowException: Cannot execute: spark-submit --master spark://spark:7077 --name arrow-spark --deploy-mode client /opt/***/dags/spark_job.py. Error code is: 1.
[2024-11-18T20:33:39.897+0000] {taskinstance.py:1206} INFO - Marking task as FAILED. dag_id=spark_job, task_id=spark_task, run_id=scheduled__2024-11-14T00:00:00+00:00, execution_date=20241114T000000, start_date=20241118T203310, end_date=20241118T203339
[2024-11-18T20:33:39.918+0000] {standard_task_runner.py:110} ERROR - Failed to execute job 13 for task spark_task (Cannot execute: spark-submit --master spark://spark:7077 --name arrow-spark --deploy-mode client /opt/***/dags/spark_job.py. Error code is: 1.; 2034)
[2024-11-18T20:33:39.950+0000] {local_task_job_runner.py:243} INFO - Task exited with return code 1
[2024-11-18T20:33:39.977+0000] {taskinstance.py:3503} INFO - 0 downstream tasks scheduled from follow-on schedule check
[2024-11-18T20:33:39.981+0000] {local_task_job_runner.py:222} INFO - ::endgroup::
