[2024-11-18T17:47:35.646+0000] {local_task_job_runner.py:120} INFO - ::group::Pre task execution logs
[2024-11-18T17:47:35.709+0000] {taskinstance.py:2076} INFO - Dependencies all met for dep_context=non-requeueable deps ti=<TaskInstance: spark_dag.spark_task scheduled__2024-04-30T00:00:00+00:00 [queued]>
[2024-11-18T17:47:35.740+0000] {taskinstance.py:2076} INFO - Dependencies all met for dep_context=requeueable deps ti=<TaskInstance: spark_dag.spark_task scheduled__2024-04-30T00:00:00+00:00 [queued]>
[2024-11-18T17:47:35.742+0000] {taskinstance.py:2306} INFO - Starting attempt 3 of 3
[2024-11-18T17:47:35.770+0000] {taskinstance.py:2330} INFO - Executing <Task(SparkSubmitOperator): spark_task> on 2024-04-30 00:00:00+00:00
[2024-11-18T17:47:35.781+0000] {standard_task_runner.py:64} INFO - Started process 143 to run task
[2024-11-18T17:47:35.787+0000] {standard_task_runner.py:90} INFO - Running: ['***', 'tasks', 'run', 'spark_dag', 'spark_task', 'scheduled__2024-04-30T00:00:00+00:00', '--job-id', '644', '--raw', '--subdir', 'DAGS_FOLDER/spark_dag.py', '--cfg-path', '/tmp/tmptnyp7_x5']
[2024-11-18T17:47:35.790+0000] {standard_task_runner.py:91} INFO - Job 644: Subtask spark_task
[2024-11-18T17:47:35.903+0000] {task_command.py:426} INFO - Running <TaskInstance: spark_dag.spark_task scheduled__2024-04-30T00:00:00+00:00 [running]> on host 3fa30a842a1c
[2024-11-18T17:47:36.126+0000] {taskinstance.py:2648} INFO - Exporting env vars: AIRFLOW_CTX_DAG_OWNER='***' AIRFLOW_CTX_DAG_ID='spark_dag' AIRFLOW_CTX_TASK_ID='spark_task' AIRFLOW_CTX_EXECUTION_DATE='2024-04-30T00:00:00+00:00' AIRFLOW_CTX_TRY_NUMBER='3' AIRFLOW_CTX_DAG_RUN_ID='scheduled__2024-04-30T00:00:00+00:00'
[2024-11-18T17:47:36.131+0000] {taskinstance.py:430} INFO - ::endgroup::
[2024-11-18T17:47:36.178+0000] {base.py:84} INFO - Using connection ID 'spark_default' for task execution.
[2024-11-18T17:47:36.185+0000] {spark_submit.py:473} INFO - Spark-Submit cmd: spark-submit --master spark://spark:7077 --name arrow-spark --deploy-mode client /opt/***/dags/spark_job.py
[2024-11-18T17:47:42.964+0000] {spark_submit.py:634} INFO - 24/11/18 17:47:42 INFO SparkContext: Running Spark version 3.5.3
[2024-11-18T17:47:42.972+0000] {spark_submit.py:634} INFO - 24/11/18 17:47:42 INFO SparkContext: OS info Linux, 5.15.153.1-microsoft-standard-WSL2, amd64
[2024-11-18T17:47:42.973+0000] {spark_submit.py:634} INFO - 24/11/18 17:47:42 INFO SparkContext: Java version 17.0.12
[2024-11-18T17:47:43.268+0000] {spark_submit.py:634} INFO - 24/11/18 17:47:43 WARN NativeCodeLoader: Unable to load native-hadoop library for your platform... using builtin-java classes where applicable
[2024-11-18T17:47:43.556+0000] {spark_submit.py:634} INFO - 24/11/18 17:47:43 INFO ResourceUtils: ==============================================================
[2024-11-18T17:47:43.557+0000] {spark_submit.py:634} INFO - 24/11/18 17:47:43 INFO ResourceUtils: No custom resources configured for spark.driver.
[2024-11-18T17:47:43.563+0000] {spark_submit.py:634} INFO - 24/11/18 17:47:43 INFO ResourceUtils: ==============================================================
[2024-11-18T17:47:43.572+0000] {spark_submit.py:634} INFO - 24/11/18 17:47:43 INFO SparkContext: Submitted application: Airflow Spark Job
[2024-11-18T17:47:43.624+0000] {spark_submit.py:634} INFO - 24/11/18 17:47:43 INFO ResourceProfile: Default ResourceProfile created, executor resources: Map(memory -> name: memory, amount: 1024, script: , vendor: , offHeap -> name: offHeap, amount: 0, script: , vendor: ), task resources: Map(cpus -> name: cpus, amount: 1.0)
[2024-11-18T17:47:43.653+0000] {spark_submit.py:634} INFO - 24/11/18 17:47:43 INFO ResourceProfile: Limiting resource is cpu
[2024-11-18T17:47:43.655+0000] {spark_submit.py:634} INFO - 24/11/18 17:47:43 INFO ResourceProfileManager: Added ResourceProfile id: 0
[2024-11-18T17:47:43.796+0000] {spark_submit.py:634} INFO - 24/11/18 17:47:43 INFO SecurityManager: Changing view acls to: ***
[2024-11-18T17:47:43.799+0000] {spark_submit.py:634} INFO - 24/11/18 17:47:43 INFO SecurityManager: Changing modify acls to: ***
[2024-11-18T17:47:43.800+0000] {spark_submit.py:634} INFO - 24/11/18 17:47:43 INFO SecurityManager: Changing view acls groups to:
[2024-11-18T17:47:43.801+0000] {spark_submit.py:634} INFO - 24/11/18 17:47:43 INFO SecurityManager: Changing modify acls groups to:
[2024-11-18T17:47:43.812+0000] {spark_submit.py:634} INFO - 24/11/18 17:47:43 INFO SecurityManager: SecurityManager: authentication disabled; ui acls disabled; users with view permissions: ***; groups with view permissions: EMPTY; users with modify permissions: ***; groups with modify permissions: EMPTY
[2024-11-18T17:47:44.790+0000] {spark_submit.py:634} INFO - 24/11/18 17:47:44 INFO Utils: Successfully started service 'sparkDriver' on port 37113.
[2024-11-18T17:47:44.954+0000] {spark_submit.py:634} INFO - 24/11/18 17:47:44 INFO SparkEnv: Registering MapOutputTracker
[2024-11-18T17:47:45.075+0000] {spark_submit.py:634} INFO - 24/11/18 17:47:45 INFO SparkEnv: Registering BlockManagerMaster
[2024-11-18T17:47:45.105+0000] {spark_submit.py:634} INFO - 24/11/18 17:47:45 INFO BlockManagerMasterEndpoint: Using org.apache.spark.storage.DefaultTopologyMapper for getting topology information
[2024-11-18T17:47:45.111+0000] {spark_submit.py:634} INFO - 24/11/18 17:47:45 INFO BlockManagerMasterEndpoint: BlockManagerMasterEndpoint up
[2024-11-18T17:47:45.130+0000] {spark_submit.py:634} INFO - 24/11/18 17:47:45 INFO SparkEnv: Registering BlockManagerMasterHeartbeat
[2024-11-18T17:47:45.245+0000] {spark_submit.py:634} INFO - 24/11/18 17:47:45 INFO DiskBlockManager: Created local directory at /tmp/blockmgr-94896ef9-48a7-4431-92aa-8876050ac07e
[2024-11-18T17:47:45.298+0000] {spark_submit.py:634} INFO - 24/11/18 17:47:45 INFO MemoryStore: MemoryStore started with capacity 434.4 MiB
[2024-11-18T17:47:45.359+0000] {spark_submit.py:634} INFO - 24/11/18 17:47:45 INFO SparkEnv: Registering OutputCommitCoordinator
[2024-11-18T17:47:45.890+0000] {spark_submit.py:634} INFO - 24/11/18 17:47:45 INFO JettyUtils: Start Jetty 0.0.0.0:4040 for SparkUI
[2024-11-18T17:47:46.236+0000] {spark_submit.py:634} INFO - 24/11/18 17:47:46 WARN Utils: Service 'SparkUI' could not bind on port 4040. Attempting port 4041.
[2024-11-18T17:47:46.274+0000] {spark_submit.py:634} INFO - 24/11/18 17:47:46 INFO Utils: Successfully started service 'SparkUI' on port 4041.
[2024-11-18T17:47:47.145+0000] {spark_submit.py:634} INFO - 24/11/18 17:47:47 INFO StandaloneAppClient$ClientEndpoint: Connecting to master spark://spark:7077...
[2024-11-18T17:47:47.421+0000] {spark_submit.py:634} INFO - 24/11/18 17:47:47 INFO TransportClientFactory: Successfully created connection to spark/172.19.0.4:7077 after 135 ms (0 ms spent in bootstraps)
[2024-11-18T17:47:47.944+0000] {spark_submit.py:634} INFO - 24/11/18 17:47:47 INFO StandaloneSchedulerBackend: Connected to Spark cluster with app ID app-20241118174747-0001
[2024-11-18T17:47:48.040+0000] {spark_submit.py:634} INFO - 24/11/18 17:47:48 INFO Utils: Successfully started service 'org.apache.spark.network.netty.NettyBlockTransferService' on port 45919.
[2024-11-18T17:47:48.057+0000] {spark_submit.py:634} INFO - 24/11/18 17:47:48 INFO NettyBlockTransferService: Server created on 3fa30a842a1c:45919
[2024-11-18T17:47:48.058+0000] {spark_submit.py:634} INFO - 24/11/18 17:47:48 INFO BlockManager: Using org.apache.spark.storage.RandomBlockReplicationPolicy for block replication policy
[2024-11-18T17:47:48.059+0000] {spark_submit.py:634} INFO - 24/11/18 17:47:48 INFO BlockManagerMaster: Registering BlockManager BlockManagerId(driver, 3fa30a842a1c, 45919, None)
[2024-11-18T17:47:48.060+0000] {spark_submit.py:634} INFO - 24/11/18 17:47:48 INFO BlockManagerMasterEndpoint: Registering block manager 3fa30a842a1c:45919 with 434.4 MiB RAM, BlockManagerId(driver, 3fa30a842a1c, 45919, None)
[2024-11-18T17:47:48.067+0000] {spark_submit.py:634} INFO - 24/11/18 17:47:48 INFO BlockManagerMaster: Registered BlockManager BlockManagerId(driver, 3fa30a842a1c, 45919, None)
[2024-11-18T17:47:48.074+0000] {spark_submit.py:634} INFO - 24/11/18 17:47:48 INFO BlockManager: Initialized BlockManager: BlockManagerId(driver, 3fa30a842a1c, 45919, None)
[2024-11-18T17:47:49.220+0000] {spark_submit.py:634} INFO - 24/11/18 17:47:49 INFO StandaloneSchedulerBackend: SchedulerBackend is ready for scheduling beginning after reached minRegisteredResourcesRatio: 0.0
[2024-11-18T17:47:53.485+0000] {spark_submit.py:634} INFO - 24/11/18 17:47:53 INFO SharedState: Setting hive.metastore.warehouse.dir ('null') to the value of spark.sql.warehouse.dir.
[2024-11-18T17:47:53.513+0000] {spark_submit.py:634} INFO - 24/11/18 17:47:53 INFO SharedState: Warehouse path is 'file:/app/spark-warehouse'.
[2024-11-18T17:48:08.147+0000] {spark_submit.py:634} INFO - 24/11/18 17:48:08 INFO CodeGenerator: Code generated in 962.302259 ms
[2024-11-18T17:48:08.291+0000] {spark_submit.py:634} INFO - 24/11/18 17:48:08 INFO SparkContext: Starting job: showString at NativeMethodAccessorImpl.java:0
[2024-11-18T17:48:08.375+0000] {spark_submit.py:634} INFO - 24/11/18 17:48:08 INFO DAGScheduler: Got job 0 (showString at NativeMethodAccessorImpl.java:0) with 1 output partitions
[2024-11-18T17:48:08.390+0000] {spark_submit.py:634} INFO - 24/11/18 17:48:08 INFO DAGScheduler: Final stage: ResultStage 0 (showString at NativeMethodAccessorImpl.java:0)
[2024-11-18T17:48:08.392+0000] {spark_submit.py:634} INFO - 24/11/18 17:48:08 INFO DAGScheduler: Parents of final stage: List()
[2024-11-18T17:48:08.402+0000] {spark_submit.py:634} INFO - 24/11/18 17:48:08 INFO DAGScheduler: Missing parents: List()
[2024-11-18T17:48:08.407+0000] {spark_submit.py:634} INFO - 24/11/18 17:48:08 INFO DAGScheduler: Submitting ResultStage 0 (MapPartitionsRDD[6] at showString at NativeMethodAccessorImpl.java:0), which has no missing parents
[2024-11-18T17:48:08.833+0000] {spark_submit.py:634} INFO - 24/11/18 17:48:08 INFO MemoryStore: Block broadcast_0 stored as values in memory (estimated size 13.1 KiB, free 434.4 MiB)
[2024-11-18T17:48:08.922+0000] {spark_submit.py:634} INFO - 24/11/18 17:48:08 INFO MemoryStore: Block broadcast_0_piece0 stored as bytes in memory (estimated size 6.8 KiB, free 434.4 MiB)
[2024-11-18T17:48:08.942+0000] {spark_submit.py:634} INFO - 24/11/18 17:48:08 INFO BlockManagerInfo: Added broadcast_0_piece0 in memory on 3fa30a842a1c:45919 (size: 6.8 KiB, free: 434.4 MiB)
[2024-11-18T17:48:08.949+0000] {spark_submit.py:634} INFO - 24/11/18 17:48:08 INFO SparkContext: Created broadcast 0 from broadcast at DAGScheduler.scala:1585
[2024-11-18T17:48:09.015+0000] {spark_submit.py:634} INFO - 24/11/18 17:48:09 INFO DAGScheduler: Submitting 1 missing tasks from ResultStage 0 (MapPartitionsRDD[6] at showString at NativeMethodAccessorImpl.java:0) (first 15 tasks are for partitions Vector(0))
[2024-11-18T17:48:09.018+0000] {spark_submit.py:634} INFO - 24/11/18 17:48:09 INFO TaskSchedulerImpl: Adding task set 0.0 with 1 tasks resource profile 0
[2024-11-18T17:48:11.503+0000] {spark_submit.py:634} INFO - 24/11/18 17:48:11 INFO StandaloneAppClient$ClientEndpoint: Executor added: app-20241118174747-0001/0 on worker-20241118174417-172.19.0.6-36637 (172.19.0.6:36637) with 1 core(s)
[2024-11-18T17:48:11.507+0000] {spark_submit.py:634} INFO - 24/11/18 17:48:11 INFO StandaloneSchedulerBackend: Granted executor ID app-20241118174747-0001/0 on hostPort 172.19.0.6:36637 with 1 core(s), 1024.0 MiB RAM
[2024-11-18T17:48:11.530+0000] {spark_submit.py:634} INFO - 24/11/18 17:48:11 INFO StandaloneAppClient$ClientEndpoint: Executor added: app-20241118174747-0001/1 on worker-20241118174417-172.19.0.5-35145 (172.19.0.5:35145) with 1 core(s)
[2024-11-18T17:48:11.544+0000] {spark_submit.py:634} INFO - 24/11/18 17:48:11 INFO StandaloneSchedulerBackend: Granted executor ID app-20241118174747-0001/1 on hostPort 172.19.0.5:35145 with 1 core(s), 1024.0 MiB RAM
[2024-11-18T17:48:11.767+0000] {spark_submit.py:634} INFO - 24/11/18 17:48:11 INFO StandaloneAppClient$ClientEndpoint: Executor updated: app-20241118174747-0001/1 is now RUNNING
[2024-11-18T17:48:11.796+0000] {spark_submit.py:634} INFO - 24/11/18 17:48:11 INFO StandaloneAppClient$ClientEndpoint: Executor updated: app-20241118174747-0001/0 is now RUNNING
[2024-11-18T17:48:21.920+0000] {spark_submit.py:634} INFO - 24/11/18 17:48:21 INFO StandaloneSchedulerBackend$StandaloneDriverEndpoint: Registered executor NettyRpcEndpointRef(spark-client://Executor) (172.19.0.5:47872) with ID 1,  ResourceProfileId 0
[2024-11-18T17:48:21.957+0000] {spark_submit.py:634} INFO - 24/11/18 17:48:21 INFO StandaloneSchedulerBackend$StandaloneDriverEndpoint: Registered executor NettyRpcEndpointRef(spark-client://Executor) (172.19.0.6:51074) with ID 0,  ResourceProfileId 0
[2024-11-18T17:48:22.472+0000] {spark_submit.py:634} INFO - 24/11/18 17:48:22 INFO BlockManagerMasterEndpoint: Registering block manager 172.19.0.6:35955 with 434.4 MiB RAM, BlockManagerId(0, 172.19.0.6, 35955, None)
[2024-11-18T17:48:22.576+0000] {spark_submit.py:634} INFO - 24/11/18 17:48:22 INFO BlockManagerMasterEndpoint: Registering block manager 172.19.0.5:33831 with 434.4 MiB RAM, BlockManagerId(1, 172.19.0.5, 33831, None)
[2024-11-18T17:48:22.910+0000] {spark_submit.py:634} INFO - 24/11/18 17:48:22 INFO TaskSetManager: Starting task 0.0 in stage 0.0 (TID 0) (172.19.0.6, executor 0, partition 0, PROCESS_LOCAL, 9122 bytes)
[2024-11-18T17:48:23.388+0000] {spark_submit.py:634} INFO - 24/11/18 17:48:23 WARN TaskSetManager: Lost task 0.0 in stage 0.0 (TID 0) (172.19.0.6 executor 0): java.io.InvalidClassException: org.apache.spark.scheduler.Task; local class incompatible: stream classdesc serialVersionUID = -6188971942555435033, local class serialVersionUID = 553100815431272095
[2024-11-18T17:48:23.393+0000] {spark_submit.py:634} INFO - at java.base/java.io.ObjectStreamClass.initNonProxy(ObjectStreamClass.java:597)
[2024-11-18T17:48:23.394+0000] {spark_submit.py:634} INFO - at java.base/java.io.ObjectInputStream.readNonProxyDesc(ObjectInputStream.java:2051)
[2024-11-18T17:48:23.395+0000] {spark_submit.py:634} INFO - at java.base/java.io.ObjectInputStream.readClassDesc(ObjectInputStream.java:1898)
[2024-11-18T17:48:23.396+0000] {spark_submit.py:634} INFO - at java.base/java.io.ObjectInputStream.readNonProxyDesc(ObjectInputStream.java:2051)
[2024-11-18T17:48:23.402+0000] {spark_submit.py:634} INFO - at java.base/java.io.ObjectInputStream.readClassDesc(ObjectInputStream.java:1898)
[2024-11-18T17:48:23.403+0000] {spark_submit.py:634} INFO - at java.base/java.io.ObjectInputStream.readOrdinaryObject(ObjectInputStream.java:2224)
[2024-11-18T17:48:23.410+0000] {spark_submit.py:634} INFO - at java.base/java.io.ObjectInputStream.readObject0(ObjectInputStream.java:1733)
[2024-11-18T17:48:23.411+0000] {spark_submit.py:634} INFO - at java.base/java.io.ObjectInputStream.readObject(ObjectInputStream.java:509)
[2024-11-18T17:48:23.412+0000] {spark_submit.py:634} INFO - at java.base/java.io.ObjectInputStream.readObject(ObjectInputStream.java:467)
[2024-11-18T17:48:23.413+0000] {spark_submit.py:634} INFO - at org.apache.spark.serializer.JavaDeserializationStream.readObject(JavaSerializer.scala:87)
[2024-11-18T17:48:23.416+0000] {spark_submit.py:634} INFO - at org.apache.spark.serializer.JavaSerializerInstance.deserialize(JavaSerializer.scala:129)
[2024-11-18T17:48:23.417+0000] {spark_submit.py:634} INFO - at org.apache.spark.executor.Executor$TaskRunner.run(Executor.scala:579)
[2024-11-18T17:48:23.420+0000] {spark_submit.py:634} INFO - at java.base/java.util.concurrent.ThreadPoolExecutor.runWorker(ThreadPoolExecutor.java:1136)
[2024-11-18T17:48:23.420+0000] {spark_submit.py:634} INFO - at java.base/java.util.concurrent.ThreadPoolExecutor$Worker.run(ThreadPoolExecutor.java:635)
[2024-11-18T17:48:23.426+0000] {spark_submit.py:634} INFO - at java.base/java.lang.Thread.run(Thread.java:840)
[2024-11-18T17:48:23.429+0000] {spark_submit.py:634} INFO - 
[2024-11-18T17:48:23.448+0000] {spark_submit.py:634} INFO - 24/11/18 17:48:23 INFO TaskSetManager: Starting task 0.1 in stage 0.0 (TID 1) (172.19.0.5, executor 1, partition 0, PROCESS_LOCAL, 9122 bytes)
[2024-11-18T17:48:23.806+0000] {spark_submit.py:634} INFO - 24/11/18 17:48:23 INFO TaskSetManager: Lost task 0.1 in stage 0.0 (TID 1) on 172.19.0.5, executor 1: java.io.InvalidClassException (org.apache.spark.scheduler.Task; local class incompatible: stream classdesc serialVersionUID = -6188971942555435033, local class serialVersionUID = 553100815431272095) [duplicate 1]
[2024-11-18T17:48:23.813+0000] {spark_submit.py:634} INFO - 24/11/18 17:48:23 INFO TaskSetManager: Starting task 0.2 in stage 0.0 (TID 2) (172.19.0.5, executor 1, partition 0, PROCESS_LOCAL, 9122 bytes)
[2024-11-18T17:48:23.913+0000] {spark_submit.py:634} INFO - 24/11/18 17:48:23 INFO TaskSetManager: Lost task 0.2 in stage 0.0 (TID 2) on 172.19.0.5, executor 1: java.io.InvalidClassException (org.apache.spark.scheduler.Task; local class incompatible: stream classdesc serialVersionUID = -6188971942555435033, local class serialVersionUID = 553100815431272095) [duplicate 2]
[2024-11-18T17:48:23.930+0000] {spark_submit.py:634} INFO - 24/11/18 17:48:23 INFO TaskSetManager: Starting task 0.3 in stage 0.0 (TID 3) (172.19.0.6, executor 0, partition 0, PROCESS_LOCAL, 9122 bytes)
[2024-11-18T17:48:23.969+0000] {spark_submit.py:634} INFO - 24/11/18 17:48:23 INFO TaskSetManager: Lost task 0.3 in stage 0.0 (TID 3) on 172.19.0.6, executor 0: java.io.InvalidClassException (org.apache.spark.scheduler.Task; local class incompatible: stream classdesc serialVersionUID = -6188971942555435033, local class serialVersionUID = 553100815431272095) [duplicate 3]
[2024-11-18T17:48:23.978+0000] {spark_submit.py:634} INFO - 24/11/18 17:48:23 ERROR TaskSetManager: Task 0 in stage 0.0 failed 4 times; aborting job
[2024-11-18T17:48:24.009+0000] {spark_submit.py:634} INFO - 24/11/18 17:48:24 INFO TaskSchedulerImpl: Removed TaskSet 0.0, whose tasks have all completed, from pool
[2024-11-18T17:48:24.019+0000] {spark_submit.py:634} INFO - 24/11/18 17:48:24 INFO TaskSchedulerImpl: Cancelling stage 0
[2024-11-18T17:48:24.035+0000] {spark_submit.py:634} INFO - 24/11/18 17:48:24 INFO TaskSchedulerImpl: Killing all running tasks in stage 0: Stage cancelled: Job aborted due to stage failure: Task 0 in stage 0.0 failed 4 times, most recent failure: Lost task 0.3 in stage 0.0 (TID 3) (172.19.0.6 executor 0): java.io.InvalidClassException: org.apache.spark.scheduler.Task; local class incompatible: stream classdesc serialVersionUID = -6188971942555435033, local class serialVersionUID = 553100815431272095
[2024-11-18T17:48:24.044+0000] {spark_submit.py:634} INFO - at java.base/java.io.ObjectStreamClass.initNonProxy(ObjectStreamClass.java:597)
[2024-11-18T17:48:24.069+0000] {spark_submit.py:634} INFO - at java.base/java.io.ObjectInputStream.readNonProxyDesc(ObjectInputStream.java:2051)
[2024-11-18T17:48:24.086+0000] {spark_submit.py:634} INFO - at java.base/java.io.ObjectInputStream.readClassDesc(ObjectInputStream.java:1898)
[2024-11-18T17:48:24.094+0000] {spark_submit.py:634} INFO - at java.base/java.io.ObjectInputStream.readNonProxyDesc(ObjectInputStream.java:2051)
[2024-11-18T17:48:24.102+0000] {spark_submit.py:634} INFO - at java.base/java.io.ObjectInputStream.readClassDesc(ObjectInputStream.java:1898)
[2024-11-18T17:48:24.109+0000] {spark_submit.py:634} INFO - at java.base/java.io.ObjectInputStream.readOrdinaryObject(ObjectInputStream.java:2224)
[2024-11-18T17:48:24.144+0000] {spark_submit.py:634} INFO - at java.base/java.io.ObjectInputStream.readObject0(ObjectInputStream.java:1733)
[2024-11-18T17:48:24.163+0000] {spark_submit.py:634} INFO - at java.base/java.io.ObjectInputStream.readObject(ObjectInputStream.java:509)
[2024-11-18T17:48:24.168+0000] {spark_submit.py:634} INFO - at java.base/java.io.ObjectInputStream.readObject(ObjectInputStream.java:467)
[2024-11-18T17:48:24.181+0000] {spark_submit.py:634} INFO - at org.apache.spark.serializer.JavaDeserializationStream.readObject(JavaSerializer.scala:87)
[2024-11-18T17:48:24.195+0000] {spark_submit.py:634} INFO - at org.apache.spark.serializer.JavaSerializerInstance.deserialize(JavaSerializer.scala:129)
[2024-11-18T17:48:24.200+0000] {spark_submit.py:634} INFO - at org.apache.spark.executor.Executor$TaskRunner.run(Executor.scala:579)
[2024-11-18T17:48:24.219+0000] {spark_submit.py:634} INFO - at java.base/java.util.concurrent.ThreadPoolExecutor.runWorker(ThreadPoolExecutor.java:1136)
[2024-11-18T17:48:24.233+0000] {spark_submit.py:634} INFO - at java.base/java.util.concurrent.ThreadPoolExecutor$Worker.run(ThreadPoolExecutor.java:635)
[2024-11-18T17:48:24.242+0000] {spark_submit.py:634} INFO - at java.base/java.lang.Thread.run(Thread.java:840)
[2024-11-18T17:48:24.256+0000] {spark_submit.py:634} INFO - 
[2024-11-18T17:48:24.263+0000] {spark_submit.py:634} INFO - Driver stacktrace:
[2024-11-18T17:48:24.277+0000] {spark_submit.py:634} INFO - 24/11/18 17:48:24 INFO DAGScheduler: ResultStage 0 (showString at NativeMethodAccessorImpl.java:0) failed in 15.539 s due to Job aborted due to stage failure: Task 0 in stage 0.0 failed 4 times, most recent failure: Lost task 0.3 in stage 0.0 (TID 3) (172.19.0.6 executor 0): java.io.InvalidClassException: org.apache.spark.scheduler.Task; local class incompatible: stream classdesc serialVersionUID = -6188971942555435033, local class serialVersionUID = 553100815431272095
[2024-11-18T17:48:24.293+0000] {spark_submit.py:634} INFO - at java.base/java.io.ObjectStreamClass.initNonProxy(ObjectStreamClass.java:597)
[2024-11-18T17:48:24.293+0000] {spark_submit.py:634} INFO - at java.base/java.io.ObjectInputStream.readNonProxyDesc(ObjectInputStream.java:2051)
[2024-11-18T17:48:24.294+0000] {spark_submit.py:634} INFO - at java.base/java.io.ObjectInputStream.readClassDesc(ObjectInputStream.java:1898)
[2024-11-18T17:48:24.295+0000] {spark_submit.py:634} INFO - at java.base/java.io.ObjectInputStream.readNonProxyDesc(ObjectInputStream.java:2051)
[2024-11-18T17:48:24.309+0000] {spark_submit.py:634} INFO - at java.base/java.io.ObjectInputStream.readClassDesc(ObjectInputStream.java:1898)
[2024-11-18T17:48:24.332+0000] {spark_submit.py:634} INFO - at java.base/java.io.ObjectInputStream.readOrdinaryObject(ObjectInputStream.java:2224)
[2024-11-18T17:48:24.344+0000] {spark_submit.py:634} INFO - at java.base/java.io.ObjectInputStream.readObject0(ObjectInputStream.java:1733)
[2024-11-18T17:48:24.352+0000] {spark_submit.py:634} INFO - at java.base/java.io.ObjectInputStream.readObject(ObjectInputStream.java:509)
[2024-11-18T17:48:24.354+0000] {spark_submit.py:634} INFO - at java.base/java.io.ObjectInputStream.readObject(ObjectInputStream.java:467)
[2024-11-18T17:48:24.360+0000] {spark_submit.py:634} INFO - at org.apache.spark.serializer.JavaDeserializationStream.readObject(JavaSerializer.scala:87)
[2024-11-18T17:48:24.372+0000] {spark_submit.py:634} INFO - at org.apache.spark.serializer.JavaSerializerInstance.deserialize(JavaSerializer.scala:129)
[2024-11-18T17:48:24.385+0000] {spark_submit.py:634} INFO - at org.apache.spark.executor.Executor$TaskRunner.run(Executor.scala:579)
[2024-11-18T17:48:24.386+0000] {spark_submit.py:634} INFO - at java.base/java.util.concurrent.ThreadPoolExecutor.runWorker(ThreadPoolExecutor.java:1136)
[2024-11-18T17:48:24.393+0000] {spark_submit.py:634} INFO - at java.base/java.util.concurrent.ThreadPoolExecutor$Worker.run(ThreadPoolExecutor.java:635)
[2024-11-18T17:48:24.394+0000] {spark_submit.py:634} INFO - at java.base/java.lang.Thread.run(Thread.java:840)
[2024-11-18T17:48:24.394+0000] {spark_submit.py:634} INFO - 
[2024-11-18T17:48:24.396+0000] {spark_submit.py:634} INFO - Driver stacktrace:
[2024-11-18T17:48:24.408+0000] {spark_submit.py:634} INFO - 24/11/18 17:48:24 INFO DAGScheduler: Job 0 failed: showString at NativeMethodAccessorImpl.java:0, took 15.779381 s
[2024-11-18T17:48:25.043+0000] {spark_submit.py:634} INFO - Traceback (most recent call last):
[2024-11-18T17:48:25.046+0000] {spark_submit.py:634} INFO - File "/opt/***/dags/spark_job.py", line 16, in <module>
[2024-11-18T17:48:25.071+0000] {spark_submit.py:634} INFO - df.show()
[2024-11-18T17:48:25.073+0000] {spark_submit.py:634} INFO - File "/home/***/.local/lib/python3.11/site-packages/pyspark/python/lib/pyspark.zip/pyspark/sql/dataframe.py", line 947, in show
[2024-11-18T17:48:25.074+0000] {spark_submit.py:634} INFO - File "/home/***/.local/lib/python3.11/site-packages/pyspark/python/lib/pyspark.zip/pyspark/sql/dataframe.py", line 965, in _show_string
[2024-11-18T17:48:25.080+0000] {spark_submit.py:634} INFO - File "/home/***/.local/lib/python3.11/site-packages/pyspark/python/lib/py4j-0.10.9.7-src.zip/py4j/java_gateway.py", line 1322, in __call__
[2024-11-18T17:48:25.081+0000] {spark_submit.py:634} INFO - File "/home/***/.local/lib/python3.11/site-packages/pyspark/python/lib/pyspark.zip/pyspark/errors/exceptions/captured.py", line 179, in deco
[2024-11-18T17:48:25.081+0000] {spark_submit.py:634} INFO - File "/home/***/.local/lib/python3.11/site-packages/pyspark/python/lib/py4j-0.10.9.7-src.zip/py4j/protocol.py", line 326, in get_return_value
[2024-11-18T17:48:25.097+0000] {spark_submit.py:634} INFO - py4j.protocol.Py4JJavaError: An error occurred while calling o41.showString.
[2024-11-18T17:48:25.101+0000] {spark_submit.py:634} INFO - : org.apache.spark.SparkException: Job aborted due to stage failure: Task 0 in stage 0.0 failed 4 times, most recent failure: Lost task 0.3 in stage 0.0 (TID 3) (172.19.0.6 executor 0): java.io.InvalidClassException: org.apache.spark.scheduler.Task; local class incompatible: stream classdesc serialVersionUID = -6188971942555435033, local class serialVersionUID = 553100815431272095
[2024-11-18T17:48:25.114+0000] {spark_submit.py:634} INFO - at java.base/java.io.ObjectStreamClass.initNonProxy(ObjectStreamClass.java:597)
[2024-11-18T17:48:25.115+0000] {spark_submit.py:634} INFO - at java.base/java.io.ObjectInputStream.readNonProxyDesc(ObjectInputStream.java:2051)
[2024-11-18T17:48:25.116+0000] {spark_submit.py:634} INFO - at java.base/java.io.ObjectInputStream.readClassDesc(ObjectInputStream.java:1898)
[2024-11-18T17:48:25.116+0000] {spark_submit.py:634} INFO - at java.base/java.io.ObjectInputStream.readNonProxyDesc(ObjectInputStream.java:2051)
[2024-11-18T17:48:25.116+0000] {spark_submit.py:634} INFO - at java.base/java.io.ObjectInputStream.readClassDesc(ObjectInputStream.java:1898)
[2024-11-18T17:48:25.117+0000] {spark_submit.py:634} INFO - at java.base/java.io.ObjectInputStream.readOrdinaryObject(ObjectInputStream.java:2224)
[2024-11-18T17:48:25.123+0000] {spark_submit.py:634} INFO - at java.base/java.io.ObjectInputStream.readObject0(ObjectInputStream.java:1733)
[2024-11-18T17:48:25.125+0000] {spark_submit.py:634} INFO - at java.base/java.io.ObjectInputStream.readObject(ObjectInputStream.java:509)
[2024-11-18T17:48:25.140+0000] {spark_submit.py:634} INFO - at java.base/java.io.ObjectInputStream.readObject(ObjectInputStream.java:467)
[2024-11-18T17:48:25.141+0000] {spark_submit.py:634} INFO - at org.apache.spark.serializer.JavaDeserializationStream.readObject(JavaSerializer.scala:87)
[2024-11-18T17:48:25.143+0000] {spark_submit.py:634} INFO - at org.apache.spark.serializer.JavaSerializerInstance.deserialize(JavaSerializer.scala:129)
[2024-11-18T17:48:25.147+0000] {spark_submit.py:634} INFO - at org.apache.spark.executor.Executor$TaskRunner.run(Executor.scala:579)
[2024-11-18T17:48:25.148+0000] {spark_submit.py:634} INFO - at java.base/java.util.concurrent.ThreadPoolExecutor.runWorker(ThreadPoolExecutor.java:1136)
[2024-11-18T17:48:25.148+0000] {spark_submit.py:634} INFO - at java.base/java.util.concurrent.ThreadPoolExecutor$Worker.run(ThreadPoolExecutor.java:635)
[2024-11-18T17:48:25.149+0000] {spark_submit.py:634} INFO - at java.base/java.lang.Thread.run(Thread.java:840)
[2024-11-18T17:48:25.150+0000] {spark_submit.py:634} INFO - 
[2024-11-18T17:48:25.151+0000] {spark_submit.py:634} INFO - Driver stacktrace:
[2024-11-18T17:48:25.151+0000] {spark_submit.py:634} INFO - at org.apache.spark.scheduler.DAGScheduler.failJobAndIndependentStages(DAGScheduler.scala:2856)
[2024-11-18T17:48:25.152+0000] {spark_submit.py:634} INFO - at org.apache.spark.scheduler.DAGScheduler.$anonfun$abortStage$2(DAGScheduler.scala:2792)
[2024-11-18T17:48:25.153+0000] {spark_submit.py:634} INFO - at org.apache.spark.scheduler.DAGScheduler.$anonfun$abortStage$2$adapted(DAGScheduler.scala:2791)
[2024-11-18T17:48:25.153+0000] {spark_submit.py:634} INFO - at scala.collection.mutable.ResizableArray.foreach(ResizableArray.scala:62)
[2024-11-18T17:48:25.154+0000] {spark_submit.py:634} INFO - at scala.collection.mutable.ResizableArray.foreach$(ResizableArray.scala:55)
[2024-11-18T17:48:25.155+0000] {spark_submit.py:634} INFO - at scala.collection.mutable.ArrayBuffer.foreach(ArrayBuffer.scala:49)
[2024-11-18T17:48:25.155+0000] {spark_submit.py:634} INFO - at org.apache.spark.scheduler.DAGScheduler.abortStage(DAGScheduler.scala:2791)
[2024-11-18T17:48:25.156+0000] {spark_submit.py:634} INFO - at org.apache.spark.scheduler.DAGScheduler.$anonfun$handleTaskSetFailed$1(DAGScheduler.scala:1247)
[2024-11-18T17:48:25.157+0000] {spark_submit.py:634} INFO - at org.apache.spark.scheduler.DAGScheduler.$anonfun$handleTaskSetFailed$1$adapted(DAGScheduler.scala:1247)
[2024-11-18T17:48:25.159+0000] {spark_submit.py:634} INFO - at scala.Option.foreach(Option.scala:407)
[2024-11-18T17:48:25.163+0000] {spark_submit.py:634} INFO - at org.apache.spark.scheduler.DAGScheduler.handleTaskSetFailed(DAGScheduler.scala:1247)
[2024-11-18T17:48:25.167+0000] {spark_submit.py:634} INFO - at org.apache.spark.scheduler.DAGSchedulerEventProcessLoop.doOnReceive(DAGScheduler.scala:3060)
[2024-11-18T17:48:25.169+0000] {spark_submit.py:634} INFO - at org.apache.spark.scheduler.DAGSchedulerEventProcessLoop.onReceive(DAGScheduler.scala:2994)
[2024-11-18T17:48:25.172+0000] {spark_submit.py:634} INFO - at org.apache.spark.scheduler.DAGSchedulerEventProcessLoop.onReceive(DAGScheduler.scala:2983)
[2024-11-18T17:48:25.173+0000] {spark_submit.py:634} INFO - at org.apache.spark.util.EventLoop$$anon$1.run(EventLoop.scala:49)
[2024-11-18T17:48:25.174+0000] {spark_submit.py:634} INFO - at org.apache.spark.scheduler.DAGScheduler.runJob(DAGScheduler.scala:989)
[2024-11-18T17:48:25.174+0000] {spark_submit.py:634} INFO - at org.apache.spark.SparkContext.runJob(SparkContext.scala:2393)
[2024-11-18T17:48:25.175+0000] {spark_submit.py:634} INFO - at org.apache.spark.SparkContext.runJob(SparkContext.scala:2414)
[2024-11-18T17:48:25.176+0000] {spark_submit.py:634} INFO - at org.apache.spark.SparkContext.runJob(SparkContext.scala:2433)
[2024-11-18T17:48:25.183+0000] {spark_submit.py:634} INFO - at org.apache.spark.sql.execution.SparkPlan.executeTake(SparkPlan.scala:530)
[2024-11-18T17:48:25.184+0000] {spark_submit.py:634} INFO - at org.apache.spark.sql.execution.SparkPlan.executeTake(SparkPlan.scala:483)
[2024-11-18T17:48:25.186+0000] {spark_submit.py:634} INFO - at org.apache.spark.sql.execution.CollectLimitExec.executeCollect(limit.scala:61)
[2024-11-18T17:48:25.188+0000] {spark_submit.py:634} INFO - at org.apache.spark.sql.Dataset.collectFromPlan(Dataset.scala:4333)
[2024-11-18T17:48:25.190+0000] {spark_submit.py:634} INFO - at org.apache.spark.sql.Dataset.$anonfun$head$1(Dataset.scala:3316)
[2024-11-18T17:48:25.194+0000] {spark_submit.py:634} INFO - at org.apache.spark.sql.Dataset.$anonfun$withAction$2(Dataset.scala:4323)
[2024-11-18T17:48:25.198+0000] {spark_submit.py:634} INFO - at org.apache.spark.sql.execution.QueryExecution$.withInternalError(QueryExecution.scala:546)
[2024-11-18T17:48:25.209+0000] {spark_submit.py:634} INFO - at org.apache.spark.sql.Dataset.$anonfun$withAction$1(Dataset.scala:4321)
[2024-11-18T17:48:25.212+0000] {spark_submit.py:634} INFO - at org.apache.spark.sql.execution.SQLExecution$.$anonfun$withNewExecutionId$6(SQLExecution.scala:125)
[2024-11-18T17:48:25.214+0000] {spark_submit.py:634} INFO - at org.apache.spark.sql.execution.SQLExecution$.withSQLConfPropagated(SQLExecution.scala:201)
[2024-11-18T17:48:25.215+0000] {spark_submit.py:634} INFO - at org.apache.spark.sql.execution.SQLExecution$.$anonfun$withNewExecutionId$1(SQLExecution.scala:108)
[2024-11-18T17:48:25.215+0000] {spark_submit.py:634} INFO - at org.apache.spark.sql.SparkSession.withActive(SparkSession.scala:900)
[2024-11-18T17:48:25.216+0000] {spark_submit.py:634} INFO - at org.apache.spark.sql.execution.SQLExecution$.withNewExecutionId(SQLExecution.scala:66)
[2024-11-18T17:48:25.217+0000] {spark_submit.py:634} INFO - at org.apache.spark.sql.Dataset.withAction(Dataset.scala:4321)
[2024-11-18T17:48:25.218+0000] {spark_submit.py:634} INFO - at org.apache.spark.sql.Dataset.head(Dataset.scala:3316)
[2024-11-18T17:48:25.221+0000] {spark_submit.py:634} INFO - at org.apache.spark.sql.Dataset.take(Dataset.scala:3539)
[2024-11-18T17:48:25.222+0000] {spark_submit.py:634} INFO - at org.apache.spark.sql.Dataset.getRows(Dataset.scala:280)
[2024-11-18T17:48:25.223+0000] {spark_submit.py:634} INFO - at org.apache.spark.sql.Dataset.showString(Dataset.scala:315)
[2024-11-18T17:48:25.224+0000] {spark_submit.py:634} INFO - at java.base/jdk.internal.reflect.NativeMethodAccessorImpl.invoke0(Native Method)
[2024-11-18T17:48:25.226+0000] {spark_submit.py:634} INFO - at java.base/jdk.internal.reflect.NativeMethodAccessorImpl.invoke(NativeMethodAccessorImpl.java:77)
[2024-11-18T17:48:25.235+0000] {spark_submit.py:634} INFO - at java.base/jdk.internal.reflect.DelegatingMethodAccessorImpl.invoke(DelegatingMethodAccessorImpl.java:43)
[2024-11-18T17:48:25.238+0000] {spark_submit.py:634} INFO - at java.base/java.lang.reflect.Method.invoke(Method.java:569)
[2024-11-18T17:48:25.239+0000] {spark_submit.py:634} INFO - at py4j.reflection.MethodInvoker.invoke(MethodInvoker.java:244)
[2024-11-18T17:48:25.242+0000] {spark_submit.py:634} INFO - at py4j.reflection.ReflectionEngine.invoke(ReflectionEngine.java:374)
[2024-11-18T17:48:25.245+0000] {spark_submit.py:634} INFO - at py4j.Gateway.invoke(Gateway.java:282)
[2024-11-18T17:48:25.247+0000] {spark_submit.py:634} INFO - at py4j.commands.AbstractCommand.invokeMethod(AbstractCommand.java:132)
[2024-11-18T17:48:25.256+0000] {spark_submit.py:634} INFO - at py4j.commands.CallCommand.execute(CallCommand.java:79)
[2024-11-18T17:48:25.260+0000] {spark_submit.py:634} INFO - at py4j.ClientServerConnection.waitForCommands(ClientServerConnection.java:182)
[2024-11-18T17:48:25.283+0000] {spark_submit.py:634} INFO - at py4j.ClientServerConnection.run(ClientServerConnection.java:106)
[2024-11-18T17:48:25.285+0000] {spark_submit.py:634} INFO - at java.base/java.lang.Thread.run(Thread.java:840)
[2024-11-18T17:48:25.290+0000] {spark_submit.py:634} INFO - Caused by: java.io.InvalidClassException: org.apache.spark.scheduler.Task; local class incompatible: stream classdesc serialVersionUID = -6188971942555435033, local class serialVersionUID = 553100815431272095
[2024-11-18T17:48:25.292+0000] {spark_submit.py:634} INFO - at java.base/java.io.ObjectStreamClass.initNonProxy(ObjectStreamClass.java:597)
[2024-11-18T17:48:25.309+0000] {spark_submit.py:634} INFO - at java.base/java.io.ObjectInputStream.readNonProxyDesc(ObjectInputStream.java:2051)
[2024-11-18T17:48:25.322+0000] {spark_submit.py:634} INFO - at java.base/java.io.ObjectInputStream.readClassDesc(ObjectInputStream.java:1898)
[2024-11-18T17:48:25.323+0000] {spark_submit.py:634} INFO - at java.base/java.io.ObjectInputStream.readNonProxyDesc(ObjectInputStream.java:2051)
[2024-11-18T17:48:25.324+0000] {spark_submit.py:634} INFO - at java.base/java.io.ObjectInputStream.readClassDesc(ObjectInputStream.java:1898)
[2024-11-18T17:48:25.326+0000] {spark_submit.py:634} INFO - at java.base/java.io.ObjectInputStream.readOrdinaryObject(ObjectInputStream.java:2224)
[2024-11-18T17:48:25.330+0000] {spark_submit.py:634} INFO - at java.base/java.io.ObjectInputStream.readObject0(ObjectInputStream.java:1733)
[2024-11-18T17:48:25.337+0000] {spark_submit.py:634} INFO - at java.base/java.io.ObjectInputStream.readObject(ObjectInputStream.java:509)
[2024-11-18T17:48:25.340+0000] {spark_submit.py:634} INFO - at java.base/java.io.ObjectInputStream.readObject(ObjectInputStream.java:467)
[2024-11-18T17:48:25.342+0000] {spark_submit.py:634} INFO - at org.apache.spark.serializer.JavaDeserializationStream.readObject(JavaSerializer.scala:87)
[2024-11-18T17:48:25.342+0000] {spark_submit.py:634} INFO - at org.apache.spark.serializer.JavaSerializerInstance.deserialize(JavaSerializer.scala:129)
[2024-11-18T17:48:25.343+0000] {spark_submit.py:634} INFO - at org.apache.spark.executor.Executor$TaskRunner.run(Executor.scala:579)
[2024-11-18T17:48:25.345+0000] {spark_submit.py:634} INFO - at java.base/java.util.concurrent.ThreadPoolExecutor.runWorker(ThreadPoolExecutor.java:1136)
[2024-11-18T17:48:25.351+0000] {spark_submit.py:634} INFO - at java.base/java.util.concurrent.ThreadPoolExecutor$Worker.run(ThreadPoolExecutor.java:635)
[2024-11-18T17:48:25.353+0000] {spark_submit.py:634} INFO - ... 1 more
[2024-11-18T17:48:25.355+0000] {spark_submit.py:634} INFO - 
[2024-11-18T17:48:25.562+0000] {spark_submit.py:634} INFO - 24/11/18 17:48:25 INFO SparkContext: Invoking stop() from shutdown hook
[2024-11-18T17:48:25.564+0000] {spark_submit.py:634} INFO - 24/11/18 17:48:25 INFO SparkContext: SparkContext is stopping with exitCode 0.
[2024-11-18T17:48:25.592+0000] {spark_submit.py:634} INFO - 24/11/18 17:48:25 INFO SparkUI: Stopped Spark web UI at http://3fa30a842a1c:4041
[2024-11-18T17:48:25.601+0000] {spark_submit.py:634} INFO - 24/11/18 17:48:25 INFO StandaloneSchedulerBackend: Shutting down all executors
[2024-11-18T17:48:25.602+0000] {spark_submit.py:634} INFO - 24/11/18 17:48:25 INFO StandaloneSchedulerBackend$StandaloneDriverEndpoint: Asking each executor to shut down
[2024-11-18T17:48:25.679+0000] {spark_submit.py:634} INFO - 24/11/18 17:48:25 INFO MapOutputTrackerMasterEndpoint: MapOutputTrackerMasterEndpoint stopped!
[2024-11-18T17:48:25.864+0000] {spark_submit.py:634} INFO - 24/11/18 17:48:25 INFO MemoryStore: MemoryStore cleared
[2024-11-18T17:48:25.908+0000] {spark_submit.py:634} INFO - 24/11/18 17:48:25 INFO BlockManager: BlockManager stopped
[2024-11-18T17:48:25.941+0000] {spark_submit.py:634} INFO - 24/11/18 17:48:25 INFO BlockManagerMaster: BlockManagerMaster stopped
[2024-11-18T17:48:25.963+0000] {spark_submit.py:634} INFO - 24/11/18 17:48:25 INFO OutputCommitCoordinator$OutputCommitCoordinatorEndpoint: OutputCommitCoordinator stopped!
[2024-11-18T17:48:26.129+0000] {spark_submit.py:634} INFO - 24/11/18 17:48:26 INFO SparkContext: Successfully stopped SparkContext
[2024-11-18T17:48:26.133+0000] {spark_submit.py:634} INFO - 24/11/18 17:48:26 INFO ShutdownHookManager: Shutdown hook called
[2024-11-18T17:48:26.138+0000] {spark_submit.py:634} INFO - 24/11/18 17:48:26 INFO ShutdownHookManager: Deleting directory /tmp/spark-41d74b74-5aab-4c91-ade1-3c743e48d777
[2024-11-18T17:48:26.169+0000] {spark_submit.py:634} INFO - 24/11/18 17:48:26 INFO ShutdownHookManager: Deleting directory /tmp/spark-3f7b462f-d47d-454d-9c5a-e6253e1c1ab5/pyspark-b7eef2f2-9066-4278-874d-046d811703e3
[2024-11-18T17:48:26.176+0000] {spark_submit.py:634} INFO - 24/11/18 17:48:26 INFO ShutdownHookManager: Deleting directory /tmp/spark-3f7b462f-d47d-454d-9c5a-e6253e1c1ab5
[2024-11-18T17:48:26.293+0000] {taskinstance.py:441} INFO - ::group::Post task execution logs
[2024-11-18T17:48:26.316+0000] {taskinstance.py:2905} ERROR - Task failed with exception
Traceback (most recent call last):
  File "/home/airflow/.local/lib/python3.11/site-packages/airflow/models/taskinstance.py", line 465, in _execute_task
    result = _execute_callable(context=context, **execute_callable_kwargs)
             ^^^^^^^^^^^^^^^^^^^^^^^^^^^^^^^^^^^^^^^^^^^^^^^^^^^^^^^^^^^^^
  File "/home/airflow/.local/lib/python3.11/site-packages/airflow/models/taskinstance.py", line 432, in _execute_callable
    return execute_callable(context=context, **execute_callable_kwargs)
           ^^^^^^^^^^^^^^^^^^^^^^^^^^^^^^^^^^^^^^^^^^^^^^^^^^^^^^^^^^^^
  File "/home/airflow/.local/lib/python3.11/site-packages/airflow/models/baseoperator.py", line 401, in wrapper
    return func(self, *args, **kwargs)
           ^^^^^^^^^^^^^^^^^^^^^^^^^^^
  File "/home/airflow/.local/lib/python3.11/site-packages/airflow/providers/apache/spark/operators/spark_submit.py", line 176, in execute
    self._hook.submit(self.application)
  File "/home/airflow/.local/lib/python3.11/site-packages/airflow/providers/apache/spark/hooks/spark_submit.py", line 560, in submit
    raise AirflowException(
airflow.exceptions.AirflowException: Cannot execute: spark-submit --master spark://spark:7077 --name arrow-spark --deploy-mode client /opt/***/dags/spark_job.py. Error code is: 1.
[2024-11-18T17:48:26.324+0000] {taskinstance.py:1206} INFO - Marking task as FAILED. dag_id=spark_dag, task_id=spark_task, run_id=scheduled__2024-04-30T00:00:00+00:00, execution_date=20240430T000000, start_date=20241118T174735, end_date=20241118T174826
[2024-11-18T17:48:26.401+0000] {standard_task_runner.py:110} ERROR - Failed to execute job 644 for task spark_task (Cannot execute: spark-submit --master spark://spark:7077 --name arrow-spark --deploy-mode client /opt/***/dags/spark_job.py. Error code is: 1.; 143)
[2024-11-18T17:48:26.444+0000] {local_task_job_runner.py:243} INFO - Task exited with return code 1
[2024-11-18T17:48:26.482+0000] {taskinstance.py:3503} INFO - 0 downstream tasks scheduled from follow-on schedule check
[2024-11-18T17:48:26.489+0000] {local_task_job_runner.py:222} INFO - ::endgroup::
