[2024-11-18T16:40:20.769+0000] {local_task_job_runner.py:120} INFO - ::group::Pre task execution logs
[2024-11-18T16:40:20.792+0000] {taskinstance.py:2076} INFO - Dependencies all met for dep_context=non-requeueable deps ti=<TaskInstance: spark_dag.spark_task scheduled__2024-11-13T00:00:00+00:00 [queued]>
[2024-11-18T16:40:20.799+0000] {taskinstance.py:2076} INFO - Dependencies all met for dep_context=requeueable deps ti=<TaskInstance: spark_dag.spark_task scheduled__2024-11-13T00:00:00+00:00 [queued]>
[2024-11-18T16:40:20.800+0000] {taskinstance.py:2306} INFO - Starting attempt 2 of 2
[2024-11-18T16:40:20.812+0000] {taskinstance.py:2330} INFO - Executing <Task(SparkSubmitOperator): spark_task> on 2024-11-13 00:00:00+00:00
[2024-11-18T16:40:20.819+0000] {standard_task_runner.py:64} INFO - Started process 1584 to run task
[2024-11-18T16:40:20.822+0000] {standard_task_runner.py:90} INFO - Running: ['***', 'tasks', 'run', 'spark_dag', 'spark_task', 'scheduled__2024-11-13T00:00:00+00:00', '--job-id', '751', '--raw', '--subdir', 'DAGS_FOLDER/spark_dag.py', '--cfg-path', '/tmp/tmp8ppbwo75']
[2024-11-18T16:40:20.825+0000] {standard_task_runner.py:91} INFO - Job 751: Subtask spark_task
[2024-11-18T16:40:20.884+0000] {task_command.py:426} INFO - Running <TaskInstance: spark_dag.spark_task scheduled__2024-11-13T00:00:00+00:00 [running]> on host faf83eb57c9b
[2024-11-18T16:40:21.008+0000] {taskinstance.py:2648} INFO - Exporting env vars: AIRFLOW_CTX_DAG_OWNER='***' AIRFLOW_CTX_DAG_ID='spark_dag' AIRFLOW_CTX_TASK_ID='spark_task' AIRFLOW_CTX_EXECUTION_DATE='2024-11-13T00:00:00+00:00' AIRFLOW_CTX_TRY_NUMBER='2' AIRFLOW_CTX_DAG_RUN_ID='scheduled__2024-11-13T00:00:00+00:00'
[2024-11-18T16:40:21.012+0000] {taskinstance.py:430} INFO - ::endgroup::
[2024-11-18T16:40:21.038+0000] {base.py:84} INFO - Using connection ID 'spark_default' for task execution.
[2024-11-18T16:40:21.041+0000] {spark_submit.py:473} INFO - Spark-Submit cmd: spark-submit --master spark://spark:7077 --name arrow-spark --deploy-mode client /opt/***/dags/spark_job.py
[2024-11-18T16:40:25.613+0000] {spark_submit.py:634} INFO - python3: can't open file '/opt/***/dags/spark_job.py': [Errno 2] No such file or directory
[2024-11-18T16:40:25.665+0000] {spark_submit.py:634} INFO - 24/11/18 16:40:25 INFO ShutdownHookManager: Shutdown hook called
[2024-11-18T16:40:25.684+0000] {spark_submit.py:634} INFO - 24/11/18 16:40:25 INFO ShutdownHookManager: Deleting directory /tmp/spark-61dd6394-6f5a-4a4e-9fe2-3e937c0a1149
[2024-11-18T16:40:25.747+0000] {taskinstance.py:441} INFO - ::group::Post task execution logs
[2024-11-18T16:40:25.765+0000] {taskinstance.py:2905} ERROR - Task failed with exception
Traceback (most recent call last):
  File "/home/airflow/.local/lib/python3.11/site-packages/airflow/models/taskinstance.py", line 465, in _execute_task
    result = _execute_callable(context=context, **execute_callable_kwargs)
             ^^^^^^^^^^^^^^^^^^^^^^^^^^^^^^^^^^^^^^^^^^^^^^^^^^^^^^^^^^^^^
  File "/home/airflow/.local/lib/python3.11/site-packages/airflow/models/taskinstance.py", line 432, in _execute_callable
    return execute_callable(context=context, **execute_callable_kwargs)
           ^^^^^^^^^^^^^^^^^^^^^^^^^^^^^^^^^^^^^^^^^^^^^^^^^^^^^^^^^^^^
  File "/home/airflow/.local/lib/python3.11/site-packages/airflow/models/baseoperator.py", line 401, in wrapper
    return func(self, *args, **kwargs)
           ^^^^^^^^^^^^^^^^^^^^^^^^^^^
  File "/home/airflow/.local/lib/python3.11/site-packages/airflow/providers/apache/spark/operators/spark_submit.py", line 176, in execute
    self._hook.submit(self.application)
  File "/home/airflow/.local/lib/python3.11/site-packages/airflow/providers/apache/spark/hooks/spark_submit.py", line 560, in submit
    raise AirflowException(
airflow.exceptions.AirflowException: Cannot execute: spark-submit --master spark://spark:7077 --name arrow-spark --deploy-mode client /opt/***/dags/spark_job.py. Error code is: 2.
[2024-11-18T16:40:25.778+0000] {taskinstance.py:1206} INFO - Marking task as FAILED. dag_id=spark_dag, task_id=spark_task, run_id=scheduled__2024-11-13T00:00:00+00:00, execution_date=20241113T000000, start_date=20241118T164020, end_date=20241118T164025
[2024-11-18T16:40:25.822+0000] {standard_task_runner.py:110} ERROR - Failed to execute job 751 for task spark_task (Cannot execute: spark-submit --master spark://spark:7077 --name arrow-spark --deploy-mode client /opt/***/dags/spark_job.py. Error code is: 2.; 1584)
[2024-11-18T16:40:25.898+0000] {local_task_job_runner.py:243} INFO - Task exited with return code 1
[2024-11-18T16:40:25.934+0000] {taskinstance.py:3503} INFO - 0 downstream tasks scheduled from follow-on schedule check
[2024-11-18T16:40:25.942+0000] {local_task_job_runner.py:222} INFO - ::endgroup::
