[2024-10-19T14:18:46.318+0000] {processor.py:161} INFO - Started process (PID=70) to work on /home/airflow/.local/lib/python3.11/site-packages/airflow/example_dags/example_display_name.py
[2024-10-19T14:18:46.319+0000] {processor.py:830} INFO - Processing file /home/airflow/.local/lib/python3.11/site-packages/airflow/example_dags/example_display_name.py for tasks to queue
[2024-10-19T14:18:46.322+0000] {logging_mixin.py:188} INFO - [2024-10-19T14:18:46.321+0000] {dagbag.py:545} INFO - Filling up the DagBag from /home/airflow/.local/lib/python3.11/site-packages/airflow/example_dags/example_display_name.py
[2024-10-19T14:18:46.335+0000] {processor.py:840} INFO - DAG(s) 'example_display_name' retrieved from /home/airflow/.local/lib/python3.11/site-packages/airflow/example_dags/example_display_name.py
[2024-10-19T14:18:46.447+0000] {logging_mixin.py:188} INFO - [2024-10-19T14:18:46.447+0000] {override.py:1858} INFO - Created Permission View: can edit on DAG:example_display_name
[2024-10-19T14:18:46.460+0000] {logging_mixin.py:188} INFO - [2024-10-19T14:18:46.460+0000] {override.py:1858} INFO - Created Permission View: can delete on DAG:example_display_name
[2024-10-19T14:18:46.469+0000] {logging_mixin.py:188} INFO - [2024-10-19T14:18:46.468+0000] {override.py:1858} INFO - Created Permission View: can read on DAG:example_display_name
[2024-10-19T14:18:46.469+0000] {logging_mixin.py:188} INFO - [2024-10-19T14:18:46.469+0000] {dag.py:3089} INFO - Sync 1 DAGs
[2024-10-19T14:18:46.483+0000] {logging_mixin.py:188} INFO - [2024-10-19T14:18:46.482+0000] {dag.py:3111} INFO - Creating ORM DAG for example_display_name
[2024-10-19T14:18:46.484+0000] {logging_mixin.py:188} INFO - [2024-10-19T14:18:46.484+0000] {dag.py:3947} INFO - Setting next_dagrun for example_display_name to None, run_after=None
[2024-10-19T14:18:46.510+0000] {processor.py:183} INFO - Processing /home/airflow/.local/lib/python3.11/site-packages/airflow/example_dags/example_display_name.py took 0.199 seconds
[2024-10-19T14:19:17.429+0000] {processor.py:161} INFO - Started process (PID=128) to work on /home/airflow/.local/lib/python3.11/site-packages/airflow/example_dags/example_display_name.py
[2024-10-19T14:19:17.430+0000] {processor.py:830} INFO - Processing file /home/airflow/.local/lib/python3.11/site-packages/airflow/example_dags/example_display_name.py for tasks to queue
[2024-10-19T14:19:17.433+0000] {logging_mixin.py:188} INFO - [2024-10-19T14:19:17.433+0000] {dagbag.py:545} INFO - Filling up the DagBag from /home/airflow/.local/lib/python3.11/site-packages/airflow/example_dags/example_display_name.py
[2024-10-19T14:19:17.439+0000] {processor.py:840} INFO - DAG(s) 'example_display_name' retrieved from /home/airflow/.local/lib/python3.11/site-packages/airflow/example_dags/example_display_name.py
[2024-10-19T14:19:17.466+0000] {logging_mixin.py:188} INFO - [2024-10-19T14:19:17.466+0000] {dag.py:3089} INFO - Sync 1 DAGs
[2024-10-19T14:19:17.490+0000] {logging_mixin.py:188} INFO - [2024-10-19T14:19:17.489+0000] {dag.py:3947} INFO - Setting next_dagrun for example_display_name to None, run_after=None
[2024-10-19T14:19:17.511+0000] {processor.py:183} INFO - Processing /home/airflow/.local/lib/python3.11/site-packages/airflow/example_dags/example_display_name.py took 0.088 seconds
[2024-10-19T14:19:48.336+0000] {processor.py:161} INFO - Started process (PID=186) to work on /home/airflow/.local/lib/python3.11/site-packages/airflow/example_dags/example_display_name.py
[2024-10-19T14:19:48.337+0000] {processor.py:830} INFO - Processing file /home/airflow/.local/lib/python3.11/site-packages/airflow/example_dags/example_display_name.py for tasks to queue
[2024-10-19T14:19:48.339+0000] {logging_mixin.py:188} INFO - [2024-10-19T14:19:48.338+0000] {dagbag.py:545} INFO - Filling up the DagBag from /home/airflow/.local/lib/python3.11/site-packages/airflow/example_dags/example_display_name.py
[2024-10-19T14:19:48.343+0000] {processor.py:840} INFO - DAG(s) 'example_display_name' retrieved from /home/airflow/.local/lib/python3.11/site-packages/airflow/example_dags/example_display_name.py
[2024-10-19T14:19:48.359+0000] {logging_mixin.py:188} INFO - [2024-10-19T14:19:48.359+0000] {dag.py:3089} INFO - Sync 1 DAGs
[2024-10-19T14:19:48.369+0000] {logging_mixin.py:188} INFO - [2024-10-19T14:19:48.369+0000] {dag.py:3947} INFO - Setting next_dagrun for example_display_name to None, run_after=None
[2024-10-19T14:19:48.396+0000] {processor.py:183} INFO - Processing /home/airflow/.local/lib/python3.11/site-packages/airflow/example_dags/example_display_name.py took 0.065 seconds
[2024-10-19T14:20:18.967+0000] {processor.py:161} INFO - Started process (PID=244) to work on /home/airflow/.local/lib/python3.11/site-packages/airflow/example_dags/example_display_name.py
[2024-10-19T14:20:18.968+0000] {processor.py:830} INFO - Processing file /home/airflow/.local/lib/python3.11/site-packages/airflow/example_dags/example_display_name.py for tasks to queue
[2024-10-19T14:20:18.970+0000] {logging_mixin.py:188} INFO - [2024-10-19T14:20:18.970+0000] {dagbag.py:545} INFO - Filling up the DagBag from /home/airflow/.local/lib/python3.11/site-packages/airflow/example_dags/example_display_name.py
[2024-10-19T14:20:18.983+0000] {processor.py:840} INFO - DAG(s) 'example_display_name' retrieved from /home/airflow/.local/lib/python3.11/site-packages/airflow/example_dags/example_display_name.py
[2024-10-19T14:20:19.000+0000] {logging_mixin.py:188} INFO - [2024-10-19T14:20:19.000+0000] {dag.py:3089} INFO - Sync 1 DAGs
[2024-10-19T14:20:19.011+0000] {logging_mixin.py:188} INFO - [2024-10-19T14:20:19.011+0000] {dag.py:3947} INFO - Setting next_dagrun for example_display_name to None, run_after=None
[2024-10-19T14:20:19.041+0000] {processor.py:183} INFO - Processing /home/airflow/.local/lib/python3.11/site-packages/airflow/example_dags/example_display_name.py took 0.080 seconds
[2024-10-19T14:20:49.641+0000] {processor.py:161} INFO - Started process (PID=302) to work on /home/airflow/.local/lib/python3.11/site-packages/airflow/example_dags/example_display_name.py
[2024-10-19T14:20:49.642+0000] {processor.py:830} INFO - Processing file /home/airflow/.local/lib/python3.11/site-packages/airflow/example_dags/example_display_name.py for tasks to queue
[2024-10-19T14:20:49.644+0000] {logging_mixin.py:188} INFO - [2024-10-19T14:20:49.644+0000] {dagbag.py:545} INFO - Filling up the DagBag from /home/airflow/.local/lib/python3.11/site-packages/airflow/example_dags/example_display_name.py
[2024-10-19T14:20:49.649+0000] {processor.py:840} INFO - DAG(s) 'example_display_name' retrieved from /home/airflow/.local/lib/python3.11/site-packages/airflow/example_dags/example_display_name.py
[2024-10-19T14:20:49.671+0000] {logging_mixin.py:188} INFO - [2024-10-19T14:20:49.671+0000] {dag.py:3089} INFO - Sync 1 DAGs
[2024-10-19T14:20:49.690+0000] {logging_mixin.py:188} INFO - [2024-10-19T14:20:49.690+0000] {dag.py:3947} INFO - Setting next_dagrun for example_display_name to None, run_after=None
[2024-10-19T14:20:49.719+0000] {processor.py:183} INFO - Processing /home/airflow/.local/lib/python3.11/site-packages/airflow/example_dags/example_display_name.py took 0.082 seconds
[2024-10-19T14:21:19.821+0000] {processor.py:161} INFO - Started process (PID=360) to work on /home/airflow/.local/lib/python3.11/site-packages/airflow/example_dags/example_display_name.py
[2024-10-19T14:21:19.822+0000] {processor.py:830} INFO - Processing file /home/airflow/.local/lib/python3.11/site-packages/airflow/example_dags/example_display_name.py for tasks to queue
[2024-10-19T14:21:19.824+0000] {logging_mixin.py:188} INFO - [2024-10-19T14:21:19.824+0000] {dagbag.py:545} INFO - Filling up the DagBag from /home/airflow/.local/lib/python3.11/site-packages/airflow/example_dags/example_display_name.py
[2024-10-19T14:21:19.829+0000] {processor.py:840} INFO - DAG(s) 'example_display_name' retrieved from /home/airflow/.local/lib/python3.11/site-packages/airflow/example_dags/example_display_name.py
[2024-10-19T14:21:19.846+0000] {logging_mixin.py:188} INFO - [2024-10-19T14:21:19.846+0000] {dag.py:3089} INFO - Sync 1 DAGs
[2024-10-19T14:21:19.857+0000] {logging_mixin.py:188} INFO - [2024-10-19T14:21:19.857+0000] {dag.py:3947} INFO - Setting next_dagrun for example_display_name to None, run_after=None
[2024-10-19T14:21:19.878+0000] {processor.py:183} INFO - Processing /home/airflow/.local/lib/python3.11/site-packages/airflow/example_dags/example_display_name.py took 0.062 seconds
[2024-10-19T14:21:50.803+0000] {processor.py:161} INFO - Started process (PID=418) to work on /home/airflow/.local/lib/python3.11/site-packages/airflow/example_dags/example_display_name.py
[2024-10-19T14:21:50.804+0000] {processor.py:830} INFO - Processing file /home/airflow/.local/lib/python3.11/site-packages/airflow/example_dags/example_display_name.py for tasks to queue
[2024-10-19T14:21:50.806+0000] {logging_mixin.py:188} INFO - [2024-10-19T14:21:50.805+0000] {dagbag.py:545} INFO - Filling up the DagBag from /home/airflow/.local/lib/python3.11/site-packages/airflow/example_dags/example_display_name.py
[2024-10-19T14:21:50.811+0000] {processor.py:840} INFO - DAG(s) 'example_display_name' retrieved from /home/airflow/.local/lib/python3.11/site-packages/airflow/example_dags/example_display_name.py
[2024-10-19T14:21:50.828+0000] {logging_mixin.py:188} INFO - [2024-10-19T14:21:50.828+0000] {dag.py:3089} INFO - Sync 1 DAGs
[2024-10-19T14:21:50.839+0000] {logging_mixin.py:188} INFO - [2024-10-19T14:21:50.839+0000] {dag.py:3947} INFO - Setting next_dagrun for example_display_name to None, run_after=None
[2024-10-19T14:21:50.889+0000] {processor.py:183} INFO - Processing /home/airflow/.local/lib/python3.11/site-packages/airflow/example_dags/example_display_name.py took 0.092 seconds
[2024-10-19T14:22:21.866+0000] {processor.py:161} INFO - Started process (PID=476) to work on /home/airflow/.local/lib/python3.11/site-packages/airflow/example_dags/example_display_name.py
[2024-10-19T14:22:21.867+0000] {processor.py:830} INFO - Processing file /home/airflow/.local/lib/python3.11/site-packages/airflow/example_dags/example_display_name.py for tasks to queue
[2024-10-19T14:22:21.869+0000] {logging_mixin.py:188} INFO - [2024-10-19T14:22:21.868+0000] {dagbag.py:545} INFO - Filling up the DagBag from /home/airflow/.local/lib/python3.11/site-packages/airflow/example_dags/example_display_name.py
[2024-10-19T14:22:21.875+0000] {processor.py:840} INFO - DAG(s) 'example_display_name' retrieved from /home/airflow/.local/lib/python3.11/site-packages/airflow/example_dags/example_display_name.py
[2024-10-19T14:22:21.895+0000] {logging_mixin.py:188} INFO - [2024-10-19T14:22:21.895+0000] {dag.py:3089} INFO - Sync 1 DAGs
[2024-10-19T14:22:21.906+0000] {logging_mixin.py:188} INFO - [2024-10-19T14:22:21.905+0000] {dag.py:3947} INFO - Setting next_dagrun for example_display_name to None, run_after=None
[2024-10-19T14:22:21.926+0000] {processor.py:183} INFO - Processing /home/airflow/.local/lib/python3.11/site-packages/airflow/example_dags/example_display_name.py took 0.066 seconds
[2024-10-19T14:22:52.595+0000] {processor.py:161} INFO - Started process (PID=534) to work on /home/airflow/.local/lib/python3.11/site-packages/airflow/example_dags/example_display_name.py
[2024-10-19T14:22:52.596+0000] {processor.py:830} INFO - Processing file /home/airflow/.local/lib/python3.11/site-packages/airflow/example_dags/example_display_name.py for tasks to queue
[2024-10-19T14:22:52.598+0000] {logging_mixin.py:188} INFO - [2024-10-19T14:22:52.598+0000] {dagbag.py:545} INFO - Filling up the DagBag from /home/airflow/.local/lib/python3.11/site-packages/airflow/example_dags/example_display_name.py
[2024-10-19T14:22:52.603+0000] {processor.py:840} INFO - DAG(s) 'example_display_name' retrieved from /home/airflow/.local/lib/python3.11/site-packages/airflow/example_dags/example_display_name.py
[2024-10-19T14:22:52.620+0000] {logging_mixin.py:188} INFO - [2024-10-19T14:22:52.620+0000] {dag.py:3089} INFO - Sync 1 DAGs
[2024-10-19T14:22:52.631+0000] {logging_mixin.py:188} INFO - [2024-10-19T14:22:52.631+0000] {dag.py:3947} INFO - Setting next_dagrun for example_display_name to None, run_after=None
[2024-10-19T14:22:52.654+0000] {processor.py:183} INFO - Processing /home/airflow/.local/lib/python3.11/site-packages/airflow/example_dags/example_display_name.py took 0.064 seconds
[2024-10-19T14:23:23.232+0000] {processor.py:161} INFO - Started process (PID=592) to work on /home/airflow/.local/lib/python3.11/site-packages/airflow/example_dags/example_display_name.py
[2024-10-19T14:23:23.233+0000] {processor.py:830} INFO - Processing file /home/airflow/.local/lib/python3.11/site-packages/airflow/example_dags/example_display_name.py for tasks to queue
[2024-10-19T14:23:23.235+0000] {logging_mixin.py:188} INFO - [2024-10-19T14:23:23.235+0000] {dagbag.py:545} INFO - Filling up the DagBag from /home/airflow/.local/lib/python3.11/site-packages/airflow/example_dags/example_display_name.py
[2024-10-19T14:23:23.240+0000] {processor.py:840} INFO - DAG(s) 'example_display_name' retrieved from /home/airflow/.local/lib/python3.11/site-packages/airflow/example_dags/example_display_name.py
[2024-10-19T14:23:23.256+0000] {logging_mixin.py:188} INFO - [2024-10-19T14:23:23.256+0000] {dag.py:3089} INFO - Sync 1 DAGs
[2024-10-19T14:23:23.265+0000] {logging_mixin.py:188} INFO - [2024-10-19T14:23:23.265+0000] {dag.py:3947} INFO - Setting next_dagrun for example_display_name to None, run_after=None
[2024-10-19T14:23:23.282+0000] {processor.py:183} INFO - Processing /home/airflow/.local/lib/python3.11/site-packages/airflow/example_dags/example_display_name.py took 0.054 seconds
[2024-10-19T14:23:54.061+0000] {processor.py:161} INFO - Started process (PID=651) to work on /home/airflow/.local/lib/python3.11/site-packages/airflow/example_dags/example_display_name.py
[2024-10-19T14:23:54.062+0000] {processor.py:830} INFO - Processing file /home/airflow/.local/lib/python3.11/site-packages/airflow/example_dags/example_display_name.py for tasks to queue
[2024-10-19T14:23:54.064+0000] {logging_mixin.py:188} INFO - [2024-10-19T14:23:54.064+0000] {dagbag.py:545} INFO - Filling up the DagBag from /home/airflow/.local/lib/python3.11/site-packages/airflow/example_dags/example_display_name.py
[2024-10-19T14:23:54.070+0000] {processor.py:840} INFO - DAG(s) 'example_display_name' retrieved from /home/airflow/.local/lib/python3.11/site-packages/airflow/example_dags/example_display_name.py
[2024-10-19T14:23:54.087+0000] {logging_mixin.py:188} INFO - [2024-10-19T14:23:54.087+0000] {dag.py:3089} INFO - Sync 1 DAGs
[2024-10-19T14:23:54.098+0000] {logging_mixin.py:188} INFO - [2024-10-19T14:23:54.098+0000] {dag.py:3947} INFO - Setting next_dagrun for example_display_name to None, run_after=None
[2024-10-19T14:23:54.124+0000] {processor.py:183} INFO - Processing /home/airflow/.local/lib/python3.11/site-packages/airflow/example_dags/example_display_name.py took 0.069 seconds
[2024-10-19T14:24:24.818+0000] {processor.py:161} INFO - Started process (PID=710) to work on /home/airflow/.local/lib/python3.11/site-packages/airflow/example_dags/example_display_name.py
[2024-10-19T14:24:24.819+0000] {processor.py:830} INFO - Processing file /home/airflow/.local/lib/python3.11/site-packages/airflow/example_dags/example_display_name.py for tasks to queue
[2024-10-19T14:24:24.821+0000] {logging_mixin.py:188} INFO - [2024-10-19T14:24:24.821+0000] {dagbag.py:545} INFO - Filling up the DagBag from /home/airflow/.local/lib/python3.11/site-packages/airflow/example_dags/example_display_name.py
[2024-10-19T14:24:24.827+0000] {processor.py:840} INFO - DAG(s) 'example_display_name' retrieved from /home/airflow/.local/lib/python3.11/site-packages/airflow/example_dags/example_display_name.py
[2024-10-19T14:24:24.846+0000] {logging_mixin.py:188} INFO - [2024-10-19T14:24:24.845+0000] {dag.py:3089} INFO - Sync 1 DAGs
[2024-10-19T14:24:24.858+0000] {logging_mixin.py:188} INFO - [2024-10-19T14:24:24.858+0000] {dag.py:3947} INFO - Setting next_dagrun for example_display_name to None, run_after=None
[2024-10-19T14:24:24.902+0000] {processor.py:183} INFO - Processing /home/airflow/.local/lib/python3.11/site-packages/airflow/example_dags/example_display_name.py took 0.089 seconds
[2024-10-19T14:24:55.011+0000] {processor.py:161} INFO - Started process (PID=769) to work on /home/airflow/.local/lib/python3.11/site-packages/airflow/example_dags/example_display_name.py
[2024-10-19T14:24:55.013+0000] {processor.py:830} INFO - Processing file /home/airflow/.local/lib/python3.11/site-packages/airflow/example_dags/example_display_name.py for tasks to queue
[2024-10-19T14:24:55.015+0000] {logging_mixin.py:188} INFO - [2024-10-19T14:24:55.014+0000] {dagbag.py:545} INFO - Filling up the DagBag from /home/airflow/.local/lib/python3.11/site-packages/airflow/example_dags/example_display_name.py
[2024-10-19T14:24:55.020+0000] {processor.py:840} INFO - DAG(s) 'example_display_name' retrieved from /home/airflow/.local/lib/python3.11/site-packages/airflow/example_dags/example_display_name.py
[2024-10-19T14:24:55.040+0000] {logging_mixin.py:188} INFO - [2024-10-19T14:24:55.040+0000] {dag.py:3089} INFO - Sync 1 DAGs
[2024-10-19T14:24:55.052+0000] {logging_mixin.py:188} INFO - [2024-10-19T14:24:55.051+0000] {dag.py:3947} INFO - Setting next_dagrun for example_display_name to None, run_after=None
[2024-10-19T14:24:55.082+0000] {processor.py:183} INFO - Processing /home/airflow/.local/lib/python3.11/site-packages/airflow/example_dags/example_display_name.py took 0.078 seconds
[2024-10-19T14:25:25.415+0000] {processor.py:161} INFO - Started process (PID=827) to work on /home/airflow/.local/lib/python3.11/site-packages/airflow/example_dags/example_display_name.py
[2024-10-19T14:25:25.416+0000] {processor.py:830} INFO - Processing file /home/airflow/.local/lib/python3.11/site-packages/airflow/example_dags/example_display_name.py for tasks to queue
[2024-10-19T14:25:25.418+0000] {logging_mixin.py:188} INFO - [2024-10-19T14:25:25.417+0000] {dagbag.py:545} INFO - Filling up the DagBag from /home/airflow/.local/lib/python3.11/site-packages/airflow/example_dags/example_display_name.py
[2024-10-19T14:25:25.423+0000] {processor.py:840} INFO - DAG(s) 'example_display_name' retrieved from /home/airflow/.local/lib/python3.11/site-packages/airflow/example_dags/example_display_name.py
[2024-10-19T14:25:25.439+0000] {logging_mixin.py:188} INFO - [2024-10-19T14:25:25.439+0000] {dag.py:3089} INFO - Sync 1 DAGs
[2024-10-19T14:25:25.449+0000] {logging_mixin.py:188} INFO - [2024-10-19T14:25:25.449+0000] {dag.py:3947} INFO - Setting next_dagrun for example_display_name to None, run_after=None
[2024-10-19T14:25:25.479+0000] {processor.py:183} INFO - Processing /home/airflow/.local/lib/python3.11/site-packages/airflow/example_dags/example_display_name.py took 0.069 seconds
[2024-10-19T14:25:55.731+0000] {processor.py:161} INFO - Started process (PID=886) to work on /home/airflow/.local/lib/python3.11/site-packages/airflow/example_dags/example_display_name.py
[2024-10-19T14:25:55.732+0000] {processor.py:830} INFO - Processing file /home/airflow/.local/lib/python3.11/site-packages/airflow/example_dags/example_display_name.py for tasks to queue
[2024-10-19T14:25:55.734+0000] {logging_mixin.py:188} INFO - [2024-10-19T14:25:55.734+0000] {dagbag.py:545} INFO - Filling up the DagBag from /home/airflow/.local/lib/python3.11/site-packages/airflow/example_dags/example_display_name.py
[2024-10-19T14:25:55.740+0000] {processor.py:840} INFO - DAG(s) 'example_display_name' retrieved from /home/airflow/.local/lib/python3.11/site-packages/airflow/example_dags/example_display_name.py
[2024-10-19T14:25:55.762+0000] {logging_mixin.py:188} INFO - [2024-10-19T14:25:55.761+0000] {dag.py:3089} INFO - Sync 1 DAGs
[2024-10-19T14:25:55.777+0000] {logging_mixin.py:188} INFO - [2024-10-19T14:25:55.777+0000] {dag.py:3947} INFO - Setting next_dagrun for example_display_name to None, run_after=None
[2024-10-19T14:25:55.799+0000] {processor.py:183} INFO - Processing /home/airflow/.local/lib/python3.11/site-packages/airflow/example_dags/example_display_name.py took 0.074 seconds
[2024-10-19T14:26:26.789+0000] {processor.py:161} INFO - Started process (PID=948) to work on /home/airflow/.local/lib/python3.11/site-packages/airflow/example_dags/example_display_name.py
[2024-10-19T14:26:26.790+0000] {processor.py:830} INFO - Processing file /home/airflow/.local/lib/python3.11/site-packages/airflow/example_dags/example_display_name.py for tasks to queue
[2024-10-19T14:26:26.792+0000] {logging_mixin.py:188} INFO - [2024-10-19T14:26:26.791+0000] {dagbag.py:545} INFO - Filling up the DagBag from /home/airflow/.local/lib/python3.11/site-packages/airflow/example_dags/example_display_name.py
[2024-10-19T14:26:26.797+0000] {processor.py:840} INFO - DAG(s) 'example_display_name' retrieved from /home/airflow/.local/lib/python3.11/site-packages/airflow/example_dags/example_display_name.py
[2024-10-19T14:26:26.812+0000] {logging_mixin.py:188} INFO - [2024-10-19T14:26:26.812+0000] {dag.py:3089} INFO - Sync 1 DAGs
[2024-10-19T14:26:26.822+0000] {logging_mixin.py:188} INFO - [2024-10-19T14:26:26.822+0000] {dag.py:3947} INFO - Setting next_dagrun for example_display_name to None, run_after=None
[2024-10-19T14:26:26.841+0000] {processor.py:183} INFO - Processing /home/airflow/.local/lib/python3.11/site-packages/airflow/example_dags/example_display_name.py took 0.057 seconds
[2024-10-19T14:26:56.973+0000] {processor.py:161} INFO - Started process (PID=1008) to work on /home/airflow/.local/lib/python3.11/site-packages/airflow/example_dags/example_display_name.py
[2024-10-19T14:26:56.974+0000] {processor.py:830} INFO - Processing file /home/airflow/.local/lib/python3.11/site-packages/airflow/example_dags/example_display_name.py for tasks to queue
[2024-10-19T14:26:56.976+0000] {logging_mixin.py:188} INFO - [2024-10-19T14:26:56.975+0000] {dagbag.py:545} INFO - Filling up the DagBag from /home/airflow/.local/lib/python3.11/site-packages/airflow/example_dags/example_display_name.py
[2024-10-19T14:26:56.982+0000] {processor.py:840} INFO - DAG(s) 'example_display_name' retrieved from /home/airflow/.local/lib/python3.11/site-packages/airflow/example_dags/example_display_name.py
[2024-10-19T14:26:57.001+0000] {logging_mixin.py:188} INFO - [2024-10-19T14:26:57.001+0000] {dag.py:3089} INFO - Sync 1 DAGs
[2024-10-19T14:26:57.016+0000] {logging_mixin.py:188} INFO - [2024-10-19T14:26:57.016+0000] {dag.py:3947} INFO - Setting next_dagrun for example_display_name to None, run_after=None
[2024-10-19T14:26:57.037+0000] {processor.py:183} INFO - Processing /home/airflow/.local/lib/python3.11/site-packages/airflow/example_dags/example_display_name.py took 0.071 seconds
[2024-10-19T14:27:27.833+0000] {processor.py:161} INFO - Started process (PID=1069) to work on /home/airflow/.local/lib/python3.11/site-packages/airflow/example_dags/example_display_name.py
[2024-10-19T14:27:27.834+0000] {processor.py:830} INFO - Processing file /home/airflow/.local/lib/python3.11/site-packages/airflow/example_dags/example_display_name.py for tasks to queue
[2024-10-19T14:27:27.836+0000] {logging_mixin.py:188} INFO - [2024-10-19T14:27:27.836+0000] {dagbag.py:545} INFO - Filling up the DagBag from /home/airflow/.local/lib/python3.11/site-packages/airflow/example_dags/example_display_name.py
[2024-10-19T14:27:27.842+0000] {processor.py:840} INFO - DAG(s) 'example_display_name' retrieved from /home/airflow/.local/lib/python3.11/site-packages/airflow/example_dags/example_display_name.py
[2024-10-19T14:27:27.862+0000] {logging_mixin.py:188} INFO - [2024-10-19T14:27:27.861+0000] {dag.py:3089} INFO - Sync 1 DAGs
[2024-10-19T14:27:27.885+0000] {logging_mixin.py:188} INFO - [2024-10-19T14:27:27.884+0000] {dag.py:3947} INFO - Setting next_dagrun for example_display_name to None, run_after=None
[2024-10-19T14:27:27.911+0000] {processor.py:183} INFO - Processing /home/airflow/.local/lib/python3.11/site-packages/airflow/example_dags/example_display_name.py took 0.084 seconds
[2024-10-19T14:27:58.718+0000] {processor.py:161} INFO - Started process (PID=1128) to work on /home/airflow/.local/lib/python3.11/site-packages/airflow/example_dags/example_display_name.py
[2024-10-19T14:27:58.720+0000] {processor.py:830} INFO - Processing file /home/airflow/.local/lib/python3.11/site-packages/airflow/example_dags/example_display_name.py for tasks to queue
[2024-10-19T14:27:58.721+0000] {logging_mixin.py:188} INFO - [2024-10-19T14:27:58.720+0000] {dagbag.py:545} INFO - Filling up the DagBag from /home/airflow/.local/lib/python3.11/site-packages/airflow/example_dags/example_display_name.py
[2024-10-19T14:27:58.728+0000] {processor.py:840} INFO - DAG(s) 'example_display_name' retrieved from /home/airflow/.local/lib/python3.11/site-packages/airflow/example_dags/example_display_name.py
[2024-10-19T14:27:58.749+0000] {logging_mixin.py:188} INFO - [2024-10-19T14:27:58.749+0000] {dag.py:3089} INFO - Sync 1 DAGs
[2024-10-19T14:27:58.760+0000] {logging_mixin.py:188} INFO - [2024-10-19T14:27:58.760+0000] {dag.py:3947} INFO - Setting next_dagrun for example_display_name to None, run_after=None
[2024-10-19T14:27:58.794+0000] {processor.py:183} INFO - Processing /home/airflow/.local/lib/python3.11/site-packages/airflow/example_dags/example_display_name.py took 0.081 seconds
[2024-10-19T14:28:29.101+0000] {processor.py:161} INFO - Started process (PID=1187) to work on /home/airflow/.local/lib/python3.11/site-packages/airflow/example_dags/example_display_name.py
[2024-10-19T14:28:29.102+0000] {processor.py:830} INFO - Processing file /home/airflow/.local/lib/python3.11/site-packages/airflow/example_dags/example_display_name.py for tasks to queue
[2024-10-19T14:28:29.103+0000] {logging_mixin.py:188} INFO - [2024-10-19T14:28:29.103+0000] {dagbag.py:545} INFO - Filling up the DagBag from /home/airflow/.local/lib/python3.11/site-packages/airflow/example_dags/example_display_name.py
[2024-10-19T14:28:29.108+0000] {processor.py:840} INFO - DAG(s) 'example_display_name' retrieved from /home/airflow/.local/lib/python3.11/site-packages/airflow/example_dags/example_display_name.py
[2024-10-19T14:28:29.124+0000] {logging_mixin.py:188} INFO - [2024-10-19T14:28:29.124+0000] {dag.py:3089} INFO - Sync 1 DAGs
[2024-10-19T14:28:29.134+0000] {logging_mixin.py:188} INFO - [2024-10-19T14:28:29.133+0000] {dag.py:3947} INFO - Setting next_dagrun for example_display_name to None, run_after=None
[2024-10-19T14:28:29.160+0000] {processor.py:183} INFO - Processing /home/airflow/.local/lib/python3.11/site-packages/airflow/example_dags/example_display_name.py took 0.064 seconds
[2024-10-19T14:28:59.242+0000] {processor.py:161} INFO - Started process (PID=1246) to work on /home/airflow/.local/lib/python3.11/site-packages/airflow/example_dags/example_display_name.py
[2024-10-19T14:28:59.248+0000] {processor.py:830} INFO - Processing file /home/airflow/.local/lib/python3.11/site-packages/airflow/example_dags/example_display_name.py for tasks to queue
[2024-10-19T14:28:59.251+0000] {logging_mixin.py:188} INFO - [2024-10-19T14:28:59.250+0000] {dagbag.py:545} INFO - Filling up the DagBag from /home/airflow/.local/lib/python3.11/site-packages/airflow/example_dags/example_display_name.py
[2024-10-19T14:28:59.268+0000] {processor.py:840} INFO - DAG(s) 'example_display_name' retrieved from /home/airflow/.local/lib/python3.11/site-packages/airflow/example_dags/example_display_name.py
[2024-10-19T14:28:59.297+0000] {logging_mixin.py:188} INFO - [2024-10-19T14:28:59.297+0000] {dag.py:3089} INFO - Sync 1 DAGs
[2024-10-19T14:28:59.320+0000] {logging_mixin.py:188} INFO - [2024-10-19T14:28:59.320+0000] {dag.py:3947} INFO - Setting next_dagrun for example_display_name to None, run_after=None
[2024-10-19T14:28:59.355+0000] {processor.py:183} INFO - Processing /home/airflow/.local/lib/python3.11/site-packages/airflow/example_dags/example_display_name.py took 0.123 seconds
[2024-10-19T14:29:30.185+0000] {processor.py:161} INFO - Started process (PID=1305) to work on /home/airflow/.local/lib/python3.11/site-packages/airflow/example_dags/example_display_name.py
[2024-10-19T14:29:30.186+0000] {processor.py:830} INFO - Processing file /home/airflow/.local/lib/python3.11/site-packages/airflow/example_dags/example_display_name.py for tasks to queue
[2024-10-19T14:29:30.187+0000] {logging_mixin.py:188} INFO - [2024-10-19T14:29:30.186+0000] {dagbag.py:545} INFO - Filling up the DagBag from /home/airflow/.local/lib/python3.11/site-packages/airflow/example_dags/example_display_name.py
[2024-10-19T14:29:30.193+0000] {processor.py:840} INFO - DAG(s) 'example_display_name' retrieved from /home/airflow/.local/lib/python3.11/site-packages/airflow/example_dags/example_display_name.py
[2024-10-19T14:29:30.210+0000] {logging_mixin.py:188} INFO - [2024-10-19T14:29:30.210+0000] {dag.py:3089} INFO - Sync 1 DAGs
[2024-10-19T14:29:30.221+0000] {logging_mixin.py:188} INFO - [2024-10-19T14:29:30.221+0000] {dag.py:3947} INFO - Setting next_dagrun for example_display_name to None, run_after=None
[2024-10-19T14:29:30.251+0000] {processor.py:183} INFO - Processing /home/airflow/.local/lib/python3.11/site-packages/airflow/example_dags/example_display_name.py took 0.072 seconds
[2024-10-19T14:30:00.603+0000] {processor.py:161} INFO - Started process (PID=1369) to work on /home/airflow/.local/lib/python3.11/site-packages/airflow/example_dags/example_display_name.py
[2024-10-19T14:30:00.604+0000] {processor.py:830} INFO - Processing file /home/airflow/.local/lib/python3.11/site-packages/airflow/example_dags/example_display_name.py for tasks to queue
[2024-10-19T14:30:00.605+0000] {logging_mixin.py:188} INFO - [2024-10-19T14:30:00.605+0000] {dagbag.py:545} INFO - Filling up the DagBag from /home/airflow/.local/lib/python3.11/site-packages/airflow/example_dags/example_display_name.py
[2024-10-19T14:30:00.613+0000] {processor.py:840} INFO - DAG(s) 'example_display_name' retrieved from /home/airflow/.local/lib/python3.11/site-packages/airflow/example_dags/example_display_name.py
[2024-10-19T14:30:00.634+0000] {logging_mixin.py:188} INFO - [2024-10-19T14:30:00.634+0000] {dag.py:3089} INFO - Sync 1 DAGs
[2024-10-19T14:30:00.648+0000] {logging_mixin.py:188} INFO - [2024-10-19T14:30:00.647+0000] {dag.py:3947} INFO - Setting next_dagrun for example_display_name to None, run_after=None
[2024-10-19T14:30:00.669+0000] {processor.py:183} INFO - Processing /home/airflow/.local/lib/python3.11/site-packages/airflow/example_dags/example_display_name.py took 0.072 seconds
[2024-10-19T14:30:31.198+0000] {processor.py:161} INFO - Started process (PID=1460) to work on /home/airflow/.local/lib/python3.11/site-packages/airflow/example_dags/example_display_name.py
[2024-10-19T14:30:31.200+0000] {processor.py:830} INFO - Processing file /home/airflow/.local/lib/python3.11/site-packages/airflow/example_dags/example_display_name.py for tasks to queue
[2024-10-19T14:30:31.202+0000] {logging_mixin.py:188} INFO - [2024-10-19T14:30:31.201+0000] {dagbag.py:545} INFO - Filling up the DagBag from /home/airflow/.local/lib/python3.11/site-packages/airflow/example_dags/example_display_name.py
[2024-10-19T14:30:31.216+0000] {processor.py:840} INFO - DAG(s) 'example_display_name' retrieved from /home/airflow/.local/lib/python3.11/site-packages/airflow/example_dags/example_display_name.py
[2024-10-19T14:30:31.250+0000] {logging_mixin.py:188} INFO - [2024-10-19T14:30:31.250+0000] {dag.py:3089} INFO - Sync 1 DAGs
[2024-10-19T14:30:31.270+0000] {logging_mixin.py:188} INFO - [2024-10-19T14:30:31.269+0000] {dag.py:3947} INFO - Setting next_dagrun for example_display_name to None, run_after=None
[2024-10-19T14:30:31.298+0000] {processor.py:183} INFO - Processing /home/airflow/.local/lib/python3.11/site-packages/airflow/example_dags/example_display_name.py took 0.110 seconds
[2024-10-19T14:31:02.070+0000] {processor.py:161} INFO - Started process (PID=1563) to work on /home/airflow/.local/lib/python3.11/site-packages/airflow/example_dags/example_display_name.py
[2024-10-19T14:31:02.074+0000] {processor.py:830} INFO - Processing file /home/airflow/.local/lib/python3.11/site-packages/airflow/example_dags/example_display_name.py for tasks to queue
[2024-10-19T14:31:02.076+0000] {logging_mixin.py:188} INFO - [2024-10-19T14:31:02.075+0000] {dagbag.py:545} INFO - Filling up the DagBag from /home/airflow/.local/lib/python3.11/site-packages/airflow/example_dags/example_display_name.py
[2024-10-19T14:31:02.083+0000] {processor.py:840} INFO - DAG(s) 'example_display_name' retrieved from /home/airflow/.local/lib/python3.11/site-packages/airflow/example_dags/example_display_name.py
[2024-10-19T14:31:02.120+0000] {logging_mixin.py:188} INFO - [2024-10-19T14:31:02.120+0000] {dag.py:3089} INFO - Sync 1 DAGs
[2024-10-19T14:31:02.140+0000] {logging_mixin.py:188} INFO - [2024-10-19T14:31:02.139+0000] {dag.py:3947} INFO - Setting next_dagrun for example_display_name to None, run_after=None
[2024-10-19T14:31:02.169+0000] {processor.py:183} INFO - Processing /home/airflow/.local/lib/python3.11/site-packages/airflow/example_dags/example_display_name.py took 0.107 seconds
[2024-10-19T14:31:32.221+0000] {processor.py:161} INFO - Started process (PID=1699) to work on /home/airflow/.local/lib/python3.11/site-packages/airflow/example_dags/example_display_name.py
[2024-10-19T14:31:32.222+0000] {processor.py:830} INFO - Processing file /home/airflow/.local/lib/python3.11/site-packages/airflow/example_dags/example_display_name.py for tasks to queue
[2024-10-19T14:31:32.223+0000] {logging_mixin.py:188} INFO - [2024-10-19T14:31:32.223+0000] {dagbag.py:545} INFO - Filling up the DagBag from /home/airflow/.local/lib/python3.11/site-packages/airflow/example_dags/example_display_name.py
[2024-10-19T14:31:32.227+0000] {processor.py:840} INFO - DAG(s) 'example_display_name' retrieved from /home/airflow/.local/lib/python3.11/site-packages/airflow/example_dags/example_display_name.py
[2024-10-19T14:31:32.244+0000] {logging_mixin.py:188} INFO - [2024-10-19T14:31:32.244+0000] {dag.py:3089} INFO - Sync 1 DAGs
[2024-10-19T14:31:32.255+0000] {logging_mixin.py:188} INFO - [2024-10-19T14:31:32.254+0000] {dag.py:3947} INFO - Setting next_dagrun for example_display_name to None, run_after=None
[2024-10-19T14:31:32.269+0000] {processor.py:183} INFO - Processing /home/airflow/.local/lib/python3.11/site-packages/airflow/example_dags/example_display_name.py took 0.053 seconds
[2024-10-19T14:32:02.563+0000] {processor.py:161} INFO - Started process (PID=1787) to work on /home/airflow/.local/lib/python3.11/site-packages/airflow/example_dags/example_display_name.py
[2024-10-19T14:32:02.564+0000] {processor.py:830} INFO - Processing file /home/airflow/.local/lib/python3.11/site-packages/airflow/example_dags/example_display_name.py for tasks to queue
[2024-10-19T14:32:02.565+0000] {logging_mixin.py:188} INFO - [2024-10-19T14:32:02.564+0000] {dagbag.py:545} INFO - Filling up the DagBag from /home/airflow/.local/lib/python3.11/site-packages/airflow/example_dags/example_display_name.py
[2024-10-19T14:32:02.569+0000] {processor.py:840} INFO - DAG(s) 'example_display_name' retrieved from /home/airflow/.local/lib/python3.11/site-packages/airflow/example_dags/example_display_name.py
[2024-10-19T14:32:02.585+0000] {logging_mixin.py:188} INFO - [2024-10-19T14:32:02.585+0000] {dag.py:3089} INFO - Sync 1 DAGs
[2024-10-19T14:32:02.594+0000] {logging_mixin.py:188} INFO - [2024-10-19T14:32:02.594+0000] {dag.py:3947} INFO - Setting next_dagrun for example_display_name to None, run_after=None
[2024-10-19T14:32:02.613+0000] {processor.py:183} INFO - Processing /home/airflow/.local/lib/python3.11/site-packages/airflow/example_dags/example_display_name.py took 0.055 seconds
[2024-10-19T14:32:32.803+0000] {processor.py:161} INFO - Started process (PID=1846) to work on /home/airflow/.local/lib/python3.11/site-packages/airflow/example_dags/example_display_name.py
[2024-10-19T14:32:32.804+0000] {processor.py:830} INFO - Processing file /home/airflow/.local/lib/python3.11/site-packages/airflow/example_dags/example_display_name.py for tasks to queue
[2024-10-19T14:32:32.805+0000] {logging_mixin.py:188} INFO - [2024-10-19T14:32:32.804+0000] {dagbag.py:545} INFO - Filling up the DagBag from /home/airflow/.local/lib/python3.11/site-packages/airflow/example_dags/example_display_name.py
[2024-10-19T14:32:32.809+0000] {processor.py:840} INFO - DAG(s) 'example_display_name' retrieved from /home/airflow/.local/lib/python3.11/site-packages/airflow/example_dags/example_display_name.py
[2024-10-19T14:32:32.825+0000] {logging_mixin.py:188} INFO - [2024-10-19T14:32:32.825+0000] {dag.py:3089} INFO - Sync 1 DAGs
[2024-10-19T14:32:32.835+0000] {logging_mixin.py:188} INFO - [2024-10-19T14:32:32.835+0000] {dag.py:3947} INFO - Setting next_dagrun for example_display_name to None, run_after=None
[2024-10-19T14:32:32.851+0000] {processor.py:183} INFO - Processing /home/airflow/.local/lib/python3.11/site-packages/airflow/example_dags/example_display_name.py took 0.053 seconds
[2024-10-19T14:33:03.272+0000] {processor.py:161} INFO - Started process (PID=1906) to work on /home/airflow/.local/lib/python3.11/site-packages/airflow/example_dags/example_display_name.py
[2024-10-19T14:33:03.273+0000] {processor.py:830} INFO - Processing file /home/airflow/.local/lib/python3.11/site-packages/airflow/example_dags/example_display_name.py for tasks to queue
[2024-10-19T14:33:03.274+0000] {logging_mixin.py:188} INFO - [2024-10-19T14:33:03.274+0000] {dagbag.py:545} INFO - Filling up the DagBag from /home/airflow/.local/lib/python3.11/site-packages/airflow/example_dags/example_display_name.py
[2024-10-19T14:33:03.280+0000] {processor.py:840} INFO - DAG(s) 'example_display_name' retrieved from /home/airflow/.local/lib/python3.11/site-packages/airflow/example_dags/example_display_name.py
[2024-10-19T14:33:03.299+0000] {logging_mixin.py:188} INFO - [2024-10-19T14:33:03.299+0000] {dag.py:3089} INFO - Sync 1 DAGs
[2024-10-19T14:33:03.309+0000] {logging_mixin.py:188} INFO - [2024-10-19T14:33:03.309+0000] {dag.py:3947} INFO - Setting next_dagrun for example_display_name to None, run_after=None
[2024-10-19T14:33:03.323+0000] {processor.py:183} INFO - Processing /home/airflow/.local/lib/python3.11/site-packages/airflow/example_dags/example_display_name.py took 0.058 seconds
[2024-10-19T14:33:33.763+0000] {processor.py:161} INFO - Started process (PID=1965) to work on /home/airflow/.local/lib/python3.11/site-packages/airflow/example_dags/example_display_name.py
[2024-10-19T14:33:33.764+0000] {processor.py:830} INFO - Processing file /home/airflow/.local/lib/python3.11/site-packages/airflow/example_dags/example_display_name.py for tasks to queue
[2024-10-19T14:33:33.765+0000] {logging_mixin.py:188} INFO - [2024-10-19T14:33:33.765+0000] {dagbag.py:545} INFO - Filling up the DagBag from /home/airflow/.local/lib/python3.11/site-packages/airflow/example_dags/example_display_name.py
[2024-10-19T14:33:33.770+0000] {processor.py:840} INFO - DAG(s) 'example_display_name' retrieved from /home/airflow/.local/lib/python3.11/site-packages/airflow/example_dags/example_display_name.py
[2024-10-19T14:33:33.786+0000] {logging_mixin.py:188} INFO - [2024-10-19T14:33:33.786+0000] {dag.py:3089} INFO - Sync 1 DAGs
[2024-10-19T14:33:33.796+0000] {logging_mixin.py:188} INFO - [2024-10-19T14:33:33.795+0000] {dag.py:3947} INFO - Setting next_dagrun for example_display_name to None, run_after=None
[2024-10-19T14:33:33.812+0000] {processor.py:183} INFO - Processing /home/airflow/.local/lib/python3.11/site-packages/airflow/example_dags/example_display_name.py took 0.055 seconds
[2024-10-19T14:34:03.940+0000] {processor.py:161} INFO - Started process (PID=2024) to work on /home/airflow/.local/lib/python3.11/site-packages/airflow/example_dags/example_display_name.py
[2024-10-19T14:34:03.940+0000] {processor.py:830} INFO - Processing file /home/airflow/.local/lib/python3.11/site-packages/airflow/example_dags/example_display_name.py for tasks to queue
[2024-10-19T14:34:03.941+0000] {logging_mixin.py:188} INFO - [2024-10-19T14:34:03.941+0000] {dagbag.py:545} INFO - Filling up the DagBag from /home/airflow/.local/lib/python3.11/site-packages/airflow/example_dags/example_display_name.py
[2024-10-19T14:34:03.946+0000] {processor.py:840} INFO - DAG(s) 'example_display_name' retrieved from /home/airflow/.local/lib/python3.11/site-packages/airflow/example_dags/example_display_name.py
[2024-10-19T14:34:03.963+0000] {logging_mixin.py:188} INFO - [2024-10-19T14:34:03.963+0000] {dag.py:3089} INFO - Sync 1 DAGs
[2024-10-19T14:34:03.973+0000] {logging_mixin.py:188} INFO - [2024-10-19T14:34:03.973+0000] {dag.py:3947} INFO - Setting next_dagrun for example_display_name to None, run_after=None
[2024-10-19T14:34:03.991+0000] {processor.py:183} INFO - Processing /home/airflow/.local/lib/python3.11/site-packages/airflow/example_dags/example_display_name.py took 0.056 seconds
[2024-10-19T14:34:34.268+0000] {processor.py:161} INFO - Started process (PID=2083) to work on /home/airflow/.local/lib/python3.11/site-packages/airflow/example_dags/example_display_name.py
[2024-10-19T14:34:34.269+0000] {processor.py:830} INFO - Processing file /home/airflow/.local/lib/python3.11/site-packages/airflow/example_dags/example_display_name.py for tasks to queue
[2024-10-19T14:34:34.270+0000] {logging_mixin.py:188} INFO - [2024-10-19T14:34:34.269+0000] {dagbag.py:545} INFO - Filling up the DagBag from /home/airflow/.local/lib/python3.11/site-packages/airflow/example_dags/example_display_name.py
[2024-10-19T14:34:34.274+0000] {processor.py:840} INFO - DAG(s) 'example_display_name' retrieved from /home/airflow/.local/lib/python3.11/site-packages/airflow/example_dags/example_display_name.py
[2024-10-19T14:34:34.291+0000] {logging_mixin.py:188} INFO - [2024-10-19T14:34:34.291+0000] {dag.py:3089} INFO - Sync 1 DAGs
[2024-10-19T14:34:34.301+0000] {logging_mixin.py:188} INFO - [2024-10-19T14:34:34.301+0000] {dag.py:3947} INFO - Setting next_dagrun for example_display_name to None, run_after=None
[2024-10-19T14:34:34.316+0000] {processor.py:183} INFO - Processing /home/airflow/.local/lib/python3.11/site-packages/airflow/example_dags/example_display_name.py took 0.053 seconds
[2024-10-19T14:35:04.403+0000] {processor.py:161} INFO - Started process (PID=2142) to work on /home/airflow/.local/lib/python3.11/site-packages/airflow/example_dags/example_display_name.py
[2024-10-19T14:35:04.404+0000] {processor.py:830} INFO - Processing file /home/airflow/.local/lib/python3.11/site-packages/airflow/example_dags/example_display_name.py for tasks to queue
[2024-10-19T14:35:04.405+0000] {logging_mixin.py:188} INFO - [2024-10-19T14:35:04.405+0000] {dagbag.py:545} INFO - Filling up the DagBag from /home/airflow/.local/lib/python3.11/site-packages/airflow/example_dags/example_display_name.py
[2024-10-19T14:35:04.410+0000] {processor.py:840} INFO - DAG(s) 'example_display_name' retrieved from /home/airflow/.local/lib/python3.11/site-packages/airflow/example_dags/example_display_name.py
[2024-10-19T14:35:04.427+0000] {logging_mixin.py:188} INFO - [2024-10-19T14:35:04.426+0000] {dag.py:3089} INFO - Sync 1 DAGs
[2024-10-19T14:35:04.437+0000] {logging_mixin.py:188} INFO - [2024-10-19T14:35:04.436+0000] {dag.py:3947} INFO - Setting next_dagrun for example_display_name to None, run_after=None
[2024-10-19T14:35:04.453+0000] {processor.py:183} INFO - Processing /home/airflow/.local/lib/python3.11/site-packages/airflow/example_dags/example_display_name.py took 0.055 seconds
[2024-10-19T14:35:35.109+0000] {processor.py:161} INFO - Started process (PID=2201) to work on /home/airflow/.local/lib/python3.11/site-packages/airflow/example_dags/example_display_name.py
[2024-10-19T14:35:35.109+0000] {processor.py:830} INFO - Processing file /home/airflow/.local/lib/python3.11/site-packages/airflow/example_dags/example_display_name.py for tasks to queue
[2024-10-19T14:35:35.110+0000] {logging_mixin.py:188} INFO - [2024-10-19T14:35:35.110+0000] {dagbag.py:545} INFO - Filling up the DagBag from /home/airflow/.local/lib/python3.11/site-packages/airflow/example_dags/example_display_name.py
[2024-10-19T14:35:35.115+0000] {processor.py:840} INFO - DAG(s) 'example_display_name' retrieved from /home/airflow/.local/lib/python3.11/site-packages/airflow/example_dags/example_display_name.py
[2024-10-19T14:35:35.130+0000] {logging_mixin.py:188} INFO - [2024-10-19T14:35:35.130+0000] {dag.py:3089} INFO - Sync 1 DAGs
[2024-10-19T14:35:35.140+0000] {logging_mixin.py:188} INFO - [2024-10-19T14:35:35.140+0000] {dag.py:3947} INFO - Setting next_dagrun for example_display_name to None, run_after=None
[2024-10-19T14:35:35.156+0000] {processor.py:183} INFO - Processing /home/airflow/.local/lib/python3.11/site-packages/airflow/example_dags/example_display_name.py took 0.052 seconds
[2024-10-19T14:36:05.902+0000] {processor.py:161} INFO - Started process (PID=2260) to work on /home/airflow/.local/lib/python3.11/site-packages/airflow/example_dags/example_display_name.py
[2024-10-19T14:36:05.903+0000] {processor.py:830} INFO - Processing file /home/airflow/.local/lib/python3.11/site-packages/airflow/example_dags/example_display_name.py for tasks to queue
[2024-10-19T14:36:05.904+0000] {logging_mixin.py:188} INFO - [2024-10-19T14:36:05.904+0000] {dagbag.py:545} INFO - Filling up the DagBag from /home/airflow/.local/lib/python3.11/site-packages/airflow/example_dags/example_display_name.py
[2024-10-19T14:36:05.910+0000] {processor.py:840} INFO - DAG(s) 'example_display_name' retrieved from /home/airflow/.local/lib/python3.11/site-packages/airflow/example_dags/example_display_name.py
[2024-10-19T14:36:05.927+0000] {logging_mixin.py:188} INFO - [2024-10-19T14:36:05.926+0000] {dag.py:3089} INFO - Sync 1 DAGs
[2024-10-19T14:36:05.937+0000] {logging_mixin.py:188} INFO - [2024-10-19T14:36:05.936+0000] {dag.py:3947} INFO - Setting next_dagrun for example_display_name to None, run_after=None
[2024-10-19T14:36:05.955+0000] {processor.py:183} INFO - Processing /home/airflow/.local/lib/python3.11/site-packages/airflow/example_dags/example_display_name.py took 0.059 seconds
[2024-10-19T14:36:36.731+0000] {processor.py:161} INFO - Started process (PID=2319) to work on /home/airflow/.local/lib/python3.11/site-packages/airflow/example_dags/example_display_name.py
[2024-10-19T14:36:36.732+0000] {processor.py:830} INFO - Processing file /home/airflow/.local/lib/python3.11/site-packages/airflow/example_dags/example_display_name.py for tasks to queue
[2024-10-19T14:36:36.733+0000] {logging_mixin.py:188} INFO - [2024-10-19T14:36:36.732+0000] {dagbag.py:545} INFO - Filling up the DagBag from /home/airflow/.local/lib/python3.11/site-packages/airflow/example_dags/example_display_name.py
[2024-10-19T14:36:36.737+0000] {processor.py:840} INFO - DAG(s) 'example_display_name' retrieved from /home/airflow/.local/lib/python3.11/site-packages/airflow/example_dags/example_display_name.py
[2024-10-19T14:36:36.753+0000] {logging_mixin.py:188} INFO - [2024-10-19T14:36:36.752+0000] {dag.py:3089} INFO - Sync 1 DAGs
[2024-10-19T14:36:36.762+0000] {logging_mixin.py:188} INFO - [2024-10-19T14:36:36.762+0000] {dag.py:3947} INFO - Setting next_dagrun for example_display_name to None, run_after=None
[2024-10-19T14:36:36.779+0000] {processor.py:183} INFO - Processing /home/airflow/.local/lib/python3.11/site-packages/airflow/example_dags/example_display_name.py took 0.053 seconds
[2024-10-19T14:37:07.756+0000] {processor.py:161} INFO - Started process (PID=2378) to work on /home/airflow/.local/lib/python3.11/site-packages/airflow/example_dags/example_display_name.py
[2024-10-19T14:37:07.757+0000] {processor.py:830} INFO - Processing file /home/airflow/.local/lib/python3.11/site-packages/airflow/example_dags/example_display_name.py for tasks to queue
[2024-10-19T14:37:07.758+0000] {logging_mixin.py:188} INFO - [2024-10-19T14:37:07.758+0000] {dagbag.py:545} INFO - Filling up the DagBag from /home/airflow/.local/lib/python3.11/site-packages/airflow/example_dags/example_display_name.py
[2024-10-19T14:37:07.764+0000] {processor.py:840} INFO - DAG(s) 'example_display_name' retrieved from /home/airflow/.local/lib/python3.11/site-packages/airflow/example_dags/example_display_name.py
[2024-10-19T14:37:07.782+0000] {logging_mixin.py:188} INFO - [2024-10-19T14:37:07.782+0000] {dag.py:3089} INFO - Sync 1 DAGs
[2024-10-19T14:37:07.795+0000] {logging_mixin.py:188} INFO - [2024-10-19T14:37:07.795+0000] {dag.py:3947} INFO - Setting next_dagrun for example_display_name to None, run_after=None
[2024-10-19T14:37:07.813+0000] {processor.py:183} INFO - Processing /home/airflow/.local/lib/python3.11/site-packages/airflow/example_dags/example_display_name.py took 0.064 seconds
[2024-10-19T14:37:38.019+0000] {processor.py:161} INFO - Started process (PID=2442) to work on /home/airflow/.local/lib/python3.11/site-packages/airflow/example_dags/example_display_name.py
[2024-10-19T14:37:38.020+0000] {processor.py:830} INFO - Processing file /home/airflow/.local/lib/python3.11/site-packages/airflow/example_dags/example_display_name.py for tasks to queue
[2024-10-19T14:37:38.021+0000] {logging_mixin.py:188} INFO - [2024-10-19T14:37:38.021+0000] {dagbag.py:545} INFO - Filling up the DagBag from /home/airflow/.local/lib/python3.11/site-packages/airflow/example_dags/example_display_name.py
[2024-10-19T14:37:38.026+0000] {processor.py:840} INFO - DAG(s) 'example_display_name' retrieved from /home/airflow/.local/lib/python3.11/site-packages/airflow/example_dags/example_display_name.py
[2024-10-19T14:37:38.045+0000] {logging_mixin.py:188} INFO - [2024-10-19T14:37:38.045+0000] {dag.py:3089} INFO - Sync 1 DAGs
[2024-10-19T14:37:38.055+0000] {logging_mixin.py:188} INFO - [2024-10-19T14:37:38.055+0000] {dag.py:3947} INFO - Setting next_dagrun for example_display_name to None, run_after=None
[2024-10-19T14:37:38.072+0000] {processor.py:183} INFO - Processing /home/airflow/.local/lib/python3.11/site-packages/airflow/example_dags/example_display_name.py took 0.058 seconds
[2024-10-19T14:38:08.194+0000] {processor.py:161} INFO - Started process (PID=2501) to work on /home/airflow/.local/lib/python3.11/site-packages/airflow/example_dags/example_display_name.py
[2024-10-19T14:38:08.195+0000] {processor.py:830} INFO - Processing file /home/airflow/.local/lib/python3.11/site-packages/airflow/example_dags/example_display_name.py for tasks to queue
[2024-10-19T14:38:08.196+0000] {logging_mixin.py:188} INFO - [2024-10-19T14:38:08.196+0000] {dagbag.py:545} INFO - Filling up the DagBag from /home/airflow/.local/lib/python3.11/site-packages/airflow/example_dags/example_display_name.py
[2024-10-19T14:38:08.202+0000] {processor.py:840} INFO - DAG(s) 'example_display_name' retrieved from /home/airflow/.local/lib/python3.11/site-packages/airflow/example_dags/example_display_name.py
[2024-10-19T14:38:08.220+0000] {logging_mixin.py:188} INFO - [2024-10-19T14:38:08.220+0000] {dag.py:3089} INFO - Sync 1 DAGs
[2024-10-19T14:38:08.233+0000] {logging_mixin.py:188} INFO - [2024-10-19T14:38:08.232+0000] {dag.py:3947} INFO - Setting next_dagrun for example_display_name to None, run_after=None
[2024-10-19T14:38:08.250+0000] {processor.py:183} INFO - Processing /home/airflow/.local/lib/python3.11/site-packages/airflow/example_dags/example_display_name.py took 0.062 seconds
[2024-10-19T14:38:38.328+0000] {processor.py:161} INFO - Started process (PID=2560) to work on /home/airflow/.local/lib/python3.11/site-packages/airflow/example_dags/example_display_name.py
[2024-10-19T14:38:38.329+0000] {processor.py:830} INFO - Processing file /home/airflow/.local/lib/python3.11/site-packages/airflow/example_dags/example_display_name.py for tasks to queue
[2024-10-19T14:38:38.330+0000] {logging_mixin.py:188} INFO - [2024-10-19T14:38:38.330+0000] {dagbag.py:545} INFO - Filling up the DagBag from /home/airflow/.local/lib/python3.11/site-packages/airflow/example_dags/example_display_name.py
[2024-10-19T14:38:38.335+0000] {processor.py:840} INFO - DAG(s) 'example_display_name' retrieved from /home/airflow/.local/lib/python3.11/site-packages/airflow/example_dags/example_display_name.py
[2024-10-19T14:38:38.353+0000] {logging_mixin.py:188} INFO - [2024-10-19T14:38:38.353+0000] {dag.py:3089} INFO - Sync 1 DAGs
[2024-10-19T14:38:38.364+0000] {logging_mixin.py:188} INFO - [2024-10-19T14:38:38.364+0000] {dag.py:3947} INFO - Setting next_dagrun for example_display_name to None, run_after=None
[2024-10-19T14:38:38.388+0000] {processor.py:183} INFO - Processing /home/airflow/.local/lib/python3.11/site-packages/airflow/example_dags/example_display_name.py took 0.065 seconds
[2024-10-19T14:39:08.558+0000] {processor.py:161} INFO - Started process (PID=2619) to work on /home/airflow/.local/lib/python3.11/site-packages/airflow/example_dags/example_display_name.py
[2024-10-19T14:39:08.559+0000] {processor.py:830} INFO - Processing file /home/airflow/.local/lib/python3.11/site-packages/airflow/example_dags/example_display_name.py for tasks to queue
[2024-10-19T14:39:08.560+0000] {logging_mixin.py:188} INFO - [2024-10-19T14:39:08.559+0000] {dagbag.py:545} INFO - Filling up the DagBag from /home/airflow/.local/lib/python3.11/site-packages/airflow/example_dags/example_display_name.py
[2024-10-19T14:39:08.566+0000] {processor.py:840} INFO - DAG(s) 'example_display_name' retrieved from /home/airflow/.local/lib/python3.11/site-packages/airflow/example_dags/example_display_name.py
[2024-10-19T14:39:08.588+0000] {logging_mixin.py:188} INFO - [2024-10-19T14:39:08.588+0000] {dag.py:3089} INFO - Sync 1 DAGs
[2024-10-19T14:39:08.598+0000] {logging_mixin.py:188} INFO - [2024-10-19T14:39:08.598+0000] {dag.py:3947} INFO - Setting next_dagrun for example_display_name to None, run_after=None
[2024-10-19T14:39:08.612+0000] {processor.py:183} INFO - Processing /home/airflow/.local/lib/python3.11/site-packages/airflow/example_dags/example_display_name.py took 0.059 seconds
[2024-10-19T14:39:39.207+0000] {processor.py:161} INFO - Started process (PID=2678) to work on /home/airflow/.local/lib/python3.11/site-packages/airflow/example_dags/example_display_name.py
[2024-10-19T14:39:39.208+0000] {processor.py:830} INFO - Processing file /home/airflow/.local/lib/python3.11/site-packages/airflow/example_dags/example_display_name.py for tasks to queue
[2024-10-19T14:39:39.209+0000] {logging_mixin.py:188} INFO - [2024-10-19T14:39:39.209+0000] {dagbag.py:545} INFO - Filling up the DagBag from /home/airflow/.local/lib/python3.11/site-packages/airflow/example_dags/example_display_name.py
[2024-10-19T14:39:39.214+0000] {processor.py:840} INFO - DAG(s) 'example_display_name' retrieved from /home/airflow/.local/lib/python3.11/site-packages/airflow/example_dags/example_display_name.py
[2024-10-19T14:39:39.232+0000] {logging_mixin.py:188} INFO - [2024-10-19T14:39:39.232+0000] {dag.py:3089} INFO - Sync 1 DAGs
[2024-10-19T14:39:39.244+0000] {logging_mixin.py:188} INFO - [2024-10-19T14:39:39.244+0000] {dag.py:3947} INFO - Setting next_dagrun for example_display_name to None, run_after=None
[2024-10-19T14:39:39.263+0000] {processor.py:183} INFO - Processing /home/airflow/.local/lib/python3.11/site-packages/airflow/example_dags/example_display_name.py took 0.061 seconds
[2024-10-19T14:40:09.979+0000] {processor.py:161} INFO - Started process (PID=2737) to work on /home/airflow/.local/lib/python3.11/site-packages/airflow/example_dags/example_display_name.py
[2024-10-19T14:40:09.980+0000] {processor.py:830} INFO - Processing file /home/airflow/.local/lib/python3.11/site-packages/airflow/example_dags/example_display_name.py for tasks to queue
[2024-10-19T14:40:09.982+0000] {logging_mixin.py:188} INFO - [2024-10-19T14:40:09.981+0000] {dagbag.py:545} INFO - Filling up the DagBag from /home/airflow/.local/lib/python3.11/site-packages/airflow/example_dags/example_display_name.py
[2024-10-19T14:40:09.989+0000] {processor.py:840} INFO - DAG(s) 'example_display_name' retrieved from /home/airflow/.local/lib/python3.11/site-packages/airflow/example_dags/example_display_name.py
[2024-10-19T14:40:10.017+0000] {logging_mixin.py:188} INFO - [2024-10-19T14:40:10.016+0000] {dag.py:3089} INFO - Sync 1 DAGs
[2024-10-19T14:40:10.033+0000] {logging_mixin.py:188} INFO - [2024-10-19T14:40:10.033+0000] {dag.py:3947} INFO - Setting next_dagrun for example_display_name to None, run_after=None
[2024-10-19T14:40:10.087+0000] {processor.py:183} INFO - Processing /home/airflow/.local/lib/python3.11/site-packages/airflow/example_dags/example_display_name.py took 0.114 seconds
[2024-10-19T14:40:40.882+0000] {processor.py:161} INFO - Started process (PID=2796) to work on /home/airflow/.local/lib/python3.11/site-packages/airflow/example_dags/example_display_name.py
[2024-10-19T14:40:40.883+0000] {processor.py:830} INFO - Processing file /home/airflow/.local/lib/python3.11/site-packages/airflow/example_dags/example_display_name.py for tasks to queue
[2024-10-19T14:40:40.884+0000] {logging_mixin.py:188} INFO - [2024-10-19T14:40:40.884+0000] {dagbag.py:545} INFO - Filling up the DagBag from /home/airflow/.local/lib/python3.11/site-packages/airflow/example_dags/example_display_name.py
[2024-10-19T14:40:40.891+0000] {processor.py:840} INFO - DAG(s) 'example_display_name' retrieved from /home/airflow/.local/lib/python3.11/site-packages/airflow/example_dags/example_display_name.py
[2024-10-19T14:40:40.916+0000] {logging_mixin.py:188} INFO - [2024-10-19T14:40:40.916+0000] {dag.py:3089} INFO - Sync 1 DAGs
[2024-10-19T14:40:40.931+0000] {logging_mixin.py:188} INFO - [2024-10-19T14:40:40.931+0000] {dag.py:3947} INFO - Setting next_dagrun for example_display_name to None, run_after=None
[2024-10-19T14:40:40.959+0000] {processor.py:183} INFO - Processing /home/airflow/.local/lib/python3.11/site-packages/airflow/example_dags/example_display_name.py took 0.086 seconds
[2024-10-19T14:41:11.437+0000] {processor.py:161} INFO - Started process (PID=2855) to work on /home/airflow/.local/lib/python3.11/site-packages/airflow/example_dags/example_display_name.py
[2024-10-19T14:41:11.438+0000] {processor.py:830} INFO - Processing file /home/airflow/.local/lib/python3.11/site-packages/airflow/example_dags/example_display_name.py for tasks to queue
[2024-10-19T14:41:11.438+0000] {logging_mixin.py:188} INFO - [2024-10-19T14:41:11.438+0000] {dagbag.py:545} INFO - Filling up the DagBag from /home/airflow/.local/lib/python3.11/site-packages/airflow/example_dags/example_display_name.py
[2024-10-19T14:41:11.443+0000] {processor.py:840} INFO - DAG(s) 'example_display_name' retrieved from /home/airflow/.local/lib/python3.11/site-packages/airflow/example_dags/example_display_name.py
[2024-10-19T14:41:11.459+0000] {logging_mixin.py:188} INFO - [2024-10-19T14:41:11.459+0000] {dag.py:3089} INFO - Sync 1 DAGs
[2024-10-19T14:41:11.469+0000] {logging_mixin.py:188} INFO - [2024-10-19T14:41:11.468+0000] {dag.py:3947} INFO - Setting next_dagrun for example_display_name to None, run_after=None
[2024-10-19T14:41:11.485+0000] {processor.py:183} INFO - Processing /home/airflow/.local/lib/python3.11/site-packages/airflow/example_dags/example_display_name.py took 0.053 seconds
[2024-10-19T14:41:41.738+0000] {processor.py:161} INFO - Started process (PID=2914) to work on /home/airflow/.local/lib/python3.11/site-packages/airflow/example_dags/example_display_name.py
[2024-10-19T14:41:41.739+0000] {processor.py:830} INFO - Processing file /home/airflow/.local/lib/python3.11/site-packages/airflow/example_dags/example_display_name.py for tasks to queue
[2024-10-19T14:41:41.740+0000] {logging_mixin.py:188} INFO - [2024-10-19T14:41:41.740+0000] {dagbag.py:545} INFO - Filling up the DagBag from /home/airflow/.local/lib/python3.11/site-packages/airflow/example_dags/example_display_name.py
[2024-10-19T14:41:41.747+0000] {processor.py:840} INFO - DAG(s) 'example_display_name' retrieved from /home/airflow/.local/lib/python3.11/site-packages/airflow/example_dags/example_display_name.py
[2024-10-19T14:41:41.775+0000] {logging_mixin.py:188} INFO - [2024-10-19T14:41:41.775+0000] {dag.py:3089} INFO - Sync 1 DAGs
[2024-10-19T14:41:41.791+0000] {logging_mixin.py:188} INFO - [2024-10-19T14:41:41.791+0000] {dag.py:3947} INFO - Setting next_dagrun for example_display_name to None, run_after=None
[2024-10-19T14:41:41.813+0000] {processor.py:183} INFO - Processing /home/airflow/.local/lib/python3.11/site-packages/airflow/example_dags/example_display_name.py took 0.082 seconds
[2024-10-19T14:42:12.136+0000] {processor.py:161} INFO - Started process (PID=2973) to work on /home/airflow/.local/lib/python3.11/site-packages/airflow/example_dags/example_display_name.py
[2024-10-19T14:42:12.140+0000] {processor.py:830} INFO - Processing file /home/airflow/.local/lib/python3.11/site-packages/airflow/example_dags/example_display_name.py for tasks to queue
[2024-10-19T14:42:12.148+0000] {logging_mixin.py:188} INFO - [2024-10-19T14:42:12.143+0000] {dagbag.py:545} INFO - Filling up the DagBag from /home/airflow/.local/lib/python3.11/site-packages/airflow/example_dags/example_display_name.py
[2024-10-19T14:42:12.160+0000] {processor.py:840} INFO - DAG(s) 'example_display_name' retrieved from /home/airflow/.local/lib/python3.11/site-packages/airflow/example_dags/example_display_name.py
[2024-10-19T14:42:12.188+0000] {logging_mixin.py:188} INFO - [2024-10-19T14:42:12.188+0000] {dag.py:3089} INFO - Sync 1 DAGs
[2024-10-19T14:42:12.210+0000] {logging_mixin.py:188} INFO - [2024-10-19T14:42:12.210+0000] {dag.py:3947} INFO - Setting next_dagrun for example_display_name to None, run_after=None
[2024-10-19T14:42:12.237+0000] {processor.py:183} INFO - Processing /home/airflow/.local/lib/python3.11/site-packages/airflow/example_dags/example_display_name.py took 0.109 seconds
[2024-10-19T14:42:42.565+0000] {processor.py:161} INFO - Started process (PID=3032) to work on /home/airflow/.local/lib/python3.11/site-packages/airflow/example_dags/example_display_name.py
[2024-10-19T14:42:42.566+0000] {processor.py:830} INFO - Processing file /home/airflow/.local/lib/python3.11/site-packages/airflow/example_dags/example_display_name.py for tasks to queue
[2024-10-19T14:42:42.567+0000] {logging_mixin.py:188} INFO - [2024-10-19T14:42:42.567+0000] {dagbag.py:545} INFO - Filling up the DagBag from /home/airflow/.local/lib/python3.11/site-packages/airflow/example_dags/example_display_name.py
[2024-10-19T14:42:42.572+0000] {processor.py:840} INFO - DAG(s) 'example_display_name' retrieved from /home/airflow/.local/lib/python3.11/site-packages/airflow/example_dags/example_display_name.py
[2024-10-19T14:42:42.588+0000] {logging_mixin.py:188} INFO - [2024-10-19T14:42:42.588+0000] {dag.py:3089} INFO - Sync 1 DAGs
[2024-10-19T14:42:42.598+0000] {logging_mixin.py:188} INFO - [2024-10-19T14:42:42.598+0000] {dag.py:3947} INFO - Setting next_dagrun for example_display_name to None, run_after=None
[2024-10-19T14:42:42.617+0000] {processor.py:183} INFO - Processing /home/airflow/.local/lib/python3.11/site-packages/airflow/example_dags/example_display_name.py took 0.056 seconds
[2024-10-19T14:43:13.210+0000] {processor.py:161} INFO - Started process (PID=3092) to work on /home/airflow/.local/lib/python3.11/site-packages/airflow/example_dags/example_display_name.py
[2024-10-19T14:43:13.211+0000] {processor.py:830} INFO - Processing file /home/airflow/.local/lib/python3.11/site-packages/airflow/example_dags/example_display_name.py for tasks to queue
[2024-10-19T14:43:13.212+0000] {logging_mixin.py:188} INFO - [2024-10-19T14:43:13.212+0000] {dagbag.py:545} INFO - Filling up the DagBag from /home/airflow/.local/lib/python3.11/site-packages/airflow/example_dags/example_display_name.py
[2024-10-19T14:43:13.217+0000] {processor.py:840} INFO - DAG(s) 'example_display_name' retrieved from /home/airflow/.local/lib/python3.11/site-packages/airflow/example_dags/example_display_name.py
[2024-10-19T14:43:13.235+0000] {logging_mixin.py:188} INFO - [2024-10-19T14:43:13.234+0000] {dag.py:3089} INFO - Sync 1 DAGs
[2024-10-19T14:43:13.245+0000] {logging_mixin.py:188} INFO - [2024-10-19T14:43:13.245+0000] {dag.py:3947} INFO - Setting next_dagrun for example_display_name to None, run_after=None
[2024-10-19T14:43:13.263+0000] {processor.py:183} INFO - Processing /home/airflow/.local/lib/python3.11/site-packages/airflow/example_dags/example_display_name.py took 0.057 seconds
[2024-10-19T14:43:44.115+0000] {processor.py:161} INFO - Started process (PID=3151) to work on /home/airflow/.local/lib/python3.11/site-packages/airflow/example_dags/example_display_name.py
[2024-10-19T14:43:44.116+0000] {processor.py:830} INFO - Processing file /home/airflow/.local/lib/python3.11/site-packages/airflow/example_dags/example_display_name.py for tasks to queue
[2024-10-19T14:43:44.117+0000] {logging_mixin.py:188} INFO - [2024-10-19T14:43:44.117+0000] {dagbag.py:545} INFO - Filling up the DagBag from /home/airflow/.local/lib/python3.11/site-packages/airflow/example_dags/example_display_name.py
[2024-10-19T14:43:44.122+0000] {processor.py:840} INFO - DAG(s) 'example_display_name' retrieved from /home/airflow/.local/lib/python3.11/site-packages/airflow/example_dags/example_display_name.py
[2024-10-19T14:43:44.139+0000] {logging_mixin.py:188} INFO - [2024-10-19T14:43:44.138+0000] {dag.py:3089} INFO - Sync 1 DAGs
[2024-10-19T14:43:44.149+0000] {logging_mixin.py:188} INFO - [2024-10-19T14:43:44.149+0000] {dag.py:3947} INFO - Setting next_dagrun for example_display_name to None, run_after=None
[2024-10-19T14:43:44.165+0000] {processor.py:183} INFO - Processing /home/airflow/.local/lib/python3.11/site-packages/airflow/example_dags/example_display_name.py took 0.054 seconds
[2024-10-19T14:44:14.671+0000] {processor.py:161} INFO - Started process (PID=3210) to work on /home/airflow/.local/lib/python3.11/site-packages/airflow/example_dags/example_display_name.py
[2024-10-19T14:44:14.672+0000] {processor.py:830} INFO - Processing file /home/airflow/.local/lib/python3.11/site-packages/airflow/example_dags/example_display_name.py for tasks to queue
[2024-10-19T14:44:14.672+0000] {logging_mixin.py:188} INFO - [2024-10-19T14:44:14.672+0000] {dagbag.py:545} INFO - Filling up the DagBag from /home/airflow/.local/lib/python3.11/site-packages/airflow/example_dags/example_display_name.py
[2024-10-19T14:44:14.677+0000] {processor.py:840} INFO - DAG(s) 'example_display_name' retrieved from /home/airflow/.local/lib/python3.11/site-packages/airflow/example_dags/example_display_name.py
[2024-10-19T14:44:14.694+0000] {logging_mixin.py:188} INFO - [2024-10-19T14:44:14.694+0000] {dag.py:3089} INFO - Sync 1 DAGs
[2024-10-19T14:44:14.705+0000] {logging_mixin.py:188} INFO - [2024-10-19T14:44:14.704+0000] {dag.py:3947} INFO - Setting next_dagrun for example_display_name to None, run_after=None
[2024-10-19T14:44:14.720+0000] {processor.py:183} INFO - Processing /home/airflow/.local/lib/python3.11/site-packages/airflow/example_dags/example_display_name.py took 0.055 seconds
[2024-10-19T14:44:45.289+0000] {processor.py:161} INFO - Started process (PID=3269) to work on /home/airflow/.local/lib/python3.11/site-packages/airflow/example_dags/example_display_name.py
[2024-10-19T14:44:45.290+0000] {processor.py:830} INFO - Processing file /home/airflow/.local/lib/python3.11/site-packages/airflow/example_dags/example_display_name.py for tasks to queue
[2024-10-19T14:44:45.291+0000] {logging_mixin.py:188} INFO - [2024-10-19T14:44:45.290+0000] {dagbag.py:545} INFO - Filling up the DagBag from /home/airflow/.local/lib/python3.11/site-packages/airflow/example_dags/example_display_name.py
[2024-10-19T14:44:45.295+0000] {processor.py:840} INFO - DAG(s) 'example_display_name' retrieved from /home/airflow/.local/lib/python3.11/site-packages/airflow/example_dags/example_display_name.py
[2024-10-19T14:44:45.313+0000] {logging_mixin.py:188} INFO - [2024-10-19T14:44:45.313+0000] {dag.py:3089} INFO - Sync 1 DAGs
[2024-10-19T14:44:45.325+0000] {logging_mixin.py:188} INFO - [2024-10-19T14:44:45.324+0000] {dag.py:3947} INFO - Setting next_dagrun for example_display_name to None, run_after=None
[2024-10-19T14:44:45.341+0000] {processor.py:183} INFO - Processing /home/airflow/.local/lib/python3.11/site-packages/airflow/example_dags/example_display_name.py took 0.057 seconds
[2024-10-19T14:45:15.651+0000] {processor.py:161} INFO - Started process (PID=3329) to work on /home/airflow/.local/lib/python3.11/site-packages/airflow/example_dags/example_display_name.py
[2024-10-19T14:45:15.652+0000] {processor.py:830} INFO - Processing file /home/airflow/.local/lib/python3.11/site-packages/airflow/example_dags/example_display_name.py for tasks to queue
[2024-10-19T14:45:15.653+0000] {logging_mixin.py:188} INFO - [2024-10-19T14:45:15.652+0000] {dagbag.py:545} INFO - Filling up the DagBag from /home/airflow/.local/lib/python3.11/site-packages/airflow/example_dags/example_display_name.py
[2024-10-19T14:45:15.658+0000] {processor.py:840} INFO - DAG(s) 'example_display_name' retrieved from /home/airflow/.local/lib/python3.11/site-packages/airflow/example_dags/example_display_name.py
[2024-10-19T14:45:15.683+0000] {logging_mixin.py:188} INFO - [2024-10-19T14:45:15.683+0000] {dag.py:3089} INFO - Sync 1 DAGs
[2024-10-19T14:45:15.698+0000] {logging_mixin.py:188} INFO - [2024-10-19T14:45:15.698+0000] {dag.py:3947} INFO - Setting next_dagrun for example_display_name to None, run_after=None
[2024-10-19T14:45:15.727+0000] {processor.py:183} INFO - Processing /home/airflow/.local/lib/python3.11/site-packages/airflow/example_dags/example_display_name.py took 0.084 seconds
[2024-10-19T14:45:45.791+0000] {processor.py:161} INFO - Started process (PID=3388) to work on /home/airflow/.local/lib/python3.11/site-packages/airflow/example_dags/example_display_name.py
[2024-10-19T14:45:45.792+0000] {processor.py:830} INFO - Processing file /home/airflow/.local/lib/python3.11/site-packages/airflow/example_dags/example_display_name.py for tasks to queue
[2024-10-19T14:45:45.793+0000] {logging_mixin.py:188} INFO - [2024-10-19T14:45:45.793+0000] {dagbag.py:545} INFO - Filling up the DagBag from /home/airflow/.local/lib/python3.11/site-packages/airflow/example_dags/example_display_name.py
[2024-10-19T14:45:45.799+0000] {processor.py:840} INFO - DAG(s) 'example_display_name' retrieved from /home/airflow/.local/lib/python3.11/site-packages/airflow/example_dags/example_display_name.py
[2024-10-19T14:45:45.822+0000] {logging_mixin.py:188} INFO - [2024-10-19T14:45:45.822+0000] {dag.py:3089} INFO - Sync 1 DAGs
[2024-10-19T14:45:45.835+0000] {logging_mixin.py:188} INFO - [2024-10-19T14:45:45.835+0000] {dag.py:3947} INFO - Setting next_dagrun for example_display_name to None, run_after=None
[2024-10-19T14:45:45.858+0000] {processor.py:183} INFO - Processing /home/airflow/.local/lib/python3.11/site-packages/airflow/example_dags/example_display_name.py took 0.075 seconds
[2024-10-19T14:46:16.014+0000] {processor.py:161} INFO - Started process (PID=3447) to work on /home/airflow/.local/lib/python3.11/site-packages/airflow/example_dags/example_display_name.py
[2024-10-19T14:46:16.015+0000] {processor.py:830} INFO - Processing file /home/airflow/.local/lib/python3.11/site-packages/airflow/example_dags/example_display_name.py for tasks to queue
[2024-10-19T14:46:16.015+0000] {logging_mixin.py:188} INFO - [2024-10-19T14:46:16.015+0000] {dagbag.py:545} INFO - Filling up the DagBag from /home/airflow/.local/lib/python3.11/site-packages/airflow/example_dags/example_display_name.py
[2024-10-19T14:46:16.020+0000] {processor.py:840} INFO - DAG(s) 'example_display_name' retrieved from /home/airflow/.local/lib/python3.11/site-packages/airflow/example_dags/example_display_name.py
[2024-10-19T14:46:16.037+0000] {logging_mixin.py:188} INFO - [2024-10-19T14:46:16.036+0000] {dag.py:3089} INFO - Sync 1 DAGs
[2024-10-19T14:46:16.048+0000] {logging_mixin.py:188} INFO - [2024-10-19T14:46:16.048+0000] {dag.py:3947} INFO - Setting next_dagrun for example_display_name to None, run_after=None
[2024-10-19T14:46:16.063+0000] {processor.py:183} INFO - Processing /home/airflow/.local/lib/python3.11/site-packages/airflow/example_dags/example_display_name.py took 0.055 seconds
[2024-10-19T14:46:46.719+0000] {processor.py:161} INFO - Started process (PID=3507) to work on /home/airflow/.local/lib/python3.11/site-packages/airflow/example_dags/example_display_name.py
[2024-10-19T14:46:46.721+0000] {processor.py:830} INFO - Processing file /home/airflow/.local/lib/python3.11/site-packages/airflow/example_dags/example_display_name.py for tasks to queue
[2024-10-19T14:46:46.722+0000] {logging_mixin.py:188} INFO - [2024-10-19T14:46:46.721+0000] {dagbag.py:545} INFO - Filling up the DagBag from /home/airflow/.local/lib/python3.11/site-packages/airflow/example_dags/example_display_name.py
[2024-10-19T14:46:46.728+0000] {processor.py:840} INFO - DAG(s) 'example_display_name' retrieved from /home/airflow/.local/lib/python3.11/site-packages/airflow/example_dags/example_display_name.py
[2024-10-19T14:46:46.743+0000] {logging_mixin.py:188} INFO - [2024-10-19T14:46:46.743+0000] {dag.py:3089} INFO - Sync 1 DAGs
[2024-10-19T14:46:46.753+0000] {logging_mixin.py:188} INFO - [2024-10-19T14:46:46.753+0000] {dag.py:3947} INFO - Setting next_dagrun for example_display_name to None, run_after=None
[2024-10-19T14:46:46.768+0000] {processor.py:183} INFO - Processing /home/airflow/.local/lib/python3.11/site-packages/airflow/example_dags/example_display_name.py took 0.055 seconds
[2024-10-19T14:47:16.949+0000] {processor.py:161} INFO - Started process (PID=3573) to work on /home/airflow/.local/lib/python3.11/site-packages/airflow/example_dags/example_display_name.py
[2024-10-19T14:47:16.949+0000] {processor.py:830} INFO - Processing file /home/airflow/.local/lib/python3.11/site-packages/airflow/example_dags/example_display_name.py for tasks to queue
[2024-10-19T14:47:16.950+0000] {logging_mixin.py:188} INFO - [2024-10-19T14:47:16.950+0000] {dagbag.py:545} INFO - Filling up the DagBag from /home/airflow/.local/lib/python3.11/site-packages/airflow/example_dags/example_display_name.py
[2024-10-19T14:47:16.955+0000] {processor.py:840} INFO - DAG(s) 'example_display_name' retrieved from /home/airflow/.local/lib/python3.11/site-packages/airflow/example_dags/example_display_name.py
[2024-10-19T14:47:16.971+0000] {logging_mixin.py:188} INFO - [2024-10-19T14:47:16.971+0000] {dag.py:3089} INFO - Sync 1 DAGs
[2024-10-19T14:47:16.982+0000] {logging_mixin.py:188} INFO - [2024-10-19T14:47:16.981+0000] {dag.py:3947} INFO - Setting next_dagrun for example_display_name to None, run_after=None
[2024-10-19T14:47:16.996+0000] {processor.py:183} INFO - Processing /home/airflow/.local/lib/python3.11/site-packages/airflow/example_dags/example_display_name.py took 0.053 seconds
[2024-10-19T14:47:47.290+0000] {processor.py:161} INFO - Started process (PID=3632) to work on /home/airflow/.local/lib/python3.11/site-packages/airflow/example_dags/example_display_name.py
[2024-10-19T14:47:47.291+0000] {processor.py:830} INFO - Processing file /home/airflow/.local/lib/python3.11/site-packages/airflow/example_dags/example_display_name.py for tasks to queue
[2024-10-19T14:47:47.292+0000] {logging_mixin.py:188} INFO - [2024-10-19T14:47:47.291+0000] {dagbag.py:545} INFO - Filling up the DagBag from /home/airflow/.local/lib/python3.11/site-packages/airflow/example_dags/example_display_name.py
[2024-10-19T14:47:47.296+0000] {processor.py:840} INFO - DAG(s) 'example_display_name' retrieved from /home/airflow/.local/lib/python3.11/site-packages/airflow/example_dags/example_display_name.py
[2024-10-19T14:47:47.314+0000] {logging_mixin.py:188} INFO - [2024-10-19T14:47:47.314+0000] {dag.py:3089} INFO - Sync 1 DAGs
[2024-10-19T14:47:47.324+0000] {logging_mixin.py:188} INFO - [2024-10-19T14:47:47.324+0000] {dag.py:3947} INFO - Setting next_dagrun for example_display_name to None, run_after=None
[2024-10-19T14:47:47.339+0000] {processor.py:183} INFO - Processing /home/airflow/.local/lib/python3.11/site-packages/airflow/example_dags/example_display_name.py took 0.055 seconds
[2024-10-19T14:48:17.751+0000] {processor.py:161} INFO - Started process (PID=3691) to work on /home/airflow/.local/lib/python3.11/site-packages/airflow/example_dags/example_display_name.py
[2024-10-19T14:48:17.753+0000] {processor.py:830} INFO - Processing file /home/airflow/.local/lib/python3.11/site-packages/airflow/example_dags/example_display_name.py for tasks to queue
[2024-10-19T14:48:17.755+0000] {logging_mixin.py:188} INFO - [2024-10-19T14:48:17.755+0000] {dagbag.py:545} INFO - Filling up the DagBag from /home/airflow/.local/lib/python3.11/site-packages/airflow/example_dags/example_display_name.py
[2024-10-19T14:48:17.763+0000] {processor.py:840} INFO - DAG(s) 'example_display_name' retrieved from /home/airflow/.local/lib/python3.11/site-packages/airflow/example_dags/example_display_name.py
[2024-10-19T14:48:17.783+0000] {logging_mixin.py:188} INFO - [2024-10-19T14:48:17.783+0000] {dag.py:3089} INFO - Sync 1 DAGs
[2024-10-19T14:48:17.797+0000] {logging_mixin.py:188} INFO - [2024-10-19T14:48:17.797+0000] {dag.py:3947} INFO - Setting next_dagrun for example_display_name to None, run_after=None
[2024-10-19T14:48:17.818+0000] {processor.py:183} INFO - Processing /home/airflow/.local/lib/python3.11/site-packages/airflow/example_dags/example_display_name.py took 0.073 seconds
[2024-10-19T14:48:47.926+0000] {processor.py:161} INFO - Started process (PID=3750) to work on /home/airflow/.local/lib/python3.11/site-packages/airflow/example_dags/example_display_name.py
[2024-10-19T14:48:47.927+0000] {processor.py:830} INFO - Processing file /home/airflow/.local/lib/python3.11/site-packages/airflow/example_dags/example_display_name.py for tasks to queue
[2024-10-19T14:48:47.928+0000] {logging_mixin.py:188} INFO - [2024-10-19T14:48:47.928+0000] {dagbag.py:545} INFO - Filling up the DagBag from /home/airflow/.local/lib/python3.11/site-packages/airflow/example_dags/example_display_name.py
[2024-10-19T14:48:47.933+0000] {processor.py:840} INFO - DAG(s) 'example_display_name' retrieved from /home/airflow/.local/lib/python3.11/site-packages/airflow/example_dags/example_display_name.py
[2024-10-19T14:48:47.952+0000] {logging_mixin.py:188} INFO - [2024-10-19T14:48:47.951+0000] {dag.py:3089} INFO - Sync 1 DAGs
[2024-10-19T14:48:47.962+0000] {logging_mixin.py:188} INFO - [2024-10-19T14:48:47.961+0000] {dag.py:3947} INFO - Setting next_dagrun for example_display_name to None, run_after=None
[2024-10-19T14:48:47.976+0000] {processor.py:183} INFO - Processing /home/airflow/.local/lib/python3.11/site-packages/airflow/example_dags/example_display_name.py took 0.056 seconds
[2024-10-19T14:49:18.070+0000] {processor.py:161} INFO - Started process (PID=3809) to work on /home/airflow/.local/lib/python3.11/site-packages/airflow/example_dags/example_display_name.py
[2024-10-19T14:49:18.071+0000] {processor.py:830} INFO - Processing file /home/airflow/.local/lib/python3.11/site-packages/airflow/example_dags/example_display_name.py for tasks to queue
[2024-10-19T14:49:18.071+0000] {logging_mixin.py:188} INFO - [2024-10-19T14:49:18.071+0000] {dagbag.py:545} INFO - Filling up the DagBag from /home/airflow/.local/lib/python3.11/site-packages/airflow/example_dags/example_display_name.py
[2024-10-19T14:49:18.076+0000] {processor.py:840} INFO - DAG(s) 'example_display_name' retrieved from /home/airflow/.local/lib/python3.11/site-packages/airflow/example_dags/example_display_name.py
[2024-10-19T14:49:18.093+0000] {logging_mixin.py:188} INFO - [2024-10-19T14:49:18.092+0000] {dag.py:3089} INFO - Sync 1 DAGs
[2024-10-19T14:49:18.102+0000] {logging_mixin.py:188} INFO - [2024-10-19T14:49:18.102+0000] {dag.py:3947} INFO - Setting next_dagrun for example_display_name to None, run_after=None
[2024-10-19T14:49:18.121+0000] {processor.py:183} INFO - Processing /home/airflow/.local/lib/python3.11/site-packages/airflow/example_dags/example_display_name.py took 0.056 seconds
[2024-10-19T14:49:48.384+0000] {processor.py:161} INFO - Started process (PID=3868) to work on /home/airflow/.local/lib/python3.11/site-packages/airflow/example_dags/example_display_name.py
[2024-10-19T14:49:48.385+0000] {processor.py:830} INFO - Processing file /home/airflow/.local/lib/python3.11/site-packages/airflow/example_dags/example_display_name.py for tasks to queue
[2024-10-19T14:49:48.386+0000] {logging_mixin.py:188} INFO - [2024-10-19T14:49:48.386+0000] {dagbag.py:545} INFO - Filling up the DagBag from /home/airflow/.local/lib/python3.11/site-packages/airflow/example_dags/example_display_name.py
[2024-10-19T14:49:48.391+0000] {processor.py:840} INFO - DAG(s) 'example_display_name' retrieved from /home/airflow/.local/lib/python3.11/site-packages/airflow/example_dags/example_display_name.py
[2024-10-19T14:49:48.409+0000] {logging_mixin.py:188} INFO - [2024-10-19T14:49:48.409+0000] {dag.py:3089} INFO - Sync 1 DAGs
[2024-10-19T14:49:48.420+0000] {logging_mixin.py:188} INFO - [2024-10-19T14:49:48.420+0000] {dag.py:3947} INFO - Setting next_dagrun for example_display_name to None, run_after=None
[2024-10-19T14:49:48.438+0000] {processor.py:183} INFO - Processing /home/airflow/.local/lib/python3.11/site-packages/airflow/example_dags/example_display_name.py took 0.060 seconds
[2024-10-19T14:50:19.050+0000] {processor.py:161} INFO - Started process (PID=3927) to work on /home/airflow/.local/lib/python3.11/site-packages/airflow/example_dags/example_display_name.py
[2024-10-19T14:50:19.051+0000] {processor.py:830} INFO - Processing file /home/airflow/.local/lib/python3.11/site-packages/airflow/example_dags/example_display_name.py for tasks to queue
[2024-10-19T14:50:19.052+0000] {logging_mixin.py:188} INFO - [2024-10-19T14:50:19.052+0000] {dagbag.py:545} INFO - Filling up the DagBag from /home/airflow/.local/lib/python3.11/site-packages/airflow/example_dags/example_display_name.py
[2024-10-19T14:50:19.058+0000] {processor.py:840} INFO - DAG(s) 'example_display_name' retrieved from /home/airflow/.local/lib/python3.11/site-packages/airflow/example_dags/example_display_name.py
[2024-10-19T14:50:19.076+0000] {logging_mixin.py:188} INFO - [2024-10-19T14:50:19.076+0000] {dag.py:3089} INFO - Sync 1 DAGs
[2024-10-19T14:50:19.087+0000] {logging_mixin.py:188} INFO - [2024-10-19T14:50:19.087+0000] {dag.py:3947} INFO - Setting next_dagrun for example_display_name to None, run_after=None
[2024-10-19T14:50:19.103+0000] {processor.py:183} INFO - Processing /home/airflow/.local/lib/python3.11/site-packages/airflow/example_dags/example_display_name.py took 0.059 seconds
[2024-10-19T14:50:49.786+0000] {processor.py:161} INFO - Started process (PID=3986) to work on /home/airflow/.local/lib/python3.11/site-packages/airflow/example_dags/example_display_name.py
[2024-10-19T14:50:49.787+0000] {processor.py:830} INFO - Processing file /home/airflow/.local/lib/python3.11/site-packages/airflow/example_dags/example_display_name.py for tasks to queue
[2024-10-19T14:50:49.788+0000] {logging_mixin.py:188} INFO - [2024-10-19T14:50:49.788+0000] {dagbag.py:545} INFO - Filling up the DagBag from /home/airflow/.local/lib/python3.11/site-packages/airflow/example_dags/example_display_name.py
[2024-10-19T14:50:49.793+0000] {processor.py:840} INFO - DAG(s) 'example_display_name' retrieved from /home/airflow/.local/lib/python3.11/site-packages/airflow/example_dags/example_display_name.py
[2024-10-19T14:50:49.809+0000] {logging_mixin.py:188} INFO - [2024-10-19T14:50:49.809+0000] {dag.py:3089} INFO - Sync 1 DAGs
[2024-10-19T14:50:49.819+0000] {logging_mixin.py:188} INFO - [2024-10-19T14:50:49.819+0000] {dag.py:3947} INFO - Setting next_dagrun for example_display_name to None, run_after=None
[2024-10-19T14:50:49.834+0000] {processor.py:183} INFO - Processing /home/airflow/.local/lib/python3.11/site-packages/airflow/example_dags/example_display_name.py took 0.053 seconds
[2024-10-19T14:51:19.945+0000] {processor.py:161} INFO - Started process (PID=4045) to work on /home/airflow/.local/lib/python3.11/site-packages/airflow/example_dags/example_display_name.py
[2024-10-19T14:51:19.947+0000] {processor.py:830} INFO - Processing file /home/airflow/.local/lib/python3.11/site-packages/airflow/example_dags/example_display_name.py for tasks to queue
[2024-10-19T14:51:19.947+0000] {logging_mixin.py:188} INFO - [2024-10-19T14:51:19.947+0000] {dagbag.py:545} INFO - Filling up the DagBag from /home/airflow/.local/lib/python3.11/site-packages/airflow/example_dags/example_display_name.py
[2024-10-19T14:51:19.952+0000] {processor.py:840} INFO - DAG(s) 'example_display_name' retrieved from /home/airflow/.local/lib/python3.11/site-packages/airflow/example_dags/example_display_name.py
[2024-10-19T14:51:19.967+0000] {logging_mixin.py:188} INFO - [2024-10-19T14:51:19.967+0000] {dag.py:3089} INFO - Sync 1 DAGs
[2024-10-19T14:51:19.977+0000] {logging_mixin.py:188} INFO - [2024-10-19T14:51:19.977+0000] {dag.py:3947} INFO - Setting next_dagrun for example_display_name to None, run_after=None
[2024-10-19T14:51:19.991+0000] {processor.py:183} INFO - Processing /home/airflow/.local/lib/python3.11/site-packages/airflow/example_dags/example_display_name.py took 0.052 seconds
[2024-10-19T14:51:50.645+0000] {processor.py:161} INFO - Started process (PID=4104) to work on /home/airflow/.local/lib/python3.11/site-packages/airflow/example_dags/example_display_name.py
[2024-10-19T14:51:50.646+0000] {processor.py:830} INFO - Processing file /home/airflow/.local/lib/python3.11/site-packages/airflow/example_dags/example_display_name.py for tasks to queue
[2024-10-19T14:51:50.646+0000] {logging_mixin.py:188} INFO - [2024-10-19T14:51:50.646+0000] {dagbag.py:545} INFO - Filling up the DagBag from /home/airflow/.local/lib/python3.11/site-packages/airflow/example_dags/example_display_name.py
[2024-10-19T14:51:50.651+0000] {processor.py:840} INFO - DAG(s) 'example_display_name' retrieved from /home/airflow/.local/lib/python3.11/site-packages/airflow/example_dags/example_display_name.py
[2024-10-19T14:51:50.667+0000] {logging_mixin.py:188} INFO - [2024-10-19T14:51:50.667+0000] {dag.py:3089} INFO - Sync 1 DAGs
[2024-10-19T14:51:50.677+0000] {logging_mixin.py:188} INFO - [2024-10-19T14:51:50.677+0000] {dag.py:3947} INFO - Setting next_dagrun for example_display_name to None, run_after=None
[2024-10-19T14:51:50.694+0000] {processor.py:183} INFO - Processing /home/airflow/.local/lib/python3.11/site-packages/airflow/example_dags/example_display_name.py took 0.055 seconds
