[2024-10-19T14:18:48.405+0000] {processor.py:161} INFO - Started process (PID=85) to work on /home/airflow/.local/lib/python3.11/site-packages/airflow/example_dags/example_python_operator.py
[2024-10-19T14:18:48.406+0000] {processor.py:830} INFO - Processing file /home/airflow/.local/lib/python3.11/site-packages/airflow/example_dags/example_python_operator.py for tasks to queue
[2024-10-19T14:18:48.408+0000] {logging_mixin.py:188} INFO - [2024-10-19T14:18:48.408+0000] {dagbag.py:545} INFO - Filling up the DagBag from /home/airflow/.local/lib/python3.11/site-packages/airflow/example_dags/example_python_operator.py
[2024-10-19T14:18:48.420+0000] {processor.py:840} INFO - DAG(s) 'example_python_operator' retrieved from /home/airflow/.local/lib/python3.11/site-packages/airflow/example_dags/example_python_operator.py
[2024-10-19T14:18:48.511+0000] {logging_mixin.py:188} INFO - [2024-10-19T14:18:48.511+0000] {override.py:1858} INFO - Created Permission View: can edit on DAG:example_python_operator
[2024-10-19T14:18:48.524+0000] {logging_mixin.py:188} INFO - [2024-10-19T14:18:48.523+0000] {override.py:1858} INFO - Created Permission View: can delete on DAG:example_python_operator
[2024-10-19T14:18:48.531+0000] {logging_mixin.py:188} INFO - [2024-10-19T14:18:48.531+0000] {override.py:1858} INFO - Created Permission View: can read on DAG:example_python_operator
[2024-10-19T14:18:48.532+0000] {logging_mixin.py:188} INFO - [2024-10-19T14:18:48.532+0000] {dag.py:3089} INFO - Sync 1 DAGs
[2024-10-19T14:18:48.546+0000] {logging_mixin.py:188} INFO - [2024-10-19T14:18:48.545+0000] {dag.py:3111} INFO - Creating ORM DAG for example_python_operator
[2024-10-19T14:18:48.547+0000] {logging_mixin.py:188} INFO - [2024-10-19T14:18:48.547+0000] {dag.py:3947} INFO - Setting next_dagrun for example_python_operator to None, run_after=None
[2024-10-19T14:18:48.572+0000] {processor.py:183} INFO - Processing /home/airflow/.local/lib/python3.11/site-packages/airflow/example_dags/example_python_operator.py took 0.172 seconds
[2024-10-19T14:19:19.182+0000] {processor.py:161} INFO - Started process (PID=143) to work on /home/airflow/.local/lib/python3.11/site-packages/airflow/example_dags/example_python_operator.py
[2024-10-19T14:19:19.183+0000] {processor.py:830} INFO - Processing file /home/airflow/.local/lib/python3.11/site-packages/airflow/example_dags/example_python_operator.py for tasks to queue
[2024-10-19T14:19:19.185+0000] {logging_mixin.py:188} INFO - [2024-10-19T14:19:19.184+0000] {dagbag.py:545} INFO - Filling up the DagBag from /home/airflow/.local/lib/python3.11/site-packages/airflow/example_dags/example_python_operator.py
[2024-10-19T14:19:19.194+0000] {processor.py:840} INFO - DAG(s) 'example_python_operator' retrieved from /home/airflow/.local/lib/python3.11/site-packages/airflow/example_dags/example_python_operator.py
[2024-10-19T14:19:19.212+0000] {logging_mixin.py:188} INFO - [2024-10-19T14:19:19.212+0000] {dag.py:3089} INFO - Sync 1 DAGs
[2024-10-19T14:19:19.222+0000] {logging_mixin.py:188} INFO - [2024-10-19T14:19:19.222+0000] {dag.py:3947} INFO - Setting next_dagrun for example_python_operator to None, run_after=None
[2024-10-19T14:19:19.237+0000] {processor.py:183} INFO - Processing /home/airflow/.local/lib/python3.11/site-packages/airflow/example_dags/example_python_operator.py took 0.060 seconds
[2024-10-19T14:19:50.042+0000] {processor.py:161} INFO - Started process (PID=201) to work on /home/airflow/.local/lib/python3.11/site-packages/airflow/example_dags/example_python_operator.py
[2024-10-19T14:19:50.043+0000] {processor.py:830} INFO - Processing file /home/airflow/.local/lib/python3.11/site-packages/airflow/example_dags/example_python_operator.py for tasks to queue
[2024-10-19T14:19:50.045+0000] {logging_mixin.py:188} INFO - [2024-10-19T14:19:50.044+0000] {dagbag.py:545} INFO - Filling up the DagBag from /home/airflow/.local/lib/python3.11/site-packages/airflow/example_dags/example_python_operator.py
[2024-10-19T14:19:50.057+0000] {processor.py:840} INFO - DAG(s) 'example_python_operator' retrieved from /home/airflow/.local/lib/python3.11/site-packages/airflow/example_dags/example_python_operator.py
[2024-10-19T14:19:50.080+0000] {logging_mixin.py:188} INFO - [2024-10-19T14:19:50.079+0000] {dag.py:3089} INFO - Sync 1 DAGs
[2024-10-19T14:19:50.095+0000] {logging_mixin.py:188} INFO - [2024-10-19T14:19:50.095+0000] {dag.py:3947} INFO - Setting next_dagrun for example_python_operator to None, run_after=None
[2024-10-19T14:19:50.113+0000] {processor.py:183} INFO - Processing /home/airflow/.local/lib/python3.11/site-packages/airflow/example_dags/example_python_operator.py took 0.077 seconds
[2024-10-19T14:20:20.722+0000] {processor.py:161} INFO - Started process (PID=259) to work on /home/airflow/.local/lib/python3.11/site-packages/airflow/example_dags/example_python_operator.py
[2024-10-19T14:20:20.723+0000] {processor.py:830} INFO - Processing file /home/airflow/.local/lib/python3.11/site-packages/airflow/example_dags/example_python_operator.py for tasks to queue
[2024-10-19T14:20:20.724+0000] {logging_mixin.py:188} INFO - [2024-10-19T14:20:20.724+0000] {dagbag.py:545} INFO - Filling up the DagBag from /home/airflow/.local/lib/python3.11/site-packages/airflow/example_dags/example_python_operator.py
[2024-10-19T14:20:20.735+0000] {processor.py:840} INFO - DAG(s) 'example_python_operator' retrieved from /home/airflow/.local/lib/python3.11/site-packages/airflow/example_dags/example_python_operator.py
[2024-10-19T14:20:20.756+0000] {logging_mixin.py:188} INFO - [2024-10-19T14:20:20.755+0000] {dag.py:3089} INFO - Sync 1 DAGs
[2024-10-19T14:20:20.766+0000] {logging_mixin.py:188} INFO - [2024-10-19T14:20:20.766+0000] {dag.py:3947} INFO - Setting next_dagrun for example_python_operator to None, run_after=None
[2024-10-19T14:20:20.783+0000] {processor.py:183} INFO - Processing /home/airflow/.local/lib/python3.11/site-packages/airflow/example_dags/example_python_operator.py took 0.067 seconds
[2024-10-19T14:20:51.338+0000] {processor.py:161} INFO - Started process (PID=317) to work on /home/airflow/.local/lib/python3.11/site-packages/airflow/example_dags/example_python_operator.py
[2024-10-19T14:20:51.339+0000] {processor.py:830} INFO - Processing file /home/airflow/.local/lib/python3.11/site-packages/airflow/example_dags/example_python_operator.py for tasks to queue
[2024-10-19T14:20:51.341+0000] {logging_mixin.py:188} INFO - [2024-10-19T14:20:51.341+0000] {dagbag.py:545} INFO - Filling up the DagBag from /home/airflow/.local/lib/python3.11/site-packages/airflow/example_dags/example_python_operator.py
[2024-10-19T14:20:51.349+0000] {processor.py:840} INFO - DAG(s) 'example_python_operator' retrieved from /home/airflow/.local/lib/python3.11/site-packages/airflow/example_dags/example_python_operator.py
[2024-10-19T14:20:51.369+0000] {logging_mixin.py:188} INFO - [2024-10-19T14:20:51.368+0000] {dag.py:3089} INFO - Sync 1 DAGs
[2024-10-19T14:20:51.378+0000] {logging_mixin.py:188} INFO - [2024-10-19T14:20:51.378+0000] {dag.py:3947} INFO - Setting next_dagrun for example_python_operator to None, run_after=None
[2024-10-19T14:20:51.393+0000] {processor.py:183} INFO - Processing /home/airflow/.local/lib/python3.11/site-packages/airflow/example_dags/example_python_operator.py took 0.060 seconds
[2024-10-19T14:21:21.587+0000] {processor.py:161} INFO - Started process (PID=375) to work on /home/airflow/.local/lib/python3.11/site-packages/airflow/example_dags/example_python_operator.py
[2024-10-19T14:21:21.588+0000] {processor.py:830} INFO - Processing file /home/airflow/.local/lib/python3.11/site-packages/airflow/example_dags/example_python_operator.py for tasks to queue
[2024-10-19T14:21:21.590+0000] {logging_mixin.py:188} INFO - [2024-10-19T14:21:21.589+0000] {dagbag.py:545} INFO - Filling up the DagBag from /home/airflow/.local/lib/python3.11/site-packages/airflow/example_dags/example_python_operator.py
[2024-10-19T14:21:21.599+0000] {processor.py:840} INFO - DAG(s) 'example_python_operator' retrieved from /home/airflow/.local/lib/python3.11/site-packages/airflow/example_dags/example_python_operator.py
[2024-10-19T14:21:21.623+0000] {logging_mixin.py:188} INFO - [2024-10-19T14:21:21.623+0000] {dag.py:3089} INFO - Sync 1 DAGs
[2024-10-19T14:21:21.633+0000] {logging_mixin.py:188} INFO - [2024-10-19T14:21:21.633+0000] {dag.py:3947} INFO - Setting next_dagrun for example_python_operator to None, run_after=None
[2024-10-19T14:21:21.649+0000] {processor.py:183} INFO - Processing /home/airflow/.local/lib/python3.11/site-packages/airflow/example_dags/example_python_operator.py took 0.067 seconds
[2024-10-19T14:21:52.603+0000] {processor.py:161} INFO - Started process (PID=433) to work on /home/airflow/.local/lib/python3.11/site-packages/airflow/example_dags/example_python_operator.py
[2024-10-19T14:21:52.603+0000] {processor.py:830} INFO - Processing file /home/airflow/.local/lib/python3.11/site-packages/airflow/example_dags/example_python_operator.py for tasks to queue
[2024-10-19T14:21:52.605+0000] {logging_mixin.py:188} INFO - [2024-10-19T14:21:52.605+0000] {dagbag.py:545} INFO - Filling up the DagBag from /home/airflow/.local/lib/python3.11/site-packages/airflow/example_dags/example_python_operator.py
[2024-10-19T14:21:52.617+0000] {processor.py:840} INFO - DAG(s) 'example_python_operator' retrieved from /home/airflow/.local/lib/python3.11/site-packages/airflow/example_dags/example_python_operator.py
[2024-10-19T14:21:52.638+0000] {logging_mixin.py:188} INFO - [2024-10-19T14:21:52.638+0000] {dag.py:3089} INFO - Sync 1 DAGs
[2024-10-19T14:21:52.651+0000] {logging_mixin.py:188} INFO - [2024-10-19T14:21:52.651+0000] {dag.py:3947} INFO - Setting next_dagrun for example_python_operator to None, run_after=None
[2024-10-19T14:21:52.672+0000] {processor.py:183} INFO - Processing /home/airflow/.local/lib/python3.11/site-packages/airflow/example_dags/example_python_operator.py took 0.074 seconds
[2024-10-19T14:22:23.673+0000] {processor.py:161} INFO - Started process (PID=491) to work on /home/airflow/.local/lib/python3.11/site-packages/airflow/example_dags/example_python_operator.py
[2024-10-19T14:22:23.674+0000] {processor.py:830} INFO - Processing file /home/airflow/.local/lib/python3.11/site-packages/airflow/example_dags/example_python_operator.py for tasks to queue
[2024-10-19T14:22:23.676+0000] {logging_mixin.py:188} INFO - [2024-10-19T14:22:23.675+0000] {dagbag.py:545} INFO - Filling up the DagBag from /home/airflow/.local/lib/python3.11/site-packages/airflow/example_dags/example_python_operator.py
[2024-10-19T14:22:23.685+0000] {processor.py:840} INFO - DAG(s) 'example_python_operator' retrieved from /home/airflow/.local/lib/python3.11/site-packages/airflow/example_dags/example_python_operator.py
[2024-10-19T14:22:23.707+0000] {logging_mixin.py:188} INFO - [2024-10-19T14:22:23.707+0000] {dag.py:3089} INFO - Sync 1 DAGs
[2024-10-19T14:22:23.718+0000] {logging_mixin.py:188} INFO - [2024-10-19T14:22:23.718+0000] {dag.py:3947} INFO - Setting next_dagrun for example_python_operator to None, run_after=None
[2024-10-19T14:22:23.735+0000] {processor.py:183} INFO - Processing /home/airflow/.local/lib/python3.11/site-packages/airflow/example_dags/example_python_operator.py took 0.067 seconds
[2024-10-19T14:22:54.360+0000] {processor.py:161} INFO - Started process (PID=549) to work on /home/airflow/.local/lib/python3.11/site-packages/airflow/example_dags/example_python_operator.py
[2024-10-19T14:22:54.361+0000] {processor.py:830} INFO - Processing file /home/airflow/.local/lib/python3.11/site-packages/airflow/example_dags/example_python_operator.py for tasks to queue
[2024-10-19T14:22:54.363+0000] {logging_mixin.py:188} INFO - [2024-10-19T14:22:54.363+0000] {dagbag.py:545} INFO - Filling up the DagBag from /home/airflow/.local/lib/python3.11/site-packages/airflow/example_dags/example_python_operator.py
[2024-10-19T14:22:54.373+0000] {processor.py:840} INFO - DAG(s) 'example_python_operator' retrieved from /home/airflow/.local/lib/python3.11/site-packages/airflow/example_dags/example_python_operator.py
[2024-10-19T14:22:54.395+0000] {logging_mixin.py:188} INFO - [2024-10-19T14:22:54.395+0000] {dag.py:3089} INFO - Sync 1 DAGs
[2024-10-19T14:22:54.408+0000] {logging_mixin.py:188} INFO - [2024-10-19T14:22:54.408+0000] {dag.py:3947} INFO - Setting next_dagrun for example_python_operator to None, run_after=None
[2024-10-19T14:22:54.427+0000] {processor.py:183} INFO - Processing /home/airflow/.local/lib/python3.11/site-packages/airflow/example_dags/example_python_operator.py took 0.073 seconds
[2024-10-19T14:23:25.109+0000] {processor.py:161} INFO - Started process (PID=607) to work on /home/airflow/.local/lib/python3.11/site-packages/airflow/example_dags/example_python_operator.py
[2024-10-19T14:23:25.110+0000] {processor.py:830} INFO - Processing file /home/airflow/.local/lib/python3.11/site-packages/airflow/example_dags/example_python_operator.py for tasks to queue
[2024-10-19T14:23:25.113+0000] {logging_mixin.py:188} INFO - [2024-10-19T14:23:25.112+0000] {dagbag.py:545} INFO - Filling up the DagBag from /home/airflow/.local/lib/python3.11/site-packages/airflow/example_dags/example_python_operator.py
[2024-10-19T14:23:25.122+0000] {processor.py:840} INFO - DAG(s) 'example_python_operator' retrieved from /home/airflow/.local/lib/python3.11/site-packages/airflow/example_dags/example_python_operator.py
[2024-10-19T14:23:25.141+0000] {logging_mixin.py:188} INFO - [2024-10-19T14:23:25.141+0000] {dag.py:3089} INFO - Sync 1 DAGs
[2024-10-19T14:23:25.151+0000] {logging_mixin.py:188} INFO - [2024-10-19T14:23:25.151+0000] {dag.py:3947} INFO - Setting next_dagrun for example_python_operator to None, run_after=None
[2024-10-19T14:23:25.168+0000] {processor.py:183} INFO - Processing /home/airflow/.local/lib/python3.11/site-packages/airflow/example_dags/example_python_operator.py took 0.066 seconds
[2024-10-19T14:23:55.834+0000] {processor.py:161} INFO - Started process (PID=666) to work on /home/airflow/.local/lib/python3.11/site-packages/airflow/example_dags/example_python_operator.py
[2024-10-19T14:23:55.835+0000] {processor.py:830} INFO - Processing file /home/airflow/.local/lib/python3.11/site-packages/airflow/example_dags/example_python_operator.py for tasks to queue
[2024-10-19T14:23:55.838+0000] {logging_mixin.py:188} INFO - [2024-10-19T14:23:55.837+0000] {dagbag.py:545} INFO - Filling up the DagBag from /home/airflow/.local/lib/python3.11/site-packages/airflow/example_dags/example_python_operator.py
[2024-10-19T14:23:55.848+0000] {processor.py:840} INFO - DAG(s) 'example_python_operator' retrieved from /home/airflow/.local/lib/python3.11/site-packages/airflow/example_dags/example_python_operator.py
[2024-10-19T14:23:55.872+0000] {logging_mixin.py:188} INFO - [2024-10-19T14:23:55.871+0000] {dag.py:3089} INFO - Sync 1 DAGs
[2024-10-19T14:23:55.884+0000] {logging_mixin.py:188} INFO - [2024-10-19T14:23:55.883+0000] {dag.py:3947} INFO - Setting next_dagrun for example_python_operator to None, run_after=None
[2024-10-19T14:23:55.906+0000] {processor.py:183} INFO - Processing /home/airflow/.local/lib/python3.11/site-packages/airflow/example_dags/example_python_operator.py took 0.079 seconds
[2024-10-19T14:24:26.712+0000] {processor.py:161} INFO - Started process (PID=725) to work on /home/airflow/.local/lib/python3.11/site-packages/airflow/example_dags/example_python_operator.py
[2024-10-19T14:24:26.713+0000] {processor.py:830} INFO - Processing file /home/airflow/.local/lib/python3.11/site-packages/airflow/example_dags/example_python_operator.py for tasks to queue
[2024-10-19T14:24:26.716+0000] {logging_mixin.py:188} INFO - [2024-10-19T14:24:26.716+0000] {dagbag.py:545} INFO - Filling up the DagBag from /home/airflow/.local/lib/python3.11/site-packages/airflow/example_dags/example_python_operator.py
[2024-10-19T14:24:26.731+0000] {processor.py:840} INFO - DAG(s) 'example_python_operator' retrieved from /home/airflow/.local/lib/python3.11/site-packages/airflow/example_dags/example_python_operator.py
[2024-10-19T14:24:26.760+0000] {logging_mixin.py:188} INFO - [2024-10-19T14:24:26.759+0000] {dag.py:3089} INFO - Sync 1 DAGs
[2024-10-19T14:24:26.775+0000] {logging_mixin.py:188} INFO - [2024-10-19T14:24:26.775+0000] {dag.py:3947} INFO - Setting next_dagrun for example_python_operator to None, run_after=None
[2024-10-19T14:24:26.801+0000] {processor.py:183} INFO - Processing /home/airflow/.local/lib/python3.11/site-packages/airflow/example_dags/example_python_operator.py took 0.096 seconds
[2024-10-19T14:24:56.857+0000] {processor.py:161} INFO - Started process (PID=784) to work on /home/airflow/.local/lib/python3.11/site-packages/airflow/example_dags/example_python_operator.py
[2024-10-19T14:24:56.858+0000] {processor.py:830} INFO - Processing file /home/airflow/.local/lib/python3.11/site-packages/airflow/example_dags/example_python_operator.py for tasks to queue
[2024-10-19T14:24:56.860+0000] {logging_mixin.py:188} INFO - [2024-10-19T14:24:56.860+0000] {dagbag.py:545} INFO - Filling up the DagBag from /home/airflow/.local/lib/python3.11/site-packages/airflow/example_dags/example_python_operator.py
[2024-10-19T14:24:56.869+0000] {processor.py:840} INFO - DAG(s) 'example_python_operator' retrieved from /home/airflow/.local/lib/python3.11/site-packages/airflow/example_dags/example_python_operator.py
[2024-10-19T14:24:56.887+0000] {logging_mixin.py:188} INFO - [2024-10-19T14:24:56.886+0000] {dag.py:3089} INFO - Sync 1 DAGs
[2024-10-19T14:24:56.897+0000] {logging_mixin.py:188} INFO - [2024-10-19T14:24:56.897+0000] {dag.py:3947} INFO - Setting next_dagrun for example_python_operator to None, run_after=None
[2024-10-19T14:24:56.914+0000] {processor.py:183} INFO - Processing /home/airflow/.local/lib/python3.11/site-packages/airflow/example_dags/example_python_operator.py took 0.063 seconds
[2024-10-19T14:25:27.099+0000] {processor.py:161} INFO - Started process (PID=842) to work on /home/airflow/.local/lib/python3.11/site-packages/airflow/example_dags/example_python_operator.py
[2024-10-19T14:25:27.100+0000] {processor.py:830} INFO - Processing file /home/airflow/.local/lib/python3.11/site-packages/airflow/example_dags/example_python_operator.py for tasks to queue
[2024-10-19T14:25:27.101+0000] {logging_mixin.py:188} INFO - [2024-10-19T14:25:27.101+0000] {dagbag.py:545} INFO - Filling up the DagBag from /home/airflow/.local/lib/python3.11/site-packages/airflow/example_dags/example_python_operator.py
[2024-10-19T14:25:27.110+0000] {processor.py:840} INFO - DAG(s) 'example_python_operator' retrieved from /home/airflow/.local/lib/python3.11/site-packages/airflow/example_dags/example_python_operator.py
[2024-10-19T14:25:27.130+0000] {logging_mixin.py:188} INFO - [2024-10-19T14:25:27.130+0000] {dag.py:3089} INFO - Sync 1 DAGs
[2024-10-19T14:25:27.140+0000] {logging_mixin.py:188} INFO - [2024-10-19T14:25:27.140+0000] {dag.py:3947} INFO - Setting next_dagrun for example_python_operator to None, run_after=None
[2024-10-19T14:25:27.155+0000] {processor.py:183} INFO - Processing /home/airflow/.local/lib/python3.11/site-packages/airflow/example_dags/example_python_operator.py took 0.062 seconds
[2024-10-19T14:25:57.512+0000] {processor.py:161} INFO - Started process (PID=901) to work on /home/airflow/.local/lib/python3.11/site-packages/airflow/example_dags/example_python_operator.py
[2024-10-19T14:25:57.513+0000] {processor.py:830} INFO - Processing file /home/airflow/.local/lib/python3.11/site-packages/airflow/example_dags/example_python_operator.py for tasks to queue
[2024-10-19T14:25:57.516+0000] {logging_mixin.py:188} INFO - [2024-10-19T14:25:57.515+0000] {dagbag.py:545} INFO - Filling up the DagBag from /home/airflow/.local/lib/python3.11/site-packages/airflow/example_dags/example_python_operator.py
[2024-10-19T14:25:57.532+0000] {processor.py:840} INFO - DAG(s) 'example_python_operator' retrieved from /home/airflow/.local/lib/python3.11/site-packages/airflow/example_dags/example_python_operator.py
[2024-10-19T14:25:57.574+0000] {logging_mixin.py:188} INFO - [2024-10-19T14:25:57.574+0000] {dag.py:3089} INFO - Sync 1 DAGs
[2024-10-19T14:25:57.592+0000] {logging_mixin.py:188} INFO - [2024-10-19T14:25:57.592+0000] {dag.py:3947} INFO - Setting next_dagrun for example_python_operator to None, run_after=None
[2024-10-19T14:25:57.630+0000] {processor.py:183} INFO - Processing /home/airflow/.local/lib/python3.11/site-packages/airflow/example_dags/example_python_operator.py took 0.127 seconds
[2024-10-19T14:26:27.741+0000] {processor.py:161} INFO - Started process (PID=963) to work on /home/airflow/.local/lib/python3.11/site-packages/airflow/example_dags/example_python_operator.py
[2024-10-19T14:26:27.747+0000] {processor.py:830} INFO - Processing file /home/airflow/.local/lib/python3.11/site-packages/airflow/example_dags/example_python_operator.py for tasks to queue
[2024-10-19T14:26:27.751+0000] {logging_mixin.py:188} INFO - [2024-10-19T14:26:27.751+0000] {dagbag.py:545} INFO - Filling up the DagBag from /home/airflow/.local/lib/python3.11/site-packages/airflow/example_dags/example_python_operator.py
[2024-10-19T14:26:27.768+0000] {processor.py:840} INFO - DAG(s) 'example_python_operator' retrieved from /home/airflow/.local/lib/python3.11/site-packages/airflow/example_dags/example_python_operator.py
[2024-10-19T14:26:27.798+0000] {logging_mixin.py:188} INFO - [2024-10-19T14:26:27.797+0000] {dag.py:3089} INFO - Sync 1 DAGs
[2024-10-19T14:26:27.813+0000] {logging_mixin.py:188} INFO - [2024-10-19T14:26:27.813+0000] {dag.py:3947} INFO - Setting next_dagrun for example_python_operator to None, run_after=None
[2024-10-19T14:26:27.835+0000] {processor.py:183} INFO - Processing /home/airflow/.local/lib/python3.11/site-packages/airflow/example_dags/example_python_operator.py took 0.101 seconds
[2024-10-19T14:26:58.740+0000] {processor.py:161} INFO - Started process (PID=1023) to work on /home/airflow/.local/lib/python3.11/site-packages/airflow/example_dags/example_python_operator.py
[2024-10-19T14:26:58.741+0000] {processor.py:830} INFO - Processing file /home/airflow/.local/lib/python3.11/site-packages/airflow/example_dags/example_python_operator.py for tasks to queue
[2024-10-19T14:26:58.743+0000] {logging_mixin.py:188} INFO - [2024-10-19T14:26:58.743+0000] {dagbag.py:545} INFO - Filling up the DagBag from /home/airflow/.local/lib/python3.11/site-packages/airflow/example_dags/example_python_operator.py
[2024-10-19T14:26:58.752+0000] {processor.py:840} INFO - DAG(s) 'example_python_operator' retrieved from /home/airflow/.local/lib/python3.11/site-packages/airflow/example_dags/example_python_operator.py
[2024-10-19T14:26:58.771+0000] {logging_mixin.py:188} INFO - [2024-10-19T14:26:58.771+0000] {dag.py:3089} INFO - Sync 1 DAGs
[2024-10-19T14:26:58.782+0000] {logging_mixin.py:188} INFO - [2024-10-19T14:26:58.781+0000] {dag.py:3947} INFO - Setting next_dagrun for example_python_operator to None, run_after=None
[2024-10-19T14:26:58.813+0000] {processor.py:183} INFO - Processing /home/airflow/.local/lib/python3.11/site-packages/airflow/example_dags/example_python_operator.py took 0.080 seconds
[2024-10-19T14:27:29.559+0000] {processor.py:161} INFO - Started process (PID=1084) to work on /home/airflow/.local/lib/python3.11/site-packages/airflow/example_dags/example_python_operator.py
[2024-10-19T14:27:29.560+0000] {processor.py:830} INFO - Processing file /home/airflow/.local/lib/python3.11/site-packages/airflow/example_dags/example_python_operator.py for tasks to queue
[2024-10-19T14:27:29.562+0000] {logging_mixin.py:188} INFO - [2024-10-19T14:27:29.561+0000] {dagbag.py:545} INFO - Filling up the DagBag from /home/airflow/.local/lib/python3.11/site-packages/airflow/example_dags/example_python_operator.py
[2024-10-19T14:27:29.571+0000] {processor.py:840} INFO - DAG(s) 'example_python_operator' retrieved from /home/airflow/.local/lib/python3.11/site-packages/airflow/example_dags/example_python_operator.py
[2024-10-19T14:27:29.589+0000] {logging_mixin.py:188} INFO - [2024-10-19T14:27:29.589+0000] {dag.py:3089} INFO - Sync 1 DAGs
[2024-10-19T14:27:29.599+0000] {logging_mixin.py:188} INFO - [2024-10-19T14:27:29.599+0000] {dag.py:3947} INFO - Setting next_dagrun for example_python_operator to None, run_after=None
[2024-10-19T14:27:29.622+0000] {processor.py:183} INFO - Processing /home/airflow/.local/lib/python3.11/site-packages/airflow/example_dags/example_python_operator.py took 0.069 seconds
[2024-10-19T14:28:00.568+0000] {processor.py:161} INFO - Started process (PID=1143) to work on /home/airflow/.local/lib/python3.11/site-packages/airflow/example_dags/example_python_operator.py
[2024-10-19T14:28:00.569+0000] {processor.py:830} INFO - Processing file /home/airflow/.local/lib/python3.11/site-packages/airflow/example_dags/example_python_operator.py for tasks to queue
[2024-10-19T14:28:00.570+0000] {logging_mixin.py:188} INFO - [2024-10-19T14:28:00.570+0000] {dagbag.py:545} INFO - Filling up the DagBag from /home/airflow/.local/lib/python3.11/site-packages/airflow/example_dags/example_python_operator.py
[2024-10-19T14:28:00.584+0000] {processor.py:840} INFO - DAG(s) 'example_python_operator' retrieved from /home/airflow/.local/lib/python3.11/site-packages/airflow/example_dags/example_python_operator.py
[2024-10-19T14:28:00.609+0000] {logging_mixin.py:188} INFO - [2024-10-19T14:28:00.609+0000] {dag.py:3089} INFO - Sync 1 DAGs
[2024-10-19T14:28:00.623+0000] {logging_mixin.py:188} INFO - [2024-10-19T14:28:00.622+0000] {dag.py:3947} INFO - Setting next_dagrun for example_python_operator to None, run_after=None
[2024-10-19T14:28:00.655+0000] {processor.py:183} INFO - Processing /home/airflow/.local/lib/python3.11/site-packages/airflow/example_dags/example_python_operator.py took 0.096 seconds
[2024-10-19T14:28:30.786+0000] {processor.py:161} INFO - Started process (PID=1201) to work on /home/airflow/.local/lib/python3.11/site-packages/airflow/example_dags/example_python_operator.py
[2024-10-19T14:28:30.787+0000] {processor.py:830} INFO - Processing file /home/airflow/.local/lib/python3.11/site-packages/airflow/example_dags/example_python_operator.py for tasks to queue
[2024-10-19T14:28:30.788+0000] {logging_mixin.py:188} INFO - [2024-10-19T14:28:30.788+0000] {dagbag.py:545} INFO - Filling up the DagBag from /home/airflow/.local/lib/python3.11/site-packages/airflow/example_dags/example_python_operator.py
[2024-10-19T14:28:30.796+0000] {processor.py:840} INFO - DAG(s) 'example_python_operator' retrieved from /home/airflow/.local/lib/python3.11/site-packages/airflow/example_dags/example_python_operator.py
[2024-10-19T14:28:30.814+0000] {logging_mixin.py:188} INFO - [2024-10-19T14:28:30.814+0000] {dag.py:3089} INFO - Sync 1 DAGs
[2024-10-19T14:28:30.824+0000] {logging_mixin.py:188} INFO - [2024-10-19T14:28:30.824+0000] {dag.py:3947} INFO - Setting next_dagrun for example_python_operator to None, run_after=None
[2024-10-19T14:28:30.862+0000] {processor.py:183} INFO - Processing /home/airflow/.local/lib/python3.11/site-packages/airflow/example_dags/example_python_operator.py took 0.081 seconds
[2024-10-19T14:29:01.177+0000] {processor.py:161} INFO - Started process (PID=1261) to work on /home/airflow/.local/lib/python3.11/site-packages/airflow/example_dags/example_python_operator.py
[2024-10-19T14:29:01.178+0000] {processor.py:830} INFO - Processing file /home/airflow/.local/lib/python3.11/site-packages/airflow/example_dags/example_python_operator.py for tasks to queue
[2024-10-19T14:29:01.180+0000] {logging_mixin.py:188} INFO - [2024-10-19T14:29:01.179+0000] {dagbag.py:545} INFO - Filling up the DagBag from /home/airflow/.local/lib/python3.11/site-packages/airflow/example_dags/example_python_operator.py
[2024-10-19T14:29:01.194+0000] {processor.py:840} INFO - DAG(s) 'example_python_operator' retrieved from /home/airflow/.local/lib/python3.11/site-packages/airflow/example_dags/example_python_operator.py
[2024-10-19T14:29:01.225+0000] {logging_mixin.py:188} INFO - [2024-10-19T14:29:01.224+0000] {dag.py:3089} INFO - Sync 1 DAGs
[2024-10-19T14:29:01.240+0000] {logging_mixin.py:188} INFO - [2024-10-19T14:29:01.238+0000] {dag.py:3947} INFO - Setting next_dagrun for example_python_operator to None, run_after=None
[2024-10-19T14:29:01.274+0000] {processor.py:183} INFO - Processing /home/airflow/.local/lib/python3.11/site-packages/airflow/example_dags/example_python_operator.py took 0.104 seconds
[2024-10-19T14:29:32.066+0000] {processor.py:161} INFO - Started process (PID=1320) to work on /home/airflow/.local/lib/python3.11/site-packages/airflow/example_dags/example_python_operator.py
[2024-10-19T14:29:32.066+0000] {processor.py:830} INFO - Processing file /home/airflow/.local/lib/python3.11/site-packages/airflow/example_dags/example_python_operator.py for tasks to queue
[2024-10-19T14:29:32.068+0000] {logging_mixin.py:188} INFO - [2024-10-19T14:29:32.068+0000] {dagbag.py:545} INFO - Filling up the DagBag from /home/airflow/.local/lib/python3.11/site-packages/airflow/example_dags/example_python_operator.py
[2024-10-19T14:29:32.081+0000] {processor.py:840} INFO - DAG(s) 'example_python_operator' retrieved from /home/airflow/.local/lib/python3.11/site-packages/airflow/example_dags/example_python_operator.py
[2024-10-19T14:29:32.103+0000] {logging_mixin.py:188} INFO - [2024-10-19T14:29:32.103+0000] {dag.py:3089} INFO - Sync 1 DAGs
[2024-10-19T14:29:32.119+0000] {logging_mixin.py:188} INFO - [2024-10-19T14:29:32.119+0000] {dag.py:3947} INFO - Setting next_dagrun for example_python_operator to None, run_after=None
[2024-10-19T14:29:32.143+0000] {processor.py:183} INFO - Processing /home/airflow/.local/lib/python3.11/site-packages/airflow/example_dags/example_python_operator.py took 0.082 seconds
[2024-10-19T14:30:02.399+0000] {processor.py:161} INFO - Started process (PID=1384) to work on /home/airflow/.local/lib/python3.11/site-packages/airflow/example_dags/example_python_operator.py
[2024-10-19T14:30:02.400+0000] {processor.py:830} INFO - Processing file /home/airflow/.local/lib/python3.11/site-packages/airflow/example_dags/example_python_operator.py for tasks to queue
[2024-10-19T14:30:02.401+0000] {logging_mixin.py:188} INFO - [2024-10-19T14:30:02.401+0000] {dagbag.py:545} INFO - Filling up the DagBag from /home/airflow/.local/lib/python3.11/site-packages/airflow/example_dags/example_python_operator.py
[2024-10-19T14:30:02.410+0000] {processor.py:840} INFO - DAG(s) 'example_python_operator' retrieved from /home/airflow/.local/lib/python3.11/site-packages/airflow/example_dags/example_python_operator.py
[2024-10-19T14:30:02.428+0000] {logging_mixin.py:188} INFO - [2024-10-19T14:30:02.428+0000] {dag.py:3089} INFO - Sync 1 DAGs
[2024-10-19T14:30:02.438+0000] {logging_mixin.py:188} INFO - [2024-10-19T14:30:02.438+0000] {dag.py:3947} INFO - Setting next_dagrun for example_python_operator to None, run_after=None
[2024-10-19T14:30:02.467+0000] {processor.py:183} INFO - Processing /home/airflow/.local/lib/python3.11/site-packages/airflow/example_dags/example_python_operator.py took 0.073 seconds
[2024-10-19T14:30:33.155+0000] {processor.py:161} INFO - Started process (PID=1480) to work on /home/airflow/.local/lib/python3.11/site-packages/airflow/example_dags/example_python_operator.py
[2024-10-19T14:30:33.160+0000] {processor.py:830} INFO - Processing file /home/airflow/.local/lib/python3.11/site-packages/airflow/example_dags/example_python_operator.py for tasks to queue
[2024-10-19T14:30:33.161+0000] {logging_mixin.py:188} INFO - [2024-10-19T14:30:33.161+0000] {dagbag.py:545} INFO - Filling up the DagBag from /home/airflow/.local/lib/python3.11/site-packages/airflow/example_dags/example_python_operator.py
[2024-10-19T14:30:33.178+0000] {processor.py:840} INFO - DAG(s) 'example_python_operator' retrieved from /home/airflow/.local/lib/python3.11/site-packages/airflow/example_dags/example_python_operator.py
[2024-10-19T14:30:33.220+0000] {logging_mixin.py:188} INFO - [2024-10-19T14:30:33.220+0000] {dag.py:3089} INFO - Sync 1 DAGs
[2024-10-19T14:30:33.252+0000] {logging_mixin.py:188} INFO - [2024-10-19T14:30:33.252+0000] {dag.py:3947} INFO - Setting next_dagrun for example_python_operator to None, run_after=None
[2024-10-19T14:30:33.315+0000] {processor.py:183} INFO - Processing /home/airflow/.local/lib/python3.11/site-packages/airflow/example_dags/example_python_operator.py took 0.167 seconds
[2024-10-19T14:31:03.419+0000] {processor.py:161} INFO - Started process (PID=1585) to work on /home/airflow/.local/lib/python3.11/site-packages/airflow/example_dags/example_python_operator.py
[2024-10-19T14:31:03.426+0000] {processor.py:830} INFO - Processing file /home/airflow/.local/lib/python3.11/site-packages/airflow/example_dags/example_python_operator.py for tasks to queue
[2024-10-19T14:31:03.428+0000] {logging_mixin.py:188} INFO - [2024-10-19T14:31:03.427+0000] {dagbag.py:545} INFO - Filling up the DagBag from /home/airflow/.local/lib/python3.11/site-packages/airflow/example_dags/example_python_operator.py
[2024-10-19T14:31:03.458+0000] {processor.py:840} INFO - DAG(s) 'example_python_operator' retrieved from /home/airflow/.local/lib/python3.11/site-packages/airflow/example_dags/example_python_operator.py
[2024-10-19T14:31:03.519+0000] {logging_mixin.py:188} INFO - [2024-10-19T14:31:03.518+0000] {dag.py:3089} INFO - Sync 1 DAGs
[2024-10-19T14:31:03.539+0000] {logging_mixin.py:188} INFO - [2024-10-19T14:31:03.539+0000] {dag.py:3947} INFO - Setting next_dagrun for example_python_operator to None, run_after=None
[2024-10-19T14:31:03.570+0000] {processor.py:183} INFO - Processing /home/airflow/.local/lib/python3.11/site-packages/airflow/example_dags/example_python_operator.py took 0.160 seconds
[2024-10-19T14:31:34.184+0000] {processor.py:161} INFO - Started process (PID=1718) to work on /home/airflow/.local/lib/python3.11/site-packages/airflow/example_dags/example_python_operator.py
[2024-10-19T14:31:34.185+0000] {processor.py:830} INFO - Processing file /home/airflow/.local/lib/python3.11/site-packages/airflow/example_dags/example_python_operator.py for tasks to queue
[2024-10-19T14:31:34.186+0000] {logging_mixin.py:188} INFO - [2024-10-19T14:31:34.185+0000] {dagbag.py:545} INFO - Filling up the DagBag from /home/airflow/.local/lib/python3.11/site-packages/airflow/example_dags/example_python_operator.py
[2024-10-19T14:31:34.199+0000] {processor.py:840} INFO - DAG(s) 'example_python_operator' retrieved from /home/airflow/.local/lib/python3.11/site-packages/airflow/example_dags/example_python_operator.py
[2024-10-19T14:31:34.224+0000] {logging_mixin.py:188} INFO - [2024-10-19T14:31:34.224+0000] {dag.py:3089} INFO - Sync 1 DAGs
[2024-10-19T14:31:34.239+0000] {logging_mixin.py:188} INFO - [2024-10-19T14:31:34.238+0000] {dag.py:3947} INFO - Setting next_dagrun for example_python_operator to None, run_after=None
[2024-10-19T14:31:34.262+0000] {processor.py:183} INFO - Processing /home/airflow/.local/lib/python3.11/site-packages/airflow/example_dags/example_python_operator.py took 0.083 seconds
[2024-10-19T14:32:04.324+0000] {processor.py:161} INFO - Started process (PID=1802) to work on /home/airflow/.local/lib/python3.11/site-packages/airflow/example_dags/example_python_operator.py
[2024-10-19T14:32:04.325+0000] {processor.py:830} INFO - Processing file /home/airflow/.local/lib/python3.11/site-packages/airflow/example_dags/example_python_operator.py for tasks to queue
[2024-10-19T14:32:04.326+0000] {logging_mixin.py:188} INFO - [2024-10-19T14:32:04.326+0000] {dagbag.py:545} INFO - Filling up the DagBag from /home/airflow/.local/lib/python3.11/site-packages/airflow/example_dags/example_python_operator.py
[2024-10-19T14:32:04.334+0000] {processor.py:840} INFO - DAG(s) 'example_python_operator' retrieved from /home/airflow/.local/lib/python3.11/site-packages/airflow/example_dags/example_python_operator.py
[2024-10-19T14:32:04.352+0000] {logging_mixin.py:188} INFO - [2024-10-19T14:32:04.352+0000] {dag.py:3089} INFO - Sync 1 DAGs
[2024-10-19T14:32:04.361+0000] {logging_mixin.py:188} INFO - [2024-10-19T14:32:04.361+0000] {dag.py:3947} INFO - Setting next_dagrun for example_python_operator to None, run_after=None
[2024-10-19T14:32:04.377+0000] {processor.py:183} INFO - Processing /home/airflow/.local/lib/python3.11/site-packages/airflow/example_dags/example_python_operator.py took 0.057 seconds
[2024-10-19T14:32:34.403+0000] {processor.py:161} INFO - Started process (PID=1861) to work on /home/airflow/.local/lib/python3.11/site-packages/airflow/example_dags/example_python_operator.py
[2024-10-19T14:32:34.404+0000] {processor.py:830} INFO - Processing file /home/airflow/.local/lib/python3.11/site-packages/airflow/example_dags/example_python_operator.py for tasks to queue
[2024-10-19T14:32:34.405+0000] {logging_mixin.py:188} INFO - [2024-10-19T14:32:34.405+0000] {dagbag.py:545} INFO - Filling up the DagBag from /home/airflow/.local/lib/python3.11/site-packages/airflow/example_dags/example_python_operator.py
[2024-10-19T14:32:34.414+0000] {processor.py:840} INFO - DAG(s) 'example_python_operator' retrieved from /home/airflow/.local/lib/python3.11/site-packages/airflow/example_dags/example_python_operator.py
[2024-10-19T14:32:34.432+0000] {logging_mixin.py:188} INFO - [2024-10-19T14:32:34.432+0000] {dag.py:3089} INFO - Sync 1 DAGs
[2024-10-19T14:32:34.442+0000] {logging_mixin.py:188} INFO - [2024-10-19T14:32:34.442+0000] {dag.py:3947} INFO - Setting next_dagrun for example_python_operator to None, run_after=None
[2024-10-19T14:32:34.459+0000] {processor.py:183} INFO - Processing /home/airflow/.local/lib/python3.11/site-packages/airflow/example_dags/example_python_operator.py took 0.061 seconds
[2024-10-19T14:33:04.967+0000] {processor.py:161} INFO - Started process (PID=1921) to work on /home/airflow/.local/lib/python3.11/site-packages/airflow/example_dags/example_python_operator.py
[2024-10-19T14:33:04.968+0000] {processor.py:830} INFO - Processing file /home/airflow/.local/lib/python3.11/site-packages/airflow/example_dags/example_python_operator.py for tasks to queue
[2024-10-19T14:33:04.969+0000] {logging_mixin.py:188} INFO - [2024-10-19T14:33:04.969+0000] {dagbag.py:545} INFO - Filling up the DagBag from /home/airflow/.local/lib/python3.11/site-packages/airflow/example_dags/example_python_operator.py
[2024-10-19T14:33:04.978+0000] {processor.py:840} INFO - DAG(s) 'example_python_operator' retrieved from /home/airflow/.local/lib/python3.11/site-packages/airflow/example_dags/example_python_operator.py
[2024-10-19T14:33:04.996+0000] {logging_mixin.py:188} INFO - [2024-10-19T14:33:04.996+0000] {dag.py:3089} INFO - Sync 1 DAGs
[2024-10-19T14:33:05.006+0000] {logging_mixin.py:188} INFO - [2024-10-19T14:33:05.006+0000] {dag.py:3947} INFO - Setting next_dagrun for example_python_operator to None, run_after=None
[2024-10-19T14:33:05.020+0000] {processor.py:183} INFO - Processing /home/airflow/.local/lib/python3.11/site-packages/airflow/example_dags/example_python_operator.py took 0.058 seconds
[2024-10-19T14:33:35.836+0000] {processor.py:161} INFO - Started process (PID=1980) to work on /home/airflow/.local/lib/python3.11/site-packages/airflow/example_dags/example_python_operator.py
[2024-10-19T14:33:35.838+0000] {processor.py:830} INFO - Processing file /home/airflow/.local/lib/python3.11/site-packages/airflow/example_dags/example_python_operator.py for tasks to queue
[2024-10-19T14:33:35.839+0000] {logging_mixin.py:188} INFO - [2024-10-19T14:33:35.838+0000] {dagbag.py:545} INFO - Filling up the DagBag from /home/airflow/.local/lib/python3.11/site-packages/airflow/example_dags/example_python_operator.py
[2024-10-19T14:33:35.858+0000] {processor.py:840} INFO - DAG(s) 'example_python_operator' retrieved from /home/airflow/.local/lib/python3.11/site-packages/airflow/example_dags/example_python_operator.py
[2024-10-19T14:33:35.882+0000] {logging_mixin.py:188} INFO - [2024-10-19T14:33:35.881+0000] {dag.py:3089} INFO - Sync 1 DAGs
[2024-10-19T14:33:35.893+0000] {logging_mixin.py:188} INFO - [2024-10-19T14:33:35.893+0000] {dag.py:3947} INFO - Setting next_dagrun for example_python_operator to None, run_after=None
[2024-10-19T14:33:35.913+0000] {processor.py:183} INFO - Processing /home/airflow/.local/lib/python3.11/site-packages/airflow/example_dags/example_python_operator.py took 0.084 seconds
[2024-10-19T14:34:05.986+0000] {processor.py:161} INFO - Started process (PID=2039) to work on /home/airflow/.local/lib/python3.11/site-packages/airflow/example_dags/example_python_operator.py
[2024-10-19T14:34:05.987+0000] {processor.py:830} INFO - Processing file /home/airflow/.local/lib/python3.11/site-packages/airflow/example_dags/example_python_operator.py for tasks to queue
[2024-10-19T14:34:05.988+0000] {logging_mixin.py:188} INFO - [2024-10-19T14:34:05.988+0000] {dagbag.py:545} INFO - Filling up the DagBag from /home/airflow/.local/lib/python3.11/site-packages/airflow/example_dags/example_python_operator.py
[2024-10-19T14:34:05.997+0000] {processor.py:840} INFO - DAG(s) 'example_python_operator' retrieved from /home/airflow/.local/lib/python3.11/site-packages/airflow/example_dags/example_python_operator.py
[2024-10-19T14:34:06.016+0000] {logging_mixin.py:188} INFO - [2024-10-19T14:34:06.016+0000] {dag.py:3089} INFO - Sync 1 DAGs
[2024-10-19T14:34:06.026+0000] {logging_mixin.py:188} INFO - [2024-10-19T14:34:06.026+0000] {dag.py:3947} INFO - Setting next_dagrun for example_python_operator to None, run_after=None
[2024-10-19T14:34:06.042+0000] {processor.py:183} INFO - Processing /home/airflow/.local/lib/python3.11/site-packages/airflow/example_dags/example_python_operator.py took 0.061 seconds
[2024-10-19T14:34:36.208+0000] {processor.py:161} INFO - Started process (PID=2098) to work on /home/airflow/.local/lib/python3.11/site-packages/airflow/example_dags/example_python_operator.py
[2024-10-19T14:34:36.209+0000] {processor.py:830} INFO - Processing file /home/airflow/.local/lib/python3.11/site-packages/airflow/example_dags/example_python_operator.py for tasks to queue
[2024-10-19T14:34:36.210+0000] {logging_mixin.py:188} INFO - [2024-10-19T14:34:36.209+0000] {dagbag.py:545} INFO - Filling up the DagBag from /home/airflow/.local/lib/python3.11/site-packages/airflow/example_dags/example_python_operator.py
[2024-10-19T14:34:36.221+0000] {processor.py:840} INFO - DAG(s) 'example_python_operator' retrieved from /home/airflow/.local/lib/python3.11/site-packages/airflow/example_dags/example_python_operator.py
[2024-10-19T14:34:36.247+0000] {logging_mixin.py:188} INFO - [2024-10-19T14:34:36.246+0000] {dag.py:3089} INFO - Sync 1 DAGs
[2024-10-19T14:34:36.259+0000] {logging_mixin.py:188} INFO - [2024-10-19T14:34:36.258+0000] {dag.py:3947} INFO - Setting next_dagrun for example_python_operator to None, run_after=None
[2024-10-19T14:34:36.278+0000] {processor.py:183} INFO - Processing /home/airflow/.local/lib/python3.11/site-packages/airflow/example_dags/example_python_operator.py took 0.076 seconds
[2024-10-19T14:35:07.228+0000] {processor.py:161} INFO - Started process (PID=2157) to work on /home/airflow/.local/lib/python3.11/site-packages/airflow/example_dags/example_python_operator.py
[2024-10-19T14:35:07.229+0000] {processor.py:830} INFO - Processing file /home/airflow/.local/lib/python3.11/site-packages/airflow/example_dags/example_python_operator.py for tasks to queue
[2024-10-19T14:35:07.230+0000] {logging_mixin.py:188} INFO - [2024-10-19T14:35:07.230+0000] {dagbag.py:545} INFO - Filling up the DagBag from /home/airflow/.local/lib/python3.11/site-packages/airflow/example_dags/example_python_operator.py
[2024-10-19T14:35:07.240+0000] {processor.py:840} INFO - DAG(s) 'example_python_operator' retrieved from /home/airflow/.local/lib/python3.11/site-packages/airflow/example_dags/example_python_operator.py
[2024-10-19T14:35:07.258+0000] {logging_mixin.py:188} INFO - [2024-10-19T14:35:07.258+0000] {dag.py:3089} INFO - Sync 1 DAGs
[2024-10-19T14:35:07.268+0000] {logging_mixin.py:188} INFO - [2024-10-19T14:35:07.268+0000] {dag.py:3947} INFO - Setting next_dagrun for example_python_operator to None, run_after=None
[2024-10-19T14:35:07.283+0000] {processor.py:183} INFO - Processing /home/airflow/.local/lib/python3.11/site-packages/airflow/example_dags/example_python_operator.py took 0.060 seconds
[2024-10-19T14:35:37.868+0000] {processor.py:161} INFO - Started process (PID=2216) to work on /home/airflow/.local/lib/python3.11/site-packages/airflow/example_dags/example_python_operator.py
[2024-10-19T14:35:37.869+0000] {processor.py:830} INFO - Processing file /home/airflow/.local/lib/python3.11/site-packages/airflow/example_dags/example_python_operator.py for tasks to queue
[2024-10-19T14:35:37.870+0000] {logging_mixin.py:188} INFO - [2024-10-19T14:35:37.870+0000] {dagbag.py:545} INFO - Filling up the DagBag from /home/airflow/.local/lib/python3.11/site-packages/airflow/example_dags/example_python_operator.py
[2024-10-19T14:35:37.880+0000] {processor.py:840} INFO - DAG(s) 'example_python_operator' retrieved from /home/airflow/.local/lib/python3.11/site-packages/airflow/example_dags/example_python_operator.py
[2024-10-19T14:35:37.898+0000] {logging_mixin.py:188} INFO - [2024-10-19T14:35:37.897+0000] {dag.py:3089} INFO - Sync 1 DAGs
[2024-10-19T14:35:37.908+0000] {logging_mixin.py:188} INFO - [2024-10-19T14:35:37.907+0000] {dag.py:3947} INFO - Setting next_dagrun for example_python_operator to None, run_after=None
[2024-10-19T14:35:37.930+0000] {processor.py:183} INFO - Processing /home/airflow/.local/lib/python3.11/site-packages/airflow/example_dags/example_python_operator.py took 0.066 seconds
[2024-10-19T14:36:08.568+0000] {processor.py:161} INFO - Started process (PID=2275) to work on /home/airflow/.local/lib/python3.11/site-packages/airflow/example_dags/example_python_operator.py
[2024-10-19T14:36:08.569+0000] {processor.py:830} INFO - Processing file /home/airflow/.local/lib/python3.11/site-packages/airflow/example_dags/example_python_operator.py for tasks to queue
[2024-10-19T14:36:08.569+0000] {logging_mixin.py:188} INFO - [2024-10-19T14:36:08.569+0000] {dagbag.py:545} INFO - Filling up the DagBag from /home/airflow/.local/lib/python3.11/site-packages/airflow/example_dags/example_python_operator.py
[2024-10-19T14:36:08.583+0000] {processor.py:840} INFO - DAG(s) 'example_python_operator' retrieved from /home/airflow/.local/lib/python3.11/site-packages/airflow/example_dags/example_python_operator.py
[2024-10-19T14:36:08.609+0000] {logging_mixin.py:188} INFO - [2024-10-19T14:36:08.608+0000] {dag.py:3089} INFO - Sync 1 DAGs
[2024-10-19T14:36:08.621+0000] {logging_mixin.py:188} INFO - [2024-10-19T14:36:08.621+0000] {dag.py:3947} INFO - Setting next_dagrun for example_python_operator to None, run_after=None
[2024-10-19T14:36:08.644+0000] {processor.py:183} INFO - Processing /home/airflow/.local/lib/python3.11/site-packages/airflow/example_dags/example_python_operator.py took 0.082 seconds
[2024-10-19T14:36:39.508+0000] {processor.py:161} INFO - Started process (PID=2334) to work on /home/airflow/.local/lib/python3.11/site-packages/airflow/example_dags/example_python_operator.py
[2024-10-19T14:36:39.509+0000] {processor.py:830} INFO - Processing file /home/airflow/.local/lib/python3.11/site-packages/airflow/example_dags/example_python_operator.py for tasks to queue
[2024-10-19T14:36:39.510+0000] {logging_mixin.py:188} INFO - [2024-10-19T14:36:39.510+0000] {dagbag.py:545} INFO - Filling up the DagBag from /home/airflow/.local/lib/python3.11/site-packages/airflow/example_dags/example_python_operator.py
[2024-10-19T14:36:39.521+0000] {processor.py:840} INFO - DAG(s) 'example_python_operator' retrieved from /home/airflow/.local/lib/python3.11/site-packages/airflow/example_dags/example_python_operator.py
[2024-10-19T14:36:39.545+0000] {logging_mixin.py:188} INFO - [2024-10-19T14:36:39.545+0000] {dag.py:3089} INFO - Sync 1 DAGs
[2024-10-19T14:36:39.557+0000] {logging_mixin.py:188} INFO - [2024-10-19T14:36:39.557+0000] {dag.py:3947} INFO - Setting next_dagrun for example_python_operator to None, run_after=None
[2024-10-19T14:36:39.579+0000] {processor.py:183} INFO - Processing /home/airflow/.local/lib/python3.11/site-packages/airflow/example_dags/example_python_operator.py took 0.077 seconds
[2024-10-19T14:37:10.487+0000] {processor.py:161} INFO - Started process (PID=2393) to work on /home/airflow/.local/lib/python3.11/site-packages/airflow/example_dags/example_python_operator.py
[2024-10-19T14:37:10.489+0000] {processor.py:830} INFO - Processing file /home/airflow/.local/lib/python3.11/site-packages/airflow/example_dags/example_python_operator.py for tasks to queue
[2024-10-19T14:37:10.490+0000] {logging_mixin.py:188} INFO - [2024-10-19T14:37:10.490+0000] {dagbag.py:545} INFO - Filling up the DagBag from /home/airflow/.local/lib/python3.11/site-packages/airflow/example_dags/example_python_operator.py
[2024-10-19T14:37:10.504+0000] {processor.py:840} INFO - DAG(s) 'example_python_operator' retrieved from /home/airflow/.local/lib/python3.11/site-packages/airflow/example_dags/example_python_operator.py
[2024-10-19T14:37:10.527+0000] {logging_mixin.py:188} INFO - [2024-10-19T14:37:10.526+0000] {dag.py:3089} INFO - Sync 1 DAGs
[2024-10-19T14:37:10.539+0000] {logging_mixin.py:188} INFO - [2024-10-19T14:37:10.538+0000] {dag.py:3947} INFO - Setting next_dagrun for example_python_operator to None, run_after=None
[2024-10-19T14:37:10.556+0000] {processor.py:183} INFO - Processing /home/airflow/.local/lib/python3.11/site-packages/airflow/example_dags/example_python_operator.py took 0.075 seconds
[2024-10-19T14:37:40.953+0000] {processor.py:161} INFO - Started process (PID=2457) to work on /home/airflow/.local/lib/python3.11/site-packages/airflow/example_dags/example_python_operator.py
[2024-10-19T14:37:40.954+0000] {processor.py:830} INFO - Processing file /home/airflow/.local/lib/python3.11/site-packages/airflow/example_dags/example_python_operator.py for tasks to queue
[2024-10-19T14:37:40.955+0000] {logging_mixin.py:188} INFO - [2024-10-19T14:37:40.955+0000] {dagbag.py:545} INFO - Filling up the DagBag from /home/airflow/.local/lib/python3.11/site-packages/airflow/example_dags/example_python_operator.py
[2024-10-19T14:37:40.964+0000] {processor.py:840} INFO - DAG(s) 'example_python_operator' retrieved from /home/airflow/.local/lib/python3.11/site-packages/airflow/example_dags/example_python_operator.py
[2024-10-19T14:37:40.983+0000] {logging_mixin.py:188} INFO - [2024-10-19T14:37:40.983+0000] {dag.py:3089} INFO - Sync 1 DAGs
[2024-10-19T14:37:40.993+0000] {logging_mixin.py:188} INFO - [2024-10-19T14:37:40.993+0000] {dag.py:3947} INFO - Setting next_dagrun for example_python_operator to None, run_after=None
[2024-10-19T14:37:41.008+0000] {processor.py:183} INFO - Processing /home/airflow/.local/lib/python3.11/site-packages/airflow/example_dags/example_python_operator.py took 0.060 seconds
[2024-10-19T14:38:11.316+0000] {processor.py:161} INFO - Started process (PID=2516) to work on /home/airflow/.local/lib/python3.11/site-packages/airflow/example_dags/example_python_operator.py
[2024-10-19T14:38:11.317+0000] {processor.py:830} INFO - Processing file /home/airflow/.local/lib/python3.11/site-packages/airflow/example_dags/example_python_operator.py for tasks to queue
[2024-10-19T14:38:11.318+0000] {logging_mixin.py:188} INFO - [2024-10-19T14:38:11.317+0000] {dagbag.py:545} INFO - Filling up the DagBag from /home/airflow/.local/lib/python3.11/site-packages/airflow/example_dags/example_python_operator.py
[2024-10-19T14:38:11.328+0000] {processor.py:840} INFO - DAG(s) 'example_python_operator' retrieved from /home/airflow/.local/lib/python3.11/site-packages/airflow/example_dags/example_python_operator.py
[2024-10-19T14:38:11.351+0000] {logging_mixin.py:188} INFO - [2024-10-19T14:38:11.351+0000] {dag.py:3089} INFO - Sync 1 DAGs
[2024-10-19T14:38:11.363+0000] {logging_mixin.py:188} INFO - [2024-10-19T14:38:11.363+0000] {dag.py:3947} INFO - Setting next_dagrun for example_python_operator to None, run_after=None
[2024-10-19T14:38:11.380+0000] {processor.py:183} INFO - Processing /home/airflow/.local/lib/python3.11/site-packages/airflow/example_dags/example_python_operator.py took 0.070 seconds
[2024-10-19T14:38:42.149+0000] {processor.py:161} INFO - Started process (PID=2576) to work on /home/airflow/.local/lib/python3.11/site-packages/airflow/example_dags/example_python_operator.py
[2024-10-19T14:38:42.150+0000] {processor.py:830} INFO - Processing file /home/airflow/.local/lib/python3.11/site-packages/airflow/example_dags/example_python_operator.py for tasks to queue
[2024-10-19T14:38:42.151+0000] {logging_mixin.py:188} INFO - [2024-10-19T14:38:42.150+0000] {dagbag.py:545} INFO - Filling up the DagBag from /home/airflow/.local/lib/python3.11/site-packages/airflow/example_dags/example_python_operator.py
[2024-10-19T14:38:42.162+0000] {processor.py:840} INFO - DAG(s) 'example_python_operator' retrieved from /home/airflow/.local/lib/python3.11/site-packages/airflow/example_dags/example_python_operator.py
[2024-10-19T14:38:42.180+0000] {logging_mixin.py:188} INFO - [2024-10-19T14:38:42.180+0000] {dag.py:3089} INFO - Sync 1 DAGs
[2024-10-19T14:38:42.190+0000] {logging_mixin.py:188} INFO - [2024-10-19T14:38:42.189+0000] {dag.py:3947} INFO - Setting next_dagrun for example_python_operator to None, run_after=None
[2024-10-19T14:38:42.204+0000] {processor.py:183} INFO - Processing /home/airflow/.local/lib/python3.11/site-packages/airflow/example_dags/example_python_operator.py took 0.060 seconds
[2024-10-19T14:39:12.383+0000] {processor.py:161} INFO - Started process (PID=2635) to work on /home/airflow/.local/lib/python3.11/site-packages/airflow/example_dags/example_python_operator.py
[2024-10-19T14:39:12.384+0000] {processor.py:830} INFO - Processing file /home/airflow/.local/lib/python3.11/site-packages/airflow/example_dags/example_python_operator.py for tasks to queue
[2024-10-19T14:39:12.385+0000] {logging_mixin.py:188} INFO - [2024-10-19T14:39:12.385+0000] {dagbag.py:545} INFO - Filling up the DagBag from /home/airflow/.local/lib/python3.11/site-packages/airflow/example_dags/example_python_operator.py
[2024-10-19T14:39:12.396+0000] {processor.py:840} INFO - DAG(s) 'example_python_operator' retrieved from /home/airflow/.local/lib/python3.11/site-packages/airflow/example_dags/example_python_operator.py
[2024-10-19T14:39:12.418+0000] {logging_mixin.py:188} INFO - [2024-10-19T14:39:12.418+0000] {dag.py:3089} INFO - Sync 1 DAGs
[2024-10-19T14:39:12.430+0000] {logging_mixin.py:188} INFO - [2024-10-19T14:39:12.429+0000] {dag.py:3947} INFO - Setting next_dagrun for example_python_operator to None, run_after=None
[2024-10-19T14:39:12.449+0000] {processor.py:183} INFO - Processing /home/airflow/.local/lib/python3.11/site-packages/airflow/example_dags/example_python_operator.py took 0.073 seconds
[2024-10-19T14:39:43.156+0000] {processor.py:161} INFO - Started process (PID=2694) to work on /home/airflow/.local/lib/python3.11/site-packages/airflow/example_dags/example_python_operator.py
[2024-10-19T14:39:43.157+0000] {processor.py:830} INFO - Processing file /home/airflow/.local/lib/python3.11/site-packages/airflow/example_dags/example_python_operator.py for tasks to queue
[2024-10-19T14:39:43.157+0000] {logging_mixin.py:188} INFO - [2024-10-19T14:39:43.157+0000] {dagbag.py:545} INFO - Filling up the DagBag from /home/airflow/.local/lib/python3.11/site-packages/airflow/example_dags/example_python_operator.py
[2024-10-19T14:39:43.167+0000] {processor.py:840} INFO - DAG(s) 'example_python_operator' retrieved from /home/airflow/.local/lib/python3.11/site-packages/airflow/example_dags/example_python_operator.py
[2024-10-19T14:39:43.185+0000] {logging_mixin.py:188} INFO - [2024-10-19T14:39:43.185+0000] {dag.py:3089} INFO - Sync 1 DAGs
[2024-10-19T14:39:43.195+0000] {logging_mixin.py:188} INFO - [2024-10-19T14:39:43.195+0000] {dag.py:3947} INFO - Setting next_dagrun for example_python_operator to None, run_after=None
[2024-10-19T14:39:43.209+0000] {processor.py:183} INFO - Processing /home/airflow/.local/lib/python3.11/site-packages/airflow/example_dags/example_python_operator.py took 0.059 seconds
[2024-10-19T14:40:13.706+0000] {processor.py:161} INFO - Started process (PID=2753) to work on /home/airflow/.local/lib/python3.11/site-packages/airflow/example_dags/example_python_operator.py
[2024-10-19T14:40:13.707+0000] {processor.py:830} INFO - Processing file /home/airflow/.local/lib/python3.11/site-packages/airflow/example_dags/example_python_operator.py for tasks to queue
[2024-10-19T14:40:13.710+0000] {logging_mixin.py:188} INFO - [2024-10-19T14:40:13.709+0000] {dagbag.py:545} INFO - Filling up the DagBag from /home/airflow/.local/lib/python3.11/site-packages/airflow/example_dags/example_python_operator.py
[2024-10-19T14:40:13.723+0000] {processor.py:840} INFO - DAG(s) 'example_python_operator' retrieved from /home/airflow/.local/lib/python3.11/site-packages/airflow/example_dags/example_python_operator.py
[2024-10-19T14:40:13.755+0000] {logging_mixin.py:188} INFO - [2024-10-19T14:40:13.755+0000] {dag.py:3089} INFO - Sync 1 DAGs
[2024-10-19T14:40:13.769+0000] {logging_mixin.py:188} INFO - [2024-10-19T14:40:13.769+0000] {dag.py:3947} INFO - Setting next_dagrun for example_python_operator to None, run_after=None
[2024-10-19T14:40:13.792+0000] {processor.py:183} INFO - Processing /home/airflow/.local/lib/python3.11/site-packages/airflow/example_dags/example_python_operator.py took 0.094 seconds
[2024-10-19T14:40:44.351+0000] {processor.py:161} INFO - Started process (PID=2812) to work on /home/airflow/.local/lib/python3.11/site-packages/airflow/example_dags/example_python_operator.py
[2024-10-19T14:40:44.352+0000] {processor.py:830} INFO - Processing file /home/airflow/.local/lib/python3.11/site-packages/airflow/example_dags/example_python_operator.py for tasks to queue
[2024-10-19T14:40:44.354+0000] {logging_mixin.py:188} INFO - [2024-10-19T14:40:44.353+0000] {dagbag.py:545} INFO - Filling up the DagBag from /home/airflow/.local/lib/python3.11/site-packages/airflow/example_dags/example_python_operator.py
[2024-10-19T14:40:44.369+0000] {processor.py:840} INFO - DAG(s) 'example_python_operator' retrieved from /home/airflow/.local/lib/python3.11/site-packages/airflow/example_dags/example_python_operator.py
[2024-10-19T14:40:44.398+0000] {logging_mixin.py:188} INFO - [2024-10-19T14:40:44.398+0000] {dag.py:3089} INFO - Sync 1 DAGs
[2024-10-19T14:40:44.415+0000] {logging_mixin.py:188} INFO - [2024-10-19T14:40:44.414+0000] {dag.py:3947} INFO - Setting next_dagrun for example_python_operator to None, run_after=None
[2024-10-19T14:40:44.447+0000] {processor.py:183} INFO - Processing /home/airflow/.local/lib/python3.11/site-packages/airflow/example_dags/example_python_operator.py took 0.104 seconds
[2024-10-19T14:41:15.424+0000] {processor.py:161} INFO - Started process (PID=2871) to work on /home/airflow/.local/lib/python3.11/site-packages/airflow/example_dags/example_python_operator.py
[2024-10-19T14:41:15.425+0000] {processor.py:830} INFO - Processing file /home/airflow/.local/lib/python3.11/site-packages/airflow/example_dags/example_python_operator.py for tasks to queue
[2024-10-19T14:41:15.426+0000] {logging_mixin.py:188} INFO - [2024-10-19T14:41:15.426+0000] {dagbag.py:545} INFO - Filling up the DagBag from /home/airflow/.local/lib/python3.11/site-packages/airflow/example_dags/example_python_operator.py
[2024-10-19T14:41:15.442+0000] {processor.py:840} INFO - DAG(s) 'example_python_operator' retrieved from /home/airflow/.local/lib/python3.11/site-packages/airflow/example_dags/example_python_operator.py
[2024-10-19T14:41:15.467+0000] {logging_mixin.py:188} INFO - [2024-10-19T14:41:15.467+0000] {dag.py:3089} INFO - Sync 1 DAGs
[2024-10-19T14:41:15.483+0000] {logging_mixin.py:188} INFO - [2024-10-19T14:41:15.482+0000] {dag.py:3947} INFO - Setting next_dagrun for example_python_operator to None, run_after=None
[2024-10-19T14:41:15.510+0000] {processor.py:183} INFO - Processing /home/airflow/.local/lib/python3.11/site-packages/airflow/example_dags/example_python_operator.py took 0.096 seconds
[2024-10-19T14:41:46.253+0000] {processor.py:161} INFO - Started process (PID=2930) to work on /home/airflow/.local/lib/python3.11/site-packages/airflow/example_dags/example_python_operator.py
[2024-10-19T14:41:46.254+0000] {processor.py:830} INFO - Processing file /home/airflow/.local/lib/python3.11/site-packages/airflow/example_dags/example_python_operator.py for tasks to queue
[2024-10-19T14:41:46.255+0000] {logging_mixin.py:188} INFO - [2024-10-19T14:41:46.255+0000] {dagbag.py:545} INFO - Filling up the DagBag from /home/airflow/.local/lib/python3.11/site-packages/airflow/example_dags/example_python_operator.py
[2024-10-19T14:41:46.266+0000] {processor.py:840} INFO - DAG(s) 'example_python_operator' retrieved from /home/airflow/.local/lib/python3.11/site-packages/airflow/example_dags/example_python_operator.py
[2024-10-19T14:41:46.285+0000] {logging_mixin.py:188} INFO - [2024-10-19T14:41:46.285+0000] {dag.py:3089} INFO - Sync 1 DAGs
[2024-10-19T14:41:46.295+0000] {logging_mixin.py:188} INFO - [2024-10-19T14:41:46.295+0000] {dag.py:3947} INFO - Setting next_dagrun for example_python_operator to None, run_after=None
[2024-10-19T14:41:46.311+0000] {processor.py:183} INFO - Processing /home/airflow/.local/lib/python3.11/site-packages/airflow/example_dags/example_python_operator.py took 0.063 seconds
[2024-10-19T14:42:16.607+0000] {processor.py:161} INFO - Started process (PID=2995) to work on /home/airflow/.local/lib/python3.11/site-packages/airflow/example_dags/example_python_operator.py
[2024-10-19T14:42:16.609+0000] {processor.py:830} INFO - Processing file /home/airflow/.local/lib/python3.11/site-packages/airflow/example_dags/example_python_operator.py for tasks to queue
[2024-10-19T14:42:16.612+0000] {logging_mixin.py:188} INFO - [2024-10-19T14:42:16.612+0000] {dagbag.py:545} INFO - Filling up the DagBag from /home/airflow/.local/lib/python3.11/site-packages/airflow/example_dags/example_python_operator.py
[2024-10-19T14:42:16.628+0000] {processor.py:840} INFO - DAG(s) 'example_python_operator' retrieved from /home/airflow/.local/lib/python3.11/site-packages/airflow/example_dags/example_python_operator.py
[2024-10-19T14:42:16.667+0000] {logging_mixin.py:188} INFO - [2024-10-19T14:42:16.667+0000] {dag.py:3089} INFO - Sync 1 DAGs
[2024-10-19T14:42:16.688+0000] {logging_mixin.py:188} INFO - [2024-10-19T14:42:16.688+0000] {dag.py:3947} INFO - Setting next_dagrun for example_python_operator to None, run_after=None
[2024-10-19T14:42:16.728+0000] {processor.py:183} INFO - Processing /home/airflow/.local/lib/python3.11/site-packages/airflow/example_dags/example_python_operator.py took 0.129 seconds
[2024-10-19T14:42:47.372+0000] {processor.py:161} INFO - Started process (PID=3055) to work on /home/airflow/.local/lib/python3.11/site-packages/airflow/example_dags/example_python_operator.py
[2024-10-19T14:42:47.373+0000] {processor.py:830} INFO - Processing file /home/airflow/.local/lib/python3.11/site-packages/airflow/example_dags/example_python_operator.py for tasks to queue
[2024-10-19T14:42:47.374+0000] {logging_mixin.py:188} INFO - [2024-10-19T14:42:47.373+0000] {dagbag.py:545} INFO - Filling up the DagBag from /home/airflow/.local/lib/python3.11/site-packages/airflow/example_dags/example_python_operator.py
[2024-10-19T14:42:47.382+0000] {processor.py:840} INFO - DAG(s) 'example_python_operator' retrieved from /home/airflow/.local/lib/python3.11/site-packages/airflow/example_dags/example_python_operator.py
[2024-10-19T14:42:47.401+0000] {logging_mixin.py:188} INFO - [2024-10-19T14:42:47.401+0000] {dag.py:3089} INFO - Sync 1 DAGs
[2024-10-19T14:42:47.411+0000] {logging_mixin.py:188} INFO - [2024-10-19T14:42:47.411+0000] {dag.py:3947} INFO - Setting next_dagrun for example_python_operator to None, run_after=None
[2024-10-19T14:42:47.428+0000] {processor.py:183} INFO - Processing /home/airflow/.local/lib/python3.11/site-packages/airflow/example_dags/example_python_operator.py took 0.061 seconds
[2024-10-19T14:43:18.024+0000] {processor.py:161} INFO - Started process (PID=3114) to work on /home/airflow/.local/lib/python3.11/site-packages/airflow/example_dags/example_python_operator.py
[2024-10-19T14:43:18.025+0000] {processor.py:830} INFO - Processing file /home/airflow/.local/lib/python3.11/site-packages/airflow/example_dags/example_python_operator.py for tasks to queue
[2024-10-19T14:43:18.026+0000] {logging_mixin.py:188} INFO - [2024-10-19T14:43:18.025+0000] {dagbag.py:545} INFO - Filling up the DagBag from /home/airflow/.local/lib/python3.11/site-packages/airflow/example_dags/example_python_operator.py
[2024-10-19T14:43:18.035+0000] {processor.py:840} INFO - DAG(s) 'example_python_operator' retrieved from /home/airflow/.local/lib/python3.11/site-packages/airflow/example_dags/example_python_operator.py
[2024-10-19T14:43:18.054+0000] {logging_mixin.py:188} INFO - [2024-10-19T14:43:18.053+0000] {dag.py:3089} INFO - Sync 1 DAGs
[2024-10-19T14:43:18.064+0000] {logging_mixin.py:188} INFO - [2024-10-19T14:43:18.064+0000] {dag.py:3947} INFO - Setting next_dagrun for example_python_operator to None, run_after=None
[2024-10-19T14:43:18.082+0000] {processor.py:183} INFO - Processing /home/airflow/.local/lib/python3.11/site-packages/airflow/example_dags/example_python_operator.py took 0.063 seconds
[2024-10-19T14:43:48.883+0000] {processor.py:161} INFO - Started process (PID=3173) to work on /home/airflow/.local/lib/python3.11/site-packages/airflow/example_dags/example_python_operator.py
[2024-10-19T14:43:48.884+0000] {processor.py:830} INFO - Processing file /home/airflow/.local/lib/python3.11/site-packages/airflow/example_dags/example_python_operator.py for tasks to queue
[2024-10-19T14:43:48.885+0000] {logging_mixin.py:188} INFO - [2024-10-19T14:43:48.885+0000] {dagbag.py:545} INFO - Filling up the DagBag from /home/airflow/.local/lib/python3.11/site-packages/airflow/example_dags/example_python_operator.py
[2024-10-19T14:43:48.895+0000] {processor.py:840} INFO - DAG(s) 'example_python_operator' retrieved from /home/airflow/.local/lib/python3.11/site-packages/airflow/example_dags/example_python_operator.py
[2024-10-19T14:43:48.915+0000] {logging_mixin.py:188} INFO - [2024-10-19T14:43:48.915+0000] {dag.py:3089} INFO - Sync 1 DAGs
[2024-10-19T14:43:48.926+0000] {logging_mixin.py:188} INFO - [2024-10-19T14:43:48.926+0000] {dag.py:3947} INFO - Setting next_dagrun for example_python_operator to None, run_after=None
[2024-10-19T14:43:48.947+0000] {processor.py:183} INFO - Processing /home/airflow/.local/lib/python3.11/site-packages/airflow/example_dags/example_python_operator.py took 0.069 seconds
[2024-10-19T14:44:19.490+0000] {processor.py:161} INFO - Started process (PID=3232) to work on /home/airflow/.local/lib/python3.11/site-packages/airflow/example_dags/example_python_operator.py
[2024-10-19T14:44:19.491+0000] {processor.py:830} INFO - Processing file /home/airflow/.local/lib/python3.11/site-packages/airflow/example_dags/example_python_operator.py for tasks to queue
[2024-10-19T14:44:19.492+0000] {logging_mixin.py:188} INFO - [2024-10-19T14:44:19.492+0000] {dagbag.py:545} INFO - Filling up the DagBag from /home/airflow/.local/lib/python3.11/site-packages/airflow/example_dags/example_python_operator.py
[2024-10-19T14:44:19.501+0000] {processor.py:840} INFO - DAG(s) 'example_python_operator' retrieved from /home/airflow/.local/lib/python3.11/site-packages/airflow/example_dags/example_python_operator.py
[2024-10-19T14:44:19.519+0000] {logging_mixin.py:188} INFO - [2024-10-19T14:44:19.519+0000] {dag.py:3089} INFO - Sync 1 DAGs
[2024-10-19T14:44:19.530+0000] {logging_mixin.py:188} INFO - [2024-10-19T14:44:19.529+0000] {dag.py:3947} INFO - Setting next_dagrun for example_python_operator to None, run_after=None
[2024-10-19T14:44:19.548+0000] {processor.py:183} INFO - Processing /home/airflow/.local/lib/python3.11/site-packages/airflow/example_dags/example_python_operator.py took 0.063 seconds
[2024-10-19T14:44:50.126+0000] {processor.py:161} INFO - Started process (PID=3292) to work on /home/airflow/.local/lib/python3.11/site-packages/airflow/example_dags/example_python_operator.py
[2024-10-19T14:44:50.127+0000] {processor.py:830} INFO - Processing file /home/airflow/.local/lib/python3.11/site-packages/airflow/example_dags/example_python_operator.py for tasks to queue
[2024-10-19T14:44:50.128+0000] {logging_mixin.py:188} INFO - [2024-10-19T14:44:50.128+0000] {dagbag.py:545} INFO - Filling up the DagBag from /home/airflow/.local/lib/python3.11/site-packages/airflow/example_dags/example_python_operator.py
[2024-10-19T14:44:50.138+0000] {processor.py:840} INFO - DAG(s) 'example_python_operator' retrieved from /home/airflow/.local/lib/python3.11/site-packages/airflow/example_dags/example_python_operator.py
[2024-10-19T14:44:50.158+0000] {logging_mixin.py:188} INFO - [2024-10-19T14:44:50.158+0000] {dag.py:3089} INFO - Sync 1 DAGs
[2024-10-19T14:44:50.168+0000] {logging_mixin.py:188} INFO - [2024-10-19T14:44:50.168+0000] {dag.py:3947} INFO - Setting next_dagrun for example_python_operator to None, run_after=None
[2024-10-19T14:44:50.187+0000] {processor.py:183} INFO - Processing /home/airflow/.local/lib/python3.11/site-packages/airflow/example_dags/example_python_operator.py took 0.067 seconds
[2024-10-19T14:45:20.557+0000] {processor.py:161} INFO - Started process (PID=3351) to work on /home/airflow/.local/lib/python3.11/site-packages/airflow/example_dags/example_python_operator.py
[2024-10-19T14:45:20.558+0000] {processor.py:830} INFO - Processing file /home/airflow/.local/lib/python3.11/site-packages/airflow/example_dags/example_python_operator.py for tasks to queue
[2024-10-19T14:45:20.559+0000] {logging_mixin.py:188} INFO - [2024-10-19T14:45:20.559+0000] {dagbag.py:545} INFO - Filling up the DagBag from /home/airflow/.local/lib/python3.11/site-packages/airflow/example_dags/example_python_operator.py
[2024-10-19T14:45:20.569+0000] {processor.py:840} INFO - DAG(s) 'example_python_operator' retrieved from /home/airflow/.local/lib/python3.11/site-packages/airflow/example_dags/example_python_operator.py
[2024-10-19T14:45:20.589+0000] {logging_mixin.py:188} INFO - [2024-10-19T14:45:20.589+0000] {dag.py:3089} INFO - Sync 1 DAGs
[2024-10-19T14:45:20.600+0000] {logging_mixin.py:188} INFO - [2024-10-19T14:45:20.600+0000] {dag.py:3947} INFO - Setting next_dagrun for example_python_operator to None, run_after=None
[2024-10-19T14:45:20.622+0000] {processor.py:183} INFO - Processing /home/airflow/.local/lib/python3.11/site-packages/airflow/example_dags/example_python_operator.py took 0.071 seconds
[2024-10-19T14:45:50.753+0000] {processor.py:161} INFO - Started process (PID=3410) to work on /home/airflow/.local/lib/python3.11/site-packages/airflow/example_dags/example_python_operator.py
[2024-10-19T14:45:50.754+0000] {processor.py:830} INFO - Processing file /home/airflow/.local/lib/python3.11/site-packages/airflow/example_dags/example_python_operator.py for tasks to queue
[2024-10-19T14:45:50.755+0000] {logging_mixin.py:188} INFO - [2024-10-19T14:45:50.754+0000] {dagbag.py:545} INFO - Filling up the DagBag from /home/airflow/.local/lib/python3.11/site-packages/airflow/example_dags/example_python_operator.py
[2024-10-19T14:45:50.765+0000] {processor.py:840} INFO - DAG(s) 'example_python_operator' retrieved from /home/airflow/.local/lib/python3.11/site-packages/airflow/example_dags/example_python_operator.py
[2024-10-19T14:45:50.788+0000] {logging_mixin.py:188} INFO - [2024-10-19T14:45:50.788+0000] {dag.py:3089} INFO - Sync 1 DAGs
[2024-10-19T14:45:50.799+0000] {logging_mixin.py:188} INFO - [2024-10-19T14:45:50.798+0000] {dag.py:3947} INFO - Setting next_dagrun for example_python_operator to None, run_after=None
[2024-10-19T14:45:50.816+0000] {processor.py:183} INFO - Processing /home/airflow/.local/lib/python3.11/site-packages/airflow/example_dags/example_python_operator.py took 0.069 seconds
[2024-10-19T14:46:20.942+0000] {processor.py:161} INFO - Started process (PID=3470) to work on /home/airflow/.local/lib/python3.11/site-packages/airflow/example_dags/example_python_operator.py
[2024-10-19T14:46:20.943+0000] {processor.py:830} INFO - Processing file /home/airflow/.local/lib/python3.11/site-packages/airflow/example_dags/example_python_operator.py for tasks to queue
[2024-10-19T14:46:20.945+0000] {logging_mixin.py:188} INFO - [2024-10-19T14:46:20.944+0000] {dagbag.py:545} INFO - Filling up the DagBag from /home/airflow/.local/lib/python3.11/site-packages/airflow/example_dags/example_python_operator.py
[2024-10-19T14:46:20.955+0000] {processor.py:840} INFO - DAG(s) 'example_python_operator' retrieved from /home/airflow/.local/lib/python3.11/site-packages/airflow/example_dags/example_python_operator.py
[2024-10-19T14:46:20.978+0000] {logging_mixin.py:188} INFO - [2024-10-19T14:46:20.978+0000] {dag.py:3089} INFO - Sync 1 DAGs
[2024-10-19T14:46:20.991+0000] {logging_mixin.py:188} INFO - [2024-10-19T14:46:20.990+0000] {dag.py:3947} INFO - Setting next_dagrun for example_python_operator to None, run_after=None
[2024-10-19T14:46:21.010+0000] {processor.py:183} INFO - Processing /home/airflow/.local/lib/python3.11/site-packages/airflow/example_dags/example_python_operator.py took 0.073 seconds
[2024-10-19T14:46:51.640+0000] {processor.py:161} INFO - Started process (PID=3530) to work on /home/airflow/.local/lib/python3.11/site-packages/airflow/example_dags/example_python_operator.py
[2024-10-19T14:46:51.641+0000] {processor.py:830} INFO - Processing file /home/airflow/.local/lib/python3.11/site-packages/airflow/example_dags/example_python_operator.py for tasks to queue
[2024-10-19T14:46:51.642+0000] {logging_mixin.py:188} INFO - [2024-10-19T14:46:51.641+0000] {dagbag.py:545} INFO - Filling up the DagBag from /home/airflow/.local/lib/python3.11/site-packages/airflow/example_dags/example_python_operator.py
[2024-10-19T14:46:51.650+0000] {processor.py:840} INFO - DAG(s) 'example_python_operator' retrieved from /home/airflow/.local/lib/python3.11/site-packages/airflow/example_dags/example_python_operator.py
[2024-10-19T14:46:51.670+0000] {logging_mixin.py:188} INFO - [2024-10-19T14:46:51.669+0000] {dag.py:3089} INFO - Sync 1 DAGs
[2024-10-19T14:46:51.680+0000] {logging_mixin.py:188} INFO - [2024-10-19T14:46:51.680+0000] {dag.py:3947} INFO - Setting next_dagrun for example_python_operator to None, run_after=None
[2024-10-19T14:46:51.697+0000] {processor.py:183} INFO - Processing /home/airflow/.local/lib/python3.11/site-packages/airflow/example_dags/example_python_operator.py took 0.062 seconds
[2024-10-19T14:47:21.921+0000] {processor.py:161} INFO - Started process (PID=3589) to work on /home/airflow/.local/lib/python3.11/site-packages/airflow/example_dags/example_python_operator.py
[2024-10-19T14:47:21.922+0000] {processor.py:830} INFO - Processing file /home/airflow/.local/lib/python3.11/site-packages/airflow/example_dags/example_python_operator.py for tasks to queue
[2024-10-19T14:47:21.923+0000] {logging_mixin.py:188} INFO - [2024-10-19T14:47:21.923+0000] {dagbag.py:545} INFO - Filling up the DagBag from /home/airflow/.local/lib/python3.11/site-packages/airflow/example_dags/example_python_operator.py
[2024-10-19T14:47:21.933+0000] {processor.py:840} INFO - DAG(s) 'example_python_operator' retrieved from /home/airflow/.local/lib/python3.11/site-packages/airflow/example_dags/example_python_operator.py
[2024-10-19T14:47:21.953+0000] {logging_mixin.py:188} INFO - [2024-10-19T14:47:21.953+0000] {dag.py:3089} INFO - Sync 1 DAGs
[2024-10-19T14:47:21.964+0000] {logging_mixin.py:188} INFO - [2024-10-19T14:47:21.964+0000] {dag.py:3947} INFO - Setting next_dagrun for example_python_operator to None, run_after=None
[2024-10-19T14:47:21.982+0000] {processor.py:183} INFO - Processing /home/airflow/.local/lib/python3.11/site-packages/airflow/example_dags/example_python_operator.py took 0.066 seconds
[2024-10-19T14:47:52.322+0000] {processor.py:161} INFO - Started process (PID=3648) to work on /home/airflow/.local/lib/python3.11/site-packages/airflow/example_dags/example_python_operator.py
[2024-10-19T14:47:52.323+0000] {processor.py:830} INFO - Processing file /home/airflow/.local/lib/python3.11/site-packages/airflow/example_dags/example_python_operator.py for tasks to queue
[2024-10-19T14:47:52.324+0000] {logging_mixin.py:188} INFO - [2024-10-19T14:47:52.324+0000] {dagbag.py:545} INFO - Filling up the DagBag from /home/airflow/.local/lib/python3.11/site-packages/airflow/example_dags/example_python_operator.py
[2024-10-19T14:47:52.339+0000] {processor.py:840} INFO - DAG(s) 'example_python_operator' retrieved from /home/airflow/.local/lib/python3.11/site-packages/airflow/example_dags/example_python_operator.py
[2024-10-19T14:47:52.365+0000] {logging_mixin.py:188} INFO - [2024-10-19T14:47:52.365+0000] {dag.py:3089} INFO - Sync 1 DAGs
[2024-10-19T14:47:52.378+0000] {logging_mixin.py:188} INFO - [2024-10-19T14:47:52.378+0000] {dag.py:3947} INFO - Setting next_dagrun for example_python_operator to None, run_after=None
[2024-10-19T14:47:52.397+0000] {processor.py:183} INFO - Processing /home/airflow/.local/lib/python3.11/site-packages/airflow/example_dags/example_python_operator.py took 0.083 seconds
[2024-10-19T14:48:22.568+0000] {processor.py:161} INFO - Started process (PID=3707) to work on /home/airflow/.local/lib/python3.11/site-packages/airflow/example_dags/example_python_operator.py
[2024-10-19T14:48:22.569+0000] {processor.py:830} INFO - Processing file /home/airflow/.local/lib/python3.11/site-packages/airflow/example_dags/example_python_operator.py for tasks to queue
[2024-10-19T14:48:22.571+0000] {logging_mixin.py:188} INFO - [2024-10-19T14:48:22.570+0000] {dagbag.py:545} INFO - Filling up the DagBag from /home/airflow/.local/lib/python3.11/site-packages/airflow/example_dags/example_python_operator.py
[2024-10-19T14:48:22.581+0000] {processor.py:840} INFO - DAG(s) 'example_python_operator' retrieved from /home/airflow/.local/lib/python3.11/site-packages/airflow/example_dags/example_python_operator.py
[2024-10-19T14:48:22.606+0000] {logging_mixin.py:188} INFO - [2024-10-19T14:48:22.605+0000] {dag.py:3089} INFO - Sync 1 DAGs
[2024-10-19T14:48:22.617+0000] {logging_mixin.py:188} INFO - [2024-10-19T14:48:22.617+0000] {dag.py:3947} INFO - Setting next_dagrun for example_python_operator to None, run_after=None
[2024-10-19T14:48:22.636+0000] {processor.py:183} INFO - Processing /home/airflow/.local/lib/python3.11/site-packages/airflow/example_dags/example_python_operator.py took 0.074 seconds
[2024-10-19T14:48:52.938+0000] {processor.py:161} INFO - Started process (PID=3766) to work on /home/airflow/.local/lib/python3.11/site-packages/airflow/example_dags/example_python_operator.py
[2024-10-19T14:48:52.939+0000] {processor.py:830} INFO - Processing file /home/airflow/.local/lib/python3.11/site-packages/airflow/example_dags/example_python_operator.py for tasks to queue
[2024-10-19T14:48:52.940+0000] {logging_mixin.py:188} INFO - [2024-10-19T14:48:52.940+0000] {dagbag.py:545} INFO - Filling up the DagBag from /home/airflow/.local/lib/python3.11/site-packages/airflow/example_dags/example_python_operator.py
[2024-10-19T14:48:52.950+0000] {processor.py:840} INFO - DAG(s) 'example_python_operator' retrieved from /home/airflow/.local/lib/python3.11/site-packages/airflow/example_dags/example_python_operator.py
[2024-10-19T14:48:52.969+0000] {logging_mixin.py:188} INFO - [2024-10-19T14:48:52.969+0000] {dag.py:3089} INFO - Sync 1 DAGs
[2024-10-19T14:48:52.979+0000] {logging_mixin.py:188} INFO - [2024-10-19T14:48:52.979+0000] {dag.py:3947} INFO - Setting next_dagrun for example_python_operator to None, run_after=None
[2024-10-19T14:48:52.996+0000] {processor.py:183} INFO - Processing /home/airflow/.local/lib/python3.11/site-packages/airflow/example_dags/example_python_operator.py took 0.063 seconds
[2024-10-19T14:49:23.107+0000] {processor.py:161} INFO - Started process (PID=3825) to work on /home/airflow/.local/lib/python3.11/site-packages/airflow/example_dags/example_python_operator.py
[2024-10-19T14:49:23.108+0000] {processor.py:830} INFO - Processing file /home/airflow/.local/lib/python3.11/site-packages/airflow/example_dags/example_python_operator.py for tasks to queue
[2024-10-19T14:49:23.109+0000] {logging_mixin.py:188} INFO - [2024-10-19T14:49:23.108+0000] {dagbag.py:545} INFO - Filling up the DagBag from /home/airflow/.local/lib/python3.11/site-packages/airflow/example_dags/example_python_operator.py
[2024-10-19T14:49:23.117+0000] {processor.py:840} INFO - DAG(s) 'example_python_operator' retrieved from /home/airflow/.local/lib/python3.11/site-packages/airflow/example_dags/example_python_operator.py
[2024-10-19T14:49:23.135+0000] {logging_mixin.py:188} INFO - [2024-10-19T14:49:23.135+0000] {dag.py:3089} INFO - Sync 1 DAGs
[2024-10-19T14:49:23.145+0000] {logging_mixin.py:188} INFO - [2024-10-19T14:49:23.145+0000] {dag.py:3947} INFO - Setting next_dagrun for example_python_operator to None, run_after=None
[2024-10-19T14:49:23.161+0000] {processor.py:183} INFO - Processing /home/airflow/.local/lib/python3.11/site-packages/airflow/example_dags/example_python_operator.py took 0.059 seconds
[2024-10-19T14:49:53.290+0000] {processor.py:161} INFO - Started process (PID=3884) to work on /home/airflow/.local/lib/python3.11/site-packages/airflow/example_dags/example_python_operator.py
[2024-10-19T14:49:53.291+0000] {processor.py:830} INFO - Processing file /home/airflow/.local/lib/python3.11/site-packages/airflow/example_dags/example_python_operator.py for tasks to queue
[2024-10-19T14:49:53.292+0000] {logging_mixin.py:188} INFO - [2024-10-19T14:49:53.292+0000] {dagbag.py:545} INFO - Filling up the DagBag from /home/airflow/.local/lib/python3.11/site-packages/airflow/example_dags/example_python_operator.py
[2024-10-19T14:49:53.301+0000] {processor.py:840} INFO - DAG(s) 'example_python_operator' retrieved from /home/airflow/.local/lib/python3.11/site-packages/airflow/example_dags/example_python_operator.py
[2024-10-19T14:49:53.324+0000] {logging_mixin.py:188} INFO - [2024-10-19T14:49:53.324+0000] {dag.py:3089} INFO - Sync 1 DAGs
[2024-10-19T14:49:53.334+0000] {logging_mixin.py:188} INFO - [2024-10-19T14:49:53.334+0000] {dag.py:3947} INFO - Setting next_dagrun for example_python_operator to None, run_after=None
[2024-10-19T14:49:53.354+0000] {processor.py:183} INFO - Processing /home/airflow/.local/lib/python3.11/site-packages/airflow/example_dags/example_python_operator.py took 0.069 seconds
[2024-10-19T14:50:23.889+0000] {processor.py:161} INFO - Started process (PID=3943) to work on /home/airflow/.local/lib/python3.11/site-packages/airflow/example_dags/example_python_operator.py
[2024-10-19T14:50:23.890+0000] {processor.py:830} INFO - Processing file /home/airflow/.local/lib/python3.11/site-packages/airflow/example_dags/example_python_operator.py for tasks to queue
[2024-10-19T14:50:23.891+0000] {logging_mixin.py:188} INFO - [2024-10-19T14:50:23.891+0000] {dagbag.py:545} INFO - Filling up the DagBag from /home/airflow/.local/lib/python3.11/site-packages/airflow/example_dags/example_python_operator.py
[2024-10-19T14:50:23.900+0000] {processor.py:840} INFO - DAG(s) 'example_python_operator' retrieved from /home/airflow/.local/lib/python3.11/site-packages/airflow/example_dags/example_python_operator.py
[2024-10-19T14:50:23.918+0000] {logging_mixin.py:188} INFO - [2024-10-19T14:50:23.918+0000] {dag.py:3089} INFO - Sync 1 DAGs
[2024-10-19T14:50:23.929+0000] {logging_mixin.py:188} INFO - [2024-10-19T14:50:23.928+0000] {dag.py:3947} INFO - Setting next_dagrun for example_python_operator to None, run_after=None
[2024-10-19T14:50:23.947+0000] {processor.py:183} INFO - Processing /home/airflow/.local/lib/python3.11/site-packages/airflow/example_dags/example_python_operator.py took 0.063 seconds
[2024-10-19T14:50:54.632+0000] {processor.py:161} INFO - Started process (PID=4002) to work on /home/airflow/.local/lib/python3.11/site-packages/airflow/example_dags/example_python_operator.py
[2024-10-19T14:50:54.633+0000] {processor.py:830} INFO - Processing file /home/airflow/.local/lib/python3.11/site-packages/airflow/example_dags/example_python_operator.py for tasks to queue
[2024-10-19T14:50:54.634+0000] {logging_mixin.py:188} INFO - [2024-10-19T14:50:54.634+0000] {dagbag.py:545} INFO - Filling up the DagBag from /home/airflow/.local/lib/python3.11/site-packages/airflow/example_dags/example_python_operator.py
[2024-10-19T14:50:54.644+0000] {processor.py:840} INFO - DAG(s) 'example_python_operator' retrieved from /home/airflow/.local/lib/python3.11/site-packages/airflow/example_dags/example_python_operator.py
[2024-10-19T14:50:54.662+0000] {logging_mixin.py:188} INFO - [2024-10-19T14:50:54.662+0000] {dag.py:3089} INFO - Sync 1 DAGs
[2024-10-19T14:50:54.672+0000] {logging_mixin.py:188} INFO - [2024-10-19T14:50:54.672+0000] {dag.py:3947} INFO - Setting next_dagrun for example_python_operator to None, run_after=None
[2024-10-19T14:50:54.688+0000] {processor.py:183} INFO - Processing /home/airflow/.local/lib/python3.11/site-packages/airflow/example_dags/example_python_operator.py took 0.060 seconds
[2024-10-19T14:51:24.824+0000] {processor.py:161} INFO - Started process (PID=4061) to work on /home/airflow/.local/lib/python3.11/site-packages/airflow/example_dags/example_python_operator.py
[2024-10-19T14:51:24.825+0000] {processor.py:830} INFO - Processing file /home/airflow/.local/lib/python3.11/site-packages/airflow/example_dags/example_python_operator.py for tasks to queue
[2024-10-19T14:51:24.826+0000] {logging_mixin.py:188} INFO - [2024-10-19T14:51:24.826+0000] {dagbag.py:545} INFO - Filling up the DagBag from /home/airflow/.local/lib/python3.11/site-packages/airflow/example_dags/example_python_operator.py
[2024-10-19T14:51:24.837+0000] {processor.py:840} INFO - DAG(s) 'example_python_operator' retrieved from /home/airflow/.local/lib/python3.11/site-packages/airflow/example_dags/example_python_operator.py
[2024-10-19T14:51:24.856+0000] {logging_mixin.py:188} INFO - [2024-10-19T14:51:24.856+0000] {dag.py:3089} INFO - Sync 1 DAGs
[2024-10-19T14:51:24.868+0000] {logging_mixin.py:188} INFO - [2024-10-19T14:51:24.867+0000] {dag.py:3947} INFO - Setting next_dagrun for example_python_operator to None, run_after=None
[2024-10-19T14:51:24.886+0000] {processor.py:183} INFO - Processing /home/airflow/.local/lib/python3.11/site-packages/airflow/example_dags/example_python_operator.py took 0.068 seconds
[2024-10-19T14:51:55.497+0000] {processor.py:161} INFO - Started process (PID=4120) to work on /home/airflow/.local/lib/python3.11/site-packages/airflow/example_dags/example_python_operator.py
[2024-10-19T14:51:55.498+0000] {processor.py:830} INFO - Processing file /home/airflow/.local/lib/python3.11/site-packages/airflow/example_dags/example_python_operator.py for tasks to queue
[2024-10-19T14:51:55.499+0000] {logging_mixin.py:188} INFO - [2024-10-19T14:51:55.499+0000] {dagbag.py:545} INFO - Filling up the DagBag from /home/airflow/.local/lib/python3.11/site-packages/airflow/example_dags/example_python_operator.py
[2024-10-19T14:51:55.508+0000] {processor.py:840} INFO - DAG(s) 'example_python_operator' retrieved from /home/airflow/.local/lib/python3.11/site-packages/airflow/example_dags/example_python_operator.py
[2024-10-19T14:51:55.527+0000] {logging_mixin.py:188} INFO - [2024-10-19T14:51:55.527+0000] {dag.py:3089} INFO - Sync 1 DAGs
[2024-10-19T14:51:55.536+0000] {logging_mixin.py:188} INFO - [2024-10-19T14:51:55.536+0000] {dag.py:3947} INFO - Setting next_dagrun for example_python_operator to None, run_after=None
[2024-10-19T14:51:55.552+0000] {processor.py:183} INFO - Processing /home/airflow/.local/lib/python3.11/site-packages/airflow/example_dags/example_python_operator.py took 0.060 seconds
