[2024-10-19T14:18:43.497+0000] {processor.py:161} INFO - Started process (PID=55) to work on /home/airflow/.local/lib/python3.11/site-packages/airflow/example_dags/example_skip_dag.py
[2024-10-19T14:18:43.501+0000] {processor.py:830} INFO - Processing file /home/airflow/.local/lib/python3.11/site-packages/airflow/example_dags/example_skip_dag.py for tasks to queue
[2024-10-19T14:18:43.507+0000] {logging_mixin.py:188} INFO - [2024-10-19T14:18:43.507+0000] {dagbag.py:545} INFO - Filling up the DagBag from /home/airflow/.local/lib/python3.11/site-packages/airflow/example_dags/example_skip_dag.py
[2024-10-19T14:18:43.547+0000] {processor.py:840} INFO - DAG(s) 'example_skip_dag' retrieved from /home/airflow/.local/lib/python3.11/site-packages/airflow/example_dags/example_skip_dag.py
[2024-10-19T14:18:43.806+0000] {logging_mixin.py:188} INFO - [2024-10-19T14:18:43.805+0000] {override.py:1858} INFO - Created Permission View: can edit on DAG:example_skip_dag
[2024-10-19T14:18:43.820+0000] {logging_mixin.py:188} INFO - [2024-10-19T14:18:43.820+0000] {override.py:1858} INFO - Created Permission View: can delete on DAG:example_skip_dag
[2024-10-19T14:18:43.829+0000] {logging_mixin.py:188} INFO - [2024-10-19T14:18:43.829+0000] {override.py:1858} INFO - Created Permission View: can read on DAG:example_skip_dag
[2024-10-19T14:18:43.830+0000] {logging_mixin.py:188} INFO - [2024-10-19T14:18:43.830+0000] {dag.py:3089} INFO - Sync 1 DAGs
[2024-10-19T14:18:43.856+0000] {logging_mixin.py:188} INFO - [2024-10-19T14:18:43.855+0000] {dag.py:3111} INFO - Creating ORM DAG for example_skip_dag
[2024-10-19T14:18:43.878+0000] {logging_mixin.py:188} INFO - [2024-10-19T14:18:43.878+0000] {dag.py:3947} INFO - Setting next_dagrun for example_skip_dag to 2024-10-18 00:00:00+00:00, run_after=2024-10-19 00:00:00+00:00
[2024-10-19T14:18:43.908+0000] {processor.py:183} INFO - Processing /home/airflow/.local/lib/python3.11/site-packages/airflow/example_dags/example_skip_dag.py took 0.441 seconds
[2024-10-19T14:19:14.882+0000] {processor.py:161} INFO - Started process (PID=118) to work on /home/airflow/.local/lib/python3.11/site-packages/airflow/example_dags/example_skip_dag.py
[2024-10-19T14:19:14.883+0000] {processor.py:830} INFO - Processing file /home/airflow/.local/lib/python3.11/site-packages/airflow/example_dags/example_skip_dag.py for tasks to queue
[2024-10-19T14:19:14.885+0000] {logging_mixin.py:188} INFO - [2024-10-19T14:19:14.884+0000] {dagbag.py:545} INFO - Filling up the DagBag from /home/airflow/.local/lib/python3.11/site-packages/airflow/example_dags/example_skip_dag.py
[2024-10-19T14:19:14.892+0000] {processor.py:840} INFO - DAG(s) 'example_skip_dag' retrieved from /home/airflow/.local/lib/python3.11/site-packages/airflow/example_dags/example_skip_dag.py
[2024-10-19T14:19:14.915+0000] {logging_mixin.py:188} INFO - [2024-10-19T14:19:14.915+0000] {dag.py:3089} INFO - Sync 1 DAGs
[2024-10-19T14:19:14.936+0000] {logging_mixin.py:188} INFO - [2024-10-19T14:19:14.936+0000] {dag.py:3947} INFO - Setting next_dagrun for example_skip_dag to 2024-10-18 00:00:00+00:00, run_after=2024-10-19 00:00:00+00:00
[2024-10-19T14:19:14.958+0000] {processor.py:183} INFO - Processing /home/airflow/.local/lib/python3.11/site-packages/airflow/example_dags/example_skip_dag.py took 0.084 seconds
[2024-10-19T14:19:45.553+0000] {processor.py:161} INFO - Started process (PID=176) to work on /home/airflow/.local/lib/python3.11/site-packages/airflow/example_dags/example_skip_dag.py
[2024-10-19T14:19:45.554+0000] {processor.py:830} INFO - Processing file /home/airflow/.local/lib/python3.11/site-packages/airflow/example_dags/example_skip_dag.py for tasks to queue
[2024-10-19T14:19:45.555+0000] {logging_mixin.py:188} INFO - [2024-10-19T14:19:45.555+0000] {dagbag.py:545} INFO - Filling up the DagBag from /home/airflow/.local/lib/python3.11/site-packages/airflow/example_dags/example_skip_dag.py
[2024-10-19T14:19:45.561+0000] {processor.py:840} INFO - DAG(s) 'example_skip_dag' retrieved from /home/airflow/.local/lib/python3.11/site-packages/airflow/example_dags/example_skip_dag.py
[2024-10-19T14:19:45.577+0000] {logging_mixin.py:188} INFO - [2024-10-19T14:19:45.577+0000] {dag.py:3089} INFO - Sync 1 DAGs
[2024-10-19T14:19:45.594+0000] {logging_mixin.py:188} INFO - [2024-10-19T14:19:45.594+0000] {dag.py:3947} INFO - Setting next_dagrun for example_skip_dag to 2024-10-18 00:00:00+00:00, run_after=2024-10-19 00:00:00+00:00
[2024-10-19T14:19:45.619+0000] {processor.py:183} INFO - Processing /home/airflow/.local/lib/python3.11/site-packages/airflow/example_dags/example_skip_dag.py took 0.071 seconds
[2024-10-19T14:20:16.395+0000] {processor.py:161} INFO - Started process (PID=234) to work on /home/airflow/.local/lib/python3.11/site-packages/airflow/example_dags/example_skip_dag.py
[2024-10-19T14:20:16.396+0000] {processor.py:830} INFO - Processing file /home/airflow/.local/lib/python3.11/site-packages/airflow/example_dags/example_skip_dag.py for tasks to queue
[2024-10-19T14:20:16.399+0000] {logging_mixin.py:188} INFO - [2024-10-19T14:20:16.398+0000] {dagbag.py:545} INFO - Filling up the DagBag from /home/airflow/.local/lib/python3.11/site-packages/airflow/example_dags/example_skip_dag.py
[2024-10-19T14:20:16.405+0000] {processor.py:840} INFO - DAG(s) 'example_skip_dag' retrieved from /home/airflow/.local/lib/python3.11/site-packages/airflow/example_dags/example_skip_dag.py
[2024-10-19T14:20:16.423+0000] {logging_mixin.py:188} INFO - [2024-10-19T14:20:16.423+0000] {dag.py:3089} INFO - Sync 1 DAGs
[2024-10-19T14:20:16.444+0000] {logging_mixin.py:188} INFO - [2024-10-19T14:20:16.444+0000] {dag.py:3947} INFO - Setting next_dagrun for example_skip_dag to 2024-10-18 00:00:00+00:00, run_after=2024-10-19 00:00:00+00:00
[2024-10-19T14:20:16.467+0000] {processor.py:183} INFO - Processing /home/airflow/.local/lib/python3.11/site-packages/airflow/example_dags/example_skip_dag.py took 0.077 seconds
[2024-10-19T14:20:47.083+0000] {processor.py:161} INFO - Started process (PID=292) to work on /home/airflow/.local/lib/python3.11/site-packages/airflow/example_dags/example_skip_dag.py
[2024-10-19T14:20:47.084+0000] {processor.py:830} INFO - Processing file /home/airflow/.local/lib/python3.11/site-packages/airflow/example_dags/example_skip_dag.py for tasks to queue
[2024-10-19T14:20:47.086+0000] {logging_mixin.py:188} INFO - [2024-10-19T14:20:47.085+0000] {dagbag.py:545} INFO - Filling up the DagBag from /home/airflow/.local/lib/python3.11/site-packages/airflow/example_dags/example_skip_dag.py
[2024-10-19T14:20:47.092+0000] {processor.py:840} INFO - DAG(s) 'example_skip_dag' retrieved from /home/airflow/.local/lib/python3.11/site-packages/airflow/example_dags/example_skip_dag.py
[2024-10-19T14:20:47.110+0000] {logging_mixin.py:188} INFO - [2024-10-19T14:20:47.110+0000] {dag.py:3089} INFO - Sync 1 DAGs
[2024-10-19T14:20:47.128+0000] {logging_mixin.py:188} INFO - [2024-10-19T14:20:47.128+0000] {dag.py:3947} INFO - Setting next_dagrun for example_skip_dag to 2024-10-18 00:00:00+00:00, run_after=2024-10-19 00:00:00+00:00
[2024-10-19T14:20:47.146+0000] {processor.py:183} INFO - Processing /home/airflow/.local/lib/python3.11/site-packages/airflow/example_dags/example_skip_dag.py took 0.068 seconds
[2024-10-19T14:21:17.303+0000] {processor.py:161} INFO - Started process (PID=350) to work on /home/airflow/.local/lib/python3.11/site-packages/airflow/example_dags/example_skip_dag.py
[2024-10-19T14:21:17.304+0000] {processor.py:830} INFO - Processing file /home/airflow/.local/lib/python3.11/site-packages/airflow/example_dags/example_skip_dag.py for tasks to queue
[2024-10-19T14:21:17.306+0000] {logging_mixin.py:188} INFO - [2024-10-19T14:21:17.306+0000] {dagbag.py:545} INFO - Filling up the DagBag from /home/airflow/.local/lib/python3.11/site-packages/airflow/example_dags/example_skip_dag.py
[2024-10-19T14:21:17.311+0000] {processor.py:840} INFO - DAG(s) 'example_skip_dag' retrieved from /home/airflow/.local/lib/python3.11/site-packages/airflow/example_dags/example_skip_dag.py
[2024-10-19T14:21:17.328+0000] {logging_mixin.py:188} INFO - [2024-10-19T14:21:17.328+0000] {dag.py:3089} INFO - Sync 1 DAGs
[2024-10-19T14:21:17.345+0000] {logging_mixin.py:188} INFO - [2024-10-19T14:21:17.345+0000] {dag.py:3947} INFO - Setting next_dagrun for example_skip_dag to 2024-10-18 00:00:00+00:00, run_after=2024-10-19 00:00:00+00:00
[2024-10-19T14:21:17.372+0000] {processor.py:183} INFO - Processing /home/airflow/.local/lib/python3.11/site-packages/airflow/example_dags/example_skip_dag.py took 0.073 seconds
[2024-10-19T14:21:48.191+0000] {processor.py:161} INFO - Started process (PID=408) to work on /home/airflow/.local/lib/python3.11/site-packages/airflow/example_dags/example_skip_dag.py
[2024-10-19T14:21:48.192+0000] {processor.py:830} INFO - Processing file /home/airflow/.local/lib/python3.11/site-packages/airflow/example_dags/example_skip_dag.py for tasks to queue
[2024-10-19T14:21:48.194+0000] {logging_mixin.py:188} INFO - [2024-10-19T14:21:48.193+0000] {dagbag.py:545} INFO - Filling up the DagBag from /home/airflow/.local/lib/python3.11/site-packages/airflow/example_dags/example_skip_dag.py
[2024-10-19T14:21:48.199+0000] {processor.py:840} INFO - DAG(s) 'example_skip_dag' retrieved from /home/airflow/.local/lib/python3.11/site-packages/airflow/example_dags/example_skip_dag.py
[2024-10-19T14:21:48.216+0000] {logging_mixin.py:188} INFO - [2024-10-19T14:21:48.216+0000] {dag.py:3089} INFO - Sync 1 DAGs
[2024-10-19T14:21:48.234+0000] {logging_mixin.py:188} INFO - [2024-10-19T14:21:48.234+0000] {dag.py:3947} INFO - Setting next_dagrun for example_skip_dag to 2024-10-18 00:00:00+00:00, run_after=2024-10-19 00:00:00+00:00
[2024-10-19T14:21:48.266+0000] {processor.py:183} INFO - Processing /home/airflow/.local/lib/python3.11/site-packages/airflow/example_dags/example_skip_dag.py took 0.080 seconds
[2024-10-19T14:22:19.271+0000] {processor.py:161} INFO - Started process (PID=466) to work on /home/airflow/.local/lib/python3.11/site-packages/airflow/example_dags/example_skip_dag.py
[2024-10-19T14:22:19.272+0000] {processor.py:830} INFO - Processing file /home/airflow/.local/lib/python3.11/site-packages/airflow/example_dags/example_skip_dag.py for tasks to queue
[2024-10-19T14:22:19.274+0000] {logging_mixin.py:188} INFO - [2024-10-19T14:22:19.274+0000] {dagbag.py:545} INFO - Filling up the DagBag from /home/airflow/.local/lib/python3.11/site-packages/airflow/example_dags/example_skip_dag.py
[2024-10-19T14:22:19.279+0000] {processor.py:840} INFO - DAG(s) 'example_skip_dag' retrieved from /home/airflow/.local/lib/python3.11/site-packages/airflow/example_dags/example_skip_dag.py
[2024-10-19T14:22:19.296+0000] {logging_mixin.py:188} INFO - [2024-10-19T14:22:19.296+0000] {dag.py:3089} INFO - Sync 1 DAGs
[2024-10-19T14:22:19.313+0000] {logging_mixin.py:188} INFO - [2024-10-19T14:22:19.313+0000] {dag.py:3947} INFO - Setting next_dagrun for example_skip_dag to 2024-10-18 00:00:00+00:00, run_after=2024-10-19 00:00:00+00:00
[2024-10-19T14:22:19.329+0000] {processor.py:183} INFO - Processing /home/airflow/.local/lib/python3.11/site-packages/airflow/example_dags/example_skip_dag.py took 0.063 seconds
[2024-10-19T14:22:50.075+0000] {processor.py:161} INFO - Started process (PID=524) to work on /home/airflow/.local/lib/python3.11/site-packages/airflow/example_dags/example_skip_dag.py
[2024-10-19T14:22:50.076+0000] {processor.py:830} INFO - Processing file /home/airflow/.local/lib/python3.11/site-packages/airflow/example_dags/example_skip_dag.py for tasks to queue
[2024-10-19T14:22:50.078+0000] {logging_mixin.py:188} INFO - [2024-10-19T14:22:50.078+0000] {dagbag.py:545} INFO - Filling up the DagBag from /home/airflow/.local/lib/python3.11/site-packages/airflow/example_dags/example_skip_dag.py
[2024-10-19T14:22:50.083+0000] {processor.py:840} INFO - DAG(s) 'example_skip_dag' retrieved from /home/airflow/.local/lib/python3.11/site-packages/airflow/example_dags/example_skip_dag.py
[2024-10-19T14:22:50.101+0000] {logging_mixin.py:188} INFO - [2024-10-19T14:22:50.101+0000] {dag.py:3089} INFO - Sync 1 DAGs
[2024-10-19T14:22:50.117+0000] {logging_mixin.py:188} INFO - [2024-10-19T14:22:50.117+0000] {dag.py:3947} INFO - Setting next_dagrun for example_skip_dag to 2024-10-18 00:00:00+00:00, run_after=2024-10-19 00:00:00+00:00
[2024-10-19T14:22:50.146+0000] {processor.py:183} INFO - Processing /home/airflow/.local/lib/python3.11/site-packages/airflow/example_dags/example_skip_dag.py took 0.077 seconds
[2024-10-19T14:23:20.746+0000] {processor.py:161} INFO - Started process (PID=582) to work on /home/airflow/.local/lib/python3.11/site-packages/airflow/example_dags/example_skip_dag.py
[2024-10-19T14:23:20.747+0000] {processor.py:830} INFO - Processing file /home/airflow/.local/lib/python3.11/site-packages/airflow/example_dags/example_skip_dag.py for tasks to queue
[2024-10-19T14:23:20.748+0000] {logging_mixin.py:188} INFO - [2024-10-19T14:23:20.748+0000] {dagbag.py:545} INFO - Filling up the DagBag from /home/airflow/.local/lib/python3.11/site-packages/airflow/example_dags/example_skip_dag.py
[2024-10-19T14:23:20.754+0000] {processor.py:840} INFO - DAG(s) 'example_skip_dag' retrieved from /home/airflow/.local/lib/python3.11/site-packages/airflow/example_dags/example_skip_dag.py
[2024-10-19T14:23:20.771+0000] {logging_mixin.py:188} INFO - [2024-10-19T14:23:20.771+0000] {dag.py:3089} INFO - Sync 1 DAGs
[2024-10-19T14:23:20.788+0000] {logging_mixin.py:188} INFO - [2024-10-19T14:23:20.788+0000] {dag.py:3947} INFO - Setting next_dagrun for example_skip_dag to 2024-10-18 00:00:00+00:00, run_after=2024-10-19 00:00:00+00:00
[2024-10-19T14:23:20.805+0000] {processor.py:183} INFO - Processing /home/airflow/.local/lib/python3.11/site-packages/airflow/example_dags/example_skip_dag.py took 0.064 seconds
[2024-10-19T14:23:51.580+0000] {processor.py:161} INFO - Started process (PID=641) to work on /home/airflow/.local/lib/python3.11/site-packages/airflow/example_dags/example_skip_dag.py
[2024-10-19T14:23:51.581+0000] {processor.py:830} INFO - Processing file /home/airflow/.local/lib/python3.11/site-packages/airflow/example_dags/example_skip_dag.py for tasks to queue
[2024-10-19T14:23:51.582+0000] {logging_mixin.py:188} INFO - [2024-10-19T14:23:51.582+0000] {dagbag.py:545} INFO - Filling up the DagBag from /home/airflow/.local/lib/python3.11/site-packages/airflow/example_dags/example_skip_dag.py
[2024-10-19T14:23:51.587+0000] {processor.py:840} INFO - DAG(s) 'example_skip_dag' retrieved from /home/airflow/.local/lib/python3.11/site-packages/airflow/example_dags/example_skip_dag.py
[2024-10-19T14:23:51.604+0000] {logging_mixin.py:188} INFO - [2024-10-19T14:23:51.604+0000] {dag.py:3089} INFO - Sync 1 DAGs
[2024-10-19T14:23:51.620+0000] {logging_mixin.py:188} INFO - [2024-10-19T14:23:51.620+0000] {dag.py:3947} INFO - Setting next_dagrun for example_skip_dag to 2024-10-18 00:00:00+00:00, run_after=2024-10-19 00:00:00+00:00
[2024-10-19T14:23:51.647+0000] {processor.py:183} INFO - Processing /home/airflow/.local/lib/python3.11/site-packages/airflow/example_dags/example_skip_dag.py took 0.072 seconds
[2024-10-19T14:24:22.342+0000] {processor.py:161} INFO - Started process (PID=700) to work on /home/airflow/.local/lib/python3.11/site-packages/airflow/example_dags/example_skip_dag.py
[2024-10-19T14:24:22.354+0000] {processor.py:830} INFO - Processing file /home/airflow/.local/lib/python3.11/site-packages/airflow/example_dags/example_skip_dag.py for tasks to queue
[2024-10-19T14:24:22.356+0000] {logging_mixin.py:188} INFO - [2024-10-19T14:24:22.356+0000] {dagbag.py:545} INFO - Filling up the DagBag from /home/airflow/.local/lib/python3.11/site-packages/airflow/example_dags/example_skip_dag.py
[2024-10-19T14:24:22.372+0000] {processor.py:840} INFO - DAG(s) 'example_skip_dag' retrieved from /home/airflow/.local/lib/python3.11/site-packages/airflow/example_dags/example_skip_dag.py
[2024-10-19T14:24:22.416+0000] {logging_mixin.py:188} INFO - [2024-10-19T14:24:22.415+0000] {dag.py:3089} INFO - Sync 1 DAGs
[2024-10-19T14:24:22.461+0000] {logging_mixin.py:188} INFO - [2024-10-19T14:24:22.460+0000] {dag.py:3947} INFO - Setting next_dagrun for example_skip_dag to 2024-10-18 00:00:00+00:00, run_after=2024-10-19 00:00:00+00:00
[2024-10-19T14:24:22.519+0000] {processor.py:183} INFO - Processing /home/airflow/.local/lib/python3.11/site-packages/airflow/example_dags/example_skip_dag.py took 0.196 seconds
[2024-10-19T14:24:52.927+0000] {processor.py:161} INFO - Started process (PID=759) to work on /home/airflow/.local/lib/python3.11/site-packages/airflow/example_dags/example_skip_dag.py
[2024-10-19T14:24:52.931+0000] {processor.py:830} INFO - Processing file /home/airflow/.local/lib/python3.11/site-packages/airflow/example_dags/example_skip_dag.py for tasks to queue
[2024-10-19T14:24:52.938+0000] {logging_mixin.py:188} INFO - [2024-10-19T14:24:52.937+0000] {dagbag.py:545} INFO - Filling up the DagBag from /home/airflow/.local/lib/python3.11/site-packages/airflow/example_dags/example_skip_dag.py
[2024-10-19T14:24:52.949+0000] {processor.py:840} INFO - DAG(s) 'example_skip_dag' retrieved from /home/airflow/.local/lib/python3.11/site-packages/airflow/example_dags/example_skip_dag.py
[2024-10-19T14:24:52.979+0000] {logging_mixin.py:188} INFO - [2024-10-19T14:24:52.979+0000] {dag.py:3089} INFO - Sync 1 DAGs
[2024-10-19T14:24:53.028+0000] {logging_mixin.py:188} INFO - [2024-10-19T14:24:53.028+0000] {dag.py:3947} INFO - Setting next_dagrun for example_skip_dag to 2024-10-18 00:00:00+00:00, run_after=2024-10-19 00:00:00+00:00
[2024-10-19T14:24:53.074+0000] {processor.py:183} INFO - Processing /home/airflow/.local/lib/python3.11/site-packages/airflow/example_dags/example_skip_dag.py took 0.156 seconds
[2024-10-19T14:25:23.560+0000] {processor.py:161} INFO - Started process (PID=817) to work on /home/airflow/.local/lib/python3.11/site-packages/airflow/example_dags/example_skip_dag.py
[2024-10-19T14:25:23.562+0000] {processor.py:830} INFO - Processing file /home/airflow/.local/lib/python3.11/site-packages/airflow/example_dags/example_skip_dag.py for tasks to queue
[2024-10-19T14:25:23.564+0000] {logging_mixin.py:188} INFO - [2024-10-19T14:25:23.564+0000] {dagbag.py:545} INFO - Filling up the DagBag from /home/airflow/.local/lib/python3.11/site-packages/airflow/example_dags/example_skip_dag.py
[2024-10-19T14:25:23.572+0000] {processor.py:840} INFO - DAG(s) 'example_skip_dag' retrieved from /home/airflow/.local/lib/python3.11/site-packages/airflow/example_dags/example_skip_dag.py
[2024-10-19T14:25:23.597+0000] {logging_mixin.py:188} INFO - [2024-10-19T14:25:23.597+0000] {dag.py:3089} INFO - Sync 1 DAGs
[2024-10-19T14:25:23.624+0000] {logging_mixin.py:188} INFO - [2024-10-19T14:25:23.624+0000] {dag.py:3947} INFO - Setting next_dagrun for example_skip_dag to 2024-10-18 00:00:00+00:00, run_after=2024-10-19 00:00:00+00:00
[2024-10-19T14:25:23.661+0000] {processor.py:183} INFO - Processing /home/airflow/.local/lib/python3.11/site-packages/airflow/example_dags/example_skip_dag.py took 0.107 seconds
[2024-10-19T14:25:54.228+0000] {processor.py:161} INFO - Started process (PID=876) to work on /home/airflow/.local/lib/python3.11/site-packages/airflow/example_dags/example_skip_dag.py
[2024-10-19T14:25:54.229+0000] {processor.py:830} INFO - Processing file /home/airflow/.local/lib/python3.11/site-packages/airflow/example_dags/example_skip_dag.py for tasks to queue
[2024-10-19T14:25:54.231+0000] {logging_mixin.py:188} INFO - [2024-10-19T14:25:54.231+0000] {dagbag.py:545} INFO - Filling up the DagBag from /home/airflow/.local/lib/python3.11/site-packages/airflow/example_dags/example_skip_dag.py
[2024-10-19T14:25:54.236+0000] {processor.py:840} INFO - DAG(s) 'example_skip_dag' retrieved from /home/airflow/.local/lib/python3.11/site-packages/airflow/example_dags/example_skip_dag.py
[2024-10-19T14:25:54.253+0000] {logging_mixin.py:188} INFO - [2024-10-19T14:25:54.253+0000] {dag.py:3089} INFO - Sync 1 DAGs
[2024-10-19T14:25:54.271+0000] {logging_mixin.py:188} INFO - [2024-10-19T14:25:54.271+0000] {dag.py:3947} INFO - Setting next_dagrun for example_skip_dag to 2024-10-18 00:00:00+00:00, run_after=2024-10-19 00:00:00+00:00
[2024-10-19T14:25:54.288+0000] {processor.py:183} INFO - Processing /home/airflow/.local/lib/python3.11/site-packages/airflow/example_dags/example_skip_dag.py took 0.064 seconds
[2024-10-19T14:26:25.164+0000] {processor.py:161} INFO - Started process (PID=938) to work on /home/airflow/.local/lib/python3.11/site-packages/airflow/example_dags/example_skip_dag.py
[2024-10-19T14:26:25.165+0000] {processor.py:830} INFO - Processing file /home/airflow/.local/lib/python3.11/site-packages/airflow/example_dags/example_skip_dag.py for tasks to queue
[2024-10-19T14:26:25.167+0000] {logging_mixin.py:188} INFO - [2024-10-19T14:26:25.167+0000] {dagbag.py:545} INFO - Filling up the DagBag from /home/airflow/.local/lib/python3.11/site-packages/airflow/example_dags/example_skip_dag.py
[2024-10-19T14:26:25.175+0000] {processor.py:840} INFO - DAG(s) 'example_skip_dag' retrieved from /home/airflow/.local/lib/python3.11/site-packages/airflow/example_dags/example_skip_dag.py
[2024-10-19T14:26:25.198+0000] {logging_mixin.py:188} INFO - [2024-10-19T14:26:25.197+0000] {dag.py:3089} INFO - Sync 1 DAGs
[2024-10-19T14:26:25.222+0000] {logging_mixin.py:188} INFO - [2024-10-19T14:26:25.222+0000] {dag.py:3947} INFO - Setting next_dagrun for example_skip_dag to 2024-10-18 00:00:00+00:00, run_after=2024-10-19 00:00:00+00:00
[2024-10-19T14:26:25.239+0000] {processor.py:183} INFO - Processing /home/airflow/.local/lib/python3.11/site-packages/airflow/example_dags/example_skip_dag.py took 0.081 seconds
[2024-10-19T14:26:55.295+0000] {processor.py:161} INFO - Started process (PID=998) to work on /home/airflow/.local/lib/python3.11/site-packages/airflow/example_dags/example_skip_dag.py
[2024-10-19T14:26:55.296+0000] {processor.py:830} INFO - Processing file /home/airflow/.local/lib/python3.11/site-packages/airflow/example_dags/example_skip_dag.py for tasks to queue
[2024-10-19T14:26:55.298+0000] {logging_mixin.py:188} INFO - [2024-10-19T14:26:55.298+0000] {dagbag.py:545} INFO - Filling up the DagBag from /home/airflow/.local/lib/python3.11/site-packages/airflow/example_dags/example_skip_dag.py
[2024-10-19T14:26:55.305+0000] {processor.py:840} INFO - DAG(s) 'example_skip_dag' retrieved from /home/airflow/.local/lib/python3.11/site-packages/airflow/example_dags/example_skip_dag.py
[2024-10-19T14:26:55.322+0000] {logging_mixin.py:188} INFO - [2024-10-19T14:26:55.322+0000] {dag.py:3089} INFO - Sync 1 DAGs
[2024-10-19T14:26:55.339+0000] {logging_mixin.py:188} INFO - [2024-10-19T14:26:55.339+0000] {dag.py:3947} INFO - Setting next_dagrun for example_skip_dag to 2024-10-18 00:00:00+00:00, run_after=2024-10-19 00:00:00+00:00
[2024-10-19T14:26:55.354+0000] {processor.py:183} INFO - Processing /home/airflow/.local/lib/python3.11/site-packages/airflow/example_dags/example_skip_dag.py took 0.064 seconds
[2024-10-19T14:27:26.266+0000] {processor.py:161} INFO - Started process (PID=1059) to work on /home/airflow/.local/lib/python3.11/site-packages/airflow/example_dags/example_skip_dag.py
[2024-10-19T14:27:26.267+0000] {processor.py:830} INFO - Processing file /home/airflow/.local/lib/python3.11/site-packages/airflow/example_dags/example_skip_dag.py for tasks to queue
[2024-10-19T14:27:26.269+0000] {logging_mixin.py:188} INFO - [2024-10-19T14:27:26.269+0000] {dagbag.py:545} INFO - Filling up the DagBag from /home/airflow/.local/lib/python3.11/site-packages/airflow/example_dags/example_skip_dag.py
[2024-10-19T14:27:26.274+0000] {processor.py:840} INFO - DAG(s) 'example_skip_dag' retrieved from /home/airflow/.local/lib/python3.11/site-packages/airflow/example_dags/example_skip_dag.py
[2024-10-19T14:27:26.291+0000] {logging_mixin.py:188} INFO - [2024-10-19T14:27:26.291+0000] {dag.py:3089} INFO - Sync 1 DAGs
[2024-10-19T14:27:26.309+0000] {logging_mixin.py:188} INFO - [2024-10-19T14:27:26.309+0000] {dag.py:3947} INFO - Setting next_dagrun for example_skip_dag to 2024-10-18 00:00:00+00:00, run_after=2024-10-19 00:00:00+00:00
[2024-10-19T14:27:26.327+0000] {processor.py:183} INFO - Processing /home/airflow/.local/lib/python3.11/site-packages/airflow/example_dags/example_skip_dag.py took 0.066 seconds
[2024-10-19T14:27:57.047+0000] {processor.py:161} INFO - Started process (PID=1118) to work on /home/airflow/.local/lib/python3.11/site-packages/airflow/example_dags/example_skip_dag.py
[2024-10-19T14:27:57.048+0000] {processor.py:830} INFO - Processing file /home/airflow/.local/lib/python3.11/site-packages/airflow/example_dags/example_skip_dag.py for tasks to queue
[2024-10-19T14:27:57.049+0000] {logging_mixin.py:188} INFO - [2024-10-19T14:27:57.049+0000] {dagbag.py:545} INFO - Filling up the DagBag from /home/airflow/.local/lib/python3.11/site-packages/airflow/example_dags/example_skip_dag.py
[2024-10-19T14:27:57.056+0000] {processor.py:840} INFO - DAG(s) 'example_skip_dag' retrieved from /home/airflow/.local/lib/python3.11/site-packages/airflow/example_dags/example_skip_dag.py
[2024-10-19T14:27:57.073+0000] {logging_mixin.py:188} INFO - [2024-10-19T14:27:57.073+0000] {dag.py:3089} INFO - Sync 1 DAGs
[2024-10-19T14:27:57.091+0000] {logging_mixin.py:188} INFO - [2024-10-19T14:27:57.090+0000] {dag.py:3947} INFO - Setting next_dagrun for example_skip_dag to 2024-10-18 00:00:00+00:00, run_after=2024-10-19 00:00:00+00:00
[2024-10-19T14:27:57.108+0000] {processor.py:183} INFO - Processing /home/airflow/.local/lib/python3.11/site-packages/airflow/example_dags/example_skip_dag.py took 0.066 seconds
[2024-10-19T14:28:27.333+0000] {processor.py:161} INFO - Started process (PID=1177) to work on /home/airflow/.local/lib/python3.11/site-packages/airflow/example_dags/example_skip_dag.py
[2024-10-19T14:28:27.334+0000] {processor.py:830} INFO - Processing file /home/airflow/.local/lib/python3.11/site-packages/airflow/example_dags/example_skip_dag.py for tasks to queue
[2024-10-19T14:28:27.335+0000] {logging_mixin.py:188} INFO - [2024-10-19T14:28:27.335+0000] {dagbag.py:545} INFO - Filling up the DagBag from /home/airflow/.local/lib/python3.11/site-packages/airflow/example_dags/example_skip_dag.py
[2024-10-19T14:28:27.341+0000] {processor.py:840} INFO - DAG(s) 'example_skip_dag' retrieved from /home/airflow/.local/lib/python3.11/site-packages/airflow/example_dags/example_skip_dag.py
[2024-10-19T14:28:27.358+0000] {logging_mixin.py:188} INFO - [2024-10-19T14:28:27.358+0000] {dag.py:3089} INFO - Sync 1 DAGs
[2024-10-19T14:28:27.376+0000] {logging_mixin.py:188} INFO - [2024-10-19T14:28:27.376+0000] {dag.py:3947} INFO - Setting next_dagrun for example_skip_dag to 2024-10-18 00:00:00+00:00, run_after=2024-10-19 00:00:00+00:00
[2024-10-19T14:28:27.393+0000] {processor.py:183} INFO - Processing /home/airflow/.local/lib/python3.11/site-packages/airflow/example_dags/example_skip_dag.py took 0.066 seconds
[2024-10-19T14:28:57.455+0000] {processor.py:161} INFO - Started process (PID=1236) to work on /home/airflow/.local/lib/python3.11/site-packages/airflow/example_dags/example_skip_dag.py
[2024-10-19T14:28:57.456+0000] {processor.py:830} INFO - Processing file /home/airflow/.local/lib/python3.11/site-packages/airflow/example_dags/example_skip_dag.py for tasks to queue
[2024-10-19T14:28:57.457+0000] {logging_mixin.py:188} INFO - [2024-10-19T14:28:57.457+0000] {dagbag.py:545} INFO - Filling up the DagBag from /home/airflow/.local/lib/python3.11/site-packages/airflow/example_dags/example_skip_dag.py
[2024-10-19T14:28:57.463+0000] {processor.py:840} INFO - DAG(s) 'example_skip_dag' retrieved from /home/airflow/.local/lib/python3.11/site-packages/airflow/example_dags/example_skip_dag.py
[2024-10-19T14:28:57.483+0000] {logging_mixin.py:188} INFO - [2024-10-19T14:28:57.483+0000] {dag.py:3089} INFO - Sync 1 DAGs
[2024-10-19T14:28:57.502+0000] {logging_mixin.py:188} INFO - [2024-10-19T14:28:57.502+0000] {dag.py:3947} INFO - Setting next_dagrun for example_skip_dag to 2024-10-18 00:00:00+00:00, run_after=2024-10-19 00:00:00+00:00
[2024-10-19T14:28:57.520+0000] {processor.py:183} INFO - Processing /home/airflow/.local/lib/python3.11/site-packages/airflow/example_dags/example_skip_dag.py took 0.071 seconds
[2024-10-19T14:29:27.626+0000] {processor.py:161} INFO - Started process (PID=1295) to work on /home/airflow/.local/lib/python3.11/site-packages/airflow/example_dags/example_skip_dag.py
[2024-10-19T14:29:27.627+0000] {processor.py:830} INFO - Processing file /home/airflow/.local/lib/python3.11/site-packages/airflow/example_dags/example_skip_dag.py for tasks to queue
[2024-10-19T14:29:27.628+0000] {logging_mixin.py:188} INFO - [2024-10-19T14:29:27.627+0000] {dagbag.py:545} INFO - Filling up the DagBag from /home/airflow/.local/lib/python3.11/site-packages/airflow/example_dags/example_skip_dag.py
[2024-10-19T14:29:27.634+0000] {processor.py:840} INFO - DAG(s) 'example_skip_dag' retrieved from /home/airflow/.local/lib/python3.11/site-packages/airflow/example_dags/example_skip_dag.py
[2024-10-19T14:29:27.650+0000] {logging_mixin.py:188} INFO - [2024-10-19T14:29:27.650+0000] {dag.py:3089} INFO - Sync 1 DAGs
[2024-10-19T14:29:27.667+0000] {logging_mixin.py:188} INFO - [2024-10-19T14:29:27.667+0000] {dag.py:3947} INFO - Setting next_dagrun for example_skip_dag to 2024-10-18 00:00:00+00:00, run_after=2024-10-19 00:00:00+00:00
[2024-10-19T14:29:27.684+0000] {processor.py:183} INFO - Processing /home/airflow/.local/lib/python3.11/site-packages/airflow/example_dags/example_skip_dag.py took 0.063 seconds
[2024-10-19T14:29:58.007+0000] {processor.py:161} INFO - Started process (PID=1358) to work on /home/airflow/.local/lib/python3.11/site-packages/airflow/example_dags/example_skip_dag.py
[2024-10-19T14:29:58.008+0000] {processor.py:830} INFO - Processing file /home/airflow/.local/lib/python3.11/site-packages/airflow/example_dags/example_skip_dag.py for tasks to queue
[2024-10-19T14:29:58.010+0000] {logging_mixin.py:188} INFO - [2024-10-19T14:29:58.009+0000] {dagbag.py:545} INFO - Filling up the DagBag from /home/airflow/.local/lib/python3.11/site-packages/airflow/example_dags/example_skip_dag.py
[2024-10-19T14:29:58.018+0000] {processor.py:840} INFO - DAG(s) 'example_skip_dag' retrieved from /home/airflow/.local/lib/python3.11/site-packages/airflow/example_dags/example_skip_dag.py
[2024-10-19T14:29:58.038+0000] {logging_mixin.py:188} INFO - [2024-10-19T14:29:58.038+0000] {dag.py:3089} INFO - Sync 1 DAGs
[2024-10-19T14:29:58.063+0000] {logging_mixin.py:188} INFO - [2024-10-19T14:29:58.062+0000] {dag.py:3947} INFO - Setting next_dagrun for example_skip_dag to 2024-10-18 00:00:00+00:00, run_after=2024-10-19 00:00:00+00:00
[2024-10-19T14:29:58.087+0000] {processor.py:183} INFO - Processing /home/airflow/.local/lib/python3.11/site-packages/airflow/example_dags/example_skip_dag.py took 0.085 seconds
[2024-10-19T14:30:29.452+0000] {processor.py:161} INFO - Started process (PID=1449) to work on /home/airflow/.local/lib/python3.11/site-packages/airflow/example_dags/example_skip_dag.py
[2024-10-19T14:30:29.459+0000] {processor.py:830} INFO - Processing file /home/airflow/.local/lib/python3.11/site-packages/airflow/example_dags/example_skip_dag.py for tasks to queue
[2024-10-19T14:30:29.460+0000] {logging_mixin.py:188} INFO - [2024-10-19T14:30:29.460+0000] {dagbag.py:545} INFO - Filling up the DagBag from /home/airflow/.local/lib/python3.11/site-packages/airflow/example_dags/example_skip_dag.py
[2024-10-19T14:30:29.475+0000] {processor.py:840} INFO - DAG(s) 'example_skip_dag' retrieved from /home/airflow/.local/lib/python3.11/site-packages/airflow/example_dags/example_skip_dag.py
[2024-10-19T14:30:29.526+0000] {logging_mixin.py:188} INFO - [2024-10-19T14:30:29.526+0000] {dag.py:3089} INFO - Sync 1 DAGs
[2024-10-19T14:30:29.570+0000] {logging_mixin.py:188} INFO - [2024-10-19T14:30:29.570+0000] {dag.py:3947} INFO - Setting next_dagrun for example_skip_dag to 2024-10-18 00:00:00+00:00, run_after=2024-10-19 00:00:00+00:00
[2024-10-19T14:30:29.672+0000] {processor.py:183} INFO - Processing /home/airflow/.local/lib/python3.11/site-packages/airflow/example_dags/example_skip_dag.py took 0.228 seconds
[2024-10-19T14:30:59.883+0000] {processor.py:161} INFO - Started process (PID=1552) to work on /home/airflow/.local/lib/python3.11/site-packages/airflow/example_dags/example_skip_dag.py
[2024-10-19T14:30:59.883+0000] {processor.py:830} INFO - Processing file /home/airflow/.local/lib/python3.11/site-packages/airflow/example_dags/example_skip_dag.py for tasks to queue
[2024-10-19T14:30:59.885+0000] {logging_mixin.py:188} INFO - [2024-10-19T14:30:59.884+0000] {dagbag.py:545} INFO - Filling up the DagBag from /home/airflow/.local/lib/python3.11/site-packages/airflow/example_dags/example_skip_dag.py
[2024-10-19T14:30:59.890+0000] {processor.py:840} INFO - DAG(s) 'example_skip_dag' retrieved from /home/airflow/.local/lib/python3.11/site-packages/airflow/example_dags/example_skip_dag.py
[2024-10-19T14:30:59.909+0000] {logging_mixin.py:188} INFO - [2024-10-19T14:30:59.909+0000] {dag.py:3089} INFO - Sync 1 DAGs
[2024-10-19T14:30:59.927+0000] {logging_mixin.py:188} INFO - [2024-10-19T14:30:59.927+0000] {dag.py:3947} INFO - Setting next_dagrun for example_skip_dag to 2024-10-18 00:00:00+00:00, run_after=2024-10-19 00:00:00+00:00
[2024-10-19T14:30:59.943+0000] {processor.py:183} INFO - Processing /home/airflow/.local/lib/python3.11/site-packages/airflow/example_dags/example_skip_dag.py took 0.066 seconds
[2024-10-19T14:31:30.569+0000] {processor.py:161} INFO - Started process (PID=1688) to work on /home/airflow/.local/lib/python3.11/site-packages/airflow/example_dags/example_skip_dag.py
[2024-10-19T14:31:30.570+0000] {processor.py:830} INFO - Processing file /home/airflow/.local/lib/python3.11/site-packages/airflow/example_dags/example_skip_dag.py for tasks to queue
[2024-10-19T14:31:30.572+0000] {logging_mixin.py:188} INFO - [2024-10-19T14:31:30.571+0000] {dagbag.py:545} INFO - Filling up the DagBag from /home/airflow/.local/lib/python3.11/site-packages/airflow/example_dags/example_skip_dag.py
[2024-10-19T14:31:30.582+0000] {processor.py:840} INFO - DAG(s) 'example_skip_dag' retrieved from /home/airflow/.local/lib/python3.11/site-packages/airflow/example_dags/example_skip_dag.py
[2024-10-19T14:31:30.609+0000] {logging_mixin.py:188} INFO - [2024-10-19T14:31:30.609+0000] {dag.py:3089} INFO - Sync 1 DAGs
[2024-10-19T14:31:30.641+0000] {logging_mixin.py:188} INFO - [2024-10-19T14:31:30.641+0000] {dag.py:3947} INFO - Setting next_dagrun for example_skip_dag to 2024-10-18 00:00:00+00:00, run_after=2024-10-19 00:00:00+00:00
[2024-10-19T14:31:30.674+0000] {processor.py:183} INFO - Processing /home/airflow/.local/lib/python3.11/site-packages/airflow/example_dags/example_skip_dag.py took 0.113 seconds
[2024-10-19T14:32:00.751+0000] {processor.py:161} INFO - Started process (PID=1776) to work on /home/airflow/.local/lib/python3.11/site-packages/airflow/example_dags/example_skip_dag.py
[2024-10-19T14:32:00.752+0000] {processor.py:830} INFO - Processing file /home/airflow/.local/lib/python3.11/site-packages/airflow/example_dags/example_skip_dag.py for tasks to queue
[2024-10-19T14:32:00.753+0000] {logging_mixin.py:188} INFO - [2024-10-19T14:32:00.753+0000] {dagbag.py:545} INFO - Filling up the DagBag from /home/airflow/.local/lib/python3.11/site-packages/airflow/example_dags/example_skip_dag.py
[2024-10-19T14:32:00.760+0000] {processor.py:840} INFO - DAG(s) 'example_skip_dag' retrieved from /home/airflow/.local/lib/python3.11/site-packages/airflow/example_dags/example_skip_dag.py
[2024-10-19T14:32:00.782+0000] {logging_mixin.py:188} INFO - [2024-10-19T14:32:00.782+0000] {dag.py:3089} INFO - Sync 1 DAGs
[2024-10-19T14:32:00.803+0000] {logging_mixin.py:188} INFO - [2024-10-19T14:32:00.803+0000] {dag.py:3947} INFO - Setting next_dagrun for example_skip_dag to 2024-10-18 00:00:00+00:00, run_after=2024-10-19 00:00:00+00:00
[2024-10-19T14:32:00.822+0000] {processor.py:183} INFO - Processing /home/airflow/.local/lib/python3.11/site-packages/airflow/example_dags/example_skip_dag.py took 0.077 seconds
[2024-10-19T14:32:31.071+0000] {processor.py:161} INFO - Started process (PID=1835) to work on /home/airflow/.local/lib/python3.11/site-packages/airflow/example_dags/example_skip_dag.py
[2024-10-19T14:32:31.072+0000] {processor.py:830} INFO - Processing file /home/airflow/.local/lib/python3.11/site-packages/airflow/example_dags/example_skip_dag.py for tasks to queue
[2024-10-19T14:32:31.073+0000] {logging_mixin.py:188} INFO - [2024-10-19T14:32:31.073+0000] {dagbag.py:545} INFO - Filling up the DagBag from /home/airflow/.local/lib/python3.11/site-packages/airflow/example_dags/example_skip_dag.py
[2024-10-19T14:32:31.079+0000] {processor.py:840} INFO - DAG(s) 'example_skip_dag' retrieved from /home/airflow/.local/lib/python3.11/site-packages/airflow/example_dags/example_skip_dag.py
[2024-10-19T14:32:31.096+0000] {logging_mixin.py:188} INFO - [2024-10-19T14:32:31.096+0000] {dag.py:3089} INFO - Sync 1 DAGs
[2024-10-19T14:32:31.113+0000] {logging_mixin.py:188} INFO - [2024-10-19T14:32:31.113+0000] {dag.py:3947} INFO - Setting next_dagrun for example_skip_dag to 2024-10-18 00:00:00+00:00, run_after=2024-10-19 00:00:00+00:00
[2024-10-19T14:32:31.129+0000] {processor.py:183} INFO - Processing /home/airflow/.local/lib/python3.11/site-packages/airflow/example_dags/example_skip_dag.py took 0.063 seconds
[2024-10-19T14:33:01.779+0000] {processor.py:161} INFO - Started process (PID=1896) to work on /home/airflow/.local/lib/python3.11/site-packages/airflow/example_dags/example_skip_dag.py
[2024-10-19T14:33:01.780+0000] {processor.py:830} INFO - Processing file /home/airflow/.local/lib/python3.11/site-packages/airflow/example_dags/example_skip_dag.py for tasks to queue
[2024-10-19T14:33:01.780+0000] {logging_mixin.py:188} INFO - [2024-10-19T14:33:01.780+0000] {dagbag.py:545} INFO - Filling up the DagBag from /home/airflow/.local/lib/python3.11/site-packages/airflow/example_dags/example_skip_dag.py
[2024-10-19T14:33:01.787+0000] {processor.py:840} INFO - DAG(s) 'example_skip_dag' retrieved from /home/airflow/.local/lib/python3.11/site-packages/airflow/example_dags/example_skip_dag.py
[2024-10-19T14:33:01.804+0000] {logging_mixin.py:188} INFO - [2024-10-19T14:33:01.803+0000] {dag.py:3089} INFO - Sync 1 DAGs
[2024-10-19T14:33:01.821+0000] {logging_mixin.py:188} INFO - [2024-10-19T14:33:01.820+0000] {dag.py:3947} INFO - Setting next_dagrun for example_skip_dag to 2024-10-18 00:00:00+00:00, run_after=2024-10-19 00:00:00+00:00
[2024-10-19T14:33:01.837+0000] {processor.py:183} INFO - Processing /home/airflow/.local/lib/python3.11/site-packages/airflow/example_dags/example_skip_dag.py took 0.064 seconds
[2024-10-19T14:33:32.256+0000] {processor.py:161} INFO - Started process (PID=1955) to work on /home/airflow/.local/lib/python3.11/site-packages/airflow/example_dags/example_skip_dag.py
[2024-10-19T14:33:32.257+0000] {processor.py:830} INFO - Processing file /home/airflow/.local/lib/python3.11/site-packages/airflow/example_dags/example_skip_dag.py for tasks to queue
[2024-10-19T14:33:32.258+0000] {logging_mixin.py:188} INFO - [2024-10-19T14:33:32.258+0000] {dagbag.py:545} INFO - Filling up the DagBag from /home/airflow/.local/lib/python3.11/site-packages/airflow/example_dags/example_skip_dag.py
[2024-10-19T14:33:32.264+0000] {processor.py:840} INFO - DAG(s) 'example_skip_dag' retrieved from /home/airflow/.local/lib/python3.11/site-packages/airflow/example_dags/example_skip_dag.py
[2024-10-19T14:33:32.284+0000] {logging_mixin.py:188} INFO - [2024-10-19T14:33:32.283+0000] {dag.py:3089} INFO - Sync 1 DAGs
[2024-10-19T14:33:32.304+0000] {logging_mixin.py:188} INFO - [2024-10-19T14:33:32.304+0000] {dag.py:3947} INFO - Setting next_dagrun for example_skip_dag to 2024-10-18 00:00:00+00:00, run_after=2024-10-19 00:00:00+00:00
[2024-10-19T14:33:32.321+0000] {processor.py:183} INFO - Processing /home/airflow/.local/lib/python3.11/site-packages/airflow/example_dags/example_skip_dag.py took 0.071 seconds
[2024-10-19T14:34:02.354+0000] {processor.py:161} INFO - Started process (PID=2014) to work on /home/airflow/.local/lib/python3.11/site-packages/airflow/example_dags/example_skip_dag.py
[2024-10-19T14:34:02.355+0000] {processor.py:830} INFO - Processing file /home/airflow/.local/lib/python3.11/site-packages/airflow/example_dags/example_skip_dag.py for tasks to queue
[2024-10-19T14:34:02.356+0000] {logging_mixin.py:188} INFO - [2024-10-19T14:34:02.356+0000] {dagbag.py:545} INFO - Filling up the DagBag from /home/airflow/.local/lib/python3.11/site-packages/airflow/example_dags/example_skip_dag.py
[2024-10-19T14:34:02.363+0000] {processor.py:840} INFO - DAG(s) 'example_skip_dag' retrieved from /home/airflow/.local/lib/python3.11/site-packages/airflow/example_dags/example_skip_dag.py
[2024-10-19T14:34:02.380+0000] {logging_mixin.py:188} INFO - [2024-10-19T14:34:02.380+0000] {dag.py:3089} INFO - Sync 1 DAGs
[2024-10-19T14:34:02.397+0000] {logging_mixin.py:188} INFO - [2024-10-19T14:34:02.397+0000] {dag.py:3947} INFO - Setting next_dagrun for example_skip_dag to 2024-10-18 00:00:00+00:00, run_after=2024-10-19 00:00:00+00:00
[2024-10-19T14:34:02.414+0000] {processor.py:183} INFO - Processing /home/airflow/.local/lib/python3.11/site-packages/airflow/example_dags/example_skip_dag.py took 0.065 seconds
[2024-10-19T14:34:32.642+0000] {processor.py:161} INFO - Started process (PID=2073) to work on /home/airflow/.local/lib/python3.11/site-packages/airflow/example_dags/example_skip_dag.py
[2024-10-19T14:34:32.643+0000] {processor.py:830} INFO - Processing file /home/airflow/.local/lib/python3.11/site-packages/airflow/example_dags/example_skip_dag.py for tasks to queue
[2024-10-19T14:34:32.644+0000] {logging_mixin.py:188} INFO - [2024-10-19T14:34:32.644+0000] {dagbag.py:545} INFO - Filling up the DagBag from /home/airflow/.local/lib/python3.11/site-packages/airflow/example_dags/example_skip_dag.py
[2024-10-19T14:34:32.650+0000] {processor.py:840} INFO - DAG(s) 'example_skip_dag' retrieved from /home/airflow/.local/lib/python3.11/site-packages/airflow/example_dags/example_skip_dag.py
[2024-10-19T14:34:32.669+0000] {logging_mixin.py:188} INFO - [2024-10-19T14:34:32.669+0000] {dag.py:3089} INFO - Sync 1 DAGs
[2024-10-19T14:34:32.688+0000] {logging_mixin.py:188} INFO - [2024-10-19T14:34:32.688+0000] {dag.py:3947} INFO - Setting next_dagrun for example_skip_dag to 2024-10-18 00:00:00+00:00, run_after=2024-10-19 00:00:00+00:00
[2024-10-19T14:34:32.706+0000] {processor.py:183} INFO - Processing /home/airflow/.local/lib/python3.11/site-packages/airflow/example_dags/example_skip_dag.py took 0.069 seconds
[2024-10-19T14:35:02.802+0000] {processor.py:161} INFO - Started process (PID=2132) to work on /home/airflow/.local/lib/python3.11/site-packages/airflow/example_dags/example_skip_dag.py
[2024-10-19T14:35:02.803+0000] {processor.py:830} INFO - Processing file /home/airflow/.local/lib/python3.11/site-packages/airflow/example_dags/example_skip_dag.py for tasks to queue
[2024-10-19T14:35:02.804+0000] {logging_mixin.py:188} INFO - [2024-10-19T14:35:02.803+0000] {dagbag.py:545} INFO - Filling up the DagBag from /home/airflow/.local/lib/python3.11/site-packages/airflow/example_dags/example_skip_dag.py
[2024-10-19T14:35:02.810+0000] {processor.py:840} INFO - DAG(s) 'example_skip_dag' retrieved from /home/airflow/.local/lib/python3.11/site-packages/airflow/example_dags/example_skip_dag.py
[2024-10-19T14:35:02.827+0000] {logging_mixin.py:188} INFO - [2024-10-19T14:35:02.827+0000] {dag.py:3089} INFO - Sync 1 DAGs
[2024-10-19T14:35:02.845+0000] {logging_mixin.py:188} INFO - [2024-10-19T14:35:02.845+0000] {dag.py:3947} INFO - Setting next_dagrun for example_skip_dag to 2024-10-18 00:00:00+00:00, run_after=2024-10-19 00:00:00+00:00
[2024-10-19T14:35:02.861+0000] {processor.py:183} INFO - Processing /home/airflow/.local/lib/python3.11/site-packages/airflow/example_dags/example_skip_dag.py took 0.065 seconds
[2024-10-19T14:35:33.524+0000] {processor.py:161} INFO - Started process (PID=2191) to work on /home/airflow/.local/lib/python3.11/site-packages/airflow/example_dags/example_skip_dag.py
[2024-10-19T14:35:33.525+0000] {processor.py:830} INFO - Processing file /home/airflow/.local/lib/python3.11/site-packages/airflow/example_dags/example_skip_dag.py for tasks to queue
[2024-10-19T14:35:33.526+0000] {logging_mixin.py:188} INFO - [2024-10-19T14:35:33.525+0000] {dagbag.py:545} INFO - Filling up the DagBag from /home/airflow/.local/lib/python3.11/site-packages/airflow/example_dags/example_skip_dag.py
[2024-10-19T14:35:33.531+0000] {processor.py:840} INFO - DAG(s) 'example_skip_dag' retrieved from /home/airflow/.local/lib/python3.11/site-packages/airflow/example_dags/example_skip_dag.py
[2024-10-19T14:35:33.548+0000] {logging_mixin.py:188} INFO - [2024-10-19T14:35:33.548+0000] {dag.py:3089} INFO - Sync 1 DAGs
[2024-10-19T14:35:33.564+0000] {logging_mixin.py:188} INFO - [2024-10-19T14:35:33.563+0000] {dag.py:3947} INFO - Setting next_dagrun for example_skip_dag to 2024-10-18 00:00:00+00:00, run_after=2024-10-19 00:00:00+00:00
[2024-10-19T14:35:33.580+0000] {processor.py:183} INFO - Processing /home/airflow/.local/lib/python3.11/site-packages/airflow/example_dags/example_skip_dag.py took 0.061 seconds
[2024-10-19T14:36:04.309+0000] {processor.py:161} INFO - Started process (PID=2250) to work on /home/airflow/.local/lib/python3.11/site-packages/airflow/example_dags/example_skip_dag.py
[2024-10-19T14:36:04.310+0000] {processor.py:830} INFO - Processing file /home/airflow/.local/lib/python3.11/site-packages/airflow/example_dags/example_skip_dag.py for tasks to queue
[2024-10-19T14:36:04.311+0000] {logging_mixin.py:188} INFO - [2024-10-19T14:36:04.310+0000] {dagbag.py:545} INFO - Filling up the DagBag from /home/airflow/.local/lib/python3.11/site-packages/airflow/example_dags/example_skip_dag.py
[2024-10-19T14:36:04.318+0000] {processor.py:840} INFO - DAG(s) 'example_skip_dag' retrieved from /home/airflow/.local/lib/python3.11/site-packages/airflow/example_dags/example_skip_dag.py
[2024-10-19T14:36:04.336+0000] {logging_mixin.py:188} INFO - [2024-10-19T14:36:04.336+0000] {dag.py:3089} INFO - Sync 1 DAGs
[2024-10-19T14:36:04.353+0000] {logging_mixin.py:188} INFO - [2024-10-19T14:36:04.353+0000] {dag.py:3947} INFO - Setting next_dagrun for example_skip_dag to 2024-10-18 00:00:00+00:00, run_after=2024-10-19 00:00:00+00:00
[2024-10-19T14:36:04.370+0000] {processor.py:183} INFO - Processing /home/airflow/.local/lib/python3.11/site-packages/airflow/example_dags/example_skip_dag.py took 0.067 seconds
[2024-10-19T14:36:35.129+0000] {processor.py:161} INFO - Started process (PID=2309) to work on /home/airflow/.local/lib/python3.11/site-packages/airflow/example_dags/example_skip_dag.py
[2024-10-19T14:36:35.130+0000] {processor.py:830} INFO - Processing file /home/airflow/.local/lib/python3.11/site-packages/airflow/example_dags/example_skip_dag.py for tasks to queue
[2024-10-19T14:36:35.131+0000] {logging_mixin.py:188} INFO - [2024-10-19T14:36:35.131+0000] {dagbag.py:545} INFO - Filling up the DagBag from /home/airflow/.local/lib/python3.11/site-packages/airflow/example_dags/example_skip_dag.py
[2024-10-19T14:36:35.138+0000] {processor.py:840} INFO - DAG(s) 'example_skip_dag' retrieved from /home/airflow/.local/lib/python3.11/site-packages/airflow/example_dags/example_skip_dag.py
[2024-10-19T14:36:35.156+0000] {logging_mixin.py:188} INFO - [2024-10-19T14:36:35.156+0000] {dag.py:3089} INFO - Sync 1 DAGs
[2024-10-19T14:36:35.174+0000] {logging_mixin.py:188} INFO - [2024-10-19T14:36:35.173+0000] {dag.py:3947} INFO - Setting next_dagrun for example_skip_dag to 2024-10-18 00:00:00+00:00, run_after=2024-10-19 00:00:00+00:00
[2024-10-19T14:36:35.192+0000] {processor.py:183} INFO - Processing /home/airflow/.local/lib/python3.11/site-packages/airflow/example_dags/example_skip_dag.py took 0.069 seconds
[2024-10-19T14:37:06.054+0000] {processor.py:161} INFO - Started process (PID=2368) to work on /home/airflow/.local/lib/python3.11/site-packages/airflow/example_dags/example_skip_dag.py
[2024-10-19T14:37:06.055+0000] {processor.py:830} INFO - Processing file /home/airflow/.local/lib/python3.11/site-packages/airflow/example_dags/example_skip_dag.py for tasks to queue
[2024-10-19T14:37:06.056+0000] {logging_mixin.py:188} INFO - [2024-10-19T14:37:06.056+0000] {dagbag.py:545} INFO - Filling up the DagBag from /home/airflow/.local/lib/python3.11/site-packages/airflow/example_dags/example_skip_dag.py
[2024-10-19T14:37:06.063+0000] {processor.py:840} INFO - DAG(s) 'example_skip_dag' retrieved from /home/airflow/.local/lib/python3.11/site-packages/airflow/example_dags/example_skip_dag.py
[2024-10-19T14:37:06.082+0000] {logging_mixin.py:188} INFO - [2024-10-19T14:37:06.082+0000] {dag.py:3089} INFO - Sync 1 DAGs
[2024-10-19T14:37:06.107+0000] {logging_mixin.py:188} INFO - [2024-10-19T14:37:06.107+0000] {dag.py:3947} INFO - Setting next_dagrun for example_skip_dag to 2024-10-18 00:00:00+00:00, run_after=2024-10-19 00:00:00+00:00
[2024-10-19T14:37:06.134+0000] {processor.py:183} INFO - Processing /home/airflow/.local/lib/python3.11/site-packages/airflow/example_dags/example_skip_dag.py took 0.085 seconds
[2024-10-19T14:37:36.185+0000] {processor.py:161} INFO - Started process (PID=2431) to work on /home/airflow/.local/lib/python3.11/site-packages/airflow/example_dags/example_skip_dag.py
[2024-10-19T14:37:36.186+0000] {processor.py:830} INFO - Processing file /home/airflow/.local/lib/python3.11/site-packages/airflow/example_dags/example_skip_dag.py for tasks to queue
[2024-10-19T14:37:36.186+0000] {logging_mixin.py:188} INFO - [2024-10-19T14:37:36.186+0000] {dagbag.py:545} INFO - Filling up the DagBag from /home/airflow/.local/lib/python3.11/site-packages/airflow/example_dags/example_skip_dag.py
[2024-10-19T14:37:36.192+0000] {processor.py:840} INFO - DAG(s) 'example_skip_dag' retrieved from /home/airflow/.local/lib/python3.11/site-packages/airflow/example_dags/example_skip_dag.py
[2024-10-19T14:37:36.208+0000] {logging_mixin.py:188} INFO - [2024-10-19T14:37:36.208+0000] {dag.py:3089} INFO - Sync 1 DAGs
[2024-10-19T14:37:36.224+0000] {logging_mixin.py:188} INFO - [2024-10-19T14:37:36.224+0000] {dag.py:3947} INFO - Setting next_dagrun for example_skip_dag to 2024-10-18 00:00:00+00:00, run_after=2024-10-19 00:00:00+00:00
[2024-10-19T14:37:36.241+0000] {processor.py:183} INFO - Processing /home/airflow/.local/lib/python3.11/site-packages/airflow/example_dags/example_skip_dag.py took 0.061 seconds
[2024-10-19T14:38:06.349+0000] {processor.py:161} INFO - Started process (PID=2491) to work on /home/airflow/.local/lib/python3.11/site-packages/airflow/example_dags/example_skip_dag.py
[2024-10-19T14:38:06.350+0000] {processor.py:830} INFO - Processing file /home/airflow/.local/lib/python3.11/site-packages/airflow/example_dags/example_skip_dag.py for tasks to queue
[2024-10-19T14:38:06.351+0000] {logging_mixin.py:188} INFO - [2024-10-19T14:38:06.351+0000] {dagbag.py:545} INFO - Filling up the DagBag from /home/airflow/.local/lib/python3.11/site-packages/airflow/example_dags/example_skip_dag.py
[2024-10-19T14:38:06.358+0000] {processor.py:840} INFO - DAG(s) 'example_skip_dag' retrieved from /home/airflow/.local/lib/python3.11/site-packages/airflow/example_dags/example_skip_dag.py
[2024-10-19T14:38:06.377+0000] {logging_mixin.py:188} INFO - [2024-10-19T14:38:06.377+0000] {dag.py:3089} INFO - Sync 1 DAGs
[2024-10-19T14:38:06.395+0000] {logging_mixin.py:188} INFO - [2024-10-19T14:38:06.395+0000] {dag.py:3947} INFO - Setting next_dagrun for example_skip_dag to 2024-10-18 00:00:00+00:00, run_after=2024-10-19 00:00:00+00:00
[2024-10-19T14:38:06.414+0000] {processor.py:183} INFO - Processing /home/airflow/.local/lib/python3.11/site-packages/airflow/example_dags/example_skip_dag.py took 0.071 seconds
[2024-10-19T14:38:36.786+0000] {processor.py:161} INFO - Started process (PID=2551) to work on /home/airflow/.local/lib/python3.11/site-packages/airflow/example_dags/example_skip_dag.py
[2024-10-19T14:38:36.787+0000] {processor.py:830} INFO - Processing file /home/airflow/.local/lib/python3.11/site-packages/airflow/example_dags/example_skip_dag.py for tasks to queue
[2024-10-19T14:38:36.788+0000] {logging_mixin.py:188} INFO - [2024-10-19T14:38:36.787+0000] {dagbag.py:545} INFO - Filling up the DagBag from /home/airflow/.local/lib/python3.11/site-packages/airflow/example_dags/example_skip_dag.py
[2024-10-19T14:38:36.793+0000] {processor.py:840} INFO - DAG(s) 'example_skip_dag' retrieved from /home/airflow/.local/lib/python3.11/site-packages/airflow/example_dags/example_skip_dag.py
[2024-10-19T14:38:36.812+0000] {logging_mixin.py:188} INFO - [2024-10-19T14:38:36.812+0000] {dag.py:3089} INFO - Sync 1 DAGs
[2024-10-19T14:38:36.830+0000] {logging_mixin.py:188} INFO - [2024-10-19T14:38:36.829+0000] {dag.py:3947} INFO - Setting next_dagrun for example_skip_dag to 2024-10-18 00:00:00+00:00, run_after=2024-10-19 00:00:00+00:00
[2024-10-19T14:38:36.847+0000] {processor.py:183} INFO - Processing /home/airflow/.local/lib/python3.11/site-packages/airflow/example_dags/example_skip_dag.py took 0.066 seconds
[2024-10-19T14:39:07.022+0000] {processor.py:161} INFO - Started process (PID=2610) to work on /home/airflow/.local/lib/python3.11/site-packages/airflow/example_dags/example_skip_dag.py
[2024-10-19T14:39:07.023+0000] {processor.py:830} INFO - Processing file /home/airflow/.local/lib/python3.11/site-packages/airflow/example_dags/example_skip_dag.py for tasks to queue
[2024-10-19T14:39:07.024+0000] {logging_mixin.py:188} INFO - [2024-10-19T14:39:07.024+0000] {dagbag.py:545} INFO - Filling up the DagBag from /home/airflow/.local/lib/python3.11/site-packages/airflow/example_dags/example_skip_dag.py
[2024-10-19T14:39:07.030+0000] {processor.py:840} INFO - DAG(s) 'example_skip_dag' retrieved from /home/airflow/.local/lib/python3.11/site-packages/airflow/example_dags/example_skip_dag.py
[2024-10-19T14:39:07.048+0000] {logging_mixin.py:188} INFO - [2024-10-19T14:39:07.048+0000] {dag.py:3089} INFO - Sync 1 DAGs
[2024-10-19T14:39:07.065+0000] {logging_mixin.py:188} INFO - [2024-10-19T14:39:07.064+0000] {dag.py:3947} INFO - Setting next_dagrun for example_skip_dag to 2024-10-18 00:00:00+00:00, run_after=2024-10-19 00:00:00+00:00
[2024-10-19T14:39:07.087+0000] {processor.py:183} INFO - Processing /home/airflow/.local/lib/python3.11/site-packages/airflow/example_dags/example_skip_dag.py took 0.070 seconds
[2024-10-19T14:39:37.763+0000] {processor.py:161} INFO - Started process (PID=2669) to work on /home/airflow/.local/lib/python3.11/site-packages/airflow/example_dags/example_skip_dag.py
[2024-10-19T14:39:37.764+0000] {processor.py:830} INFO - Processing file /home/airflow/.local/lib/python3.11/site-packages/airflow/example_dags/example_skip_dag.py for tasks to queue
[2024-10-19T14:39:37.764+0000] {logging_mixin.py:188} INFO - [2024-10-19T14:39:37.764+0000] {dagbag.py:545} INFO - Filling up the DagBag from /home/airflow/.local/lib/python3.11/site-packages/airflow/example_dags/example_skip_dag.py
[2024-10-19T14:39:37.770+0000] {processor.py:840} INFO - DAG(s) 'example_skip_dag' retrieved from /home/airflow/.local/lib/python3.11/site-packages/airflow/example_dags/example_skip_dag.py
[2024-10-19T14:39:37.788+0000] {logging_mixin.py:188} INFO - [2024-10-19T14:39:37.788+0000] {dag.py:3089} INFO - Sync 1 DAGs
[2024-10-19T14:39:37.805+0000] {logging_mixin.py:188} INFO - [2024-10-19T14:39:37.805+0000] {dag.py:3947} INFO - Setting next_dagrun for example_skip_dag to 2024-10-18 00:00:00+00:00, run_after=2024-10-19 00:00:00+00:00
[2024-10-19T14:39:37.822+0000] {processor.py:183} INFO - Processing /home/airflow/.local/lib/python3.11/site-packages/airflow/example_dags/example_skip_dag.py took 0.065 seconds
[2024-10-19T14:40:08.349+0000] {processor.py:161} INFO - Started process (PID=2728) to work on /home/airflow/.local/lib/python3.11/site-packages/airflow/example_dags/example_skip_dag.py
[2024-10-19T14:40:08.349+0000] {processor.py:830} INFO - Processing file /home/airflow/.local/lib/python3.11/site-packages/airflow/example_dags/example_skip_dag.py for tasks to queue
[2024-10-19T14:40:08.350+0000] {logging_mixin.py:188} INFO - [2024-10-19T14:40:08.350+0000] {dagbag.py:545} INFO - Filling up the DagBag from /home/airflow/.local/lib/python3.11/site-packages/airflow/example_dags/example_skip_dag.py
[2024-10-19T14:40:08.356+0000] {processor.py:840} INFO - DAG(s) 'example_skip_dag' retrieved from /home/airflow/.local/lib/python3.11/site-packages/airflow/example_dags/example_skip_dag.py
[2024-10-19T14:40:08.374+0000] {logging_mixin.py:188} INFO - [2024-10-19T14:40:08.374+0000] {dag.py:3089} INFO - Sync 1 DAGs
[2024-10-19T14:40:08.391+0000] {logging_mixin.py:188} INFO - [2024-10-19T14:40:08.391+0000] {dag.py:3947} INFO - Setting next_dagrun for example_skip_dag to 2024-10-18 00:00:00+00:00, run_after=2024-10-19 00:00:00+00:00
[2024-10-19T14:40:08.411+0000] {processor.py:183} INFO - Processing /home/airflow/.local/lib/python3.11/site-packages/airflow/example_dags/example_skip_dag.py took 0.067 seconds
[2024-10-19T14:40:39.345+0000] {processor.py:161} INFO - Started process (PID=2787) to work on /home/airflow/.local/lib/python3.11/site-packages/airflow/example_dags/example_skip_dag.py
[2024-10-19T14:40:39.346+0000] {processor.py:830} INFO - Processing file /home/airflow/.local/lib/python3.11/site-packages/airflow/example_dags/example_skip_dag.py for tasks to queue
[2024-10-19T14:40:39.347+0000] {logging_mixin.py:188} INFO - [2024-10-19T14:40:39.347+0000] {dagbag.py:545} INFO - Filling up the DagBag from /home/airflow/.local/lib/python3.11/site-packages/airflow/example_dags/example_skip_dag.py
[2024-10-19T14:40:39.353+0000] {processor.py:840} INFO - DAG(s) 'example_skip_dag' retrieved from /home/airflow/.local/lib/python3.11/site-packages/airflow/example_dags/example_skip_dag.py
[2024-10-19T14:40:39.371+0000] {logging_mixin.py:188} INFO - [2024-10-19T14:40:39.371+0000] {dag.py:3089} INFO - Sync 1 DAGs
[2024-10-19T14:40:39.389+0000] {logging_mixin.py:188} INFO - [2024-10-19T14:40:39.389+0000] {dag.py:3947} INFO - Setting next_dagrun for example_skip_dag to 2024-10-18 00:00:00+00:00, run_after=2024-10-19 00:00:00+00:00
[2024-10-19T14:40:39.405+0000] {processor.py:183} INFO - Processing /home/airflow/.local/lib/python3.11/site-packages/airflow/example_dags/example_skip_dag.py took 0.065 seconds
[2024-10-19T14:41:09.920+0000] {processor.py:161} INFO - Started process (PID=2846) to work on /home/airflow/.local/lib/python3.11/site-packages/airflow/example_dags/example_skip_dag.py
[2024-10-19T14:41:09.922+0000] {processor.py:830} INFO - Processing file /home/airflow/.local/lib/python3.11/site-packages/airflow/example_dags/example_skip_dag.py for tasks to queue
[2024-10-19T14:41:09.924+0000] {logging_mixin.py:188} INFO - [2024-10-19T14:41:09.923+0000] {dagbag.py:545} INFO - Filling up the DagBag from /home/airflow/.local/lib/python3.11/site-packages/airflow/example_dags/example_skip_dag.py
[2024-10-19T14:41:09.933+0000] {processor.py:840} INFO - DAG(s) 'example_skip_dag' retrieved from /home/airflow/.local/lib/python3.11/site-packages/airflow/example_dags/example_skip_dag.py
[2024-10-19T14:41:09.955+0000] {logging_mixin.py:188} INFO - [2024-10-19T14:41:09.955+0000] {dag.py:3089} INFO - Sync 1 DAGs
[2024-10-19T14:41:09.976+0000] {logging_mixin.py:188} INFO - [2024-10-19T14:41:09.975+0000] {dag.py:3947} INFO - Setting next_dagrun for example_skip_dag to 2024-10-18 00:00:00+00:00, run_after=2024-10-19 00:00:00+00:00
[2024-10-19T14:41:10.003+0000] {processor.py:183} INFO - Processing /home/airflow/.local/lib/python3.11/site-packages/airflow/example_dags/example_skip_dag.py took 0.093 seconds
[2024-10-19T14:41:40.181+0000] {processor.py:161} INFO - Started process (PID=2905) to work on /home/airflow/.local/lib/python3.11/site-packages/airflow/example_dags/example_skip_dag.py
[2024-10-19T14:41:40.182+0000] {processor.py:830} INFO - Processing file /home/airflow/.local/lib/python3.11/site-packages/airflow/example_dags/example_skip_dag.py for tasks to queue
[2024-10-19T14:41:40.183+0000] {logging_mixin.py:188} INFO - [2024-10-19T14:41:40.183+0000] {dagbag.py:545} INFO - Filling up the DagBag from /home/airflow/.local/lib/python3.11/site-packages/airflow/example_dags/example_skip_dag.py
[2024-10-19T14:41:40.189+0000] {processor.py:840} INFO - DAG(s) 'example_skip_dag' retrieved from /home/airflow/.local/lib/python3.11/site-packages/airflow/example_dags/example_skip_dag.py
[2024-10-19T14:41:40.206+0000] {logging_mixin.py:188} INFO - [2024-10-19T14:41:40.206+0000] {dag.py:3089} INFO - Sync 1 DAGs
[2024-10-19T14:41:40.223+0000] {logging_mixin.py:188} INFO - [2024-10-19T14:41:40.223+0000] {dag.py:3947} INFO - Setting next_dagrun for example_skip_dag to 2024-10-18 00:00:00+00:00, run_after=2024-10-19 00:00:00+00:00
[2024-10-19T14:41:40.241+0000] {processor.py:183} INFO - Processing /home/airflow/.local/lib/python3.11/site-packages/airflow/example_dags/example_skip_dag.py took 0.065 seconds
[2024-10-19T14:42:10.939+0000] {processor.py:161} INFO - Started process (PID=2964) to work on /home/airflow/.local/lib/python3.11/site-packages/airflow/example_dags/example_skip_dag.py
[2024-10-19T14:42:10.950+0000] {processor.py:830} INFO - Processing file /home/airflow/.local/lib/python3.11/site-packages/airflow/example_dags/example_skip_dag.py for tasks to queue
[2024-10-19T14:42:10.952+0000] {logging_mixin.py:188} INFO - [2024-10-19T14:42:10.951+0000] {dagbag.py:545} INFO - Filling up the DagBag from /home/airflow/.local/lib/python3.11/site-packages/airflow/example_dags/example_skip_dag.py
[2024-10-19T14:42:10.964+0000] {processor.py:840} INFO - DAG(s) 'example_skip_dag' retrieved from /home/airflow/.local/lib/python3.11/site-packages/airflow/example_dags/example_skip_dag.py
[2024-10-19T14:42:11.005+0000] {logging_mixin.py:188} INFO - [2024-10-19T14:42:11.005+0000] {dag.py:3089} INFO - Sync 1 DAGs
[2024-10-19T14:42:11.049+0000] {logging_mixin.py:188} INFO - [2024-10-19T14:42:11.049+0000] {dag.py:3947} INFO - Setting next_dagrun for example_skip_dag to 2024-10-18 00:00:00+00:00, run_after=2024-10-19 00:00:00+00:00
[2024-10-19T14:42:11.106+0000] {processor.py:183} INFO - Processing /home/airflow/.local/lib/python3.11/site-packages/airflow/example_dags/example_skip_dag.py took 0.182 seconds
[2024-10-19T14:42:41.970+0000] {processor.py:161} INFO - Started process (PID=3023) to work on /home/airflow/.local/lib/python3.11/site-packages/airflow/example_dags/example_skip_dag.py
[2024-10-19T14:42:41.971+0000] {processor.py:830} INFO - Processing file /home/airflow/.local/lib/python3.11/site-packages/airflow/example_dags/example_skip_dag.py for tasks to queue
[2024-10-19T14:42:41.972+0000] {logging_mixin.py:188} INFO - [2024-10-19T14:42:41.972+0000] {dagbag.py:545} INFO - Filling up the DagBag from /home/airflow/.local/lib/python3.11/site-packages/airflow/example_dags/example_skip_dag.py
[2024-10-19T14:42:41.978+0000] {processor.py:840} INFO - DAG(s) 'example_skip_dag' retrieved from /home/airflow/.local/lib/python3.11/site-packages/airflow/example_dags/example_skip_dag.py
[2024-10-19T14:42:41.996+0000] {logging_mixin.py:188} INFO - [2024-10-19T14:42:41.996+0000] {dag.py:3089} INFO - Sync 1 DAGs
[2024-10-19T14:42:42.015+0000] {logging_mixin.py:188} INFO - [2024-10-19T14:42:42.015+0000] {dag.py:3947} INFO - Setting next_dagrun for example_skip_dag to 2024-10-18 00:00:00+00:00, run_after=2024-10-19 00:00:00+00:00
[2024-10-19T14:42:42.031+0000] {processor.py:183} INFO - Processing /home/airflow/.local/lib/python3.11/site-packages/airflow/example_dags/example_skip_dag.py took 0.066 seconds
[2024-10-19T14:43:12.731+0000] {processor.py:161} INFO - Started process (PID=3083) to work on /home/airflow/.local/lib/python3.11/site-packages/airflow/example_dags/example_skip_dag.py
[2024-10-19T14:43:12.732+0000] {processor.py:830} INFO - Processing file /home/airflow/.local/lib/python3.11/site-packages/airflow/example_dags/example_skip_dag.py for tasks to queue
[2024-10-19T14:43:12.733+0000] {logging_mixin.py:188} INFO - [2024-10-19T14:43:12.732+0000] {dagbag.py:545} INFO - Filling up the DagBag from /home/airflow/.local/lib/python3.11/site-packages/airflow/example_dags/example_skip_dag.py
[2024-10-19T14:43:12.739+0000] {processor.py:840} INFO - DAG(s) 'example_skip_dag' retrieved from /home/airflow/.local/lib/python3.11/site-packages/airflow/example_dags/example_skip_dag.py
[2024-10-19T14:43:12.757+0000] {logging_mixin.py:188} INFO - [2024-10-19T14:43:12.756+0000] {dag.py:3089} INFO - Sync 1 DAGs
[2024-10-19T14:43:12.773+0000] {logging_mixin.py:188} INFO - [2024-10-19T14:43:12.773+0000] {dag.py:3947} INFO - Setting next_dagrun for example_skip_dag to 2024-10-18 00:00:00+00:00, run_after=2024-10-19 00:00:00+00:00
[2024-10-19T14:43:12.791+0000] {processor.py:183} INFO - Processing /home/airflow/.local/lib/python3.11/site-packages/airflow/example_dags/example_skip_dag.py took 0.065 seconds
[2024-10-19T14:43:43.640+0000] {processor.py:161} INFO - Started process (PID=3142) to work on /home/airflow/.local/lib/python3.11/site-packages/airflow/example_dags/example_skip_dag.py
[2024-10-19T14:43:43.641+0000] {processor.py:830} INFO - Processing file /home/airflow/.local/lib/python3.11/site-packages/airflow/example_dags/example_skip_dag.py for tasks to queue
[2024-10-19T14:43:43.642+0000] {logging_mixin.py:188} INFO - [2024-10-19T14:43:43.642+0000] {dagbag.py:545} INFO - Filling up the DagBag from /home/airflow/.local/lib/python3.11/site-packages/airflow/example_dags/example_skip_dag.py
[2024-10-19T14:43:43.648+0000] {processor.py:840} INFO - DAG(s) 'example_skip_dag' retrieved from /home/airflow/.local/lib/python3.11/site-packages/airflow/example_dags/example_skip_dag.py
[2024-10-19T14:43:43.665+0000] {logging_mixin.py:188} INFO - [2024-10-19T14:43:43.664+0000] {dag.py:3089} INFO - Sync 1 DAGs
[2024-10-19T14:43:43.681+0000] {logging_mixin.py:188} INFO - [2024-10-19T14:43:43.681+0000] {dag.py:3947} INFO - Setting next_dagrun for example_skip_dag to 2024-10-18 00:00:00+00:00, run_after=2024-10-19 00:00:00+00:00
[2024-10-19T14:43:43.699+0000] {processor.py:183} INFO - Processing /home/airflow/.local/lib/python3.11/site-packages/airflow/example_dags/example_skip_dag.py took 0.063 seconds
[2024-10-19T14:44:14.199+0000] {processor.py:161} INFO - Started process (PID=3201) to work on /home/airflow/.local/lib/python3.11/site-packages/airflow/example_dags/example_skip_dag.py
[2024-10-19T14:44:14.200+0000] {processor.py:830} INFO - Processing file /home/airflow/.local/lib/python3.11/site-packages/airflow/example_dags/example_skip_dag.py for tasks to queue
[2024-10-19T14:44:14.201+0000] {logging_mixin.py:188} INFO - [2024-10-19T14:44:14.200+0000] {dagbag.py:545} INFO - Filling up the DagBag from /home/airflow/.local/lib/python3.11/site-packages/airflow/example_dags/example_skip_dag.py
[2024-10-19T14:44:14.207+0000] {processor.py:840} INFO - DAG(s) 'example_skip_dag' retrieved from /home/airflow/.local/lib/python3.11/site-packages/airflow/example_dags/example_skip_dag.py
[2024-10-19T14:44:14.223+0000] {logging_mixin.py:188} INFO - [2024-10-19T14:44:14.223+0000] {dag.py:3089} INFO - Sync 1 DAGs
[2024-10-19T14:44:14.239+0000] {logging_mixin.py:188} INFO - [2024-10-19T14:44:14.239+0000] {dag.py:3947} INFO - Setting next_dagrun for example_skip_dag to 2024-10-18 00:00:00+00:00, run_after=2024-10-19 00:00:00+00:00
[2024-10-19T14:44:14.255+0000] {processor.py:183} INFO - Processing /home/airflow/.local/lib/python3.11/site-packages/airflow/example_dags/example_skip_dag.py took 0.062 seconds
[2024-10-19T14:44:44.803+0000] {processor.py:161} INFO - Started process (PID=3260) to work on /home/airflow/.local/lib/python3.11/site-packages/airflow/example_dags/example_skip_dag.py
[2024-10-19T14:44:44.804+0000] {processor.py:830} INFO - Processing file /home/airflow/.local/lib/python3.11/site-packages/airflow/example_dags/example_skip_dag.py for tasks to queue
[2024-10-19T14:44:44.805+0000] {logging_mixin.py:188} INFO - [2024-10-19T14:44:44.805+0000] {dagbag.py:545} INFO - Filling up the DagBag from /home/airflow/.local/lib/python3.11/site-packages/airflow/example_dags/example_skip_dag.py
[2024-10-19T14:44:44.811+0000] {processor.py:840} INFO - DAG(s) 'example_skip_dag' retrieved from /home/airflow/.local/lib/python3.11/site-packages/airflow/example_dags/example_skip_dag.py
[2024-10-19T14:44:44.830+0000] {logging_mixin.py:188} INFO - [2024-10-19T14:44:44.829+0000] {dag.py:3089} INFO - Sync 1 DAGs
[2024-10-19T14:44:44.849+0000] {logging_mixin.py:188} INFO - [2024-10-19T14:44:44.849+0000] {dag.py:3947} INFO - Setting next_dagrun for example_skip_dag to 2024-10-18 00:00:00+00:00, run_after=2024-10-19 00:00:00+00:00
[2024-10-19T14:44:44.865+0000] {processor.py:183} INFO - Processing /home/airflow/.local/lib/python3.11/site-packages/airflow/example_dags/example_skip_dag.py took 0.066 seconds
[2024-10-19T14:45:15.052+0000] {processor.py:161} INFO - Started process (PID=3320) to work on /home/airflow/.local/lib/python3.11/site-packages/airflow/example_dags/example_skip_dag.py
[2024-10-19T14:45:15.053+0000] {processor.py:830} INFO - Processing file /home/airflow/.local/lib/python3.11/site-packages/airflow/example_dags/example_skip_dag.py for tasks to queue
[2024-10-19T14:45:15.054+0000] {logging_mixin.py:188} INFO - [2024-10-19T14:45:15.054+0000] {dagbag.py:545} INFO - Filling up the DagBag from /home/airflow/.local/lib/python3.11/site-packages/airflow/example_dags/example_skip_dag.py
[2024-10-19T14:45:15.061+0000] {processor.py:840} INFO - DAG(s) 'example_skip_dag' retrieved from /home/airflow/.local/lib/python3.11/site-packages/airflow/example_dags/example_skip_dag.py
[2024-10-19T14:45:15.080+0000] {logging_mixin.py:188} INFO - [2024-10-19T14:45:15.080+0000] {dag.py:3089} INFO - Sync 1 DAGs
[2024-10-19T14:45:15.100+0000] {logging_mixin.py:188} INFO - [2024-10-19T14:45:15.099+0000] {dag.py:3947} INFO - Setting next_dagrun for example_skip_dag to 2024-10-18 00:00:00+00:00, run_after=2024-10-19 00:00:00+00:00
[2024-10-19T14:45:15.119+0000] {processor.py:183} INFO - Processing /home/airflow/.local/lib/python3.11/site-packages/airflow/example_dags/example_skip_dag.py took 0.072 seconds
[2024-10-19T14:45:45.162+0000] {processor.py:161} INFO - Started process (PID=3379) to work on /home/airflow/.local/lib/python3.11/site-packages/airflow/example_dags/example_skip_dag.py
[2024-10-19T14:45:45.163+0000] {processor.py:830} INFO - Processing file /home/airflow/.local/lib/python3.11/site-packages/airflow/example_dags/example_skip_dag.py for tasks to queue
[2024-10-19T14:45:45.164+0000] {logging_mixin.py:188} INFO - [2024-10-19T14:45:45.164+0000] {dagbag.py:545} INFO - Filling up the DagBag from /home/airflow/.local/lib/python3.11/site-packages/airflow/example_dags/example_skip_dag.py
[2024-10-19T14:45:45.171+0000] {processor.py:840} INFO - DAG(s) 'example_skip_dag' retrieved from /home/airflow/.local/lib/python3.11/site-packages/airflow/example_dags/example_skip_dag.py
[2024-10-19T14:45:45.189+0000] {logging_mixin.py:188} INFO - [2024-10-19T14:45:45.189+0000] {dag.py:3089} INFO - Sync 1 DAGs
[2024-10-19T14:45:45.207+0000] {logging_mixin.py:188} INFO - [2024-10-19T14:45:45.207+0000] {dag.py:3947} INFO - Setting next_dagrun for example_skip_dag to 2024-10-18 00:00:00+00:00, run_after=2024-10-19 00:00:00+00:00
[2024-10-19T14:45:45.234+0000] {processor.py:183} INFO - Processing /home/airflow/.local/lib/python3.11/site-packages/airflow/example_dags/example_skip_dag.py took 0.077 seconds
[2024-10-19T14:46:15.523+0000] {processor.py:161} INFO - Started process (PID=3438) to work on /home/airflow/.local/lib/python3.11/site-packages/airflow/example_dags/example_skip_dag.py
[2024-10-19T14:46:15.524+0000] {processor.py:830} INFO - Processing file /home/airflow/.local/lib/python3.11/site-packages/airflow/example_dags/example_skip_dag.py for tasks to queue
[2024-10-19T14:46:15.524+0000] {logging_mixin.py:188} INFO - [2024-10-19T14:46:15.524+0000] {dagbag.py:545} INFO - Filling up the DagBag from /home/airflow/.local/lib/python3.11/site-packages/airflow/example_dags/example_skip_dag.py
[2024-10-19T14:46:15.530+0000] {processor.py:840} INFO - DAG(s) 'example_skip_dag' retrieved from /home/airflow/.local/lib/python3.11/site-packages/airflow/example_dags/example_skip_dag.py
[2024-10-19T14:46:15.548+0000] {logging_mixin.py:188} INFO - [2024-10-19T14:46:15.547+0000] {dag.py:3089} INFO - Sync 1 DAGs
[2024-10-19T14:46:15.565+0000] {logging_mixin.py:188} INFO - [2024-10-19T14:46:15.564+0000] {dag.py:3947} INFO - Setting next_dagrun for example_skip_dag to 2024-10-18 00:00:00+00:00, run_after=2024-10-19 00:00:00+00:00
[2024-10-19T14:46:15.583+0000] {processor.py:183} INFO - Processing /home/airflow/.local/lib/python3.11/site-packages/airflow/example_dags/example_skip_dag.py took 0.065 seconds
[2024-10-19T14:46:46.247+0000] {processor.py:161} INFO - Started process (PID=3498) to work on /home/airflow/.local/lib/python3.11/site-packages/airflow/example_dags/example_skip_dag.py
[2024-10-19T14:46:46.249+0000] {processor.py:830} INFO - Processing file /home/airflow/.local/lib/python3.11/site-packages/airflow/example_dags/example_skip_dag.py for tasks to queue
[2024-10-19T14:46:46.251+0000] {logging_mixin.py:188} INFO - [2024-10-19T14:46:46.250+0000] {dagbag.py:545} INFO - Filling up the DagBag from /home/airflow/.local/lib/python3.11/site-packages/airflow/example_dags/example_skip_dag.py
[2024-10-19T14:46:46.260+0000] {processor.py:840} INFO - DAG(s) 'example_skip_dag' retrieved from /home/airflow/.local/lib/python3.11/site-packages/airflow/example_dags/example_skip_dag.py
[2024-10-19T14:46:46.290+0000] {logging_mixin.py:188} INFO - [2024-10-19T14:46:46.290+0000] {dag.py:3089} INFO - Sync 1 DAGs
[2024-10-19T14:46:46.316+0000] {logging_mixin.py:188} INFO - [2024-10-19T14:46:46.315+0000] {dag.py:3947} INFO - Setting next_dagrun for example_skip_dag to 2024-10-18 00:00:00+00:00, run_after=2024-10-19 00:00:00+00:00
[2024-10-19T14:46:46.336+0000] {processor.py:183} INFO - Processing /home/airflow/.local/lib/python3.11/site-packages/airflow/example_dags/example_skip_dag.py took 0.103 seconds
[2024-10-19T14:47:16.438+0000] {processor.py:161} INFO - Started process (PID=3558) to work on /home/airflow/.local/lib/python3.11/site-packages/airflow/example_dags/example_skip_dag.py
[2024-10-19T14:47:16.439+0000] {processor.py:830} INFO - Processing file /home/airflow/.local/lib/python3.11/site-packages/airflow/example_dags/example_skip_dag.py for tasks to queue
[2024-10-19T14:47:16.440+0000] {logging_mixin.py:188} INFO - [2024-10-19T14:47:16.439+0000] {dagbag.py:545} INFO - Filling up the DagBag from /home/airflow/.local/lib/python3.11/site-packages/airflow/example_dags/example_skip_dag.py
[2024-10-19T14:47:16.448+0000] {processor.py:840} INFO - DAG(s) 'example_skip_dag' retrieved from /home/airflow/.local/lib/python3.11/site-packages/airflow/example_dags/example_skip_dag.py
[2024-10-19T14:47:16.470+0000] {logging_mixin.py:188} INFO - [2024-10-19T14:47:16.470+0000] {dag.py:3089} INFO - Sync 1 DAGs
[2024-10-19T14:47:16.490+0000] {logging_mixin.py:188} INFO - [2024-10-19T14:47:16.490+0000] {dag.py:3947} INFO - Setting next_dagrun for example_skip_dag to 2024-10-18 00:00:00+00:00, run_after=2024-10-19 00:00:00+00:00
[2024-10-19T14:47:16.508+0000] {processor.py:183} INFO - Processing /home/airflow/.local/lib/python3.11/site-packages/airflow/example_dags/example_skip_dag.py took 0.076 seconds
[2024-10-19T14:47:46.735+0000] {processor.py:161} INFO - Started process (PID=3617) to work on /home/airflow/.local/lib/python3.11/site-packages/airflow/example_dags/example_skip_dag.py
[2024-10-19T14:47:46.736+0000] {processor.py:830} INFO - Processing file /home/airflow/.local/lib/python3.11/site-packages/airflow/example_dags/example_skip_dag.py for tasks to queue
[2024-10-19T14:47:46.737+0000] {logging_mixin.py:188} INFO - [2024-10-19T14:47:46.736+0000] {dagbag.py:545} INFO - Filling up the DagBag from /home/airflow/.local/lib/python3.11/site-packages/airflow/example_dags/example_skip_dag.py
[2024-10-19T14:47:46.743+0000] {processor.py:840} INFO - DAG(s) 'example_skip_dag' retrieved from /home/airflow/.local/lib/python3.11/site-packages/airflow/example_dags/example_skip_dag.py
[2024-10-19T14:47:46.766+0000] {logging_mixin.py:188} INFO - [2024-10-19T14:47:46.765+0000] {dag.py:3089} INFO - Sync 1 DAGs
[2024-10-19T14:47:46.787+0000] {logging_mixin.py:188} INFO - [2024-10-19T14:47:46.787+0000] {dag.py:3947} INFO - Setting next_dagrun for example_skip_dag to 2024-10-18 00:00:00+00:00, run_after=2024-10-19 00:00:00+00:00
[2024-10-19T14:47:46.806+0000] {processor.py:183} INFO - Processing /home/airflow/.local/lib/python3.11/site-packages/airflow/example_dags/example_skip_dag.py took 0.076 seconds
[2024-10-19T14:48:17.210+0000] {processor.py:161} INFO - Started process (PID=3682) to work on /home/airflow/.local/lib/python3.11/site-packages/airflow/example_dags/example_skip_dag.py
[2024-10-19T14:48:17.210+0000] {processor.py:830} INFO - Processing file /home/airflow/.local/lib/python3.11/site-packages/airflow/example_dags/example_skip_dag.py for tasks to queue
[2024-10-19T14:48:17.211+0000] {logging_mixin.py:188} INFO - [2024-10-19T14:48:17.211+0000] {dagbag.py:545} INFO - Filling up the DagBag from /home/airflow/.local/lib/python3.11/site-packages/airflow/example_dags/example_skip_dag.py
[2024-10-19T14:48:17.217+0000] {processor.py:840} INFO - DAG(s) 'example_skip_dag' retrieved from /home/airflow/.local/lib/python3.11/site-packages/airflow/example_dags/example_skip_dag.py
[2024-10-19T14:48:17.238+0000] {logging_mixin.py:188} INFO - [2024-10-19T14:48:17.238+0000] {dag.py:3089} INFO - Sync 1 DAGs
[2024-10-19T14:48:17.262+0000] {logging_mixin.py:188} INFO - [2024-10-19T14:48:17.262+0000] {dag.py:3947} INFO - Setting next_dagrun for example_skip_dag to 2024-10-18 00:00:00+00:00, run_after=2024-10-19 00:00:00+00:00
[2024-10-19T14:48:17.279+0000] {processor.py:183} INFO - Processing /home/airflow/.local/lib/python3.11/site-packages/airflow/example_dags/example_skip_dag.py took 0.075 seconds
[2024-10-19T14:48:47.407+0000] {processor.py:161} INFO - Started process (PID=3741) to work on /home/airflow/.local/lib/python3.11/site-packages/airflow/example_dags/example_skip_dag.py
[2024-10-19T14:48:47.407+0000] {processor.py:830} INFO - Processing file /home/airflow/.local/lib/python3.11/site-packages/airflow/example_dags/example_skip_dag.py for tasks to queue
[2024-10-19T14:48:47.408+0000] {logging_mixin.py:188} INFO - [2024-10-19T14:48:47.408+0000] {dagbag.py:545} INFO - Filling up the DagBag from /home/airflow/.local/lib/python3.11/site-packages/airflow/example_dags/example_skip_dag.py
[2024-10-19T14:48:47.414+0000] {processor.py:840} INFO - DAG(s) 'example_skip_dag' retrieved from /home/airflow/.local/lib/python3.11/site-packages/airflow/example_dags/example_skip_dag.py
[2024-10-19T14:48:47.433+0000] {logging_mixin.py:188} INFO - [2024-10-19T14:48:47.433+0000] {dag.py:3089} INFO - Sync 1 DAGs
[2024-10-19T14:48:47.451+0000] {logging_mixin.py:188} INFO - [2024-10-19T14:48:47.451+0000] {dag.py:3947} INFO - Setting next_dagrun for example_skip_dag to 2024-10-18 00:00:00+00:00, run_after=2024-10-19 00:00:00+00:00
[2024-10-19T14:48:47.468+0000] {processor.py:183} INFO - Processing /home/airflow/.local/lib/python3.11/site-packages/airflow/example_dags/example_skip_dag.py took 0.066 seconds
[2024-10-19T14:49:17.605+0000] {processor.py:161} INFO - Started process (PID=3800) to work on /home/airflow/.local/lib/python3.11/site-packages/airflow/example_dags/example_skip_dag.py
[2024-10-19T14:49:17.606+0000] {processor.py:830} INFO - Processing file /home/airflow/.local/lib/python3.11/site-packages/airflow/example_dags/example_skip_dag.py for tasks to queue
[2024-10-19T14:49:17.607+0000] {logging_mixin.py:188} INFO - [2024-10-19T14:49:17.607+0000] {dagbag.py:545} INFO - Filling up the DagBag from /home/airflow/.local/lib/python3.11/site-packages/airflow/example_dags/example_skip_dag.py
[2024-10-19T14:49:17.613+0000] {processor.py:840} INFO - DAG(s) 'example_skip_dag' retrieved from /home/airflow/.local/lib/python3.11/site-packages/airflow/example_dags/example_skip_dag.py
[2024-10-19T14:49:17.629+0000] {logging_mixin.py:188} INFO - [2024-10-19T14:49:17.629+0000] {dag.py:3089} INFO - Sync 1 DAGs
[2024-10-19T14:49:17.645+0000] {logging_mixin.py:188} INFO - [2024-10-19T14:49:17.645+0000] {dag.py:3947} INFO - Setting next_dagrun for example_skip_dag to 2024-10-18 00:00:00+00:00, run_after=2024-10-19 00:00:00+00:00
[2024-10-19T14:49:17.661+0000] {processor.py:183} INFO - Processing /home/airflow/.local/lib/python3.11/site-packages/airflow/example_dags/example_skip_dag.py took 0.061 seconds
[2024-10-19T14:49:47.834+0000] {processor.py:161} INFO - Started process (PID=3859) to work on /home/airflow/.local/lib/python3.11/site-packages/airflow/example_dags/example_skip_dag.py
[2024-10-19T14:49:47.835+0000] {processor.py:830} INFO - Processing file /home/airflow/.local/lib/python3.11/site-packages/airflow/example_dags/example_skip_dag.py for tasks to queue
[2024-10-19T14:49:47.836+0000] {logging_mixin.py:188} INFO - [2024-10-19T14:49:47.836+0000] {dagbag.py:545} INFO - Filling up the DagBag from /home/airflow/.local/lib/python3.11/site-packages/airflow/example_dags/example_skip_dag.py
[2024-10-19T14:49:47.842+0000] {processor.py:840} INFO - DAG(s) 'example_skip_dag' retrieved from /home/airflow/.local/lib/python3.11/site-packages/airflow/example_dags/example_skip_dag.py
[2024-10-19T14:49:47.862+0000] {logging_mixin.py:188} INFO - [2024-10-19T14:49:47.862+0000] {dag.py:3089} INFO - Sync 1 DAGs
[2024-10-19T14:49:47.883+0000] {logging_mixin.py:188} INFO - [2024-10-19T14:49:47.882+0000] {dag.py:3947} INFO - Setting next_dagrun for example_skip_dag to 2024-10-18 00:00:00+00:00, run_after=2024-10-19 00:00:00+00:00
[2024-10-19T14:49:47.904+0000] {processor.py:183} INFO - Processing /home/airflow/.local/lib/python3.11/site-packages/airflow/example_dags/example_skip_dag.py took 0.075 seconds
[2024-10-19T14:50:18.518+0000] {processor.py:161} INFO - Started process (PID=3918) to work on /home/airflow/.local/lib/python3.11/site-packages/airflow/example_dags/example_skip_dag.py
[2024-10-19T14:50:18.518+0000] {processor.py:830} INFO - Processing file /home/airflow/.local/lib/python3.11/site-packages/airflow/example_dags/example_skip_dag.py for tasks to queue
[2024-10-19T14:50:18.519+0000] {logging_mixin.py:188} INFO - [2024-10-19T14:50:18.519+0000] {dagbag.py:545} INFO - Filling up the DagBag from /home/airflow/.local/lib/python3.11/site-packages/airflow/example_dags/example_skip_dag.py
[2024-10-19T14:50:18.525+0000] {processor.py:840} INFO - DAG(s) 'example_skip_dag' retrieved from /home/airflow/.local/lib/python3.11/site-packages/airflow/example_dags/example_skip_dag.py
[2024-10-19T14:50:18.545+0000] {logging_mixin.py:188} INFO - [2024-10-19T14:50:18.544+0000] {dag.py:3089} INFO - Sync 1 DAGs
[2024-10-19T14:50:18.562+0000] {logging_mixin.py:188} INFO - [2024-10-19T14:50:18.562+0000] {dag.py:3947} INFO - Setting next_dagrun for example_skip_dag to 2024-10-18 00:00:00+00:00, run_after=2024-10-19 00:00:00+00:00
[2024-10-19T14:50:18.579+0000] {processor.py:183} INFO - Processing /home/airflow/.local/lib/python3.11/site-packages/airflow/example_dags/example_skip_dag.py took 0.066 seconds
[2024-10-19T14:50:49.289+0000] {processor.py:161} INFO - Started process (PID=3977) to work on /home/airflow/.local/lib/python3.11/site-packages/airflow/example_dags/example_skip_dag.py
[2024-10-19T14:50:49.290+0000] {processor.py:830} INFO - Processing file /home/airflow/.local/lib/python3.11/site-packages/airflow/example_dags/example_skip_dag.py for tasks to queue
[2024-10-19T14:50:49.290+0000] {logging_mixin.py:188} INFO - [2024-10-19T14:50:49.290+0000] {dagbag.py:545} INFO - Filling up the DagBag from /home/airflow/.local/lib/python3.11/site-packages/airflow/example_dags/example_skip_dag.py
[2024-10-19T14:50:49.297+0000] {processor.py:840} INFO - DAG(s) 'example_skip_dag' retrieved from /home/airflow/.local/lib/python3.11/site-packages/airflow/example_dags/example_skip_dag.py
[2024-10-19T14:50:49.315+0000] {logging_mixin.py:188} INFO - [2024-10-19T14:50:49.315+0000] {dag.py:3089} INFO - Sync 1 DAGs
[2024-10-19T14:50:49.332+0000] {logging_mixin.py:188} INFO - [2024-10-19T14:50:49.332+0000] {dag.py:3947} INFO - Setting next_dagrun for example_skip_dag to 2024-10-18 00:00:00+00:00, run_after=2024-10-19 00:00:00+00:00
[2024-10-19T14:50:49.349+0000] {processor.py:183} INFO - Processing /home/airflow/.local/lib/python3.11/site-packages/airflow/example_dags/example_skip_dag.py took 0.066 seconds
[2024-10-19T14:51:19.407+0000] {processor.py:161} INFO - Started process (PID=4036) to work on /home/airflow/.local/lib/python3.11/site-packages/airflow/example_dags/example_skip_dag.py
[2024-10-19T14:51:19.407+0000] {processor.py:830} INFO - Processing file /home/airflow/.local/lib/python3.11/site-packages/airflow/example_dags/example_skip_dag.py for tasks to queue
[2024-10-19T14:51:19.408+0000] {logging_mixin.py:188} INFO - [2024-10-19T14:51:19.408+0000] {dagbag.py:545} INFO - Filling up the DagBag from /home/airflow/.local/lib/python3.11/site-packages/airflow/example_dags/example_skip_dag.py
[2024-10-19T14:51:19.414+0000] {processor.py:840} INFO - DAG(s) 'example_skip_dag' retrieved from /home/airflow/.local/lib/python3.11/site-packages/airflow/example_dags/example_skip_dag.py
[2024-10-19T14:51:19.431+0000] {logging_mixin.py:188} INFO - [2024-10-19T14:51:19.431+0000] {dag.py:3089} INFO - Sync 1 DAGs
[2024-10-19T14:51:19.448+0000] {logging_mixin.py:188} INFO - [2024-10-19T14:51:19.448+0000] {dag.py:3947} INFO - Setting next_dagrun for example_skip_dag to 2024-10-18 00:00:00+00:00, run_after=2024-10-19 00:00:00+00:00
[2024-10-19T14:51:19.463+0000] {processor.py:183} INFO - Processing /home/airflow/.local/lib/python3.11/site-packages/airflow/example_dags/example_skip_dag.py took 0.061 seconds
[2024-10-19T14:51:50.229+0000] {processor.py:161} INFO - Started process (PID=4095) to work on /home/airflow/.local/lib/python3.11/site-packages/airflow/example_dags/example_skip_dag.py
[2024-10-19T14:51:50.230+0000] {processor.py:830} INFO - Processing file /home/airflow/.local/lib/python3.11/site-packages/airflow/example_dags/example_skip_dag.py for tasks to queue
[2024-10-19T14:51:50.231+0000] {logging_mixin.py:188} INFO - [2024-10-19T14:51:50.231+0000] {dagbag.py:545} INFO - Filling up the DagBag from /home/airflow/.local/lib/python3.11/site-packages/airflow/example_dags/example_skip_dag.py
[2024-10-19T14:51:50.237+0000] {processor.py:840} INFO - DAG(s) 'example_skip_dag' retrieved from /home/airflow/.local/lib/python3.11/site-packages/airflow/example_dags/example_skip_dag.py
[2024-10-19T14:51:50.254+0000] {logging_mixin.py:188} INFO - [2024-10-19T14:51:50.254+0000] {dag.py:3089} INFO - Sync 1 DAGs
[2024-10-19T14:51:50.271+0000] {logging_mixin.py:188} INFO - [2024-10-19T14:51:50.271+0000] {dag.py:3947} INFO - Setting next_dagrun for example_skip_dag to 2024-10-18 00:00:00+00:00, run_after=2024-10-19 00:00:00+00:00
[2024-10-19T14:51:50.299+0000] {processor.py:183} INFO - Processing /home/airflow/.local/lib/python3.11/site-packages/airflow/example_dags/example_skip_dag.py took 0.074 seconds
