[2024-10-19T14:18:46.858+0000] {processor.py:161} INFO - Started process (PID=75) to work on /home/airflow/.local/lib/python3.11/site-packages/airflow/example_dags/example_short_circuit_operator.py
[2024-10-19T14:18:46.859+0000] {processor.py:830} INFO - Processing file /home/airflow/.local/lib/python3.11/site-packages/airflow/example_dags/example_short_circuit_operator.py for tasks to queue
[2024-10-19T14:18:46.862+0000] {logging_mixin.py:188} INFO - [2024-10-19T14:18:46.861+0000] {dagbag.py:545} INFO - Filling up the DagBag from /home/airflow/.local/lib/python3.11/site-packages/airflow/example_dags/example_short_circuit_operator.py
[2024-10-19T14:18:46.871+0000] {processor.py:840} INFO - DAG(s) 'example_short_circuit_operator' retrieved from /home/airflow/.local/lib/python3.11/site-packages/airflow/example_dags/example_short_circuit_operator.py
[2024-10-19T14:18:46.979+0000] {logging_mixin.py:188} INFO - [2024-10-19T14:18:46.978+0000] {override.py:1858} INFO - Created Permission View: can edit on DAG:example_short_circuit_operator
[2024-10-19T14:18:46.993+0000] {logging_mixin.py:188} INFO - [2024-10-19T14:18:46.993+0000] {override.py:1858} INFO - Created Permission View: can delete on DAG:example_short_circuit_operator
[2024-10-19T14:18:47.004+0000] {logging_mixin.py:188} INFO - [2024-10-19T14:18:47.003+0000] {override.py:1858} INFO - Created Permission View: can read on DAG:example_short_circuit_operator
[2024-10-19T14:18:47.005+0000] {logging_mixin.py:188} INFO - [2024-10-19T14:18:47.005+0000] {dag.py:3089} INFO - Sync 1 DAGs
[2024-10-19T14:18:47.020+0000] {logging_mixin.py:188} INFO - [2024-10-19T14:18:47.020+0000] {dag.py:3111} INFO - Creating ORM DAG for example_short_circuit_operator
[2024-10-19T14:18:47.029+0000] {logging_mixin.py:188} INFO - [2024-10-19T14:18:47.029+0000] {dag.py:3947} INFO - Setting next_dagrun for example_short_circuit_operator to 2024-10-18 00:00:00+00:00, run_after=2024-10-19 00:00:00+00:00
[2024-10-19T14:18:47.051+0000] {processor.py:183} INFO - Processing /home/airflow/.local/lib/python3.11/site-packages/airflow/example_dags/example_short_circuit_operator.py took 0.199 seconds
[2024-10-19T14:19:17.672+0000] {processor.py:161} INFO - Started process (PID=133) to work on /home/airflow/.local/lib/python3.11/site-packages/airflow/example_dags/example_short_circuit_operator.py
[2024-10-19T14:19:17.674+0000] {processor.py:830} INFO - Processing file /home/airflow/.local/lib/python3.11/site-packages/airflow/example_dags/example_short_circuit_operator.py for tasks to queue
[2024-10-19T14:19:17.676+0000] {logging_mixin.py:188} INFO - [2024-10-19T14:19:17.676+0000] {dagbag.py:545} INFO - Filling up the DagBag from /home/airflow/.local/lib/python3.11/site-packages/airflow/example_dags/example_short_circuit_operator.py
[2024-10-19T14:19:17.684+0000] {processor.py:840} INFO - DAG(s) 'example_short_circuit_operator' retrieved from /home/airflow/.local/lib/python3.11/site-packages/airflow/example_dags/example_short_circuit_operator.py
[2024-10-19T14:19:17.705+0000] {logging_mixin.py:188} INFO - [2024-10-19T14:19:17.704+0000] {dag.py:3089} INFO - Sync 1 DAGs
[2024-10-19T14:19:17.725+0000] {logging_mixin.py:188} INFO - [2024-10-19T14:19:17.725+0000] {dag.py:3947} INFO - Setting next_dagrun for example_short_circuit_operator to 2024-10-18 00:00:00+00:00, run_after=2024-10-19 00:00:00+00:00
[2024-10-19T14:19:17.745+0000] {processor.py:183} INFO - Processing /home/airflow/.local/lib/python3.11/site-packages/airflow/example_dags/example_short_circuit_operator.py took 0.084 seconds
[2024-10-19T14:19:48.594+0000] {processor.py:161} INFO - Started process (PID=191) to work on /home/airflow/.local/lib/python3.11/site-packages/airflow/example_dags/example_short_circuit_operator.py
[2024-10-19T14:19:48.595+0000] {processor.py:830} INFO - Processing file /home/airflow/.local/lib/python3.11/site-packages/airflow/example_dags/example_short_circuit_operator.py for tasks to queue
[2024-10-19T14:19:48.597+0000] {logging_mixin.py:188} INFO - [2024-10-19T14:19:48.597+0000] {dagbag.py:545} INFO - Filling up the DagBag from /home/airflow/.local/lib/python3.11/site-packages/airflow/example_dags/example_short_circuit_operator.py
[2024-10-19T14:19:48.604+0000] {processor.py:840} INFO - DAG(s) 'example_short_circuit_operator' retrieved from /home/airflow/.local/lib/python3.11/site-packages/airflow/example_dags/example_short_circuit_operator.py
[2024-10-19T14:19:48.622+0000] {logging_mixin.py:188} INFO - [2024-10-19T14:19:48.622+0000] {dag.py:3089} INFO - Sync 1 DAGs
[2024-10-19T14:19:48.639+0000] {logging_mixin.py:188} INFO - [2024-10-19T14:19:48.639+0000] {dag.py:3947} INFO - Setting next_dagrun for example_short_circuit_operator to 2024-10-18 00:00:00+00:00, run_after=2024-10-19 00:00:00+00:00
[2024-10-19T14:19:48.657+0000] {processor.py:183} INFO - Processing /home/airflow/.local/lib/python3.11/site-packages/airflow/example_dags/example_short_circuit_operator.py took 0.068 seconds
[2024-10-19T14:20:19.257+0000] {processor.py:161} INFO - Started process (PID=249) to work on /home/airflow/.local/lib/python3.11/site-packages/airflow/example_dags/example_short_circuit_operator.py
[2024-10-19T14:20:19.258+0000] {processor.py:830} INFO - Processing file /home/airflow/.local/lib/python3.11/site-packages/airflow/example_dags/example_short_circuit_operator.py for tasks to queue
[2024-10-19T14:20:19.260+0000] {logging_mixin.py:188} INFO - [2024-10-19T14:20:19.259+0000] {dagbag.py:545} INFO - Filling up the DagBag from /home/airflow/.local/lib/python3.11/site-packages/airflow/example_dags/example_short_circuit_operator.py
[2024-10-19T14:20:19.267+0000] {processor.py:840} INFO - DAG(s) 'example_short_circuit_operator' retrieved from /home/airflow/.local/lib/python3.11/site-packages/airflow/example_dags/example_short_circuit_operator.py
[2024-10-19T14:20:19.288+0000] {logging_mixin.py:188} INFO - [2024-10-19T14:20:19.288+0000] {dag.py:3089} INFO - Sync 1 DAGs
[2024-10-19T14:20:19.310+0000] {logging_mixin.py:188} INFO - [2024-10-19T14:20:19.310+0000] {dag.py:3947} INFO - Setting next_dagrun for example_short_circuit_operator to 2024-10-18 00:00:00+00:00, run_after=2024-10-19 00:00:00+00:00
[2024-10-19T14:20:19.330+0000] {processor.py:183} INFO - Processing /home/airflow/.local/lib/python3.11/site-packages/airflow/example_dags/example_short_circuit_operator.py took 0.079 seconds
[2024-10-19T14:20:49.922+0000] {processor.py:161} INFO - Started process (PID=307) to work on /home/airflow/.local/lib/python3.11/site-packages/airflow/example_dags/example_short_circuit_operator.py
[2024-10-19T14:20:49.922+0000] {processor.py:830} INFO - Processing file /home/airflow/.local/lib/python3.11/site-packages/airflow/example_dags/example_short_circuit_operator.py for tasks to queue
[2024-10-19T14:20:49.924+0000] {logging_mixin.py:188} INFO - [2024-10-19T14:20:49.924+0000] {dagbag.py:545} INFO - Filling up the DagBag from /home/airflow/.local/lib/python3.11/site-packages/airflow/example_dags/example_short_circuit_operator.py
[2024-10-19T14:20:49.930+0000] {processor.py:840} INFO - DAG(s) 'example_short_circuit_operator' retrieved from /home/airflow/.local/lib/python3.11/site-packages/airflow/example_dags/example_short_circuit_operator.py
[2024-10-19T14:20:49.948+0000] {logging_mixin.py:188} INFO - [2024-10-19T14:20:49.948+0000] {dag.py:3089} INFO - Sync 1 DAGs
[2024-10-19T14:20:49.965+0000] {logging_mixin.py:188} INFO - [2024-10-19T14:20:49.965+0000] {dag.py:3947} INFO - Setting next_dagrun for example_short_circuit_operator to 2024-10-18 00:00:00+00:00, run_after=2024-10-19 00:00:00+00:00
[2024-10-19T14:20:49.980+0000] {processor.py:183} INFO - Processing /home/airflow/.local/lib/python3.11/site-packages/airflow/example_dags/example_short_circuit_operator.py took 0.063 seconds
[2024-10-19T14:21:20.113+0000] {processor.py:161} INFO - Started process (PID=365) to work on /home/airflow/.local/lib/python3.11/site-packages/airflow/example_dags/example_short_circuit_operator.py
[2024-10-19T14:21:20.114+0000] {processor.py:830} INFO - Processing file /home/airflow/.local/lib/python3.11/site-packages/airflow/example_dags/example_short_circuit_operator.py for tasks to queue
[2024-10-19T14:21:20.117+0000] {logging_mixin.py:188} INFO - [2024-10-19T14:21:20.117+0000] {dagbag.py:545} INFO - Filling up the DagBag from /home/airflow/.local/lib/python3.11/site-packages/airflow/example_dags/example_short_circuit_operator.py
[2024-10-19T14:21:20.126+0000] {processor.py:840} INFO - DAG(s) 'example_short_circuit_operator' retrieved from /home/airflow/.local/lib/python3.11/site-packages/airflow/example_dags/example_short_circuit_operator.py
[2024-10-19T14:21:20.146+0000] {logging_mixin.py:188} INFO - [2024-10-19T14:21:20.145+0000] {dag.py:3089} INFO - Sync 1 DAGs
[2024-10-19T14:21:20.164+0000] {logging_mixin.py:188} INFO - [2024-10-19T14:21:20.164+0000] {dag.py:3947} INFO - Setting next_dagrun for example_short_circuit_operator to 2024-10-18 00:00:00+00:00, run_after=2024-10-19 00:00:00+00:00
[2024-10-19T14:21:20.181+0000] {processor.py:183} INFO - Processing /home/airflow/.local/lib/python3.11/site-packages/airflow/example_dags/example_short_circuit_operator.py took 0.075 seconds
[2024-10-19T14:21:51.082+0000] {processor.py:161} INFO - Started process (PID=423) to work on /home/airflow/.local/lib/python3.11/site-packages/airflow/example_dags/example_short_circuit_operator.py
[2024-10-19T14:21:51.083+0000] {processor.py:830} INFO - Processing file /home/airflow/.local/lib/python3.11/site-packages/airflow/example_dags/example_short_circuit_operator.py for tasks to queue
[2024-10-19T14:21:51.085+0000] {logging_mixin.py:188} INFO - [2024-10-19T14:21:51.084+0000] {dagbag.py:545} INFO - Filling up the DagBag from /home/airflow/.local/lib/python3.11/site-packages/airflow/example_dags/example_short_circuit_operator.py
[2024-10-19T14:21:51.091+0000] {processor.py:840} INFO - DAG(s) 'example_short_circuit_operator' retrieved from /home/airflow/.local/lib/python3.11/site-packages/airflow/example_dags/example_short_circuit_operator.py
[2024-10-19T14:21:51.109+0000] {logging_mixin.py:188} INFO - [2024-10-19T14:21:51.108+0000] {dag.py:3089} INFO - Sync 1 DAGs
[2024-10-19T14:21:51.128+0000] {logging_mixin.py:188} INFO - [2024-10-19T14:21:51.128+0000] {dag.py:3947} INFO - Setting next_dagrun for example_short_circuit_operator to 2024-10-18 00:00:00+00:00, run_after=2024-10-19 00:00:00+00:00
[2024-10-19T14:21:51.148+0000] {processor.py:183} INFO - Processing /home/airflow/.local/lib/python3.11/site-packages/airflow/example_dags/example_short_circuit_operator.py took 0.071 seconds
[2024-10-19T14:22:22.092+0000] {processor.py:161} INFO - Started process (PID=481) to work on /home/airflow/.local/lib/python3.11/site-packages/airflow/example_dags/example_short_circuit_operator.py
[2024-10-19T14:22:22.093+0000] {processor.py:830} INFO - Processing file /home/airflow/.local/lib/python3.11/site-packages/airflow/example_dags/example_short_circuit_operator.py for tasks to queue
[2024-10-19T14:22:22.095+0000] {logging_mixin.py:188} INFO - [2024-10-19T14:22:22.095+0000] {dagbag.py:545} INFO - Filling up the DagBag from /home/airflow/.local/lib/python3.11/site-packages/airflow/example_dags/example_short_circuit_operator.py
[2024-10-19T14:22:22.104+0000] {processor.py:840} INFO - DAG(s) 'example_short_circuit_operator' retrieved from /home/airflow/.local/lib/python3.11/site-packages/airflow/example_dags/example_short_circuit_operator.py
[2024-10-19T14:22:22.137+0000] {logging_mixin.py:188} INFO - [2024-10-19T14:22:22.137+0000] {dag.py:3089} INFO - Sync 1 DAGs
[2024-10-19T14:22:22.178+0000] {logging_mixin.py:188} INFO - [2024-10-19T14:22:22.178+0000] {dag.py:3947} INFO - Setting next_dagrun for example_short_circuit_operator to 2024-10-18 00:00:00+00:00, run_after=2024-10-19 00:00:00+00:00
[2024-10-19T14:22:22.213+0000] {processor.py:183} INFO - Processing /home/airflow/.local/lib/python3.11/site-packages/airflow/example_dags/example_short_circuit_operator.py took 0.127 seconds
[2024-10-19T14:22:52.785+0000] {processor.py:161} INFO - Started process (PID=539) to work on /home/airflow/.local/lib/python3.11/site-packages/airflow/example_dags/example_short_circuit_operator.py
[2024-10-19T14:22:52.786+0000] {processor.py:830} INFO - Processing file /home/airflow/.local/lib/python3.11/site-packages/airflow/example_dags/example_short_circuit_operator.py for tasks to queue
[2024-10-19T14:22:52.788+0000] {logging_mixin.py:188} INFO - [2024-10-19T14:22:52.788+0000] {dagbag.py:545} INFO - Filling up the DagBag from /home/airflow/.local/lib/python3.11/site-packages/airflow/example_dags/example_short_circuit_operator.py
[2024-10-19T14:22:52.795+0000] {processor.py:840} INFO - DAG(s) 'example_short_circuit_operator' retrieved from /home/airflow/.local/lib/python3.11/site-packages/airflow/example_dags/example_short_circuit_operator.py
[2024-10-19T14:22:52.813+0000] {logging_mixin.py:188} INFO - [2024-10-19T14:22:52.813+0000] {dag.py:3089} INFO - Sync 1 DAGs
[2024-10-19T14:22:52.831+0000] {logging_mixin.py:188} INFO - [2024-10-19T14:22:52.831+0000] {dag.py:3947} INFO - Setting next_dagrun for example_short_circuit_operator to 2024-10-18 00:00:00+00:00, run_after=2024-10-19 00:00:00+00:00
[2024-10-19T14:22:52.848+0000] {processor.py:183} INFO - Processing /home/airflow/.local/lib/python3.11/site-packages/airflow/example_dags/example_short_circuit_operator.py took 0.069 seconds
[2024-10-19T14:23:23.484+0000] {processor.py:161} INFO - Started process (PID=597) to work on /home/airflow/.local/lib/python3.11/site-packages/airflow/example_dags/example_short_circuit_operator.py
[2024-10-19T14:23:23.485+0000] {processor.py:830} INFO - Processing file /home/airflow/.local/lib/python3.11/site-packages/airflow/example_dags/example_short_circuit_operator.py for tasks to queue
[2024-10-19T14:23:23.487+0000] {logging_mixin.py:188} INFO - [2024-10-19T14:23:23.487+0000] {dagbag.py:545} INFO - Filling up the DagBag from /home/airflow/.local/lib/python3.11/site-packages/airflow/example_dags/example_short_circuit_operator.py
[2024-10-19T14:23:23.495+0000] {processor.py:840} INFO - DAG(s) 'example_short_circuit_operator' retrieved from /home/airflow/.local/lib/python3.11/site-packages/airflow/example_dags/example_short_circuit_operator.py
[2024-10-19T14:23:23.513+0000] {logging_mixin.py:188} INFO - [2024-10-19T14:23:23.513+0000] {dag.py:3089} INFO - Sync 1 DAGs
[2024-10-19T14:23:23.530+0000] {logging_mixin.py:188} INFO - [2024-10-19T14:23:23.530+0000] {dag.py:3947} INFO - Setting next_dagrun for example_short_circuit_operator to 2024-10-18 00:00:00+00:00, run_after=2024-10-19 00:00:00+00:00
[2024-10-19T14:23:23.547+0000] {processor.py:183} INFO - Processing /home/airflow/.local/lib/python3.11/site-packages/airflow/example_dags/example_short_circuit_operator.py took 0.068 seconds
[2024-10-19T14:23:54.267+0000] {processor.py:161} INFO - Started process (PID=656) to work on /home/airflow/.local/lib/python3.11/site-packages/airflow/example_dags/example_short_circuit_operator.py
[2024-10-19T14:23:54.268+0000] {processor.py:830} INFO - Processing file /home/airflow/.local/lib/python3.11/site-packages/airflow/example_dags/example_short_circuit_operator.py for tasks to queue
[2024-10-19T14:23:54.270+0000] {logging_mixin.py:188} INFO - [2024-10-19T14:23:54.270+0000] {dagbag.py:545} INFO - Filling up the DagBag from /home/airflow/.local/lib/python3.11/site-packages/airflow/example_dags/example_short_circuit_operator.py
[2024-10-19T14:23:54.278+0000] {processor.py:840} INFO - DAG(s) 'example_short_circuit_operator' retrieved from /home/airflow/.local/lib/python3.11/site-packages/airflow/example_dags/example_short_circuit_operator.py
[2024-10-19T14:23:54.298+0000] {logging_mixin.py:188} INFO - [2024-10-19T14:23:54.298+0000] {dag.py:3089} INFO - Sync 1 DAGs
[2024-10-19T14:23:54.316+0000] {logging_mixin.py:188} INFO - [2024-10-19T14:23:54.316+0000] {dag.py:3947} INFO - Setting next_dagrun for example_short_circuit_operator to 2024-10-18 00:00:00+00:00, run_after=2024-10-19 00:00:00+00:00
[2024-10-19T14:23:54.333+0000] {processor.py:183} INFO - Processing /home/airflow/.local/lib/python3.11/site-packages/airflow/example_dags/example_short_circuit_operator.py took 0.072 seconds
[2024-10-19T14:24:25.163+0000] {processor.py:161} INFO - Started process (PID=715) to work on /home/airflow/.local/lib/python3.11/site-packages/airflow/example_dags/example_short_circuit_operator.py
[2024-10-19T14:24:25.164+0000] {processor.py:830} INFO - Processing file /home/airflow/.local/lib/python3.11/site-packages/airflow/example_dags/example_short_circuit_operator.py for tasks to queue
[2024-10-19T14:24:25.166+0000] {logging_mixin.py:188} INFO - [2024-10-19T14:24:25.166+0000] {dagbag.py:545} INFO - Filling up the DagBag from /home/airflow/.local/lib/python3.11/site-packages/airflow/example_dags/example_short_circuit_operator.py
[2024-10-19T14:24:25.174+0000] {processor.py:840} INFO - DAG(s) 'example_short_circuit_operator' retrieved from /home/airflow/.local/lib/python3.11/site-packages/airflow/example_dags/example_short_circuit_operator.py
[2024-10-19T14:24:25.199+0000] {logging_mixin.py:188} INFO - [2024-10-19T14:24:25.198+0000] {dag.py:3089} INFO - Sync 1 DAGs
[2024-10-19T14:24:25.222+0000] {logging_mixin.py:188} INFO - [2024-10-19T14:24:25.221+0000] {dag.py:3947} INFO - Setting next_dagrun for example_short_circuit_operator to 2024-10-18 00:00:00+00:00, run_after=2024-10-19 00:00:00+00:00
[2024-10-19T14:24:25.242+0000] {processor.py:183} INFO - Processing /home/airflow/.local/lib/python3.11/site-packages/airflow/example_dags/example_short_circuit_operator.py took 0.085 seconds
[2024-10-19T14:24:55.340+0000] {processor.py:161} INFO - Started process (PID=774) to work on /home/airflow/.local/lib/python3.11/site-packages/airflow/example_dags/example_short_circuit_operator.py
[2024-10-19T14:24:55.341+0000] {processor.py:830} INFO - Processing file /home/airflow/.local/lib/python3.11/site-packages/airflow/example_dags/example_short_circuit_operator.py for tasks to queue
[2024-10-19T14:24:55.343+0000] {logging_mixin.py:188} INFO - [2024-10-19T14:24:55.343+0000] {dagbag.py:545} INFO - Filling up the DagBag from /home/airflow/.local/lib/python3.11/site-packages/airflow/example_dags/example_short_circuit_operator.py
[2024-10-19T14:24:55.351+0000] {processor.py:840} INFO - DAG(s) 'example_short_circuit_operator' retrieved from /home/airflow/.local/lib/python3.11/site-packages/airflow/example_dags/example_short_circuit_operator.py
[2024-10-19T14:24:55.371+0000] {logging_mixin.py:188} INFO - [2024-10-19T14:24:55.371+0000] {dag.py:3089} INFO - Sync 1 DAGs
[2024-10-19T14:24:55.389+0000] {logging_mixin.py:188} INFO - [2024-10-19T14:24:55.389+0000] {dag.py:3947} INFO - Setting next_dagrun for example_short_circuit_operator to 2024-10-18 00:00:00+00:00, run_after=2024-10-19 00:00:00+00:00
[2024-10-19T14:24:55.406+0000] {processor.py:183} INFO - Processing /home/airflow/.local/lib/python3.11/site-packages/airflow/example_dags/example_short_circuit_operator.py took 0.071 seconds
[2024-10-19T14:25:25.674+0000] {processor.py:161} INFO - Started process (PID=832) to work on /home/airflow/.local/lib/python3.11/site-packages/airflow/example_dags/example_short_circuit_operator.py
[2024-10-19T14:25:25.675+0000] {processor.py:830} INFO - Processing file /home/airflow/.local/lib/python3.11/site-packages/airflow/example_dags/example_short_circuit_operator.py for tasks to queue
[2024-10-19T14:25:25.677+0000] {logging_mixin.py:188} INFO - [2024-10-19T14:25:25.677+0000] {dagbag.py:545} INFO - Filling up the DagBag from /home/airflow/.local/lib/python3.11/site-packages/airflow/example_dags/example_short_circuit_operator.py
[2024-10-19T14:25:25.683+0000] {processor.py:840} INFO - DAG(s) 'example_short_circuit_operator' retrieved from /home/airflow/.local/lib/python3.11/site-packages/airflow/example_dags/example_short_circuit_operator.py
[2024-10-19T14:25:25.702+0000] {logging_mixin.py:188} INFO - [2024-10-19T14:25:25.701+0000] {dag.py:3089} INFO - Sync 1 DAGs
[2024-10-19T14:25:25.719+0000] {logging_mixin.py:188} INFO - [2024-10-19T14:25:25.719+0000] {dag.py:3947} INFO - Setting next_dagrun for example_short_circuit_operator to 2024-10-18 00:00:00+00:00, run_after=2024-10-19 00:00:00+00:00
[2024-10-19T14:25:25.739+0000] {processor.py:183} INFO - Processing /home/airflow/.local/lib/python3.11/site-packages/airflow/example_dags/example_short_circuit_operator.py took 0.070 seconds
[2024-10-19T14:25:55.939+0000] {processor.py:161} INFO - Started process (PID=891) to work on /home/airflow/.local/lib/python3.11/site-packages/airflow/example_dags/example_short_circuit_operator.py
[2024-10-19T14:25:55.940+0000] {processor.py:830} INFO - Processing file /home/airflow/.local/lib/python3.11/site-packages/airflow/example_dags/example_short_circuit_operator.py for tasks to queue
[2024-10-19T14:25:55.942+0000] {logging_mixin.py:188} INFO - [2024-10-19T14:25:55.942+0000] {dagbag.py:545} INFO - Filling up the DagBag from /home/airflow/.local/lib/python3.11/site-packages/airflow/example_dags/example_short_circuit_operator.py
[2024-10-19T14:25:55.948+0000] {processor.py:840} INFO - DAG(s) 'example_short_circuit_operator' retrieved from /home/airflow/.local/lib/python3.11/site-packages/airflow/example_dags/example_short_circuit_operator.py
[2024-10-19T14:25:55.968+0000] {logging_mixin.py:188} INFO - [2024-10-19T14:25:55.968+0000] {dag.py:3089} INFO - Sync 1 DAGs
[2024-10-19T14:25:55.985+0000] {logging_mixin.py:188} INFO - [2024-10-19T14:25:55.985+0000] {dag.py:3947} INFO - Setting next_dagrun for example_short_circuit_operator to 2024-10-18 00:00:00+00:00, run_after=2024-10-19 00:00:00+00:00
[2024-10-19T14:25:56.003+0000] {processor.py:183} INFO - Processing /home/airflow/.local/lib/python3.11/site-packages/airflow/example_dags/example_short_circuit_operator.py took 0.069 seconds
[2024-10-19T14:26:27.045+0000] {processor.py:161} INFO - Started process (PID=953) to work on /home/airflow/.local/lib/python3.11/site-packages/airflow/example_dags/example_short_circuit_operator.py
[2024-10-19T14:26:27.046+0000] {processor.py:830} INFO - Processing file /home/airflow/.local/lib/python3.11/site-packages/airflow/example_dags/example_short_circuit_operator.py for tasks to queue
[2024-10-19T14:26:27.049+0000] {logging_mixin.py:188} INFO - [2024-10-19T14:26:27.048+0000] {dagbag.py:545} INFO - Filling up the DagBag from /home/airflow/.local/lib/python3.11/site-packages/airflow/example_dags/example_short_circuit_operator.py
[2024-10-19T14:26:27.055+0000] {processor.py:840} INFO - DAG(s) 'example_short_circuit_operator' retrieved from /home/airflow/.local/lib/python3.11/site-packages/airflow/example_dags/example_short_circuit_operator.py
[2024-10-19T14:26:27.075+0000] {logging_mixin.py:188} INFO - [2024-10-19T14:26:27.075+0000] {dag.py:3089} INFO - Sync 1 DAGs
[2024-10-19T14:26:27.093+0000] {logging_mixin.py:188} INFO - [2024-10-19T14:26:27.093+0000] {dag.py:3947} INFO - Setting next_dagrun for example_short_circuit_operator to 2024-10-18 00:00:00+00:00, run_after=2024-10-19 00:00:00+00:00
[2024-10-19T14:26:27.111+0000] {processor.py:183} INFO - Processing /home/airflow/.local/lib/python3.11/site-packages/airflow/example_dags/example_short_circuit_operator.py took 0.071 seconds
[2024-10-19T14:26:57.295+0000] {processor.py:161} INFO - Started process (PID=1013) to work on /home/airflow/.local/lib/python3.11/site-packages/airflow/example_dags/example_short_circuit_operator.py
[2024-10-19T14:26:57.296+0000] {processor.py:830} INFO - Processing file /home/airflow/.local/lib/python3.11/site-packages/airflow/example_dags/example_short_circuit_operator.py for tasks to queue
[2024-10-19T14:26:57.298+0000] {logging_mixin.py:188} INFO - [2024-10-19T14:26:57.298+0000] {dagbag.py:545} INFO - Filling up the DagBag from /home/airflow/.local/lib/python3.11/site-packages/airflow/example_dags/example_short_circuit_operator.py
[2024-10-19T14:26:57.305+0000] {processor.py:840} INFO - DAG(s) 'example_short_circuit_operator' retrieved from /home/airflow/.local/lib/python3.11/site-packages/airflow/example_dags/example_short_circuit_operator.py
[2024-10-19T14:26:57.325+0000] {logging_mixin.py:188} INFO - [2024-10-19T14:26:57.325+0000] {dag.py:3089} INFO - Sync 1 DAGs
[2024-10-19T14:26:57.344+0000] {logging_mixin.py:188} INFO - [2024-10-19T14:26:57.344+0000] {dag.py:3947} INFO - Setting next_dagrun for example_short_circuit_operator to 2024-10-18 00:00:00+00:00, run_after=2024-10-19 00:00:00+00:00
[2024-10-19T14:26:57.363+0000] {processor.py:183} INFO - Processing /home/airflow/.local/lib/python3.11/site-packages/airflow/example_dags/example_short_circuit_operator.py took 0.075 seconds
[2024-10-19T14:27:28.123+0000] {processor.py:161} INFO - Started process (PID=1074) to work on /home/airflow/.local/lib/python3.11/site-packages/airflow/example_dags/example_short_circuit_operator.py
[2024-10-19T14:27:28.124+0000] {processor.py:830} INFO - Processing file /home/airflow/.local/lib/python3.11/site-packages/airflow/example_dags/example_short_circuit_operator.py for tasks to queue
[2024-10-19T14:27:28.126+0000] {logging_mixin.py:188} INFO - [2024-10-19T14:27:28.125+0000] {dagbag.py:545} INFO - Filling up the DagBag from /home/airflow/.local/lib/python3.11/site-packages/airflow/example_dags/example_short_circuit_operator.py
[2024-10-19T14:27:28.133+0000] {processor.py:840} INFO - DAG(s) 'example_short_circuit_operator' retrieved from /home/airflow/.local/lib/python3.11/site-packages/airflow/example_dags/example_short_circuit_operator.py
[2024-10-19T14:27:28.155+0000] {logging_mixin.py:188} INFO - [2024-10-19T14:27:28.154+0000] {dag.py:3089} INFO - Sync 1 DAGs
[2024-10-19T14:27:28.176+0000] {logging_mixin.py:188} INFO - [2024-10-19T14:27:28.176+0000] {dag.py:3947} INFO - Setting next_dagrun for example_short_circuit_operator to 2024-10-18 00:00:00+00:00, run_after=2024-10-19 00:00:00+00:00
[2024-10-19T14:27:28.196+0000] {processor.py:183} INFO - Processing /home/airflow/.local/lib/python3.11/site-packages/airflow/example_dags/example_short_circuit_operator.py took 0.080 seconds
[2024-10-19T14:27:59.058+0000] {processor.py:161} INFO - Started process (PID=1133) to work on /home/airflow/.local/lib/python3.11/site-packages/airflow/example_dags/example_short_circuit_operator.py
[2024-10-19T14:27:59.060+0000] {processor.py:830} INFO - Processing file /home/airflow/.local/lib/python3.11/site-packages/airflow/example_dags/example_short_circuit_operator.py for tasks to queue
[2024-10-19T14:27:59.062+0000] {logging_mixin.py:188} INFO - [2024-10-19T14:27:59.062+0000] {dagbag.py:545} INFO - Filling up the DagBag from /home/airflow/.local/lib/python3.11/site-packages/airflow/example_dags/example_short_circuit_operator.py
[2024-10-19T14:27:59.072+0000] {processor.py:840} INFO - DAG(s) 'example_short_circuit_operator' retrieved from /home/airflow/.local/lib/python3.11/site-packages/airflow/example_dags/example_short_circuit_operator.py
[2024-10-19T14:27:59.096+0000] {logging_mixin.py:188} INFO - [2024-10-19T14:27:59.095+0000] {dag.py:3089} INFO - Sync 1 DAGs
[2024-10-19T14:27:59.119+0000] {logging_mixin.py:188} INFO - [2024-10-19T14:27:59.118+0000] {dag.py:3947} INFO - Setting next_dagrun for example_short_circuit_operator to 2024-10-18 00:00:00+00:00, run_after=2024-10-19 00:00:00+00:00
[2024-10-19T14:27:59.140+0000] {processor.py:183} INFO - Processing /home/airflow/.local/lib/python3.11/site-packages/airflow/example_dags/example_short_circuit_operator.py took 0.089 seconds
[2024-10-19T14:28:29.299+0000] {processor.py:161} INFO - Started process (PID=1192) to work on /home/airflow/.local/lib/python3.11/site-packages/airflow/example_dags/example_short_circuit_operator.py
[2024-10-19T14:28:29.300+0000] {processor.py:830} INFO - Processing file /home/airflow/.local/lib/python3.11/site-packages/airflow/example_dags/example_short_circuit_operator.py for tasks to queue
[2024-10-19T14:28:29.301+0000] {logging_mixin.py:188} INFO - [2024-10-19T14:28:29.301+0000] {dagbag.py:545} INFO - Filling up the DagBag from /home/airflow/.local/lib/python3.11/site-packages/airflow/example_dags/example_short_circuit_operator.py
[2024-10-19T14:28:29.310+0000] {processor.py:840} INFO - DAG(s) 'example_short_circuit_operator' retrieved from /home/airflow/.local/lib/python3.11/site-packages/airflow/example_dags/example_short_circuit_operator.py
[2024-10-19T14:28:29.335+0000] {logging_mixin.py:188} INFO - [2024-10-19T14:28:29.335+0000] {dag.py:3089} INFO - Sync 1 DAGs
[2024-10-19T14:28:29.358+0000] {logging_mixin.py:188} INFO - [2024-10-19T14:28:29.358+0000] {dag.py:3947} INFO - Setting next_dagrun for example_short_circuit_operator to 2024-10-18 00:00:00+00:00, run_after=2024-10-19 00:00:00+00:00
[2024-10-19T14:28:29.383+0000] {processor.py:183} INFO - Processing /home/airflow/.local/lib/python3.11/site-packages/airflow/example_dags/example_short_circuit_operator.py took 0.090 seconds
[2024-10-19T14:28:59.568+0000] {processor.py:161} INFO - Started process (PID=1251) to work on /home/airflow/.local/lib/python3.11/site-packages/airflow/example_dags/example_short_circuit_operator.py
[2024-10-19T14:28:59.569+0000] {processor.py:830} INFO - Processing file /home/airflow/.local/lib/python3.11/site-packages/airflow/example_dags/example_short_circuit_operator.py for tasks to queue
[2024-10-19T14:28:59.570+0000] {logging_mixin.py:188} INFO - [2024-10-19T14:28:59.570+0000] {dagbag.py:545} INFO - Filling up the DagBag from /home/airflow/.local/lib/python3.11/site-packages/airflow/example_dags/example_short_circuit_operator.py
[2024-10-19T14:28:59.578+0000] {processor.py:840} INFO - DAG(s) 'example_short_circuit_operator' retrieved from /home/airflow/.local/lib/python3.11/site-packages/airflow/example_dags/example_short_circuit_operator.py
[2024-10-19T14:28:59.601+0000] {logging_mixin.py:188} INFO - [2024-10-19T14:28:59.601+0000] {dag.py:3089} INFO - Sync 1 DAGs
[2024-10-19T14:28:59.624+0000] {logging_mixin.py:188} INFO - [2024-10-19T14:28:59.623+0000] {dag.py:3947} INFO - Setting next_dagrun for example_short_circuit_operator to 2024-10-18 00:00:00+00:00, run_after=2024-10-19 00:00:00+00:00
[2024-10-19T14:28:59.646+0000] {processor.py:183} INFO - Processing /home/airflow/.local/lib/python3.11/site-packages/airflow/example_dags/example_short_circuit_operator.py took 0.084 seconds
[2024-10-19T14:29:30.390+0000] {processor.py:161} INFO - Started process (PID=1310) to work on /home/airflow/.local/lib/python3.11/site-packages/airflow/example_dags/example_short_circuit_operator.py
[2024-10-19T14:29:30.391+0000] {processor.py:830} INFO - Processing file /home/airflow/.local/lib/python3.11/site-packages/airflow/example_dags/example_short_circuit_operator.py for tasks to queue
[2024-10-19T14:29:30.392+0000] {logging_mixin.py:188} INFO - [2024-10-19T14:29:30.391+0000] {dagbag.py:545} INFO - Filling up the DagBag from /home/airflow/.local/lib/python3.11/site-packages/airflow/example_dags/example_short_circuit_operator.py
[2024-10-19T14:29:30.399+0000] {processor.py:840} INFO - DAG(s) 'example_short_circuit_operator' retrieved from /home/airflow/.local/lib/python3.11/site-packages/airflow/example_dags/example_short_circuit_operator.py
[2024-10-19T14:29:30.419+0000] {logging_mixin.py:188} INFO - [2024-10-19T14:29:30.419+0000] {dag.py:3089} INFO - Sync 1 DAGs
[2024-10-19T14:29:30.438+0000] {logging_mixin.py:188} INFO - [2024-10-19T14:29:30.438+0000] {dag.py:3947} INFO - Setting next_dagrun for example_short_circuit_operator to 2024-10-18 00:00:00+00:00, run_after=2024-10-19 00:00:00+00:00
[2024-10-19T14:29:30.467+0000] {processor.py:183} INFO - Processing /home/airflow/.local/lib/python3.11/site-packages/airflow/example_dags/example_short_circuit_operator.py took 0.084 seconds
[2024-10-19T14:30:00.841+0000] {processor.py:161} INFO - Started process (PID=1374) to work on /home/airflow/.local/lib/python3.11/site-packages/airflow/example_dags/example_short_circuit_operator.py
[2024-10-19T14:30:00.842+0000] {processor.py:830} INFO - Processing file /home/airflow/.local/lib/python3.11/site-packages/airflow/example_dags/example_short_circuit_operator.py for tasks to queue
[2024-10-19T14:30:00.843+0000] {logging_mixin.py:188} INFO - [2024-10-19T14:30:00.843+0000] {dagbag.py:545} INFO - Filling up the DagBag from /home/airflow/.local/lib/python3.11/site-packages/airflow/example_dags/example_short_circuit_operator.py
[2024-10-19T14:30:00.851+0000] {processor.py:840} INFO - DAG(s) 'example_short_circuit_operator' retrieved from /home/airflow/.local/lib/python3.11/site-packages/airflow/example_dags/example_short_circuit_operator.py
[2024-10-19T14:30:00.874+0000] {logging_mixin.py:188} INFO - [2024-10-19T14:30:00.874+0000] {dag.py:3089} INFO - Sync 1 DAGs
[2024-10-19T14:30:00.898+0000] {logging_mixin.py:188} INFO - [2024-10-19T14:30:00.897+0000] {dag.py:3947} INFO - Setting next_dagrun for example_short_circuit_operator to 2024-10-18 00:00:00+00:00, run_after=2024-10-19 00:00:00+00:00
[2024-10-19T14:30:00.925+0000] {processor.py:183} INFO - Processing /home/airflow/.local/lib/python3.11/site-packages/airflow/example_dags/example_short_circuit_operator.py took 0.090 seconds
[2024-10-19T14:30:31.756+0000] {processor.py:161} INFO - Started process (PID=1465) to work on /home/airflow/.local/lib/python3.11/site-packages/airflow/example_dags/example_short_circuit_operator.py
[2024-10-19T14:30:31.769+0000] {processor.py:830} INFO - Processing file /home/airflow/.local/lib/python3.11/site-packages/airflow/example_dags/example_short_circuit_operator.py for tasks to queue
[2024-10-19T14:30:31.807+0000] {logging_mixin.py:188} INFO - [2024-10-19T14:30:31.806+0000] {dagbag.py:545} INFO - Filling up the DagBag from /home/airflow/.local/lib/python3.11/site-packages/airflow/example_dags/example_short_circuit_operator.py
[2024-10-19T14:30:31.836+0000] {processor.py:840} INFO - DAG(s) 'example_short_circuit_operator' retrieved from /home/airflow/.local/lib/python3.11/site-packages/airflow/example_dags/example_short_circuit_operator.py
[2024-10-19T14:30:31.933+0000] {logging_mixin.py:188} INFO - [2024-10-19T14:30:31.933+0000] {dag.py:3089} INFO - Sync 1 DAGs
[2024-10-19T14:30:31.973+0000] {logging_mixin.py:188} INFO - [2024-10-19T14:30:31.973+0000] {dag.py:3947} INFO - Setting next_dagrun for example_short_circuit_operator to 2024-10-18 00:00:00+00:00, run_after=2024-10-19 00:00:00+00:00
[2024-10-19T14:30:32.065+0000] {processor.py:183} INFO - Processing /home/airflow/.local/lib/python3.11/site-packages/airflow/example_dags/example_short_circuit_operator.py took 0.318 seconds
[2024-10-19T14:31:02.511+0000] {processor.py:161} INFO - Started process (PID=1568) to work on /home/airflow/.local/lib/python3.11/site-packages/airflow/example_dags/example_short_circuit_operator.py
[2024-10-19T14:31:02.512+0000] {processor.py:830} INFO - Processing file /home/airflow/.local/lib/python3.11/site-packages/airflow/example_dags/example_short_circuit_operator.py for tasks to queue
[2024-10-19T14:31:02.514+0000] {logging_mixin.py:188} INFO - [2024-10-19T14:31:02.514+0000] {dagbag.py:545} INFO - Filling up the DagBag from /home/airflow/.local/lib/python3.11/site-packages/airflow/example_dags/example_short_circuit_operator.py
[2024-10-19T14:31:02.526+0000] {processor.py:840} INFO - DAG(s) 'example_short_circuit_operator' retrieved from /home/airflow/.local/lib/python3.11/site-packages/airflow/example_dags/example_short_circuit_operator.py
[2024-10-19T14:31:02.564+0000] {logging_mixin.py:188} INFO - [2024-10-19T14:31:02.563+0000] {dag.py:3089} INFO - Sync 1 DAGs
[2024-10-19T14:31:02.602+0000] {logging_mixin.py:188} INFO - [2024-10-19T14:31:02.602+0000] {dag.py:3947} INFO - Setting next_dagrun for example_short_circuit_operator to 2024-10-18 00:00:00+00:00, run_after=2024-10-19 00:00:00+00:00
[2024-10-19T14:31:02.634+0000] {processor.py:183} INFO - Processing /home/airflow/.local/lib/python3.11/site-packages/airflow/example_dags/example_short_circuit_operator.py took 0.132 seconds
[2024-10-19T14:31:33.457+0000] {processor.py:161} INFO - Started process (PID=1704) to work on /home/airflow/.local/lib/python3.11/site-packages/airflow/example_dags/example_short_circuit_operator.py
[2024-10-19T14:31:33.458+0000] {processor.py:830} INFO - Processing file /home/airflow/.local/lib/python3.11/site-packages/airflow/example_dags/example_short_circuit_operator.py for tasks to queue
[2024-10-19T14:31:33.459+0000] {logging_mixin.py:188} INFO - [2024-10-19T14:31:33.459+0000] {dagbag.py:545} INFO - Filling up the DagBag from /home/airflow/.local/lib/python3.11/site-packages/airflow/example_dags/example_short_circuit_operator.py
[2024-10-19T14:31:33.469+0000] {processor.py:840} INFO - DAG(s) 'example_short_circuit_operator' retrieved from /home/airflow/.local/lib/python3.11/site-packages/airflow/example_dags/example_short_circuit_operator.py
[2024-10-19T14:31:33.491+0000] {logging_mixin.py:188} INFO - [2024-10-19T14:31:33.491+0000] {dag.py:3089} INFO - Sync 1 DAGs
[2024-10-19T14:31:33.512+0000] {logging_mixin.py:188} INFO - [2024-10-19T14:31:33.512+0000] {dag.py:3947} INFO - Setting next_dagrun for example_short_circuit_operator to 2024-10-18 00:00:00+00:00, run_after=2024-10-19 00:00:00+00:00
[2024-10-19T14:31:33.530+0000] {processor.py:183} INFO - Processing /home/airflow/.local/lib/python3.11/site-packages/airflow/example_dags/example_short_circuit_operator.py took 0.078 seconds
[2024-10-19T14:32:03.766+0000] {processor.py:161} INFO - Started process (PID=1792) to work on /home/airflow/.local/lib/python3.11/site-packages/airflow/example_dags/example_short_circuit_operator.py
[2024-10-19T14:32:03.767+0000] {processor.py:830} INFO - Processing file /home/airflow/.local/lib/python3.11/site-packages/airflow/example_dags/example_short_circuit_operator.py for tasks to queue
[2024-10-19T14:32:03.767+0000] {logging_mixin.py:188} INFO - [2024-10-19T14:32:03.767+0000] {dagbag.py:545} INFO - Filling up the DagBag from /home/airflow/.local/lib/python3.11/site-packages/airflow/example_dags/example_short_circuit_operator.py
[2024-10-19T14:32:03.774+0000] {processor.py:840} INFO - DAG(s) 'example_short_circuit_operator' retrieved from /home/airflow/.local/lib/python3.11/site-packages/airflow/example_dags/example_short_circuit_operator.py
[2024-10-19T14:32:03.792+0000] {logging_mixin.py:188} INFO - [2024-10-19T14:32:03.792+0000] {dag.py:3089} INFO - Sync 1 DAGs
[2024-10-19T14:32:03.810+0000] {logging_mixin.py:188} INFO - [2024-10-19T14:32:03.810+0000] {dag.py:3947} INFO - Setting next_dagrun for example_short_circuit_operator to 2024-10-18 00:00:00+00:00, run_after=2024-10-19 00:00:00+00:00
[2024-10-19T14:32:03.826+0000] {processor.py:183} INFO - Processing /home/airflow/.local/lib/python3.11/site-packages/airflow/example_dags/example_short_circuit_operator.py took 0.065 seconds
[2024-10-19T14:32:33.985+0000] {processor.py:161} INFO - Started process (PID=1851) to work on /home/airflow/.local/lib/python3.11/site-packages/airflow/example_dags/example_short_circuit_operator.py
[2024-10-19T14:32:33.986+0000] {processor.py:830} INFO - Processing file /home/airflow/.local/lib/python3.11/site-packages/airflow/example_dags/example_short_circuit_operator.py for tasks to queue
[2024-10-19T14:32:33.987+0000] {logging_mixin.py:188} INFO - [2024-10-19T14:32:33.987+0000] {dagbag.py:545} INFO - Filling up the DagBag from /home/airflow/.local/lib/python3.11/site-packages/airflow/example_dags/example_short_circuit_operator.py
[2024-10-19T14:32:33.994+0000] {processor.py:840} INFO - DAG(s) 'example_short_circuit_operator' retrieved from /home/airflow/.local/lib/python3.11/site-packages/airflow/example_dags/example_short_circuit_operator.py
[2024-10-19T14:32:34.012+0000] {logging_mixin.py:188} INFO - [2024-10-19T14:32:34.012+0000] {dag.py:3089} INFO - Sync 1 DAGs
[2024-10-19T14:32:34.029+0000] {logging_mixin.py:188} INFO - [2024-10-19T14:32:34.029+0000] {dag.py:3947} INFO - Setting next_dagrun for example_short_circuit_operator to 2024-10-18 00:00:00+00:00, run_after=2024-10-19 00:00:00+00:00
[2024-10-19T14:32:34.045+0000] {processor.py:183} INFO - Processing /home/airflow/.local/lib/python3.11/site-packages/airflow/example_dags/example_short_circuit_operator.py took 0.065 seconds
[2024-10-19T14:33:04.473+0000] {processor.py:161} INFO - Started process (PID=1911) to work on /home/airflow/.local/lib/python3.11/site-packages/airflow/example_dags/example_short_circuit_operator.py
[2024-10-19T14:33:04.474+0000] {processor.py:830} INFO - Processing file /home/airflow/.local/lib/python3.11/site-packages/airflow/example_dags/example_short_circuit_operator.py for tasks to queue
[2024-10-19T14:33:04.475+0000] {logging_mixin.py:188} INFO - [2024-10-19T14:33:04.475+0000] {dagbag.py:545} INFO - Filling up the DagBag from /home/airflow/.local/lib/python3.11/site-packages/airflow/example_dags/example_short_circuit_operator.py
[2024-10-19T14:33:04.482+0000] {processor.py:840} INFO - DAG(s) 'example_short_circuit_operator' retrieved from /home/airflow/.local/lib/python3.11/site-packages/airflow/example_dags/example_short_circuit_operator.py
[2024-10-19T14:33:04.500+0000] {logging_mixin.py:188} INFO - [2024-10-19T14:33:04.500+0000] {dag.py:3089} INFO - Sync 1 DAGs
[2024-10-19T14:33:04.516+0000] {logging_mixin.py:188} INFO - [2024-10-19T14:33:04.516+0000] {dag.py:3947} INFO - Setting next_dagrun for example_short_circuit_operator to 2024-10-18 00:00:00+00:00, run_after=2024-10-19 00:00:00+00:00
[2024-10-19T14:33:04.533+0000] {processor.py:183} INFO - Processing /home/airflow/.local/lib/python3.11/site-packages/airflow/example_dags/example_short_circuit_operator.py took 0.065 seconds
[2024-10-19T14:33:34.991+0000] {processor.py:161} INFO - Started process (PID=1970) to work on /home/airflow/.local/lib/python3.11/site-packages/airflow/example_dags/example_short_circuit_operator.py
[2024-10-19T14:33:34.992+0000] {processor.py:830} INFO - Processing file /home/airflow/.local/lib/python3.11/site-packages/airflow/example_dags/example_short_circuit_operator.py for tasks to queue
[2024-10-19T14:33:34.993+0000] {logging_mixin.py:188} INFO - [2024-10-19T14:33:34.993+0000] {dagbag.py:545} INFO - Filling up the DagBag from /home/airflow/.local/lib/python3.11/site-packages/airflow/example_dags/example_short_circuit_operator.py
[2024-10-19T14:33:35.000+0000] {processor.py:840} INFO - DAG(s) 'example_short_circuit_operator' retrieved from /home/airflow/.local/lib/python3.11/site-packages/airflow/example_dags/example_short_circuit_operator.py
[2024-10-19T14:33:35.023+0000] {logging_mixin.py:188} INFO - [2024-10-19T14:33:35.023+0000] {dag.py:3089} INFO - Sync 1 DAGs
[2024-10-19T14:33:35.043+0000] {logging_mixin.py:188} INFO - [2024-10-19T14:33:35.042+0000] {dag.py:3947} INFO - Setting next_dagrun for example_short_circuit_operator to 2024-10-18 00:00:00+00:00, run_after=2024-10-19 00:00:00+00:00
[2024-10-19T14:33:35.063+0000] {processor.py:183} INFO - Processing /home/airflow/.local/lib/python3.11/site-packages/airflow/example_dags/example_short_circuit_operator.py took 0.078 seconds
[2024-10-19T14:34:05.231+0000] {processor.py:161} INFO - Started process (PID=2029) to work on /home/airflow/.local/lib/python3.11/site-packages/airflow/example_dags/example_short_circuit_operator.py
[2024-10-19T14:34:05.232+0000] {processor.py:830} INFO - Processing file /home/airflow/.local/lib/python3.11/site-packages/airflow/example_dags/example_short_circuit_operator.py for tasks to queue
[2024-10-19T14:34:05.232+0000] {logging_mixin.py:188} INFO - [2024-10-19T14:34:05.232+0000] {dagbag.py:545} INFO - Filling up the DagBag from /home/airflow/.local/lib/python3.11/site-packages/airflow/example_dags/example_short_circuit_operator.py
[2024-10-19T14:34:05.239+0000] {processor.py:840} INFO - DAG(s) 'example_short_circuit_operator' retrieved from /home/airflow/.local/lib/python3.11/site-packages/airflow/example_dags/example_short_circuit_operator.py
[2024-10-19T14:34:05.264+0000] {logging_mixin.py:188} INFO - [2024-10-19T14:34:05.263+0000] {dag.py:3089} INFO - Sync 1 DAGs
[2024-10-19T14:34:05.287+0000] {logging_mixin.py:188} INFO - [2024-10-19T14:34:05.287+0000] {dag.py:3947} INFO - Setting next_dagrun for example_short_circuit_operator to 2024-10-18 00:00:00+00:00, run_after=2024-10-19 00:00:00+00:00
[2024-10-19T14:34:05.312+0000] {processor.py:183} INFO - Processing /home/airflow/.local/lib/python3.11/site-packages/airflow/example_dags/example_short_circuit_operator.py took 0.086 seconds
[2024-10-19T14:34:35.508+0000] {processor.py:161} INFO - Started process (PID=2088) to work on /home/airflow/.local/lib/python3.11/site-packages/airflow/example_dags/example_short_circuit_operator.py
[2024-10-19T14:34:35.510+0000] {processor.py:830} INFO - Processing file /home/airflow/.local/lib/python3.11/site-packages/airflow/example_dags/example_short_circuit_operator.py for tasks to queue
[2024-10-19T14:34:35.513+0000] {logging_mixin.py:188} INFO - [2024-10-19T14:34:35.511+0000] {dagbag.py:545} INFO - Filling up the DagBag from /home/airflow/.local/lib/python3.11/site-packages/airflow/example_dags/example_short_circuit_operator.py
[2024-10-19T14:34:35.529+0000] {processor.py:840} INFO - DAG(s) 'example_short_circuit_operator' retrieved from /home/airflow/.local/lib/python3.11/site-packages/airflow/example_dags/example_short_circuit_operator.py
[2024-10-19T14:34:35.568+0000] {logging_mixin.py:188} INFO - [2024-10-19T14:34:35.568+0000] {dag.py:3089} INFO - Sync 1 DAGs
[2024-10-19T14:34:35.608+0000] {logging_mixin.py:188} INFO - [2024-10-19T14:34:35.608+0000] {dag.py:3947} INFO - Setting next_dagrun for example_short_circuit_operator to 2024-10-18 00:00:00+00:00, run_after=2024-10-19 00:00:00+00:00
[2024-10-19T14:34:35.632+0000] {processor.py:183} INFO - Processing /home/airflow/.local/lib/python3.11/site-packages/airflow/example_dags/example_short_circuit_operator.py took 0.132 seconds
[2024-10-19T14:35:05.690+0000] {processor.py:161} INFO - Started process (PID=2147) to work on /home/airflow/.local/lib/python3.11/site-packages/airflow/example_dags/example_short_circuit_operator.py
[2024-10-19T14:35:05.691+0000] {processor.py:830} INFO - Processing file /home/airflow/.local/lib/python3.11/site-packages/airflow/example_dags/example_short_circuit_operator.py for tasks to queue
[2024-10-19T14:35:05.692+0000] {logging_mixin.py:188} INFO - [2024-10-19T14:35:05.691+0000] {dagbag.py:545} INFO - Filling up the DagBag from /home/airflow/.local/lib/python3.11/site-packages/airflow/example_dags/example_short_circuit_operator.py
[2024-10-19T14:35:05.699+0000] {processor.py:840} INFO - DAG(s) 'example_short_circuit_operator' retrieved from /home/airflow/.local/lib/python3.11/site-packages/airflow/example_dags/example_short_circuit_operator.py
[2024-10-19T14:35:05.719+0000] {logging_mixin.py:188} INFO - [2024-10-19T14:35:05.719+0000] {dag.py:3089} INFO - Sync 1 DAGs
[2024-10-19T14:35:05.737+0000] {logging_mixin.py:188} INFO - [2024-10-19T14:35:05.737+0000] {dag.py:3947} INFO - Setting next_dagrun for example_short_circuit_operator to 2024-10-18 00:00:00+00:00, run_after=2024-10-19 00:00:00+00:00
[2024-10-19T14:35:05.759+0000] {processor.py:183} INFO - Processing /home/airflow/.local/lib/python3.11/site-packages/airflow/example_dags/example_short_circuit_operator.py took 0.074 seconds
[2024-10-19T14:35:36.303+0000] {processor.py:161} INFO - Started process (PID=2206) to work on /home/airflow/.local/lib/python3.11/site-packages/airflow/example_dags/example_short_circuit_operator.py
[2024-10-19T14:35:36.304+0000] {processor.py:830} INFO - Processing file /home/airflow/.local/lib/python3.11/site-packages/airflow/example_dags/example_short_circuit_operator.py for tasks to queue
[2024-10-19T14:35:36.305+0000] {logging_mixin.py:188} INFO - [2024-10-19T14:35:36.305+0000] {dagbag.py:545} INFO - Filling up the DagBag from /home/airflow/.local/lib/python3.11/site-packages/airflow/example_dags/example_short_circuit_operator.py
[2024-10-19T14:35:36.313+0000] {processor.py:840} INFO - DAG(s) 'example_short_circuit_operator' retrieved from /home/airflow/.local/lib/python3.11/site-packages/airflow/example_dags/example_short_circuit_operator.py
[2024-10-19T14:35:36.333+0000] {logging_mixin.py:188} INFO - [2024-10-19T14:35:36.333+0000] {dag.py:3089} INFO - Sync 1 DAGs
[2024-10-19T14:35:36.351+0000] {logging_mixin.py:188} INFO - [2024-10-19T14:35:36.351+0000] {dag.py:3947} INFO - Setting next_dagrun for example_short_circuit_operator to 2024-10-18 00:00:00+00:00, run_after=2024-10-19 00:00:00+00:00
[2024-10-19T14:35:36.368+0000] {processor.py:183} INFO - Processing /home/airflow/.local/lib/python3.11/site-packages/airflow/example_dags/example_short_circuit_operator.py took 0.071 seconds
[2024-10-19T14:36:07.098+0000] {processor.py:161} INFO - Started process (PID=2265) to work on /home/airflow/.local/lib/python3.11/site-packages/airflow/example_dags/example_short_circuit_operator.py
[2024-10-19T14:36:07.099+0000] {processor.py:830} INFO - Processing file /home/airflow/.local/lib/python3.11/site-packages/airflow/example_dags/example_short_circuit_operator.py for tasks to queue
[2024-10-19T14:36:07.100+0000] {logging_mixin.py:188} INFO - [2024-10-19T14:36:07.100+0000] {dagbag.py:545} INFO - Filling up the DagBag from /home/airflow/.local/lib/python3.11/site-packages/airflow/example_dags/example_short_circuit_operator.py
[2024-10-19T14:36:07.107+0000] {processor.py:840} INFO - DAG(s) 'example_short_circuit_operator' retrieved from /home/airflow/.local/lib/python3.11/site-packages/airflow/example_dags/example_short_circuit_operator.py
[2024-10-19T14:36:07.126+0000] {logging_mixin.py:188} INFO - [2024-10-19T14:36:07.126+0000] {dag.py:3089} INFO - Sync 1 DAGs
[2024-10-19T14:36:07.145+0000] {logging_mixin.py:188} INFO - [2024-10-19T14:36:07.145+0000] {dag.py:3947} INFO - Setting next_dagrun for example_short_circuit_operator to 2024-10-18 00:00:00+00:00, run_after=2024-10-19 00:00:00+00:00
[2024-10-19T14:36:07.163+0000] {processor.py:183} INFO - Processing /home/airflow/.local/lib/python3.11/site-packages/airflow/example_dags/example_short_circuit_operator.py took 0.070 seconds
[2024-10-19T14:36:37.973+0000] {processor.py:161} INFO - Started process (PID=2324) to work on /home/airflow/.local/lib/python3.11/site-packages/airflow/example_dags/example_short_circuit_operator.py
[2024-10-19T14:36:37.974+0000] {processor.py:830} INFO - Processing file /home/airflow/.local/lib/python3.11/site-packages/airflow/example_dags/example_short_circuit_operator.py for tasks to queue
[2024-10-19T14:36:37.975+0000] {logging_mixin.py:188} INFO - [2024-10-19T14:36:37.975+0000] {dagbag.py:545} INFO - Filling up the DagBag from /home/airflow/.local/lib/python3.11/site-packages/airflow/example_dags/example_short_circuit_operator.py
[2024-10-19T14:36:37.982+0000] {processor.py:840} INFO - DAG(s) 'example_short_circuit_operator' retrieved from /home/airflow/.local/lib/python3.11/site-packages/airflow/example_dags/example_short_circuit_operator.py
[2024-10-19T14:36:37.999+0000] {logging_mixin.py:188} INFO - [2024-10-19T14:36:37.999+0000] {dag.py:3089} INFO - Sync 1 DAGs
[2024-10-19T14:36:38.016+0000] {logging_mixin.py:188} INFO - [2024-10-19T14:36:38.016+0000] {dag.py:3947} INFO - Setting next_dagrun for example_short_circuit_operator to 2024-10-18 00:00:00+00:00, run_after=2024-10-19 00:00:00+00:00
[2024-10-19T14:36:38.033+0000] {processor.py:183} INFO - Processing /home/airflow/.local/lib/python3.11/site-packages/airflow/example_dags/example_short_circuit_operator.py took 0.065 seconds
[2024-10-19T14:37:08.993+0000] {processor.py:161} INFO - Started process (PID=2383) to work on /home/airflow/.local/lib/python3.11/site-packages/airflow/example_dags/example_short_circuit_operator.py
[2024-10-19T14:37:08.994+0000] {processor.py:830} INFO - Processing file /home/airflow/.local/lib/python3.11/site-packages/airflow/example_dags/example_short_circuit_operator.py for tasks to queue
[2024-10-19T14:37:08.995+0000] {logging_mixin.py:188} INFO - [2024-10-19T14:37:08.995+0000] {dagbag.py:545} INFO - Filling up the DagBag from /home/airflow/.local/lib/python3.11/site-packages/airflow/example_dags/example_short_circuit_operator.py
[2024-10-19T14:37:09.003+0000] {processor.py:840} INFO - DAG(s) 'example_short_circuit_operator' retrieved from /home/airflow/.local/lib/python3.11/site-packages/airflow/example_dags/example_short_circuit_operator.py
[2024-10-19T14:37:09.027+0000] {logging_mixin.py:188} INFO - [2024-10-19T14:37:09.027+0000] {dag.py:3089} INFO - Sync 1 DAGs
[2024-10-19T14:37:09.047+0000] {logging_mixin.py:188} INFO - [2024-10-19T14:37:09.047+0000] {dag.py:3947} INFO - Setting next_dagrun for example_short_circuit_operator to 2024-10-18 00:00:00+00:00, run_after=2024-10-19 00:00:00+00:00
[2024-10-19T14:37:09.070+0000] {processor.py:183} INFO - Processing /home/airflow/.local/lib/python3.11/site-packages/airflow/example_dags/example_short_circuit_operator.py took 0.084 seconds
[2024-10-19T14:37:39.252+0000] {processor.py:161} INFO - Started process (PID=2447) to work on /home/airflow/.local/lib/python3.11/site-packages/airflow/example_dags/example_short_circuit_operator.py
[2024-10-19T14:37:39.253+0000] {processor.py:830} INFO - Processing file /home/airflow/.local/lib/python3.11/site-packages/airflow/example_dags/example_short_circuit_operator.py for tasks to queue
[2024-10-19T14:37:39.254+0000] {logging_mixin.py:188} INFO - [2024-10-19T14:37:39.254+0000] {dagbag.py:545} INFO - Filling up the DagBag from /home/airflow/.local/lib/python3.11/site-packages/airflow/example_dags/example_short_circuit_operator.py
[2024-10-19T14:37:39.270+0000] {processor.py:840} INFO - DAG(s) 'example_short_circuit_operator' retrieved from /home/airflow/.local/lib/python3.11/site-packages/airflow/example_dags/example_short_circuit_operator.py
[2024-10-19T14:37:39.308+0000] {logging_mixin.py:188} INFO - [2024-10-19T14:37:39.307+0000] {dag.py:3089} INFO - Sync 1 DAGs
[2024-10-19T14:37:39.358+0000] {logging_mixin.py:188} INFO - [2024-10-19T14:37:39.358+0000] {dag.py:3947} INFO - Setting next_dagrun for example_short_circuit_operator to 2024-10-18 00:00:00+00:00, run_after=2024-10-19 00:00:00+00:00
[2024-10-19T14:37:39.391+0000] {processor.py:183} INFO - Processing /home/airflow/.local/lib/python3.11/site-packages/airflow/example_dags/example_short_circuit_operator.py took 0.147 seconds
[2024-10-19T14:38:09.616+0000] {processor.py:161} INFO - Started process (PID=2506) to work on /home/airflow/.local/lib/python3.11/site-packages/airflow/example_dags/example_short_circuit_operator.py
[2024-10-19T14:38:09.617+0000] {processor.py:830} INFO - Processing file /home/airflow/.local/lib/python3.11/site-packages/airflow/example_dags/example_short_circuit_operator.py for tasks to queue
[2024-10-19T14:38:09.618+0000] {logging_mixin.py:188} INFO - [2024-10-19T14:38:09.618+0000] {dagbag.py:545} INFO - Filling up the DagBag from /home/airflow/.local/lib/python3.11/site-packages/airflow/example_dags/example_short_circuit_operator.py
[2024-10-19T14:38:09.625+0000] {processor.py:840} INFO - DAG(s) 'example_short_circuit_operator' retrieved from /home/airflow/.local/lib/python3.11/site-packages/airflow/example_dags/example_short_circuit_operator.py
[2024-10-19T14:38:09.647+0000] {logging_mixin.py:188} INFO - [2024-10-19T14:38:09.647+0000] {dag.py:3089} INFO - Sync 1 DAGs
[2024-10-19T14:38:09.670+0000] {logging_mixin.py:188} INFO - [2024-10-19T14:38:09.670+0000] {dag.py:3947} INFO - Setting next_dagrun for example_short_circuit_operator to 2024-10-18 00:00:00+00:00, run_after=2024-10-19 00:00:00+00:00
[2024-10-19T14:38:09.697+0000] {processor.py:183} INFO - Processing /home/airflow/.local/lib/python3.11/site-packages/airflow/example_dags/example_short_circuit_operator.py took 0.086 seconds
[2024-10-19T14:38:40.625+0000] {processor.py:161} INFO - Started process (PID=2566) to work on /home/airflow/.local/lib/python3.11/site-packages/airflow/example_dags/example_short_circuit_operator.py
[2024-10-19T14:38:40.626+0000] {processor.py:830} INFO - Processing file /home/airflow/.local/lib/python3.11/site-packages/airflow/example_dags/example_short_circuit_operator.py for tasks to queue
[2024-10-19T14:38:40.626+0000] {logging_mixin.py:188} INFO - [2024-10-19T14:38:40.626+0000] {dagbag.py:545} INFO - Filling up the DagBag from /home/airflow/.local/lib/python3.11/site-packages/airflow/example_dags/example_short_circuit_operator.py
[2024-10-19T14:38:40.635+0000] {processor.py:840} INFO - DAG(s) 'example_short_circuit_operator' retrieved from /home/airflow/.local/lib/python3.11/site-packages/airflow/example_dags/example_short_circuit_operator.py
[2024-10-19T14:38:40.653+0000] {logging_mixin.py:188} INFO - [2024-10-19T14:38:40.653+0000] {dag.py:3089} INFO - Sync 1 DAGs
[2024-10-19T14:38:40.675+0000] {logging_mixin.py:188} INFO - [2024-10-19T14:38:40.675+0000] {dag.py:3947} INFO - Setting next_dagrun for example_short_circuit_operator to 2024-10-18 00:00:00+00:00, run_after=2024-10-19 00:00:00+00:00
[2024-10-19T14:38:40.698+0000] {processor.py:183} INFO - Processing /home/airflow/.local/lib/python3.11/site-packages/airflow/example_dags/example_short_circuit_operator.py took 0.078 seconds
[2024-10-19T14:39:10.931+0000] {processor.py:161} INFO - Started process (PID=2625) to work on /home/airflow/.local/lib/python3.11/site-packages/airflow/example_dags/example_short_circuit_operator.py
[2024-10-19T14:39:10.932+0000] {processor.py:830} INFO - Processing file /home/airflow/.local/lib/python3.11/site-packages/airflow/example_dags/example_short_circuit_operator.py for tasks to queue
[2024-10-19T14:39:10.933+0000] {logging_mixin.py:188} INFO - [2024-10-19T14:39:10.933+0000] {dagbag.py:545} INFO - Filling up the DagBag from /home/airflow/.local/lib/python3.11/site-packages/airflow/example_dags/example_short_circuit_operator.py
[2024-10-19T14:39:10.940+0000] {processor.py:840} INFO - DAG(s) 'example_short_circuit_operator' retrieved from /home/airflow/.local/lib/python3.11/site-packages/airflow/example_dags/example_short_circuit_operator.py
[2024-10-19T14:39:10.957+0000] {logging_mixin.py:188} INFO - [2024-10-19T14:39:10.957+0000] {dag.py:3089} INFO - Sync 1 DAGs
[2024-10-19T14:39:10.974+0000] {logging_mixin.py:188} INFO - [2024-10-19T14:39:10.973+0000] {dag.py:3947} INFO - Setting next_dagrun for example_short_circuit_operator to 2024-10-18 00:00:00+00:00, run_after=2024-10-19 00:00:00+00:00
[2024-10-19T14:39:11.008+0000] {processor.py:183} INFO - Processing /home/airflow/.local/lib/python3.11/site-packages/airflow/example_dags/example_short_circuit_operator.py took 0.082 seconds
[2024-10-19T14:39:41.541+0000] {processor.py:161} INFO - Started process (PID=2684) to work on /home/airflow/.local/lib/python3.11/site-packages/airflow/example_dags/example_short_circuit_operator.py
[2024-10-19T14:39:41.542+0000] {processor.py:830} INFO - Processing file /home/airflow/.local/lib/python3.11/site-packages/airflow/example_dags/example_short_circuit_operator.py for tasks to queue
[2024-10-19T14:39:41.543+0000] {logging_mixin.py:188} INFO - [2024-10-19T14:39:41.542+0000] {dagbag.py:545} INFO - Filling up the DagBag from /home/airflow/.local/lib/python3.11/site-packages/airflow/example_dags/example_short_circuit_operator.py
[2024-10-19T14:39:41.550+0000] {processor.py:840} INFO - DAG(s) 'example_short_circuit_operator' retrieved from /home/airflow/.local/lib/python3.11/site-packages/airflow/example_dags/example_short_circuit_operator.py
[2024-10-19T14:39:41.570+0000] {logging_mixin.py:188} INFO - [2024-10-19T14:39:41.570+0000] {dag.py:3089} INFO - Sync 1 DAGs
[2024-10-19T14:39:41.589+0000] {logging_mixin.py:188} INFO - [2024-10-19T14:39:41.589+0000] {dag.py:3947} INFO - Setting next_dagrun for example_short_circuit_operator to 2024-10-18 00:00:00+00:00, run_after=2024-10-19 00:00:00+00:00
[2024-10-19T14:39:41.608+0000] {processor.py:183} INFO - Processing /home/airflow/.local/lib/python3.11/site-packages/airflow/example_dags/example_short_circuit_operator.py took 0.073 seconds
[2024-10-19T14:40:11.723+0000] {processor.py:161} INFO - Started process (PID=2743) to work on /home/airflow/.local/lib/python3.11/site-packages/airflow/example_dags/example_short_circuit_operator.py
[2024-10-19T14:40:11.725+0000] {processor.py:830} INFO - Processing file /home/airflow/.local/lib/python3.11/site-packages/airflow/example_dags/example_short_circuit_operator.py for tasks to queue
[2024-10-19T14:40:11.731+0000] {logging_mixin.py:188} INFO - [2024-10-19T14:40:11.730+0000] {dagbag.py:545} INFO - Filling up the DagBag from /home/airflow/.local/lib/python3.11/site-packages/airflow/example_dags/example_short_circuit_operator.py
[2024-10-19T14:40:11.744+0000] {processor.py:840} INFO - DAG(s) 'example_short_circuit_operator' retrieved from /home/airflow/.local/lib/python3.11/site-packages/airflow/example_dags/example_short_circuit_operator.py
[2024-10-19T14:40:11.790+0000] {logging_mixin.py:188} INFO - [2024-10-19T14:40:11.789+0000] {dag.py:3089} INFO - Sync 1 DAGs
[2024-10-19T14:40:11.828+0000] {logging_mixin.py:188} INFO - [2024-10-19T14:40:11.828+0000] {dag.py:3947} INFO - Setting next_dagrun for example_short_circuit_operator to 2024-10-18 00:00:00+00:00, run_after=2024-10-19 00:00:00+00:00
[2024-10-19T14:40:11.855+0000] {processor.py:183} INFO - Processing /home/airflow/.local/lib/python3.11/site-packages/airflow/example_dags/example_short_circuit_operator.py took 0.146 seconds
[2024-10-19T14:40:42.827+0000] {processor.py:161} INFO - Started process (PID=2802) to work on /home/airflow/.local/lib/python3.11/site-packages/airflow/example_dags/example_short_circuit_operator.py
[2024-10-19T14:40:42.836+0000] {processor.py:830} INFO - Processing file /home/airflow/.local/lib/python3.11/site-packages/airflow/example_dags/example_short_circuit_operator.py for tasks to queue
[2024-10-19T14:40:42.837+0000] {logging_mixin.py:188} INFO - [2024-10-19T14:40:42.837+0000] {dagbag.py:545} INFO - Filling up the DagBag from /home/airflow/.local/lib/python3.11/site-packages/airflow/example_dags/example_short_circuit_operator.py
[2024-10-19T14:40:42.848+0000] {processor.py:840} INFO - DAG(s) 'example_short_circuit_operator' retrieved from /home/airflow/.local/lib/python3.11/site-packages/airflow/example_dags/example_short_circuit_operator.py
[2024-10-19T14:40:42.885+0000] {logging_mixin.py:188} INFO - [2024-10-19T14:40:42.885+0000] {dag.py:3089} INFO - Sync 1 DAGs
[2024-10-19T14:40:42.923+0000] {logging_mixin.py:188} INFO - [2024-10-19T14:40:42.922+0000] {dag.py:3947} INFO - Setting next_dagrun for example_short_circuit_operator to 2024-10-18 00:00:00+00:00, run_after=2024-10-19 00:00:00+00:00
[2024-10-19T14:40:42.982+0000] {processor.py:183} INFO - Processing /home/airflow/.local/lib/python3.11/site-packages/airflow/example_dags/example_short_circuit_operator.py took 0.160 seconds
[2024-10-19T14:41:13.745+0000] {processor.py:161} INFO - Started process (PID=2861) to work on /home/airflow/.local/lib/python3.11/site-packages/airflow/example_dags/example_short_circuit_operator.py
[2024-10-19T14:41:13.746+0000] {processor.py:830} INFO - Processing file /home/airflow/.local/lib/python3.11/site-packages/airflow/example_dags/example_short_circuit_operator.py for tasks to queue
[2024-10-19T14:41:13.747+0000] {logging_mixin.py:188} INFO - [2024-10-19T14:41:13.746+0000] {dagbag.py:545} INFO - Filling up the DagBag from /home/airflow/.local/lib/python3.11/site-packages/airflow/example_dags/example_short_circuit_operator.py
[2024-10-19T14:41:13.754+0000] {processor.py:840} INFO - DAG(s) 'example_short_circuit_operator' retrieved from /home/airflow/.local/lib/python3.11/site-packages/airflow/example_dags/example_short_circuit_operator.py
[2024-10-19T14:41:13.776+0000] {logging_mixin.py:188} INFO - [2024-10-19T14:41:13.776+0000] {dag.py:3089} INFO - Sync 1 DAGs
[2024-10-19T14:41:13.794+0000] {logging_mixin.py:188} INFO - [2024-10-19T14:41:13.794+0000] {dag.py:3947} INFO - Setting next_dagrun for example_short_circuit_operator to 2024-10-18 00:00:00+00:00, run_after=2024-10-19 00:00:00+00:00
[2024-10-19T14:41:13.816+0000] {processor.py:183} INFO - Processing /home/airflow/.local/lib/python3.11/site-packages/airflow/example_dags/example_short_circuit_operator.py took 0.077 seconds
[2024-10-19T14:41:44.348+0000] {processor.py:161} INFO - Started process (PID=2920) to work on /home/airflow/.local/lib/python3.11/site-packages/airflow/example_dags/example_short_circuit_operator.py
[2024-10-19T14:41:44.354+0000] {processor.py:830} INFO - Processing file /home/airflow/.local/lib/python3.11/site-packages/airflow/example_dags/example_short_circuit_operator.py for tasks to queue
[2024-10-19T14:41:44.356+0000] {logging_mixin.py:188} INFO - [2024-10-19T14:41:44.355+0000] {dagbag.py:545} INFO - Filling up the DagBag from /home/airflow/.local/lib/python3.11/site-packages/airflow/example_dags/example_short_circuit_operator.py
[2024-10-19T14:41:44.369+0000] {processor.py:840} INFO - DAG(s) 'example_short_circuit_operator' retrieved from /home/airflow/.local/lib/python3.11/site-packages/airflow/example_dags/example_short_circuit_operator.py
[2024-10-19T14:41:44.412+0000] {logging_mixin.py:188} INFO - [2024-10-19T14:41:44.412+0000] {dag.py:3089} INFO - Sync 1 DAGs
[2024-10-19T14:41:44.446+0000] {logging_mixin.py:188} INFO - [2024-10-19T14:41:44.445+0000] {dag.py:3947} INFO - Setting next_dagrun for example_short_circuit_operator to 2024-10-18 00:00:00+00:00, run_after=2024-10-19 00:00:00+00:00
[2024-10-19T14:41:44.480+0000] {processor.py:183} INFO - Processing /home/airflow/.local/lib/python3.11/site-packages/airflow/example_dags/example_short_circuit_operator.py took 0.140 seconds
[2024-10-19T14:42:14.566+0000] {processor.py:161} INFO - Started process (PID=2979) to work on /home/airflow/.local/lib/python3.11/site-packages/airflow/example_dags/example_short_circuit_operator.py
[2024-10-19T14:42:14.567+0000] {processor.py:830} INFO - Processing file /home/airflow/.local/lib/python3.11/site-packages/airflow/example_dags/example_short_circuit_operator.py for tasks to queue
[2024-10-19T14:42:14.567+0000] {logging_mixin.py:188} INFO - [2024-10-19T14:42:14.567+0000] {dagbag.py:545} INFO - Filling up the DagBag from /home/airflow/.local/lib/python3.11/site-packages/airflow/example_dags/example_short_circuit_operator.py
[2024-10-19T14:42:14.574+0000] {processor.py:840} INFO - DAG(s) 'example_short_circuit_operator' retrieved from /home/airflow/.local/lib/python3.11/site-packages/airflow/example_dags/example_short_circuit_operator.py
[2024-10-19T14:42:14.594+0000] {logging_mixin.py:188} INFO - [2024-10-19T14:42:14.594+0000] {dag.py:3089} INFO - Sync 1 DAGs
[2024-10-19T14:42:14.612+0000] {logging_mixin.py:188} INFO - [2024-10-19T14:42:14.612+0000] {dag.py:3947} INFO - Setting next_dagrun for example_short_circuit_operator to 2024-10-18 00:00:00+00:00, run_after=2024-10-19 00:00:00+00:00
[2024-10-19T14:42:14.629+0000] {processor.py:183} INFO - Processing /home/airflow/.local/lib/python3.11/site-packages/airflow/example_dags/example_short_circuit_operator.py took 0.068 seconds
[2024-10-19T14:42:44.830+0000] {processor.py:161} INFO - Started process (PID=3037) to work on /home/airflow/.local/lib/python3.11/site-packages/airflow/example_dags/example_short_circuit_operator.py
[2024-10-19T14:42:44.831+0000] {processor.py:830} INFO - Processing file /home/airflow/.local/lib/python3.11/site-packages/airflow/example_dags/example_short_circuit_operator.py for tasks to queue
[2024-10-19T14:42:44.832+0000] {logging_mixin.py:188} INFO - [2024-10-19T14:42:44.831+0000] {dagbag.py:545} INFO - Filling up the DagBag from /home/airflow/.local/lib/python3.11/site-packages/airflow/example_dags/example_short_circuit_operator.py
[2024-10-19T14:42:44.839+0000] {processor.py:840} INFO - DAG(s) 'example_short_circuit_operator' retrieved from /home/airflow/.local/lib/python3.11/site-packages/airflow/example_dags/example_short_circuit_operator.py
[2024-10-19T14:42:44.859+0000] {logging_mixin.py:188} INFO - [2024-10-19T14:42:44.858+0000] {dag.py:3089} INFO - Sync 1 DAGs
[2024-10-19T14:42:44.875+0000] {logging_mixin.py:188} INFO - [2024-10-19T14:42:44.875+0000] {dag.py:3947} INFO - Setting next_dagrun for example_short_circuit_operator to 2024-10-18 00:00:00+00:00, run_after=2024-10-19 00:00:00+00:00
[2024-10-19T14:42:44.891+0000] {processor.py:183} INFO - Processing /home/airflow/.local/lib/python3.11/site-packages/airflow/example_dags/example_short_circuit_operator.py took 0.066 seconds
[2024-10-19T14:43:15.512+0000] {processor.py:161} INFO - Started process (PID=3098) to work on /home/airflow/.local/lib/python3.11/site-packages/airflow/example_dags/example_short_circuit_operator.py
[2024-10-19T14:43:15.513+0000] {processor.py:830} INFO - Processing file /home/airflow/.local/lib/python3.11/site-packages/airflow/example_dags/example_short_circuit_operator.py for tasks to queue
[2024-10-19T14:43:15.513+0000] {logging_mixin.py:188} INFO - [2024-10-19T14:43:15.513+0000] {dagbag.py:545} INFO - Filling up the DagBag from /home/airflow/.local/lib/python3.11/site-packages/airflow/example_dags/example_short_circuit_operator.py
[2024-10-19T14:43:15.520+0000] {processor.py:840} INFO - DAG(s) 'example_short_circuit_operator' retrieved from /home/airflow/.local/lib/python3.11/site-packages/airflow/example_dags/example_short_circuit_operator.py
[2024-10-19T14:43:15.540+0000] {logging_mixin.py:188} INFO - [2024-10-19T14:43:15.539+0000] {dag.py:3089} INFO - Sync 1 DAGs
[2024-10-19T14:43:15.559+0000] {logging_mixin.py:188} INFO - [2024-10-19T14:43:15.559+0000] {dag.py:3947} INFO - Setting next_dagrun for example_short_circuit_operator to 2024-10-18 00:00:00+00:00, run_after=2024-10-19 00:00:00+00:00
[2024-10-19T14:43:15.577+0000] {processor.py:183} INFO - Processing /home/airflow/.local/lib/python3.11/site-packages/airflow/example_dags/example_short_circuit_operator.py took 0.070 seconds
[2024-10-19T14:43:46.429+0000] {processor.py:161} INFO - Started process (PID=3157) to work on /home/airflow/.local/lib/python3.11/site-packages/airflow/example_dags/example_short_circuit_operator.py
[2024-10-19T14:43:46.430+0000] {processor.py:830} INFO - Processing file /home/airflow/.local/lib/python3.11/site-packages/airflow/example_dags/example_short_circuit_operator.py for tasks to queue
[2024-10-19T14:43:46.430+0000] {logging_mixin.py:188} INFO - [2024-10-19T14:43:46.430+0000] {dagbag.py:545} INFO - Filling up the DagBag from /home/airflow/.local/lib/python3.11/site-packages/airflow/example_dags/example_short_circuit_operator.py
[2024-10-19T14:43:46.438+0000] {processor.py:840} INFO - DAG(s) 'example_short_circuit_operator' retrieved from /home/airflow/.local/lib/python3.11/site-packages/airflow/example_dags/example_short_circuit_operator.py
[2024-10-19T14:43:46.457+0000] {logging_mixin.py:188} INFO - [2024-10-19T14:43:46.457+0000] {dag.py:3089} INFO - Sync 1 DAGs
[2024-10-19T14:43:46.477+0000] {logging_mixin.py:188} INFO - [2024-10-19T14:43:46.477+0000] {dag.py:3947} INFO - Setting next_dagrun for example_short_circuit_operator to 2024-10-18 00:00:00+00:00, run_after=2024-10-19 00:00:00+00:00
[2024-10-19T14:43:46.493+0000] {processor.py:183} INFO - Processing /home/airflow/.local/lib/python3.11/site-packages/airflow/example_dags/example_short_circuit_operator.py took 0.070 seconds
[2024-10-19T14:44:16.966+0000] {processor.py:161} INFO - Started process (PID=3222) to work on /home/airflow/.local/lib/python3.11/site-packages/airflow/example_dags/example_short_circuit_operator.py
[2024-10-19T14:44:16.967+0000] {processor.py:830} INFO - Processing file /home/airflow/.local/lib/python3.11/site-packages/airflow/example_dags/example_short_circuit_operator.py for tasks to queue
[2024-10-19T14:44:16.968+0000] {logging_mixin.py:188} INFO - [2024-10-19T14:44:16.968+0000] {dagbag.py:545} INFO - Filling up the DagBag from /home/airflow/.local/lib/python3.11/site-packages/airflow/example_dags/example_short_circuit_operator.py
[2024-10-19T14:44:16.975+0000] {processor.py:840} INFO - DAG(s) 'example_short_circuit_operator' retrieved from /home/airflow/.local/lib/python3.11/site-packages/airflow/example_dags/example_short_circuit_operator.py
[2024-10-19T14:44:16.995+0000] {logging_mixin.py:188} INFO - [2024-10-19T14:44:16.995+0000] {dag.py:3089} INFO - Sync 1 DAGs
[2024-10-19T14:44:17.018+0000] {logging_mixin.py:188} INFO - [2024-10-19T14:44:17.018+0000] {dag.py:3947} INFO - Setting next_dagrun for example_short_circuit_operator to 2024-10-18 00:00:00+00:00, run_after=2024-10-19 00:00:00+00:00
[2024-10-19T14:44:17.034+0000] {processor.py:183} INFO - Processing /home/airflow/.local/lib/python3.11/site-packages/airflow/example_dags/example_short_circuit_operator.py took 0.073 seconds
[2024-10-19T14:44:47.591+0000] {processor.py:161} INFO - Started process (PID=3282) to work on /home/airflow/.local/lib/python3.11/site-packages/airflow/example_dags/example_short_circuit_operator.py
[2024-10-19T14:44:47.592+0000] {processor.py:830} INFO - Processing file /home/airflow/.local/lib/python3.11/site-packages/airflow/example_dags/example_short_circuit_operator.py for tasks to queue
[2024-10-19T14:44:47.593+0000] {logging_mixin.py:188} INFO - [2024-10-19T14:44:47.593+0000] {dagbag.py:545} INFO - Filling up the DagBag from /home/airflow/.local/lib/python3.11/site-packages/airflow/example_dags/example_short_circuit_operator.py
[2024-10-19T14:44:47.600+0000] {processor.py:840} INFO - DAG(s) 'example_short_circuit_operator' retrieved from /home/airflow/.local/lib/python3.11/site-packages/airflow/example_dags/example_short_circuit_operator.py
[2024-10-19T14:44:47.619+0000] {logging_mixin.py:188} INFO - [2024-10-19T14:44:47.618+0000] {dag.py:3089} INFO - Sync 1 DAGs
[2024-10-19T14:44:47.636+0000] {logging_mixin.py:188} INFO - [2024-10-19T14:44:47.636+0000] {dag.py:3947} INFO - Setting next_dagrun for example_short_circuit_operator to 2024-10-18 00:00:00+00:00, run_after=2024-10-19 00:00:00+00:00
[2024-10-19T14:44:47.653+0000] {processor.py:183} INFO - Processing /home/airflow/.local/lib/python3.11/site-packages/airflow/example_dags/example_short_circuit_operator.py took 0.066 seconds
[2024-10-19T14:45:18.003+0000] {processor.py:161} INFO - Started process (PID=3341) to work on /home/airflow/.local/lib/python3.11/site-packages/airflow/example_dags/example_short_circuit_operator.py
[2024-10-19T14:45:18.004+0000] {processor.py:830} INFO - Processing file /home/airflow/.local/lib/python3.11/site-packages/airflow/example_dags/example_short_circuit_operator.py for tasks to queue
[2024-10-19T14:45:18.005+0000] {logging_mixin.py:188} INFO - [2024-10-19T14:45:18.005+0000] {dagbag.py:545} INFO - Filling up the DagBag from /home/airflow/.local/lib/python3.11/site-packages/airflow/example_dags/example_short_circuit_operator.py
[2024-10-19T14:45:18.013+0000] {processor.py:840} INFO - DAG(s) 'example_short_circuit_operator' retrieved from /home/airflow/.local/lib/python3.11/site-packages/airflow/example_dags/example_short_circuit_operator.py
[2024-10-19T14:45:18.032+0000] {logging_mixin.py:188} INFO - [2024-10-19T14:45:18.032+0000] {dag.py:3089} INFO - Sync 1 DAGs
[2024-10-19T14:45:18.051+0000] {logging_mixin.py:188} INFO - [2024-10-19T14:45:18.050+0000] {dag.py:3947} INFO - Setting next_dagrun for example_short_circuit_operator to 2024-10-18 00:00:00+00:00, run_after=2024-10-19 00:00:00+00:00
[2024-10-19T14:45:18.067+0000] {processor.py:183} INFO - Processing /home/airflow/.local/lib/python3.11/site-packages/airflow/example_dags/example_short_circuit_operator.py took 0.069 seconds
[2024-10-19T14:45:48.214+0000] {processor.py:161} INFO - Started process (PID=3400) to work on /home/airflow/.local/lib/python3.11/site-packages/airflow/example_dags/example_short_circuit_operator.py
[2024-10-19T14:45:48.215+0000] {processor.py:830} INFO - Processing file /home/airflow/.local/lib/python3.11/site-packages/airflow/example_dags/example_short_circuit_operator.py for tasks to queue
[2024-10-19T14:45:48.215+0000] {logging_mixin.py:188} INFO - [2024-10-19T14:45:48.215+0000] {dagbag.py:545} INFO - Filling up the DagBag from /home/airflow/.local/lib/python3.11/site-packages/airflow/example_dags/example_short_circuit_operator.py
[2024-10-19T14:45:48.224+0000] {processor.py:840} INFO - DAG(s) 'example_short_circuit_operator' retrieved from /home/airflow/.local/lib/python3.11/site-packages/airflow/example_dags/example_short_circuit_operator.py
[2024-10-19T14:45:48.246+0000] {logging_mixin.py:188} INFO - [2024-10-19T14:45:48.245+0000] {dag.py:3089} INFO - Sync 1 DAGs
[2024-10-19T14:45:48.264+0000] {logging_mixin.py:188} INFO - [2024-10-19T14:45:48.264+0000] {dag.py:3947} INFO - Setting next_dagrun for example_short_circuit_operator to 2024-10-18 00:00:00+00:00, run_after=2024-10-19 00:00:00+00:00
[2024-10-19T14:45:48.281+0000] {processor.py:183} INFO - Processing /home/airflow/.local/lib/python3.11/site-packages/airflow/example_dags/example_short_circuit_operator.py took 0.073 seconds
[2024-10-19T14:46:18.339+0000] {processor.py:161} INFO - Started process (PID=3460) to work on /home/airflow/.local/lib/python3.11/site-packages/airflow/example_dags/example_short_circuit_operator.py
[2024-10-19T14:46:18.340+0000] {processor.py:830} INFO - Processing file /home/airflow/.local/lib/python3.11/site-packages/airflow/example_dags/example_short_circuit_operator.py for tasks to queue
[2024-10-19T14:46:18.341+0000] {logging_mixin.py:188} INFO - [2024-10-19T14:46:18.341+0000] {dagbag.py:545} INFO - Filling up the DagBag from /home/airflow/.local/lib/python3.11/site-packages/airflow/example_dags/example_short_circuit_operator.py
[2024-10-19T14:46:18.348+0000] {processor.py:840} INFO - DAG(s) 'example_short_circuit_operator' retrieved from /home/airflow/.local/lib/python3.11/site-packages/airflow/example_dags/example_short_circuit_operator.py
[2024-10-19T14:46:18.368+0000] {logging_mixin.py:188} INFO - [2024-10-19T14:46:18.368+0000] {dag.py:3089} INFO - Sync 1 DAGs
[2024-10-19T14:46:18.386+0000] {logging_mixin.py:188} INFO - [2024-10-19T14:46:18.386+0000] {dag.py:3947} INFO - Setting next_dagrun for example_short_circuit_operator to 2024-10-18 00:00:00+00:00, run_after=2024-10-19 00:00:00+00:00
[2024-10-19T14:46:18.405+0000] {processor.py:183} INFO - Processing /home/airflow/.local/lib/python3.11/site-packages/airflow/example_dags/example_short_circuit_operator.py took 0.071 seconds
[2024-10-19T14:46:49.149+0000] {processor.py:161} INFO - Started process (PID=3520) to work on /home/airflow/.local/lib/python3.11/site-packages/airflow/example_dags/example_short_circuit_operator.py
[2024-10-19T14:46:49.150+0000] {processor.py:830} INFO - Processing file /home/airflow/.local/lib/python3.11/site-packages/airflow/example_dags/example_short_circuit_operator.py for tasks to queue
[2024-10-19T14:46:49.151+0000] {logging_mixin.py:188} INFO - [2024-10-19T14:46:49.150+0000] {dagbag.py:545} INFO - Filling up the DagBag from /home/airflow/.local/lib/python3.11/site-packages/airflow/example_dags/example_short_circuit_operator.py
[2024-10-19T14:46:49.163+0000] {processor.py:840} INFO - DAG(s) 'example_short_circuit_operator' retrieved from /home/airflow/.local/lib/python3.11/site-packages/airflow/example_dags/example_short_circuit_operator.py
[2024-10-19T14:46:49.194+0000] {logging_mixin.py:188} INFO - [2024-10-19T14:46:49.194+0000] {dag.py:3089} INFO - Sync 1 DAGs
[2024-10-19T14:46:49.228+0000] {logging_mixin.py:188} INFO - [2024-10-19T14:46:49.228+0000] {dag.py:3947} INFO - Setting next_dagrun for example_short_circuit_operator to 2024-10-18 00:00:00+00:00, run_after=2024-10-19 00:00:00+00:00
[2024-10-19T14:46:49.255+0000] {processor.py:183} INFO - Processing /home/airflow/.local/lib/python3.11/site-packages/airflow/example_dags/example_short_circuit_operator.py took 0.114 seconds
[2024-10-19T14:47:19.378+0000] {processor.py:161} INFO - Started process (PID=3579) to work on /home/airflow/.local/lib/python3.11/site-packages/airflow/example_dags/example_short_circuit_operator.py
[2024-10-19T14:47:19.378+0000] {processor.py:830} INFO - Processing file /home/airflow/.local/lib/python3.11/site-packages/airflow/example_dags/example_short_circuit_operator.py for tasks to queue
[2024-10-19T14:47:19.379+0000] {logging_mixin.py:188} INFO - [2024-10-19T14:47:19.379+0000] {dagbag.py:545} INFO - Filling up the DagBag from /home/airflow/.local/lib/python3.11/site-packages/airflow/example_dags/example_short_circuit_operator.py
[2024-10-19T14:47:19.388+0000] {processor.py:840} INFO - DAG(s) 'example_short_circuit_operator' retrieved from /home/airflow/.local/lib/python3.11/site-packages/airflow/example_dags/example_short_circuit_operator.py
[2024-10-19T14:47:19.408+0000] {logging_mixin.py:188} INFO - [2024-10-19T14:47:19.408+0000] {dag.py:3089} INFO - Sync 1 DAGs
[2024-10-19T14:47:19.426+0000] {logging_mixin.py:188} INFO - [2024-10-19T14:47:19.426+0000] {dag.py:3947} INFO - Setting next_dagrun for example_short_circuit_operator to 2024-10-18 00:00:00+00:00, run_after=2024-10-19 00:00:00+00:00
[2024-10-19T14:47:19.443+0000] {processor.py:183} INFO - Processing /home/airflow/.local/lib/python3.11/site-packages/airflow/example_dags/example_short_circuit_operator.py took 0.073 seconds
[2024-10-19T14:47:49.573+0000] {processor.py:161} INFO - Started process (PID=3638) to work on /home/airflow/.local/lib/python3.11/site-packages/airflow/example_dags/example_short_circuit_operator.py
[2024-10-19T14:47:49.575+0000] {processor.py:830} INFO - Processing file /home/airflow/.local/lib/python3.11/site-packages/airflow/example_dags/example_short_circuit_operator.py for tasks to queue
[2024-10-19T14:47:49.576+0000] {logging_mixin.py:188} INFO - [2024-10-19T14:47:49.575+0000] {dagbag.py:545} INFO - Filling up the DagBag from /home/airflow/.local/lib/python3.11/site-packages/airflow/example_dags/example_short_circuit_operator.py
[2024-10-19T14:47:49.584+0000] {processor.py:840} INFO - DAG(s) 'example_short_circuit_operator' retrieved from /home/airflow/.local/lib/python3.11/site-packages/airflow/example_dags/example_short_circuit_operator.py
[2024-10-19T14:47:49.607+0000] {logging_mixin.py:188} INFO - [2024-10-19T14:47:49.607+0000] {dag.py:3089} INFO - Sync 1 DAGs
[2024-10-19T14:47:49.625+0000] {logging_mixin.py:188} INFO - [2024-10-19T14:47:49.625+0000] {dag.py:3947} INFO - Setting next_dagrun for example_short_circuit_operator to 2024-10-18 00:00:00+00:00, run_after=2024-10-19 00:00:00+00:00
[2024-10-19T14:47:49.644+0000] {processor.py:183} INFO - Processing /home/airflow/.local/lib/python3.11/site-packages/airflow/example_dags/example_short_circuit_operator.py took 0.078 seconds
[2024-10-19T14:48:20.049+0000] {processor.py:161} INFO - Started process (PID=3697) to work on /home/airflow/.local/lib/python3.11/site-packages/airflow/example_dags/example_short_circuit_operator.py
[2024-10-19T14:48:20.050+0000] {processor.py:830} INFO - Processing file /home/airflow/.local/lib/python3.11/site-packages/airflow/example_dags/example_short_circuit_operator.py for tasks to queue
[2024-10-19T14:48:20.051+0000] {logging_mixin.py:188} INFO - [2024-10-19T14:48:20.050+0000] {dagbag.py:545} INFO - Filling up the DagBag from /home/airflow/.local/lib/python3.11/site-packages/airflow/example_dags/example_short_circuit_operator.py
[2024-10-19T14:48:20.058+0000] {processor.py:840} INFO - DAG(s) 'example_short_circuit_operator' retrieved from /home/airflow/.local/lib/python3.11/site-packages/airflow/example_dags/example_short_circuit_operator.py
[2024-10-19T14:48:20.077+0000] {logging_mixin.py:188} INFO - [2024-10-19T14:48:20.077+0000] {dag.py:3089} INFO - Sync 1 DAGs
[2024-10-19T14:48:20.095+0000] {logging_mixin.py:188} INFO - [2024-10-19T14:48:20.095+0000] {dag.py:3947} INFO - Setting next_dagrun for example_short_circuit_operator to 2024-10-18 00:00:00+00:00, run_after=2024-10-19 00:00:00+00:00
[2024-10-19T14:48:20.113+0000] {processor.py:183} INFO - Processing /home/airflow/.local/lib/python3.11/site-packages/airflow/example_dags/example_short_circuit_operator.py took 0.069 seconds
[2024-10-19T14:48:50.298+0000] {processor.py:161} INFO - Started process (PID=3756) to work on /home/airflow/.local/lib/python3.11/site-packages/airflow/example_dags/example_short_circuit_operator.py
[2024-10-19T14:48:50.299+0000] {processor.py:830} INFO - Processing file /home/airflow/.local/lib/python3.11/site-packages/airflow/example_dags/example_short_circuit_operator.py for tasks to queue
[2024-10-19T14:48:50.300+0000] {logging_mixin.py:188} INFO - [2024-10-19T14:48:50.300+0000] {dagbag.py:545} INFO - Filling up the DagBag from /home/airflow/.local/lib/python3.11/site-packages/airflow/example_dags/example_short_circuit_operator.py
[2024-10-19T14:48:50.309+0000] {processor.py:840} INFO - DAG(s) 'example_short_circuit_operator' retrieved from /home/airflow/.local/lib/python3.11/site-packages/airflow/example_dags/example_short_circuit_operator.py
[2024-10-19T14:48:50.333+0000] {logging_mixin.py:188} INFO - [2024-10-19T14:48:50.332+0000] {dag.py:3089} INFO - Sync 1 DAGs
[2024-10-19T14:48:50.357+0000] {logging_mixin.py:188} INFO - [2024-10-19T14:48:50.357+0000] {dag.py:3947} INFO - Setting next_dagrun for example_short_circuit_operator to 2024-10-18 00:00:00+00:00, run_after=2024-10-19 00:00:00+00:00
[2024-10-19T14:48:50.376+0000] {processor.py:183} INFO - Processing /home/airflow/.local/lib/python3.11/site-packages/airflow/example_dags/example_short_circuit_operator.py took 0.084 seconds
[2024-10-19T14:49:20.482+0000] {processor.py:161} INFO - Started process (PID=3815) to work on /home/airflow/.local/lib/python3.11/site-packages/airflow/example_dags/example_short_circuit_operator.py
[2024-10-19T14:49:20.483+0000] {processor.py:830} INFO - Processing file /home/airflow/.local/lib/python3.11/site-packages/airflow/example_dags/example_short_circuit_operator.py for tasks to queue
[2024-10-19T14:49:20.483+0000] {logging_mixin.py:188} INFO - [2024-10-19T14:49:20.483+0000] {dagbag.py:545} INFO - Filling up the DagBag from /home/airflow/.local/lib/python3.11/site-packages/airflow/example_dags/example_short_circuit_operator.py
[2024-10-19T14:49:20.490+0000] {processor.py:840} INFO - DAG(s) 'example_short_circuit_operator' retrieved from /home/airflow/.local/lib/python3.11/site-packages/airflow/example_dags/example_short_circuit_operator.py
[2024-10-19T14:49:20.508+0000] {logging_mixin.py:188} INFO - [2024-10-19T14:49:20.508+0000] {dag.py:3089} INFO - Sync 1 DAGs
[2024-10-19T14:49:20.524+0000] {logging_mixin.py:188} INFO - [2024-10-19T14:49:20.524+0000] {dag.py:3947} INFO - Setting next_dagrun for example_short_circuit_operator to 2024-10-18 00:00:00+00:00, run_after=2024-10-19 00:00:00+00:00
[2024-10-19T14:49:20.542+0000] {processor.py:183} INFO - Processing /home/airflow/.local/lib/python3.11/site-packages/airflow/example_dags/example_short_circuit_operator.py took 0.065 seconds
[2024-10-19T14:49:50.567+0000] {processor.py:161} INFO - Started process (PID=3873) to work on /home/airflow/.local/lib/python3.11/site-packages/airflow/example_dags/example_short_circuit_operator.py
[2024-10-19T14:49:50.568+0000] {processor.py:830} INFO - Processing file /home/airflow/.local/lib/python3.11/site-packages/airflow/example_dags/example_short_circuit_operator.py for tasks to queue
[2024-10-19T14:49:50.569+0000] {logging_mixin.py:188} INFO - [2024-10-19T14:49:50.569+0000] {dagbag.py:545} INFO - Filling up the DagBag from /home/airflow/.local/lib/python3.11/site-packages/airflow/example_dags/example_short_circuit_operator.py
[2024-10-19T14:49:50.576+0000] {processor.py:840} INFO - DAG(s) 'example_short_circuit_operator' retrieved from /home/airflow/.local/lib/python3.11/site-packages/airflow/example_dags/example_short_circuit_operator.py
[2024-10-19T14:49:50.594+0000] {logging_mixin.py:188} INFO - [2024-10-19T14:49:50.594+0000] {dag.py:3089} INFO - Sync 1 DAGs
[2024-10-19T14:49:50.612+0000] {logging_mixin.py:188} INFO - [2024-10-19T14:49:50.611+0000] {dag.py:3947} INFO - Setting next_dagrun for example_short_circuit_operator to 2024-10-18 00:00:00+00:00, run_after=2024-10-19 00:00:00+00:00
[2024-10-19T14:49:50.629+0000] {processor.py:183} INFO - Processing /home/airflow/.local/lib/python3.11/site-packages/airflow/example_dags/example_short_circuit_operator.py took 0.067 seconds
[2024-10-19T14:50:21.351+0000] {processor.py:161} INFO - Started process (PID=3933) to work on /home/airflow/.local/lib/python3.11/site-packages/airflow/example_dags/example_short_circuit_operator.py
[2024-10-19T14:50:21.352+0000] {processor.py:830} INFO - Processing file /home/airflow/.local/lib/python3.11/site-packages/airflow/example_dags/example_short_circuit_operator.py for tasks to queue
[2024-10-19T14:50:21.353+0000] {logging_mixin.py:188} INFO - [2024-10-19T14:50:21.353+0000] {dagbag.py:545} INFO - Filling up the DagBag from /home/airflow/.local/lib/python3.11/site-packages/airflow/example_dags/example_short_circuit_operator.py
[2024-10-19T14:50:21.360+0000] {processor.py:840} INFO - DAG(s) 'example_short_circuit_operator' retrieved from /home/airflow/.local/lib/python3.11/site-packages/airflow/example_dags/example_short_circuit_operator.py
[2024-10-19T14:50:21.379+0000] {logging_mixin.py:188} INFO - [2024-10-19T14:50:21.379+0000] {dag.py:3089} INFO - Sync 1 DAGs
[2024-10-19T14:50:21.408+0000] {logging_mixin.py:188} INFO - [2024-10-19T14:50:21.408+0000] {dag.py:3947} INFO - Setting next_dagrun for example_short_circuit_operator to 2024-10-18 00:00:00+00:00, run_after=2024-10-19 00:00:00+00:00
[2024-10-19T14:50:21.434+0000] {processor.py:183} INFO - Processing /home/airflow/.local/lib/python3.11/site-packages/airflow/example_dags/example_short_circuit_operator.py took 0.088 seconds
[2024-10-19T14:50:52.073+0000] {processor.py:161} INFO - Started process (PID=3992) to work on /home/airflow/.local/lib/python3.11/site-packages/airflow/example_dags/example_short_circuit_operator.py
[2024-10-19T14:50:52.074+0000] {processor.py:830} INFO - Processing file /home/airflow/.local/lib/python3.11/site-packages/airflow/example_dags/example_short_circuit_operator.py for tasks to queue
[2024-10-19T14:50:52.075+0000] {logging_mixin.py:188} INFO - [2024-10-19T14:50:52.075+0000] {dagbag.py:545} INFO - Filling up the DagBag from /home/airflow/.local/lib/python3.11/site-packages/airflow/example_dags/example_short_circuit_operator.py
[2024-10-19T14:50:52.083+0000] {processor.py:840} INFO - DAG(s) 'example_short_circuit_operator' retrieved from /home/airflow/.local/lib/python3.11/site-packages/airflow/example_dags/example_short_circuit_operator.py
[2024-10-19T14:50:52.103+0000] {logging_mixin.py:188} INFO - [2024-10-19T14:50:52.102+0000] {dag.py:3089} INFO - Sync 1 DAGs
[2024-10-19T14:50:52.122+0000] {logging_mixin.py:188} INFO - [2024-10-19T14:50:52.121+0000] {dag.py:3947} INFO - Setting next_dagrun for example_short_circuit_operator to 2024-10-18 00:00:00+00:00, run_after=2024-10-19 00:00:00+00:00
[2024-10-19T14:50:52.142+0000] {processor.py:183} INFO - Processing /home/airflow/.local/lib/python3.11/site-packages/airflow/example_dags/example_short_circuit_operator.py took 0.074 seconds
[2024-10-19T14:51:22.264+0000] {processor.py:161} INFO - Started process (PID=4051) to work on /home/airflow/.local/lib/python3.11/site-packages/airflow/example_dags/example_short_circuit_operator.py
[2024-10-19T14:51:22.265+0000] {processor.py:830} INFO - Processing file /home/airflow/.local/lib/python3.11/site-packages/airflow/example_dags/example_short_circuit_operator.py for tasks to queue
[2024-10-19T14:51:22.265+0000] {logging_mixin.py:188} INFO - [2024-10-19T14:51:22.265+0000] {dagbag.py:545} INFO - Filling up the DagBag from /home/airflow/.local/lib/python3.11/site-packages/airflow/example_dags/example_short_circuit_operator.py
[2024-10-19T14:51:22.272+0000] {processor.py:840} INFO - DAG(s) 'example_short_circuit_operator' retrieved from /home/airflow/.local/lib/python3.11/site-packages/airflow/example_dags/example_short_circuit_operator.py
[2024-10-19T14:51:22.291+0000] {logging_mixin.py:188} INFO - [2024-10-19T14:51:22.291+0000] {dag.py:3089} INFO - Sync 1 DAGs
[2024-10-19T14:51:22.309+0000] {logging_mixin.py:188} INFO - [2024-10-19T14:51:22.309+0000] {dag.py:3947} INFO - Setting next_dagrun for example_short_circuit_operator to 2024-10-18 00:00:00+00:00, run_after=2024-10-19 00:00:00+00:00
[2024-10-19T14:51:22.328+0000] {processor.py:183} INFO - Processing /home/airflow/.local/lib/python3.11/site-packages/airflow/example_dags/example_short_circuit_operator.py took 0.069 seconds
[2024-10-19T14:51:52.953+0000] {processor.py:161} INFO - Started process (PID=4110) to work on /home/airflow/.local/lib/python3.11/site-packages/airflow/example_dags/example_short_circuit_operator.py
[2024-10-19T14:51:52.954+0000] {processor.py:830} INFO - Processing file /home/airflow/.local/lib/python3.11/site-packages/airflow/example_dags/example_short_circuit_operator.py for tasks to queue
[2024-10-19T14:51:52.954+0000] {logging_mixin.py:188} INFO - [2024-10-19T14:51:52.954+0000] {dagbag.py:545} INFO - Filling up the DagBag from /home/airflow/.local/lib/python3.11/site-packages/airflow/example_dags/example_short_circuit_operator.py
[2024-10-19T14:51:52.961+0000] {processor.py:840} INFO - DAG(s) 'example_short_circuit_operator' retrieved from /home/airflow/.local/lib/python3.11/site-packages/airflow/example_dags/example_short_circuit_operator.py
[2024-10-19T14:51:52.982+0000] {logging_mixin.py:188} INFO - [2024-10-19T14:51:52.982+0000] {dag.py:3089} INFO - Sync 1 DAGs
[2024-10-19T14:51:53.001+0000] {logging_mixin.py:188} INFO - [2024-10-19T14:51:53.001+0000] {dag.py:3947} INFO - Setting next_dagrun for example_short_circuit_operator to 2024-10-18 00:00:00+00:00, run_after=2024-10-19 00:00:00+00:00
[2024-10-19T14:51:53.025+0000] {processor.py:183} INFO - Processing /home/airflow/.local/lib/python3.11/site-packages/airflow/example_dags/example_short_circuit_operator.py took 0.078 seconds
