[2024-10-19T14:18:42.334+0000] {processor.py:161} INFO - Started process (PID=50) to work on /home/airflow/.local/lib/python3.11/site-packages/airflow/example_dags/example_sensor_decorator.py
[2024-10-19T14:18:42.335+0000] {processor.py:830} INFO - Processing file /home/airflow/.local/lib/python3.11/site-packages/airflow/example_dags/example_sensor_decorator.py for tasks to queue
[2024-10-19T14:18:42.339+0000] {logging_mixin.py:188} INFO - [2024-10-19T14:18:42.338+0000] {dagbag.py:545} INFO - Filling up the DagBag from /home/airflow/.local/lib/python3.11/site-packages/airflow/example_dags/example_sensor_decorator.py
[2024-10-19T14:18:42.351+0000] {processor.py:840} INFO - DAG(s) 'example_sensor_decorator' retrieved from /home/airflow/.local/lib/python3.11/site-packages/airflow/example_dags/example_sensor_decorator.py
[2024-10-19T14:18:42.468+0000] {logging_mixin.py:188} INFO - [2024-10-19T14:18:42.467+0000] {override.py:1858} INFO - Created Permission View: can edit on DAG:example_sensor_decorator
[2024-10-19T14:18:42.478+0000] {logging_mixin.py:188} INFO - [2024-10-19T14:18:42.478+0000] {override.py:1858} INFO - Created Permission View: can delete on DAG:example_sensor_decorator
[2024-10-19T14:18:42.485+0000] {logging_mixin.py:188} INFO - [2024-10-19T14:18:42.485+0000] {override.py:1858} INFO - Created Permission View: can read on DAG:example_sensor_decorator
[2024-10-19T14:18:42.486+0000] {logging_mixin.py:188} INFO - [2024-10-19T14:18:42.486+0000] {dag.py:3089} INFO - Sync 1 DAGs
[2024-10-19T14:18:42.500+0000] {logging_mixin.py:188} INFO - [2024-10-19T14:18:42.500+0000] {dag.py:3111} INFO - Creating ORM DAG for example_sensor_decorator
[2024-10-19T14:18:42.502+0000] {logging_mixin.py:188} INFO - [2024-10-19T14:18:42.502+0000] {dag.py:3947} INFO - Setting next_dagrun for example_sensor_decorator to None, run_after=None
[2024-10-19T14:18:42.524+0000] {processor.py:183} INFO - Processing /home/airflow/.local/lib/python3.11/site-packages/airflow/example_dags/example_sensor_decorator.py took 0.197 seconds
[2024-10-19T14:19:12.682+0000] {processor.py:161} INFO - Started process (PID=107) to work on /home/airflow/.local/lib/python3.11/site-packages/airflow/example_dags/example_sensor_decorator.py
[2024-10-19T14:19:12.683+0000] {processor.py:830} INFO - Processing file /home/airflow/.local/lib/python3.11/site-packages/airflow/example_dags/example_sensor_decorator.py for tasks to queue
[2024-10-19T14:19:12.685+0000] {logging_mixin.py:188} INFO - [2024-10-19T14:19:12.685+0000] {dagbag.py:545} INFO - Filling up the DagBag from /home/airflow/.local/lib/python3.11/site-packages/airflow/example_dags/example_sensor_decorator.py
[2024-10-19T14:19:12.690+0000] {processor.py:840} INFO - DAG(s) 'example_sensor_decorator' retrieved from /home/airflow/.local/lib/python3.11/site-packages/airflow/example_dags/example_sensor_decorator.py
[2024-10-19T14:19:12.709+0000] {logging_mixin.py:188} INFO - [2024-10-19T14:19:12.709+0000] {dag.py:3089} INFO - Sync 1 DAGs
[2024-10-19T14:19:12.720+0000] {logging_mixin.py:188} INFO - [2024-10-19T14:19:12.720+0000] {dag.py:3947} INFO - Setting next_dagrun for example_sensor_decorator to None, run_after=None
[2024-10-19T14:19:12.751+0000] {processor.py:183} INFO - Processing /home/airflow/.local/lib/python3.11/site-packages/airflow/example_dags/example_sensor_decorator.py took 0.074 seconds
[2024-10-19T14:19:43.230+0000] {processor.py:161} INFO - Started process (PID=165) to work on /home/airflow/.local/lib/python3.11/site-packages/airflow/example_dags/example_sensor_decorator.py
[2024-10-19T14:19:43.231+0000] {processor.py:830} INFO - Processing file /home/airflow/.local/lib/python3.11/site-packages/airflow/example_dags/example_sensor_decorator.py for tasks to queue
[2024-10-19T14:19:43.232+0000] {logging_mixin.py:188} INFO - [2024-10-19T14:19:43.232+0000] {dagbag.py:545} INFO - Filling up the DagBag from /home/airflow/.local/lib/python3.11/site-packages/airflow/example_dags/example_sensor_decorator.py
[2024-10-19T14:19:43.238+0000] {processor.py:840} INFO - DAG(s) 'example_sensor_decorator' retrieved from /home/airflow/.local/lib/python3.11/site-packages/airflow/example_dags/example_sensor_decorator.py
[2024-10-19T14:19:43.256+0000] {logging_mixin.py:188} INFO - [2024-10-19T14:19:43.256+0000] {dag.py:3089} INFO - Sync 1 DAGs
[2024-10-19T14:19:43.266+0000] {logging_mixin.py:188} INFO - [2024-10-19T14:19:43.266+0000] {dag.py:3947} INFO - Setting next_dagrun for example_sensor_decorator to None, run_after=None
[2024-10-19T14:19:43.283+0000] {processor.py:183} INFO - Processing /home/airflow/.local/lib/python3.11/site-packages/airflow/example_dags/example_sensor_decorator.py took 0.059 seconds
[2024-10-19T14:20:14.143+0000] {processor.py:161} INFO - Started process (PID=223) to work on /home/airflow/.local/lib/python3.11/site-packages/airflow/example_dags/example_sensor_decorator.py
[2024-10-19T14:20:14.144+0000] {processor.py:830} INFO - Processing file /home/airflow/.local/lib/python3.11/site-packages/airflow/example_dags/example_sensor_decorator.py for tasks to queue
[2024-10-19T14:20:14.146+0000] {logging_mixin.py:188} INFO - [2024-10-19T14:20:14.146+0000] {dagbag.py:545} INFO - Filling up the DagBag from /home/airflow/.local/lib/python3.11/site-packages/airflow/example_dags/example_sensor_decorator.py
[2024-10-19T14:20:14.151+0000] {processor.py:840} INFO - DAG(s) 'example_sensor_decorator' retrieved from /home/airflow/.local/lib/python3.11/site-packages/airflow/example_dags/example_sensor_decorator.py
[2024-10-19T14:20:14.168+0000] {logging_mixin.py:188} INFO - [2024-10-19T14:20:14.168+0000] {dag.py:3089} INFO - Sync 1 DAGs
[2024-10-19T14:20:14.178+0000] {logging_mixin.py:188} INFO - [2024-10-19T14:20:14.178+0000] {dag.py:3947} INFO - Setting next_dagrun for example_sensor_decorator to None, run_after=None
[2024-10-19T14:20:14.198+0000] {processor.py:183} INFO - Processing /home/airflow/.local/lib/python3.11/site-packages/airflow/example_dags/example_sensor_decorator.py took 0.060 seconds
[2024-10-19T14:20:44.807+0000] {processor.py:161} INFO - Started process (PID=287) to work on /home/airflow/.local/lib/python3.11/site-packages/airflow/example_dags/example_sensor_decorator.py
[2024-10-19T14:20:44.808+0000] {processor.py:830} INFO - Processing file /home/airflow/.local/lib/python3.11/site-packages/airflow/example_dags/example_sensor_decorator.py for tasks to queue
[2024-10-19T14:20:44.809+0000] {logging_mixin.py:188} INFO - [2024-10-19T14:20:44.809+0000] {dagbag.py:545} INFO - Filling up the DagBag from /home/airflow/.local/lib/python3.11/site-packages/airflow/example_dags/example_sensor_decorator.py
[2024-10-19T14:20:44.814+0000] {processor.py:840} INFO - DAG(s) 'example_sensor_decorator' retrieved from /home/airflow/.local/lib/python3.11/site-packages/airflow/example_dags/example_sensor_decorator.py
[2024-10-19T14:20:44.830+0000] {logging_mixin.py:188} INFO - [2024-10-19T14:20:44.830+0000] {dag.py:3089} INFO - Sync 1 DAGs
[2024-10-19T14:20:44.840+0000] {logging_mixin.py:188} INFO - [2024-10-19T14:20:44.839+0000] {dag.py:3947} INFO - Setting next_dagrun for example_sensor_decorator to None, run_after=None
[2024-10-19T14:20:44.861+0000] {processor.py:183} INFO - Processing /home/airflow/.local/lib/python3.11/site-packages/airflow/example_dags/example_sensor_decorator.py took 0.059 seconds
[2024-10-19T14:21:15.043+0000] {processor.py:161} INFO - Started process (PID=345) to work on /home/airflow/.local/lib/python3.11/site-packages/airflow/example_dags/example_sensor_decorator.py
[2024-10-19T14:21:15.044+0000] {processor.py:830} INFO - Processing file /home/airflow/.local/lib/python3.11/site-packages/airflow/example_dags/example_sensor_decorator.py for tasks to queue
[2024-10-19T14:21:15.045+0000] {logging_mixin.py:188} INFO - [2024-10-19T14:21:15.045+0000] {dagbag.py:545} INFO - Filling up the DagBag from /home/airflow/.local/lib/python3.11/site-packages/airflow/example_dags/example_sensor_decorator.py
[2024-10-19T14:21:15.051+0000] {processor.py:840} INFO - DAG(s) 'example_sensor_decorator' retrieved from /home/airflow/.local/lib/python3.11/site-packages/airflow/example_dags/example_sensor_decorator.py
[2024-10-19T14:21:15.070+0000] {logging_mixin.py:188} INFO - [2024-10-19T14:21:15.070+0000] {dag.py:3089} INFO - Sync 1 DAGs
[2024-10-19T14:21:15.080+0000] {logging_mixin.py:188} INFO - [2024-10-19T14:21:15.080+0000] {dag.py:3947} INFO - Setting next_dagrun for example_sensor_decorator to None, run_after=None
[2024-10-19T14:21:15.100+0000] {processor.py:183} INFO - Processing /home/airflow/.local/lib/python3.11/site-packages/airflow/example_dags/example_sensor_decorator.py took 0.063 seconds
[2024-10-19T14:21:45.826+0000] {processor.py:161} INFO - Started process (PID=403) to work on /home/airflow/.local/lib/python3.11/site-packages/airflow/example_dags/example_sensor_decorator.py
[2024-10-19T14:21:45.828+0000] {processor.py:830} INFO - Processing file /home/airflow/.local/lib/python3.11/site-packages/airflow/example_dags/example_sensor_decorator.py for tasks to queue
[2024-10-19T14:21:45.831+0000] {logging_mixin.py:188} INFO - [2024-10-19T14:21:45.831+0000] {dagbag.py:545} INFO - Filling up the DagBag from /home/airflow/.local/lib/python3.11/site-packages/airflow/example_dags/example_sensor_decorator.py
[2024-10-19T14:21:45.840+0000] {processor.py:840} INFO - DAG(s) 'example_sensor_decorator' retrieved from /home/airflow/.local/lib/python3.11/site-packages/airflow/example_dags/example_sensor_decorator.py
[2024-10-19T14:21:45.874+0000] {logging_mixin.py:188} INFO - [2024-10-19T14:21:45.873+0000] {dag.py:3089} INFO - Sync 1 DAGs
[2024-10-19T14:21:45.896+0000] {logging_mixin.py:188} INFO - [2024-10-19T14:21:45.895+0000] {dag.py:3947} INFO - Setting next_dagrun for example_sensor_decorator to None, run_after=None
[2024-10-19T14:21:45.935+0000] {processor.py:183} INFO - Processing /home/airflow/.local/lib/python3.11/site-packages/airflow/example_dags/example_sensor_decorator.py took 0.116 seconds
[2024-10-19T14:22:15.976+0000] {processor.py:161} INFO - Started process (PID=461) to work on /home/airflow/.local/lib/python3.11/site-packages/airflow/example_dags/example_sensor_decorator.py
[2024-10-19T14:22:15.977+0000] {processor.py:830} INFO - Processing file /home/airflow/.local/lib/python3.11/site-packages/airflow/example_dags/example_sensor_decorator.py for tasks to queue
[2024-10-19T14:22:15.979+0000] {logging_mixin.py:188} INFO - [2024-10-19T14:22:15.978+0000] {dagbag.py:545} INFO - Filling up the DagBag from /home/airflow/.local/lib/python3.11/site-packages/airflow/example_dags/example_sensor_decorator.py
[2024-10-19T14:22:15.984+0000] {processor.py:840} INFO - DAG(s) 'example_sensor_decorator' retrieved from /home/airflow/.local/lib/python3.11/site-packages/airflow/example_dags/example_sensor_decorator.py
[2024-10-19T14:22:16.003+0000] {logging_mixin.py:188} INFO - [2024-10-19T14:22:16.003+0000] {dag.py:3089} INFO - Sync 1 DAGs
[2024-10-19T14:22:16.018+0000] {logging_mixin.py:188} INFO - [2024-10-19T14:22:16.017+0000] {dag.py:3947} INFO - Setting next_dagrun for example_sensor_decorator to None, run_after=None
[2024-10-19T14:22:16.036+0000] {processor.py:183} INFO - Processing /home/airflow/.local/lib/python3.11/site-packages/airflow/example_dags/example_sensor_decorator.py took 0.065 seconds
[2024-10-19T14:22:46.809+0000] {processor.py:161} INFO - Started process (PID=519) to work on /home/airflow/.local/lib/python3.11/site-packages/airflow/example_dags/example_sensor_decorator.py
[2024-10-19T14:22:46.810+0000] {processor.py:830} INFO - Processing file /home/airflow/.local/lib/python3.11/site-packages/airflow/example_dags/example_sensor_decorator.py for tasks to queue
[2024-10-19T14:22:46.812+0000] {logging_mixin.py:188} INFO - [2024-10-19T14:22:46.812+0000] {dagbag.py:545} INFO - Filling up the DagBag from /home/airflow/.local/lib/python3.11/site-packages/airflow/example_dags/example_sensor_decorator.py
[2024-10-19T14:22:46.818+0000] {processor.py:840} INFO - DAG(s) 'example_sensor_decorator' retrieved from /home/airflow/.local/lib/python3.11/site-packages/airflow/example_dags/example_sensor_decorator.py
[2024-10-19T14:22:46.833+0000] {logging_mixin.py:188} INFO - [2024-10-19T14:22:46.833+0000] {dag.py:3089} INFO - Sync 1 DAGs
[2024-10-19T14:22:46.843+0000] {logging_mixin.py:188} INFO - [2024-10-19T14:22:46.843+0000] {dag.py:3947} INFO - Setting next_dagrun for example_sensor_decorator to None, run_after=None
[2024-10-19T14:22:46.862+0000] {processor.py:183} INFO - Processing /home/airflow/.local/lib/python3.11/site-packages/airflow/example_dags/example_sensor_decorator.py took 0.058 seconds
[2024-10-19T14:23:17.495+0000] {processor.py:161} INFO - Started process (PID=577) to work on /home/airflow/.local/lib/python3.11/site-packages/airflow/example_dags/example_sensor_decorator.py
[2024-10-19T14:23:17.496+0000] {processor.py:830} INFO - Processing file /home/airflow/.local/lib/python3.11/site-packages/airflow/example_dags/example_sensor_decorator.py for tasks to queue
[2024-10-19T14:23:17.498+0000] {logging_mixin.py:188} INFO - [2024-10-19T14:23:17.498+0000] {dagbag.py:545} INFO - Filling up the DagBag from /home/airflow/.local/lib/python3.11/site-packages/airflow/example_dags/example_sensor_decorator.py
[2024-10-19T14:23:17.503+0000] {processor.py:840} INFO - DAG(s) 'example_sensor_decorator' retrieved from /home/airflow/.local/lib/python3.11/site-packages/airflow/example_dags/example_sensor_decorator.py
[2024-10-19T14:23:17.519+0000] {logging_mixin.py:188} INFO - [2024-10-19T14:23:17.518+0000] {dag.py:3089} INFO - Sync 1 DAGs
[2024-10-19T14:23:17.528+0000] {logging_mixin.py:188} INFO - [2024-10-19T14:23:17.528+0000] {dag.py:3947} INFO - Setting next_dagrun for example_sensor_decorator to None, run_after=None
[2024-10-19T14:23:17.546+0000] {processor.py:183} INFO - Processing /home/airflow/.local/lib/python3.11/site-packages/airflow/example_dags/example_sensor_decorator.py took 0.056 seconds
[2024-10-19T14:23:48.389+0000] {processor.py:161} INFO - Started process (PID=636) to work on /home/airflow/.local/lib/python3.11/site-packages/airflow/example_dags/example_sensor_decorator.py
[2024-10-19T14:23:48.390+0000] {processor.py:830} INFO - Processing file /home/airflow/.local/lib/python3.11/site-packages/airflow/example_dags/example_sensor_decorator.py for tasks to queue
[2024-10-19T14:23:48.392+0000] {logging_mixin.py:188} INFO - [2024-10-19T14:23:48.392+0000] {dagbag.py:545} INFO - Filling up the DagBag from /home/airflow/.local/lib/python3.11/site-packages/airflow/example_dags/example_sensor_decorator.py
[2024-10-19T14:23:48.397+0000] {processor.py:840} INFO - DAG(s) 'example_sensor_decorator' retrieved from /home/airflow/.local/lib/python3.11/site-packages/airflow/example_dags/example_sensor_decorator.py
[2024-10-19T14:23:48.414+0000] {logging_mixin.py:188} INFO - [2024-10-19T14:23:48.414+0000] {dag.py:3089} INFO - Sync 1 DAGs
[2024-10-19T14:23:48.424+0000] {logging_mixin.py:188} INFO - [2024-10-19T14:23:48.424+0000] {dag.py:3947} INFO - Setting next_dagrun for example_sensor_decorator to None, run_after=None
[2024-10-19T14:23:48.441+0000] {processor.py:183} INFO - Processing /home/airflow/.local/lib/python3.11/site-packages/airflow/example_dags/example_sensor_decorator.py took 0.057 seconds
[2024-10-19T14:24:19.188+0000] {processor.py:161} INFO - Started process (PID=695) to work on /home/airflow/.local/lib/python3.11/site-packages/airflow/example_dags/example_sensor_decorator.py
[2024-10-19T14:24:19.199+0000] {processor.py:830} INFO - Processing file /home/airflow/.local/lib/python3.11/site-packages/airflow/example_dags/example_sensor_decorator.py for tasks to queue
[2024-10-19T14:24:19.204+0000] {logging_mixin.py:188} INFO - [2024-10-19T14:24:19.203+0000] {dagbag.py:545} INFO - Filling up the DagBag from /home/airflow/.local/lib/python3.11/site-packages/airflow/example_dags/example_sensor_decorator.py
[2024-10-19T14:24:19.226+0000] {processor.py:840} INFO - DAG(s) 'example_sensor_decorator' retrieved from /home/airflow/.local/lib/python3.11/site-packages/airflow/example_dags/example_sensor_decorator.py
[2024-10-19T14:24:19.274+0000] {logging_mixin.py:188} INFO - [2024-10-19T14:24:19.273+0000] {dag.py:3089} INFO - Sync 1 DAGs
[2024-10-19T14:24:19.311+0000] {logging_mixin.py:188} INFO - [2024-10-19T14:24:19.310+0000] {dag.py:3947} INFO - Setting next_dagrun for example_sensor_decorator to None, run_after=None
[2024-10-19T14:24:19.367+0000] {processor.py:183} INFO - Processing /home/airflow/.local/lib/python3.11/site-packages/airflow/example_dags/example_sensor_decorator.py took 0.190 seconds
[2024-10-19T14:24:49.405+0000] {processor.py:161} INFO - Started process (PID=754) to work on /home/airflow/.local/lib/python3.11/site-packages/airflow/example_dags/example_sensor_decorator.py
[2024-10-19T14:24:49.406+0000] {processor.py:830} INFO - Processing file /home/airflow/.local/lib/python3.11/site-packages/airflow/example_dags/example_sensor_decorator.py for tasks to queue
[2024-10-19T14:24:49.408+0000] {logging_mixin.py:188} INFO - [2024-10-19T14:24:49.408+0000] {dagbag.py:545} INFO - Filling up the DagBag from /home/airflow/.local/lib/python3.11/site-packages/airflow/example_dags/example_sensor_decorator.py
[2024-10-19T14:24:49.415+0000] {processor.py:840} INFO - DAG(s) 'example_sensor_decorator' retrieved from /home/airflow/.local/lib/python3.11/site-packages/airflow/example_dags/example_sensor_decorator.py
[2024-10-19T14:24:49.438+0000] {logging_mixin.py:188} INFO - [2024-10-19T14:24:49.437+0000] {dag.py:3089} INFO - Sync 1 DAGs
[2024-10-19T14:24:49.452+0000] {logging_mixin.py:188} INFO - [2024-10-19T14:24:49.451+0000] {dag.py:3947} INFO - Setting next_dagrun for example_sensor_decorator to None, run_after=None
[2024-10-19T14:24:49.473+0000] {processor.py:183} INFO - Processing /home/airflow/.local/lib/python3.11/site-packages/airflow/example_dags/example_sensor_decorator.py took 0.075 seconds
[2024-10-19T14:25:20.108+0000] {processor.py:161} INFO - Started process (PID=812) to work on /home/airflow/.local/lib/python3.11/site-packages/airflow/example_dags/example_sensor_decorator.py
[2024-10-19T14:25:20.109+0000] {processor.py:830} INFO - Processing file /home/airflow/.local/lib/python3.11/site-packages/airflow/example_dags/example_sensor_decorator.py for tasks to queue
[2024-10-19T14:25:20.111+0000] {logging_mixin.py:188} INFO - [2024-10-19T14:25:20.110+0000] {dagbag.py:545} INFO - Filling up the DagBag from /home/airflow/.local/lib/python3.11/site-packages/airflow/example_dags/example_sensor_decorator.py
[2024-10-19T14:25:20.116+0000] {processor.py:840} INFO - DAG(s) 'example_sensor_decorator' retrieved from /home/airflow/.local/lib/python3.11/site-packages/airflow/example_dags/example_sensor_decorator.py
[2024-10-19T14:25:20.133+0000] {logging_mixin.py:188} INFO - [2024-10-19T14:25:20.133+0000] {dag.py:3089} INFO - Sync 1 DAGs
[2024-10-19T14:25:20.143+0000] {logging_mixin.py:188} INFO - [2024-10-19T14:25:20.142+0000] {dag.py:3947} INFO - Setting next_dagrun for example_sensor_decorator to None, run_after=None
[2024-10-19T14:25:20.160+0000] {processor.py:183} INFO - Processing /home/airflow/.local/lib/python3.11/site-packages/airflow/example_dags/example_sensor_decorator.py took 0.057 seconds
[2024-10-19T14:25:51.042+0000] {processor.py:161} INFO - Started process (PID=871) to work on /home/airflow/.local/lib/python3.11/site-packages/airflow/example_dags/example_sensor_decorator.py
[2024-10-19T14:25:51.045+0000] {processor.py:830} INFO - Processing file /home/airflow/.local/lib/python3.11/site-packages/airflow/example_dags/example_sensor_decorator.py for tasks to queue
[2024-10-19T14:25:51.048+0000] {logging_mixin.py:188} INFO - [2024-10-19T14:25:51.047+0000] {dagbag.py:545} INFO - Filling up the DagBag from /home/airflow/.local/lib/python3.11/site-packages/airflow/example_dags/example_sensor_decorator.py
[2024-10-19T14:25:51.056+0000] {processor.py:840} INFO - DAG(s) 'example_sensor_decorator' retrieved from /home/airflow/.local/lib/python3.11/site-packages/airflow/example_dags/example_sensor_decorator.py
[2024-10-19T14:25:51.083+0000] {logging_mixin.py:188} INFO - [2024-10-19T14:25:51.083+0000] {dag.py:3089} INFO - Sync 1 DAGs
[2024-10-19T14:25:51.099+0000] {logging_mixin.py:188} INFO - [2024-10-19T14:25:51.098+0000] {dag.py:3947} INFO - Setting next_dagrun for example_sensor_decorator to None, run_after=None
[2024-10-19T14:25:51.137+0000] {processor.py:183} INFO - Processing /home/airflow/.local/lib/python3.11/site-packages/airflow/example_dags/example_sensor_decorator.py took 0.103 seconds
[2024-10-19T14:26:21.880+0000] {processor.py:161} INFO - Started process (PID=933) to work on /home/airflow/.local/lib/python3.11/site-packages/airflow/example_dags/example_sensor_decorator.py
[2024-10-19T14:26:21.881+0000] {processor.py:830} INFO - Processing file /home/airflow/.local/lib/python3.11/site-packages/airflow/example_dags/example_sensor_decorator.py for tasks to queue
[2024-10-19T14:26:21.883+0000] {logging_mixin.py:188} INFO - [2024-10-19T14:26:21.883+0000] {dagbag.py:545} INFO - Filling up the DagBag from /home/airflow/.local/lib/python3.11/site-packages/airflow/example_dags/example_sensor_decorator.py
[2024-10-19T14:26:21.889+0000] {processor.py:840} INFO - DAG(s) 'example_sensor_decorator' retrieved from /home/airflow/.local/lib/python3.11/site-packages/airflow/example_dags/example_sensor_decorator.py
[2024-10-19T14:26:21.911+0000] {logging_mixin.py:188} INFO - [2024-10-19T14:26:21.911+0000] {dag.py:3089} INFO - Sync 1 DAGs
[2024-10-19T14:26:21.924+0000] {logging_mixin.py:188} INFO - [2024-10-19T14:26:21.923+0000] {dag.py:3947} INFO - Setting next_dagrun for example_sensor_decorator to None, run_after=None
[2024-10-19T14:26:21.943+0000] {processor.py:183} INFO - Processing /home/airflow/.local/lib/python3.11/site-packages/airflow/example_dags/example_sensor_decorator.py took 0.068 seconds
[2024-10-19T14:26:52.064+0000] {processor.py:161} INFO - Started process (PID=993) to work on /home/airflow/.local/lib/python3.11/site-packages/airflow/example_dags/example_sensor_decorator.py
[2024-10-19T14:26:52.065+0000] {processor.py:830} INFO - Processing file /home/airflow/.local/lib/python3.11/site-packages/airflow/example_dags/example_sensor_decorator.py for tasks to queue
[2024-10-19T14:26:52.067+0000] {logging_mixin.py:188} INFO - [2024-10-19T14:26:52.067+0000] {dagbag.py:545} INFO - Filling up the DagBag from /home/airflow/.local/lib/python3.11/site-packages/airflow/example_dags/example_sensor_decorator.py
[2024-10-19T14:26:52.072+0000] {processor.py:840} INFO - DAG(s) 'example_sensor_decorator' retrieved from /home/airflow/.local/lib/python3.11/site-packages/airflow/example_dags/example_sensor_decorator.py
[2024-10-19T14:26:52.089+0000] {logging_mixin.py:188} INFO - [2024-10-19T14:26:52.089+0000] {dag.py:3089} INFO - Sync 1 DAGs
[2024-10-19T14:26:52.099+0000] {logging_mixin.py:188} INFO - [2024-10-19T14:26:52.099+0000] {dag.py:3947} INFO - Setting next_dagrun for example_sensor_decorator to None, run_after=None
[2024-10-19T14:26:52.116+0000] {processor.py:183} INFO - Processing /home/airflow/.local/lib/python3.11/site-packages/airflow/example_dags/example_sensor_decorator.py took 0.057 seconds
[2024-10-19T14:27:22.979+0000] {processor.py:161} INFO - Started process (PID=1054) to work on /home/airflow/.local/lib/python3.11/site-packages/airflow/example_dags/example_sensor_decorator.py
[2024-10-19T14:27:22.981+0000] {processor.py:830} INFO - Processing file /home/airflow/.local/lib/python3.11/site-packages/airflow/example_dags/example_sensor_decorator.py for tasks to queue
[2024-10-19T14:27:22.983+0000] {logging_mixin.py:188} INFO - [2024-10-19T14:27:22.983+0000] {dagbag.py:545} INFO - Filling up the DagBag from /home/airflow/.local/lib/python3.11/site-packages/airflow/example_dags/example_sensor_decorator.py
[2024-10-19T14:27:22.989+0000] {processor.py:840} INFO - DAG(s) 'example_sensor_decorator' retrieved from /home/airflow/.local/lib/python3.11/site-packages/airflow/example_dags/example_sensor_decorator.py
[2024-10-19T14:27:23.010+0000] {logging_mixin.py:188} INFO - [2024-10-19T14:27:23.010+0000] {dag.py:3089} INFO - Sync 1 DAGs
[2024-10-19T14:27:23.023+0000] {logging_mixin.py:188} INFO - [2024-10-19T14:27:23.022+0000] {dag.py:3947} INFO - Setting next_dagrun for example_sensor_decorator to None, run_after=None
[2024-10-19T14:27:23.042+0000] {processor.py:183} INFO - Processing /home/airflow/.local/lib/python3.11/site-packages/airflow/example_dags/example_sensor_decorator.py took 0.069 seconds
[2024-10-19T14:27:53.724+0000] {processor.py:161} INFO - Started process (PID=1113) to work on /home/airflow/.local/lib/python3.11/site-packages/airflow/example_dags/example_sensor_decorator.py
[2024-10-19T14:27:53.725+0000] {processor.py:830} INFO - Processing file /home/airflow/.local/lib/python3.11/site-packages/airflow/example_dags/example_sensor_decorator.py for tasks to queue
[2024-10-19T14:27:53.726+0000] {logging_mixin.py:188} INFO - [2024-10-19T14:27:53.726+0000] {dagbag.py:545} INFO - Filling up the DagBag from /home/airflow/.local/lib/python3.11/site-packages/airflow/example_dags/example_sensor_decorator.py
[2024-10-19T14:27:53.733+0000] {processor.py:840} INFO - DAG(s) 'example_sensor_decorator' retrieved from /home/airflow/.local/lib/python3.11/site-packages/airflow/example_dags/example_sensor_decorator.py
[2024-10-19T14:27:53.753+0000] {logging_mixin.py:188} INFO - [2024-10-19T14:27:53.752+0000] {dag.py:3089} INFO - Sync 1 DAGs
[2024-10-19T14:27:53.765+0000] {logging_mixin.py:188} INFO - [2024-10-19T14:27:53.765+0000] {dag.py:3947} INFO - Setting next_dagrun for example_sensor_decorator to None, run_after=None
[2024-10-19T14:27:53.783+0000] {processor.py:183} INFO - Processing /home/airflow/.local/lib/python3.11/site-packages/airflow/example_dags/example_sensor_decorator.py took 0.064 seconds
[2024-10-19T14:28:23.929+0000] {processor.py:161} INFO - Started process (PID=1172) to work on /home/airflow/.local/lib/python3.11/site-packages/airflow/example_dags/example_sensor_decorator.py
[2024-10-19T14:28:23.931+0000] {processor.py:830} INFO - Processing file /home/airflow/.local/lib/python3.11/site-packages/airflow/example_dags/example_sensor_decorator.py for tasks to queue
[2024-10-19T14:28:23.932+0000] {logging_mixin.py:188} INFO - [2024-10-19T14:28:23.932+0000] {dagbag.py:545} INFO - Filling up the DagBag from /home/airflow/.local/lib/python3.11/site-packages/airflow/example_dags/example_sensor_decorator.py
[2024-10-19T14:28:23.939+0000] {processor.py:840} INFO - DAG(s) 'example_sensor_decorator' retrieved from /home/airflow/.local/lib/python3.11/site-packages/airflow/example_dags/example_sensor_decorator.py
[2024-10-19T14:28:23.974+0000] {logging_mixin.py:188} INFO - [2024-10-19T14:28:23.973+0000] {dag.py:3089} INFO - Sync 1 DAGs
[2024-10-19T14:28:23.991+0000] {logging_mixin.py:188} INFO - [2024-10-19T14:28:23.990+0000] {dag.py:3947} INFO - Setting next_dagrun for example_sensor_decorator to None, run_after=None
[2024-10-19T14:28:24.037+0000] {processor.py:183} INFO - Processing /home/airflow/.local/lib/python3.11/site-packages/airflow/example_dags/example_sensor_decorator.py took 0.118 seconds
[2024-10-19T14:28:54.126+0000] {processor.py:161} INFO - Started process (PID=1231) to work on /home/airflow/.local/lib/python3.11/site-packages/airflow/example_dags/example_sensor_decorator.py
[2024-10-19T14:28:54.127+0000] {processor.py:830} INFO - Processing file /home/airflow/.local/lib/python3.11/site-packages/airflow/example_dags/example_sensor_decorator.py for tasks to queue
[2024-10-19T14:28:54.129+0000] {logging_mixin.py:188} INFO - [2024-10-19T14:28:54.129+0000] {dagbag.py:545} INFO - Filling up the DagBag from /home/airflow/.local/lib/python3.11/site-packages/airflow/example_dags/example_sensor_decorator.py
[2024-10-19T14:28:54.135+0000] {processor.py:840} INFO - DAG(s) 'example_sensor_decorator' retrieved from /home/airflow/.local/lib/python3.11/site-packages/airflow/example_dags/example_sensor_decorator.py
[2024-10-19T14:28:54.156+0000] {logging_mixin.py:188} INFO - [2024-10-19T14:28:54.156+0000] {dag.py:3089} INFO - Sync 1 DAGs
[2024-10-19T14:28:54.167+0000] {logging_mixin.py:188} INFO - [2024-10-19T14:28:54.167+0000] {dag.py:3947} INFO - Setting next_dagrun for example_sensor_decorator to None, run_after=None
[2024-10-19T14:28:54.186+0000] {processor.py:183} INFO - Processing /home/airflow/.local/lib/python3.11/site-packages/airflow/example_dags/example_sensor_decorator.py took 0.066 seconds
[2024-10-19T14:29:24.348+0000] {processor.py:161} INFO - Started process (PID=1290) to work on /home/airflow/.local/lib/python3.11/site-packages/airflow/example_dags/example_sensor_decorator.py
[2024-10-19T14:29:24.349+0000] {processor.py:830} INFO - Processing file /home/airflow/.local/lib/python3.11/site-packages/airflow/example_dags/example_sensor_decorator.py for tasks to queue
[2024-10-19T14:29:24.350+0000] {logging_mixin.py:188} INFO - [2024-10-19T14:29:24.350+0000] {dagbag.py:545} INFO - Filling up the DagBag from /home/airflow/.local/lib/python3.11/site-packages/airflow/example_dags/example_sensor_decorator.py
[2024-10-19T14:29:24.355+0000] {processor.py:840} INFO - DAG(s) 'example_sensor_decorator' retrieved from /home/airflow/.local/lib/python3.11/site-packages/airflow/example_dags/example_sensor_decorator.py
[2024-10-19T14:29:24.372+0000] {logging_mixin.py:188} INFO - [2024-10-19T14:29:24.372+0000] {dag.py:3089} INFO - Sync 1 DAGs
[2024-10-19T14:29:24.382+0000] {logging_mixin.py:188} INFO - [2024-10-19T14:29:24.382+0000] {dag.py:3947} INFO - Setting next_dagrun for example_sensor_decorator to None, run_after=None
[2024-10-19T14:29:24.399+0000] {processor.py:183} INFO - Processing /home/airflow/.local/lib/python3.11/site-packages/airflow/example_dags/example_sensor_decorator.py took 0.056 seconds
[2024-10-19T14:29:54.585+0000] {processor.py:161} INFO - Started process (PID=1352) to work on /home/airflow/.local/lib/python3.11/site-packages/airflow/example_dags/example_sensor_decorator.py
[2024-10-19T14:29:54.586+0000] {processor.py:830} INFO - Processing file /home/airflow/.local/lib/python3.11/site-packages/airflow/example_dags/example_sensor_decorator.py for tasks to queue
[2024-10-19T14:29:54.586+0000] {logging_mixin.py:188} INFO - [2024-10-19T14:29:54.586+0000] {dagbag.py:545} INFO - Filling up the DagBag from /home/airflow/.local/lib/python3.11/site-packages/airflow/example_dags/example_sensor_decorator.py
[2024-10-19T14:29:54.591+0000] {processor.py:840} INFO - DAG(s) 'example_sensor_decorator' retrieved from /home/airflow/.local/lib/python3.11/site-packages/airflow/example_dags/example_sensor_decorator.py
[2024-10-19T14:29:54.609+0000] {logging_mixin.py:188} INFO - [2024-10-19T14:29:54.608+0000] {dag.py:3089} INFO - Sync 1 DAGs
[2024-10-19T14:29:54.619+0000] {logging_mixin.py:188} INFO - [2024-10-19T14:29:54.619+0000] {dag.py:3947} INFO - Setting next_dagrun for example_sensor_decorator to None, run_after=None
[2024-10-19T14:29:54.636+0000] {processor.py:183} INFO - Processing /home/airflow/.local/lib/python3.11/site-packages/airflow/example_dags/example_sensor_decorator.py took 0.056 seconds
[2024-10-19T14:30:24.705+0000] {processor.py:161} INFO - Started process (PID=1433) to work on /home/airflow/.local/lib/python3.11/site-packages/airflow/example_dags/example_sensor_decorator.py
[2024-10-19T14:30:24.705+0000] {processor.py:830} INFO - Processing file /home/airflow/.local/lib/python3.11/site-packages/airflow/example_dags/example_sensor_decorator.py for tasks to queue
[2024-10-19T14:30:24.706+0000] {logging_mixin.py:188} INFO - [2024-10-19T14:30:24.706+0000] {dagbag.py:545} INFO - Filling up the DagBag from /home/airflow/.local/lib/python3.11/site-packages/airflow/example_dags/example_sensor_decorator.py
[2024-10-19T14:30:24.713+0000] {processor.py:840} INFO - DAG(s) 'example_sensor_decorator' retrieved from /home/airflow/.local/lib/python3.11/site-packages/airflow/example_dags/example_sensor_decorator.py
[2024-10-19T14:30:24.731+0000] {logging_mixin.py:188} INFO - [2024-10-19T14:30:24.731+0000] {dag.py:3089} INFO - Sync 1 DAGs
[2024-10-19T14:30:24.743+0000] {logging_mixin.py:188} INFO - [2024-10-19T14:30:24.743+0000] {dag.py:3947} INFO - Setting next_dagrun for example_sensor_decorator to None, run_after=None
[2024-10-19T14:30:24.762+0000] {processor.py:183} INFO - Processing /home/airflow/.local/lib/python3.11/site-packages/airflow/example_dags/example_sensor_decorator.py took 0.064 seconds
[2024-10-19T14:30:55.684+0000] {processor.py:161} INFO - Started process (PID=1543) to work on /home/airflow/.local/lib/python3.11/site-packages/airflow/example_dags/example_sensor_decorator.py
[2024-10-19T14:30:55.686+0000] {processor.py:830} INFO - Processing file /home/airflow/.local/lib/python3.11/site-packages/airflow/example_dags/example_sensor_decorator.py for tasks to queue
[2024-10-19T14:30:55.688+0000] {logging_mixin.py:188} INFO - [2024-10-19T14:30:55.688+0000] {dagbag.py:545} INFO - Filling up the DagBag from /home/airflow/.local/lib/python3.11/site-packages/airflow/example_dags/example_sensor_decorator.py
[2024-10-19T14:30:55.700+0000] {processor.py:840} INFO - DAG(s) 'example_sensor_decorator' retrieved from /home/airflow/.local/lib/python3.11/site-packages/airflow/example_dags/example_sensor_decorator.py
[2024-10-19T14:30:55.757+0000] {logging_mixin.py:188} INFO - [2024-10-19T14:30:55.756+0000] {dag.py:3089} INFO - Sync 1 DAGs
[2024-10-19T14:30:55.783+0000] {logging_mixin.py:188} INFO - [2024-10-19T14:30:55.782+0000] {dag.py:3947} INFO - Setting next_dagrun for example_sensor_decorator to None, run_after=None
[2024-10-19T14:30:55.825+0000] {processor.py:183} INFO - Processing /home/airflow/.local/lib/python3.11/site-packages/airflow/example_dags/example_sensor_decorator.py took 0.150 seconds
[2024-10-19T14:31:26.037+0000] {processor.py:161} INFO - Started process (PID=1671) to work on /home/airflow/.local/lib/python3.11/site-packages/airflow/example_dags/example_sensor_decorator.py
[2024-10-19T14:31:26.046+0000] {processor.py:830} INFO - Processing file /home/airflow/.local/lib/python3.11/site-packages/airflow/example_dags/example_sensor_decorator.py for tasks to queue
[2024-10-19T14:31:26.052+0000] {logging_mixin.py:188} INFO - [2024-10-19T14:31:26.051+0000] {dagbag.py:545} INFO - Filling up the DagBag from /home/airflow/.local/lib/python3.11/site-packages/airflow/example_dags/example_sensor_decorator.py
[2024-10-19T14:31:26.064+0000] {processor.py:840} INFO - DAG(s) 'example_sensor_decorator' retrieved from /home/airflow/.local/lib/python3.11/site-packages/airflow/example_dags/example_sensor_decorator.py
[2024-10-19T14:31:26.209+0000] {logging_mixin.py:188} INFO - [2024-10-19T14:31:26.209+0000] {dag.py:3089} INFO - Sync 1 DAGs
[2024-10-19T14:31:26.243+0000] {logging_mixin.py:188} INFO - [2024-10-19T14:31:26.242+0000] {dag.py:3947} INFO - Setting next_dagrun for example_sensor_decorator to None, run_after=None
[2024-10-19T14:31:26.297+0000] {processor.py:183} INFO - Processing /home/airflow/.local/lib/python3.11/site-packages/airflow/example_dags/example_sensor_decorator.py took 0.268 seconds
[2024-10-19T14:31:56.450+0000] {processor.py:161} INFO - Started process (PID=1771) to work on /home/airflow/.local/lib/python3.11/site-packages/airflow/example_dags/example_sensor_decorator.py
[2024-10-19T14:31:56.451+0000] {processor.py:830} INFO - Processing file /home/airflow/.local/lib/python3.11/site-packages/airflow/example_dags/example_sensor_decorator.py for tasks to queue
[2024-10-19T14:31:56.452+0000] {logging_mixin.py:188} INFO - [2024-10-19T14:31:56.452+0000] {dagbag.py:545} INFO - Filling up the DagBag from /home/airflow/.local/lib/python3.11/site-packages/airflow/example_dags/example_sensor_decorator.py
[2024-10-19T14:31:56.457+0000] {processor.py:840} INFO - DAG(s) 'example_sensor_decorator' retrieved from /home/airflow/.local/lib/python3.11/site-packages/airflow/example_dags/example_sensor_decorator.py
[2024-10-19T14:31:56.476+0000] {logging_mixin.py:188} INFO - [2024-10-19T14:31:56.476+0000] {dag.py:3089} INFO - Sync 1 DAGs
[2024-10-19T14:31:56.487+0000] {logging_mixin.py:188} INFO - [2024-10-19T14:31:56.487+0000] {dag.py:3947} INFO - Setting next_dagrun for example_sensor_decorator to None, run_after=None
[2024-10-19T14:31:56.502+0000] {processor.py:183} INFO - Processing /home/airflow/.local/lib/python3.11/site-packages/airflow/example_dags/example_sensor_decorator.py took 0.057 seconds
[2024-10-19T14:32:26.657+0000] {processor.py:161} INFO - Started process (PID=1830) to work on /home/airflow/.local/lib/python3.11/site-packages/airflow/example_dags/example_sensor_decorator.py
[2024-10-19T14:32:26.658+0000] {processor.py:830} INFO - Processing file /home/airflow/.local/lib/python3.11/site-packages/airflow/example_dags/example_sensor_decorator.py for tasks to queue
[2024-10-19T14:32:26.659+0000] {logging_mixin.py:188} INFO - [2024-10-19T14:32:26.659+0000] {dagbag.py:545} INFO - Filling up the DagBag from /home/airflow/.local/lib/python3.11/site-packages/airflow/example_dags/example_sensor_decorator.py
[2024-10-19T14:32:26.664+0000] {processor.py:840} INFO - DAG(s) 'example_sensor_decorator' retrieved from /home/airflow/.local/lib/python3.11/site-packages/airflow/example_dags/example_sensor_decorator.py
[2024-10-19T14:32:26.681+0000] {logging_mixin.py:188} INFO - [2024-10-19T14:32:26.681+0000] {dag.py:3089} INFO - Sync 1 DAGs
[2024-10-19T14:32:26.691+0000] {logging_mixin.py:188} INFO - [2024-10-19T14:32:26.691+0000] {dag.py:3947} INFO - Setting next_dagrun for example_sensor_decorator to None, run_after=None
[2024-10-19T14:32:26.707+0000] {processor.py:183} INFO - Processing /home/airflow/.local/lib/python3.11/site-packages/airflow/example_dags/example_sensor_decorator.py took 0.055 seconds
[2024-10-19T14:32:57.510+0000] {processor.py:161} INFO - Started process (PID=1891) to work on /home/airflow/.local/lib/python3.11/site-packages/airflow/example_dags/example_sensor_decorator.py
[2024-10-19T14:32:57.511+0000] {processor.py:830} INFO - Processing file /home/airflow/.local/lib/python3.11/site-packages/airflow/example_dags/example_sensor_decorator.py for tasks to queue
[2024-10-19T14:32:57.514+0000] {logging_mixin.py:188} INFO - [2024-10-19T14:32:57.513+0000] {dagbag.py:545} INFO - Filling up the DagBag from /home/airflow/.local/lib/python3.11/site-packages/airflow/example_dags/example_sensor_decorator.py
[2024-10-19T14:32:57.523+0000] {processor.py:840} INFO - DAG(s) 'example_sensor_decorator' retrieved from /home/airflow/.local/lib/python3.11/site-packages/airflow/example_dags/example_sensor_decorator.py
[2024-10-19T14:32:57.541+0000] {logging_mixin.py:188} INFO - [2024-10-19T14:32:57.541+0000] {dag.py:3089} INFO - Sync 1 DAGs
[2024-10-19T14:32:57.552+0000] {logging_mixin.py:188} INFO - [2024-10-19T14:32:57.552+0000] {dag.py:3947} INFO - Setting next_dagrun for example_sensor_decorator to None, run_after=None
[2024-10-19T14:32:57.571+0000] {processor.py:183} INFO - Processing /home/airflow/.local/lib/python3.11/site-packages/airflow/example_dags/example_sensor_decorator.py took 0.069 seconds
[2024-10-19T14:33:27.961+0000] {processor.py:161} INFO - Started process (PID=1950) to work on /home/airflow/.local/lib/python3.11/site-packages/airflow/example_dags/example_sensor_decorator.py
[2024-10-19T14:33:27.962+0000] {processor.py:830} INFO - Processing file /home/airflow/.local/lib/python3.11/site-packages/airflow/example_dags/example_sensor_decorator.py for tasks to queue
[2024-10-19T14:33:27.963+0000] {logging_mixin.py:188} INFO - [2024-10-19T14:33:27.962+0000] {dagbag.py:545} INFO - Filling up the DagBag from /home/airflow/.local/lib/python3.11/site-packages/airflow/example_dags/example_sensor_decorator.py
[2024-10-19T14:33:27.967+0000] {processor.py:840} INFO - DAG(s) 'example_sensor_decorator' retrieved from /home/airflow/.local/lib/python3.11/site-packages/airflow/example_dags/example_sensor_decorator.py
[2024-10-19T14:33:27.988+0000] {logging_mixin.py:188} INFO - [2024-10-19T14:33:27.987+0000] {dag.py:3089} INFO - Sync 1 DAGs
[2024-10-19T14:33:28.002+0000] {logging_mixin.py:188} INFO - [2024-10-19T14:33:28.002+0000] {dag.py:3947} INFO - Setting next_dagrun for example_sensor_decorator to None, run_after=None
[2024-10-19T14:33:28.029+0000] {processor.py:183} INFO - Processing /home/airflow/.local/lib/python3.11/site-packages/airflow/example_dags/example_sensor_decorator.py took 0.073 seconds
[2024-10-19T14:33:58.084+0000] {processor.py:161} INFO - Started process (PID=2009) to work on /home/airflow/.local/lib/python3.11/site-packages/airflow/example_dags/example_sensor_decorator.py
[2024-10-19T14:33:58.085+0000] {processor.py:830} INFO - Processing file /home/airflow/.local/lib/python3.11/site-packages/airflow/example_dags/example_sensor_decorator.py for tasks to queue
[2024-10-19T14:33:58.086+0000] {logging_mixin.py:188} INFO - [2024-10-19T14:33:58.086+0000] {dagbag.py:545} INFO - Filling up the DagBag from /home/airflow/.local/lib/python3.11/site-packages/airflow/example_dags/example_sensor_decorator.py
[2024-10-19T14:33:58.093+0000] {processor.py:840} INFO - DAG(s) 'example_sensor_decorator' retrieved from /home/airflow/.local/lib/python3.11/site-packages/airflow/example_dags/example_sensor_decorator.py
[2024-10-19T14:33:58.113+0000] {logging_mixin.py:188} INFO - [2024-10-19T14:33:58.113+0000] {dag.py:3089} INFO - Sync 1 DAGs
[2024-10-19T14:33:58.124+0000] {logging_mixin.py:188} INFO - [2024-10-19T14:33:58.124+0000] {dag.py:3947} INFO - Setting next_dagrun for example_sensor_decorator to None, run_after=None
[2024-10-19T14:33:58.145+0000] {processor.py:183} INFO - Processing /home/airflow/.local/lib/python3.11/site-packages/airflow/example_dags/example_sensor_decorator.py took 0.068 seconds
[2024-10-19T14:34:28.306+0000] {processor.py:161} INFO - Started process (PID=2068) to work on /home/airflow/.local/lib/python3.11/site-packages/airflow/example_dags/example_sensor_decorator.py
[2024-10-19T14:34:28.312+0000] {processor.py:830} INFO - Processing file /home/airflow/.local/lib/python3.11/site-packages/airflow/example_dags/example_sensor_decorator.py for tasks to queue
[2024-10-19T14:34:28.317+0000] {logging_mixin.py:188} INFO - [2024-10-19T14:34:28.316+0000] {dagbag.py:545} INFO - Filling up the DagBag from /home/airflow/.local/lib/python3.11/site-packages/airflow/example_dags/example_sensor_decorator.py
[2024-10-19T14:34:28.325+0000] {processor.py:840} INFO - DAG(s) 'example_sensor_decorator' retrieved from /home/airflow/.local/lib/python3.11/site-packages/airflow/example_dags/example_sensor_decorator.py
[2024-10-19T14:34:28.351+0000] {logging_mixin.py:188} INFO - [2024-10-19T14:34:28.350+0000] {dag.py:3089} INFO - Sync 1 DAGs
[2024-10-19T14:34:28.368+0000] {logging_mixin.py:188} INFO - [2024-10-19T14:34:28.367+0000] {dag.py:3947} INFO - Setting next_dagrun for example_sensor_decorator to None, run_after=None
[2024-10-19T14:34:28.391+0000] {processor.py:183} INFO - Processing /home/airflow/.local/lib/python3.11/site-packages/airflow/example_dags/example_sensor_decorator.py took 0.090 seconds
[2024-10-19T14:34:58.501+0000] {processor.py:161} INFO - Started process (PID=2127) to work on /home/airflow/.local/lib/python3.11/site-packages/airflow/example_dags/example_sensor_decorator.py
[2024-10-19T14:34:58.502+0000] {processor.py:830} INFO - Processing file /home/airflow/.local/lib/python3.11/site-packages/airflow/example_dags/example_sensor_decorator.py for tasks to queue
[2024-10-19T14:34:58.503+0000] {logging_mixin.py:188} INFO - [2024-10-19T14:34:58.503+0000] {dagbag.py:545} INFO - Filling up the DagBag from /home/airflow/.local/lib/python3.11/site-packages/airflow/example_dags/example_sensor_decorator.py
[2024-10-19T14:34:58.508+0000] {processor.py:840} INFO - DAG(s) 'example_sensor_decorator' retrieved from /home/airflow/.local/lib/python3.11/site-packages/airflow/example_dags/example_sensor_decorator.py
[2024-10-19T14:34:58.527+0000] {logging_mixin.py:188} INFO - [2024-10-19T14:34:58.527+0000] {dag.py:3089} INFO - Sync 1 DAGs
[2024-10-19T14:34:58.538+0000] {logging_mixin.py:188} INFO - [2024-10-19T14:34:58.538+0000] {dag.py:3947} INFO - Setting next_dagrun for example_sensor_decorator to None, run_after=None
[2024-10-19T14:34:58.561+0000] {processor.py:183} INFO - Processing /home/airflow/.local/lib/python3.11/site-packages/airflow/example_dags/example_sensor_decorator.py took 0.066 seconds
[2024-10-19T14:35:29.234+0000] {processor.py:161} INFO - Started process (PID=2186) to work on /home/airflow/.local/lib/python3.11/site-packages/airflow/example_dags/example_sensor_decorator.py
[2024-10-19T14:35:29.235+0000] {processor.py:830} INFO - Processing file /home/airflow/.local/lib/python3.11/site-packages/airflow/example_dags/example_sensor_decorator.py for tasks to queue
[2024-10-19T14:35:29.236+0000] {logging_mixin.py:188} INFO - [2024-10-19T14:35:29.236+0000] {dagbag.py:545} INFO - Filling up the DagBag from /home/airflow/.local/lib/python3.11/site-packages/airflow/example_dags/example_sensor_decorator.py
[2024-10-19T14:35:29.242+0000] {processor.py:840} INFO - DAG(s) 'example_sensor_decorator' retrieved from /home/airflow/.local/lib/python3.11/site-packages/airflow/example_dags/example_sensor_decorator.py
[2024-10-19T14:35:29.263+0000] {logging_mixin.py:188} INFO - [2024-10-19T14:35:29.263+0000] {dag.py:3089} INFO - Sync 1 DAGs
[2024-10-19T14:35:29.277+0000] {logging_mixin.py:188} INFO - [2024-10-19T14:35:29.277+0000] {dag.py:3947} INFO - Setting next_dagrun for example_sensor_decorator to None, run_after=None
[2024-10-19T14:35:29.302+0000] {processor.py:183} INFO - Processing /home/airflow/.local/lib/python3.11/site-packages/airflow/example_dags/example_sensor_decorator.py took 0.073 seconds
[2024-10-19T14:35:59.997+0000] {processor.py:161} INFO - Started process (PID=2245) to work on /home/airflow/.local/lib/python3.11/site-packages/airflow/example_dags/example_sensor_decorator.py
[2024-10-19T14:35:59.998+0000] {processor.py:830} INFO - Processing file /home/airflow/.local/lib/python3.11/site-packages/airflow/example_dags/example_sensor_decorator.py for tasks to queue
[2024-10-19T14:35:59.999+0000] {logging_mixin.py:188} INFO - [2024-10-19T14:35:59.999+0000] {dagbag.py:545} INFO - Filling up the DagBag from /home/airflow/.local/lib/python3.11/site-packages/airflow/example_dags/example_sensor_decorator.py
[2024-10-19T14:36:00.005+0000] {processor.py:840} INFO - DAG(s) 'example_sensor_decorator' retrieved from /home/airflow/.local/lib/python3.11/site-packages/airflow/example_dags/example_sensor_decorator.py
[2024-10-19T14:36:00.027+0000] {logging_mixin.py:188} INFO - [2024-10-19T14:36:00.026+0000] {dag.py:3089} INFO - Sync 1 DAGs
[2024-10-19T14:36:00.041+0000] {logging_mixin.py:188} INFO - [2024-10-19T14:36:00.041+0000] {dag.py:3947} INFO - Setting next_dagrun for example_sensor_decorator to None, run_after=None
[2024-10-19T14:36:00.069+0000] {processor.py:183} INFO - Processing /home/airflow/.local/lib/python3.11/site-packages/airflow/example_dags/example_sensor_decorator.py took 0.077 seconds
[2024-10-19T14:36:30.762+0000] {processor.py:161} INFO - Started process (PID=2304) to work on /home/airflow/.local/lib/python3.11/site-packages/airflow/example_dags/example_sensor_decorator.py
[2024-10-19T14:36:30.763+0000] {processor.py:830} INFO - Processing file /home/airflow/.local/lib/python3.11/site-packages/airflow/example_dags/example_sensor_decorator.py for tasks to queue
[2024-10-19T14:36:30.763+0000] {logging_mixin.py:188} INFO - [2024-10-19T14:36:30.763+0000] {dagbag.py:545} INFO - Filling up the DagBag from /home/airflow/.local/lib/python3.11/site-packages/airflow/example_dags/example_sensor_decorator.py
[2024-10-19T14:36:30.768+0000] {processor.py:840} INFO - DAG(s) 'example_sensor_decorator' retrieved from /home/airflow/.local/lib/python3.11/site-packages/airflow/example_dags/example_sensor_decorator.py
[2024-10-19T14:36:30.784+0000] {logging_mixin.py:188} INFO - [2024-10-19T14:36:30.783+0000] {dag.py:3089} INFO - Sync 1 DAGs
[2024-10-19T14:36:30.793+0000] {logging_mixin.py:188} INFO - [2024-10-19T14:36:30.793+0000] {dag.py:3947} INFO - Setting next_dagrun for example_sensor_decorator to None, run_after=None
[2024-10-19T14:36:30.811+0000] {processor.py:183} INFO - Processing /home/airflow/.local/lib/python3.11/site-packages/airflow/example_dags/example_sensor_decorator.py took 0.053 seconds
[2024-10-19T14:37:01.710+0000] {processor.py:161} INFO - Started process (PID=2363) to work on /home/airflow/.local/lib/python3.11/site-packages/airflow/example_dags/example_sensor_decorator.py
[2024-10-19T14:37:01.711+0000] {processor.py:830} INFO - Processing file /home/airflow/.local/lib/python3.11/site-packages/airflow/example_dags/example_sensor_decorator.py for tasks to queue
[2024-10-19T14:37:01.714+0000] {logging_mixin.py:188} INFO - [2024-10-19T14:37:01.714+0000] {dagbag.py:545} INFO - Filling up the DagBag from /home/airflow/.local/lib/python3.11/site-packages/airflow/example_dags/example_sensor_decorator.py
[2024-10-19T14:37:01.720+0000] {processor.py:840} INFO - DAG(s) 'example_sensor_decorator' retrieved from /home/airflow/.local/lib/python3.11/site-packages/airflow/example_dags/example_sensor_decorator.py
[2024-10-19T14:37:01.744+0000] {logging_mixin.py:188} INFO - [2024-10-19T14:37:01.743+0000] {dag.py:3089} INFO - Sync 1 DAGs
[2024-10-19T14:37:01.755+0000] {logging_mixin.py:188} INFO - [2024-10-19T14:37:01.754+0000] {dag.py:3947} INFO - Setting next_dagrun for example_sensor_decorator to None, run_after=None
[2024-10-19T14:37:01.772+0000] {processor.py:183} INFO - Processing /home/airflow/.local/lib/python3.11/site-packages/airflow/example_dags/example_sensor_decorator.py took 0.070 seconds
[2024-10-19T14:37:31.920+0000] {processor.py:161} INFO - Started process (PID=2426) to work on /home/airflow/.local/lib/python3.11/site-packages/airflow/example_dags/example_sensor_decorator.py
[2024-10-19T14:37:31.920+0000] {processor.py:830} INFO - Processing file /home/airflow/.local/lib/python3.11/site-packages/airflow/example_dags/example_sensor_decorator.py for tasks to queue
[2024-10-19T14:37:31.921+0000] {logging_mixin.py:188} INFO - [2024-10-19T14:37:31.921+0000] {dagbag.py:545} INFO - Filling up the DagBag from /home/airflow/.local/lib/python3.11/site-packages/airflow/example_dags/example_sensor_decorator.py
[2024-10-19T14:37:31.927+0000] {processor.py:840} INFO - DAG(s) 'example_sensor_decorator' retrieved from /home/airflow/.local/lib/python3.11/site-packages/airflow/example_dags/example_sensor_decorator.py
[2024-10-19T14:37:31.944+0000] {logging_mixin.py:188} INFO - [2024-10-19T14:37:31.944+0000] {dag.py:3089} INFO - Sync 1 DAGs
[2024-10-19T14:37:31.955+0000] {logging_mixin.py:188} INFO - [2024-10-19T14:37:31.954+0000] {dag.py:3947} INFO - Setting next_dagrun for example_sensor_decorator to None, run_after=None
[2024-10-19T14:37:31.970+0000] {processor.py:183} INFO - Processing /home/airflow/.local/lib/python3.11/site-packages/airflow/example_dags/example_sensor_decorator.py took 0.056 seconds
[2024-10-19T14:38:02.087+0000] {processor.py:161} INFO - Started process (PID=2486) to work on /home/airflow/.local/lib/python3.11/site-packages/airflow/example_dags/example_sensor_decorator.py
[2024-10-19T14:38:02.088+0000] {processor.py:830} INFO - Processing file /home/airflow/.local/lib/python3.11/site-packages/airflow/example_dags/example_sensor_decorator.py for tasks to queue
[2024-10-19T14:38:02.089+0000] {logging_mixin.py:188} INFO - [2024-10-19T14:38:02.088+0000] {dagbag.py:545} INFO - Filling up the DagBag from /home/airflow/.local/lib/python3.11/site-packages/airflow/example_dags/example_sensor_decorator.py
[2024-10-19T14:38:02.093+0000] {processor.py:840} INFO - DAG(s) 'example_sensor_decorator' retrieved from /home/airflow/.local/lib/python3.11/site-packages/airflow/example_dags/example_sensor_decorator.py
[2024-10-19T14:38:02.112+0000] {logging_mixin.py:188} INFO - [2024-10-19T14:38:02.111+0000] {dag.py:3089} INFO - Sync 1 DAGs
[2024-10-19T14:38:02.122+0000] {logging_mixin.py:188} INFO - [2024-10-19T14:38:02.122+0000] {dag.py:3947} INFO - Setting next_dagrun for example_sensor_decorator to None, run_after=None
[2024-10-19T14:38:02.151+0000] {processor.py:183} INFO - Processing /home/airflow/.local/lib/python3.11/site-packages/airflow/example_dags/example_sensor_decorator.py took 0.070 seconds
[2024-10-19T14:38:32.553+0000] {processor.py:161} INFO - Started process (PID=2546) to work on /home/airflow/.local/lib/python3.11/site-packages/airflow/example_dags/example_sensor_decorator.py
[2024-10-19T14:38:32.554+0000] {processor.py:830} INFO - Processing file /home/airflow/.local/lib/python3.11/site-packages/airflow/example_dags/example_sensor_decorator.py for tasks to queue
[2024-10-19T14:38:32.555+0000] {logging_mixin.py:188} INFO - [2024-10-19T14:38:32.554+0000] {dagbag.py:545} INFO - Filling up the DagBag from /home/airflow/.local/lib/python3.11/site-packages/airflow/example_dags/example_sensor_decorator.py
[2024-10-19T14:38:32.560+0000] {processor.py:840} INFO - DAG(s) 'example_sensor_decorator' retrieved from /home/airflow/.local/lib/python3.11/site-packages/airflow/example_dags/example_sensor_decorator.py
[2024-10-19T14:38:32.576+0000] {logging_mixin.py:188} INFO - [2024-10-19T14:38:32.576+0000] {dag.py:3089} INFO - Sync 1 DAGs
[2024-10-19T14:38:32.586+0000] {logging_mixin.py:188} INFO - [2024-10-19T14:38:32.586+0000] {dag.py:3947} INFO - Setting next_dagrun for example_sensor_decorator to None, run_after=None
[2024-10-19T14:38:32.602+0000] {processor.py:183} INFO - Processing /home/airflow/.local/lib/python3.11/site-packages/airflow/example_dags/example_sensor_decorator.py took 0.054 seconds
[2024-10-19T14:39:02.681+0000] {processor.py:161} INFO - Started process (PID=2605) to work on /home/airflow/.local/lib/python3.11/site-packages/airflow/example_dags/example_sensor_decorator.py
[2024-10-19T14:39:02.682+0000] {processor.py:830} INFO - Processing file /home/airflow/.local/lib/python3.11/site-packages/airflow/example_dags/example_sensor_decorator.py for tasks to queue
[2024-10-19T14:39:02.683+0000] {logging_mixin.py:188} INFO - [2024-10-19T14:39:02.683+0000] {dagbag.py:545} INFO - Filling up the DagBag from /home/airflow/.local/lib/python3.11/site-packages/airflow/example_dags/example_sensor_decorator.py
[2024-10-19T14:39:02.690+0000] {processor.py:840} INFO - DAG(s) 'example_sensor_decorator' retrieved from /home/airflow/.local/lib/python3.11/site-packages/airflow/example_dags/example_sensor_decorator.py
[2024-10-19T14:39:02.709+0000] {logging_mixin.py:188} INFO - [2024-10-19T14:39:02.709+0000] {dag.py:3089} INFO - Sync 1 DAGs
[2024-10-19T14:39:02.720+0000] {logging_mixin.py:188} INFO - [2024-10-19T14:39:02.720+0000] {dag.py:3947} INFO - Setting next_dagrun for example_sensor_decorator to None, run_after=None
[2024-10-19T14:39:02.741+0000] {processor.py:183} INFO - Processing /home/airflow/.local/lib/python3.11/site-packages/airflow/example_dags/example_sensor_decorator.py took 0.065 seconds
[2024-10-19T14:39:33.445+0000] {processor.py:161} INFO - Started process (PID=2664) to work on /home/airflow/.local/lib/python3.11/site-packages/airflow/example_dags/example_sensor_decorator.py
[2024-10-19T14:39:33.458+0000] {processor.py:830} INFO - Processing file /home/airflow/.local/lib/python3.11/site-packages/airflow/example_dags/example_sensor_decorator.py for tasks to queue
[2024-10-19T14:39:33.460+0000] {logging_mixin.py:188} INFO - [2024-10-19T14:39:33.460+0000] {dagbag.py:545} INFO - Filling up the DagBag from /home/airflow/.local/lib/python3.11/site-packages/airflow/example_dags/example_sensor_decorator.py
[2024-10-19T14:39:33.481+0000] {processor.py:840} INFO - DAG(s) 'example_sensor_decorator' retrieved from /home/airflow/.local/lib/python3.11/site-packages/airflow/example_dags/example_sensor_decorator.py
[2024-10-19T14:39:33.523+0000] {logging_mixin.py:188} INFO - [2024-10-19T14:39:33.523+0000] {dag.py:3089} INFO - Sync 1 DAGs
[2024-10-19T14:39:33.545+0000] {logging_mixin.py:188} INFO - [2024-10-19T14:39:33.545+0000] {dag.py:3947} INFO - Setting next_dagrun for example_sensor_decorator to None, run_after=None
[2024-10-19T14:39:33.591+0000] {processor.py:183} INFO - Processing /home/airflow/.local/lib/python3.11/site-packages/airflow/example_dags/example_sensor_decorator.py took 0.157 seconds
[2024-10-19T14:40:04.033+0000] {processor.py:161} INFO - Started process (PID=2723) to work on /home/airflow/.local/lib/python3.11/site-packages/airflow/example_dags/example_sensor_decorator.py
[2024-10-19T14:40:04.038+0000] {processor.py:830} INFO - Processing file /home/airflow/.local/lib/python3.11/site-packages/airflow/example_dags/example_sensor_decorator.py for tasks to queue
[2024-10-19T14:40:04.039+0000] {logging_mixin.py:188} INFO - [2024-10-19T14:40:04.039+0000] {dagbag.py:545} INFO - Filling up the DagBag from /home/airflow/.local/lib/python3.11/site-packages/airflow/example_dags/example_sensor_decorator.py
[2024-10-19T14:40:04.046+0000] {processor.py:840} INFO - DAG(s) 'example_sensor_decorator' retrieved from /home/airflow/.local/lib/python3.11/site-packages/airflow/example_dags/example_sensor_decorator.py
[2024-10-19T14:40:04.087+0000] {logging_mixin.py:188} INFO - [2024-10-19T14:40:04.087+0000] {dag.py:3089} INFO - Sync 1 DAGs
[2024-10-19T14:40:04.107+0000] {logging_mixin.py:188} INFO - [2024-10-19T14:40:04.106+0000] {dag.py:3947} INFO - Setting next_dagrun for example_sensor_decorator to None, run_after=None
[2024-10-19T14:40:04.144+0000] {processor.py:183} INFO - Processing /home/airflow/.local/lib/python3.11/site-packages/airflow/example_dags/example_sensor_decorator.py took 0.123 seconds
[2024-10-19T14:40:34.973+0000] {processor.py:161} INFO - Started process (PID=2782) to work on /home/airflow/.local/lib/python3.11/site-packages/airflow/example_dags/example_sensor_decorator.py
[2024-10-19T14:40:34.980+0000] {processor.py:830} INFO - Processing file /home/airflow/.local/lib/python3.11/site-packages/airflow/example_dags/example_sensor_decorator.py for tasks to queue
[2024-10-19T14:40:34.981+0000] {logging_mixin.py:188} INFO - [2024-10-19T14:40:34.981+0000] {dagbag.py:545} INFO - Filling up the DagBag from /home/airflow/.local/lib/python3.11/site-packages/airflow/example_dags/example_sensor_decorator.py
[2024-10-19T14:40:34.993+0000] {processor.py:840} INFO - DAG(s) 'example_sensor_decorator' retrieved from /home/airflow/.local/lib/python3.11/site-packages/airflow/example_dags/example_sensor_decorator.py
[2024-10-19T14:40:35.047+0000] {logging_mixin.py:188} INFO - [2024-10-19T14:40:35.046+0000] {dag.py:3089} INFO - Sync 1 DAGs
[2024-10-19T14:40:35.065+0000] {logging_mixin.py:188} INFO - [2024-10-19T14:40:35.064+0000] {dag.py:3947} INFO - Setting next_dagrun for example_sensor_decorator to None, run_after=None
[2024-10-19T14:40:35.168+0000] {processor.py:183} INFO - Processing /home/airflow/.local/lib/python3.11/site-packages/airflow/example_dags/example_sensor_decorator.py took 0.202 seconds
[2024-10-19T14:41:05.487+0000] {processor.py:161} INFO - Started process (PID=2841) to work on /home/airflow/.local/lib/python3.11/site-packages/airflow/example_dags/example_sensor_decorator.py
[2024-10-19T14:41:05.494+0000] {processor.py:830} INFO - Processing file /home/airflow/.local/lib/python3.11/site-packages/airflow/example_dags/example_sensor_decorator.py for tasks to queue
[2024-10-19T14:41:05.499+0000] {logging_mixin.py:188} INFO - [2024-10-19T14:41:05.499+0000] {dagbag.py:545} INFO - Filling up the DagBag from /home/airflow/.local/lib/python3.11/site-packages/airflow/example_dags/example_sensor_decorator.py
[2024-10-19T14:41:05.509+0000] {processor.py:840} INFO - DAG(s) 'example_sensor_decorator' retrieved from /home/airflow/.local/lib/python3.11/site-packages/airflow/example_dags/example_sensor_decorator.py
[2024-10-19T14:41:05.550+0000] {logging_mixin.py:188} INFO - [2024-10-19T14:41:05.550+0000] {dag.py:3089} INFO - Sync 1 DAGs
[2024-10-19T14:41:05.566+0000] {logging_mixin.py:188} INFO - [2024-10-19T14:41:05.565+0000] {dag.py:3947} INFO - Setting next_dagrun for example_sensor_decorator to None, run_after=None
[2024-10-19T14:41:05.600+0000] {processor.py:183} INFO - Processing /home/airflow/.local/lib/python3.11/site-packages/airflow/example_dags/example_sensor_decorator.py took 0.120 seconds
[2024-10-19T14:41:35.805+0000] {processor.py:161} INFO - Started process (PID=2900) to work on /home/airflow/.local/lib/python3.11/site-packages/airflow/example_dags/example_sensor_decorator.py
[2024-10-19T14:41:35.806+0000] {processor.py:830} INFO - Processing file /home/airflow/.local/lib/python3.11/site-packages/airflow/example_dags/example_sensor_decorator.py for tasks to queue
[2024-10-19T14:41:35.808+0000] {logging_mixin.py:188} INFO - [2024-10-19T14:41:35.807+0000] {dagbag.py:545} INFO - Filling up the DagBag from /home/airflow/.local/lib/python3.11/site-packages/airflow/example_dags/example_sensor_decorator.py
[2024-10-19T14:41:35.816+0000] {processor.py:840} INFO - DAG(s) 'example_sensor_decorator' retrieved from /home/airflow/.local/lib/python3.11/site-packages/airflow/example_dags/example_sensor_decorator.py
[2024-10-19T14:41:35.848+0000] {logging_mixin.py:188} INFO - [2024-10-19T14:41:35.848+0000] {dag.py:3089} INFO - Sync 1 DAGs
[2024-10-19T14:41:35.878+0000] {logging_mixin.py:188} INFO - [2024-10-19T14:41:35.877+0000] {dag.py:3947} INFO - Setting next_dagrun for example_sensor_decorator to None, run_after=None
[2024-10-19T14:41:35.925+0000] {processor.py:183} INFO - Processing /home/airflow/.local/lib/python3.11/site-packages/airflow/example_dags/example_sensor_decorator.py took 0.128 seconds
[2024-10-19T14:42:06.479+0000] {processor.py:161} INFO - Started process (PID=2959) to work on /home/airflow/.local/lib/python3.11/site-packages/airflow/example_dags/example_sensor_decorator.py
[2024-10-19T14:42:06.480+0000] {processor.py:830} INFO - Processing file /home/airflow/.local/lib/python3.11/site-packages/airflow/example_dags/example_sensor_decorator.py for tasks to queue
[2024-10-19T14:42:06.481+0000] {logging_mixin.py:188} INFO - [2024-10-19T14:42:06.481+0000] {dagbag.py:545} INFO - Filling up the DagBag from /home/airflow/.local/lib/python3.11/site-packages/airflow/example_dags/example_sensor_decorator.py
[2024-10-19T14:42:06.488+0000] {processor.py:840} INFO - DAG(s) 'example_sensor_decorator' retrieved from /home/airflow/.local/lib/python3.11/site-packages/airflow/example_dags/example_sensor_decorator.py
[2024-10-19T14:42:06.517+0000] {logging_mixin.py:188} INFO - [2024-10-19T14:42:06.516+0000] {dag.py:3089} INFO - Sync 1 DAGs
[2024-10-19T14:42:06.536+0000] {logging_mixin.py:188} INFO - [2024-10-19T14:42:06.536+0000] {dag.py:3947} INFO - Setting next_dagrun for example_sensor_decorator to None, run_after=None
[2024-10-19T14:42:06.567+0000] {processor.py:183} INFO - Processing /home/airflow/.local/lib/python3.11/site-packages/airflow/example_dags/example_sensor_decorator.py took 0.096 seconds
[2024-10-19T14:42:36.694+0000] {processor.py:161} INFO - Started process (PID=3018) to work on /home/airflow/.local/lib/python3.11/site-packages/airflow/example_dags/example_sensor_decorator.py
[2024-10-19T14:42:36.694+0000] {processor.py:830} INFO - Processing file /home/airflow/.local/lib/python3.11/site-packages/airflow/example_dags/example_sensor_decorator.py for tasks to queue
[2024-10-19T14:42:36.695+0000] {logging_mixin.py:188} INFO - [2024-10-19T14:42:36.695+0000] {dagbag.py:545} INFO - Filling up the DagBag from /home/airflow/.local/lib/python3.11/site-packages/airflow/example_dags/example_sensor_decorator.py
[2024-10-19T14:42:36.700+0000] {processor.py:840} INFO - DAG(s) 'example_sensor_decorator' retrieved from /home/airflow/.local/lib/python3.11/site-packages/airflow/example_dags/example_sensor_decorator.py
[2024-10-19T14:42:36.717+0000] {logging_mixin.py:188} INFO - [2024-10-19T14:42:36.717+0000] {dag.py:3089} INFO - Sync 1 DAGs
[2024-10-19T14:42:36.728+0000] {logging_mixin.py:188} INFO - [2024-10-19T14:42:36.728+0000] {dag.py:3947} INFO - Setting next_dagrun for example_sensor_decorator to None, run_after=None
[2024-10-19T14:42:36.745+0000] {processor.py:183} INFO - Processing /home/airflow/.local/lib/python3.11/site-packages/airflow/example_dags/example_sensor_decorator.py took 0.056 seconds
[2024-10-19T14:43:07.533+0000] {processor.py:161} INFO - Started process (PID=3078) to work on /home/airflow/.local/lib/python3.11/site-packages/airflow/example_dags/example_sensor_decorator.py
[2024-10-19T14:43:07.534+0000] {processor.py:830} INFO - Processing file /home/airflow/.local/lib/python3.11/site-packages/airflow/example_dags/example_sensor_decorator.py for tasks to queue
[2024-10-19T14:43:07.536+0000] {logging_mixin.py:188} INFO - [2024-10-19T14:43:07.535+0000] {dagbag.py:545} INFO - Filling up the DagBag from /home/airflow/.local/lib/python3.11/site-packages/airflow/example_dags/example_sensor_decorator.py
[2024-10-19T14:43:07.541+0000] {processor.py:840} INFO - DAG(s) 'example_sensor_decorator' retrieved from /home/airflow/.local/lib/python3.11/site-packages/airflow/example_dags/example_sensor_decorator.py
[2024-10-19T14:43:07.561+0000] {logging_mixin.py:188} INFO - [2024-10-19T14:43:07.561+0000] {dag.py:3089} INFO - Sync 1 DAGs
[2024-10-19T14:43:07.572+0000] {logging_mixin.py:188} INFO - [2024-10-19T14:43:07.572+0000] {dag.py:3947} INFO - Setting next_dagrun for example_sensor_decorator to None, run_after=None
[2024-10-19T14:43:07.591+0000] {processor.py:183} INFO - Processing /home/airflow/.local/lib/python3.11/site-packages/airflow/example_dags/example_sensor_decorator.py took 0.065 seconds
[2024-10-19T14:43:38.313+0000] {processor.py:161} INFO - Started process (PID=3137) to work on /home/airflow/.local/lib/python3.11/site-packages/airflow/example_dags/example_sensor_decorator.py
[2024-10-19T14:43:38.314+0000] {processor.py:830} INFO - Processing file /home/airflow/.local/lib/python3.11/site-packages/airflow/example_dags/example_sensor_decorator.py for tasks to queue
[2024-10-19T14:43:38.315+0000] {logging_mixin.py:188} INFO - [2024-10-19T14:43:38.315+0000] {dagbag.py:545} INFO - Filling up the DagBag from /home/airflow/.local/lib/python3.11/site-packages/airflow/example_dags/example_sensor_decorator.py
[2024-10-19T14:43:38.320+0000] {processor.py:840} INFO - DAG(s) 'example_sensor_decorator' retrieved from /home/airflow/.local/lib/python3.11/site-packages/airflow/example_dags/example_sensor_decorator.py
[2024-10-19T14:43:38.339+0000] {logging_mixin.py:188} INFO - [2024-10-19T14:43:38.338+0000] {dag.py:3089} INFO - Sync 1 DAGs
[2024-10-19T14:43:38.354+0000] {logging_mixin.py:188} INFO - [2024-10-19T14:43:38.353+0000] {dag.py:3947} INFO - Setting next_dagrun for example_sensor_decorator to None, run_after=None
[2024-10-19T14:43:38.372+0000] {processor.py:183} INFO - Processing /home/airflow/.local/lib/python3.11/site-packages/airflow/example_dags/example_sensor_decorator.py took 0.065 seconds
[2024-10-19T14:44:08.987+0000] {processor.py:161} INFO - Started process (PID=3196) to work on /home/airflow/.local/lib/python3.11/site-packages/airflow/example_dags/example_sensor_decorator.py
[2024-10-19T14:44:08.988+0000] {processor.py:830} INFO - Processing file /home/airflow/.local/lib/python3.11/site-packages/airflow/example_dags/example_sensor_decorator.py for tasks to queue
[2024-10-19T14:44:08.989+0000] {logging_mixin.py:188} INFO - [2024-10-19T14:44:08.989+0000] {dagbag.py:545} INFO - Filling up the DagBag from /home/airflow/.local/lib/python3.11/site-packages/airflow/example_dags/example_sensor_decorator.py
[2024-10-19T14:44:08.995+0000] {processor.py:840} INFO - DAG(s) 'example_sensor_decorator' retrieved from /home/airflow/.local/lib/python3.11/site-packages/airflow/example_dags/example_sensor_decorator.py
[2024-10-19T14:44:09.012+0000] {logging_mixin.py:188} INFO - [2024-10-19T14:44:09.012+0000] {dag.py:3089} INFO - Sync 1 DAGs
[2024-10-19T14:44:09.022+0000] {logging_mixin.py:188} INFO - [2024-10-19T14:44:09.022+0000] {dag.py:3947} INFO - Setting next_dagrun for example_sensor_decorator to None, run_after=None
[2024-10-19T14:44:09.038+0000] {processor.py:183} INFO - Processing /home/airflow/.local/lib/python3.11/site-packages/airflow/example_dags/example_sensor_decorator.py took 0.056 seconds
[2024-10-19T14:44:39.594+0000] {processor.py:161} INFO - Started process (PID=3255) to work on /home/airflow/.local/lib/python3.11/site-packages/airflow/example_dags/example_sensor_decorator.py
[2024-10-19T14:44:39.595+0000] {processor.py:830} INFO - Processing file /home/airflow/.local/lib/python3.11/site-packages/airflow/example_dags/example_sensor_decorator.py for tasks to queue
[2024-10-19T14:44:39.596+0000] {logging_mixin.py:188} INFO - [2024-10-19T14:44:39.595+0000] {dagbag.py:545} INFO - Filling up the DagBag from /home/airflow/.local/lib/python3.11/site-packages/airflow/example_dags/example_sensor_decorator.py
[2024-10-19T14:44:39.601+0000] {processor.py:840} INFO - DAG(s) 'example_sensor_decorator' retrieved from /home/airflow/.local/lib/python3.11/site-packages/airflow/example_dags/example_sensor_decorator.py
[2024-10-19T14:44:39.618+0000] {logging_mixin.py:188} INFO - [2024-10-19T14:44:39.618+0000] {dag.py:3089} INFO - Sync 1 DAGs
[2024-10-19T14:44:39.628+0000] {logging_mixin.py:188} INFO - [2024-10-19T14:44:39.628+0000] {dag.py:3947} INFO - Setting next_dagrun for example_sensor_decorator to None, run_after=None
[2024-10-19T14:44:39.647+0000] {processor.py:183} INFO - Processing /home/airflow/.local/lib/python3.11/site-packages/airflow/example_dags/example_sensor_decorator.py took 0.058 seconds
[2024-10-19T14:45:09.761+0000] {processor.py:161} INFO - Started process (PID=3315) to work on /home/airflow/.local/lib/python3.11/site-packages/airflow/example_dags/example_sensor_decorator.py
[2024-10-19T14:45:09.762+0000] {processor.py:830} INFO - Processing file /home/airflow/.local/lib/python3.11/site-packages/airflow/example_dags/example_sensor_decorator.py for tasks to queue
[2024-10-19T14:45:09.763+0000] {logging_mixin.py:188} INFO - [2024-10-19T14:45:09.763+0000] {dagbag.py:545} INFO - Filling up the DagBag from /home/airflow/.local/lib/python3.11/site-packages/airflow/example_dags/example_sensor_decorator.py
[2024-10-19T14:45:09.768+0000] {processor.py:840} INFO - DAG(s) 'example_sensor_decorator' retrieved from /home/airflow/.local/lib/python3.11/site-packages/airflow/example_dags/example_sensor_decorator.py
[2024-10-19T14:45:09.786+0000] {logging_mixin.py:188} INFO - [2024-10-19T14:45:09.785+0000] {dag.py:3089} INFO - Sync 1 DAGs
[2024-10-19T14:45:09.797+0000] {logging_mixin.py:188} INFO - [2024-10-19T14:45:09.796+0000] {dag.py:3947} INFO - Setting next_dagrun for example_sensor_decorator to None, run_after=None
[2024-10-19T14:45:09.814+0000] {processor.py:183} INFO - Processing /home/airflow/.local/lib/python3.11/site-packages/airflow/example_dags/example_sensor_decorator.py took 0.058 seconds
[2024-10-19T14:45:39.947+0000] {processor.py:161} INFO - Started process (PID=3374) to work on /home/airflow/.local/lib/python3.11/site-packages/airflow/example_dags/example_sensor_decorator.py
[2024-10-19T14:45:39.948+0000] {processor.py:830} INFO - Processing file /home/airflow/.local/lib/python3.11/site-packages/airflow/example_dags/example_sensor_decorator.py for tasks to queue
[2024-10-19T14:45:39.949+0000] {logging_mixin.py:188} INFO - [2024-10-19T14:45:39.949+0000] {dagbag.py:545} INFO - Filling up the DagBag from /home/airflow/.local/lib/python3.11/site-packages/airflow/example_dags/example_sensor_decorator.py
[2024-10-19T14:45:39.954+0000] {processor.py:840} INFO - DAG(s) 'example_sensor_decorator' retrieved from /home/airflow/.local/lib/python3.11/site-packages/airflow/example_dags/example_sensor_decorator.py
[2024-10-19T14:45:39.972+0000] {logging_mixin.py:188} INFO - [2024-10-19T14:45:39.971+0000] {dag.py:3089} INFO - Sync 1 DAGs
[2024-10-19T14:45:39.983+0000] {logging_mixin.py:188} INFO - [2024-10-19T14:45:39.982+0000] {dag.py:3947} INFO - Setting next_dagrun for example_sensor_decorator to None, run_after=None
[2024-10-19T14:45:39.999+0000] {processor.py:183} INFO - Processing /home/airflow/.local/lib/python3.11/site-packages/airflow/example_dags/example_sensor_decorator.py took 0.057 seconds
[2024-10-19T14:46:10.301+0000] {processor.py:161} INFO - Started process (PID=3433) to work on /home/airflow/.local/lib/python3.11/site-packages/airflow/example_dags/example_sensor_decorator.py
[2024-10-19T14:46:10.302+0000] {processor.py:830} INFO - Processing file /home/airflow/.local/lib/python3.11/site-packages/airflow/example_dags/example_sensor_decorator.py for tasks to queue
[2024-10-19T14:46:10.303+0000] {logging_mixin.py:188} INFO - [2024-10-19T14:46:10.302+0000] {dagbag.py:545} INFO - Filling up the DagBag from /home/airflow/.local/lib/python3.11/site-packages/airflow/example_dags/example_sensor_decorator.py
[2024-10-19T14:46:10.310+0000] {processor.py:840} INFO - DAG(s) 'example_sensor_decorator' retrieved from /home/airflow/.local/lib/python3.11/site-packages/airflow/example_dags/example_sensor_decorator.py
[2024-10-19T14:46:10.332+0000] {logging_mixin.py:188} INFO - [2024-10-19T14:46:10.332+0000] {dag.py:3089} INFO - Sync 1 DAGs
[2024-10-19T14:46:10.345+0000] {logging_mixin.py:188} INFO - [2024-10-19T14:46:10.345+0000] {dag.py:3947} INFO - Setting next_dagrun for example_sensor_decorator to None, run_after=None
[2024-10-19T14:46:10.365+0000] {processor.py:183} INFO - Processing /home/airflow/.local/lib/python3.11/site-packages/airflow/example_dags/example_sensor_decorator.py took 0.071 seconds
[2024-10-19T14:46:40.966+0000] {processor.py:161} INFO - Started process (PID=3493) to work on /home/airflow/.local/lib/python3.11/site-packages/airflow/example_dags/example_sensor_decorator.py
[2024-10-19T14:46:40.968+0000] {processor.py:830} INFO - Processing file /home/airflow/.local/lib/python3.11/site-packages/airflow/example_dags/example_sensor_decorator.py for tasks to queue
[2024-10-19T14:46:40.969+0000] {logging_mixin.py:188} INFO - [2024-10-19T14:46:40.969+0000] {dagbag.py:545} INFO - Filling up the DagBag from /home/airflow/.local/lib/python3.11/site-packages/airflow/example_dags/example_sensor_decorator.py
[2024-10-19T14:46:40.976+0000] {processor.py:840} INFO - DAG(s) 'example_sensor_decorator' retrieved from /home/airflow/.local/lib/python3.11/site-packages/airflow/example_dags/example_sensor_decorator.py
[2024-10-19T14:46:41.001+0000] {logging_mixin.py:188} INFO - [2024-10-19T14:46:41.000+0000] {dag.py:3089} INFO - Sync 1 DAGs
[2024-10-19T14:46:41.015+0000] {logging_mixin.py:188} INFO - [2024-10-19T14:46:41.015+0000] {dag.py:3947} INFO - Setting next_dagrun for example_sensor_decorator to None, run_after=None
[2024-10-19T14:46:41.040+0000] {processor.py:183} INFO - Processing /home/airflow/.local/lib/python3.11/site-packages/airflow/example_dags/example_sensor_decorator.py took 0.081 seconds
[2024-10-19T14:47:11.188+0000] {processor.py:161} INFO - Started process (PID=3553) to work on /home/airflow/.local/lib/python3.11/site-packages/airflow/example_dags/example_sensor_decorator.py
[2024-10-19T14:47:11.190+0000] {processor.py:830} INFO - Processing file /home/airflow/.local/lib/python3.11/site-packages/airflow/example_dags/example_sensor_decorator.py for tasks to queue
[2024-10-19T14:47:11.191+0000] {logging_mixin.py:188} INFO - [2024-10-19T14:47:11.191+0000] {dagbag.py:545} INFO - Filling up the DagBag from /home/airflow/.local/lib/python3.11/site-packages/airflow/example_dags/example_sensor_decorator.py
[2024-10-19T14:47:11.197+0000] {processor.py:840} INFO - DAG(s) 'example_sensor_decorator' retrieved from /home/airflow/.local/lib/python3.11/site-packages/airflow/example_dags/example_sensor_decorator.py
[2024-10-19T14:47:11.218+0000] {logging_mixin.py:188} INFO - [2024-10-19T14:47:11.218+0000] {dag.py:3089} INFO - Sync 1 DAGs
[2024-10-19T14:47:11.229+0000] {logging_mixin.py:188} INFO - [2024-10-19T14:47:11.229+0000] {dag.py:3947} INFO - Setting next_dagrun for example_sensor_decorator to None, run_after=None
[2024-10-19T14:47:11.249+0000] {processor.py:183} INFO - Processing /home/airflow/.local/lib/python3.11/site-packages/airflow/example_dags/example_sensor_decorator.py took 0.066 seconds
[2024-10-19T14:47:41.508+0000] {processor.py:161} INFO - Started process (PID=3612) to work on /home/airflow/.local/lib/python3.11/site-packages/airflow/example_dags/example_sensor_decorator.py
[2024-10-19T14:47:41.509+0000] {processor.py:830} INFO - Processing file /home/airflow/.local/lib/python3.11/site-packages/airflow/example_dags/example_sensor_decorator.py for tasks to queue
[2024-10-19T14:47:41.510+0000] {logging_mixin.py:188} INFO - [2024-10-19T14:47:41.510+0000] {dagbag.py:545} INFO - Filling up the DagBag from /home/airflow/.local/lib/python3.11/site-packages/airflow/example_dags/example_sensor_decorator.py
[2024-10-19T14:47:41.515+0000] {processor.py:840} INFO - DAG(s) 'example_sensor_decorator' retrieved from /home/airflow/.local/lib/python3.11/site-packages/airflow/example_dags/example_sensor_decorator.py
[2024-10-19T14:47:41.532+0000] {logging_mixin.py:188} INFO - [2024-10-19T14:47:41.532+0000] {dag.py:3089} INFO - Sync 1 DAGs
[2024-10-19T14:47:41.543+0000] {logging_mixin.py:188} INFO - [2024-10-19T14:47:41.543+0000] {dag.py:3947} INFO - Setting next_dagrun for example_sensor_decorator to None, run_after=None
[2024-10-19T14:47:41.561+0000] {processor.py:183} INFO - Processing /home/airflow/.local/lib/python3.11/site-packages/airflow/example_dags/example_sensor_decorator.py took 0.059 seconds
[2024-10-19T14:48:11.931+0000] {processor.py:161} INFO - Started process (PID=3671) to work on /home/airflow/.local/lib/python3.11/site-packages/airflow/example_dags/example_sensor_decorator.py
[2024-10-19T14:48:11.932+0000] {processor.py:830} INFO - Processing file /home/airflow/.local/lib/python3.11/site-packages/airflow/example_dags/example_sensor_decorator.py for tasks to queue
[2024-10-19T14:48:11.932+0000] {logging_mixin.py:188} INFO - [2024-10-19T14:48:11.932+0000] {dagbag.py:545} INFO - Filling up the DagBag from /home/airflow/.local/lib/python3.11/site-packages/airflow/example_dags/example_sensor_decorator.py
[2024-10-19T14:48:11.937+0000] {processor.py:840} INFO - DAG(s) 'example_sensor_decorator' retrieved from /home/airflow/.local/lib/python3.11/site-packages/airflow/example_dags/example_sensor_decorator.py
[2024-10-19T14:48:11.955+0000] {logging_mixin.py:188} INFO - [2024-10-19T14:48:11.955+0000] {dag.py:3089} INFO - Sync 1 DAGs
[2024-10-19T14:48:11.965+0000] {logging_mixin.py:188} INFO - [2024-10-19T14:48:11.965+0000] {dag.py:3947} INFO - Setting next_dagrun for example_sensor_decorator to None, run_after=None
[2024-10-19T14:48:11.985+0000] {processor.py:183} INFO - Processing /home/airflow/.local/lib/python3.11/site-packages/airflow/example_dags/example_sensor_decorator.py took 0.059 seconds
[2024-10-19T14:48:42.123+0000] {processor.py:161} INFO - Started process (PID=3730) to work on /home/airflow/.local/lib/python3.11/site-packages/airflow/example_dags/example_sensor_decorator.py
[2024-10-19T14:48:42.124+0000] {processor.py:830} INFO - Processing file /home/airflow/.local/lib/python3.11/site-packages/airflow/example_dags/example_sensor_decorator.py for tasks to queue
[2024-10-19T14:48:42.125+0000] {logging_mixin.py:188} INFO - [2024-10-19T14:48:42.125+0000] {dagbag.py:545} INFO - Filling up the DagBag from /home/airflow/.local/lib/python3.11/site-packages/airflow/example_dags/example_sensor_decorator.py
[2024-10-19T14:48:42.130+0000] {processor.py:840} INFO - DAG(s) 'example_sensor_decorator' retrieved from /home/airflow/.local/lib/python3.11/site-packages/airflow/example_dags/example_sensor_decorator.py
[2024-10-19T14:48:42.149+0000] {logging_mixin.py:188} INFO - [2024-10-19T14:48:42.149+0000] {dag.py:3089} INFO - Sync 1 DAGs
[2024-10-19T14:48:42.159+0000] {logging_mixin.py:188} INFO - [2024-10-19T14:48:42.159+0000] {dag.py:3947} INFO - Setting next_dagrun for example_sensor_decorator to None, run_after=None
[2024-10-19T14:48:42.176+0000] {processor.py:183} INFO - Processing /home/airflow/.local/lib/python3.11/site-packages/airflow/example_dags/example_sensor_decorator.py took 0.058 seconds
[2024-10-19T14:49:12.338+0000] {processor.py:161} INFO - Started process (PID=3789) to work on /home/airflow/.local/lib/python3.11/site-packages/airflow/example_dags/example_sensor_decorator.py
[2024-10-19T14:49:12.338+0000] {processor.py:830} INFO - Processing file /home/airflow/.local/lib/python3.11/site-packages/airflow/example_dags/example_sensor_decorator.py for tasks to queue
[2024-10-19T14:49:12.339+0000] {logging_mixin.py:188} INFO - [2024-10-19T14:49:12.339+0000] {dagbag.py:545} INFO - Filling up the DagBag from /home/airflow/.local/lib/python3.11/site-packages/airflow/example_dags/example_sensor_decorator.py
[2024-10-19T14:49:12.344+0000] {processor.py:840} INFO - DAG(s) 'example_sensor_decorator' retrieved from /home/airflow/.local/lib/python3.11/site-packages/airflow/example_dags/example_sensor_decorator.py
[2024-10-19T14:49:12.363+0000] {logging_mixin.py:188} INFO - [2024-10-19T14:49:12.362+0000] {dag.py:3089} INFO - Sync 1 DAGs
[2024-10-19T14:49:12.374+0000] {logging_mixin.py:188} INFO - [2024-10-19T14:49:12.374+0000] {dag.py:3947} INFO - Setting next_dagrun for example_sensor_decorator to None, run_after=None
[2024-10-19T14:49:12.392+0000] {processor.py:183} INFO - Processing /home/airflow/.local/lib/python3.11/site-packages/airflow/example_dags/example_sensor_decorator.py took 0.060 seconds
[2024-10-19T14:49:43.148+0000] {processor.py:161} INFO - Started process (PID=3846) to work on /home/airflow/.local/lib/python3.11/site-packages/airflow/example_dags/example_sensor_decorator.py
[2024-10-19T14:49:43.149+0000] {processor.py:830} INFO - Processing file /home/airflow/.local/lib/python3.11/site-packages/airflow/example_dags/example_sensor_decorator.py for tasks to queue
[2024-10-19T14:49:43.150+0000] {logging_mixin.py:188} INFO - [2024-10-19T14:49:43.149+0000] {dagbag.py:545} INFO - Filling up the DagBag from /home/airflow/.local/lib/python3.11/site-packages/airflow/example_dags/example_sensor_decorator.py
[2024-10-19T14:49:43.155+0000] {processor.py:840} INFO - DAG(s) 'example_sensor_decorator' retrieved from /home/airflow/.local/lib/python3.11/site-packages/airflow/example_dags/example_sensor_decorator.py
[2024-10-19T14:49:43.173+0000] {logging_mixin.py:188} INFO - [2024-10-19T14:49:43.172+0000] {dag.py:3089} INFO - Sync 1 DAGs
[2024-10-19T14:49:43.182+0000] {logging_mixin.py:188} INFO - [2024-10-19T14:49:43.182+0000] {dag.py:3947} INFO - Setting next_dagrun for example_sensor_decorator to None, run_after=None
[2024-10-19T14:49:43.200+0000] {processor.py:183} INFO - Processing /home/airflow/.local/lib/python3.11/site-packages/airflow/example_dags/example_sensor_decorator.py took 0.057 seconds
[2024-10-19T14:50:13.306+0000] {processor.py:161} INFO - Started process (PID=3905) to work on /home/airflow/.local/lib/python3.11/site-packages/airflow/example_dags/example_sensor_decorator.py
[2024-10-19T14:50:13.307+0000] {processor.py:830} INFO - Processing file /home/airflow/.local/lib/python3.11/site-packages/airflow/example_dags/example_sensor_decorator.py for tasks to queue
[2024-10-19T14:50:13.308+0000] {logging_mixin.py:188} INFO - [2024-10-19T14:50:13.308+0000] {dagbag.py:545} INFO - Filling up the DagBag from /home/airflow/.local/lib/python3.11/site-packages/airflow/example_dags/example_sensor_decorator.py
[2024-10-19T14:50:13.313+0000] {processor.py:840} INFO - DAG(s) 'example_sensor_decorator' retrieved from /home/airflow/.local/lib/python3.11/site-packages/airflow/example_dags/example_sensor_decorator.py
[2024-10-19T14:50:13.329+0000] {logging_mixin.py:188} INFO - [2024-10-19T14:50:13.329+0000] {dag.py:3089} INFO - Sync 1 DAGs
[2024-10-19T14:50:13.338+0000] {logging_mixin.py:188} INFO - [2024-10-19T14:50:13.338+0000] {dag.py:3947} INFO - Setting next_dagrun for example_sensor_decorator to None, run_after=None
[2024-10-19T14:50:13.354+0000] {processor.py:183} INFO - Processing /home/airflow/.local/lib/python3.11/site-packages/airflow/example_dags/example_sensor_decorator.py took 0.052 seconds
[2024-10-19T14:50:43.979+0000] {processor.py:161} INFO - Started process (PID=3964) to work on /home/airflow/.local/lib/python3.11/site-packages/airflow/example_dags/example_sensor_decorator.py
[2024-10-19T14:50:43.980+0000] {processor.py:830} INFO - Processing file /home/airflow/.local/lib/python3.11/site-packages/airflow/example_dags/example_sensor_decorator.py for tasks to queue
[2024-10-19T14:50:43.981+0000] {logging_mixin.py:188} INFO - [2024-10-19T14:50:43.980+0000] {dagbag.py:545} INFO - Filling up the DagBag from /home/airflow/.local/lib/python3.11/site-packages/airflow/example_dags/example_sensor_decorator.py
[2024-10-19T14:50:43.986+0000] {processor.py:840} INFO - DAG(s) 'example_sensor_decorator' retrieved from /home/airflow/.local/lib/python3.11/site-packages/airflow/example_dags/example_sensor_decorator.py
[2024-10-19T14:50:44.005+0000] {logging_mixin.py:188} INFO - [2024-10-19T14:50:44.005+0000] {dag.py:3089} INFO - Sync 1 DAGs
[2024-10-19T14:50:44.015+0000] {logging_mixin.py:188} INFO - [2024-10-19T14:50:44.015+0000] {dag.py:3947} INFO - Setting next_dagrun for example_sensor_decorator to None, run_after=None
[2024-10-19T14:50:44.033+0000] {processor.py:183} INFO - Processing /home/airflow/.local/lib/python3.11/site-packages/airflow/example_dags/example_sensor_decorator.py took 0.060 seconds
[2024-10-19T14:51:14.738+0000] {processor.py:161} INFO - Started process (PID=4023) to work on /home/airflow/.local/lib/python3.11/site-packages/airflow/example_dags/example_sensor_decorator.py
[2024-10-19T14:51:14.739+0000] {processor.py:830} INFO - Processing file /home/airflow/.local/lib/python3.11/site-packages/airflow/example_dags/example_sensor_decorator.py for tasks to queue
[2024-10-19T14:51:14.741+0000] {logging_mixin.py:188} INFO - [2024-10-19T14:51:14.741+0000] {dagbag.py:545} INFO - Filling up the DagBag from /home/airflow/.local/lib/python3.11/site-packages/airflow/example_dags/example_sensor_decorator.py
[2024-10-19T14:51:14.746+0000] {processor.py:840} INFO - DAG(s) 'example_sensor_decorator' retrieved from /home/airflow/.local/lib/python3.11/site-packages/airflow/example_dags/example_sensor_decorator.py
[2024-10-19T14:51:14.770+0000] {logging_mixin.py:188} INFO - [2024-10-19T14:51:14.770+0000] {dag.py:3089} INFO - Sync 1 DAGs
[2024-10-19T14:51:14.786+0000] {logging_mixin.py:188} INFO - [2024-10-19T14:51:14.785+0000] {dag.py:3947} INFO - Setting next_dagrun for example_sensor_decorator to None, run_after=None
[2024-10-19T14:51:14.809+0000] {processor.py:183} INFO - Processing /home/airflow/.local/lib/python3.11/site-packages/airflow/example_dags/example_sensor_decorator.py took 0.077 seconds
[2024-10-19T14:51:44.943+0000] {processor.py:161} INFO - Started process (PID=4082) to work on /home/airflow/.local/lib/python3.11/site-packages/airflow/example_dags/example_sensor_decorator.py
[2024-10-19T14:51:44.944+0000] {processor.py:830} INFO - Processing file /home/airflow/.local/lib/python3.11/site-packages/airflow/example_dags/example_sensor_decorator.py for tasks to queue
[2024-10-19T14:51:44.945+0000] {logging_mixin.py:188} INFO - [2024-10-19T14:51:44.945+0000] {dagbag.py:545} INFO - Filling up the DagBag from /home/airflow/.local/lib/python3.11/site-packages/airflow/example_dags/example_sensor_decorator.py
[2024-10-19T14:51:44.950+0000] {processor.py:840} INFO - DAG(s) 'example_sensor_decorator' retrieved from /home/airflow/.local/lib/python3.11/site-packages/airflow/example_dags/example_sensor_decorator.py
[2024-10-19T14:51:44.966+0000] {logging_mixin.py:188} INFO - [2024-10-19T14:51:44.966+0000] {dag.py:3089} INFO - Sync 1 DAGs
[2024-10-19T14:51:44.976+0000] {logging_mixin.py:188} INFO - [2024-10-19T14:51:44.976+0000] {dag.py:3947} INFO - Setting next_dagrun for example_sensor_decorator to None, run_after=None
[2024-10-19T14:51:44.992+0000] {processor.py:183} INFO - Processing /home/airflow/.local/lib/python3.11/site-packages/airflow/example_dags/example_sensor_decorator.py took 0.054 seconds
