[2024-10-19T14:18:48.215+0000] {processor.py:161} INFO - Started process (PID=84) to work on /home/airflow/.local/lib/python3.11/site-packages/airflow/example_dags/example_dynamic_task_mapping.py
[2024-10-19T14:18:48.216+0000] {processor.py:830} INFO - Processing file /home/airflow/.local/lib/python3.11/site-packages/airflow/example_dags/example_dynamic_task_mapping.py for tasks to queue
[2024-10-19T14:18:48.218+0000] {logging_mixin.py:188} INFO - [2024-10-19T14:18:48.218+0000] {dagbag.py:545} INFO - Filling up the DagBag from /home/airflow/.local/lib/python3.11/site-packages/airflow/example_dags/example_dynamic_task_mapping.py
[2024-10-19T14:18:48.228+0000] {processor.py:840} INFO - DAG(s) 'example_dynamic_task_mapping' retrieved from /home/airflow/.local/lib/python3.11/site-packages/airflow/example_dags/example_dynamic_task_mapping.py
[2024-10-19T14:18:48.322+0000] {logging_mixin.py:188} INFO - [2024-10-19T14:18:48.320+0000] {override.py:1858} INFO - Created Permission View: can edit on DAG:example_dynamic_task_mapping
[2024-10-19T14:18:48.333+0000] {logging_mixin.py:188} INFO - [2024-10-19T14:18:48.332+0000] {override.py:1858} INFO - Created Permission View: can delete on DAG:example_dynamic_task_mapping
[2024-10-19T14:18:48.340+0000] {logging_mixin.py:188} INFO - [2024-10-19T14:18:48.340+0000] {override.py:1858} INFO - Created Permission View: can read on DAG:example_dynamic_task_mapping
[2024-10-19T14:18:48.341+0000] {logging_mixin.py:188} INFO - [2024-10-19T14:18:48.341+0000] {dag.py:3089} INFO - Sync 1 DAGs
[2024-10-19T14:18:48.353+0000] {logging_mixin.py:188} INFO - [2024-10-19T14:18:48.353+0000] {dag.py:3111} INFO - Creating ORM DAG for example_dynamic_task_mapping
[2024-10-19T14:18:48.361+0000] {logging_mixin.py:188} INFO - [2024-10-19T14:18:48.361+0000] {dag.py:3947} INFO - Setting next_dagrun for example_dynamic_task_mapping to 2022-03-04 00:00:00+00:00, run_after=2022-03-05 00:00:00+00:00
[2024-10-19T14:18:48.374+0000] {processor.py:183} INFO - Processing /home/airflow/.local/lib/python3.11/site-packages/airflow/example_dags/example_dynamic_task_mapping.py took 0.167 seconds
[2024-10-19T14:19:19.133+0000] {processor.py:161} INFO - Started process (PID=142) to work on /home/airflow/.local/lib/python3.11/site-packages/airflow/example_dags/example_dynamic_task_mapping.py
[2024-10-19T14:19:19.134+0000] {processor.py:830} INFO - Processing file /home/airflow/.local/lib/python3.11/site-packages/airflow/example_dags/example_dynamic_task_mapping.py for tasks to queue
[2024-10-19T14:19:19.136+0000] {logging_mixin.py:188} INFO - [2024-10-19T14:19:19.135+0000] {dagbag.py:545} INFO - Filling up the DagBag from /home/airflow/.local/lib/python3.11/site-packages/airflow/example_dags/example_dynamic_task_mapping.py
[2024-10-19T14:19:19.141+0000] {processor.py:840} INFO - DAG(s) 'example_dynamic_task_mapping' retrieved from /home/airflow/.local/lib/python3.11/site-packages/airflow/example_dags/example_dynamic_task_mapping.py
[2024-10-19T14:19:19.156+0000] {logging_mixin.py:188} INFO - [2024-10-19T14:19:19.156+0000] {dag.py:3089} INFO - Sync 1 DAGs
[2024-10-19T14:19:19.174+0000] {logging_mixin.py:188} INFO - [2024-10-19T14:19:19.174+0000] {dag.py:3947} INFO - Setting next_dagrun for example_dynamic_task_mapping to 2022-03-04 00:00:00+00:00, run_after=2022-03-05 00:00:00+00:00
[2024-10-19T14:19:19.189+0000] {processor.py:183} INFO - Processing /home/airflow/.local/lib/python3.11/site-packages/airflow/example_dags/example_dynamic_task_mapping.py took 0.061 seconds
[2024-10-19T14:19:49.977+0000] {processor.py:161} INFO - Started process (PID=200) to work on /home/airflow/.local/lib/python3.11/site-packages/airflow/example_dags/example_dynamic_task_mapping.py
[2024-10-19T14:19:49.978+0000] {processor.py:830} INFO - Processing file /home/airflow/.local/lib/python3.11/site-packages/airflow/example_dags/example_dynamic_task_mapping.py for tasks to queue
[2024-10-19T14:19:49.980+0000] {logging_mixin.py:188} INFO - [2024-10-19T14:19:49.979+0000] {dagbag.py:545} INFO - Filling up the DagBag from /home/airflow/.local/lib/python3.11/site-packages/airflow/example_dags/example_dynamic_task_mapping.py
[2024-10-19T14:19:49.985+0000] {processor.py:840} INFO - DAG(s) 'example_dynamic_task_mapping' retrieved from /home/airflow/.local/lib/python3.11/site-packages/airflow/example_dags/example_dynamic_task_mapping.py
[2024-10-19T14:19:50.003+0000] {logging_mixin.py:188} INFO - [2024-10-19T14:19:50.002+0000] {dag.py:3089} INFO - Sync 1 DAGs
[2024-10-19T14:19:50.028+0000] {logging_mixin.py:188} INFO - [2024-10-19T14:19:50.028+0000] {dag.py:3947} INFO - Setting next_dagrun for example_dynamic_task_mapping to 2022-03-04 00:00:00+00:00, run_after=2022-03-05 00:00:00+00:00
[2024-10-19T14:19:50.047+0000] {processor.py:183} INFO - Processing /home/airflow/.local/lib/python3.11/site-packages/airflow/example_dags/example_dynamic_task_mapping.py took 0.075 seconds
[2024-10-19T14:20:20.669+0000] {processor.py:161} INFO - Started process (PID=258) to work on /home/airflow/.local/lib/python3.11/site-packages/airflow/example_dags/example_dynamic_task_mapping.py
[2024-10-19T14:20:20.670+0000] {processor.py:830} INFO - Processing file /home/airflow/.local/lib/python3.11/site-packages/airflow/example_dags/example_dynamic_task_mapping.py for tasks to queue
[2024-10-19T14:20:20.672+0000] {logging_mixin.py:188} INFO - [2024-10-19T14:20:20.671+0000] {dagbag.py:545} INFO - Filling up the DagBag from /home/airflow/.local/lib/python3.11/site-packages/airflow/example_dags/example_dynamic_task_mapping.py
[2024-10-19T14:20:20.677+0000] {processor.py:840} INFO - DAG(s) 'example_dynamic_task_mapping' retrieved from /home/airflow/.local/lib/python3.11/site-packages/airflow/example_dags/example_dynamic_task_mapping.py
[2024-10-19T14:20:20.694+0000] {logging_mixin.py:188} INFO - [2024-10-19T14:20:20.694+0000] {dag.py:3089} INFO - Sync 1 DAGs
[2024-10-19T14:20:20.716+0000] {logging_mixin.py:188} INFO - [2024-10-19T14:20:20.716+0000] {dag.py:3947} INFO - Setting next_dagrun for example_dynamic_task_mapping to 2022-03-04 00:00:00+00:00, run_after=2022-03-05 00:00:00+00:00
[2024-10-19T14:20:20.735+0000] {processor.py:183} INFO - Processing /home/airflow/.local/lib/python3.11/site-packages/airflow/example_dags/example_dynamic_task_mapping.py took 0.071 seconds
[2024-10-19T14:20:51.288+0000] {processor.py:161} INFO - Started process (PID=316) to work on /home/airflow/.local/lib/python3.11/site-packages/airflow/example_dags/example_dynamic_task_mapping.py
[2024-10-19T14:20:51.288+0000] {processor.py:830} INFO - Processing file /home/airflow/.local/lib/python3.11/site-packages/airflow/example_dags/example_dynamic_task_mapping.py for tasks to queue
[2024-10-19T14:20:51.290+0000] {logging_mixin.py:188} INFO - [2024-10-19T14:20:51.290+0000] {dagbag.py:545} INFO - Filling up the DagBag from /home/airflow/.local/lib/python3.11/site-packages/airflow/example_dags/example_dynamic_task_mapping.py
[2024-10-19T14:20:51.295+0000] {processor.py:840} INFO - DAG(s) 'example_dynamic_task_mapping' retrieved from /home/airflow/.local/lib/python3.11/site-packages/airflow/example_dags/example_dynamic_task_mapping.py
[2024-10-19T14:20:51.311+0000] {logging_mixin.py:188} INFO - [2024-10-19T14:20:51.311+0000] {dag.py:3089} INFO - Sync 1 DAGs
[2024-10-19T14:20:51.328+0000] {logging_mixin.py:188} INFO - [2024-10-19T14:20:51.328+0000] {dag.py:3947} INFO - Setting next_dagrun for example_dynamic_task_mapping to 2022-03-04 00:00:00+00:00, run_after=2022-03-05 00:00:00+00:00
[2024-10-19T14:20:51.345+0000] {processor.py:183} INFO - Processing /home/airflow/.local/lib/python3.11/site-packages/airflow/example_dags/example_dynamic_task_mapping.py took 0.063 seconds
[2024-10-19T14:21:21.532+0000] {processor.py:161} INFO - Started process (PID=374) to work on /home/airflow/.local/lib/python3.11/site-packages/airflow/example_dags/example_dynamic_task_mapping.py
[2024-10-19T14:21:21.532+0000] {processor.py:830} INFO - Processing file /home/airflow/.local/lib/python3.11/site-packages/airflow/example_dags/example_dynamic_task_mapping.py for tasks to queue
[2024-10-19T14:21:21.534+0000] {logging_mixin.py:188} INFO - [2024-10-19T14:21:21.534+0000] {dagbag.py:545} INFO - Filling up the DagBag from /home/airflow/.local/lib/python3.11/site-packages/airflow/example_dags/example_dynamic_task_mapping.py
[2024-10-19T14:21:21.540+0000] {processor.py:840} INFO - DAG(s) 'example_dynamic_task_mapping' retrieved from /home/airflow/.local/lib/python3.11/site-packages/airflow/example_dags/example_dynamic_task_mapping.py
[2024-10-19T14:21:21.558+0000] {logging_mixin.py:188} INFO - [2024-10-19T14:21:21.557+0000] {dag.py:3089} INFO - Sync 1 DAGs
[2024-10-19T14:21:21.578+0000] {logging_mixin.py:188} INFO - [2024-10-19T14:21:21.577+0000] {dag.py:3947} INFO - Setting next_dagrun for example_dynamic_task_mapping to 2022-03-04 00:00:00+00:00, run_after=2022-03-05 00:00:00+00:00
[2024-10-19T14:21:21.595+0000] {processor.py:183} INFO - Processing /home/airflow/.local/lib/python3.11/site-packages/airflow/example_dags/example_dynamic_task_mapping.py took 0.071 seconds
[2024-10-19T14:21:52.547+0000] {processor.py:161} INFO - Started process (PID=432) to work on /home/airflow/.local/lib/python3.11/site-packages/airflow/example_dags/example_dynamic_task_mapping.py
[2024-10-19T14:21:52.548+0000] {processor.py:830} INFO - Processing file /home/airflow/.local/lib/python3.11/site-packages/airflow/example_dags/example_dynamic_task_mapping.py for tasks to queue
[2024-10-19T14:21:52.550+0000] {logging_mixin.py:188} INFO - [2024-10-19T14:21:52.549+0000] {dagbag.py:545} INFO - Filling up the DagBag from /home/airflow/.local/lib/python3.11/site-packages/airflow/example_dags/example_dynamic_task_mapping.py
[2024-10-19T14:21:52.555+0000] {processor.py:840} INFO - DAG(s) 'example_dynamic_task_mapping' retrieved from /home/airflow/.local/lib/python3.11/site-packages/airflow/example_dags/example_dynamic_task_mapping.py
[2024-10-19T14:21:52.574+0000] {logging_mixin.py:188} INFO - [2024-10-19T14:21:52.574+0000] {dag.py:3089} INFO - Sync 1 DAGs
[2024-10-19T14:21:52.597+0000] {logging_mixin.py:188} INFO - [2024-10-19T14:21:52.597+0000] {dag.py:3947} INFO - Setting next_dagrun for example_dynamic_task_mapping to 2022-03-04 00:00:00+00:00, run_after=2022-03-05 00:00:00+00:00
[2024-10-19T14:21:52.615+0000] {processor.py:183} INFO - Processing /home/airflow/.local/lib/python3.11/site-packages/airflow/example_dags/example_dynamic_task_mapping.py took 0.073 seconds
[2024-10-19T14:22:23.616+0000] {processor.py:161} INFO - Started process (PID=490) to work on /home/airflow/.local/lib/python3.11/site-packages/airflow/example_dags/example_dynamic_task_mapping.py
[2024-10-19T14:22:23.617+0000] {processor.py:830} INFO - Processing file /home/airflow/.local/lib/python3.11/site-packages/airflow/example_dags/example_dynamic_task_mapping.py for tasks to queue
[2024-10-19T14:22:23.618+0000] {logging_mixin.py:188} INFO - [2024-10-19T14:22:23.618+0000] {dagbag.py:545} INFO - Filling up the DagBag from /home/airflow/.local/lib/python3.11/site-packages/airflow/example_dags/example_dynamic_task_mapping.py
[2024-10-19T14:22:23.624+0000] {processor.py:840} INFO - DAG(s) 'example_dynamic_task_mapping' retrieved from /home/airflow/.local/lib/python3.11/site-packages/airflow/example_dags/example_dynamic_task_mapping.py
[2024-10-19T14:22:23.642+0000] {logging_mixin.py:188} INFO - [2024-10-19T14:22:23.642+0000] {dag.py:3089} INFO - Sync 1 DAGs
[2024-10-19T14:22:23.666+0000] {logging_mixin.py:188} INFO - [2024-10-19T14:22:23.665+0000] {dag.py:3947} INFO - Setting next_dagrun for example_dynamic_task_mapping to 2022-03-04 00:00:00+00:00, run_after=2022-03-05 00:00:00+00:00
[2024-10-19T14:22:23.682+0000] {processor.py:183} INFO - Processing /home/airflow/.local/lib/python3.11/site-packages/airflow/example_dags/example_dynamic_task_mapping.py took 0.072 seconds
[2024-10-19T14:22:54.301+0000] {processor.py:161} INFO - Started process (PID=548) to work on /home/airflow/.local/lib/python3.11/site-packages/airflow/example_dags/example_dynamic_task_mapping.py
[2024-10-19T14:22:54.301+0000] {processor.py:830} INFO - Processing file /home/airflow/.local/lib/python3.11/site-packages/airflow/example_dags/example_dynamic_task_mapping.py for tasks to queue
[2024-10-19T14:22:54.303+0000] {logging_mixin.py:188} INFO - [2024-10-19T14:22:54.303+0000] {dagbag.py:545} INFO - Filling up the DagBag from /home/airflow/.local/lib/python3.11/site-packages/airflow/example_dags/example_dynamic_task_mapping.py
[2024-10-19T14:22:54.309+0000] {processor.py:840} INFO - DAG(s) 'example_dynamic_task_mapping' retrieved from /home/airflow/.local/lib/python3.11/site-packages/airflow/example_dags/example_dynamic_task_mapping.py
[2024-10-19T14:22:54.327+0000] {logging_mixin.py:188} INFO - [2024-10-19T14:22:54.326+0000] {dag.py:3089} INFO - Sync 1 DAGs
[2024-10-19T14:22:54.350+0000] {logging_mixin.py:188} INFO - [2024-10-19T14:22:54.350+0000] {dag.py:3947} INFO - Setting next_dagrun for example_dynamic_task_mapping to 2022-03-04 00:00:00+00:00, run_after=2022-03-05 00:00:00+00:00
[2024-10-19T14:22:54.368+0000] {processor.py:183} INFO - Processing /home/airflow/.local/lib/python3.11/site-packages/airflow/example_dags/example_dynamic_task_mapping.py took 0.073 seconds
[2024-10-19T14:23:25.028+0000] {processor.py:161} INFO - Started process (PID=606) to work on /home/airflow/.local/lib/python3.11/site-packages/airflow/example_dags/example_dynamic_task_mapping.py
[2024-10-19T14:23:25.030+0000] {processor.py:830} INFO - Processing file /home/airflow/.local/lib/python3.11/site-packages/airflow/example_dags/example_dynamic_task_mapping.py for tasks to queue
[2024-10-19T14:23:25.032+0000] {logging_mixin.py:188} INFO - [2024-10-19T14:23:25.032+0000] {dagbag.py:545} INFO - Filling up the DagBag from /home/airflow/.local/lib/python3.11/site-packages/airflow/example_dags/example_dynamic_task_mapping.py
[2024-10-19T14:23:25.039+0000] {processor.py:840} INFO - DAG(s) 'example_dynamic_task_mapping' retrieved from /home/airflow/.local/lib/python3.11/site-packages/airflow/example_dags/example_dynamic_task_mapping.py
[2024-10-19T14:23:25.069+0000] {logging_mixin.py:188} INFO - [2024-10-19T14:23:25.069+0000] {dag.py:3089} INFO - Sync 1 DAGs
[2024-10-19T14:23:25.090+0000] {logging_mixin.py:188} INFO - [2024-10-19T14:23:25.089+0000] {dag.py:3947} INFO - Setting next_dagrun for example_dynamic_task_mapping to 2022-03-04 00:00:00+00:00, run_after=2022-03-05 00:00:00+00:00
[2024-10-19T14:23:25.109+0000] {processor.py:183} INFO - Processing /home/airflow/.local/lib/python3.11/site-packages/airflow/example_dags/example_dynamic_task_mapping.py took 0.089 seconds
[2024-10-19T14:23:55.765+0000] {processor.py:161} INFO - Started process (PID=665) to work on /home/airflow/.local/lib/python3.11/site-packages/airflow/example_dags/example_dynamic_task_mapping.py
[2024-10-19T14:23:55.766+0000] {processor.py:830} INFO - Processing file /home/airflow/.local/lib/python3.11/site-packages/airflow/example_dags/example_dynamic_task_mapping.py for tasks to queue
[2024-10-19T14:23:55.768+0000] {logging_mixin.py:188} INFO - [2024-10-19T14:23:55.768+0000] {dagbag.py:545} INFO - Filling up the DagBag from /home/airflow/.local/lib/python3.11/site-packages/airflow/example_dags/example_dynamic_task_mapping.py
[2024-10-19T14:23:55.774+0000] {processor.py:840} INFO - DAG(s) 'example_dynamic_task_mapping' retrieved from /home/airflow/.local/lib/python3.11/site-packages/airflow/example_dags/example_dynamic_task_mapping.py
[2024-10-19T14:23:55.795+0000] {logging_mixin.py:188} INFO - [2024-10-19T14:23:55.795+0000] {dag.py:3089} INFO - Sync 1 DAGs
[2024-10-19T14:23:55.820+0000] {logging_mixin.py:188} INFO - [2024-10-19T14:23:55.820+0000] {dag.py:3947} INFO - Setting next_dagrun for example_dynamic_task_mapping to 2022-03-04 00:00:00+00:00, run_after=2022-03-05 00:00:00+00:00
[2024-10-19T14:23:55.843+0000] {processor.py:183} INFO - Processing /home/airflow/.local/lib/python3.11/site-packages/airflow/example_dags/example_dynamic_task_mapping.py took 0.085 seconds
[2024-10-19T14:24:26.614+0000] {processor.py:161} INFO - Started process (PID=724) to work on /home/airflow/.local/lib/python3.11/site-packages/airflow/example_dags/example_dynamic_task_mapping.py
[2024-10-19T14:24:26.616+0000] {processor.py:830} INFO - Processing file /home/airflow/.local/lib/python3.11/site-packages/airflow/example_dags/example_dynamic_task_mapping.py for tasks to queue
[2024-10-19T14:24:26.619+0000] {logging_mixin.py:188} INFO - [2024-10-19T14:24:26.618+0000] {dagbag.py:545} INFO - Filling up the DagBag from /home/airflow/.local/lib/python3.11/site-packages/airflow/example_dags/example_dynamic_task_mapping.py
[2024-10-19T14:24:26.627+0000] {processor.py:840} INFO - DAG(s) 'example_dynamic_task_mapping' retrieved from /home/airflow/.local/lib/python3.11/site-packages/airflow/example_dags/example_dynamic_task_mapping.py
[2024-10-19T14:24:26.651+0000] {logging_mixin.py:188} INFO - [2024-10-19T14:24:26.651+0000] {dag.py:3089} INFO - Sync 1 DAGs
[2024-10-19T14:24:26.678+0000] {logging_mixin.py:188} INFO - [2024-10-19T14:24:26.678+0000] {dag.py:3947} INFO - Setting next_dagrun for example_dynamic_task_mapping to 2022-03-04 00:00:00+00:00, run_after=2022-03-05 00:00:00+00:00
[2024-10-19T14:24:26.704+0000] {processor.py:183} INFO - Processing /home/airflow/.local/lib/python3.11/site-packages/airflow/example_dags/example_dynamic_task_mapping.py took 0.098 seconds
[2024-10-19T14:24:56.766+0000] {processor.py:161} INFO - Started process (PID=783) to work on /home/airflow/.local/lib/python3.11/site-packages/airflow/example_dags/example_dynamic_task_mapping.py
[2024-10-19T14:24:56.767+0000] {processor.py:830} INFO - Processing file /home/airflow/.local/lib/python3.11/site-packages/airflow/example_dags/example_dynamic_task_mapping.py for tasks to queue
[2024-10-19T14:24:56.769+0000] {logging_mixin.py:188} INFO - [2024-10-19T14:24:56.769+0000] {dagbag.py:545} INFO - Filling up the DagBag from /home/airflow/.local/lib/python3.11/site-packages/airflow/example_dags/example_dynamic_task_mapping.py
[2024-10-19T14:24:56.776+0000] {processor.py:840} INFO - DAG(s) 'example_dynamic_task_mapping' retrieved from /home/airflow/.local/lib/python3.11/site-packages/airflow/example_dags/example_dynamic_task_mapping.py
[2024-10-19T14:24:56.794+0000] {logging_mixin.py:188} INFO - [2024-10-19T14:24:56.794+0000] {dag.py:3089} INFO - Sync 1 DAGs
[2024-10-19T14:24:56.813+0000] {logging_mixin.py:188} INFO - [2024-10-19T14:24:56.813+0000] {dag.py:3947} INFO - Setting next_dagrun for example_dynamic_task_mapping to 2022-03-04 00:00:00+00:00, run_after=2022-03-05 00:00:00+00:00
[2024-10-19T14:24:56.830+0000] {processor.py:183} INFO - Processing /home/airflow/.local/lib/python3.11/site-packages/airflow/example_dags/example_dynamic_task_mapping.py took 0.069 seconds
[2024-10-19T14:25:27.049+0000] {processor.py:161} INFO - Started process (PID=841) to work on /home/airflow/.local/lib/python3.11/site-packages/airflow/example_dags/example_dynamic_task_mapping.py
[2024-10-19T14:25:27.050+0000] {processor.py:830} INFO - Processing file /home/airflow/.local/lib/python3.11/site-packages/airflow/example_dags/example_dynamic_task_mapping.py for tasks to queue
[2024-10-19T14:25:27.052+0000] {logging_mixin.py:188} INFO - [2024-10-19T14:25:27.051+0000] {dagbag.py:545} INFO - Filling up the DagBag from /home/airflow/.local/lib/python3.11/site-packages/airflow/example_dags/example_dynamic_task_mapping.py
[2024-10-19T14:25:27.057+0000] {processor.py:840} INFO - DAG(s) 'example_dynamic_task_mapping' retrieved from /home/airflow/.local/lib/python3.11/site-packages/airflow/example_dags/example_dynamic_task_mapping.py
[2024-10-19T14:25:27.074+0000] {logging_mixin.py:188} INFO - [2024-10-19T14:25:27.073+0000] {dag.py:3089} INFO - Sync 1 DAGs
[2024-10-19T14:25:27.092+0000] {logging_mixin.py:188} INFO - [2024-10-19T14:25:27.092+0000] {dag.py:3947} INFO - Setting next_dagrun for example_dynamic_task_mapping to 2022-03-04 00:00:00+00:00, run_after=2022-03-05 00:00:00+00:00
[2024-10-19T14:25:27.107+0000] {processor.py:183} INFO - Processing /home/airflow/.local/lib/python3.11/site-packages/airflow/example_dags/example_dynamic_task_mapping.py took 0.063 seconds
[2024-10-19T14:25:57.401+0000] {processor.py:161} INFO - Started process (PID=900) to work on /home/airflow/.local/lib/python3.11/site-packages/airflow/example_dags/example_dynamic_task_mapping.py
[2024-10-19T14:25:57.402+0000] {processor.py:830} INFO - Processing file /home/airflow/.local/lib/python3.11/site-packages/airflow/example_dags/example_dynamic_task_mapping.py for tasks to queue
[2024-10-19T14:25:57.404+0000] {logging_mixin.py:188} INFO - [2024-10-19T14:25:57.404+0000] {dagbag.py:545} INFO - Filling up the DagBag from /home/airflow/.local/lib/python3.11/site-packages/airflow/example_dags/example_dynamic_task_mapping.py
[2024-10-19T14:25:57.411+0000] {processor.py:840} INFO - DAG(s) 'example_dynamic_task_mapping' retrieved from /home/airflow/.local/lib/python3.11/site-packages/airflow/example_dags/example_dynamic_task_mapping.py
[2024-10-19T14:25:57.432+0000] {logging_mixin.py:188} INFO - [2024-10-19T14:25:57.431+0000] {dag.py:3089} INFO - Sync 1 DAGs
[2024-10-19T14:25:57.455+0000] {logging_mixin.py:188} INFO - [2024-10-19T14:25:57.454+0000] {dag.py:3947} INFO - Setting next_dagrun for example_dynamic_task_mapping to 2022-03-04 00:00:00+00:00, run_after=2022-03-05 00:00:00+00:00
[2024-10-19T14:25:57.489+0000] {processor.py:183} INFO - Processing /home/airflow/.local/lib/python3.11/site-packages/airflow/example_dags/example_dynamic_task_mapping.py took 0.094 seconds
[2024-10-19T14:26:27.610+0000] {processor.py:161} INFO - Started process (PID=962) to work on /home/airflow/.local/lib/python3.11/site-packages/airflow/example_dags/example_dynamic_task_mapping.py
[2024-10-19T14:26:27.611+0000] {processor.py:830} INFO - Processing file /home/airflow/.local/lib/python3.11/site-packages/airflow/example_dags/example_dynamic_task_mapping.py for tasks to queue
[2024-10-19T14:26:27.613+0000] {logging_mixin.py:188} INFO - [2024-10-19T14:26:27.613+0000] {dagbag.py:545} INFO - Filling up the DagBag from /home/airflow/.local/lib/python3.11/site-packages/airflow/example_dags/example_dynamic_task_mapping.py
[2024-10-19T14:26:27.619+0000] {processor.py:840} INFO - DAG(s) 'example_dynamic_task_mapping' retrieved from /home/airflow/.local/lib/python3.11/site-packages/airflow/example_dags/example_dynamic_task_mapping.py
[2024-10-19T14:26:27.642+0000] {logging_mixin.py:188} INFO - [2024-10-19T14:26:27.641+0000] {dag.py:3089} INFO - Sync 1 DAGs
[2024-10-19T14:26:27.661+0000] {logging_mixin.py:188} INFO - [2024-10-19T14:26:27.660+0000] {dag.py:3947} INFO - Setting next_dagrun for example_dynamic_task_mapping to 2022-03-04 00:00:00+00:00, run_after=2022-03-05 00:00:00+00:00
[2024-10-19T14:26:27.679+0000] {processor.py:183} INFO - Processing /home/airflow/.local/lib/python3.11/site-packages/airflow/example_dags/example_dynamic_task_mapping.py took 0.075 seconds
[2024-10-19T14:26:57.726+0000] {processor.py:161} INFO - Started process (PID=1021) to work on /home/airflow/.local/lib/python3.11/site-packages/airflow/example_dags/example_dynamic_task_mapping.py
[2024-10-19T14:26:57.727+0000] {processor.py:830} INFO - Processing file /home/airflow/.local/lib/python3.11/site-packages/airflow/example_dags/example_dynamic_task_mapping.py for tasks to queue
[2024-10-19T14:26:57.729+0000] {logging_mixin.py:188} INFO - [2024-10-19T14:26:57.729+0000] {dagbag.py:545} INFO - Filling up the DagBag from /home/airflow/.local/lib/python3.11/site-packages/airflow/example_dags/example_dynamic_task_mapping.py
[2024-10-19T14:26:57.735+0000] {processor.py:840} INFO - DAG(s) 'example_dynamic_task_mapping' retrieved from /home/airflow/.local/lib/python3.11/site-packages/airflow/example_dags/example_dynamic_task_mapping.py
[2024-10-19T14:26:57.754+0000] {logging_mixin.py:188} INFO - [2024-10-19T14:26:57.753+0000] {dag.py:3089} INFO - Sync 1 DAGs
[2024-10-19T14:26:57.772+0000] {logging_mixin.py:188} INFO - [2024-10-19T14:26:57.772+0000] {dag.py:3947} INFO - Setting next_dagrun for example_dynamic_task_mapping to 2022-03-04 00:00:00+00:00, run_after=2022-03-05 00:00:00+00:00
[2024-10-19T14:26:57.792+0000] {processor.py:183} INFO - Processing /home/airflow/.local/lib/python3.11/site-packages/airflow/example_dags/example_dynamic_task_mapping.py took 0.071 seconds
[2024-10-19T14:27:28.509+0000] {processor.py:161} INFO - Started process (PID=1082) to work on /home/airflow/.local/lib/python3.11/site-packages/airflow/example_dags/example_dynamic_task_mapping.py
[2024-10-19T14:27:28.511+0000] {processor.py:830} INFO - Processing file /home/airflow/.local/lib/python3.11/site-packages/airflow/example_dags/example_dynamic_task_mapping.py for tasks to queue
[2024-10-19T14:27:28.513+0000] {logging_mixin.py:188} INFO - [2024-10-19T14:27:28.512+0000] {dagbag.py:545} INFO - Filling up the DagBag from /home/airflow/.local/lib/python3.11/site-packages/airflow/example_dags/example_dynamic_task_mapping.py
[2024-10-19T14:27:28.519+0000] {processor.py:840} INFO - DAG(s) 'example_dynamic_task_mapping' retrieved from /home/airflow/.local/lib/python3.11/site-packages/airflow/example_dags/example_dynamic_task_mapping.py
[2024-10-19T14:27:28.536+0000] {logging_mixin.py:188} INFO - [2024-10-19T14:27:28.536+0000] {dag.py:3089} INFO - Sync 1 DAGs
[2024-10-19T14:27:28.553+0000] {logging_mixin.py:188} INFO - [2024-10-19T14:27:28.553+0000] {dag.py:3947} INFO - Setting next_dagrun for example_dynamic_task_mapping to 2022-03-04 00:00:00+00:00, run_after=2022-03-05 00:00:00+00:00
[2024-10-19T14:27:28.568+0000] {processor.py:183} INFO - Processing /home/airflow/.local/lib/python3.11/site-packages/airflow/example_dags/example_dynamic_task_mapping.py took 0.069 seconds
[2024-10-19T14:27:59.506+0000] {processor.py:161} INFO - Started process (PID=1141) to work on /home/airflow/.local/lib/python3.11/site-packages/airflow/example_dags/example_dynamic_task_mapping.py
[2024-10-19T14:27:59.507+0000] {processor.py:830} INFO - Processing file /home/airflow/.local/lib/python3.11/site-packages/airflow/example_dags/example_dynamic_task_mapping.py for tasks to queue
[2024-10-19T14:27:59.508+0000] {logging_mixin.py:188} INFO - [2024-10-19T14:27:59.508+0000] {dagbag.py:545} INFO - Filling up the DagBag from /home/airflow/.local/lib/python3.11/site-packages/airflow/example_dags/example_dynamic_task_mapping.py
[2024-10-19T14:27:59.515+0000] {processor.py:840} INFO - DAG(s) 'example_dynamic_task_mapping' retrieved from /home/airflow/.local/lib/python3.11/site-packages/airflow/example_dags/example_dynamic_task_mapping.py
[2024-10-19T14:27:59.536+0000] {logging_mixin.py:188} INFO - [2024-10-19T14:27:59.535+0000] {dag.py:3089} INFO - Sync 1 DAGs
[2024-10-19T14:27:59.555+0000] {logging_mixin.py:188} INFO - [2024-10-19T14:27:59.555+0000] {dag.py:3947} INFO - Setting next_dagrun for example_dynamic_task_mapping to 2022-03-04 00:00:00+00:00, run_after=2022-03-05 00:00:00+00:00
[2024-10-19T14:27:59.570+0000] {processor.py:183} INFO - Processing /home/airflow/.local/lib/python3.11/site-packages/airflow/example_dags/example_dynamic_task_mapping.py took 0.070 seconds
[2024-10-19T14:28:29.776+0000] {processor.py:161} INFO - Started process (PID=1200) to work on /home/airflow/.local/lib/python3.11/site-packages/airflow/example_dags/example_dynamic_task_mapping.py
[2024-10-19T14:28:29.777+0000] {processor.py:830} INFO - Processing file /home/airflow/.local/lib/python3.11/site-packages/airflow/example_dags/example_dynamic_task_mapping.py for tasks to queue
[2024-10-19T14:28:29.778+0000] {logging_mixin.py:188} INFO - [2024-10-19T14:28:29.777+0000] {dagbag.py:545} INFO - Filling up the DagBag from /home/airflow/.local/lib/python3.11/site-packages/airflow/example_dags/example_dynamic_task_mapping.py
[2024-10-19T14:28:29.784+0000] {processor.py:840} INFO - DAG(s) 'example_dynamic_task_mapping' retrieved from /home/airflow/.local/lib/python3.11/site-packages/airflow/example_dags/example_dynamic_task_mapping.py
[2024-10-19T14:28:29.801+0000] {logging_mixin.py:188} INFO - [2024-10-19T14:28:29.800+0000] {dag.py:3089} INFO - Sync 1 DAGs
[2024-10-19T14:28:29.818+0000] {logging_mixin.py:188} INFO - [2024-10-19T14:28:29.818+0000] {dag.py:3947} INFO - Setting next_dagrun for example_dynamic_task_mapping to 2022-03-04 00:00:00+00:00, run_after=2022-03-05 00:00:00+00:00
[2024-10-19T14:28:29.835+0000] {processor.py:183} INFO - Processing /home/airflow/.local/lib/python3.11/site-packages/airflow/example_dags/example_dynamic_task_mapping.py took 0.064 seconds
[2024-10-19T14:29:00.063+0000] {processor.py:161} INFO - Started process (PID=1259) to work on /home/airflow/.local/lib/python3.11/site-packages/airflow/example_dags/example_dynamic_task_mapping.py
[2024-10-19T14:29:00.064+0000] {processor.py:830} INFO - Processing file /home/airflow/.local/lib/python3.11/site-packages/airflow/example_dags/example_dynamic_task_mapping.py for tasks to queue
[2024-10-19T14:29:00.065+0000] {logging_mixin.py:188} INFO - [2024-10-19T14:29:00.065+0000] {dagbag.py:545} INFO - Filling up the DagBag from /home/airflow/.local/lib/python3.11/site-packages/airflow/example_dags/example_dynamic_task_mapping.py
[2024-10-19T14:29:00.074+0000] {processor.py:840} INFO - DAG(s) 'example_dynamic_task_mapping' retrieved from /home/airflow/.local/lib/python3.11/site-packages/airflow/example_dags/example_dynamic_task_mapping.py
[2024-10-19T14:29:00.095+0000] {logging_mixin.py:188} INFO - [2024-10-19T14:29:00.095+0000] {dag.py:3089} INFO - Sync 1 DAGs
[2024-10-19T14:29:00.121+0000] {logging_mixin.py:188} INFO - [2024-10-19T14:29:00.121+0000] {dag.py:3947} INFO - Setting next_dagrun for example_dynamic_task_mapping to 2022-03-04 00:00:00+00:00, run_after=2022-03-05 00:00:00+00:00
[2024-10-19T14:29:00.141+0000] {processor.py:183} INFO - Processing /home/airflow/.local/lib/python3.11/site-packages/airflow/example_dags/example_dynamic_task_mapping.py took 0.086 seconds
[2024-10-19T14:29:31.048+0000] {processor.py:161} INFO - Started process (PID=1318) to work on /home/airflow/.local/lib/python3.11/site-packages/airflow/example_dags/example_dynamic_task_mapping.py
[2024-10-19T14:29:31.049+0000] {processor.py:830} INFO - Processing file /home/airflow/.local/lib/python3.11/site-packages/airflow/example_dags/example_dynamic_task_mapping.py for tasks to queue
[2024-10-19T14:29:31.050+0000] {logging_mixin.py:188} INFO - [2024-10-19T14:29:31.050+0000] {dagbag.py:545} INFO - Filling up the DagBag from /home/airflow/.local/lib/python3.11/site-packages/airflow/example_dags/example_dynamic_task_mapping.py
[2024-10-19T14:29:31.057+0000] {processor.py:840} INFO - DAG(s) 'example_dynamic_task_mapping' retrieved from /home/airflow/.local/lib/python3.11/site-packages/airflow/example_dags/example_dynamic_task_mapping.py
[2024-10-19T14:29:31.075+0000] {logging_mixin.py:188} INFO - [2024-10-19T14:29:31.075+0000] {dag.py:3089} INFO - Sync 1 DAGs
[2024-10-19T14:29:31.094+0000] {logging_mixin.py:188} INFO - [2024-10-19T14:29:31.094+0000] {dag.py:3947} INFO - Setting next_dagrun for example_dynamic_task_mapping to 2022-03-04 00:00:00+00:00, run_after=2022-03-05 00:00:00+00:00
[2024-10-19T14:29:31.115+0000] {processor.py:183} INFO - Processing /home/airflow/.local/lib/python3.11/site-packages/airflow/example_dags/example_dynamic_task_mapping.py took 0.072 seconds
[2024-10-19T14:30:01.310+0000] {processor.py:161} INFO - Started process (PID=1382) to work on /home/airflow/.local/lib/python3.11/site-packages/airflow/example_dags/example_dynamic_task_mapping.py
[2024-10-19T14:30:01.312+0000] {processor.py:830} INFO - Processing file /home/airflow/.local/lib/python3.11/site-packages/airflow/example_dags/example_dynamic_task_mapping.py for tasks to queue
[2024-10-19T14:30:01.314+0000] {logging_mixin.py:188} INFO - [2024-10-19T14:30:01.313+0000] {dagbag.py:545} INFO - Filling up the DagBag from /home/airflow/.local/lib/python3.11/site-packages/airflow/example_dags/example_dynamic_task_mapping.py
[2024-10-19T14:30:01.320+0000] {processor.py:840} INFO - DAG(s) 'example_dynamic_task_mapping' retrieved from /home/airflow/.local/lib/python3.11/site-packages/airflow/example_dags/example_dynamic_task_mapping.py
[2024-10-19T14:30:01.336+0000] {logging_mixin.py:188} INFO - [2024-10-19T14:30:01.336+0000] {dag.py:3089} INFO - Sync 1 DAGs
[2024-10-19T14:30:01.354+0000] {logging_mixin.py:188} INFO - [2024-10-19T14:30:01.354+0000] {dag.py:3947} INFO - Setting next_dagrun for example_dynamic_task_mapping to 2022-03-04 00:00:00+00:00, run_after=2022-03-05 00:00:00+00:00
[2024-10-19T14:30:01.374+0000] {processor.py:183} INFO - Processing /home/airflow/.local/lib/python3.11/site-packages/airflow/example_dags/example_dynamic_task_mapping.py took 0.070 seconds
[2024-10-19T14:30:32.964+0000] {processor.py:161} INFO - Started process (PID=1478) to work on /home/airflow/.local/lib/python3.11/site-packages/airflow/example_dags/example_dynamic_task_mapping.py
[2024-10-19T14:30:32.965+0000] {processor.py:830} INFO - Processing file /home/airflow/.local/lib/python3.11/site-packages/airflow/example_dags/example_dynamic_task_mapping.py for tasks to queue
[2024-10-19T14:30:32.969+0000] {logging_mixin.py:188} INFO - [2024-10-19T14:30:32.968+0000] {dagbag.py:545} INFO - Filling up the DagBag from /home/airflow/.local/lib/python3.11/site-packages/airflow/example_dags/example_dynamic_task_mapping.py
[2024-10-19T14:30:32.980+0000] {processor.py:840} INFO - DAG(s) 'example_dynamic_task_mapping' retrieved from /home/airflow/.local/lib/python3.11/site-packages/airflow/example_dags/example_dynamic_task_mapping.py
[2024-10-19T14:30:33.012+0000] {logging_mixin.py:188} INFO - [2024-10-19T14:30:33.012+0000] {dag.py:3089} INFO - Sync 1 DAGs
[2024-10-19T14:30:33.047+0000] {logging_mixin.py:188} INFO - [2024-10-19T14:30:33.047+0000] {dag.py:3947} INFO - Setting next_dagrun for example_dynamic_task_mapping to 2022-03-04 00:00:00+00:00, run_after=2022-03-05 00:00:00+00:00
[2024-10-19T14:30:33.092+0000] {processor.py:183} INFO - Processing /home/airflow/.local/lib/python3.11/site-packages/airflow/example_dags/example_dynamic_task_mapping.py took 0.137 seconds
[2024-10-19T14:31:03.192+0000] {processor.py:161} INFO - Started process (PID=1584) to work on /home/airflow/.local/lib/python3.11/site-packages/airflow/example_dags/example_dynamic_task_mapping.py
[2024-10-19T14:31:03.193+0000] {processor.py:830} INFO - Processing file /home/airflow/.local/lib/python3.11/site-packages/airflow/example_dags/example_dynamic_task_mapping.py for tasks to queue
[2024-10-19T14:31:03.194+0000] {logging_mixin.py:188} INFO - [2024-10-19T14:31:03.194+0000] {dagbag.py:545} INFO - Filling up the DagBag from /home/airflow/.local/lib/python3.11/site-packages/airflow/example_dags/example_dynamic_task_mapping.py
[2024-10-19T14:31:03.209+0000] {processor.py:840} INFO - DAG(s) 'example_dynamic_task_mapping' retrieved from /home/airflow/.local/lib/python3.11/site-packages/airflow/example_dags/example_dynamic_task_mapping.py
[2024-10-19T14:31:03.243+0000] {logging_mixin.py:188} INFO - [2024-10-19T14:31:03.243+0000] {dag.py:3089} INFO - Sync 1 DAGs
[2024-10-19T14:31:03.281+0000] {logging_mixin.py:188} INFO - [2024-10-19T14:31:03.281+0000] {dag.py:3947} INFO - Setting next_dagrun for example_dynamic_task_mapping to 2022-03-04 00:00:00+00:00, run_after=2022-03-05 00:00:00+00:00
[2024-10-19T14:31:03.343+0000] {processor.py:183} INFO - Processing /home/airflow/.local/lib/python3.11/site-packages/airflow/example_dags/example_dynamic_task_mapping.py took 0.160 seconds
[2024-10-19T14:31:34.061+0000] {processor.py:161} INFO - Started process (PID=1717) to work on /home/airflow/.local/lib/python3.11/site-packages/airflow/example_dags/example_dynamic_task_mapping.py
[2024-10-19T14:31:34.062+0000] {processor.py:830} INFO - Processing file /home/airflow/.local/lib/python3.11/site-packages/airflow/example_dags/example_dynamic_task_mapping.py for tasks to queue
[2024-10-19T14:31:34.064+0000] {logging_mixin.py:188} INFO - [2024-10-19T14:31:34.063+0000] {dagbag.py:545} INFO - Filling up the DagBag from /home/airflow/.local/lib/python3.11/site-packages/airflow/example_dags/example_dynamic_task_mapping.py
[2024-10-19T14:31:34.072+0000] {processor.py:840} INFO - DAG(s) 'example_dynamic_task_mapping' retrieved from /home/airflow/.local/lib/python3.11/site-packages/airflow/example_dags/example_dynamic_task_mapping.py
[2024-10-19T14:31:34.095+0000] {logging_mixin.py:188} INFO - [2024-10-19T14:31:34.095+0000] {dag.py:3089} INFO - Sync 1 DAGs
[2024-10-19T14:31:34.118+0000] {logging_mixin.py:188} INFO - [2024-10-19T14:31:34.118+0000] {dag.py:3947} INFO - Setting next_dagrun for example_dynamic_task_mapping to 2022-03-04 00:00:00+00:00, run_after=2022-03-05 00:00:00+00:00
[2024-10-19T14:31:34.141+0000] {processor.py:183} INFO - Processing /home/airflow/.local/lib/python3.11/site-packages/airflow/example_dags/example_dynamic_task_mapping.py took 0.087 seconds
[2024-10-19T14:32:04.239+0000] {processor.py:161} INFO - Started process (PID=1801) to work on /home/airflow/.local/lib/python3.11/site-packages/airflow/example_dags/example_dynamic_task_mapping.py
[2024-10-19T14:32:04.240+0000] {processor.py:830} INFO - Processing file /home/airflow/.local/lib/python3.11/site-packages/airflow/example_dags/example_dynamic_task_mapping.py for tasks to queue
[2024-10-19T14:32:04.241+0000] {logging_mixin.py:188} INFO - [2024-10-19T14:32:04.240+0000] {dagbag.py:545} INFO - Filling up the DagBag from /home/airflow/.local/lib/python3.11/site-packages/airflow/example_dags/example_dynamic_task_mapping.py
[2024-10-19T14:32:04.247+0000] {processor.py:840} INFO - DAG(s) 'example_dynamic_task_mapping' retrieved from /home/airflow/.local/lib/python3.11/site-packages/airflow/example_dags/example_dynamic_task_mapping.py
[2024-10-19T14:32:04.264+0000] {logging_mixin.py:188} INFO - [2024-10-19T14:32:04.264+0000] {dag.py:3089} INFO - Sync 1 DAGs
[2024-10-19T14:32:04.281+0000] {logging_mixin.py:188} INFO - [2024-10-19T14:32:04.280+0000] {dag.py:3947} INFO - Setting next_dagrun for example_dynamic_task_mapping to 2022-03-04 00:00:00+00:00, run_after=2022-03-05 00:00:00+00:00
[2024-10-19T14:32:04.296+0000] {processor.py:183} INFO - Processing /home/airflow/.local/lib/python3.11/site-packages/airflow/example_dags/example_dynamic_task_mapping.py took 0.062 seconds
[2024-10-19T14:32:34.394+0000] {processor.py:161} INFO - Started process (PID=1860) to work on /home/airflow/.local/lib/python3.11/site-packages/airflow/example_dags/example_dynamic_task_mapping.py
[2024-10-19T14:32:34.395+0000] {processor.py:830} INFO - Processing file /home/airflow/.local/lib/python3.11/site-packages/airflow/example_dags/example_dynamic_task_mapping.py for tasks to queue
[2024-10-19T14:32:34.396+0000] {logging_mixin.py:188} INFO - [2024-10-19T14:32:34.396+0000] {dagbag.py:545} INFO - Filling up the DagBag from /home/airflow/.local/lib/python3.11/site-packages/airflow/example_dags/example_dynamic_task_mapping.py
[2024-10-19T14:32:34.402+0000] {processor.py:840} INFO - DAG(s) 'example_dynamic_task_mapping' retrieved from /home/airflow/.local/lib/python3.11/site-packages/airflow/example_dags/example_dynamic_task_mapping.py
[2024-10-19T14:32:34.418+0000] {logging_mixin.py:188} INFO - [2024-10-19T14:32:34.417+0000] {dag.py:3089} INFO - Sync 1 DAGs
[2024-10-19T14:32:34.435+0000] {logging_mixin.py:188} INFO - [2024-10-19T14:32:34.434+0000] {dag.py:3947} INFO - Setting next_dagrun for example_dynamic_task_mapping to 2022-03-04 00:00:00+00:00, run_after=2022-03-05 00:00:00+00:00
[2024-10-19T14:32:34.451+0000] {processor.py:183} INFO - Processing /home/airflow/.local/lib/python3.11/site-packages/airflow/example_dags/example_dynamic_task_mapping.py took 0.060 seconds
[2024-10-19T14:33:04.932+0000] {processor.py:161} INFO - Started process (PID=1920) to work on /home/airflow/.local/lib/python3.11/site-packages/airflow/example_dags/example_dynamic_task_mapping.py
[2024-10-19T14:33:04.933+0000] {processor.py:830} INFO - Processing file /home/airflow/.local/lib/python3.11/site-packages/airflow/example_dags/example_dynamic_task_mapping.py for tasks to queue
[2024-10-19T14:33:04.934+0000] {logging_mixin.py:188} INFO - [2024-10-19T14:33:04.934+0000] {dagbag.py:545} INFO - Filling up the DagBag from /home/airflow/.local/lib/python3.11/site-packages/airflow/example_dags/example_dynamic_task_mapping.py
[2024-10-19T14:33:04.940+0000] {processor.py:840} INFO - DAG(s) 'example_dynamic_task_mapping' retrieved from /home/airflow/.local/lib/python3.11/site-packages/airflow/example_dags/example_dynamic_task_mapping.py
[2024-10-19T14:33:04.957+0000] {logging_mixin.py:188} INFO - [2024-10-19T14:33:04.956+0000] {dag.py:3089} INFO - Sync 1 DAGs
[2024-10-19T14:33:04.974+0000] {logging_mixin.py:188} INFO - [2024-10-19T14:33:04.974+0000] {dag.py:3947} INFO - Setting next_dagrun for example_dynamic_task_mapping to 2022-03-04 00:00:00+00:00, run_after=2022-03-05 00:00:00+00:00
[2024-10-19T14:33:04.990+0000] {processor.py:183} INFO - Processing /home/airflow/.local/lib/python3.11/site-packages/airflow/example_dags/example_dynamic_task_mapping.py took 0.062 seconds
[2024-10-19T14:33:35.721+0000] {processor.py:161} INFO - Started process (PID=1979) to work on /home/airflow/.local/lib/python3.11/site-packages/airflow/example_dags/example_dynamic_task_mapping.py
[2024-10-19T14:33:35.723+0000] {processor.py:830} INFO - Processing file /home/airflow/.local/lib/python3.11/site-packages/airflow/example_dags/example_dynamic_task_mapping.py for tasks to queue
[2024-10-19T14:33:35.724+0000] {logging_mixin.py:188} INFO - [2024-10-19T14:33:35.724+0000] {dagbag.py:545} INFO - Filling up the DagBag from /home/airflow/.local/lib/python3.11/site-packages/airflow/example_dags/example_dynamic_task_mapping.py
[2024-10-19T14:33:35.733+0000] {processor.py:840} INFO - DAG(s) 'example_dynamic_task_mapping' retrieved from /home/airflow/.local/lib/python3.11/site-packages/airflow/example_dags/example_dynamic_task_mapping.py
[2024-10-19T14:33:35.756+0000] {logging_mixin.py:188} INFO - [2024-10-19T14:33:35.755+0000] {dag.py:3089} INFO - Sync 1 DAGs
[2024-10-19T14:33:35.782+0000] {logging_mixin.py:188} INFO - [2024-10-19T14:33:35.782+0000] {dag.py:3947} INFO - Setting next_dagrun for example_dynamic_task_mapping to 2022-03-04 00:00:00+00:00, run_after=2022-03-05 00:00:00+00:00
[2024-10-19T14:33:35.799+0000] {processor.py:183} INFO - Processing /home/airflow/.local/lib/python3.11/site-packages/airflow/example_dags/example_dynamic_task_mapping.py took 0.086 seconds
[2024-10-19T14:34:05.894+0000] {processor.py:161} INFO - Started process (PID=2038) to work on /home/airflow/.local/lib/python3.11/site-packages/airflow/example_dags/example_dynamic_task_mapping.py
[2024-10-19T14:34:05.895+0000] {processor.py:830} INFO - Processing file /home/airflow/.local/lib/python3.11/site-packages/airflow/example_dags/example_dynamic_task_mapping.py for tasks to queue
[2024-10-19T14:34:05.896+0000] {logging_mixin.py:188} INFO - [2024-10-19T14:34:05.896+0000] {dagbag.py:545} INFO - Filling up the DagBag from /home/airflow/.local/lib/python3.11/site-packages/airflow/example_dags/example_dynamic_task_mapping.py
[2024-10-19T14:34:05.903+0000] {processor.py:840} INFO - DAG(s) 'example_dynamic_task_mapping' retrieved from /home/airflow/.local/lib/python3.11/site-packages/airflow/example_dags/example_dynamic_task_mapping.py
[2024-10-19T14:34:05.921+0000] {logging_mixin.py:188} INFO - [2024-10-19T14:34:05.921+0000] {dag.py:3089} INFO - Sync 1 DAGs
[2024-10-19T14:34:05.940+0000] {logging_mixin.py:188} INFO - [2024-10-19T14:34:05.940+0000] {dag.py:3947} INFO - Setting next_dagrun for example_dynamic_task_mapping to 2022-03-04 00:00:00+00:00, run_after=2022-03-05 00:00:00+00:00
[2024-10-19T14:34:05.956+0000] {processor.py:183} INFO - Processing /home/airflow/.local/lib/python3.11/site-packages/airflow/example_dags/example_dynamic_task_mapping.py took 0.067 seconds
[2024-10-19T14:34:36.173+0000] {processor.py:161} INFO - Started process (PID=2097) to work on /home/airflow/.local/lib/python3.11/site-packages/airflow/example_dags/example_dynamic_task_mapping.py
[2024-10-19T14:34:36.175+0000] {processor.py:830} INFO - Processing file /home/airflow/.local/lib/python3.11/site-packages/airflow/example_dags/example_dynamic_task_mapping.py for tasks to queue
[2024-10-19T14:34:36.176+0000] {logging_mixin.py:188} INFO - [2024-10-19T14:34:36.175+0000] {dagbag.py:545} INFO - Filling up the DagBag from /home/airflow/.local/lib/python3.11/site-packages/airflow/example_dags/example_dynamic_task_mapping.py
[2024-10-19T14:34:36.187+0000] {processor.py:840} INFO - DAG(s) 'example_dynamic_task_mapping' retrieved from /home/airflow/.local/lib/python3.11/site-packages/airflow/example_dags/example_dynamic_task_mapping.py
[2024-10-19T14:34:36.209+0000] {logging_mixin.py:188} INFO - [2024-10-19T14:34:36.208+0000] {dag.py:3089} INFO - Sync 1 DAGs
[2024-10-19T14:34:36.231+0000] {logging_mixin.py:188} INFO - [2024-10-19T14:34:36.231+0000] {dag.py:3947} INFO - Setting next_dagrun for example_dynamic_task_mapping to 2022-03-04 00:00:00+00:00, run_after=2022-03-05 00:00:00+00:00
[2024-10-19T14:34:36.255+0000] {processor.py:183} INFO - Processing /home/airflow/.local/lib/python3.11/site-packages/airflow/example_dags/example_dynamic_task_mapping.py took 0.091 seconds
[2024-10-19T14:35:07.170+0000] {processor.py:161} INFO - Started process (PID=2156) to work on /home/airflow/.local/lib/python3.11/site-packages/airflow/example_dags/example_dynamic_task_mapping.py
[2024-10-19T14:35:07.171+0000] {processor.py:830} INFO - Processing file /home/airflow/.local/lib/python3.11/site-packages/airflow/example_dags/example_dynamic_task_mapping.py for tasks to queue
[2024-10-19T14:35:07.172+0000] {logging_mixin.py:188} INFO - [2024-10-19T14:35:07.172+0000] {dagbag.py:545} INFO - Filling up the DagBag from /home/airflow/.local/lib/python3.11/site-packages/airflow/example_dags/example_dynamic_task_mapping.py
[2024-10-19T14:35:07.178+0000] {processor.py:840} INFO - DAG(s) 'example_dynamic_task_mapping' retrieved from /home/airflow/.local/lib/python3.11/site-packages/airflow/example_dags/example_dynamic_task_mapping.py
[2024-10-19T14:35:07.194+0000] {logging_mixin.py:188} INFO - [2024-10-19T14:35:07.194+0000] {dag.py:3089} INFO - Sync 1 DAGs
[2024-10-19T14:35:07.213+0000] {logging_mixin.py:188} INFO - [2024-10-19T14:35:07.213+0000] {dag.py:3947} INFO - Setting next_dagrun for example_dynamic_task_mapping to 2022-03-04 00:00:00+00:00, run_after=2022-03-05 00:00:00+00:00
[2024-10-19T14:35:07.231+0000] {processor.py:183} INFO - Processing /home/airflow/.local/lib/python3.11/site-packages/airflow/example_dags/example_dynamic_task_mapping.py took 0.065 seconds
[2024-10-19T14:35:37.812+0000] {processor.py:161} INFO - Started process (PID=2215) to work on /home/airflow/.local/lib/python3.11/site-packages/airflow/example_dags/example_dynamic_task_mapping.py
[2024-10-19T14:35:37.813+0000] {processor.py:830} INFO - Processing file /home/airflow/.local/lib/python3.11/site-packages/airflow/example_dags/example_dynamic_task_mapping.py for tasks to queue
[2024-10-19T14:35:37.813+0000] {logging_mixin.py:188} INFO - [2024-10-19T14:35:37.813+0000] {dagbag.py:545} INFO - Filling up the DagBag from /home/airflow/.local/lib/python3.11/site-packages/airflow/example_dags/example_dynamic_task_mapping.py
[2024-10-19T14:35:37.820+0000] {processor.py:840} INFO - DAG(s) 'example_dynamic_task_mapping' retrieved from /home/airflow/.local/lib/python3.11/site-packages/airflow/example_dags/example_dynamic_task_mapping.py
[2024-10-19T14:35:37.836+0000] {logging_mixin.py:188} INFO - [2024-10-19T14:35:37.835+0000] {dag.py:3089} INFO - Sync 1 DAGs
[2024-10-19T14:35:37.853+0000] {logging_mixin.py:188} INFO - [2024-10-19T14:35:37.853+0000] {dag.py:3947} INFO - Setting next_dagrun for example_dynamic_task_mapping to 2022-03-04 00:00:00+00:00, run_after=2022-03-05 00:00:00+00:00
[2024-10-19T14:35:37.869+0000] {processor.py:183} INFO - Processing /home/airflow/.local/lib/python3.11/site-packages/airflow/example_dags/example_dynamic_task_mapping.py took 0.062 seconds
[2024-10-19T14:36:08.505+0000] {processor.py:161} INFO - Started process (PID=2274) to work on /home/airflow/.local/lib/python3.11/site-packages/airflow/example_dags/example_dynamic_task_mapping.py
[2024-10-19T14:36:08.507+0000] {processor.py:830} INFO - Processing file /home/airflow/.local/lib/python3.11/site-packages/airflow/example_dags/example_dynamic_task_mapping.py for tasks to queue
[2024-10-19T14:36:08.508+0000] {logging_mixin.py:188} INFO - [2024-10-19T14:36:08.508+0000] {dagbag.py:545} INFO - Filling up the DagBag from /home/airflow/.local/lib/python3.11/site-packages/airflow/example_dags/example_dynamic_task_mapping.py
[2024-10-19T14:36:08.515+0000] {processor.py:840} INFO - DAG(s) 'example_dynamic_task_mapping' retrieved from /home/airflow/.local/lib/python3.11/site-packages/airflow/example_dags/example_dynamic_task_mapping.py
[2024-10-19T14:36:08.534+0000] {logging_mixin.py:188} INFO - [2024-10-19T14:36:08.534+0000] {dag.py:3089} INFO - Sync 1 DAGs
[2024-10-19T14:36:08.556+0000] {logging_mixin.py:188} INFO - [2024-10-19T14:36:08.556+0000] {dag.py:3947} INFO - Setting next_dagrun for example_dynamic_task_mapping to 2022-03-04 00:00:00+00:00, run_after=2022-03-05 00:00:00+00:00
[2024-10-19T14:36:08.578+0000] {processor.py:183} INFO - Processing /home/airflow/.local/lib/python3.11/site-packages/airflow/example_dags/example_dynamic_task_mapping.py took 0.078 seconds
[2024-10-19T14:36:39.451+0000] {processor.py:161} INFO - Started process (PID=2333) to work on /home/airflow/.local/lib/python3.11/site-packages/airflow/example_dags/example_dynamic_task_mapping.py
[2024-10-19T14:36:39.452+0000] {processor.py:830} INFO - Processing file /home/airflow/.local/lib/python3.11/site-packages/airflow/example_dags/example_dynamic_task_mapping.py for tasks to queue
[2024-10-19T14:36:39.453+0000] {logging_mixin.py:188} INFO - [2024-10-19T14:36:39.453+0000] {dagbag.py:545} INFO - Filling up the DagBag from /home/airflow/.local/lib/python3.11/site-packages/airflow/example_dags/example_dynamic_task_mapping.py
[2024-10-19T14:36:39.460+0000] {processor.py:840} INFO - DAG(s) 'example_dynamic_task_mapping' retrieved from /home/airflow/.local/lib/python3.11/site-packages/airflow/example_dags/example_dynamic_task_mapping.py
[2024-10-19T14:36:39.480+0000] {logging_mixin.py:188} INFO - [2024-10-19T14:36:39.480+0000] {dag.py:3089} INFO - Sync 1 DAGs
[2024-10-19T14:36:39.498+0000] {logging_mixin.py:188} INFO - [2024-10-19T14:36:39.498+0000] {dag.py:3947} INFO - Setting next_dagrun for example_dynamic_task_mapping to 2022-03-04 00:00:00+00:00, run_after=2022-03-05 00:00:00+00:00
[2024-10-19T14:36:39.518+0000] {processor.py:183} INFO - Processing /home/airflow/.local/lib/python3.11/site-packages/airflow/example_dags/example_dynamic_task_mapping.py took 0.074 seconds
[2024-10-19T14:37:10.417+0000] {processor.py:161} INFO - Started process (PID=2392) to work on /home/airflow/.local/lib/python3.11/site-packages/airflow/example_dags/example_dynamic_task_mapping.py
[2024-10-19T14:37:10.418+0000] {processor.py:830} INFO - Processing file /home/airflow/.local/lib/python3.11/site-packages/airflow/example_dags/example_dynamic_task_mapping.py for tasks to queue
[2024-10-19T14:37:10.419+0000] {logging_mixin.py:188} INFO - [2024-10-19T14:37:10.419+0000] {dagbag.py:545} INFO - Filling up the DagBag from /home/airflow/.local/lib/python3.11/site-packages/airflow/example_dags/example_dynamic_task_mapping.py
[2024-10-19T14:37:10.426+0000] {processor.py:840} INFO - DAG(s) 'example_dynamic_task_mapping' retrieved from /home/airflow/.local/lib/python3.11/site-packages/airflow/example_dags/example_dynamic_task_mapping.py
[2024-10-19T14:37:10.443+0000] {logging_mixin.py:188} INFO - [2024-10-19T14:37:10.443+0000] {dag.py:3089} INFO - Sync 1 DAGs
[2024-10-19T14:37:10.462+0000] {logging_mixin.py:188} INFO - [2024-10-19T14:37:10.461+0000] {dag.py:3947} INFO - Setting next_dagrun for example_dynamic_task_mapping to 2022-03-04 00:00:00+00:00, run_after=2022-03-05 00:00:00+00:00
[2024-10-19T14:37:10.483+0000] {processor.py:183} INFO - Processing /home/airflow/.local/lib/python3.11/site-packages/airflow/example_dags/example_dynamic_task_mapping.py took 0.071 seconds
[2024-10-19T14:37:40.901+0000] {processor.py:161} INFO - Started process (PID=2456) to work on /home/airflow/.local/lib/python3.11/site-packages/airflow/example_dags/example_dynamic_task_mapping.py
[2024-10-19T14:37:40.902+0000] {processor.py:830} INFO - Processing file /home/airflow/.local/lib/python3.11/site-packages/airflow/example_dags/example_dynamic_task_mapping.py for tasks to queue
[2024-10-19T14:37:40.903+0000] {logging_mixin.py:188} INFO - [2024-10-19T14:37:40.902+0000] {dagbag.py:545} INFO - Filling up the DagBag from /home/airflow/.local/lib/python3.11/site-packages/airflow/example_dags/example_dynamic_task_mapping.py
[2024-10-19T14:37:40.910+0000] {processor.py:840} INFO - DAG(s) 'example_dynamic_task_mapping' retrieved from /home/airflow/.local/lib/python3.11/site-packages/airflow/example_dags/example_dynamic_task_mapping.py
[2024-10-19T14:37:40.925+0000] {logging_mixin.py:188} INFO - [2024-10-19T14:37:40.925+0000] {dag.py:3089} INFO - Sync 1 DAGs
[2024-10-19T14:37:40.945+0000] {logging_mixin.py:188} INFO - [2024-10-19T14:37:40.945+0000] {dag.py:3947} INFO - Setting next_dagrun for example_dynamic_task_mapping to 2022-03-04 00:00:00+00:00, run_after=2022-03-05 00:00:00+00:00
[2024-10-19T14:37:40.961+0000] {processor.py:183} INFO - Processing /home/airflow/.local/lib/python3.11/site-packages/airflow/example_dags/example_dynamic_task_mapping.py took 0.065 seconds
[2024-10-19T14:38:11.314+0000] {processor.py:161} INFO - Started process (PID=2515) to work on /home/airflow/.local/lib/python3.11/site-packages/airflow/example_dags/example_dynamic_task_mapping.py
[2024-10-19T14:38:11.315+0000] {processor.py:830} INFO - Processing file /home/airflow/.local/lib/python3.11/site-packages/airflow/example_dags/example_dynamic_task_mapping.py for tasks to queue
[2024-10-19T14:38:11.315+0000] {logging_mixin.py:188} INFO - [2024-10-19T14:38:11.315+0000] {dagbag.py:545} INFO - Filling up the DagBag from /home/airflow/.local/lib/python3.11/site-packages/airflow/example_dags/example_dynamic_task_mapping.py
[2024-10-19T14:38:11.322+0000] {processor.py:840} INFO - DAG(s) 'example_dynamic_task_mapping' retrieved from /home/airflow/.local/lib/python3.11/site-packages/airflow/example_dags/example_dynamic_task_mapping.py
[2024-10-19T14:38:11.344+0000] {logging_mixin.py:188} INFO - [2024-10-19T14:38:11.344+0000] {dag.py:3089} INFO - Sync 1 DAGs
[2024-10-19T14:38:11.366+0000] {logging_mixin.py:188} INFO - [2024-10-19T14:38:11.366+0000] {dag.py:3947} INFO - Setting next_dagrun for example_dynamic_task_mapping to 2022-03-04 00:00:00+00:00, run_after=2022-03-05 00:00:00+00:00
[2024-10-19T14:38:11.385+0000] {processor.py:183} INFO - Processing /home/airflow/.local/lib/python3.11/site-packages/airflow/example_dags/example_dynamic_task_mapping.py took 0.078 seconds
[2024-10-19T14:38:42.088+0000] {processor.py:161} INFO - Started process (PID=2575) to work on /home/airflow/.local/lib/python3.11/site-packages/airflow/example_dags/example_dynamic_task_mapping.py
[2024-10-19T14:38:42.088+0000] {processor.py:830} INFO - Processing file /home/airflow/.local/lib/python3.11/site-packages/airflow/example_dags/example_dynamic_task_mapping.py for tasks to queue
[2024-10-19T14:38:42.089+0000] {logging_mixin.py:188} INFO - [2024-10-19T14:38:42.089+0000] {dagbag.py:545} INFO - Filling up the DagBag from /home/airflow/.local/lib/python3.11/site-packages/airflow/example_dags/example_dynamic_task_mapping.py
[2024-10-19T14:38:42.097+0000] {processor.py:840} INFO - DAG(s) 'example_dynamic_task_mapping' retrieved from /home/airflow/.local/lib/python3.11/site-packages/airflow/example_dags/example_dynamic_task_mapping.py
[2024-10-19T14:38:42.113+0000] {logging_mixin.py:188} INFO - [2024-10-19T14:38:42.113+0000] {dag.py:3089} INFO - Sync 1 DAGs
[2024-10-19T14:38:42.131+0000] {logging_mixin.py:188} INFO - [2024-10-19T14:38:42.131+0000] {dag.py:3947} INFO - Setting next_dagrun for example_dynamic_task_mapping to 2022-03-04 00:00:00+00:00, run_after=2022-03-05 00:00:00+00:00
[2024-10-19T14:38:42.149+0000] {processor.py:183} INFO - Processing /home/airflow/.local/lib/python3.11/site-packages/airflow/example_dags/example_dynamic_task_mapping.py took 0.067 seconds
[2024-10-19T14:39:12.324+0000] {processor.py:161} INFO - Started process (PID=2634) to work on /home/airflow/.local/lib/python3.11/site-packages/airflow/example_dags/example_dynamic_task_mapping.py
[2024-10-19T14:39:12.325+0000] {processor.py:830} INFO - Processing file /home/airflow/.local/lib/python3.11/site-packages/airflow/example_dags/example_dynamic_task_mapping.py for tasks to queue
[2024-10-19T14:39:12.326+0000] {logging_mixin.py:188} INFO - [2024-10-19T14:39:12.326+0000] {dagbag.py:545} INFO - Filling up the DagBag from /home/airflow/.local/lib/python3.11/site-packages/airflow/example_dags/example_dynamic_task_mapping.py
[2024-10-19T14:39:12.334+0000] {processor.py:840} INFO - DAG(s) 'example_dynamic_task_mapping' retrieved from /home/airflow/.local/lib/python3.11/site-packages/airflow/example_dags/example_dynamic_task_mapping.py
[2024-10-19T14:39:12.352+0000] {logging_mixin.py:188} INFO - [2024-10-19T14:39:12.351+0000] {dag.py:3089} INFO - Sync 1 DAGs
[2024-10-19T14:39:12.371+0000] {logging_mixin.py:188} INFO - [2024-10-19T14:39:12.371+0000] {dag.py:3947} INFO - Setting next_dagrun for example_dynamic_task_mapping to 2022-03-04 00:00:00+00:00, run_after=2022-03-05 00:00:00+00:00
[2024-10-19T14:39:12.394+0000] {processor.py:183} INFO - Processing /home/airflow/.local/lib/python3.11/site-packages/airflow/example_dags/example_dynamic_task_mapping.py took 0.076 seconds
[2024-10-19T14:39:43.088+0000] {processor.py:161} INFO - Started process (PID=2693) to work on /home/airflow/.local/lib/python3.11/site-packages/airflow/example_dags/example_dynamic_task_mapping.py
[2024-10-19T14:39:43.089+0000] {processor.py:830} INFO - Processing file /home/airflow/.local/lib/python3.11/site-packages/airflow/example_dags/example_dynamic_task_mapping.py for tasks to queue
[2024-10-19T14:39:43.089+0000] {logging_mixin.py:188} INFO - [2024-10-19T14:39:43.089+0000] {dagbag.py:545} INFO - Filling up the DagBag from /home/airflow/.local/lib/python3.11/site-packages/airflow/example_dags/example_dynamic_task_mapping.py
[2024-10-19T14:39:43.096+0000] {processor.py:840} INFO - DAG(s) 'example_dynamic_task_mapping' retrieved from /home/airflow/.local/lib/python3.11/site-packages/airflow/example_dags/example_dynamic_task_mapping.py
[2024-10-19T14:39:43.117+0000] {logging_mixin.py:188} INFO - [2024-10-19T14:39:43.116+0000] {dag.py:3089} INFO - Sync 1 DAGs
[2024-10-19T14:39:43.138+0000] {logging_mixin.py:188} INFO - [2024-10-19T14:39:43.138+0000] {dag.py:3947} INFO - Setting next_dagrun for example_dynamic_task_mapping to 2022-03-04 00:00:00+00:00, run_after=2022-03-05 00:00:00+00:00
[2024-10-19T14:39:43.158+0000] {processor.py:183} INFO - Processing /home/airflow/.local/lib/python3.11/site-packages/airflow/example_dags/example_dynamic_task_mapping.py took 0.075 seconds
[2024-10-19T14:40:13.615+0000] {processor.py:161} INFO - Started process (PID=2752) to work on /home/airflow/.local/lib/python3.11/site-packages/airflow/example_dags/example_dynamic_task_mapping.py
[2024-10-19T14:40:13.616+0000] {processor.py:830} INFO - Processing file /home/airflow/.local/lib/python3.11/site-packages/airflow/example_dags/example_dynamic_task_mapping.py for tasks to queue
[2024-10-19T14:40:13.617+0000] {logging_mixin.py:188} INFO - [2024-10-19T14:40:13.617+0000] {dagbag.py:545} INFO - Filling up the DagBag from /home/airflow/.local/lib/python3.11/site-packages/airflow/example_dags/example_dynamic_task_mapping.py
[2024-10-19T14:40:13.627+0000] {processor.py:840} INFO - DAG(s) 'example_dynamic_task_mapping' retrieved from /home/airflow/.local/lib/python3.11/site-packages/airflow/example_dags/example_dynamic_task_mapping.py
[2024-10-19T14:40:13.653+0000] {logging_mixin.py:188} INFO - [2024-10-19T14:40:13.653+0000] {dag.py:3089} INFO - Sync 1 DAGs
[2024-10-19T14:40:13.686+0000] {logging_mixin.py:188} INFO - [2024-10-19T14:40:13.685+0000] {dag.py:3947} INFO - Setting next_dagrun for example_dynamic_task_mapping to 2022-03-04 00:00:00+00:00, run_after=2022-03-05 00:00:00+00:00
[2024-10-19T14:40:13.718+0000] {processor.py:183} INFO - Processing /home/airflow/.local/lib/python3.11/site-packages/airflow/example_dags/example_dynamic_task_mapping.py took 0.111 seconds
[2024-10-19T14:40:44.187+0000] {processor.py:161} INFO - Started process (PID=2811) to work on /home/airflow/.local/lib/python3.11/site-packages/airflow/example_dags/example_dynamic_task_mapping.py
[2024-10-19T14:40:44.189+0000] {processor.py:830} INFO - Processing file /home/airflow/.local/lib/python3.11/site-packages/airflow/example_dags/example_dynamic_task_mapping.py for tasks to queue
[2024-10-19T14:40:44.190+0000] {logging_mixin.py:188} INFO - [2024-10-19T14:40:44.189+0000] {dagbag.py:545} INFO - Filling up the DagBag from /home/airflow/.local/lib/python3.11/site-packages/airflow/example_dags/example_dynamic_task_mapping.py
[2024-10-19T14:40:44.203+0000] {processor.py:840} INFO - DAG(s) 'example_dynamic_task_mapping' retrieved from /home/airflow/.local/lib/python3.11/site-packages/airflow/example_dags/example_dynamic_task_mapping.py
[2024-10-19T14:40:44.231+0000] {logging_mixin.py:188} INFO - [2024-10-19T14:40:44.230+0000] {dag.py:3089} INFO - Sync 1 DAGs
[2024-10-19T14:40:44.278+0000] {logging_mixin.py:188} INFO - [2024-10-19T14:40:44.277+0000] {dag.py:3947} INFO - Setting next_dagrun for example_dynamic_task_mapping to 2022-03-04 00:00:00+00:00, run_after=2022-03-05 00:00:00+00:00
[2024-10-19T14:40:44.321+0000] {processor.py:183} INFO - Processing /home/airflow/.local/lib/python3.11/site-packages/airflow/example_dags/example_dynamic_task_mapping.py took 0.147 seconds
[2024-10-19T14:41:15.297+0000] {processor.py:161} INFO - Started process (PID=2870) to work on /home/airflow/.local/lib/python3.11/site-packages/airflow/example_dags/example_dynamic_task_mapping.py
[2024-10-19T14:41:15.299+0000] {processor.py:830} INFO - Processing file /home/airflow/.local/lib/python3.11/site-packages/airflow/example_dags/example_dynamic_task_mapping.py for tasks to queue
[2024-10-19T14:41:15.300+0000] {logging_mixin.py:188} INFO - [2024-10-19T14:41:15.300+0000] {dagbag.py:545} INFO - Filling up the DagBag from /home/airflow/.local/lib/python3.11/site-packages/airflow/example_dags/example_dynamic_task_mapping.py
[2024-10-19T14:41:15.311+0000] {processor.py:840} INFO - DAG(s) 'example_dynamic_task_mapping' retrieved from /home/airflow/.local/lib/python3.11/site-packages/airflow/example_dags/example_dynamic_task_mapping.py
[2024-10-19T14:41:15.339+0000] {logging_mixin.py:188} INFO - [2024-10-19T14:41:15.339+0000] {dag.py:3089} INFO - Sync 1 DAGs
[2024-10-19T14:41:15.369+0000] {logging_mixin.py:188} INFO - [2024-10-19T14:41:15.369+0000] {dag.py:3947} INFO - Setting next_dagrun for example_dynamic_task_mapping to 2022-03-04 00:00:00+00:00, run_after=2022-03-05 00:00:00+00:00
[2024-10-19T14:41:15.421+0000] {processor.py:183} INFO - Processing /home/airflow/.local/lib/python3.11/site-packages/airflow/example_dags/example_dynamic_task_mapping.py took 0.134 seconds
[2024-10-19T14:41:46.194+0000] {processor.py:161} INFO - Started process (PID=2929) to work on /home/airflow/.local/lib/python3.11/site-packages/airflow/example_dags/example_dynamic_task_mapping.py
[2024-10-19T14:41:46.195+0000] {processor.py:830} INFO - Processing file /home/airflow/.local/lib/python3.11/site-packages/airflow/example_dags/example_dynamic_task_mapping.py for tasks to queue
[2024-10-19T14:41:46.196+0000] {logging_mixin.py:188} INFO - [2024-10-19T14:41:46.195+0000] {dagbag.py:545} INFO - Filling up the DagBag from /home/airflow/.local/lib/python3.11/site-packages/airflow/example_dags/example_dynamic_task_mapping.py
[2024-10-19T14:41:46.203+0000] {processor.py:840} INFO - DAG(s) 'example_dynamic_task_mapping' retrieved from /home/airflow/.local/lib/python3.11/site-packages/airflow/example_dags/example_dynamic_task_mapping.py
[2024-10-19T14:41:46.220+0000] {logging_mixin.py:188} INFO - [2024-10-19T14:41:46.220+0000] {dag.py:3089} INFO - Sync 1 DAGs
[2024-10-19T14:41:46.239+0000] {logging_mixin.py:188} INFO - [2024-10-19T14:41:46.238+0000] {dag.py:3947} INFO - Setting next_dagrun for example_dynamic_task_mapping to 2022-03-04 00:00:00+00:00, run_after=2022-03-05 00:00:00+00:00
[2024-10-19T14:41:46.257+0000] {processor.py:183} INFO - Processing /home/airflow/.local/lib/python3.11/site-packages/airflow/example_dags/example_dynamic_task_mapping.py took 0.068 seconds
[2024-10-19T14:42:16.497+0000] {processor.py:161} INFO - Started process (PID=2994) to work on /home/airflow/.local/lib/python3.11/site-packages/airflow/example_dags/example_dynamic_task_mapping.py
[2024-10-19T14:42:16.499+0000] {processor.py:830} INFO - Processing file /home/airflow/.local/lib/python3.11/site-packages/airflow/example_dags/example_dynamic_task_mapping.py for tasks to queue
[2024-10-19T14:42:16.501+0000] {logging_mixin.py:188} INFO - [2024-10-19T14:42:16.500+0000] {dagbag.py:545} INFO - Filling up the DagBag from /home/airflow/.local/lib/python3.11/site-packages/airflow/example_dags/example_dynamic_task_mapping.py
[2024-10-19T14:42:16.513+0000] {processor.py:840} INFO - DAG(s) 'example_dynamic_task_mapping' retrieved from /home/airflow/.local/lib/python3.11/site-packages/airflow/example_dags/example_dynamic_task_mapping.py
[2024-10-19T14:42:16.539+0000] {logging_mixin.py:188} INFO - [2024-10-19T14:42:16.539+0000] {dag.py:3089} INFO - Sync 1 DAGs
[2024-10-19T14:42:16.578+0000] {logging_mixin.py:188} INFO - [2024-10-19T14:42:16.577+0000] {dag.py:3947} INFO - Setting next_dagrun for example_dynamic_task_mapping to 2022-03-04 00:00:00+00:00, run_after=2022-03-05 00:00:00+00:00
[2024-10-19T14:42:16.621+0000] {processor.py:183} INFO - Processing /home/airflow/.local/lib/python3.11/site-packages/airflow/example_dags/example_dynamic_task_mapping.py took 0.133 seconds
[2024-10-19T14:42:47.342+0000] {processor.py:161} INFO - Started process (PID=3054) to work on /home/airflow/.local/lib/python3.11/site-packages/airflow/example_dags/example_dynamic_task_mapping.py
[2024-10-19T14:42:47.343+0000] {processor.py:830} INFO - Processing file /home/airflow/.local/lib/python3.11/site-packages/airflow/example_dags/example_dynamic_task_mapping.py for tasks to queue
[2024-10-19T14:42:47.344+0000] {logging_mixin.py:188} INFO - [2024-10-19T14:42:47.343+0000] {dagbag.py:545} INFO - Filling up the DagBag from /home/airflow/.local/lib/python3.11/site-packages/airflow/example_dags/example_dynamic_task_mapping.py
[2024-10-19T14:42:47.351+0000] {processor.py:840} INFO - DAG(s) 'example_dynamic_task_mapping' retrieved from /home/airflow/.local/lib/python3.11/site-packages/airflow/example_dags/example_dynamic_task_mapping.py
[2024-10-19T14:42:47.368+0000] {logging_mixin.py:188} INFO - [2024-10-19T14:42:47.368+0000] {dag.py:3089} INFO - Sync 1 DAGs
[2024-10-19T14:42:47.385+0000] {logging_mixin.py:188} INFO - [2024-10-19T14:42:47.385+0000] {dag.py:3947} INFO - Setting next_dagrun for example_dynamic_task_mapping to 2022-03-04 00:00:00+00:00, run_after=2022-03-05 00:00:00+00:00
[2024-10-19T14:42:47.400+0000] {processor.py:183} INFO - Processing /home/airflow/.local/lib/python3.11/site-packages/airflow/example_dags/example_dynamic_task_mapping.py took 0.063 seconds
[2024-10-19T14:43:18.005+0000] {processor.py:161} INFO - Started process (PID=3113) to work on /home/airflow/.local/lib/python3.11/site-packages/airflow/example_dags/example_dynamic_task_mapping.py
[2024-10-19T14:43:18.006+0000] {processor.py:830} INFO - Processing file /home/airflow/.local/lib/python3.11/site-packages/airflow/example_dags/example_dynamic_task_mapping.py for tasks to queue
[2024-10-19T14:43:18.007+0000] {logging_mixin.py:188} INFO - [2024-10-19T14:43:18.007+0000] {dagbag.py:545} INFO - Filling up the DagBag from /home/airflow/.local/lib/python3.11/site-packages/airflow/example_dags/example_dynamic_task_mapping.py
[2024-10-19T14:43:18.014+0000] {processor.py:840} INFO - DAG(s) 'example_dynamic_task_mapping' retrieved from /home/airflow/.local/lib/python3.11/site-packages/airflow/example_dags/example_dynamic_task_mapping.py
[2024-10-19T14:43:18.031+0000] {logging_mixin.py:188} INFO - [2024-10-19T14:43:18.031+0000] {dag.py:3089} INFO - Sync 1 DAGs
[2024-10-19T14:43:18.048+0000] {logging_mixin.py:188} INFO - [2024-10-19T14:43:18.048+0000] {dag.py:3947} INFO - Setting next_dagrun for example_dynamic_task_mapping to 2022-03-04 00:00:00+00:00, run_after=2022-03-05 00:00:00+00:00
[2024-10-19T14:43:18.066+0000] {processor.py:183} INFO - Processing /home/airflow/.local/lib/python3.11/site-packages/airflow/example_dags/example_dynamic_task_mapping.py took 0.066 seconds
[2024-10-19T14:43:48.856+0000] {processor.py:161} INFO - Started process (PID=3172) to work on /home/airflow/.local/lib/python3.11/site-packages/airflow/example_dags/example_dynamic_task_mapping.py
[2024-10-19T14:43:48.857+0000] {processor.py:830} INFO - Processing file /home/airflow/.local/lib/python3.11/site-packages/airflow/example_dags/example_dynamic_task_mapping.py for tasks to queue
[2024-10-19T14:43:48.858+0000] {logging_mixin.py:188} INFO - [2024-10-19T14:43:48.858+0000] {dagbag.py:545} INFO - Filling up the DagBag from /home/airflow/.local/lib/python3.11/site-packages/airflow/example_dags/example_dynamic_task_mapping.py
[2024-10-19T14:43:48.865+0000] {processor.py:840} INFO - DAG(s) 'example_dynamic_task_mapping' retrieved from /home/airflow/.local/lib/python3.11/site-packages/airflow/example_dags/example_dynamic_task_mapping.py
[2024-10-19T14:43:48.884+0000] {logging_mixin.py:188} INFO - [2024-10-19T14:43:48.883+0000] {dag.py:3089} INFO - Sync 1 DAGs
[2024-10-19T14:43:48.903+0000] {logging_mixin.py:188} INFO - [2024-10-19T14:43:48.902+0000] {dag.py:3947} INFO - Setting next_dagrun for example_dynamic_task_mapping to 2022-03-04 00:00:00+00:00, run_after=2022-03-05 00:00:00+00:00
[2024-10-19T14:43:48.921+0000] {processor.py:183} INFO - Processing /home/airflow/.local/lib/python3.11/site-packages/airflow/example_dags/example_dynamic_task_mapping.py took 0.070 seconds
[2024-10-19T14:44:19.468+0000] {processor.py:161} INFO - Started process (PID=3231) to work on /home/airflow/.local/lib/python3.11/site-packages/airflow/example_dags/example_dynamic_task_mapping.py
[2024-10-19T14:44:19.469+0000] {processor.py:830} INFO - Processing file /home/airflow/.local/lib/python3.11/site-packages/airflow/example_dags/example_dynamic_task_mapping.py for tasks to queue
[2024-10-19T14:44:19.470+0000] {logging_mixin.py:188} INFO - [2024-10-19T14:44:19.470+0000] {dagbag.py:545} INFO - Filling up the DagBag from /home/airflow/.local/lib/python3.11/site-packages/airflow/example_dags/example_dynamic_task_mapping.py
[2024-10-19T14:44:19.477+0000] {processor.py:840} INFO - DAG(s) 'example_dynamic_task_mapping' retrieved from /home/airflow/.local/lib/python3.11/site-packages/airflow/example_dags/example_dynamic_task_mapping.py
[2024-10-19T14:44:19.493+0000] {logging_mixin.py:188} INFO - [2024-10-19T14:44:19.492+0000] {dag.py:3089} INFO - Sync 1 DAGs
[2024-10-19T14:44:19.509+0000] {logging_mixin.py:188} INFO - [2024-10-19T14:44:19.509+0000] {dag.py:3947} INFO - Setting next_dagrun for example_dynamic_task_mapping to 2022-03-04 00:00:00+00:00, run_after=2022-03-05 00:00:00+00:00
[2024-10-19T14:44:19.524+0000] {processor.py:183} INFO - Processing /home/airflow/.local/lib/python3.11/site-packages/airflow/example_dags/example_dynamic_task_mapping.py took 0.062 seconds
[2024-10-19T14:44:50.110+0000] {processor.py:161} INFO - Started process (PID=3291) to work on /home/airflow/.local/lib/python3.11/site-packages/airflow/example_dags/example_dynamic_task_mapping.py
[2024-10-19T14:44:50.111+0000] {processor.py:830} INFO - Processing file /home/airflow/.local/lib/python3.11/site-packages/airflow/example_dags/example_dynamic_task_mapping.py for tasks to queue
[2024-10-19T14:44:50.112+0000] {logging_mixin.py:188} INFO - [2024-10-19T14:44:50.112+0000] {dagbag.py:545} INFO - Filling up the DagBag from /home/airflow/.local/lib/python3.11/site-packages/airflow/example_dags/example_dynamic_task_mapping.py
[2024-10-19T14:44:50.120+0000] {processor.py:840} INFO - DAG(s) 'example_dynamic_task_mapping' retrieved from /home/airflow/.local/lib/python3.11/site-packages/airflow/example_dags/example_dynamic_task_mapping.py
[2024-10-19T14:44:50.138+0000] {logging_mixin.py:188} INFO - [2024-10-19T14:44:50.138+0000] {dag.py:3089} INFO - Sync 1 DAGs
[2024-10-19T14:44:50.156+0000] {logging_mixin.py:188} INFO - [2024-10-19T14:44:50.155+0000] {dag.py:3947} INFO - Setting next_dagrun for example_dynamic_task_mapping to 2022-03-04 00:00:00+00:00, run_after=2022-03-05 00:00:00+00:00
[2024-10-19T14:44:50.174+0000] {processor.py:183} INFO - Processing /home/airflow/.local/lib/python3.11/site-packages/airflow/example_dags/example_dynamic_task_mapping.py took 0.069 seconds
[2024-10-19T14:45:20.538+0000] {processor.py:161} INFO - Started process (PID=3350) to work on /home/airflow/.local/lib/python3.11/site-packages/airflow/example_dags/example_dynamic_task_mapping.py
[2024-10-19T14:45:20.539+0000] {processor.py:830} INFO - Processing file /home/airflow/.local/lib/python3.11/site-packages/airflow/example_dags/example_dynamic_task_mapping.py for tasks to queue
[2024-10-19T14:45:20.540+0000] {logging_mixin.py:188} INFO - [2024-10-19T14:45:20.539+0000] {dagbag.py:545} INFO - Filling up the DagBag from /home/airflow/.local/lib/python3.11/site-packages/airflow/example_dags/example_dynamic_task_mapping.py
[2024-10-19T14:45:20.548+0000] {processor.py:840} INFO - DAG(s) 'example_dynamic_task_mapping' retrieved from /home/airflow/.local/lib/python3.11/site-packages/airflow/example_dags/example_dynamic_task_mapping.py
[2024-10-19T14:45:20.567+0000] {logging_mixin.py:188} INFO - [2024-10-19T14:45:20.567+0000] {dag.py:3089} INFO - Sync 1 DAGs
[2024-10-19T14:45:20.586+0000] {logging_mixin.py:188} INFO - [2024-10-19T14:45:20.586+0000] {dag.py:3947} INFO - Setting next_dagrun for example_dynamic_task_mapping to 2022-03-04 00:00:00+00:00, run_after=2022-03-05 00:00:00+00:00
[2024-10-19T14:45:20.604+0000] {processor.py:183} INFO - Processing /home/airflow/.local/lib/python3.11/site-packages/airflow/example_dags/example_dynamic_task_mapping.py took 0.073 seconds
[2024-10-19T14:45:50.723+0000] {processor.py:161} INFO - Started process (PID=3409) to work on /home/airflow/.local/lib/python3.11/site-packages/airflow/example_dags/example_dynamic_task_mapping.py
[2024-10-19T14:45:50.724+0000] {processor.py:830} INFO - Processing file /home/airflow/.local/lib/python3.11/site-packages/airflow/example_dags/example_dynamic_task_mapping.py for tasks to queue
[2024-10-19T14:45:50.725+0000] {logging_mixin.py:188} INFO - [2024-10-19T14:45:50.725+0000] {dagbag.py:545} INFO - Filling up the DagBag from /home/airflow/.local/lib/python3.11/site-packages/airflow/example_dags/example_dynamic_task_mapping.py
[2024-10-19T14:45:50.733+0000] {processor.py:840} INFO - DAG(s) 'example_dynamic_task_mapping' retrieved from /home/airflow/.local/lib/python3.11/site-packages/airflow/example_dags/example_dynamic_task_mapping.py
[2024-10-19T14:45:50.753+0000] {logging_mixin.py:188} INFO - [2024-10-19T14:45:50.753+0000] {dag.py:3089} INFO - Sync 1 DAGs
[2024-10-19T14:45:50.773+0000] {logging_mixin.py:188} INFO - [2024-10-19T14:45:50.773+0000] {dag.py:3947} INFO - Setting next_dagrun for example_dynamic_task_mapping to 2022-03-04 00:00:00+00:00, run_after=2022-03-05 00:00:00+00:00
[2024-10-19T14:45:50.792+0000] {processor.py:183} INFO - Processing /home/airflow/.local/lib/python3.11/site-packages/airflow/example_dags/example_dynamic_task_mapping.py took 0.074 seconds
[2024-10-19T14:46:20.930+0000] {processor.py:161} INFO - Started process (PID=3469) to work on /home/airflow/.local/lib/python3.11/site-packages/airflow/example_dags/example_dynamic_task_mapping.py
[2024-10-19T14:46:20.932+0000] {processor.py:830} INFO - Processing file /home/airflow/.local/lib/python3.11/site-packages/airflow/example_dags/example_dynamic_task_mapping.py for tasks to queue
[2024-10-19T14:46:20.932+0000] {logging_mixin.py:188} INFO - [2024-10-19T14:46:20.932+0000] {dagbag.py:545} INFO - Filling up the DagBag from /home/airflow/.local/lib/python3.11/site-packages/airflow/example_dags/example_dynamic_task_mapping.py
[2024-10-19T14:46:20.939+0000] {processor.py:840} INFO - DAG(s) 'example_dynamic_task_mapping' retrieved from /home/airflow/.local/lib/python3.11/site-packages/airflow/example_dags/example_dynamic_task_mapping.py
[2024-10-19T14:46:20.957+0000] {logging_mixin.py:188} INFO - [2024-10-19T14:46:20.956+0000] {dag.py:3089} INFO - Sync 1 DAGs
[2024-10-19T14:46:20.977+0000] {logging_mixin.py:188} INFO - [2024-10-19T14:46:20.977+0000] {dag.py:3947} INFO - Setting next_dagrun for example_dynamic_task_mapping to 2022-03-04 00:00:00+00:00, run_after=2022-03-05 00:00:00+00:00
[2024-10-19T14:46:21.000+0000] {processor.py:183} INFO - Processing /home/airflow/.local/lib/python3.11/site-packages/airflow/example_dags/example_dynamic_task_mapping.py took 0.077 seconds
[2024-10-19T14:46:51.632+0000] {processor.py:161} INFO - Started process (PID=3529) to work on /home/airflow/.local/lib/python3.11/site-packages/airflow/example_dags/example_dynamic_task_mapping.py
[2024-10-19T14:46:51.633+0000] {processor.py:830} INFO - Processing file /home/airflow/.local/lib/python3.11/site-packages/airflow/example_dags/example_dynamic_task_mapping.py for tasks to queue
[2024-10-19T14:46:51.634+0000] {logging_mixin.py:188} INFO - [2024-10-19T14:46:51.634+0000] {dagbag.py:545} INFO - Filling up the DagBag from /home/airflow/.local/lib/python3.11/site-packages/airflow/example_dags/example_dynamic_task_mapping.py
[2024-10-19T14:46:51.640+0000] {processor.py:840} INFO - DAG(s) 'example_dynamic_task_mapping' retrieved from /home/airflow/.local/lib/python3.11/site-packages/airflow/example_dags/example_dynamic_task_mapping.py
[2024-10-19T14:46:51.657+0000] {logging_mixin.py:188} INFO - [2024-10-19T14:46:51.657+0000] {dag.py:3089} INFO - Sync 1 DAGs
[2024-10-19T14:46:51.674+0000] {logging_mixin.py:188} INFO - [2024-10-19T14:46:51.674+0000] {dag.py:3947} INFO - Setting next_dagrun for example_dynamic_task_mapping to 2022-03-04 00:00:00+00:00, run_after=2022-03-05 00:00:00+00:00
[2024-10-19T14:46:51.692+0000] {processor.py:183} INFO - Processing /home/airflow/.local/lib/python3.11/site-packages/airflow/example_dags/example_dynamic_task_mapping.py took 0.064 seconds
[2024-10-19T14:47:21.900+0000] {processor.py:161} INFO - Started process (PID=3588) to work on /home/airflow/.local/lib/python3.11/site-packages/airflow/example_dags/example_dynamic_task_mapping.py
[2024-10-19T14:47:21.901+0000] {processor.py:830} INFO - Processing file /home/airflow/.local/lib/python3.11/site-packages/airflow/example_dags/example_dynamic_task_mapping.py for tasks to queue
[2024-10-19T14:47:21.902+0000] {logging_mixin.py:188} INFO - [2024-10-19T14:47:21.902+0000] {dagbag.py:545} INFO - Filling up the DagBag from /home/airflow/.local/lib/python3.11/site-packages/airflow/example_dags/example_dynamic_task_mapping.py
[2024-10-19T14:47:21.910+0000] {processor.py:840} INFO - DAG(s) 'example_dynamic_task_mapping' retrieved from /home/airflow/.local/lib/python3.11/site-packages/airflow/example_dags/example_dynamic_task_mapping.py
[2024-10-19T14:47:21.928+0000] {logging_mixin.py:188} INFO - [2024-10-19T14:47:21.928+0000] {dag.py:3089} INFO - Sync 1 DAGs
[2024-10-19T14:47:21.948+0000] {logging_mixin.py:188} INFO - [2024-10-19T14:47:21.948+0000] {dag.py:3947} INFO - Setting next_dagrun for example_dynamic_task_mapping to 2022-03-04 00:00:00+00:00, run_after=2022-03-05 00:00:00+00:00
[2024-10-19T14:47:21.966+0000] {processor.py:183} INFO - Processing /home/airflow/.local/lib/python3.11/site-packages/airflow/example_dags/example_dynamic_task_mapping.py took 0.071 seconds
[2024-10-19T14:47:52.314+0000] {processor.py:161} INFO - Started process (PID=3647) to work on /home/airflow/.local/lib/python3.11/site-packages/airflow/example_dags/example_dynamic_task_mapping.py
[2024-10-19T14:47:52.315+0000] {processor.py:830} INFO - Processing file /home/airflow/.local/lib/python3.11/site-packages/airflow/example_dags/example_dynamic_task_mapping.py for tasks to queue
[2024-10-19T14:47:52.316+0000] {logging_mixin.py:188} INFO - [2024-10-19T14:47:52.316+0000] {dagbag.py:545} INFO - Filling up the DagBag from /home/airflow/.local/lib/python3.11/site-packages/airflow/example_dags/example_dynamic_task_mapping.py
[2024-10-19T14:47:52.326+0000] {processor.py:840} INFO - DAG(s) 'example_dynamic_task_mapping' retrieved from /home/airflow/.local/lib/python3.11/site-packages/airflow/example_dags/example_dynamic_task_mapping.py
[2024-10-19T14:47:52.353+0000] {logging_mixin.py:188} INFO - [2024-10-19T14:47:52.353+0000] {dag.py:3089} INFO - Sync 1 DAGs
[2024-10-19T14:47:52.376+0000] {logging_mixin.py:188} INFO - [2024-10-19T14:47:52.375+0000] {dag.py:3947} INFO - Setting next_dagrun for example_dynamic_task_mapping to 2022-03-04 00:00:00+00:00, run_after=2022-03-05 00:00:00+00:00
[2024-10-19T14:47:52.395+0000] {processor.py:183} INFO - Processing /home/airflow/.local/lib/python3.11/site-packages/airflow/example_dags/example_dynamic_task_mapping.py took 0.088 seconds
[2024-10-19T14:48:22.539+0000] {processor.py:161} INFO - Started process (PID=3706) to work on /home/airflow/.local/lib/python3.11/site-packages/airflow/example_dags/example_dynamic_task_mapping.py
[2024-10-19T14:48:22.540+0000] {processor.py:830} INFO - Processing file /home/airflow/.local/lib/python3.11/site-packages/airflow/example_dags/example_dynamic_task_mapping.py for tasks to queue
[2024-10-19T14:48:22.541+0000] {logging_mixin.py:188} INFO - [2024-10-19T14:48:22.541+0000] {dagbag.py:545} INFO - Filling up the DagBag from /home/airflow/.local/lib/python3.11/site-packages/airflow/example_dags/example_dynamic_task_mapping.py
[2024-10-19T14:48:22.551+0000] {processor.py:840} INFO - DAG(s) 'example_dynamic_task_mapping' retrieved from /home/airflow/.local/lib/python3.11/site-packages/airflow/example_dags/example_dynamic_task_mapping.py
[2024-10-19T14:48:22.572+0000] {logging_mixin.py:188} INFO - [2024-10-19T14:48:22.572+0000] {dag.py:3089} INFO - Sync 1 DAGs
[2024-10-19T14:48:22.593+0000] {logging_mixin.py:188} INFO - [2024-10-19T14:48:22.592+0000] {dag.py:3947} INFO - Setting next_dagrun for example_dynamic_task_mapping to 2022-03-04 00:00:00+00:00, run_after=2022-03-05 00:00:00+00:00
[2024-10-19T14:48:22.612+0000] {processor.py:183} INFO - Processing /home/airflow/.local/lib/python3.11/site-packages/airflow/example_dags/example_dynamic_task_mapping.py took 0.080 seconds
[2024-10-19T14:48:52.848+0000] {processor.py:161} INFO - Started process (PID=3765) to work on /home/airflow/.local/lib/python3.11/site-packages/airflow/example_dags/example_dynamic_task_mapping.py
[2024-10-19T14:48:52.849+0000] {processor.py:830} INFO - Processing file /home/airflow/.local/lib/python3.11/site-packages/airflow/example_dags/example_dynamic_task_mapping.py for tasks to queue
[2024-10-19T14:48:52.850+0000] {logging_mixin.py:188} INFO - [2024-10-19T14:48:52.850+0000] {dagbag.py:545} INFO - Filling up the DagBag from /home/airflow/.local/lib/python3.11/site-packages/airflow/example_dags/example_dynamic_task_mapping.py
[2024-10-19T14:48:52.857+0000] {processor.py:840} INFO - DAG(s) 'example_dynamic_task_mapping' retrieved from /home/airflow/.local/lib/python3.11/site-packages/airflow/example_dags/example_dynamic_task_mapping.py
[2024-10-19T14:48:52.874+0000] {logging_mixin.py:188} INFO - [2024-10-19T14:48:52.874+0000] {dag.py:3089} INFO - Sync 1 DAGs
[2024-10-19T14:48:52.892+0000] {logging_mixin.py:188} INFO - [2024-10-19T14:48:52.892+0000] {dag.py:3947} INFO - Setting next_dagrun for example_dynamic_task_mapping to 2022-03-04 00:00:00+00:00, run_after=2022-03-05 00:00:00+00:00
[2024-10-19T14:48:52.909+0000] {processor.py:183} INFO - Processing /home/airflow/.local/lib/python3.11/site-packages/airflow/example_dags/example_dynamic_task_mapping.py took 0.065 seconds
[2024-10-19T14:49:23.023+0000] {processor.py:161} INFO - Started process (PID=3824) to work on /home/airflow/.local/lib/python3.11/site-packages/airflow/example_dags/example_dynamic_task_mapping.py
[2024-10-19T14:49:23.024+0000] {processor.py:830} INFO - Processing file /home/airflow/.local/lib/python3.11/site-packages/airflow/example_dags/example_dynamic_task_mapping.py for tasks to queue
[2024-10-19T14:49:23.025+0000] {logging_mixin.py:188} INFO - [2024-10-19T14:49:23.024+0000] {dagbag.py:545} INFO - Filling up the DagBag from /home/airflow/.local/lib/python3.11/site-packages/airflow/example_dags/example_dynamic_task_mapping.py
[2024-10-19T14:49:23.031+0000] {processor.py:840} INFO - DAG(s) 'example_dynamic_task_mapping' retrieved from /home/airflow/.local/lib/python3.11/site-packages/airflow/example_dags/example_dynamic_task_mapping.py
[2024-10-19T14:49:23.046+0000] {logging_mixin.py:188} INFO - [2024-10-19T14:49:23.046+0000] {dag.py:3089} INFO - Sync 1 DAGs
[2024-10-19T14:49:23.062+0000] {logging_mixin.py:188} INFO - [2024-10-19T14:49:23.062+0000] {dag.py:3947} INFO - Setting next_dagrun for example_dynamic_task_mapping to 2022-03-04 00:00:00+00:00, run_after=2022-03-05 00:00:00+00:00
[2024-10-19T14:49:23.079+0000] {processor.py:183} INFO - Processing /home/airflow/.local/lib/python3.11/site-packages/airflow/example_dags/example_dynamic_task_mapping.py took 0.060 seconds
[2024-10-19T14:49:53.198+0000] {processor.py:161} INFO - Started process (PID=3883) to work on /home/airflow/.local/lib/python3.11/site-packages/airflow/example_dags/example_dynamic_task_mapping.py
[2024-10-19T14:49:53.199+0000] {processor.py:830} INFO - Processing file /home/airflow/.local/lib/python3.11/site-packages/airflow/example_dags/example_dynamic_task_mapping.py for tasks to queue
[2024-10-19T14:49:53.200+0000] {logging_mixin.py:188} INFO - [2024-10-19T14:49:53.200+0000] {dagbag.py:545} INFO - Filling up the DagBag from /home/airflow/.local/lib/python3.11/site-packages/airflow/example_dags/example_dynamic_task_mapping.py
[2024-10-19T14:49:53.207+0000] {processor.py:840} INFO - DAG(s) 'example_dynamic_task_mapping' retrieved from /home/airflow/.local/lib/python3.11/site-packages/airflow/example_dags/example_dynamic_task_mapping.py
[2024-10-19T14:49:53.223+0000] {logging_mixin.py:188} INFO - [2024-10-19T14:49:53.222+0000] {dag.py:3089} INFO - Sync 1 DAGs
[2024-10-19T14:49:53.240+0000] {logging_mixin.py:188} INFO - [2024-10-19T14:49:53.240+0000] {dag.py:3947} INFO - Setting next_dagrun for example_dynamic_task_mapping to 2022-03-04 00:00:00+00:00, run_after=2022-03-05 00:00:00+00:00
[2024-10-19T14:49:53.257+0000] {processor.py:183} INFO - Processing /home/airflow/.local/lib/python3.11/site-packages/airflow/example_dags/example_dynamic_task_mapping.py took 0.064 seconds
[2024-10-19T14:50:23.871+0000] {processor.py:161} INFO - Started process (PID=3942) to work on /home/airflow/.local/lib/python3.11/site-packages/airflow/example_dags/example_dynamic_task_mapping.py
[2024-10-19T14:50:23.872+0000] {processor.py:830} INFO - Processing file /home/airflow/.local/lib/python3.11/site-packages/airflow/example_dags/example_dynamic_task_mapping.py for tasks to queue
[2024-10-19T14:50:23.872+0000] {logging_mixin.py:188} INFO - [2024-10-19T14:50:23.872+0000] {dagbag.py:545} INFO - Filling up the DagBag from /home/airflow/.local/lib/python3.11/site-packages/airflow/example_dags/example_dynamic_task_mapping.py
[2024-10-19T14:50:23.879+0000] {processor.py:840} INFO - DAG(s) 'example_dynamic_task_mapping' retrieved from /home/airflow/.local/lib/python3.11/site-packages/airflow/example_dags/example_dynamic_task_mapping.py
[2024-10-19T14:50:23.895+0000] {logging_mixin.py:188} INFO - [2024-10-19T14:50:23.894+0000] {dag.py:3089} INFO - Sync 1 DAGs
[2024-10-19T14:50:23.912+0000] {logging_mixin.py:188} INFO - [2024-10-19T14:50:23.912+0000] {dag.py:3947} INFO - Setting next_dagrun for example_dynamic_task_mapping to 2022-03-04 00:00:00+00:00, run_after=2022-03-05 00:00:00+00:00
[2024-10-19T14:50:23.928+0000] {processor.py:183} INFO - Processing /home/airflow/.local/lib/python3.11/site-packages/airflow/example_dags/example_dynamic_task_mapping.py took 0.062 seconds
[2024-10-19T14:50:54.628+0000] {processor.py:161} INFO - Started process (PID=4001) to work on /home/airflow/.local/lib/python3.11/site-packages/airflow/example_dags/example_dynamic_task_mapping.py
[2024-10-19T14:50:54.629+0000] {processor.py:830} INFO - Processing file /home/airflow/.local/lib/python3.11/site-packages/airflow/example_dags/example_dynamic_task_mapping.py for tasks to queue
[2024-10-19T14:50:54.630+0000] {logging_mixin.py:188} INFO - [2024-10-19T14:50:54.630+0000] {dagbag.py:545} INFO - Filling up the DagBag from /home/airflow/.local/lib/python3.11/site-packages/airflow/example_dags/example_dynamic_task_mapping.py
[2024-10-19T14:50:54.637+0000] {processor.py:840} INFO - DAG(s) 'example_dynamic_task_mapping' retrieved from /home/airflow/.local/lib/python3.11/site-packages/airflow/example_dags/example_dynamic_task_mapping.py
[2024-10-19T14:50:54.653+0000] {logging_mixin.py:188} INFO - [2024-10-19T14:50:54.653+0000] {dag.py:3089} INFO - Sync 1 DAGs
[2024-10-19T14:50:54.669+0000] {logging_mixin.py:188} INFO - [2024-10-19T14:50:54.669+0000] {dag.py:3947} INFO - Setting next_dagrun for example_dynamic_task_mapping to 2022-03-04 00:00:00+00:00, run_after=2022-03-05 00:00:00+00:00
[2024-10-19T14:50:54.686+0000] {processor.py:183} INFO - Processing /home/airflow/.local/lib/python3.11/site-packages/airflow/example_dags/example_dynamic_task_mapping.py took 0.064 seconds
[2024-10-19T14:51:24.772+0000] {processor.py:161} INFO - Started process (PID=4060) to work on /home/airflow/.local/lib/python3.11/site-packages/airflow/example_dags/example_dynamic_task_mapping.py
[2024-10-19T14:51:24.773+0000] {processor.py:830} INFO - Processing file /home/airflow/.local/lib/python3.11/site-packages/airflow/example_dags/example_dynamic_task_mapping.py for tasks to queue
[2024-10-19T14:51:24.774+0000] {logging_mixin.py:188} INFO - [2024-10-19T14:51:24.773+0000] {dagbag.py:545} INFO - Filling up the DagBag from /home/airflow/.local/lib/python3.11/site-packages/airflow/example_dags/example_dynamic_task_mapping.py
[2024-10-19T14:51:24.780+0000] {processor.py:840} INFO - DAG(s) 'example_dynamic_task_mapping' retrieved from /home/airflow/.local/lib/python3.11/site-packages/airflow/example_dags/example_dynamic_task_mapping.py
[2024-10-19T14:51:24.795+0000] {logging_mixin.py:188} INFO - [2024-10-19T14:51:24.795+0000] {dag.py:3089} INFO - Sync 1 DAGs
[2024-10-19T14:51:24.813+0000] {logging_mixin.py:188} INFO - [2024-10-19T14:51:24.813+0000] {dag.py:3947} INFO - Setting next_dagrun for example_dynamic_task_mapping to 2022-03-04 00:00:00+00:00, run_after=2022-03-05 00:00:00+00:00
[2024-10-19T14:51:24.829+0000] {processor.py:183} INFO - Processing /home/airflow/.local/lib/python3.11/site-packages/airflow/example_dags/example_dynamic_task_mapping.py took 0.061 seconds
[2024-10-19T14:51:55.449+0000] {processor.py:161} INFO - Started process (PID=4119) to work on /home/airflow/.local/lib/python3.11/site-packages/airflow/example_dags/example_dynamic_task_mapping.py
[2024-10-19T14:51:55.450+0000] {processor.py:830} INFO - Processing file /home/airflow/.local/lib/python3.11/site-packages/airflow/example_dags/example_dynamic_task_mapping.py for tasks to queue
[2024-10-19T14:51:55.451+0000] {logging_mixin.py:188} INFO - [2024-10-19T14:51:55.450+0000] {dagbag.py:545} INFO - Filling up the DagBag from /home/airflow/.local/lib/python3.11/site-packages/airflow/example_dags/example_dynamic_task_mapping.py
[2024-10-19T14:51:55.457+0000] {processor.py:840} INFO - DAG(s) 'example_dynamic_task_mapping' retrieved from /home/airflow/.local/lib/python3.11/site-packages/airflow/example_dags/example_dynamic_task_mapping.py
[2024-10-19T14:51:55.472+0000] {logging_mixin.py:188} INFO - [2024-10-19T14:51:55.472+0000] {dag.py:3089} INFO - Sync 1 DAGs
[2024-10-19T14:51:55.490+0000] {logging_mixin.py:188} INFO - [2024-10-19T14:51:55.490+0000] {dag.py:3947} INFO - Setting next_dagrun for example_dynamic_task_mapping to 2022-03-04 00:00:00+00:00, run_after=2022-03-05 00:00:00+00:00
[2024-10-19T14:51:55.505+0000] {processor.py:183} INFO - Processing /home/airflow/.local/lib/python3.11/site-packages/airflow/example_dags/example_dynamic_task_mapping.py took 0.061 seconds
