[2024-10-19T14:18:44.282+0000] {processor.py:161} INFO - Started process (PID=58) to work on /home/airflow/.local/lib/python3.11/site-packages/airflow/example_dags/example_params_trigger_ui.py
[2024-10-19T14:18:44.290+0000] {processor.py:830} INFO - Processing file /home/airflow/.local/lib/python3.11/site-packages/airflow/example_dags/example_params_trigger_ui.py for tasks to queue
[2024-10-19T14:18:44.293+0000] {logging_mixin.py:188} INFO - [2024-10-19T14:18:44.293+0000] {dagbag.py:545} INFO - Filling up the DagBag from /home/airflow/.local/lib/python3.11/site-packages/airflow/example_dags/example_params_trigger_ui.py
[2024-10-19T14:18:44.325+0000] {processor.py:840} INFO - DAG(s) 'example_params_trigger_ui' retrieved from /home/airflow/.local/lib/python3.11/site-packages/airflow/example_dags/example_params_trigger_ui.py
[2024-10-19T14:18:44.735+0000] {logging_mixin.py:188} INFO - [2024-10-19T14:18:44.734+0000] {override.py:1858} INFO - Created Permission View: can edit on DAG:example_params_trigger_ui
[2024-10-19T14:18:44.778+0000] {logging_mixin.py:188} INFO - [2024-10-19T14:18:44.775+0000] {override.py:1858} INFO - Created Permission View: can delete on DAG:example_params_trigger_ui
[2024-10-19T14:18:44.804+0000] {logging_mixin.py:188} INFO - [2024-10-19T14:18:44.804+0000] {override.py:1858} INFO - Created Permission View: can read on DAG:example_params_trigger_ui
[2024-10-19T14:18:44.810+0000] {logging_mixin.py:188} INFO - [2024-10-19T14:18:44.809+0000] {dag.py:3089} INFO - Sync 1 DAGs
[2024-10-19T14:18:44.847+0000] {logging_mixin.py:188} INFO - [2024-10-19T14:18:44.846+0000] {dag.py:3111} INFO - Creating ORM DAG for example_params_trigger_ui
[2024-10-19T14:18:44.849+0000] {logging_mixin.py:188} INFO - [2024-10-19T14:18:44.849+0000] {dag.py:3947} INFO - Setting next_dagrun for example_params_trigger_ui to None, run_after=None
[2024-10-19T14:18:44.903+0000] {processor.py:183} INFO - Processing /home/airflow/.local/lib/python3.11/site-packages/airflow/example_dags/example_params_trigger_ui.py took 0.656 seconds
[2024-10-19T14:19:15.089+0000] {processor.py:161} INFO - Started process (PID=121) to work on /home/airflow/.local/lib/python3.11/site-packages/airflow/example_dags/example_params_trigger_ui.py
[2024-10-19T14:19:15.090+0000] {processor.py:830} INFO - Processing file /home/airflow/.local/lib/python3.11/site-packages/airflow/example_dags/example_params_trigger_ui.py for tasks to queue
[2024-10-19T14:19:15.092+0000] {logging_mixin.py:188} INFO - [2024-10-19T14:19:15.092+0000] {dagbag.py:545} INFO - Filling up the DagBag from /home/airflow/.local/lib/python3.11/site-packages/airflow/example_dags/example_params_trigger_ui.py
[2024-10-19T14:19:15.101+0000] {processor.py:840} INFO - DAG(s) 'example_params_trigger_ui' retrieved from /home/airflow/.local/lib/python3.11/site-packages/airflow/example_dags/example_params_trigger_ui.py
[2024-10-19T14:19:15.136+0000] {logging_mixin.py:188} INFO - [2024-10-19T14:19:15.136+0000] {dag.py:3089} INFO - Sync 1 DAGs
[2024-10-19T14:19:15.148+0000] {logging_mixin.py:188} INFO - [2024-10-19T14:19:15.148+0000] {dag.py:3947} INFO - Setting next_dagrun for example_params_trigger_ui to None, run_after=None
[2024-10-19T14:19:15.166+0000] {processor.py:183} INFO - Processing /home/airflow/.local/lib/python3.11/site-packages/airflow/example_dags/example_params_trigger_ui.py took 0.082 seconds
[2024-10-19T14:19:45.732+0000] {processor.py:161} INFO - Started process (PID=179) to work on /home/airflow/.local/lib/python3.11/site-packages/airflow/example_dags/example_params_trigger_ui.py
[2024-10-19T14:19:45.733+0000] {processor.py:830} INFO - Processing file /home/airflow/.local/lib/python3.11/site-packages/airflow/example_dags/example_params_trigger_ui.py for tasks to queue
[2024-10-19T14:19:45.735+0000] {logging_mixin.py:188} INFO - [2024-10-19T14:19:45.735+0000] {dagbag.py:545} INFO - Filling up the DagBag from /home/airflow/.local/lib/python3.11/site-packages/airflow/example_dags/example_params_trigger_ui.py
[2024-10-19T14:19:45.745+0000] {processor.py:840} INFO - DAG(s) 'example_params_trigger_ui' retrieved from /home/airflow/.local/lib/python3.11/site-packages/airflow/example_dags/example_params_trigger_ui.py
[2024-10-19T14:19:45.781+0000] {logging_mixin.py:188} INFO - [2024-10-19T14:19:45.780+0000] {dag.py:3089} INFO - Sync 1 DAGs
[2024-10-19T14:19:45.793+0000] {logging_mixin.py:188} INFO - [2024-10-19T14:19:45.793+0000] {dag.py:3947} INFO - Setting next_dagrun for example_params_trigger_ui to None, run_after=None
[2024-10-19T14:19:45.817+0000] {processor.py:183} INFO - Processing /home/airflow/.local/lib/python3.11/site-packages/airflow/example_dags/example_params_trigger_ui.py took 0.090 seconds
[2024-10-19T14:20:16.515+0000] {processor.py:161} INFO - Started process (PID=237) to work on /home/airflow/.local/lib/python3.11/site-packages/airflow/example_dags/example_params_trigger_ui.py
[2024-10-19T14:20:16.516+0000] {processor.py:830} INFO - Processing file /home/airflow/.local/lib/python3.11/site-packages/airflow/example_dags/example_params_trigger_ui.py for tasks to queue
[2024-10-19T14:20:16.518+0000] {logging_mixin.py:188} INFO - [2024-10-19T14:20:16.517+0000] {dagbag.py:545} INFO - Filling up the DagBag from /home/airflow/.local/lib/python3.11/site-packages/airflow/example_dags/example_params_trigger_ui.py
[2024-10-19T14:20:16.526+0000] {processor.py:840} INFO - DAG(s) 'example_params_trigger_ui' retrieved from /home/airflow/.local/lib/python3.11/site-packages/airflow/example_dags/example_params_trigger_ui.py
[2024-10-19T14:20:16.562+0000] {logging_mixin.py:188} INFO - [2024-10-19T14:20:16.562+0000] {dag.py:3089} INFO - Sync 1 DAGs
[2024-10-19T14:20:16.575+0000] {logging_mixin.py:188} INFO - [2024-10-19T14:20:16.574+0000] {dag.py:3947} INFO - Setting next_dagrun for example_params_trigger_ui to None, run_after=None
[2024-10-19T14:20:16.596+0000] {processor.py:183} INFO - Processing /home/airflow/.local/lib/python3.11/site-packages/airflow/example_dags/example_params_trigger_ui.py took 0.086 seconds
[2024-10-19T14:20:47.193+0000] {processor.py:161} INFO - Started process (PID=295) to work on /home/airflow/.local/lib/python3.11/site-packages/airflow/example_dags/example_params_trigger_ui.py
[2024-10-19T14:20:47.194+0000] {processor.py:830} INFO - Processing file /home/airflow/.local/lib/python3.11/site-packages/airflow/example_dags/example_params_trigger_ui.py for tasks to queue
[2024-10-19T14:20:47.195+0000] {logging_mixin.py:188} INFO - [2024-10-19T14:20:47.195+0000] {dagbag.py:545} INFO - Filling up the DagBag from /home/airflow/.local/lib/python3.11/site-packages/airflow/example_dags/example_params_trigger_ui.py
[2024-10-19T14:20:47.203+0000] {processor.py:840} INFO - DAG(s) 'example_params_trigger_ui' retrieved from /home/airflow/.local/lib/python3.11/site-packages/airflow/example_dags/example_params_trigger_ui.py
[2024-10-19T14:20:47.239+0000] {logging_mixin.py:188} INFO - [2024-10-19T14:20:47.239+0000] {dag.py:3089} INFO - Sync 1 DAGs
[2024-10-19T14:20:47.252+0000] {logging_mixin.py:188} INFO - [2024-10-19T14:20:47.252+0000] {dag.py:3947} INFO - Setting next_dagrun for example_params_trigger_ui to None, run_after=None
[2024-10-19T14:20:47.268+0000] {processor.py:183} INFO - Processing /home/airflow/.local/lib/python3.11/site-packages/airflow/example_dags/example_params_trigger_ui.py took 0.080 seconds
[2024-10-19T14:21:17.402+0000] {processor.py:161} INFO - Started process (PID=353) to work on /home/airflow/.local/lib/python3.11/site-packages/airflow/example_dags/example_params_trigger_ui.py
[2024-10-19T14:21:17.403+0000] {processor.py:830} INFO - Processing file /home/airflow/.local/lib/python3.11/site-packages/airflow/example_dags/example_params_trigger_ui.py for tasks to queue
[2024-10-19T14:21:17.404+0000] {logging_mixin.py:188} INFO - [2024-10-19T14:21:17.404+0000] {dagbag.py:545} INFO - Filling up the DagBag from /home/airflow/.local/lib/python3.11/site-packages/airflow/example_dags/example_params_trigger_ui.py
[2024-10-19T14:21:17.412+0000] {processor.py:840} INFO - DAG(s) 'example_params_trigger_ui' retrieved from /home/airflow/.local/lib/python3.11/site-packages/airflow/example_dags/example_params_trigger_ui.py
[2024-10-19T14:21:17.445+0000] {logging_mixin.py:188} INFO - [2024-10-19T14:21:17.445+0000] {dag.py:3089} INFO - Sync 1 DAGs
[2024-10-19T14:21:17.455+0000] {logging_mixin.py:188} INFO - [2024-10-19T14:21:17.455+0000] {dag.py:3947} INFO - Setting next_dagrun for example_params_trigger_ui to None, run_after=None
[2024-10-19T14:21:17.473+0000] {processor.py:183} INFO - Processing /home/airflow/.local/lib/python3.11/site-packages/airflow/example_dags/example_params_trigger_ui.py took 0.076 seconds
[2024-10-19T14:21:48.428+0000] {processor.py:161} INFO - Started process (PID=411) to work on /home/airflow/.local/lib/python3.11/site-packages/airflow/example_dags/example_params_trigger_ui.py
[2024-10-19T14:21:48.429+0000] {processor.py:830} INFO - Processing file /home/airflow/.local/lib/python3.11/site-packages/airflow/example_dags/example_params_trigger_ui.py for tasks to queue
[2024-10-19T14:21:48.430+0000] {logging_mixin.py:188} INFO - [2024-10-19T14:21:48.430+0000] {dagbag.py:545} INFO - Filling up the DagBag from /home/airflow/.local/lib/python3.11/site-packages/airflow/example_dags/example_params_trigger_ui.py
[2024-10-19T14:21:48.438+0000] {processor.py:840} INFO - DAG(s) 'example_params_trigger_ui' retrieved from /home/airflow/.local/lib/python3.11/site-packages/airflow/example_dags/example_params_trigger_ui.py
[2024-10-19T14:21:48.475+0000] {logging_mixin.py:188} INFO - [2024-10-19T14:21:48.475+0000] {dag.py:3089} INFO - Sync 1 DAGs
[2024-10-19T14:21:48.486+0000] {logging_mixin.py:188} INFO - [2024-10-19T14:21:48.486+0000] {dag.py:3947} INFO - Setting next_dagrun for example_params_trigger_ui to None, run_after=None
[2024-10-19T14:21:48.504+0000] {processor.py:183} INFO - Processing /home/airflow/.local/lib/python3.11/site-packages/airflow/example_dags/example_params_trigger_ui.py took 0.082 seconds
[2024-10-19T14:22:19.438+0000] {processor.py:161} INFO - Started process (PID=469) to work on /home/airflow/.local/lib/python3.11/site-packages/airflow/example_dags/example_params_trigger_ui.py
[2024-10-19T14:22:19.439+0000] {processor.py:830} INFO - Processing file /home/airflow/.local/lib/python3.11/site-packages/airflow/example_dags/example_params_trigger_ui.py for tasks to queue
[2024-10-19T14:22:19.440+0000] {logging_mixin.py:188} INFO - [2024-10-19T14:22:19.440+0000] {dagbag.py:545} INFO - Filling up the DagBag from /home/airflow/.local/lib/python3.11/site-packages/airflow/example_dags/example_params_trigger_ui.py
[2024-10-19T14:22:19.448+0000] {processor.py:840} INFO - DAG(s) 'example_params_trigger_ui' retrieved from /home/airflow/.local/lib/python3.11/site-packages/airflow/example_dags/example_params_trigger_ui.py
[2024-10-19T14:22:19.481+0000] {logging_mixin.py:188} INFO - [2024-10-19T14:22:19.481+0000] {dag.py:3089} INFO - Sync 1 DAGs
[2024-10-19T14:22:19.491+0000] {logging_mixin.py:188} INFO - [2024-10-19T14:22:19.491+0000] {dag.py:3947} INFO - Setting next_dagrun for example_params_trigger_ui to None, run_after=None
[2024-10-19T14:22:19.510+0000] {processor.py:183} INFO - Processing /home/airflow/.local/lib/python3.11/site-packages/airflow/example_dags/example_params_trigger_ui.py took 0.077 seconds
[2024-10-19T14:22:50.176+0000] {processor.py:161} INFO - Started process (PID=527) to work on /home/airflow/.local/lib/python3.11/site-packages/airflow/example_dags/example_params_trigger_ui.py
[2024-10-19T14:22:50.177+0000] {processor.py:830} INFO - Processing file /home/airflow/.local/lib/python3.11/site-packages/airflow/example_dags/example_params_trigger_ui.py for tasks to queue
[2024-10-19T14:22:50.179+0000] {logging_mixin.py:188} INFO - [2024-10-19T14:22:50.178+0000] {dagbag.py:545} INFO - Filling up the DagBag from /home/airflow/.local/lib/python3.11/site-packages/airflow/example_dags/example_params_trigger_ui.py
[2024-10-19T14:22:50.187+0000] {processor.py:840} INFO - DAG(s) 'example_params_trigger_ui' retrieved from /home/airflow/.local/lib/python3.11/site-packages/airflow/example_dags/example_params_trigger_ui.py
[2024-10-19T14:22:50.225+0000] {logging_mixin.py:188} INFO - [2024-10-19T14:22:50.224+0000] {dag.py:3089} INFO - Sync 1 DAGs
[2024-10-19T14:22:50.235+0000] {logging_mixin.py:188} INFO - [2024-10-19T14:22:50.235+0000] {dag.py:3947} INFO - Setting next_dagrun for example_params_trigger_ui to None, run_after=None
[2024-10-19T14:22:50.251+0000] {processor.py:183} INFO - Processing /home/airflow/.local/lib/python3.11/site-packages/airflow/example_dags/example_params_trigger_ui.py took 0.080 seconds
[2024-10-19T14:23:20.921+0000] {processor.py:161} INFO - Started process (PID=585) to work on /home/airflow/.local/lib/python3.11/site-packages/airflow/example_dags/example_params_trigger_ui.py
[2024-10-19T14:23:20.922+0000] {processor.py:830} INFO - Processing file /home/airflow/.local/lib/python3.11/site-packages/airflow/example_dags/example_params_trigger_ui.py for tasks to queue
[2024-10-19T14:23:20.924+0000] {logging_mixin.py:188} INFO - [2024-10-19T14:23:20.924+0000] {dagbag.py:545} INFO - Filling up the DagBag from /home/airflow/.local/lib/python3.11/site-packages/airflow/example_dags/example_params_trigger_ui.py
[2024-10-19T14:23:20.933+0000] {processor.py:840} INFO - DAG(s) 'example_params_trigger_ui' retrieved from /home/airflow/.local/lib/python3.11/site-packages/airflow/example_dags/example_params_trigger_ui.py
[2024-10-19T14:23:20.966+0000] {logging_mixin.py:188} INFO - [2024-10-19T14:23:20.966+0000] {dag.py:3089} INFO - Sync 1 DAGs
[2024-10-19T14:23:20.976+0000] {logging_mixin.py:188} INFO - [2024-10-19T14:23:20.976+0000] {dag.py:3947} INFO - Setting next_dagrun for example_params_trigger_ui to None, run_after=None
[2024-10-19T14:23:20.992+0000] {processor.py:183} INFO - Processing /home/airflow/.local/lib/python3.11/site-packages/airflow/example_dags/example_params_trigger_ui.py took 0.077 seconds
[2024-10-19T14:23:51.692+0000] {processor.py:161} INFO - Started process (PID=644) to work on /home/airflow/.local/lib/python3.11/site-packages/airflow/example_dags/example_params_trigger_ui.py
[2024-10-19T14:23:51.693+0000] {processor.py:830} INFO - Processing file /home/airflow/.local/lib/python3.11/site-packages/airflow/example_dags/example_params_trigger_ui.py for tasks to queue
[2024-10-19T14:23:51.695+0000] {logging_mixin.py:188} INFO - [2024-10-19T14:23:51.694+0000] {dagbag.py:545} INFO - Filling up the DagBag from /home/airflow/.local/lib/python3.11/site-packages/airflow/example_dags/example_params_trigger_ui.py
[2024-10-19T14:23:51.702+0000] {processor.py:840} INFO - DAG(s) 'example_params_trigger_ui' retrieved from /home/airflow/.local/lib/python3.11/site-packages/airflow/example_dags/example_params_trigger_ui.py
[2024-10-19T14:23:51.736+0000] {logging_mixin.py:188} INFO - [2024-10-19T14:23:51.735+0000] {dag.py:3089} INFO - Sync 1 DAGs
[2024-10-19T14:23:51.745+0000] {logging_mixin.py:188} INFO - [2024-10-19T14:23:51.745+0000] {dag.py:3947} INFO - Setting next_dagrun for example_params_trigger_ui to None, run_after=None
[2024-10-19T14:23:51.760+0000] {processor.py:183} INFO - Processing /home/airflow/.local/lib/python3.11/site-packages/airflow/example_dags/example_params_trigger_ui.py took 0.073 seconds
[2024-10-19T14:24:22.896+0000] {processor.py:161} INFO - Started process (PID=703) to work on /home/airflow/.local/lib/python3.11/site-packages/airflow/example_dags/example_params_trigger_ui.py
[2024-10-19T14:24:22.900+0000] {processor.py:830} INFO - Processing file /home/airflow/.local/lib/python3.11/site-packages/airflow/example_dags/example_params_trigger_ui.py for tasks to queue
[2024-10-19T14:24:22.907+0000] {logging_mixin.py:188} INFO - [2024-10-19T14:24:22.907+0000] {dagbag.py:545} INFO - Filling up the DagBag from /home/airflow/.local/lib/python3.11/site-packages/airflow/example_dags/example_params_trigger_ui.py
[2024-10-19T14:24:22.921+0000] {processor.py:840} INFO - DAG(s) 'example_params_trigger_ui' retrieved from /home/airflow/.local/lib/python3.11/site-packages/airflow/example_dags/example_params_trigger_ui.py
[2024-10-19T14:24:22.989+0000] {logging_mixin.py:188} INFO - [2024-10-19T14:24:22.988+0000] {dag.py:3089} INFO - Sync 1 DAGs
[2024-10-19T14:24:23.009+0000] {logging_mixin.py:188} INFO - [2024-10-19T14:24:23.009+0000] {dag.py:3947} INFO - Setting next_dagrun for example_params_trigger_ui to None, run_after=None
[2024-10-19T14:24:23.051+0000] {processor.py:183} INFO - Processing /home/airflow/.local/lib/python3.11/site-packages/airflow/example_dags/example_params_trigger_ui.py took 0.163 seconds
[2024-10-19T14:24:53.251+0000] {processor.py:161} INFO - Started process (PID=762) to work on /home/airflow/.local/lib/python3.11/site-packages/airflow/example_dags/example_params_trigger_ui.py
[2024-10-19T14:24:53.253+0000] {processor.py:830} INFO - Processing file /home/airflow/.local/lib/python3.11/site-packages/airflow/example_dags/example_params_trigger_ui.py for tasks to queue
[2024-10-19T14:24:53.257+0000] {logging_mixin.py:188} INFO - [2024-10-19T14:24:53.257+0000] {dagbag.py:545} INFO - Filling up the DagBag from /home/airflow/.local/lib/python3.11/site-packages/airflow/example_dags/example_params_trigger_ui.py
[2024-10-19T14:24:53.275+0000] {processor.py:840} INFO - DAG(s) 'example_params_trigger_ui' retrieved from /home/airflow/.local/lib/python3.11/site-packages/airflow/example_dags/example_params_trigger_ui.py
[2024-10-19T14:24:53.346+0000] {logging_mixin.py:188} INFO - [2024-10-19T14:24:53.346+0000] {dag.py:3089} INFO - Sync 1 DAGs
[2024-10-19T14:24:53.372+0000] {logging_mixin.py:188} INFO - [2024-10-19T14:24:53.372+0000] {dag.py:3947} INFO - Setting next_dagrun for example_params_trigger_ui to None, run_after=None
[2024-10-19T14:24:53.407+0000] {processor.py:183} INFO - Processing /home/airflow/.local/lib/python3.11/site-packages/airflow/example_dags/example_params_trigger_ui.py took 0.166 seconds
[2024-10-19T14:25:23.910+0000] {processor.py:161} INFO - Started process (PID=820) to work on /home/airflow/.local/lib/python3.11/site-packages/airflow/example_dags/example_params_trigger_ui.py
[2024-10-19T14:25:23.911+0000] {processor.py:830} INFO - Processing file /home/airflow/.local/lib/python3.11/site-packages/airflow/example_dags/example_params_trigger_ui.py for tasks to queue
[2024-10-19T14:25:23.913+0000] {logging_mixin.py:188} INFO - [2024-10-19T14:25:23.913+0000] {dagbag.py:545} INFO - Filling up the DagBag from /home/airflow/.local/lib/python3.11/site-packages/airflow/example_dags/example_params_trigger_ui.py
[2024-10-19T14:25:23.925+0000] {processor.py:840} INFO - DAG(s) 'example_params_trigger_ui' retrieved from /home/airflow/.local/lib/python3.11/site-packages/airflow/example_dags/example_params_trigger_ui.py
[2024-10-19T14:25:23.979+0000] {logging_mixin.py:188} INFO - [2024-10-19T14:25:23.978+0000] {dag.py:3089} INFO - Sync 1 DAGs
[2024-10-19T14:25:23.994+0000] {logging_mixin.py:188} INFO - [2024-10-19T14:25:23.993+0000] {dag.py:3947} INFO - Setting next_dagrun for example_params_trigger_ui to None, run_after=None
[2024-10-19T14:25:24.027+0000] {processor.py:183} INFO - Processing /home/airflow/.local/lib/python3.11/site-packages/airflow/example_dags/example_params_trigger_ui.py took 0.124 seconds
[2024-10-19T14:25:54.400+0000] {processor.py:161} INFO - Started process (PID=880) to work on /home/airflow/.local/lib/python3.11/site-packages/airflow/example_dags/example_params_trigger_ui.py
[2024-10-19T14:25:54.401+0000] {processor.py:830} INFO - Processing file /home/airflow/.local/lib/python3.11/site-packages/airflow/example_dags/example_params_trigger_ui.py for tasks to queue
[2024-10-19T14:25:54.403+0000] {logging_mixin.py:188} INFO - [2024-10-19T14:25:54.403+0000] {dagbag.py:545} INFO - Filling up the DagBag from /home/airflow/.local/lib/python3.11/site-packages/airflow/example_dags/example_params_trigger_ui.py
[2024-10-19T14:25:54.414+0000] {processor.py:840} INFO - DAG(s) 'example_params_trigger_ui' retrieved from /home/airflow/.local/lib/python3.11/site-packages/airflow/example_dags/example_params_trigger_ui.py
[2024-10-19T14:25:54.452+0000] {logging_mixin.py:188} INFO - [2024-10-19T14:25:54.451+0000] {dag.py:3089} INFO - Sync 1 DAGs
[2024-10-19T14:25:54.462+0000] {logging_mixin.py:188} INFO - [2024-10-19T14:25:54.462+0000] {dag.py:3947} INFO - Setting next_dagrun for example_params_trigger_ui to None, run_after=None
[2024-10-19T14:25:54.478+0000] {processor.py:183} INFO - Processing /home/airflow/.local/lib/python3.11/site-packages/airflow/example_dags/example_params_trigger_ui.py took 0.084 seconds
[2024-10-19T14:26:25.368+0000] {processor.py:161} INFO - Started process (PID=941) to work on /home/airflow/.local/lib/python3.11/site-packages/airflow/example_dags/example_params_trigger_ui.py
[2024-10-19T14:26:25.369+0000] {processor.py:830} INFO - Processing file /home/airflow/.local/lib/python3.11/site-packages/airflow/example_dags/example_params_trigger_ui.py for tasks to queue
[2024-10-19T14:26:25.371+0000] {logging_mixin.py:188} INFO - [2024-10-19T14:26:25.371+0000] {dagbag.py:545} INFO - Filling up the DagBag from /home/airflow/.local/lib/python3.11/site-packages/airflow/example_dags/example_params_trigger_ui.py
[2024-10-19T14:26:25.379+0000] {processor.py:840} INFO - DAG(s) 'example_params_trigger_ui' retrieved from /home/airflow/.local/lib/python3.11/site-packages/airflow/example_dags/example_params_trigger_ui.py
[2024-10-19T14:26:25.413+0000] {logging_mixin.py:188} INFO - [2024-10-19T14:26:25.413+0000] {dag.py:3089} INFO - Sync 1 DAGs
[2024-10-19T14:26:25.424+0000] {logging_mixin.py:188} INFO - [2024-10-19T14:26:25.423+0000] {dag.py:3947} INFO - Setting next_dagrun for example_params_trigger_ui to None, run_after=None
[2024-10-19T14:26:25.439+0000] {processor.py:183} INFO - Processing /home/airflow/.local/lib/python3.11/site-packages/airflow/example_dags/example_params_trigger_ui.py took 0.076 seconds
[2024-10-19T14:26:55.478+0000] {processor.py:161} INFO - Started process (PID=1001) to work on /home/airflow/.local/lib/python3.11/site-packages/airflow/example_dags/example_params_trigger_ui.py
[2024-10-19T14:26:55.479+0000] {processor.py:830} INFO - Processing file /home/airflow/.local/lib/python3.11/site-packages/airflow/example_dags/example_params_trigger_ui.py for tasks to queue
[2024-10-19T14:26:55.481+0000] {logging_mixin.py:188} INFO - [2024-10-19T14:26:55.480+0000] {dagbag.py:545} INFO - Filling up the DagBag from /home/airflow/.local/lib/python3.11/site-packages/airflow/example_dags/example_params_trigger_ui.py
[2024-10-19T14:26:55.490+0000] {processor.py:840} INFO - DAG(s) 'example_params_trigger_ui' retrieved from /home/airflow/.local/lib/python3.11/site-packages/airflow/example_dags/example_params_trigger_ui.py
[2024-10-19T14:26:55.525+0000] {logging_mixin.py:188} INFO - [2024-10-19T14:26:55.525+0000] {dag.py:3089} INFO - Sync 1 DAGs
[2024-10-19T14:26:55.535+0000] {logging_mixin.py:188} INFO - [2024-10-19T14:26:55.535+0000] {dag.py:3947} INFO - Setting next_dagrun for example_params_trigger_ui to None, run_after=None
[2024-10-19T14:26:55.552+0000] {processor.py:183} INFO - Processing /home/airflow/.local/lib/python3.11/site-packages/airflow/example_dags/example_params_trigger_ui.py took 0.080 seconds
[2024-10-19T14:27:26.366+0000] {processor.py:161} INFO - Started process (PID=1062) to work on /home/airflow/.local/lib/python3.11/site-packages/airflow/example_dags/example_params_trigger_ui.py
[2024-10-19T14:27:26.367+0000] {processor.py:830} INFO - Processing file /home/airflow/.local/lib/python3.11/site-packages/airflow/example_dags/example_params_trigger_ui.py for tasks to queue
[2024-10-19T14:27:26.368+0000] {logging_mixin.py:188} INFO - [2024-10-19T14:27:26.368+0000] {dagbag.py:545} INFO - Filling up the DagBag from /home/airflow/.local/lib/python3.11/site-packages/airflow/example_dags/example_params_trigger_ui.py
[2024-10-19T14:27:26.376+0000] {processor.py:840} INFO - DAG(s) 'example_params_trigger_ui' retrieved from /home/airflow/.local/lib/python3.11/site-packages/airflow/example_dags/example_params_trigger_ui.py
[2024-10-19T14:27:26.418+0000] {logging_mixin.py:188} INFO - [2024-10-19T14:27:26.418+0000] {dag.py:3089} INFO - Sync 1 DAGs
[2024-10-19T14:27:26.431+0000] {logging_mixin.py:188} INFO - [2024-10-19T14:27:26.430+0000] {dag.py:3947} INFO - Setting next_dagrun for example_params_trigger_ui to None, run_after=None
[2024-10-19T14:27:26.448+0000] {processor.py:183} INFO - Processing /home/airflow/.local/lib/python3.11/site-packages/airflow/example_dags/example_params_trigger_ui.py took 0.088 seconds
[2024-10-19T14:27:57.148+0000] {processor.py:161} INFO - Started process (PID=1121) to work on /home/airflow/.local/lib/python3.11/site-packages/airflow/example_dags/example_params_trigger_ui.py
[2024-10-19T14:27:57.149+0000] {processor.py:830} INFO - Processing file /home/airflow/.local/lib/python3.11/site-packages/airflow/example_dags/example_params_trigger_ui.py for tasks to queue
[2024-10-19T14:27:57.150+0000] {logging_mixin.py:188} INFO - [2024-10-19T14:27:57.149+0000] {dagbag.py:545} INFO - Filling up the DagBag from /home/airflow/.local/lib/python3.11/site-packages/airflow/example_dags/example_params_trigger_ui.py
[2024-10-19T14:27:57.158+0000] {processor.py:840} INFO - DAG(s) 'example_params_trigger_ui' retrieved from /home/airflow/.local/lib/python3.11/site-packages/airflow/example_dags/example_params_trigger_ui.py
[2024-10-19T14:27:57.195+0000] {logging_mixin.py:188} INFO - [2024-10-19T14:27:57.194+0000] {dag.py:3089} INFO - Sync 1 DAGs
[2024-10-19T14:27:57.210+0000] {logging_mixin.py:188} INFO - [2024-10-19T14:27:57.210+0000] {dag.py:3947} INFO - Setting next_dagrun for example_params_trigger_ui to None, run_after=None
[2024-10-19T14:27:57.234+0000] {processor.py:183} INFO - Processing /home/airflow/.local/lib/python3.11/site-packages/airflow/example_dags/example_params_trigger_ui.py took 0.092 seconds
[2024-10-19T14:28:27.453+0000] {processor.py:161} INFO - Started process (PID=1180) to work on /home/airflow/.local/lib/python3.11/site-packages/airflow/example_dags/example_params_trigger_ui.py
[2024-10-19T14:28:27.454+0000] {processor.py:830} INFO - Processing file /home/airflow/.local/lib/python3.11/site-packages/airflow/example_dags/example_params_trigger_ui.py for tasks to queue
[2024-10-19T14:28:27.455+0000] {logging_mixin.py:188} INFO - [2024-10-19T14:28:27.455+0000] {dagbag.py:545} INFO - Filling up the DagBag from /home/airflow/.local/lib/python3.11/site-packages/airflow/example_dags/example_params_trigger_ui.py
[2024-10-19T14:28:27.475+0000] {processor.py:840} INFO - DAG(s) 'example_params_trigger_ui' retrieved from /home/airflow/.local/lib/python3.11/site-packages/airflow/example_dags/example_params_trigger_ui.py
[2024-10-19T14:28:27.525+0000] {logging_mixin.py:188} INFO - [2024-10-19T14:28:27.524+0000] {dag.py:3089} INFO - Sync 1 DAGs
[2024-10-19T14:28:27.540+0000] {logging_mixin.py:188} INFO - [2024-10-19T14:28:27.540+0000] {dag.py:3947} INFO - Setting next_dagrun for example_params_trigger_ui to None, run_after=None
[2024-10-19T14:28:27.564+0000] {processor.py:183} INFO - Processing /home/airflow/.local/lib/python3.11/site-packages/airflow/example_dags/example_params_trigger_ui.py took 0.118 seconds
[2024-10-19T14:28:57.651+0000] {processor.py:161} INFO - Started process (PID=1239) to work on /home/airflow/.local/lib/python3.11/site-packages/airflow/example_dags/example_params_trigger_ui.py
[2024-10-19T14:28:57.652+0000] {processor.py:830} INFO - Processing file /home/airflow/.local/lib/python3.11/site-packages/airflow/example_dags/example_params_trigger_ui.py for tasks to queue
[2024-10-19T14:28:57.653+0000] {logging_mixin.py:188} INFO - [2024-10-19T14:28:57.653+0000] {dagbag.py:545} INFO - Filling up the DagBag from /home/airflow/.local/lib/python3.11/site-packages/airflow/example_dags/example_params_trigger_ui.py
[2024-10-19T14:28:57.663+0000] {processor.py:840} INFO - DAG(s) 'example_params_trigger_ui' retrieved from /home/airflow/.local/lib/python3.11/site-packages/airflow/example_dags/example_params_trigger_ui.py
[2024-10-19T14:28:57.702+0000] {logging_mixin.py:188} INFO - [2024-10-19T14:28:57.702+0000] {dag.py:3089} INFO - Sync 1 DAGs
[2024-10-19T14:28:57.715+0000] {logging_mixin.py:188} INFO - [2024-10-19T14:28:57.715+0000] {dag.py:3947} INFO - Setting next_dagrun for example_params_trigger_ui to None, run_after=None
[2024-10-19T14:28:57.736+0000] {processor.py:183} INFO - Processing /home/airflow/.local/lib/python3.11/site-packages/airflow/example_dags/example_params_trigger_ui.py took 0.091 seconds
[2024-10-19T14:29:27.803+0000] {processor.py:161} INFO - Started process (PID=1298) to work on /home/airflow/.local/lib/python3.11/site-packages/airflow/example_dags/example_params_trigger_ui.py
[2024-10-19T14:29:27.804+0000] {processor.py:830} INFO - Processing file /home/airflow/.local/lib/python3.11/site-packages/airflow/example_dags/example_params_trigger_ui.py for tasks to queue
[2024-10-19T14:29:27.805+0000] {logging_mixin.py:188} INFO - [2024-10-19T14:29:27.805+0000] {dagbag.py:545} INFO - Filling up the DagBag from /home/airflow/.local/lib/python3.11/site-packages/airflow/example_dags/example_params_trigger_ui.py
[2024-10-19T14:29:27.813+0000] {processor.py:840} INFO - DAG(s) 'example_params_trigger_ui' retrieved from /home/airflow/.local/lib/python3.11/site-packages/airflow/example_dags/example_params_trigger_ui.py
[2024-10-19T14:29:27.846+0000] {logging_mixin.py:188} INFO - [2024-10-19T14:29:27.845+0000] {dag.py:3089} INFO - Sync 1 DAGs
[2024-10-19T14:29:27.855+0000] {logging_mixin.py:188} INFO - [2024-10-19T14:29:27.855+0000] {dag.py:3947} INFO - Setting next_dagrun for example_params_trigger_ui to None, run_after=None
[2024-10-19T14:29:27.873+0000] {processor.py:183} INFO - Processing /home/airflow/.local/lib/python3.11/site-packages/airflow/example_dags/example_params_trigger_ui.py took 0.074 seconds
[2024-10-19T14:29:58.137+0000] {processor.py:161} INFO - Started process (PID=1361) to work on /home/airflow/.local/lib/python3.11/site-packages/airflow/example_dags/example_params_trigger_ui.py
[2024-10-19T14:29:58.138+0000] {processor.py:830} INFO - Processing file /home/airflow/.local/lib/python3.11/site-packages/airflow/example_dags/example_params_trigger_ui.py for tasks to queue
[2024-10-19T14:29:58.138+0000] {logging_mixin.py:188} INFO - [2024-10-19T14:29:58.138+0000] {dagbag.py:545} INFO - Filling up the DagBag from /home/airflow/.local/lib/python3.11/site-packages/airflow/example_dags/example_params_trigger_ui.py
[2024-10-19T14:29:58.147+0000] {processor.py:840} INFO - DAG(s) 'example_params_trigger_ui' retrieved from /home/airflow/.local/lib/python3.11/site-packages/airflow/example_dags/example_params_trigger_ui.py
[2024-10-19T14:29:58.184+0000] {logging_mixin.py:188} INFO - [2024-10-19T14:29:58.183+0000] {dag.py:3089} INFO - Sync 1 DAGs
[2024-10-19T14:29:58.194+0000] {logging_mixin.py:188} INFO - [2024-10-19T14:29:58.193+0000] {dag.py:3947} INFO - Setting next_dagrun for example_params_trigger_ui to None, run_after=None
[2024-10-19T14:29:58.209+0000] {processor.py:183} INFO - Processing /home/airflow/.local/lib/python3.11/site-packages/airflow/example_dags/example_params_trigger_ui.py took 0.077 seconds
[2024-10-19T14:30:29.816+0000] {processor.py:161} INFO - Started process (PID=1452) to work on /home/airflow/.local/lib/python3.11/site-packages/airflow/example_dags/example_params_trigger_ui.py
[2024-10-19T14:30:29.829+0000] {processor.py:830} INFO - Processing file /home/airflow/.local/lib/python3.11/site-packages/airflow/example_dags/example_params_trigger_ui.py for tasks to queue
[2024-10-19T14:30:29.831+0000] {logging_mixin.py:188} INFO - [2024-10-19T14:30:29.830+0000] {dagbag.py:545} INFO - Filling up the DagBag from /home/airflow/.local/lib/python3.11/site-packages/airflow/example_dags/example_params_trigger_ui.py
[2024-10-19T14:30:29.854+0000] {processor.py:840} INFO - DAG(s) 'example_params_trigger_ui' retrieved from /home/airflow/.local/lib/python3.11/site-packages/airflow/example_dags/example_params_trigger_ui.py
[2024-10-19T14:30:29.944+0000] {logging_mixin.py:188} INFO - [2024-10-19T14:30:29.944+0000] {dag.py:3089} INFO - Sync 1 DAGs
[2024-10-19T14:30:29.965+0000] {logging_mixin.py:188} INFO - [2024-10-19T14:30:29.964+0000] {dag.py:3947} INFO - Setting next_dagrun for example_params_trigger_ui to None, run_after=None
[2024-10-19T14:30:30.041+0000] {processor.py:183} INFO - Processing /home/airflow/.local/lib/python3.11/site-packages/airflow/example_dags/example_params_trigger_ui.py took 0.232 seconds
[2024-10-19T14:31:00.118+0000] {processor.py:161} INFO - Started process (PID=1555) to work on /home/airflow/.local/lib/python3.11/site-packages/airflow/example_dags/example_params_trigger_ui.py
[2024-10-19T14:31:00.121+0000] {processor.py:830} INFO - Processing file /home/airflow/.local/lib/python3.11/site-packages/airflow/example_dags/example_params_trigger_ui.py for tasks to queue
[2024-10-19T14:31:00.122+0000] {logging_mixin.py:188} INFO - [2024-10-19T14:31:00.122+0000] {dagbag.py:545} INFO - Filling up the DagBag from /home/airflow/.local/lib/python3.11/site-packages/airflow/example_dags/example_params_trigger_ui.py
[2024-10-19T14:31:00.138+0000] {processor.py:840} INFO - DAG(s) 'example_params_trigger_ui' retrieved from /home/airflow/.local/lib/python3.11/site-packages/airflow/example_dags/example_params_trigger_ui.py
[2024-10-19T14:31:00.189+0000] {logging_mixin.py:188} INFO - [2024-10-19T14:31:00.189+0000] {dag.py:3089} INFO - Sync 1 DAGs
[2024-10-19T14:31:00.202+0000] {logging_mixin.py:188} INFO - [2024-10-19T14:31:00.202+0000] {dag.py:3947} INFO - Setting next_dagrun for example_params_trigger_ui to None, run_after=None
[2024-10-19T14:31:00.225+0000] {processor.py:183} INFO - Processing /home/airflow/.local/lib/python3.11/site-packages/airflow/example_dags/example_params_trigger_ui.py took 0.115 seconds
[2024-10-19T14:31:30.761+0000] {processor.py:161} INFO - Started process (PID=1691) to work on /home/airflow/.local/lib/python3.11/site-packages/airflow/example_dags/example_params_trigger_ui.py
[2024-10-19T14:31:30.762+0000] {processor.py:830} INFO - Processing file /home/airflow/.local/lib/python3.11/site-packages/airflow/example_dags/example_params_trigger_ui.py for tasks to queue
[2024-10-19T14:31:30.764+0000] {logging_mixin.py:188} INFO - [2024-10-19T14:31:30.763+0000] {dagbag.py:545} INFO - Filling up the DagBag from /home/airflow/.local/lib/python3.11/site-packages/airflow/example_dags/example_params_trigger_ui.py
[2024-10-19T14:31:30.776+0000] {processor.py:840} INFO - DAG(s) 'example_params_trigger_ui' retrieved from /home/airflow/.local/lib/python3.11/site-packages/airflow/example_dags/example_params_trigger_ui.py
[2024-10-19T14:31:30.824+0000] {logging_mixin.py:188} INFO - [2024-10-19T14:31:30.824+0000] {dag.py:3089} INFO - Sync 1 DAGs
[2024-10-19T14:31:30.840+0000] {logging_mixin.py:188} INFO - [2024-10-19T14:31:30.839+0000] {dag.py:3947} INFO - Setting next_dagrun for example_params_trigger_ui to None, run_after=None
[2024-10-19T14:31:30.867+0000] {processor.py:183} INFO - Processing /home/airflow/.local/lib/python3.11/site-packages/airflow/example_dags/example_params_trigger_ui.py took 0.112 seconds
[2024-10-19T14:32:00.967+0000] {processor.py:161} INFO - Started process (PID=1779) to work on /home/airflow/.local/lib/python3.11/site-packages/airflow/example_dags/example_params_trigger_ui.py
[2024-10-19T14:32:00.968+0000] {processor.py:830} INFO - Processing file /home/airflow/.local/lib/python3.11/site-packages/airflow/example_dags/example_params_trigger_ui.py for tasks to queue
[2024-10-19T14:32:00.969+0000] {logging_mixin.py:188} INFO - [2024-10-19T14:32:00.969+0000] {dagbag.py:545} INFO - Filling up the DagBag from /home/airflow/.local/lib/python3.11/site-packages/airflow/example_dags/example_params_trigger_ui.py
[2024-10-19T14:32:00.979+0000] {processor.py:840} INFO - DAG(s) 'example_params_trigger_ui' retrieved from /home/airflow/.local/lib/python3.11/site-packages/airflow/example_dags/example_params_trigger_ui.py
[2024-10-19T14:32:01.020+0000] {logging_mixin.py:188} INFO - [2024-10-19T14:32:01.020+0000] {dag.py:3089} INFO - Sync 1 DAGs
[2024-10-19T14:32:01.032+0000] {logging_mixin.py:188} INFO - [2024-10-19T14:32:01.032+0000] {dag.py:3947} INFO - Setting next_dagrun for example_params_trigger_ui to None, run_after=None
[2024-10-19T14:32:01.051+0000] {processor.py:183} INFO - Processing /home/airflow/.local/lib/python3.11/site-packages/airflow/example_dags/example_params_trigger_ui.py took 0.089 seconds
[2024-10-19T14:32:31.238+0000] {processor.py:161} INFO - Started process (PID=1838) to work on /home/airflow/.local/lib/python3.11/site-packages/airflow/example_dags/example_params_trigger_ui.py
[2024-10-19T14:32:31.239+0000] {processor.py:830} INFO - Processing file /home/airflow/.local/lib/python3.11/site-packages/airflow/example_dags/example_params_trigger_ui.py for tasks to queue
[2024-10-19T14:32:31.240+0000] {logging_mixin.py:188} INFO - [2024-10-19T14:32:31.240+0000] {dagbag.py:545} INFO - Filling up the DagBag from /home/airflow/.local/lib/python3.11/site-packages/airflow/example_dags/example_params_trigger_ui.py
[2024-10-19T14:32:31.248+0000] {processor.py:840} INFO - DAG(s) 'example_params_trigger_ui' retrieved from /home/airflow/.local/lib/python3.11/site-packages/airflow/example_dags/example_params_trigger_ui.py
[2024-10-19T14:32:31.282+0000] {logging_mixin.py:188} INFO - [2024-10-19T14:32:31.282+0000] {dag.py:3089} INFO - Sync 1 DAGs
[2024-10-19T14:32:31.292+0000] {logging_mixin.py:188} INFO - [2024-10-19T14:32:31.291+0000] {dag.py:3947} INFO - Setting next_dagrun for example_params_trigger_ui to None, run_after=None
[2024-10-19T14:32:31.308+0000] {processor.py:183} INFO - Processing /home/airflow/.local/lib/python3.11/site-packages/airflow/example_dags/example_params_trigger_ui.py took 0.074 seconds
[2024-10-19T14:33:01.883+0000] {processor.py:161} INFO - Started process (PID=1899) to work on /home/airflow/.local/lib/python3.11/site-packages/airflow/example_dags/example_params_trigger_ui.py
[2024-10-19T14:33:01.884+0000] {processor.py:830} INFO - Processing file /home/airflow/.local/lib/python3.11/site-packages/airflow/example_dags/example_params_trigger_ui.py for tasks to queue
[2024-10-19T14:33:01.885+0000] {logging_mixin.py:188} INFO - [2024-10-19T14:33:01.884+0000] {dagbag.py:545} INFO - Filling up the DagBag from /home/airflow/.local/lib/python3.11/site-packages/airflow/example_dags/example_params_trigger_ui.py
[2024-10-19T14:33:01.893+0000] {processor.py:840} INFO - DAG(s) 'example_params_trigger_ui' retrieved from /home/airflow/.local/lib/python3.11/site-packages/airflow/example_dags/example_params_trigger_ui.py
[2024-10-19T14:33:01.927+0000] {logging_mixin.py:188} INFO - [2024-10-19T14:33:01.927+0000] {dag.py:3089} INFO - Sync 1 DAGs
[2024-10-19T14:33:01.937+0000] {logging_mixin.py:188} INFO - [2024-10-19T14:33:01.937+0000] {dag.py:3947} INFO - Setting next_dagrun for example_params_trigger_ui to None, run_after=None
[2024-10-19T14:33:01.953+0000] {processor.py:183} INFO - Processing /home/airflow/.local/lib/python3.11/site-packages/airflow/example_dags/example_params_trigger_ui.py took 0.075 seconds
[2024-10-19T14:33:32.366+0000] {processor.py:161} INFO - Started process (PID=1958) to work on /home/airflow/.local/lib/python3.11/site-packages/airflow/example_dags/example_params_trigger_ui.py
[2024-10-19T14:33:32.367+0000] {processor.py:830} INFO - Processing file /home/airflow/.local/lib/python3.11/site-packages/airflow/example_dags/example_params_trigger_ui.py for tasks to queue
[2024-10-19T14:33:32.368+0000] {logging_mixin.py:188} INFO - [2024-10-19T14:33:32.368+0000] {dagbag.py:545} INFO - Filling up the DagBag from /home/airflow/.local/lib/python3.11/site-packages/airflow/example_dags/example_params_trigger_ui.py
[2024-10-19T14:33:32.376+0000] {processor.py:840} INFO - DAG(s) 'example_params_trigger_ui' retrieved from /home/airflow/.local/lib/python3.11/site-packages/airflow/example_dags/example_params_trigger_ui.py
[2024-10-19T14:33:32.411+0000] {logging_mixin.py:188} INFO - [2024-10-19T14:33:32.410+0000] {dag.py:3089} INFO - Sync 1 DAGs
[2024-10-19T14:33:32.421+0000] {logging_mixin.py:188} INFO - [2024-10-19T14:33:32.421+0000] {dag.py:3947} INFO - Setting next_dagrun for example_params_trigger_ui to None, run_after=None
[2024-10-19T14:33:32.437+0000] {processor.py:183} INFO - Processing /home/airflow/.local/lib/python3.11/site-packages/airflow/example_dags/example_params_trigger_ui.py took 0.077 seconds
[2024-10-19T14:34:02.524+0000] {processor.py:161} INFO - Started process (PID=2017) to work on /home/airflow/.local/lib/python3.11/site-packages/airflow/example_dags/example_params_trigger_ui.py
[2024-10-19T14:34:02.525+0000] {processor.py:830} INFO - Processing file /home/airflow/.local/lib/python3.11/site-packages/airflow/example_dags/example_params_trigger_ui.py for tasks to queue
[2024-10-19T14:34:02.526+0000] {logging_mixin.py:188} INFO - [2024-10-19T14:34:02.525+0000] {dagbag.py:545} INFO - Filling up the DagBag from /home/airflow/.local/lib/python3.11/site-packages/airflow/example_dags/example_params_trigger_ui.py
[2024-10-19T14:34:02.534+0000] {processor.py:840} INFO - DAG(s) 'example_params_trigger_ui' retrieved from /home/airflow/.local/lib/python3.11/site-packages/airflow/example_dags/example_params_trigger_ui.py
[2024-10-19T14:34:02.568+0000] {logging_mixin.py:188} INFO - [2024-10-19T14:34:02.568+0000] {dag.py:3089} INFO - Sync 1 DAGs
[2024-10-19T14:34:02.578+0000] {logging_mixin.py:188} INFO - [2024-10-19T14:34:02.578+0000] {dag.py:3947} INFO - Setting next_dagrun for example_params_trigger_ui to None, run_after=None
[2024-10-19T14:34:02.595+0000] {processor.py:183} INFO - Processing /home/airflow/.local/lib/python3.11/site-packages/airflow/example_dags/example_params_trigger_ui.py took 0.076 seconds
[2024-10-19T14:34:32.843+0000] {processor.py:161} INFO - Started process (PID=2076) to work on /home/airflow/.local/lib/python3.11/site-packages/airflow/example_dags/example_params_trigger_ui.py
[2024-10-19T14:34:32.844+0000] {processor.py:830} INFO - Processing file /home/airflow/.local/lib/python3.11/site-packages/airflow/example_dags/example_params_trigger_ui.py for tasks to queue
[2024-10-19T14:34:32.844+0000] {logging_mixin.py:188} INFO - [2024-10-19T14:34:32.844+0000] {dagbag.py:545} INFO - Filling up the DagBag from /home/airflow/.local/lib/python3.11/site-packages/airflow/example_dags/example_params_trigger_ui.py
[2024-10-19T14:34:32.854+0000] {processor.py:840} INFO - DAG(s) 'example_params_trigger_ui' retrieved from /home/airflow/.local/lib/python3.11/site-packages/airflow/example_dags/example_params_trigger_ui.py
[2024-10-19T14:34:32.890+0000] {logging_mixin.py:188} INFO - [2024-10-19T14:34:32.889+0000] {dag.py:3089} INFO - Sync 1 DAGs
[2024-10-19T14:34:32.900+0000] {logging_mixin.py:188} INFO - [2024-10-19T14:34:32.900+0000] {dag.py:3947} INFO - Setting next_dagrun for example_params_trigger_ui to None, run_after=None
[2024-10-19T14:34:32.922+0000] {processor.py:183} INFO - Processing /home/airflow/.local/lib/python3.11/site-packages/airflow/example_dags/example_params_trigger_ui.py took 0.085 seconds
[2024-10-19T14:35:02.994+0000] {processor.py:161} INFO - Started process (PID=2135) to work on /home/airflow/.local/lib/python3.11/site-packages/airflow/example_dags/example_params_trigger_ui.py
[2024-10-19T14:35:02.995+0000] {processor.py:830} INFO - Processing file /home/airflow/.local/lib/python3.11/site-packages/airflow/example_dags/example_params_trigger_ui.py for tasks to queue
[2024-10-19T14:35:02.996+0000] {logging_mixin.py:188} INFO - [2024-10-19T14:35:02.996+0000] {dagbag.py:545} INFO - Filling up the DagBag from /home/airflow/.local/lib/python3.11/site-packages/airflow/example_dags/example_params_trigger_ui.py
[2024-10-19T14:35:03.005+0000] {processor.py:840} INFO - DAG(s) 'example_params_trigger_ui' retrieved from /home/airflow/.local/lib/python3.11/site-packages/airflow/example_dags/example_params_trigger_ui.py
[2024-10-19T14:35:03.040+0000] {logging_mixin.py:188} INFO - [2024-10-19T14:35:03.040+0000] {dag.py:3089} INFO - Sync 1 DAGs
[2024-10-19T14:35:03.050+0000] {logging_mixin.py:188} INFO - [2024-10-19T14:35:03.050+0000] {dag.py:3947} INFO - Setting next_dagrun for example_params_trigger_ui to None, run_after=None
[2024-10-19T14:35:03.067+0000] {processor.py:183} INFO - Processing /home/airflow/.local/lib/python3.11/site-packages/airflow/example_dags/example_params_trigger_ui.py took 0.078 seconds
[2024-10-19T14:35:33.704+0000] {processor.py:161} INFO - Started process (PID=2194) to work on /home/airflow/.local/lib/python3.11/site-packages/airflow/example_dags/example_params_trigger_ui.py
[2024-10-19T14:35:33.705+0000] {processor.py:830} INFO - Processing file /home/airflow/.local/lib/python3.11/site-packages/airflow/example_dags/example_params_trigger_ui.py for tasks to queue
[2024-10-19T14:35:33.706+0000] {logging_mixin.py:188} INFO - [2024-10-19T14:35:33.706+0000] {dagbag.py:545} INFO - Filling up the DagBag from /home/airflow/.local/lib/python3.11/site-packages/airflow/example_dags/example_params_trigger_ui.py
[2024-10-19T14:35:33.714+0000] {processor.py:840} INFO - DAG(s) 'example_params_trigger_ui' retrieved from /home/airflow/.local/lib/python3.11/site-packages/airflow/example_dags/example_params_trigger_ui.py
[2024-10-19T14:35:33.748+0000] {logging_mixin.py:188} INFO - [2024-10-19T14:35:33.748+0000] {dag.py:3089} INFO - Sync 1 DAGs
[2024-10-19T14:35:33.758+0000] {logging_mixin.py:188} INFO - [2024-10-19T14:35:33.758+0000] {dag.py:3947} INFO - Setting next_dagrun for example_params_trigger_ui to None, run_after=None
[2024-10-19T14:35:33.773+0000] {processor.py:183} INFO - Processing /home/airflow/.local/lib/python3.11/site-packages/airflow/example_dags/example_params_trigger_ui.py took 0.074 seconds
[2024-10-19T14:36:04.414+0000] {processor.py:161} INFO - Started process (PID=2253) to work on /home/airflow/.local/lib/python3.11/site-packages/airflow/example_dags/example_params_trigger_ui.py
[2024-10-19T14:36:04.415+0000] {processor.py:830} INFO - Processing file /home/airflow/.local/lib/python3.11/site-packages/airflow/example_dags/example_params_trigger_ui.py for tasks to queue
[2024-10-19T14:36:04.416+0000] {logging_mixin.py:188} INFO - [2024-10-19T14:36:04.416+0000] {dagbag.py:545} INFO - Filling up the DagBag from /home/airflow/.local/lib/python3.11/site-packages/airflow/example_dags/example_params_trigger_ui.py
[2024-10-19T14:36:04.424+0000] {processor.py:840} INFO - DAG(s) 'example_params_trigger_ui' retrieved from /home/airflow/.local/lib/python3.11/site-packages/airflow/example_dags/example_params_trigger_ui.py
[2024-10-19T14:36:04.458+0000] {logging_mixin.py:188} INFO - [2024-10-19T14:36:04.458+0000] {dag.py:3089} INFO - Sync 1 DAGs
[2024-10-19T14:36:04.469+0000] {logging_mixin.py:188} INFO - [2024-10-19T14:36:04.469+0000] {dag.py:3947} INFO - Setting next_dagrun for example_params_trigger_ui to None, run_after=None
[2024-10-19T14:36:04.485+0000] {processor.py:183} INFO - Processing /home/airflow/.local/lib/python3.11/site-packages/airflow/example_dags/example_params_trigger_ui.py took 0.076 seconds
[2024-10-19T14:36:35.330+0000] {processor.py:161} INFO - Started process (PID=2312) to work on /home/airflow/.local/lib/python3.11/site-packages/airflow/example_dags/example_params_trigger_ui.py
[2024-10-19T14:36:35.331+0000] {processor.py:830} INFO - Processing file /home/airflow/.local/lib/python3.11/site-packages/airflow/example_dags/example_params_trigger_ui.py for tasks to queue
[2024-10-19T14:36:35.331+0000] {logging_mixin.py:188} INFO - [2024-10-19T14:36:35.331+0000] {dagbag.py:545} INFO - Filling up the DagBag from /home/airflow/.local/lib/python3.11/site-packages/airflow/example_dags/example_params_trigger_ui.py
[2024-10-19T14:36:35.342+0000] {processor.py:840} INFO - DAG(s) 'example_params_trigger_ui' retrieved from /home/airflow/.local/lib/python3.11/site-packages/airflow/example_dags/example_params_trigger_ui.py
[2024-10-19T14:36:35.380+0000] {logging_mixin.py:188} INFO - [2024-10-19T14:36:35.380+0000] {dag.py:3089} INFO - Sync 1 DAGs
[2024-10-19T14:36:35.392+0000] {logging_mixin.py:188} INFO - [2024-10-19T14:36:35.392+0000] {dag.py:3947} INFO - Setting next_dagrun for example_params_trigger_ui to None, run_after=None
[2024-10-19T14:36:35.415+0000] {processor.py:183} INFO - Processing /home/airflow/.local/lib/python3.11/site-packages/airflow/example_dags/example_params_trigger_ui.py took 0.092 seconds
[2024-10-19T14:37:06.199+0000] {processor.py:161} INFO - Started process (PID=2371) to work on /home/airflow/.local/lib/python3.11/site-packages/airflow/example_dags/example_params_trigger_ui.py
[2024-10-19T14:37:06.200+0000] {processor.py:830} INFO - Processing file /home/airflow/.local/lib/python3.11/site-packages/airflow/example_dags/example_params_trigger_ui.py for tasks to queue
[2024-10-19T14:37:06.201+0000] {logging_mixin.py:188} INFO - [2024-10-19T14:37:06.201+0000] {dagbag.py:545} INFO - Filling up the DagBag from /home/airflow/.local/lib/python3.11/site-packages/airflow/example_dags/example_params_trigger_ui.py
[2024-10-19T14:37:06.215+0000] {processor.py:840} INFO - DAG(s) 'example_params_trigger_ui' retrieved from /home/airflow/.local/lib/python3.11/site-packages/airflow/example_dags/example_params_trigger_ui.py
[2024-10-19T14:37:06.288+0000] {logging_mixin.py:188} INFO - [2024-10-19T14:37:06.287+0000] {dag.py:3089} INFO - Sync 1 DAGs
[2024-10-19T14:37:06.309+0000] {logging_mixin.py:188} INFO - [2024-10-19T14:37:06.308+0000] {dag.py:3947} INFO - Setting next_dagrun for example_params_trigger_ui to None, run_after=None
[2024-10-19T14:37:06.340+0000] {processor.py:183} INFO - Processing /home/airflow/.local/lib/python3.11/site-packages/airflow/example_dags/example_params_trigger_ui.py took 0.148 seconds
[2024-10-19T14:37:36.449+0000] {processor.py:161} INFO - Started process (PID=2434) to work on /home/airflow/.local/lib/python3.11/site-packages/airflow/example_dags/example_params_trigger_ui.py
[2024-10-19T14:37:36.450+0000] {processor.py:830} INFO - Processing file /home/airflow/.local/lib/python3.11/site-packages/airflow/example_dags/example_params_trigger_ui.py for tasks to queue
[2024-10-19T14:37:36.451+0000] {logging_mixin.py:188} INFO - [2024-10-19T14:37:36.451+0000] {dagbag.py:545} INFO - Filling up the DagBag from /home/airflow/.local/lib/python3.11/site-packages/airflow/example_dags/example_params_trigger_ui.py
[2024-10-19T14:37:36.460+0000] {processor.py:840} INFO - DAG(s) 'example_params_trigger_ui' retrieved from /home/airflow/.local/lib/python3.11/site-packages/airflow/example_dags/example_params_trigger_ui.py
[2024-10-19T14:37:36.494+0000] {logging_mixin.py:188} INFO - [2024-10-19T14:37:36.493+0000] {dag.py:3089} INFO - Sync 1 DAGs
[2024-10-19T14:37:36.504+0000] {logging_mixin.py:188} INFO - [2024-10-19T14:37:36.504+0000] {dag.py:3947} INFO - Setting next_dagrun for example_params_trigger_ui to None, run_after=None
[2024-10-19T14:37:36.521+0000] {processor.py:183} INFO - Processing /home/airflow/.local/lib/python3.11/site-packages/airflow/example_dags/example_params_trigger_ui.py took 0.077 seconds
[2024-10-19T14:38:06.586+0000] {processor.py:161} INFO - Started process (PID=2494) to work on /home/airflow/.local/lib/python3.11/site-packages/airflow/example_dags/example_params_trigger_ui.py
[2024-10-19T14:38:06.587+0000] {processor.py:830} INFO - Processing file /home/airflow/.local/lib/python3.11/site-packages/airflow/example_dags/example_params_trigger_ui.py for tasks to queue
[2024-10-19T14:38:06.588+0000] {logging_mixin.py:188} INFO - [2024-10-19T14:38:06.588+0000] {dagbag.py:545} INFO - Filling up the DagBag from /home/airflow/.local/lib/python3.11/site-packages/airflow/example_dags/example_params_trigger_ui.py
[2024-10-19T14:38:06.597+0000] {processor.py:840} INFO - DAG(s) 'example_params_trigger_ui' retrieved from /home/airflow/.local/lib/python3.11/site-packages/airflow/example_dags/example_params_trigger_ui.py
[2024-10-19T14:38:06.632+0000] {logging_mixin.py:188} INFO - [2024-10-19T14:38:06.632+0000] {dag.py:3089} INFO - Sync 1 DAGs
[2024-10-19T14:38:06.642+0000] {logging_mixin.py:188} INFO - [2024-10-19T14:38:06.642+0000] {dag.py:3947} INFO - Setting next_dagrun for example_params_trigger_ui to None, run_after=None
[2024-10-19T14:38:06.661+0000] {processor.py:183} INFO - Processing /home/airflow/.local/lib/python3.11/site-packages/airflow/example_dags/example_params_trigger_ui.py took 0.080 seconds
[2024-10-19T14:38:36.991+0000] {processor.py:161} INFO - Started process (PID=2554) to work on /home/airflow/.local/lib/python3.11/site-packages/airflow/example_dags/example_params_trigger_ui.py
[2024-10-19T14:38:36.992+0000] {processor.py:830} INFO - Processing file /home/airflow/.local/lib/python3.11/site-packages/airflow/example_dags/example_params_trigger_ui.py for tasks to queue
[2024-10-19T14:38:36.993+0000] {logging_mixin.py:188} INFO - [2024-10-19T14:38:36.992+0000] {dagbag.py:545} INFO - Filling up the DagBag from /home/airflow/.local/lib/python3.11/site-packages/airflow/example_dags/example_params_trigger_ui.py
[2024-10-19T14:38:37.001+0000] {processor.py:840} INFO - DAG(s) 'example_params_trigger_ui' retrieved from /home/airflow/.local/lib/python3.11/site-packages/airflow/example_dags/example_params_trigger_ui.py
[2024-10-19T14:38:37.040+0000] {logging_mixin.py:188} INFO - [2024-10-19T14:38:37.040+0000] {dag.py:3089} INFO - Sync 1 DAGs
[2024-10-19T14:38:37.053+0000] {logging_mixin.py:188} INFO - [2024-10-19T14:38:37.053+0000] {dag.py:3947} INFO - Setting next_dagrun for example_params_trigger_ui to None, run_after=None
[2024-10-19T14:38:37.075+0000] {processor.py:183} INFO - Processing /home/airflow/.local/lib/python3.11/site-packages/airflow/example_dags/example_params_trigger_ui.py took 0.089 seconds
[2024-10-19T14:39:07.215+0000] {processor.py:161} INFO - Started process (PID=2613) to work on /home/airflow/.local/lib/python3.11/site-packages/airflow/example_dags/example_params_trigger_ui.py
[2024-10-19T14:39:07.216+0000] {processor.py:830} INFO - Processing file /home/airflow/.local/lib/python3.11/site-packages/airflow/example_dags/example_params_trigger_ui.py for tasks to queue
[2024-10-19T14:39:07.217+0000] {logging_mixin.py:188} INFO - [2024-10-19T14:39:07.217+0000] {dagbag.py:545} INFO - Filling up the DagBag from /home/airflow/.local/lib/python3.11/site-packages/airflow/example_dags/example_params_trigger_ui.py
[2024-10-19T14:39:07.225+0000] {processor.py:840} INFO - DAG(s) 'example_params_trigger_ui' retrieved from /home/airflow/.local/lib/python3.11/site-packages/airflow/example_dags/example_params_trigger_ui.py
[2024-10-19T14:39:07.259+0000] {logging_mixin.py:188} INFO - [2024-10-19T14:39:07.259+0000] {dag.py:3089} INFO - Sync 1 DAGs
[2024-10-19T14:39:07.269+0000] {logging_mixin.py:188} INFO - [2024-10-19T14:39:07.269+0000] {dag.py:3947} INFO - Setting next_dagrun for example_params_trigger_ui to None, run_after=None
[2024-10-19T14:39:07.287+0000] {processor.py:183} INFO - Processing /home/airflow/.local/lib/python3.11/site-packages/airflow/example_dags/example_params_trigger_ui.py took 0.076 seconds
[2024-10-19T14:39:37.885+0000] {processor.py:161} INFO - Started process (PID=2672) to work on /home/airflow/.local/lib/python3.11/site-packages/airflow/example_dags/example_params_trigger_ui.py
[2024-10-19T14:39:37.886+0000] {processor.py:830} INFO - Processing file /home/airflow/.local/lib/python3.11/site-packages/airflow/example_dags/example_params_trigger_ui.py for tasks to queue
[2024-10-19T14:39:37.886+0000] {logging_mixin.py:188} INFO - [2024-10-19T14:39:37.886+0000] {dagbag.py:545} INFO - Filling up the DagBag from /home/airflow/.local/lib/python3.11/site-packages/airflow/example_dags/example_params_trigger_ui.py
[2024-10-19T14:39:37.895+0000] {processor.py:840} INFO - DAG(s) 'example_params_trigger_ui' retrieved from /home/airflow/.local/lib/python3.11/site-packages/airflow/example_dags/example_params_trigger_ui.py
[2024-10-19T14:39:37.929+0000] {logging_mixin.py:188} INFO - [2024-10-19T14:39:37.928+0000] {dag.py:3089} INFO - Sync 1 DAGs
[2024-10-19T14:39:37.939+0000] {logging_mixin.py:188} INFO - [2024-10-19T14:39:37.939+0000] {dag.py:3947} INFO - Setting next_dagrun for example_params_trigger_ui to None, run_after=None
[2024-10-19T14:39:37.954+0000] {processor.py:183} INFO - Processing /home/airflow/.local/lib/python3.11/site-packages/airflow/example_dags/example_params_trigger_ui.py took 0.075 seconds
[2024-10-19T14:40:08.574+0000] {processor.py:161} INFO - Started process (PID=2731) to work on /home/airflow/.local/lib/python3.11/site-packages/airflow/example_dags/example_params_trigger_ui.py
[2024-10-19T14:40:08.576+0000] {processor.py:830} INFO - Processing file /home/airflow/.local/lib/python3.11/site-packages/airflow/example_dags/example_params_trigger_ui.py for tasks to queue
[2024-10-19T14:40:08.577+0000] {logging_mixin.py:188} INFO - [2024-10-19T14:40:08.577+0000] {dagbag.py:545} INFO - Filling up the DagBag from /home/airflow/.local/lib/python3.11/site-packages/airflow/example_dags/example_params_trigger_ui.py
[2024-10-19T14:40:08.586+0000] {processor.py:840} INFO - DAG(s) 'example_params_trigger_ui' retrieved from /home/airflow/.local/lib/python3.11/site-packages/airflow/example_dags/example_params_trigger_ui.py
[2024-10-19T14:40:08.620+0000] {logging_mixin.py:188} INFO - [2024-10-19T14:40:08.620+0000] {dag.py:3089} INFO - Sync 1 DAGs
[2024-10-19T14:40:08.630+0000] {logging_mixin.py:188} INFO - [2024-10-19T14:40:08.630+0000] {dag.py:3947} INFO - Setting next_dagrun for example_params_trigger_ui to None, run_after=None
[2024-10-19T14:40:08.645+0000] {processor.py:183} INFO - Processing /home/airflow/.local/lib/python3.11/site-packages/airflow/example_dags/example_params_trigger_ui.py took 0.076 seconds
[2024-10-19T14:40:39.454+0000] {processor.py:161} INFO - Started process (PID=2790) to work on /home/airflow/.local/lib/python3.11/site-packages/airflow/example_dags/example_params_trigger_ui.py
[2024-10-19T14:40:39.455+0000] {processor.py:830} INFO - Processing file /home/airflow/.local/lib/python3.11/site-packages/airflow/example_dags/example_params_trigger_ui.py for tasks to queue
[2024-10-19T14:40:39.456+0000] {logging_mixin.py:188} INFO - [2024-10-19T14:40:39.456+0000] {dagbag.py:545} INFO - Filling up the DagBag from /home/airflow/.local/lib/python3.11/site-packages/airflow/example_dags/example_params_trigger_ui.py
[2024-10-19T14:40:39.465+0000] {processor.py:840} INFO - DAG(s) 'example_params_trigger_ui' retrieved from /home/airflow/.local/lib/python3.11/site-packages/airflow/example_dags/example_params_trigger_ui.py
[2024-10-19T14:40:39.499+0000] {logging_mixin.py:188} INFO - [2024-10-19T14:40:39.498+0000] {dag.py:3089} INFO - Sync 1 DAGs
[2024-10-19T14:40:39.509+0000] {logging_mixin.py:188} INFO - [2024-10-19T14:40:39.509+0000] {dag.py:3947} INFO - Setting next_dagrun for example_params_trigger_ui to None, run_after=None
[2024-10-19T14:40:39.524+0000] {processor.py:183} INFO - Processing /home/airflow/.local/lib/python3.11/site-packages/airflow/example_dags/example_params_trigger_ui.py took 0.075 seconds
[2024-10-19T14:41:10.139+0000] {processor.py:161} INFO - Started process (PID=2849) to work on /home/airflow/.local/lib/python3.11/site-packages/airflow/example_dags/example_params_trigger_ui.py
[2024-10-19T14:41:10.140+0000] {processor.py:830} INFO - Processing file /home/airflow/.local/lib/python3.11/site-packages/airflow/example_dags/example_params_trigger_ui.py for tasks to queue
[2024-10-19T14:41:10.141+0000] {logging_mixin.py:188} INFO - [2024-10-19T14:41:10.141+0000] {dagbag.py:545} INFO - Filling up the DagBag from /home/airflow/.local/lib/python3.11/site-packages/airflow/example_dags/example_params_trigger_ui.py
[2024-10-19T14:41:10.152+0000] {processor.py:840} INFO - DAG(s) 'example_params_trigger_ui' retrieved from /home/airflow/.local/lib/python3.11/site-packages/airflow/example_dags/example_params_trigger_ui.py
[2024-10-19T14:41:10.190+0000] {logging_mixin.py:188} INFO - [2024-10-19T14:41:10.189+0000] {dag.py:3089} INFO - Sync 1 DAGs
[2024-10-19T14:41:10.200+0000] {logging_mixin.py:188} INFO - [2024-10-19T14:41:10.200+0000] {dag.py:3947} INFO - Setting next_dagrun for example_params_trigger_ui to None, run_after=None
[2024-10-19T14:41:10.220+0000] {processor.py:183} INFO - Processing /home/airflow/.local/lib/python3.11/site-packages/airflow/example_dags/example_params_trigger_ui.py took 0.087 seconds
[2024-10-19T14:41:40.309+0000] {processor.py:161} INFO - Started process (PID=2908) to work on /home/airflow/.local/lib/python3.11/site-packages/airflow/example_dags/example_params_trigger_ui.py
[2024-10-19T14:41:40.310+0000] {processor.py:830} INFO - Processing file /home/airflow/.local/lib/python3.11/site-packages/airflow/example_dags/example_params_trigger_ui.py for tasks to queue
[2024-10-19T14:41:40.311+0000] {logging_mixin.py:188} INFO - [2024-10-19T14:41:40.311+0000] {dagbag.py:545} INFO - Filling up the DagBag from /home/airflow/.local/lib/python3.11/site-packages/airflow/example_dags/example_params_trigger_ui.py
[2024-10-19T14:41:40.322+0000] {processor.py:840} INFO - DAG(s) 'example_params_trigger_ui' retrieved from /home/airflow/.local/lib/python3.11/site-packages/airflow/example_dags/example_params_trigger_ui.py
[2024-10-19T14:41:40.361+0000] {logging_mixin.py:188} INFO - [2024-10-19T14:41:40.361+0000] {dag.py:3089} INFO - Sync 1 DAGs
[2024-10-19T14:41:40.374+0000] {logging_mixin.py:188} INFO - [2024-10-19T14:41:40.373+0000] {dag.py:3947} INFO - Setting next_dagrun for example_params_trigger_ui to None, run_after=None
[2024-10-19T14:41:40.395+0000] {processor.py:183} INFO - Processing /home/airflow/.local/lib/python3.11/site-packages/airflow/example_dags/example_params_trigger_ui.py took 0.093 seconds
[2024-10-19T14:42:11.405+0000] {processor.py:161} INFO - Started process (PID=2967) to work on /home/airflow/.local/lib/python3.11/site-packages/airflow/example_dags/example_params_trigger_ui.py
[2024-10-19T14:42:11.407+0000] {processor.py:830} INFO - Processing file /home/airflow/.local/lib/python3.11/site-packages/airflow/example_dags/example_params_trigger_ui.py for tasks to queue
[2024-10-19T14:42:11.416+0000] {logging_mixin.py:188} INFO - [2024-10-19T14:42:11.416+0000] {dagbag.py:545} INFO - Filling up the DagBag from /home/airflow/.local/lib/python3.11/site-packages/airflow/example_dags/example_params_trigger_ui.py
[2024-10-19T14:42:11.446+0000] {processor.py:840} INFO - DAG(s) 'example_params_trigger_ui' retrieved from /home/airflow/.local/lib/python3.11/site-packages/airflow/example_dags/example_params_trigger_ui.py
[2024-10-19T14:42:11.551+0000] {logging_mixin.py:188} INFO - [2024-10-19T14:42:11.551+0000] {dag.py:3089} INFO - Sync 1 DAGs
[2024-10-19T14:42:11.596+0000] {logging_mixin.py:188} INFO - [2024-10-19T14:42:11.595+0000] {dag.py:3947} INFO - Setting next_dagrun for example_params_trigger_ui to None, run_after=None
[2024-10-19T14:42:11.655+0000] {processor.py:183} INFO - Processing /home/airflow/.local/lib/python3.11/site-packages/airflow/example_dags/example_params_trigger_ui.py took 0.278 seconds
[2024-10-19T14:42:42.157+0000] {processor.py:161} INFO - Started process (PID=3026) to work on /home/airflow/.local/lib/python3.11/site-packages/airflow/example_dags/example_params_trigger_ui.py
[2024-10-19T14:42:42.158+0000] {processor.py:830} INFO - Processing file /home/airflow/.local/lib/python3.11/site-packages/airflow/example_dags/example_params_trigger_ui.py for tasks to queue
[2024-10-19T14:42:42.159+0000] {logging_mixin.py:188} INFO - [2024-10-19T14:42:42.158+0000] {dagbag.py:545} INFO - Filling up the DagBag from /home/airflow/.local/lib/python3.11/site-packages/airflow/example_dags/example_params_trigger_ui.py
[2024-10-19T14:42:42.167+0000] {processor.py:840} INFO - DAG(s) 'example_params_trigger_ui' retrieved from /home/airflow/.local/lib/python3.11/site-packages/airflow/example_dags/example_params_trigger_ui.py
[2024-10-19T14:42:42.200+0000] {logging_mixin.py:188} INFO - [2024-10-19T14:42:42.200+0000] {dag.py:3089} INFO - Sync 1 DAGs
[2024-10-19T14:42:42.210+0000] {logging_mixin.py:188} INFO - [2024-10-19T14:42:42.210+0000] {dag.py:3947} INFO - Setting next_dagrun for example_params_trigger_ui to None, run_after=None
[2024-10-19T14:42:42.227+0000] {processor.py:183} INFO - Processing /home/airflow/.local/lib/python3.11/site-packages/airflow/example_dags/example_params_trigger_ui.py took 0.075 seconds
[2024-10-19T14:43:12.911+0000] {processor.py:161} INFO - Started process (PID=3086) to work on /home/airflow/.local/lib/python3.11/site-packages/airflow/example_dags/example_params_trigger_ui.py
[2024-10-19T14:43:12.912+0000] {processor.py:830} INFO - Processing file /home/airflow/.local/lib/python3.11/site-packages/airflow/example_dags/example_params_trigger_ui.py for tasks to queue
[2024-10-19T14:43:12.913+0000] {logging_mixin.py:188} INFO - [2024-10-19T14:43:12.913+0000] {dagbag.py:545} INFO - Filling up the DagBag from /home/airflow/.local/lib/python3.11/site-packages/airflow/example_dags/example_params_trigger_ui.py
[2024-10-19T14:43:12.921+0000] {processor.py:840} INFO - DAG(s) 'example_params_trigger_ui' retrieved from /home/airflow/.local/lib/python3.11/site-packages/airflow/example_dags/example_params_trigger_ui.py
[2024-10-19T14:43:12.953+0000] {logging_mixin.py:188} INFO - [2024-10-19T14:43:12.953+0000] {dag.py:3089} INFO - Sync 1 DAGs
[2024-10-19T14:43:12.963+0000] {logging_mixin.py:188} INFO - [2024-10-19T14:43:12.962+0000] {dag.py:3947} INFO - Setting next_dagrun for example_params_trigger_ui to None, run_after=None
[2024-10-19T14:43:12.981+0000] {processor.py:183} INFO - Processing /home/airflow/.local/lib/python3.11/site-packages/airflow/example_dags/example_params_trigger_ui.py took 0.074 seconds
[2024-10-19T14:43:43.818+0000] {processor.py:161} INFO - Started process (PID=3145) to work on /home/airflow/.local/lib/python3.11/site-packages/airflow/example_dags/example_params_trigger_ui.py
[2024-10-19T14:43:43.819+0000] {processor.py:830} INFO - Processing file /home/airflow/.local/lib/python3.11/site-packages/airflow/example_dags/example_params_trigger_ui.py for tasks to queue
[2024-10-19T14:43:43.820+0000] {logging_mixin.py:188} INFO - [2024-10-19T14:43:43.820+0000] {dagbag.py:545} INFO - Filling up the DagBag from /home/airflow/.local/lib/python3.11/site-packages/airflow/example_dags/example_params_trigger_ui.py
[2024-10-19T14:43:43.828+0000] {processor.py:840} INFO - DAG(s) 'example_params_trigger_ui' retrieved from /home/airflow/.local/lib/python3.11/site-packages/airflow/example_dags/example_params_trigger_ui.py
[2024-10-19T14:43:43.860+0000] {logging_mixin.py:188} INFO - [2024-10-19T14:43:43.860+0000] {dag.py:3089} INFO - Sync 1 DAGs
[2024-10-19T14:43:43.870+0000] {logging_mixin.py:188} INFO - [2024-10-19T14:43:43.869+0000] {dag.py:3947} INFO - Setting next_dagrun for example_params_trigger_ui to None, run_after=None
[2024-10-19T14:43:43.888+0000] {processor.py:183} INFO - Processing /home/airflow/.local/lib/python3.11/site-packages/airflow/example_dags/example_params_trigger_ui.py took 0.074 seconds
[2024-10-19T14:44:14.373+0000] {processor.py:161} INFO - Started process (PID=3204) to work on /home/airflow/.local/lib/python3.11/site-packages/airflow/example_dags/example_params_trigger_ui.py
[2024-10-19T14:44:14.373+0000] {processor.py:830} INFO - Processing file /home/airflow/.local/lib/python3.11/site-packages/airflow/example_dags/example_params_trigger_ui.py for tasks to queue
[2024-10-19T14:44:14.374+0000] {logging_mixin.py:188} INFO - [2024-10-19T14:44:14.374+0000] {dagbag.py:545} INFO - Filling up the DagBag from /home/airflow/.local/lib/python3.11/site-packages/airflow/example_dags/example_params_trigger_ui.py
[2024-10-19T14:44:14.382+0000] {processor.py:840} INFO - DAG(s) 'example_params_trigger_ui' retrieved from /home/airflow/.local/lib/python3.11/site-packages/airflow/example_dags/example_params_trigger_ui.py
[2024-10-19T14:44:14.416+0000] {logging_mixin.py:188} INFO - [2024-10-19T14:44:14.416+0000] {dag.py:3089} INFO - Sync 1 DAGs
[2024-10-19T14:44:14.426+0000] {logging_mixin.py:188} INFO - [2024-10-19T14:44:14.426+0000] {dag.py:3947} INFO - Setting next_dagrun for example_params_trigger_ui to None, run_after=None
[2024-10-19T14:44:14.443+0000] {processor.py:183} INFO - Processing /home/airflow/.local/lib/python3.11/site-packages/airflow/example_dags/example_params_trigger_ui.py took 0.076 seconds
[2024-10-19T14:44:44.992+0000] {processor.py:161} INFO - Started process (PID=3263) to work on /home/airflow/.local/lib/python3.11/site-packages/airflow/example_dags/example_params_trigger_ui.py
[2024-10-19T14:44:44.993+0000] {processor.py:830} INFO - Processing file /home/airflow/.local/lib/python3.11/site-packages/airflow/example_dags/example_params_trigger_ui.py for tasks to queue
[2024-10-19T14:44:44.994+0000] {logging_mixin.py:188} INFO - [2024-10-19T14:44:44.994+0000] {dagbag.py:545} INFO - Filling up the DagBag from /home/airflow/.local/lib/python3.11/site-packages/airflow/example_dags/example_params_trigger_ui.py
[2024-10-19T14:44:45.002+0000] {processor.py:840} INFO - DAG(s) 'example_params_trigger_ui' retrieved from /home/airflow/.local/lib/python3.11/site-packages/airflow/example_dags/example_params_trigger_ui.py
[2024-10-19T14:44:45.035+0000] {logging_mixin.py:188} INFO - [2024-10-19T14:44:45.034+0000] {dag.py:3089} INFO - Sync 1 DAGs
[2024-10-19T14:44:45.044+0000] {logging_mixin.py:188} INFO - [2024-10-19T14:44:45.044+0000] {dag.py:3947} INFO - Setting next_dagrun for example_params_trigger_ui to None, run_after=None
[2024-10-19T14:44:45.061+0000] {processor.py:183} INFO - Processing /home/airflow/.local/lib/python3.11/site-packages/airflow/example_dags/example_params_trigger_ui.py took 0.073 seconds
[2024-10-19T14:45:15.270+0000] {processor.py:161} INFO - Started process (PID=3323) to work on /home/airflow/.local/lib/python3.11/site-packages/airflow/example_dags/example_params_trigger_ui.py
[2024-10-19T14:45:15.271+0000] {processor.py:830} INFO - Processing file /home/airflow/.local/lib/python3.11/site-packages/airflow/example_dags/example_params_trigger_ui.py for tasks to queue
[2024-10-19T14:45:15.272+0000] {logging_mixin.py:188} INFO - [2024-10-19T14:45:15.272+0000] {dagbag.py:545} INFO - Filling up the DagBag from /home/airflow/.local/lib/python3.11/site-packages/airflow/example_dags/example_params_trigger_ui.py
[2024-10-19T14:45:15.283+0000] {processor.py:840} INFO - DAG(s) 'example_params_trigger_ui' retrieved from /home/airflow/.local/lib/python3.11/site-packages/airflow/example_dags/example_params_trigger_ui.py
[2024-10-19T14:45:15.319+0000] {logging_mixin.py:188} INFO - [2024-10-19T14:45:15.319+0000] {dag.py:3089} INFO - Sync 1 DAGs
[2024-10-19T14:45:15.332+0000] {logging_mixin.py:188} INFO - [2024-10-19T14:45:15.331+0000] {dag.py:3947} INFO - Setting next_dagrun for example_params_trigger_ui to None, run_after=None
[2024-10-19T14:45:15.352+0000] {processor.py:183} INFO - Processing /home/airflow/.local/lib/python3.11/site-packages/airflow/example_dags/example_params_trigger_ui.py took 0.090 seconds
[2024-10-19T14:45:45.451+0000] {processor.py:161} INFO - Started process (PID=3382) to work on /home/airflow/.local/lib/python3.11/site-packages/airflow/example_dags/example_params_trigger_ui.py
[2024-10-19T14:45:45.452+0000] {processor.py:830} INFO - Processing file /home/airflow/.local/lib/python3.11/site-packages/airflow/example_dags/example_params_trigger_ui.py for tasks to queue
[2024-10-19T14:45:45.453+0000] {logging_mixin.py:188} INFO - [2024-10-19T14:45:45.452+0000] {dagbag.py:545} INFO - Filling up the DagBag from /home/airflow/.local/lib/python3.11/site-packages/airflow/example_dags/example_params_trigger_ui.py
[2024-10-19T14:45:45.463+0000] {processor.py:840} INFO - DAG(s) 'example_params_trigger_ui' retrieved from /home/airflow/.local/lib/python3.11/site-packages/airflow/example_dags/example_params_trigger_ui.py
[2024-10-19T14:45:45.498+0000] {logging_mixin.py:188} INFO - [2024-10-19T14:45:45.497+0000] {dag.py:3089} INFO - Sync 1 DAGs
[2024-10-19T14:45:45.509+0000] {logging_mixin.py:188} INFO - [2024-10-19T14:45:45.509+0000] {dag.py:3947} INFO - Setting next_dagrun for example_params_trigger_ui to None, run_after=None
[2024-10-19T14:45:45.525+0000] {processor.py:183} INFO - Processing /home/airflow/.local/lib/python3.11/site-packages/airflow/example_dags/example_params_trigger_ui.py took 0.080 seconds
[2024-10-19T14:46:15.706+0000] {processor.py:161} INFO - Started process (PID=3441) to work on /home/airflow/.local/lib/python3.11/site-packages/airflow/example_dags/example_params_trigger_ui.py
[2024-10-19T14:46:15.707+0000] {processor.py:830} INFO - Processing file /home/airflow/.local/lib/python3.11/site-packages/airflow/example_dags/example_params_trigger_ui.py for tasks to queue
[2024-10-19T14:46:15.708+0000] {logging_mixin.py:188} INFO - [2024-10-19T14:46:15.707+0000] {dagbag.py:545} INFO - Filling up the DagBag from /home/airflow/.local/lib/python3.11/site-packages/airflow/example_dags/example_params_trigger_ui.py
[2024-10-19T14:46:15.717+0000] {processor.py:840} INFO - DAG(s) 'example_params_trigger_ui' retrieved from /home/airflow/.local/lib/python3.11/site-packages/airflow/example_dags/example_params_trigger_ui.py
[2024-10-19T14:46:15.753+0000] {logging_mixin.py:188} INFO - [2024-10-19T14:46:15.753+0000] {dag.py:3089} INFO - Sync 1 DAGs
[2024-10-19T14:46:15.765+0000] {logging_mixin.py:188} INFO - [2024-10-19T14:46:15.765+0000] {dag.py:3947} INFO - Setting next_dagrun for example_params_trigger_ui to None, run_after=None
[2024-10-19T14:46:15.784+0000] {processor.py:183} INFO - Processing /home/airflow/.local/lib/python3.11/site-packages/airflow/example_dags/example_params_trigger_ui.py took 0.084 seconds
[2024-10-19T14:46:46.419+0000] {processor.py:161} INFO - Started process (PID=3501) to work on /home/airflow/.local/lib/python3.11/site-packages/airflow/example_dags/example_params_trigger_ui.py
[2024-10-19T14:46:46.420+0000] {processor.py:830} INFO - Processing file /home/airflow/.local/lib/python3.11/site-packages/airflow/example_dags/example_params_trigger_ui.py for tasks to queue
[2024-10-19T14:46:46.421+0000] {logging_mixin.py:188} INFO - [2024-10-19T14:46:46.421+0000] {dagbag.py:545} INFO - Filling up the DagBag from /home/airflow/.local/lib/python3.11/site-packages/airflow/example_dags/example_params_trigger_ui.py
[2024-10-19T14:46:46.432+0000] {processor.py:840} INFO - DAG(s) 'example_params_trigger_ui' retrieved from /home/airflow/.local/lib/python3.11/site-packages/airflow/example_dags/example_params_trigger_ui.py
[2024-10-19T14:46:46.467+0000] {logging_mixin.py:188} INFO - [2024-10-19T14:46:46.467+0000] {dag.py:3089} INFO - Sync 1 DAGs
[2024-10-19T14:46:46.477+0000] {logging_mixin.py:188} INFO - [2024-10-19T14:46:46.476+0000] {dag.py:3947} INFO - Setting next_dagrun for example_params_trigger_ui to None, run_after=None
[2024-10-19T14:46:46.493+0000] {processor.py:183} INFO - Processing /home/airflow/.local/lib/python3.11/site-packages/airflow/example_dags/example_params_trigger_ui.py took 0.080 seconds
[2024-10-19T14:47:16.635+0000] {processor.py:161} INFO - Started process (PID=3561) to work on /home/airflow/.local/lib/python3.11/site-packages/airflow/example_dags/example_params_trigger_ui.py
[2024-10-19T14:47:16.636+0000] {processor.py:830} INFO - Processing file /home/airflow/.local/lib/python3.11/site-packages/airflow/example_dags/example_params_trigger_ui.py for tasks to queue
[2024-10-19T14:47:16.637+0000] {logging_mixin.py:188} INFO - [2024-10-19T14:47:16.636+0000] {dagbag.py:545} INFO - Filling up the DagBag from /home/airflow/.local/lib/python3.11/site-packages/airflow/example_dags/example_params_trigger_ui.py
[2024-10-19T14:47:16.645+0000] {processor.py:840} INFO - DAG(s) 'example_params_trigger_ui' retrieved from /home/airflow/.local/lib/python3.11/site-packages/airflow/example_dags/example_params_trigger_ui.py
[2024-10-19T14:47:16.677+0000] {logging_mixin.py:188} INFO - [2024-10-19T14:47:16.677+0000] {dag.py:3089} INFO - Sync 1 DAGs
[2024-10-19T14:47:16.687+0000] {logging_mixin.py:188} INFO - [2024-10-19T14:47:16.687+0000] {dag.py:3947} INFO - Setting next_dagrun for example_params_trigger_ui to None, run_after=None
[2024-10-19T14:47:16.704+0000] {processor.py:183} INFO - Processing /home/airflow/.local/lib/python3.11/site-packages/airflow/example_dags/example_params_trigger_ui.py took 0.074 seconds
[2024-10-19T14:47:46.951+0000] {processor.py:161} INFO - Started process (PID=3626) to work on /home/airflow/.local/lib/python3.11/site-packages/airflow/example_dags/example_params_trigger_ui.py
[2024-10-19T14:47:46.951+0000] {processor.py:830} INFO - Processing file /home/airflow/.local/lib/python3.11/site-packages/airflow/example_dags/example_params_trigger_ui.py for tasks to queue
[2024-10-19T14:47:46.952+0000] {logging_mixin.py:188} INFO - [2024-10-19T14:47:46.952+0000] {dagbag.py:545} INFO - Filling up the DagBag from /home/airflow/.local/lib/python3.11/site-packages/airflow/example_dags/example_params_trigger_ui.py
[2024-10-19T14:47:46.961+0000] {processor.py:840} INFO - DAG(s) 'example_params_trigger_ui' retrieved from /home/airflow/.local/lib/python3.11/site-packages/airflow/example_dags/example_params_trigger_ui.py
[2024-10-19T14:47:46.996+0000] {logging_mixin.py:188} INFO - [2024-10-19T14:47:46.996+0000] {dag.py:3089} INFO - Sync 1 DAGs
[2024-10-19T14:47:47.006+0000] {logging_mixin.py:188} INFO - [2024-10-19T14:47:47.005+0000] {dag.py:3947} INFO - Setting next_dagrun for example_params_trigger_ui to None, run_after=None
[2024-10-19T14:47:47.020+0000] {processor.py:183} INFO - Processing /home/airflow/.local/lib/python3.11/site-packages/airflow/example_dags/example_params_trigger_ui.py took 0.075 seconds
[2024-10-19T14:48:17.421+0000] {processor.py:161} INFO - Started process (PID=3685) to work on /home/airflow/.local/lib/python3.11/site-packages/airflow/example_dags/example_params_trigger_ui.py
[2024-10-19T14:48:17.422+0000] {processor.py:830} INFO - Processing file /home/airflow/.local/lib/python3.11/site-packages/airflow/example_dags/example_params_trigger_ui.py for tasks to queue
[2024-10-19T14:48:17.422+0000] {logging_mixin.py:188} INFO - [2024-10-19T14:48:17.422+0000] {dagbag.py:545} INFO - Filling up the DagBag from /home/airflow/.local/lib/python3.11/site-packages/airflow/example_dags/example_params_trigger_ui.py
[2024-10-19T14:48:17.431+0000] {processor.py:840} INFO - DAG(s) 'example_params_trigger_ui' retrieved from /home/airflow/.local/lib/python3.11/site-packages/airflow/example_dags/example_params_trigger_ui.py
[2024-10-19T14:48:17.468+0000] {logging_mixin.py:188} INFO - [2024-10-19T14:48:17.468+0000] {dag.py:3089} INFO - Sync 1 DAGs
[2024-10-19T14:48:17.478+0000] {logging_mixin.py:188} INFO - [2024-10-19T14:48:17.478+0000] {dag.py:3947} INFO - Setting next_dagrun for example_params_trigger_ui to None, run_after=None
[2024-10-19T14:48:17.497+0000] {processor.py:183} INFO - Processing /home/airflow/.local/lib/python3.11/site-packages/airflow/example_dags/example_params_trigger_ui.py took 0.082 seconds
[2024-10-19T14:48:47.585+0000] {processor.py:161} INFO - Started process (PID=3744) to work on /home/airflow/.local/lib/python3.11/site-packages/airflow/example_dags/example_params_trigger_ui.py
[2024-10-19T14:48:47.586+0000] {processor.py:830} INFO - Processing file /home/airflow/.local/lib/python3.11/site-packages/airflow/example_dags/example_params_trigger_ui.py for tasks to queue
[2024-10-19T14:48:47.587+0000] {logging_mixin.py:188} INFO - [2024-10-19T14:48:47.586+0000] {dagbag.py:545} INFO - Filling up the DagBag from /home/airflow/.local/lib/python3.11/site-packages/airflow/example_dags/example_params_trigger_ui.py
[2024-10-19T14:48:47.595+0000] {processor.py:840} INFO - DAG(s) 'example_params_trigger_ui' retrieved from /home/airflow/.local/lib/python3.11/site-packages/airflow/example_dags/example_params_trigger_ui.py
[2024-10-19T14:48:47.628+0000] {logging_mixin.py:188} INFO - [2024-10-19T14:48:47.627+0000] {dag.py:3089} INFO - Sync 1 DAGs
[2024-10-19T14:48:47.637+0000] {logging_mixin.py:188} INFO - [2024-10-19T14:48:47.637+0000] {dag.py:3947} INFO - Setting next_dagrun for example_params_trigger_ui to None, run_after=None
[2024-10-19T14:48:47.655+0000] {processor.py:183} INFO - Processing /home/airflow/.local/lib/python3.11/site-packages/airflow/example_dags/example_params_trigger_ui.py took 0.075 seconds
[2024-10-19T14:49:17.779+0000] {processor.py:161} INFO - Started process (PID=3803) to work on /home/airflow/.local/lib/python3.11/site-packages/airflow/example_dags/example_params_trigger_ui.py
[2024-10-19T14:49:17.780+0000] {processor.py:830} INFO - Processing file /home/airflow/.local/lib/python3.11/site-packages/airflow/example_dags/example_params_trigger_ui.py for tasks to queue
[2024-10-19T14:49:17.780+0000] {logging_mixin.py:188} INFO - [2024-10-19T14:49:17.780+0000] {dagbag.py:545} INFO - Filling up the DagBag from /home/airflow/.local/lib/python3.11/site-packages/airflow/example_dags/example_params_trigger_ui.py
[2024-10-19T14:49:17.789+0000] {processor.py:840} INFO - DAG(s) 'example_params_trigger_ui' retrieved from /home/airflow/.local/lib/python3.11/site-packages/airflow/example_dags/example_params_trigger_ui.py
[2024-10-19T14:49:17.821+0000] {logging_mixin.py:188} INFO - [2024-10-19T14:49:17.821+0000] {dag.py:3089} INFO - Sync 1 DAGs
[2024-10-19T14:49:17.831+0000] {logging_mixin.py:188} INFO - [2024-10-19T14:49:17.831+0000] {dag.py:3947} INFO - Setting next_dagrun for example_params_trigger_ui to None, run_after=None
[2024-10-19T14:49:17.847+0000] {processor.py:183} INFO - Processing /home/airflow/.local/lib/python3.11/site-packages/airflow/example_dags/example_params_trigger_ui.py took 0.073 seconds
[2024-10-19T14:49:48.028+0000] {processor.py:161} INFO - Started process (PID=3862) to work on /home/airflow/.local/lib/python3.11/site-packages/airflow/example_dags/example_params_trigger_ui.py
[2024-10-19T14:49:48.029+0000] {processor.py:830} INFO - Processing file /home/airflow/.local/lib/python3.11/site-packages/airflow/example_dags/example_params_trigger_ui.py for tasks to queue
[2024-10-19T14:49:48.029+0000] {logging_mixin.py:188} INFO - [2024-10-19T14:49:48.029+0000] {dagbag.py:545} INFO - Filling up the DagBag from /home/airflow/.local/lib/python3.11/site-packages/airflow/example_dags/example_params_trigger_ui.py
[2024-10-19T14:49:48.038+0000] {processor.py:840} INFO - DAG(s) 'example_params_trigger_ui' retrieved from /home/airflow/.local/lib/python3.11/site-packages/airflow/example_dags/example_params_trigger_ui.py
[2024-10-19T14:49:48.072+0000] {logging_mixin.py:188} INFO - [2024-10-19T14:49:48.072+0000] {dag.py:3089} INFO - Sync 1 DAGs
[2024-10-19T14:49:48.082+0000] {logging_mixin.py:188} INFO - [2024-10-19T14:49:48.082+0000] {dag.py:3947} INFO - Setting next_dagrun for example_params_trigger_ui to None, run_after=None
[2024-10-19T14:49:48.098+0000] {processor.py:183} INFO - Processing /home/airflow/.local/lib/python3.11/site-packages/airflow/example_dags/example_params_trigger_ui.py took 0.076 seconds
[2024-10-19T14:50:18.699+0000] {processor.py:161} INFO - Started process (PID=3921) to work on /home/airflow/.local/lib/python3.11/site-packages/airflow/example_dags/example_params_trigger_ui.py
[2024-10-19T14:50:18.700+0000] {processor.py:830} INFO - Processing file /home/airflow/.local/lib/python3.11/site-packages/airflow/example_dags/example_params_trigger_ui.py for tasks to queue
[2024-10-19T14:50:18.701+0000] {logging_mixin.py:188} INFO - [2024-10-19T14:50:18.701+0000] {dagbag.py:545} INFO - Filling up the DagBag from /home/airflow/.local/lib/python3.11/site-packages/airflow/example_dags/example_params_trigger_ui.py
[2024-10-19T14:50:18.709+0000] {processor.py:840} INFO - DAG(s) 'example_params_trigger_ui' retrieved from /home/airflow/.local/lib/python3.11/site-packages/airflow/example_dags/example_params_trigger_ui.py
[2024-10-19T14:50:18.742+0000] {logging_mixin.py:188} INFO - [2024-10-19T14:50:18.742+0000] {dag.py:3089} INFO - Sync 1 DAGs
[2024-10-19T14:50:18.752+0000] {logging_mixin.py:188} INFO - [2024-10-19T14:50:18.752+0000] {dag.py:3947} INFO - Setting next_dagrun for example_params_trigger_ui to None, run_after=None
[2024-10-19T14:50:18.769+0000] {processor.py:183} INFO - Processing /home/airflow/.local/lib/python3.11/site-packages/airflow/example_dags/example_params_trigger_ui.py took 0.075 seconds
[2024-10-19T14:50:49.476+0000] {processor.py:161} INFO - Started process (PID=3980) to work on /home/airflow/.local/lib/python3.11/site-packages/airflow/example_dags/example_params_trigger_ui.py
[2024-10-19T14:50:49.477+0000] {processor.py:830} INFO - Processing file /home/airflow/.local/lib/python3.11/site-packages/airflow/example_dags/example_params_trigger_ui.py for tasks to queue
[2024-10-19T14:50:49.478+0000] {logging_mixin.py:188} INFO - [2024-10-19T14:50:49.478+0000] {dagbag.py:545} INFO - Filling up the DagBag from /home/airflow/.local/lib/python3.11/site-packages/airflow/example_dags/example_params_trigger_ui.py
[2024-10-19T14:50:49.487+0000] {processor.py:840} INFO - DAG(s) 'example_params_trigger_ui' retrieved from /home/airflow/.local/lib/python3.11/site-packages/airflow/example_dags/example_params_trigger_ui.py
[2024-10-19T14:50:49.522+0000] {logging_mixin.py:188} INFO - [2024-10-19T14:50:49.522+0000] {dag.py:3089} INFO - Sync 1 DAGs
[2024-10-19T14:50:49.532+0000] {logging_mixin.py:188} INFO - [2024-10-19T14:50:49.532+0000] {dag.py:3947} INFO - Setting next_dagrun for example_params_trigger_ui to None, run_after=None
[2024-10-19T14:50:49.550+0000] {processor.py:183} INFO - Processing /home/airflow/.local/lib/python3.11/site-packages/airflow/example_dags/example_params_trigger_ui.py took 0.079 seconds
[2024-10-19T14:51:19.586+0000] {processor.py:161} INFO - Started process (PID=4039) to work on /home/airflow/.local/lib/python3.11/site-packages/airflow/example_dags/example_params_trigger_ui.py
[2024-10-19T14:51:19.587+0000] {processor.py:830} INFO - Processing file /home/airflow/.local/lib/python3.11/site-packages/airflow/example_dags/example_params_trigger_ui.py for tasks to queue
[2024-10-19T14:51:19.588+0000] {logging_mixin.py:188} INFO - [2024-10-19T14:51:19.588+0000] {dagbag.py:545} INFO - Filling up the DagBag from /home/airflow/.local/lib/python3.11/site-packages/airflow/example_dags/example_params_trigger_ui.py
[2024-10-19T14:51:19.596+0000] {processor.py:840} INFO - DAG(s) 'example_params_trigger_ui' retrieved from /home/airflow/.local/lib/python3.11/site-packages/airflow/example_dags/example_params_trigger_ui.py
[2024-10-19T14:51:19.629+0000] {logging_mixin.py:188} INFO - [2024-10-19T14:51:19.629+0000] {dag.py:3089} INFO - Sync 1 DAGs
[2024-10-19T14:51:19.639+0000] {logging_mixin.py:188} INFO - [2024-10-19T14:51:19.639+0000] {dag.py:3947} INFO - Setting next_dagrun for example_params_trigger_ui to None, run_after=None
[2024-10-19T14:51:19.656+0000] {processor.py:183} INFO - Processing /home/airflow/.local/lib/python3.11/site-packages/airflow/example_dags/example_params_trigger_ui.py took 0.075 seconds
[2024-10-19T14:51:50.348+0000] {processor.py:161} INFO - Started process (PID=4098) to work on /home/airflow/.local/lib/python3.11/site-packages/airflow/example_dags/example_params_trigger_ui.py
[2024-10-19T14:51:50.349+0000] {processor.py:830} INFO - Processing file /home/airflow/.local/lib/python3.11/site-packages/airflow/example_dags/example_params_trigger_ui.py for tasks to queue
[2024-10-19T14:51:50.349+0000] {logging_mixin.py:188} INFO - [2024-10-19T14:51:50.349+0000] {dagbag.py:545} INFO - Filling up the DagBag from /home/airflow/.local/lib/python3.11/site-packages/airflow/example_dags/example_params_trigger_ui.py
[2024-10-19T14:51:50.357+0000] {processor.py:840} INFO - DAG(s) 'example_params_trigger_ui' retrieved from /home/airflow/.local/lib/python3.11/site-packages/airflow/example_dags/example_params_trigger_ui.py
[2024-10-19T14:51:50.392+0000] {logging_mixin.py:188} INFO - [2024-10-19T14:51:50.391+0000] {dag.py:3089} INFO - Sync 1 DAGs
[2024-10-19T14:51:50.403+0000] {logging_mixin.py:188} INFO - [2024-10-19T14:51:50.403+0000] {dag.py:3947} INFO - Setting next_dagrun for example_params_trigger_ui to None, run_after=None
[2024-10-19T14:51:50.419+0000] {processor.py:183} INFO - Processing /home/airflow/.local/lib/python3.11/site-packages/airflow/example_dags/example_params_trigger_ui.py took 0.076 seconds
