[2024-10-19T14:18:41.652+0000] {processor.py:161} INFO - Started process (PID=48) to work on /home/airflow/.local/lib/python3.11/site-packages/airflow/example_dags/example_branch_operator.py
[2024-10-19T14:18:41.653+0000] {processor.py:830} INFO - Processing file /home/airflow/.local/lib/python3.11/site-packages/airflow/example_dags/example_branch_operator.py for tasks to queue
[2024-10-19T14:18:41.657+0000] {logging_mixin.py:188} INFO - [2024-10-19T14:18:41.657+0000] {dagbag.py:545} INFO - Filling up the DagBag from /home/airflow/.local/lib/python3.11/site-packages/airflow/example_dags/example_branch_operator.py
[2024-10-19T14:18:41.725+0000] {processor.py:840} INFO - DAG(s) 'example_branch_operator' retrieved from /home/airflow/.local/lib/python3.11/site-packages/airflow/example_dags/example_branch_operator.py
[2024-10-19T14:18:42.227+0000] {logging_mixin.py:188} INFO - [2024-10-19T14:18:42.226+0000] {override.py:1858} INFO - Created Permission View: can edit on DAG:example_branch_operator
[2024-10-19T14:18:42.237+0000] {logging_mixin.py:188} INFO - [2024-10-19T14:18:42.236+0000] {override.py:1858} INFO - Created Permission View: can delete on DAG:example_branch_operator
[2024-10-19T14:18:42.243+0000] {logging_mixin.py:188} INFO - [2024-10-19T14:18:42.243+0000] {override.py:1858} INFO - Created Permission View: can read on DAG:example_branch_operator
[2024-10-19T14:18:42.245+0000] {logging_mixin.py:188} INFO - [2024-10-19T14:18:42.244+0000] {dag.py:3089} INFO - Sync 1 DAGs
[2024-10-19T14:18:42.260+0000] {logging_mixin.py:188} INFO - [2024-10-19T14:18:42.260+0000] {dag.py:3111} INFO - Creating ORM DAG for example_branch_operator
[2024-10-19T14:18:42.271+0000] {logging_mixin.py:188} INFO - [2024-10-19T14:18:42.271+0000] {dag.py:3947} INFO - Setting next_dagrun for example_branch_operator to 2024-10-18 00:00:00+00:00, run_after=2024-10-19 00:00:00+00:00
[2024-10-19T14:18:42.296+0000] {processor.py:183} INFO - Processing /home/airflow/.local/lib/python3.11/site-packages/airflow/example_dags/example_branch_operator.py took 0.657 seconds
[2024-10-19T14:19:12.412+0000] {processor.py:161} INFO - Started process (PID=105) to work on /home/airflow/.local/lib/python3.11/site-packages/airflow/example_dags/example_branch_operator.py
[2024-10-19T14:19:12.415+0000] {processor.py:830} INFO - Processing file /home/airflow/.local/lib/python3.11/site-packages/airflow/example_dags/example_branch_operator.py for tasks to queue
[2024-10-19T14:19:12.419+0000] {logging_mixin.py:188} INFO - [2024-10-19T14:19:12.419+0000] {dagbag.py:545} INFO - Filling up the DagBag from /home/airflow/.local/lib/python3.11/site-packages/airflow/example_dags/example_branch_operator.py
[2024-10-19T14:19:12.453+0000] {processor.py:840} INFO - DAG(s) 'example_branch_operator' retrieved from /home/airflow/.local/lib/python3.11/site-packages/airflow/example_dags/example_branch_operator.py
[2024-10-19T14:19:12.484+0000] {logging_mixin.py:188} INFO - [2024-10-19T14:19:12.483+0000] {dag.py:3089} INFO - Sync 1 DAGs
[2024-10-19T14:19:12.510+0000] {logging_mixin.py:188} INFO - [2024-10-19T14:19:12.510+0000] {dag.py:3947} INFO - Setting next_dagrun for example_branch_operator to 2024-10-18 00:00:00+00:00, run_after=2024-10-19 00:00:00+00:00
[2024-10-19T14:19:12.528+0000] {processor.py:183} INFO - Processing /home/airflow/.local/lib/python3.11/site-packages/airflow/example_dags/example_branch_operator.py took 0.132 seconds
[2024-10-19T14:19:43.060+0000] {processor.py:161} INFO - Started process (PID=163) to work on /home/airflow/.local/lib/python3.11/site-packages/airflow/example_dags/example_branch_operator.py
[2024-10-19T14:19:43.062+0000] {processor.py:830} INFO - Processing file /home/airflow/.local/lib/python3.11/site-packages/airflow/example_dags/example_branch_operator.py for tasks to queue
[2024-10-19T14:19:43.068+0000] {logging_mixin.py:188} INFO - [2024-10-19T14:19:43.067+0000] {dagbag.py:545} INFO - Filling up the DagBag from /home/airflow/.local/lib/python3.11/site-packages/airflow/example_dags/example_branch_operator.py
[2024-10-19T14:19:43.098+0000] {processor.py:840} INFO - DAG(s) 'example_branch_operator' retrieved from /home/airflow/.local/lib/python3.11/site-packages/airflow/example_dags/example_branch_operator.py
[2024-10-19T14:19:43.140+0000] {logging_mixin.py:188} INFO - [2024-10-19T14:19:43.139+0000] {dag.py:3089} INFO - Sync 1 DAGs
[2024-10-19T14:19:43.179+0000] {logging_mixin.py:188} INFO - [2024-10-19T14:19:43.178+0000] {dag.py:3947} INFO - Setting next_dagrun for example_branch_operator to 2024-10-18 00:00:00+00:00, run_after=2024-10-19 00:00:00+00:00
[2024-10-19T14:19:43.204+0000] {processor.py:183} INFO - Processing /home/airflow/.local/lib/python3.11/site-packages/airflow/example_dags/example_branch_operator.py took 0.154 seconds
[2024-10-19T14:20:14.036+0000] {processor.py:161} INFO - Started process (PID=221) to work on /home/airflow/.local/lib/python3.11/site-packages/airflow/example_dags/example_branch_operator.py
[2024-10-19T14:20:14.036+0000] {processor.py:830} INFO - Processing file /home/airflow/.local/lib/python3.11/site-packages/airflow/example_dags/example_branch_operator.py for tasks to queue
[2024-10-19T14:20:14.038+0000] {logging_mixin.py:188} INFO - [2024-10-19T14:20:14.038+0000] {dagbag.py:545} INFO - Filling up the DagBag from /home/airflow/.local/lib/python3.11/site-packages/airflow/example_dags/example_branch_operator.py
[2024-10-19T14:20:14.053+0000] {processor.py:840} INFO - DAG(s) 'example_branch_operator' retrieved from /home/airflow/.local/lib/python3.11/site-packages/airflow/example_dags/example_branch_operator.py
[2024-10-19T14:20:14.076+0000] {logging_mixin.py:188} INFO - [2024-10-19T14:20:14.075+0000] {dag.py:3089} INFO - Sync 1 DAGs
[2024-10-19T14:20:14.097+0000] {logging_mixin.py:188} INFO - [2024-10-19T14:20:14.097+0000] {dag.py:3947} INFO - Setting next_dagrun for example_branch_operator to 2024-10-18 00:00:00+00:00, run_after=2024-10-19 00:00:00+00:00
[2024-10-19T14:20:14.117+0000] {processor.py:183} INFO - Processing /home/airflow/.local/lib/python3.11/site-packages/airflow/example_dags/example_branch_operator.py took 0.087 seconds
[2024-10-19T14:20:44.705+0000] {processor.py:161} INFO - Started process (PID=285) to work on /home/airflow/.local/lib/python3.11/site-packages/airflow/example_dags/example_branch_operator.py
[2024-10-19T14:20:44.706+0000] {processor.py:830} INFO - Processing file /home/airflow/.local/lib/python3.11/site-packages/airflow/example_dags/example_branch_operator.py for tasks to queue
[2024-10-19T14:20:44.708+0000] {logging_mixin.py:188} INFO - [2024-10-19T14:20:44.708+0000] {dagbag.py:545} INFO - Filling up the DagBag from /home/airflow/.local/lib/python3.11/site-packages/airflow/example_dags/example_branch_operator.py
[2024-10-19T14:20:44.723+0000] {processor.py:840} INFO - DAG(s) 'example_branch_operator' retrieved from /home/airflow/.local/lib/python3.11/site-packages/airflow/example_dags/example_branch_operator.py
[2024-10-19T14:20:44.745+0000] {logging_mixin.py:188} INFO - [2024-10-19T14:20:44.745+0000] {dag.py:3089} INFO - Sync 1 DAGs
[2024-10-19T14:20:44.764+0000] {logging_mixin.py:188} INFO - [2024-10-19T14:20:44.764+0000] {dag.py:3947} INFO - Setting next_dagrun for example_branch_operator to 2024-10-18 00:00:00+00:00, run_after=2024-10-19 00:00:00+00:00
[2024-10-19T14:20:44.781+0000] {processor.py:183} INFO - Processing /home/airflow/.local/lib/python3.11/site-packages/airflow/example_dags/example_branch_operator.py took 0.082 seconds
[2024-10-19T14:21:14.906+0000] {processor.py:161} INFO - Started process (PID=343) to work on /home/airflow/.local/lib/python3.11/site-packages/airflow/example_dags/example_branch_operator.py
[2024-10-19T14:21:14.907+0000] {processor.py:830} INFO - Processing file /home/airflow/.local/lib/python3.11/site-packages/airflow/example_dags/example_branch_operator.py for tasks to queue
[2024-10-19T14:21:14.911+0000] {logging_mixin.py:188} INFO - [2024-10-19T14:21:14.910+0000] {dagbag.py:545} INFO - Filling up the DagBag from /home/airflow/.local/lib/python3.11/site-packages/airflow/example_dags/example_branch_operator.py
[2024-10-19T14:21:14.934+0000] {processor.py:840} INFO - DAG(s) 'example_branch_operator' retrieved from /home/airflow/.local/lib/python3.11/site-packages/airflow/example_dags/example_branch_operator.py
[2024-10-19T14:21:14.972+0000] {logging_mixin.py:188} INFO - [2024-10-19T14:21:14.971+0000] {dag.py:3089} INFO - Sync 1 DAGs
[2024-10-19T14:21:14.995+0000] {logging_mixin.py:188} INFO - [2024-10-19T14:21:14.994+0000] {dag.py:3947} INFO - Setting next_dagrun for example_branch_operator to 2024-10-18 00:00:00+00:00, run_after=2024-10-19 00:00:00+00:00
[2024-10-19T14:21:15.015+0000] {processor.py:183} INFO - Processing /home/airflow/.local/lib/python3.11/site-packages/airflow/example_dags/example_branch_operator.py took 0.119 seconds
[2024-10-19T14:21:45.667+0000] {processor.py:161} INFO - Started process (PID=401) to work on /home/airflow/.local/lib/python3.11/site-packages/airflow/example_dags/example_branch_operator.py
[2024-10-19T14:21:45.668+0000] {processor.py:830} INFO - Processing file /home/airflow/.local/lib/python3.11/site-packages/airflow/example_dags/example_branch_operator.py for tasks to queue
[2024-10-19T14:21:45.671+0000] {logging_mixin.py:188} INFO - [2024-10-19T14:21:45.670+0000] {dagbag.py:545} INFO - Filling up the DagBag from /home/airflow/.local/lib/python3.11/site-packages/airflow/example_dags/example_branch_operator.py
[2024-10-19T14:21:45.694+0000] {processor.py:840} INFO - DAG(s) 'example_branch_operator' retrieved from /home/airflow/.local/lib/python3.11/site-packages/airflow/example_dags/example_branch_operator.py
[2024-10-19T14:21:45.731+0000] {logging_mixin.py:188} INFO - [2024-10-19T14:21:45.730+0000] {dag.py:3089} INFO - Sync 1 DAGs
[2024-10-19T14:21:45.759+0000] {logging_mixin.py:188} INFO - [2024-10-19T14:21:45.758+0000] {dag.py:3947} INFO - Setting next_dagrun for example_branch_operator to 2024-10-18 00:00:00+00:00, run_after=2024-10-19 00:00:00+00:00
[2024-10-19T14:21:45.788+0000] {processor.py:183} INFO - Processing /home/airflow/.local/lib/python3.11/site-packages/airflow/example_dags/example_branch_operator.py took 0.128 seconds
[2024-10-19T14:22:15.867+0000] {processor.py:161} INFO - Started process (PID=459) to work on /home/airflow/.local/lib/python3.11/site-packages/airflow/example_dags/example_branch_operator.py
[2024-10-19T14:22:15.868+0000] {processor.py:830} INFO - Processing file /home/airflow/.local/lib/python3.11/site-packages/airflow/example_dags/example_branch_operator.py for tasks to queue
[2024-10-19T14:22:15.870+0000] {logging_mixin.py:188} INFO - [2024-10-19T14:22:15.870+0000] {dagbag.py:545} INFO - Filling up the DagBag from /home/airflow/.local/lib/python3.11/site-packages/airflow/example_dags/example_branch_operator.py
[2024-10-19T14:22:15.885+0000] {processor.py:840} INFO - DAG(s) 'example_branch_operator' retrieved from /home/airflow/.local/lib/python3.11/site-packages/airflow/example_dags/example_branch_operator.py
[2024-10-19T14:22:15.909+0000] {logging_mixin.py:188} INFO - [2024-10-19T14:22:15.908+0000] {dag.py:3089} INFO - Sync 1 DAGs
[2024-10-19T14:22:15.927+0000] {logging_mixin.py:188} INFO - [2024-10-19T14:22:15.927+0000] {dag.py:3947} INFO - Setting next_dagrun for example_branch_operator to 2024-10-18 00:00:00+00:00, run_after=2024-10-19 00:00:00+00:00
[2024-10-19T14:22:15.944+0000] {processor.py:183} INFO - Processing /home/airflow/.local/lib/python3.11/site-packages/airflow/example_dags/example_branch_operator.py took 0.082 seconds
[2024-10-19T14:22:46.690+0000] {processor.py:161} INFO - Started process (PID=517) to work on /home/airflow/.local/lib/python3.11/site-packages/airflow/example_dags/example_branch_operator.py
[2024-10-19T14:22:46.691+0000] {processor.py:830} INFO - Processing file /home/airflow/.local/lib/python3.11/site-packages/airflow/example_dags/example_branch_operator.py for tasks to queue
[2024-10-19T14:22:46.692+0000] {logging_mixin.py:188} INFO - [2024-10-19T14:22:46.692+0000] {dagbag.py:545} INFO - Filling up the DagBag from /home/airflow/.local/lib/python3.11/site-packages/airflow/example_dags/example_branch_operator.py
[2024-10-19T14:22:46.708+0000] {processor.py:840} INFO - DAG(s) 'example_branch_operator' retrieved from /home/airflow/.local/lib/python3.11/site-packages/airflow/example_dags/example_branch_operator.py
[2024-10-19T14:22:46.739+0000] {logging_mixin.py:188} INFO - [2024-10-19T14:22:46.738+0000] {dag.py:3089} INFO - Sync 1 DAGs
[2024-10-19T14:22:46.761+0000] {logging_mixin.py:188} INFO - [2024-10-19T14:22:46.761+0000] {dag.py:3947} INFO - Setting next_dagrun for example_branch_operator to 2024-10-18 00:00:00+00:00, run_after=2024-10-19 00:00:00+00:00
[2024-10-19T14:22:46.779+0000] {processor.py:183} INFO - Processing /home/airflow/.local/lib/python3.11/site-packages/airflow/example_dags/example_branch_operator.py took 0.094 seconds
[2024-10-19T14:23:17.397+0000] {processor.py:161} INFO - Started process (PID=575) to work on /home/airflow/.local/lib/python3.11/site-packages/airflow/example_dags/example_branch_operator.py
[2024-10-19T14:23:17.398+0000] {processor.py:830} INFO - Processing file /home/airflow/.local/lib/python3.11/site-packages/airflow/example_dags/example_branch_operator.py for tasks to queue
[2024-10-19T14:23:17.399+0000] {logging_mixin.py:188} INFO - [2024-10-19T14:23:17.399+0000] {dagbag.py:545} INFO - Filling up the DagBag from /home/airflow/.local/lib/python3.11/site-packages/airflow/example_dags/example_branch_operator.py
[2024-10-19T14:23:17.412+0000] {processor.py:840} INFO - DAG(s) 'example_branch_operator' retrieved from /home/airflow/.local/lib/python3.11/site-packages/airflow/example_dags/example_branch_operator.py
[2024-10-19T14:23:17.434+0000] {logging_mixin.py:188} INFO - [2024-10-19T14:23:17.434+0000] {dag.py:3089} INFO - Sync 1 DAGs
[2024-10-19T14:23:17.450+0000] {logging_mixin.py:188} INFO - [2024-10-19T14:23:17.450+0000] {dag.py:3947} INFO - Setting next_dagrun for example_branch_operator to 2024-10-18 00:00:00+00:00, run_after=2024-10-19 00:00:00+00:00
[2024-10-19T14:23:17.467+0000] {processor.py:183} INFO - Processing /home/airflow/.local/lib/python3.11/site-packages/airflow/example_dags/example_branch_operator.py took 0.075 seconds
[2024-10-19T14:23:48.279+0000] {processor.py:161} INFO - Started process (PID=634) to work on /home/airflow/.local/lib/python3.11/site-packages/airflow/example_dags/example_branch_operator.py
[2024-10-19T14:23:48.279+0000] {processor.py:830} INFO - Processing file /home/airflow/.local/lib/python3.11/site-packages/airflow/example_dags/example_branch_operator.py for tasks to queue
[2024-10-19T14:23:48.281+0000] {logging_mixin.py:188} INFO - [2024-10-19T14:23:48.281+0000] {dagbag.py:545} INFO - Filling up the DagBag from /home/airflow/.local/lib/python3.11/site-packages/airflow/example_dags/example_branch_operator.py
[2024-10-19T14:23:48.296+0000] {processor.py:840} INFO - DAG(s) 'example_branch_operator' retrieved from /home/airflow/.local/lib/python3.11/site-packages/airflow/example_dags/example_branch_operator.py
[2024-10-19T14:23:48.321+0000] {logging_mixin.py:188} INFO - [2024-10-19T14:23:48.320+0000] {dag.py:3089} INFO - Sync 1 DAGs
[2024-10-19T14:23:48.341+0000] {logging_mixin.py:188} INFO - [2024-10-19T14:23:48.341+0000] {dag.py:3947} INFO - Setting next_dagrun for example_branch_operator to 2024-10-18 00:00:00+00:00, run_after=2024-10-19 00:00:00+00:00
[2024-10-19T14:23:48.361+0000] {processor.py:183} INFO - Processing /home/airflow/.local/lib/python3.11/site-packages/airflow/example_dags/example_branch_operator.py took 0.088 seconds
[2024-10-19T14:24:18.863+0000] {processor.py:161} INFO - Started process (PID=693) to work on /home/airflow/.local/lib/python3.11/site-packages/airflow/example_dags/example_branch_operator.py
[2024-10-19T14:24:18.885+0000] {processor.py:830} INFO - Processing file /home/airflow/.local/lib/python3.11/site-packages/airflow/example_dags/example_branch_operator.py for tasks to queue
[2024-10-19T14:24:18.896+0000] {logging_mixin.py:188} INFO - [2024-10-19T14:24:18.895+0000] {dagbag.py:545} INFO - Filling up the DagBag from /home/airflow/.local/lib/python3.11/site-packages/airflow/example_dags/example_branch_operator.py
[2024-10-19T14:24:18.949+0000] {processor.py:840} INFO - DAG(s) 'example_branch_operator' retrieved from /home/airflow/.local/lib/python3.11/site-packages/airflow/example_dags/example_branch_operator.py
[2024-10-19T14:24:19.024+0000] {logging_mixin.py:188} INFO - [2024-10-19T14:24:19.023+0000] {dag.py:3089} INFO - Sync 1 DAGs
[2024-10-19T14:24:19.087+0000] {logging_mixin.py:188} INFO - [2024-10-19T14:24:19.086+0000] {dag.py:3947} INFO - Setting next_dagrun for example_branch_operator to 2024-10-18 00:00:00+00:00, run_after=2024-10-19 00:00:00+00:00
[2024-10-19T14:24:19.129+0000] {processor.py:183} INFO - Processing /home/airflow/.local/lib/python3.11/site-packages/airflow/example_dags/example_branch_operator.py took 0.294 seconds
[2024-10-19T14:24:49.275+0000] {processor.py:161} INFO - Started process (PID=752) to work on /home/airflow/.local/lib/python3.11/site-packages/airflow/example_dags/example_branch_operator.py
[2024-10-19T14:24:49.276+0000] {processor.py:830} INFO - Processing file /home/airflow/.local/lib/python3.11/site-packages/airflow/example_dags/example_branch_operator.py for tasks to queue
[2024-10-19T14:24:49.278+0000] {logging_mixin.py:188} INFO - [2024-10-19T14:24:49.278+0000] {dagbag.py:545} INFO - Filling up the DagBag from /home/airflow/.local/lib/python3.11/site-packages/airflow/example_dags/example_branch_operator.py
[2024-10-19T14:24:49.293+0000] {processor.py:840} INFO - DAG(s) 'example_branch_operator' retrieved from /home/airflow/.local/lib/python3.11/site-packages/airflow/example_dags/example_branch_operator.py
[2024-10-19T14:24:49.324+0000] {logging_mixin.py:188} INFO - [2024-10-19T14:24:49.324+0000] {dag.py:3089} INFO - Sync 1 DAGs
[2024-10-19T14:24:49.348+0000] {logging_mixin.py:188} INFO - [2024-10-19T14:24:49.347+0000] {dag.py:3947} INFO - Setting next_dagrun for example_branch_operator to 2024-10-18 00:00:00+00:00, run_after=2024-10-19 00:00:00+00:00
[2024-10-19T14:24:49.373+0000] {processor.py:183} INFO - Processing /home/airflow/.local/lib/python3.11/site-packages/airflow/example_dags/example_branch_operator.py took 0.103 seconds
[2024-10-19T14:25:20.006+0000] {processor.py:161} INFO - Started process (PID=810) to work on /home/airflow/.local/lib/python3.11/site-packages/airflow/example_dags/example_branch_operator.py
[2024-10-19T14:25:20.007+0000] {processor.py:830} INFO - Processing file /home/airflow/.local/lib/python3.11/site-packages/airflow/example_dags/example_branch_operator.py for tasks to queue
[2024-10-19T14:25:20.009+0000] {logging_mixin.py:188} INFO - [2024-10-19T14:25:20.009+0000] {dagbag.py:545} INFO - Filling up the DagBag from /home/airflow/.local/lib/python3.11/site-packages/airflow/example_dags/example_branch_operator.py
[2024-10-19T14:25:20.024+0000] {processor.py:840} INFO - DAG(s) 'example_branch_operator' retrieved from /home/airflow/.local/lib/python3.11/site-packages/airflow/example_dags/example_branch_operator.py
[2024-10-19T14:25:20.047+0000] {logging_mixin.py:188} INFO - [2024-10-19T14:25:20.046+0000] {dag.py:3089} INFO - Sync 1 DAGs
[2024-10-19T14:25:20.066+0000] {logging_mixin.py:188} INFO - [2024-10-19T14:25:20.066+0000] {dag.py:3947} INFO - Setting next_dagrun for example_branch_operator to 2024-10-18 00:00:00+00:00, run_after=2024-10-19 00:00:00+00:00
[2024-10-19T14:25:20.083+0000] {processor.py:183} INFO - Processing /home/airflow/.local/lib/python3.11/site-packages/airflow/example_dags/example_branch_operator.py took 0.082 seconds
[2024-10-19T14:25:50.590+0000] {processor.py:161} INFO - Started process (PID=869) to work on /home/airflow/.local/lib/python3.11/site-packages/airflow/example_dags/example_branch_operator.py
[2024-10-19T14:25:50.595+0000] {processor.py:830} INFO - Processing file /home/airflow/.local/lib/python3.11/site-packages/airflow/example_dags/example_branch_operator.py for tasks to queue
[2024-10-19T14:25:50.599+0000] {logging_mixin.py:188} INFO - [2024-10-19T14:25:50.598+0000] {dagbag.py:545} INFO - Filling up the DagBag from /home/airflow/.local/lib/python3.11/site-packages/airflow/example_dags/example_branch_operator.py
[2024-10-19T14:25:50.652+0000] {processor.py:840} INFO - DAG(s) 'example_branch_operator' retrieved from /home/airflow/.local/lib/python3.11/site-packages/airflow/example_dags/example_branch_operator.py
[2024-10-19T14:25:50.695+0000] {logging_mixin.py:188} INFO - [2024-10-19T14:25:50.695+0000] {dag.py:3089} INFO - Sync 1 DAGs
[2024-10-19T14:25:50.728+0000] {logging_mixin.py:188} INFO - [2024-10-19T14:25:50.728+0000] {dag.py:3947} INFO - Setting next_dagrun for example_branch_operator to 2024-10-18 00:00:00+00:00, run_after=2024-10-19 00:00:00+00:00
[2024-10-19T14:25:50.756+0000] {processor.py:183} INFO - Processing /home/airflow/.local/lib/python3.11/site-packages/airflow/example_dags/example_branch_operator.py took 0.174 seconds
[2024-10-19T14:26:21.762+0000] {processor.py:161} INFO - Started process (PID=931) to work on /home/airflow/.local/lib/python3.11/site-packages/airflow/example_dags/example_branch_operator.py
[2024-10-19T14:26:21.763+0000] {processor.py:830} INFO - Processing file /home/airflow/.local/lib/python3.11/site-packages/airflow/example_dags/example_branch_operator.py for tasks to queue
[2024-10-19T14:26:21.765+0000] {logging_mixin.py:188} INFO - [2024-10-19T14:26:21.765+0000] {dagbag.py:545} INFO - Filling up the DagBag from /home/airflow/.local/lib/python3.11/site-packages/airflow/example_dags/example_branch_operator.py
[2024-10-19T14:26:21.781+0000] {processor.py:840} INFO - DAG(s) 'example_branch_operator' retrieved from /home/airflow/.local/lib/python3.11/site-packages/airflow/example_dags/example_branch_operator.py
[2024-10-19T14:26:21.806+0000] {logging_mixin.py:188} INFO - [2024-10-19T14:26:21.806+0000] {dag.py:3089} INFO - Sync 1 DAGs
[2024-10-19T14:26:21.828+0000] {logging_mixin.py:188} INFO - [2024-10-19T14:26:21.828+0000] {dag.py:3947} INFO - Setting next_dagrun for example_branch_operator to 2024-10-18 00:00:00+00:00, run_after=2024-10-19 00:00:00+00:00
[2024-10-19T14:26:21.850+0000] {processor.py:183} INFO - Processing /home/airflow/.local/lib/python3.11/site-packages/airflow/example_dags/example_branch_operator.py took 0.093 seconds
[2024-10-19T14:26:51.961+0000] {processor.py:161} INFO - Started process (PID=991) to work on /home/airflow/.local/lib/python3.11/site-packages/airflow/example_dags/example_branch_operator.py
[2024-10-19T14:26:51.962+0000] {processor.py:830} INFO - Processing file /home/airflow/.local/lib/python3.11/site-packages/airflow/example_dags/example_branch_operator.py for tasks to queue
[2024-10-19T14:26:51.963+0000] {logging_mixin.py:188} INFO - [2024-10-19T14:26:51.963+0000] {dagbag.py:545} INFO - Filling up the DagBag from /home/airflow/.local/lib/python3.11/site-packages/airflow/example_dags/example_branch_operator.py
[2024-10-19T14:26:51.977+0000] {processor.py:840} INFO - DAG(s) 'example_branch_operator' retrieved from /home/airflow/.local/lib/python3.11/site-packages/airflow/example_dags/example_branch_operator.py
[2024-10-19T14:26:51.999+0000] {logging_mixin.py:188} INFO - [2024-10-19T14:26:51.999+0000] {dag.py:3089} INFO - Sync 1 DAGs
[2024-10-19T14:26:52.017+0000] {logging_mixin.py:188} INFO - [2024-10-19T14:26:52.017+0000] {dag.py:3947} INFO - Setting next_dagrun for example_branch_operator to 2024-10-18 00:00:00+00:00, run_after=2024-10-19 00:00:00+00:00
[2024-10-19T14:26:52.035+0000] {processor.py:183} INFO - Processing /home/airflow/.local/lib/python3.11/site-packages/airflow/example_dags/example_branch_operator.py took 0.079 seconds
[2024-10-19T14:27:22.840+0000] {processor.py:161} INFO - Started process (PID=1052) to work on /home/airflow/.local/lib/python3.11/site-packages/airflow/example_dags/example_branch_operator.py
[2024-10-19T14:27:22.841+0000] {processor.py:830} INFO - Processing file /home/airflow/.local/lib/python3.11/site-packages/airflow/example_dags/example_branch_operator.py for tasks to queue
[2024-10-19T14:27:22.843+0000] {logging_mixin.py:188} INFO - [2024-10-19T14:27:22.842+0000] {dagbag.py:545} INFO - Filling up the DagBag from /home/airflow/.local/lib/python3.11/site-packages/airflow/example_dags/example_branch_operator.py
[2024-10-19T14:27:22.861+0000] {processor.py:840} INFO - DAG(s) 'example_branch_operator' retrieved from /home/airflow/.local/lib/python3.11/site-packages/airflow/example_dags/example_branch_operator.py
[2024-10-19T14:27:22.889+0000] {logging_mixin.py:188} INFO - [2024-10-19T14:27:22.889+0000] {dag.py:3089} INFO - Sync 1 DAGs
[2024-10-19T14:27:22.910+0000] {logging_mixin.py:188} INFO - [2024-10-19T14:27:22.910+0000] {dag.py:3947} INFO - Setting next_dagrun for example_branch_operator to 2024-10-18 00:00:00+00:00, run_after=2024-10-19 00:00:00+00:00
[2024-10-19T14:27:22.945+0000] {processor.py:183} INFO - Processing /home/airflow/.local/lib/python3.11/site-packages/airflow/example_dags/example_branch_operator.py took 0.111 seconds
[2024-10-19T14:27:53.587+0000] {processor.py:161} INFO - Started process (PID=1111) to work on /home/airflow/.local/lib/python3.11/site-packages/airflow/example_dags/example_branch_operator.py
[2024-10-19T14:27:53.588+0000] {processor.py:830} INFO - Processing file /home/airflow/.local/lib/python3.11/site-packages/airflow/example_dags/example_branch_operator.py for tasks to queue
[2024-10-19T14:27:53.589+0000] {logging_mixin.py:188} INFO - [2024-10-19T14:27:53.588+0000] {dagbag.py:545} INFO - Filling up the DagBag from /home/airflow/.local/lib/python3.11/site-packages/airflow/example_dags/example_branch_operator.py
[2024-10-19T14:27:53.612+0000] {processor.py:840} INFO - DAG(s) 'example_branch_operator' retrieved from /home/airflow/.local/lib/python3.11/site-packages/airflow/example_dags/example_branch_operator.py
[2024-10-19T14:27:53.643+0000] {logging_mixin.py:188} INFO - [2024-10-19T14:27:53.642+0000] {dag.py:3089} INFO - Sync 1 DAGs
[2024-10-19T14:27:53.663+0000] {logging_mixin.py:188} INFO - [2024-10-19T14:27:53.663+0000] {dag.py:3947} INFO - Setting next_dagrun for example_branch_operator to 2024-10-18 00:00:00+00:00, run_after=2024-10-19 00:00:00+00:00
[2024-10-19T14:27:53.693+0000] {processor.py:183} INFO - Processing /home/airflow/.local/lib/python3.11/site-packages/airflow/example_dags/example_branch_operator.py took 0.114 seconds
[2024-10-19T14:28:23.763+0000] {processor.py:161} INFO - Started process (PID=1170) to work on /home/airflow/.local/lib/python3.11/site-packages/airflow/example_dags/example_branch_operator.py
[2024-10-19T14:28:23.764+0000] {processor.py:830} INFO - Processing file /home/airflow/.local/lib/python3.11/site-packages/airflow/example_dags/example_branch_operator.py for tasks to queue
[2024-10-19T14:28:23.766+0000] {logging_mixin.py:188} INFO - [2024-10-19T14:28:23.766+0000] {dagbag.py:545} INFO - Filling up the DagBag from /home/airflow/.local/lib/python3.11/site-packages/airflow/example_dags/example_branch_operator.py
[2024-10-19T14:28:23.785+0000] {processor.py:840} INFO - DAG(s) 'example_branch_operator' retrieved from /home/airflow/.local/lib/python3.11/site-packages/airflow/example_dags/example_branch_operator.py
[2024-10-19T14:28:23.816+0000] {logging_mixin.py:188} INFO - [2024-10-19T14:28:23.816+0000] {dag.py:3089} INFO - Sync 1 DAGs
[2024-10-19T14:28:23.844+0000] {logging_mixin.py:188} INFO - [2024-10-19T14:28:23.844+0000] {dag.py:3947} INFO - Setting next_dagrun for example_branch_operator to 2024-10-18 00:00:00+00:00, run_after=2024-10-19 00:00:00+00:00
[2024-10-19T14:28:23.876+0000] {processor.py:183} INFO - Processing /home/airflow/.local/lib/python3.11/site-packages/airflow/example_dags/example_branch_operator.py took 0.120 seconds
[2024-10-19T14:28:53.945+0000] {processor.py:161} INFO - Started process (PID=1229) to work on /home/airflow/.local/lib/python3.11/site-packages/airflow/example_dags/example_branch_operator.py
[2024-10-19T14:28:53.947+0000] {processor.py:830} INFO - Processing file /home/airflow/.local/lib/python3.11/site-packages/airflow/example_dags/example_branch_operator.py for tasks to queue
[2024-10-19T14:28:53.948+0000] {logging_mixin.py:188} INFO - [2024-10-19T14:28:53.948+0000] {dagbag.py:545} INFO - Filling up the DagBag from /home/airflow/.local/lib/python3.11/site-packages/airflow/example_dags/example_branch_operator.py
[2024-10-19T14:28:53.988+0000] {processor.py:840} INFO - DAG(s) 'example_branch_operator' retrieved from /home/airflow/.local/lib/python3.11/site-packages/airflow/example_dags/example_branch_operator.py
[2024-10-19T14:28:54.023+0000] {logging_mixin.py:188} INFO - [2024-10-19T14:28:54.023+0000] {dag.py:3089} INFO - Sync 1 DAGs
[2024-10-19T14:28:54.055+0000] {logging_mixin.py:188} INFO - [2024-10-19T14:28:54.052+0000] {dag.py:3947} INFO - Setting next_dagrun for example_branch_operator to 2024-10-18 00:00:00+00:00, run_after=2024-10-19 00:00:00+00:00
[2024-10-19T14:28:54.089+0000] {processor.py:183} INFO - Processing /home/airflow/.local/lib/python3.11/site-packages/airflow/example_dags/example_branch_operator.py took 0.150 seconds
[2024-10-19T14:29:24.245+0000] {processor.py:161} INFO - Started process (PID=1288) to work on /home/airflow/.local/lib/python3.11/site-packages/airflow/example_dags/example_branch_operator.py
[2024-10-19T14:29:24.246+0000] {processor.py:830} INFO - Processing file /home/airflow/.local/lib/python3.11/site-packages/airflow/example_dags/example_branch_operator.py for tasks to queue
[2024-10-19T14:29:24.247+0000] {logging_mixin.py:188} INFO - [2024-10-19T14:29:24.247+0000] {dagbag.py:545} INFO - Filling up the DagBag from /home/airflow/.local/lib/python3.11/site-packages/airflow/example_dags/example_branch_operator.py
[2024-10-19T14:29:24.262+0000] {processor.py:840} INFO - DAG(s) 'example_branch_operator' retrieved from /home/airflow/.local/lib/python3.11/site-packages/airflow/example_dags/example_branch_operator.py
[2024-10-19T14:29:24.286+0000] {logging_mixin.py:188} INFO - [2024-10-19T14:29:24.286+0000] {dag.py:3089} INFO - Sync 1 DAGs
[2024-10-19T14:29:24.304+0000] {logging_mixin.py:188} INFO - [2024-10-19T14:29:24.304+0000] {dag.py:3947} INFO - Setting next_dagrun for example_branch_operator to 2024-10-18 00:00:00+00:00, run_after=2024-10-19 00:00:00+00:00
[2024-10-19T14:29:24.322+0000] {processor.py:183} INFO - Processing /home/airflow/.local/lib/python3.11/site-packages/airflow/example_dags/example_branch_operator.py took 0.082 seconds
[2024-10-19T14:29:54.473+0000] {processor.py:161} INFO - Started process (PID=1350) to work on /home/airflow/.local/lib/python3.11/site-packages/airflow/example_dags/example_branch_operator.py
[2024-10-19T14:29:54.474+0000] {processor.py:830} INFO - Processing file /home/airflow/.local/lib/python3.11/site-packages/airflow/example_dags/example_branch_operator.py for tasks to queue
[2024-10-19T14:29:54.474+0000] {logging_mixin.py:188} INFO - [2024-10-19T14:29:54.474+0000] {dagbag.py:545} INFO - Filling up the DagBag from /home/airflow/.local/lib/python3.11/site-packages/airflow/example_dags/example_branch_operator.py
[2024-10-19T14:29:54.489+0000] {processor.py:840} INFO - DAG(s) 'example_branch_operator' retrieved from /home/airflow/.local/lib/python3.11/site-packages/airflow/example_dags/example_branch_operator.py
[2024-10-19T14:29:54.513+0000] {logging_mixin.py:188} INFO - [2024-10-19T14:29:54.512+0000] {dag.py:3089} INFO - Sync 1 DAGs
[2024-10-19T14:29:54.530+0000] {logging_mixin.py:188} INFO - [2024-10-19T14:29:54.530+0000] {dag.py:3947} INFO - Setting next_dagrun for example_branch_operator to 2024-10-18 00:00:00+00:00, run_after=2024-10-19 00:00:00+00:00
[2024-10-19T14:29:54.559+0000] {processor.py:183} INFO - Processing /home/airflow/.local/lib/python3.11/site-packages/airflow/example_dags/example_branch_operator.py took 0.092 seconds
[2024-10-19T14:30:24.595+0000] {processor.py:161} INFO - Started process (PID=1431) to work on /home/airflow/.local/lib/python3.11/site-packages/airflow/example_dags/example_branch_operator.py
[2024-10-19T14:30:24.596+0000] {processor.py:830} INFO - Processing file /home/airflow/.local/lib/python3.11/site-packages/airflow/example_dags/example_branch_operator.py for tasks to queue
[2024-10-19T14:30:24.596+0000] {logging_mixin.py:188} INFO - [2024-10-19T14:30:24.596+0000] {dagbag.py:545} INFO - Filling up the DagBag from /home/airflow/.local/lib/python3.11/site-packages/airflow/example_dags/example_branch_operator.py
[2024-10-19T14:30:24.612+0000] {processor.py:840} INFO - DAG(s) 'example_branch_operator' retrieved from /home/airflow/.local/lib/python3.11/site-packages/airflow/example_dags/example_branch_operator.py
[2024-10-19T14:30:24.637+0000] {logging_mixin.py:188} INFO - [2024-10-19T14:30:24.637+0000] {dag.py:3089} INFO - Sync 1 DAGs
[2024-10-19T14:30:24.656+0000] {logging_mixin.py:188} INFO - [2024-10-19T14:30:24.656+0000] {dag.py:3947} INFO - Setting next_dagrun for example_branch_operator to 2024-10-18 00:00:00+00:00, run_after=2024-10-19 00:00:00+00:00
[2024-10-19T14:30:24.677+0000] {processor.py:183} INFO - Processing /home/airflow/.local/lib/python3.11/site-packages/airflow/example_dags/example_branch_operator.py took 0.088 seconds
[2024-10-19T14:30:55.047+0000] {processor.py:161} INFO - Started process (PID=1541) to work on /home/airflow/.local/lib/python3.11/site-packages/airflow/example_dags/example_branch_operator.py
[2024-10-19T14:30:55.049+0000] {processor.py:830} INFO - Processing file /home/airflow/.local/lib/python3.11/site-packages/airflow/example_dags/example_branch_operator.py for tasks to queue
[2024-10-19T14:30:55.050+0000] {logging_mixin.py:188} INFO - [2024-10-19T14:30:55.050+0000] {dagbag.py:545} INFO - Filling up the DagBag from /home/airflow/.local/lib/python3.11/site-packages/airflow/example_dags/example_branch_operator.py
[2024-10-19T14:30:55.086+0000] {processor.py:840} INFO - DAG(s) 'example_branch_operator' retrieved from /home/airflow/.local/lib/python3.11/site-packages/airflow/example_dags/example_branch_operator.py
[2024-10-19T14:30:55.200+0000] {logging_mixin.py:188} INFO - [2024-10-19T14:30:55.199+0000] {dag.py:3089} INFO - Sync 1 DAGs
[2024-10-19T14:30:55.247+0000] {logging_mixin.py:188} INFO - [2024-10-19T14:30:55.247+0000] {dag.py:3947} INFO - Setting next_dagrun for example_branch_operator to 2024-10-18 00:00:00+00:00, run_after=2024-10-19 00:00:00+00:00
[2024-10-19T14:30:55.283+0000] {processor.py:183} INFO - Processing /home/airflow/.local/lib/python3.11/site-packages/airflow/example_dags/example_branch_operator.py took 0.248 seconds
[2024-10-19T14:31:25.598+0000] {processor.py:161} INFO - Started process (PID=1664) to work on /home/airflow/.local/lib/python3.11/site-packages/airflow/example_dags/example_branch_operator.py
[2024-10-19T14:31:25.605+0000] {processor.py:830} INFO - Processing file /home/airflow/.local/lib/python3.11/site-packages/airflow/example_dags/example_branch_operator.py for tasks to queue
[2024-10-19T14:31:25.606+0000] {logging_mixin.py:188} INFO - [2024-10-19T14:31:25.606+0000] {dagbag.py:545} INFO - Filling up the DagBag from /home/airflow/.local/lib/python3.11/site-packages/airflow/example_dags/example_branch_operator.py
[2024-10-19T14:31:25.654+0000] {processor.py:840} INFO - DAG(s) 'example_branch_operator' retrieved from /home/airflow/.local/lib/python3.11/site-packages/airflow/example_dags/example_branch_operator.py
[2024-10-19T14:31:25.768+0000] {logging_mixin.py:188} INFO - [2024-10-19T14:31:25.767+0000] {dag.py:3089} INFO - Sync 1 DAGs
[2024-10-19T14:31:25.814+0000] {logging_mixin.py:188} INFO - [2024-10-19T14:31:25.814+0000] {dag.py:3947} INFO - Setting next_dagrun for example_branch_operator to 2024-10-18 00:00:00+00:00, run_after=2024-10-19 00:00:00+00:00
[2024-10-19T14:31:25.894+0000] {processor.py:183} INFO - Processing /home/airflow/.local/lib/python3.11/site-packages/airflow/example_dags/example_branch_operator.py took 0.308 seconds
[2024-10-19T14:31:56.347+0000] {processor.py:161} INFO - Started process (PID=1769) to work on /home/airflow/.local/lib/python3.11/site-packages/airflow/example_dags/example_branch_operator.py
[2024-10-19T14:31:56.348+0000] {processor.py:830} INFO - Processing file /home/airflow/.local/lib/python3.11/site-packages/airflow/example_dags/example_branch_operator.py for tasks to queue
[2024-10-19T14:31:56.349+0000] {logging_mixin.py:188} INFO - [2024-10-19T14:31:56.349+0000] {dagbag.py:545} INFO - Filling up the DagBag from /home/airflow/.local/lib/python3.11/site-packages/airflow/example_dags/example_branch_operator.py
[2024-10-19T14:31:56.363+0000] {processor.py:840} INFO - DAG(s) 'example_branch_operator' retrieved from /home/airflow/.local/lib/python3.11/site-packages/airflow/example_dags/example_branch_operator.py
[2024-10-19T14:31:56.386+0000] {logging_mixin.py:188} INFO - [2024-10-19T14:31:56.386+0000] {dag.py:3089} INFO - Sync 1 DAGs
[2024-10-19T14:31:56.405+0000] {logging_mixin.py:188} INFO - [2024-10-19T14:31:56.404+0000] {dag.py:3947} INFO - Setting next_dagrun for example_branch_operator to 2024-10-18 00:00:00+00:00, run_after=2024-10-19 00:00:00+00:00
[2024-10-19T14:31:56.424+0000] {processor.py:183} INFO - Processing /home/airflow/.local/lib/python3.11/site-packages/airflow/example_dags/example_branch_operator.py took 0.082 seconds
[2024-10-19T14:32:26.526+0000] {processor.py:161} INFO - Started process (PID=1828) to work on /home/airflow/.local/lib/python3.11/site-packages/airflow/example_dags/example_branch_operator.py
[2024-10-19T14:32:26.527+0000] {processor.py:830} INFO - Processing file /home/airflow/.local/lib/python3.11/site-packages/airflow/example_dags/example_branch_operator.py for tasks to queue
[2024-10-19T14:32:26.529+0000] {logging_mixin.py:188} INFO - [2024-10-19T14:32:26.528+0000] {dagbag.py:545} INFO - Filling up the DagBag from /home/airflow/.local/lib/python3.11/site-packages/airflow/example_dags/example_branch_operator.py
[2024-10-19T14:32:26.546+0000] {processor.py:840} INFO - DAG(s) 'example_branch_operator' retrieved from /home/airflow/.local/lib/python3.11/site-packages/airflow/example_dags/example_branch_operator.py
[2024-10-19T14:32:26.574+0000] {logging_mixin.py:188} INFO - [2024-10-19T14:32:26.573+0000] {dag.py:3089} INFO - Sync 1 DAGs
[2024-10-19T14:32:26.598+0000] {logging_mixin.py:188} INFO - [2024-10-19T14:32:26.597+0000] {dag.py:3947} INFO - Setting next_dagrun for example_branch_operator to 2024-10-18 00:00:00+00:00, run_after=2024-10-19 00:00:00+00:00
[2024-10-19T14:32:26.622+0000] {processor.py:183} INFO - Processing /home/airflow/.local/lib/python3.11/site-packages/airflow/example_dags/example_branch_operator.py took 0.102 seconds
[2024-10-19T14:32:57.394+0000] {processor.py:161} INFO - Started process (PID=1889) to work on /home/airflow/.local/lib/python3.11/site-packages/airflow/example_dags/example_branch_operator.py
[2024-10-19T14:32:57.395+0000] {processor.py:830} INFO - Processing file /home/airflow/.local/lib/python3.11/site-packages/airflow/example_dags/example_branch_operator.py for tasks to queue
[2024-10-19T14:32:57.396+0000] {logging_mixin.py:188} INFO - [2024-10-19T14:32:57.395+0000] {dagbag.py:545} INFO - Filling up the DagBag from /home/airflow/.local/lib/python3.11/site-packages/airflow/example_dags/example_branch_operator.py
[2024-10-19T14:32:57.410+0000] {processor.py:840} INFO - DAG(s) 'example_branch_operator' retrieved from /home/airflow/.local/lib/python3.11/site-packages/airflow/example_dags/example_branch_operator.py
[2024-10-19T14:32:57.434+0000] {logging_mixin.py:188} INFO - [2024-10-19T14:32:57.434+0000] {dag.py:3089} INFO - Sync 1 DAGs
[2024-10-19T14:32:57.456+0000] {logging_mixin.py:188} INFO - [2024-10-19T14:32:57.455+0000] {dag.py:3947} INFO - Setting next_dagrun for example_branch_operator to 2024-10-18 00:00:00+00:00, run_after=2024-10-19 00:00:00+00:00
[2024-10-19T14:32:57.475+0000] {processor.py:183} INFO - Processing /home/airflow/.local/lib/python3.11/site-packages/airflow/example_dags/example_branch_operator.py took 0.086 seconds
[2024-10-19T14:33:27.852+0000] {processor.py:161} INFO - Started process (PID=1948) to work on /home/airflow/.local/lib/python3.11/site-packages/airflow/example_dags/example_branch_operator.py
[2024-10-19T14:33:27.853+0000] {processor.py:830} INFO - Processing file /home/airflow/.local/lib/python3.11/site-packages/airflow/example_dags/example_branch_operator.py for tasks to queue
[2024-10-19T14:33:27.854+0000] {logging_mixin.py:188} INFO - [2024-10-19T14:33:27.853+0000] {dagbag.py:545} INFO - Filling up the DagBag from /home/airflow/.local/lib/python3.11/site-packages/airflow/example_dags/example_branch_operator.py
[2024-10-19T14:33:27.867+0000] {processor.py:840} INFO - DAG(s) 'example_branch_operator' retrieved from /home/airflow/.local/lib/python3.11/site-packages/airflow/example_dags/example_branch_operator.py
[2024-10-19T14:33:27.890+0000] {logging_mixin.py:188} INFO - [2024-10-19T14:33:27.890+0000] {dag.py:3089} INFO - Sync 1 DAGs
[2024-10-19T14:33:27.911+0000] {logging_mixin.py:188} INFO - [2024-10-19T14:33:27.911+0000] {dag.py:3947} INFO - Setting next_dagrun for example_branch_operator to 2024-10-18 00:00:00+00:00, run_after=2024-10-19 00:00:00+00:00
[2024-10-19T14:33:27.932+0000] {processor.py:183} INFO - Processing /home/airflow/.local/lib/python3.11/site-packages/airflow/example_dags/example_branch_operator.py took 0.085 seconds
[2024-10-19T14:33:57.971+0000] {processor.py:161} INFO - Started process (PID=2007) to work on /home/airflow/.local/lib/python3.11/site-packages/airflow/example_dags/example_branch_operator.py
[2024-10-19T14:33:57.972+0000] {processor.py:830} INFO - Processing file /home/airflow/.local/lib/python3.11/site-packages/airflow/example_dags/example_branch_operator.py for tasks to queue
[2024-10-19T14:33:57.973+0000] {logging_mixin.py:188} INFO - [2024-10-19T14:33:57.973+0000] {dagbag.py:545} INFO - Filling up the DagBag from /home/airflow/.local/lib/python3.11/site-packages/airflow/example_dags/example_branch_operator.py
[2024-10-19T14:33:57.987+0000] {processor.py:840} INFO - DAG(s) 'example_branch_operator' retrieved from /home/airflow/.local/lib/python3.11/site-packages/airflow/example_dags/example_branch_operator.py
[2024-10-19T14:33:58.010+0000] {logging_mixin.py:188} INFO - [2024-10-19T14:33:58.010+0000] {dag.py:3089} INFO - Sync 1 DAGs
[2024-10-19T14:33:58.029+0000] {logging_mixin.py:188} INFO - [2024-10-19T14:33:58.028+0000] {dag.py:3947} INFO - Setting next_dagrun for example_branch_operator to 2024-10-18 00:00:00+00:00, run_after=2024-10-19 00:00:00+00:00
[2024-10-19T14:33:58.055+0000] {processor.py:183} INFO - Processing /home/airflow/.local/lib/python3.11/site-packages/airflow/example_dags/example_branch_operator.py took 0.089 seconds
[2024-10-19T14:34:28.170+0000] {processor.py:161} INFO - Started process (PID=2066) to work on /home/airflow/.local/lib/python3.11/site-packages/airflow/example_dags/example_branch_operator.py
[2024-10-19T14:34:28.171+0000] {processor.py:830} INFO - Processing file /home/airflow/.local/lib/python3.11/site-packages/airflow/example_dags/example_branch_operator.py for tasks to queue
[2024-10-19T14:34:28.172+0000] {logging_mixin.py:188} INFO - [2024-10-19T14:34:28.172+0000] {dagbag.py:545} INFO - Filling up the DagBag from /home/airflow/.local/lib/python3.11/site-packages/airflow/example_dags/example_branch_operator.py
[2024-10-19T14:34:28.187+0000] {processor.py:840} INFO - DAG(s) 'example_branch_operator' retrieved from /home/airflow/.local/lib/python3.11/site-packages/airflow/example_dags/example_branch_operator.py
[2024-10-19T14:34:28.216+0000] {logging_mixin.py:188} INFO - [2024-10-19T14:34:28.215+0000] {dag.py:3089} INFO - Sync 1 DAGs
[2024-10-19T14:34:28.245+0000] {logging_mixin.py:188} INFO - [2024-10-19T14:34:28.245+0000] {dag.py:3947} INFO - Setting next_dagrun for example_branch_operator to 2024-10-18 00:00:00+00:00, run_after=2024-10-19 00:00:00+00:00
[2024-10-19T14:34:28.272+0000] {processor.py:183} INFO - Processing /home/airflow/.local/lib/python3.11/site-packages/airflow/example_dags/example_branch_operator.py took 0.108 seconds
[2024-10-19T14:34:58.389+0000] {processor.py:161} INFO - Started process (PID=2125) to work on /home/airflow/.local/lib/python3.11/site-packages/airflow/example_dags/example_branch_operator.py
[2024-10-19T14:34:58.390+0000] {processor.py:830} INFO - Processing file /home/airflow/.local/lib/python3.11/site-packages/airflow/example_dags/example_branch_operator.py for tasks to queue
[2024-10-19T14:34:58.391+0000] {logging_mixin.py:188} INFO - [2024-10-19T14:34:58.390+0000] {dagbag.py:545} INFO - Filling up the DagBag from /home/airflow/.local/lib/python3.11/site-packages/airflow/example_dags/example_branch_operator.py
[2024-10-19T14:34:58.405+0000] {processor.py:840} INFO - DAG(s) 'example_branch_operator' retrieved from /home/airflow/.local/lib/python3.11/site-packages/airflow/example_dags/example_branch_operator.py
[2024-10-19T14:34:58.429+0000] {logging_mixin.py:188} INFO - [2024-10-19T14:34:58.429+0000] {dag.py:3089} INFO - Sync 1 DAGs
[2024-10-19T14:34:58.450+0000] {logging_mixin.py:188} INFO - [2024-10-19T14:34:58.450+0000] {dag.py:3947} INFO - Setting next_dagrun for example_branch_operator to 2024-10-18 00:00:00+00:00, run_after=2024-10-19 00:00:00+00:00
[2024-10-19T14:34:58.472+0000] {processor.py:183} INFO - Processing /home/airflow/.local/lib/python3.11/site-packages/airflow/example_dags/example_branch_operator.py took 0.088 seconds
[2024-10-19T14:35:29.089+0000] {processor.py:161} INFO - Started process (PID=2184) to work on /home/airflow/.local/lib/python3.11/site-packages/airflow/example_dags/example_branch_operator.py
[2024-10-19T14:35:29.090+0000] {processor.py:830} INFO - Processing file /home/airflow/.local/lib/python3.11/site-packages/airflow/example_dags/example_branch_operator.py for tasks to queue
[2024-10-19T14:35:29.091+0000] {logging_mixin.py:188} INFO - [2024-10-19T14:35:29.091+0000] {dagbag.py:545} INFO - Filling up the DagBag from /home/airflow/.local/lib/python3.11/site-packages/airflow/example_dags/example_branch_operator.py
[2024-10-19T14:35:29.113+0000] {processor.py:840} INFO - DAG(s) 'example_branch_operator' retrieved from /home/airflow/.local/lib/python3.11/site-packages/airflow/example_dags/example_branch_operator.py
[2024-10-19T14:35:29.148+0000] {logging_mixin.py:188} INFO - [2024-10-19T14:35:29.148+0000] {dag.py:3089} INFO - Sync 1 DAGs
[2024-10-19T14:35:29.175+0000] {logging_mixin.py:188} INFO - [2024-10-19T14:35:29.174+0000] {dag.py:3947} INFO - Setting next_dagrun for example_branch_operator to 2024-10-18 00:00:00+00:00, run_after=2024-10-19 00:00:00+00:00
[2024-10-19T14:35:29.204+0000] {processor.py:183} INFO - Processing /home/airflow/.local/lib/python3.11/site-packages/airflow/example_dags/example_branch_operator.py took 0.121 seconds
[2024-10-19T14:35:59.882+0000] {processor.py:161} INFO - Started process (PID=2243) to work on /home/airflow/.local/lib/python3.11/site-packages/airflow/example_dags/example_branch_operator.py
[2024-10-19T14:35:59.883+0000] {processor.py:830} INFO - Processing file /home/airflow/.local/lib/python3.11/site-packages/airflow/example_dags/example_branch_operator.py for tasks to queue
[2024-10-19T14:35:59.884+0000] {logging_mixin.py:188} INFO - [2024-10-19T14:35:59.883+0000] {dagbag.py:545} INFO - Filling up the DagBag from /home/airflow/.local/lib/python3.11/site-packages/airflow/example_dags/example_branch_operator.py
[2024-10-19T14:35:59.899+0000] {processor.py:840} INFO - DAG(s) 'example_branch_operator' retrieved from /home/airflow/.local/lib/python3.11/site-packages/airflow/example_dags/example_branch_operator.py
[2024-10-19T14:35:59.924+0000] {logging_mixin.py:188} INFO - [2024-10-19T14:35:59.923+0000] {dag.py:3089} INFO - Sync 1 DAGs
[2024-10-19T14:35:59.944+0000] {logging_mixin.py:188} INFO - [2024-10-19T14:35:59.943+0000] {dag.py:3947} INFO - Setting next_dagrun for example_branch_operator to 2024-10-18 00:00:00+00:00, run_after=2024-10-19 00:00:00+00:00
[2024-10-19T14:35:59.965+0000] {processor.py:183} INFO - Processing /home/airflow/.local/lib/python3.11/site-packages/airflow/example_dags/example_branch_operator.py took 0.090 seconds
[2024-10-19T14:36:30.658+0000] {processor.py:161} INFO - Started process (PID=2302) to work on /home/airflow/.local/lib/python3.11/site-packages/airflow/example_dags/example_branch_operator.py
[2024-10-19T14:36:30.659+0000] {processor.py:830} INFO - Processing file /home/airflow/.local/lib/python3.11/site-packages/airflow/example_dags/example_branch_operator.py for tasks to queue
[2024-10-19T14:36:30.660+0000] {logging_mixin.py:188} INFO - [2024-10-19T14:36:30.659+0000] {dagbag.py:545} INFO - Filling up the DagBag from /home/airflow/.local/lib/python3.11/site-packages/airflow/example_dags/example_branch_operator.py
[2024-10-19T14:36:30.673+0000] {processor.py:840} INFO - DAG(s) 'example_branch_operator' retrieved from /home/airflow/.local/lib/python3.11/site-packages/airflow/example_dags/example_branch_operator.py
[2024-10-19T14:36:30.698+0000] {logging_mixin.py:188} INFO - [2024-10-19T14:36:30.697+0000] {dag.py:3089} INFO - Sync 1 DAGs
[2024-10-19T14:36:30.718+0000] {logging_mixin.py:188} INFO - [2024-10-19T14:36:30.718+0000] {dag.py:3947} INFO - Setting next_dagrun for example_branch_operator to 2024-10-18 00:00:00+00:00, run_after=2024-10-19 00:00:00+00:00
[2024-10-19T14:36:30.736+0000] {processor.py:183} INFO - Processing /home/airflow/.local/lib/python3.11/site-packages/airflow/example_dags/example_branch_operator.py took 0.083 seconds
[2024-10-19T14:37:01.583+0000] {processor.py:161} INFO - Started process (PID=2361) to work on /home/airflow/.local/lib/python3.11/site-packages/airflow/example_dags/example_branch_operator.py
[2024-10-19T14:37:01.584+0000] {processor.py:830} INFO - Processing file /home/airflow/.local/lib/python3.11/site-packages/airflow/example_dags/example_branch_operator.py for tasks to queue
[2024-10-19T14:37:01.584+0000] {logging_mixin.py:188} INFO - [2024-10-19T14:37:01.584+0000] {dagbag.py:545} INFO - Filling up the DagBag from /home/airflow/.local/lib/python3.11/site-packages/airflow/example_dags/example_branch_operator.py
[2024-10-19T14:37:01.601+0000] {processor.py:840} INFO - DAG(s) 'example_branch_operator' retrieved from /home/airflow/.local/lib/python3.11/site-packages/airflow/example_dags/example_branch_operator.py
[2024-10-19T14:37:01.627+0000] {logging_mixin.py:188} INFO - [2024-10-19T14:37:01.627+0000] {dag.py:3089} INFO - Sync 1 DAGs
[2024-10-19T14:37:01.648+0000] {logging_mixin.py:188} INFO - [2024-10-19T14:37:01.648+0000] {dag.py:3947} INFO - Setting next_dagrun for example_branch_operator to 2024-10-18 00:00:00+00:00, run_after=2024-10-19 00:00:00+00:00
[2024-10-19T14:37:01.679+0000] {processor.py:183} INFO - Processing /home/airflow/.local/lib/python3.11/site-packages/airflow/example_dags/example_branch_operator.py took 0.103 seconds
[2024-10-19T14:37:31.809+0000] {processor.py:161} INFO - Started process (PID=2424) to work on /home/airflow/.local/lib/python3.11/site-packages/airflow/example_dags/example_branch_operator.py
[2024-10-19T14:37:31.809+0000] {processor.py:830} INFO - Processing file /home/airflow/.local/lib/python3.11/site-packages/airflow/example_dags/example_branch_operator.py for tasks to queue
[2024-10-19T14:37:31.810+0000] {logging_mixin.py:188} INFO - [2024-10-19T14:37:31.810+0000] {dagbag.py:545} INFO - Filling up the DagBag from /home/airflow/.local/lib/python3.11/site-packages/airflow/example_dags/example_branch_operator.py
[2024-10-19T14:37:31.825+0000] {processor.py:840} INFO - DAG(s) 'example_branch_operator' retrieved from /home/airflow/.local/lib/python3.11/site-packages/airflow/example_dags/example_branch_operator.py
[2024-10-19T14:37:31.850+0000] {logging_mixin.py:188} INFO - [2024-10-19T14:37:31.850+0000] {dag.py:3089} INFO - Sync 1 DAGs
[2024-10-19T14:37:31.871+0000] {logging_mixin.py:188} INFO - [2024-10-19T14:37:31.871+0000] {dag.py:3947} INFO - Setting next_dagrun for example_branch_operator to 2024-10-18 00:00:00+00:00, run_after=2024-10-19 00:00:00+00:00
[2024-10-19T14:37:31.892+0000] {processor.py:183} INFO - Processing /home/airflow/.local/lib/python3.11/site-packages/airflow/example_dags/example_branch_operator.py took 0.088 seconds
[2024-10-19T14:38:01.983+0000] {processor.py:161} INFO - Started process (PID=2484) to work on /home/airflow/.local/lib/python3.11/site-packages/airflow/example_dags/example_branch_operator.py
[2024-10-19T14:38:01.983+0000] {processor.py:830} INFO - Processing file /home/airflow/.local/lib/python3.11/site-packages/airflow/example_dags/example_branch_operator.py for tasks to queue
[2024-10-19T14:38:01.984+0000] {logging_mixin.py:188} INFO - [2024-10-19T14:38:01.984+0000] {dagbag.py:545} INFO - Filling up the DagBag from /home/airflow/.local/lib/python3.11/site-packages/airflow/example_dags/example_branch_operator.py
[2024-10-19T14:38:01.999+0000] {processor.py:840} INFO - DAG(s) 'example_branch_operator' retrieved from /home/airflow/.local/lib/python3.11/site-packages/airflow/example_dags/example_branch_operator.py
[2024-10-19T14:38:02.022+0000] {logging_mixin.py:188} INFO - [2024-10-19T14:38:02.022+0000] {dag.py:3089} INFO - Sync 1 DAGs
[2024-10-19T14:38:02.040+0000] {logging_mixin.py:188} INFO - [2024-10-19T14:38:02.040+0000] {dag.py:3947} INFO - Setting next_dagrun for example_branch_operator to 2024-10-18 00:00:00+00:00, run_after=2024-10-19 00:00:00+00:00
[2024-10-19T14:38:02.058+0000] {processor.py:183} INFO - Processing /home/airflow/.local/lib/python3.11/site-packages/airflow/example_dags/example_branch_operator.py took 0.081 seconds
[2024-10-19T14:38:32.454+0000] {processor.py:161} INFO - Started process (PID=2544) to work on /home/airflow/.local/lib/python3.11/site-packages/airflow/example_dags/example_branch_operator.py
[2024-10-19T14:38:32.454+0000] {processor.py:830} INFO - Processing file /home/airflow/.local/lib/python3.11/site-packages/airflow/example_dags/example_branch_operator.py for tasks to queue
[2024-10-19T14:38:32.455+0000] {logging_mixin.py:188} INFO - [2024-10-19T14:38:32.455+0000] {dagbag.py:545} INFO - Filling up the DagBag from /home/airflow/.local/lib/python3.11/site-packages/airflow/example_dags/example_branch_operator.py
[2024-10-19T14:38:32.469+0000] {processor.py:840} INFO - DAG(s) 'example_branch_operator' retrieved from /home/airflow/.local/lib/python3.11/site-packages/airflow/example_dags/example_branch_operator.py
[2024-10-19T14:38:32.491+0000] {logging_mixin.py:188} INFO - [2024-10-19T14:38:32.491+0000] {dag.py:3089} INFO - Sync 1 DAGs
[2024-10-19T14:38:32.508+0000] {logging_mixin.py:188} INFO - [2024-10-19T14:38:32.508+0000] {dag.py:3947} INFO - Setting next_dagrun for example_branch_operator to 2024-10-18 00:00:00+00:00, run_after=2024-10-19 00:00:00+00:00
[2024-10-19T14:38:32.527+0000] {processor.py:183} INFO - Processing /home/airflow/.local/lib/python3.11/site-packages/airflow/example_dags/example_branch_operator.py took 0.079 seconds
[2024-10-19T14:39:02.570+0000] {processor.py:161} INFO - Started process (PID=2603) to work on /home/airflow/.local/lib/python3.11/site-packages/airflow/example_dags/example_branch_operator.py
[2024-10-19T14:39:02.571+0000] {processor.py:830} INFO - Processing file /home/airflow/.local/lib/python3.11/site-packages/airflow/example_dags/example_branch_operator.py for tasks to queue
[2024-10-19T14:39:02.572+0000] {logging_mixin.py:188} INFO - [2024-10-19T14:39:02.572+0000] {dagbag.py:545} INFO - Filling up the DagBag from /home/airflow/.local/lib/python3.11/site-packages/airflow/example_dags/example_branch_operator.py
[2024-10-19T14:39:02.589+0000] {processor.py:840} INFO - DAG(s) 'example_branch_operator' retrieved from /home/airflow/.local/lib/python3.11/site-packages/airflow/example_dags/example_branch_operator.py
[2024-10-19T14:39:02.614+0000] {logging_mixin.py:188} INFO - [2024-10-19T14:39:02.614+0000] {dag.py:3089} INFO - Sync 1 DAGs
[2024-10-19T14:39:02.635+0000] {logging_mixin.py:188} INFO - [2024-10-19T14:39:02.635+0000] {dag.py:3947} INFO - Setting next_dagrun for example_branch_operator to 2024-10-18 00:00:00+00:00, run_after=2024-10-19 00:00:00+00:00
[2024-10-19T14:39:02.654+0000] {processor.py:183} INFO - Processing /home/airflow/.local/lib/python3.11/site-packages/airflow/example_dags/example_branch_operator.py took 0.090 seconds
[2024-10-19T14:39:33.100+0000] {processor.py:161} INFO - Started process (PID=2662) to work on /home/airflow/.local/lib/python3.11/site-packages/airflow/example_dags/example_branch_operator.py
[2024-10-19T14:39:33.101+0000] {processor.py:830} INFO - Processing file /home/airflow/.local/lib/python3.11/site-packages/airflow/example_dags/example_branch_operator.py for tasks to queue
[2024-10-19T14:39:33.105+0000] {logging_mixin.py:188} INFO - [2024-10-19T14:39:33.104+0000] {dagbag.py:545} INFO - Filling up the DagBag from /home/airflow/.local/lib/python3.11/site-packages/airflow/example_dags/example_branch_operator.py
[2024-10-19T14:39:33.146+0000] {processor.py:840} INFO - DAG(s) 'example_branch_operator' retrieved from /home/airflow/.local/lib/python3.11/site-packages/airflow/example_dags/example_branch_operator.py
[2024-10-19T14:39:33.215+0000] {logging_mixin.py:188} INFO - [2024-10-19T14:39:33.214+0000] {dag.py:3089} INFO - Sync 1 DAGs
[2024-10-19T14:39:33.307+0000] {logging_mixin.py:188} INFO - [2024-10-19T14:39:33.307+0000] {dag.py:3947} INFO - Setting next_dagrun for example_branch_operator to 2024-10-18 00:00:00+00:00, run_after=2024-10-19 00:00:00+00:00
[2024-10-19T14:39:33.370+0000] {processor.py:183} INFO - Processing /home/airflow/.local/lib/python3.11/site-packages/airflow/example_dags/example_branch_operator.py took 0.290 seconds
[2024-10-19T14:40:03.814+0000] {processor.py:161} INFO - Started process (PID=2721) to work on /home/airflow/.local/lib/python3.11/site-packages/airflow/example_dags/example_branch_operator.py
[2024-10-19T14:40:03.815+0000] {processor.py:830} INFO - Processing file /home/airflow/.local/lib/python3.11/site-packages/airflow/example_dags/example_branch_operator.py for tasks to queue
[2024-10-19T14:40:03.817+0000] {logging_mixin.py:188} INFO - [2024-10-19T14:40:03.816+0000] {dagbag.py:545} INFO - Filling up the DagBag from /home/airflow/.local/lib/python3.11/site-packages/airflow/example_dags/example_branch_operator.py
[2024-10-19T14:40:03.841+0000] {processor.py:840} INFO - DAG(s) 'example_branch_operator' retrieved from /home/airflow/.local/lib/python3.11/site-packages/airflow/example_dags/example_branch_operator.py
[2024-10-19T14:40:03.894+0000] {logging_mixin.py:188} INFO - [2024-10-19T14:40:03.894+0000] {dag.py:3089} INFO - Sync 1 DAGs
[2024-10-19T14:40:03.935+0000] {logging_mixin.py:188} INFO - [2024-10-19T14:40:03.935+0000] {dag.py:3947} INFO - Setting next_dagrun for example_branch_operator to 2024-10-18 00:00:00+00:00, run_after=2024-10-19 00:00:00+00:00
[2024-10-19T14:40:03.975+0000] {processor.py:183} INFO - Processing /home/airflow/.local/lib/python3.11/site-packages/airflow/example_dags/example_branch_operator.py took 0.169 seconds
[2024-10-19T14:40:34.727+0000] {processor.py:161} INFO - Started process (PID=2780) to work on /home/airflow/.local/lib/python3.11/site-packages/airflow/example_dags/example_branch_operator.py
[2024-10-19T14:40:34.728+0000] {processor.py:830} INFO - Processing file /home/airflow/.local/lib/python3.11/site-packages/airflow/example_dags/example_branch_operator.py for tasks to queue
[2024-10-19T14:40:34.731+0000] {logging_mixin.py:188} INFO - [2024-10-19T14:40:34.730+0000] {dagbag.py:545} INFO - Filling up the DagBag from /home/airflow/.local/lib/python3.11/site-packages/airflow/example_dags/example_branch_operator.py
[2024-10-19T14:40:34.763+0000] {processor.py:840} INFO - DAG(s) 'example_branch_operator' retrieved from /home/airflow/.local/lib/python3.11/site-packages/airflow/example_dags/example_branch_operator.py
[2024-10-19T14:40:34.827+0000] {logging_mixin.py:188} INFO - [2024-10-19T14:40:34.826+0000] {dag.py:3089} INFO - Sync 1 DAGs
[2024-10-19T14:40:34.864+0000] {logging_mixin.py:188} INFO - [2024-10-19T14:40:34.863+0000] {dag.py:3947} INFO - Setting next_dagrun for example_branch_operator to 2024-10-18 00:00:00+00:00, run_after=2024-10-19 00:00:00+00:00
[2024-10-19T14:40:34.917+0000] {processor.py:183} INFO - Processing /home/airflow/.local/lib/python3.11/site-packages/airflow/example_dags/example_branch_operator.py took 0.205 seconds
[2024-10-19T14:41:05.190+0000] {processor.py:161} INFO - Started process (PID=2839) to work on /home/airflow/.local/lib/python3.11/site-packages/airflow/example_dags/example_branch_operator.py
[2024-10-19T14:41:05.193+0000] {processor.py:830} INFO - Processing file /home/airflow/.local/lib/python3.11/site-packages/airflow/example_dags/example_branch_operator.py for tasks to queue
[2024-10-19T14:41:05.199+0000] {logging_mixin.py:188} INFO - [2024-10-19T14:41:05.197+0000] {dagbag.py:545} INFO - Filling up the DagBag from /home/airflow/.local/lib/python3.11/site-packages/airflow/example_dags/example_branch_operator.py
[2024-10-19T14:41:05.234+0000] {processor.py:840} INFO - DAG(s) 'example_branch_operator' retrieved from /home/airflow/.local/lib/python3.11/site-packages/airflow/example_dags/example_branch_operator.py
[2024-10-19T14:41:05.324+0000] {logging_mixin.py:188} INFO - [2024-10-19T14:41:05.323+0000] {dag.py:3089} INFO - Sync 1 DAGs
[2024-10-19T14:41:05.361+0000] {logging_mixin.py:188} INFO - [2024-10-19T14:41:05.361+0000] {dag.py:3947} INFO - Setting next_dagrun for example_branch_operator to 2024-10-18 00:00:00+00:00, run_after=2024-10-19 00:00:00+00:00
[2024-10-19T14:41:05.408+0000] {processor.py:183} INFO - Processing /home/airflow/.local/lib/python3.11/site-packages/airflow/example_dags/example_branch_operator.py took 0.235 seconds
[2024-10-19T14:41:35.616+0000] {processor.py:161} INFO - Started process (PID=2898) to work on /home/airflow/.local/lib/python3.11/site-packages/airflow/example_dags/example_branch_operator.py
[2024-10-19T14:41:35.624+0000] {processor.py:830} INFO - Processing file /home/airflow/.local/lib/python3.11/site-packages/airflow/example_dags/example_branch_operator.py for tasks to queue
[2024-10-19T14:41:35.626+0000] {logging_mixin.py:188} INFO - [2024-10-19T14:41:35.626+0000] {dagbag.py:545} INFO - Filling up the DagBag from /home/airflow/.local/lib/python3.11/site-packages/airflow/example_dags/example_branch_operator.py
[2024-10-19T14:41:35.649+0000] {processor.py:840} INFO - DAG(s) 'example_branch_operator' retrieved from /home/airflow/.local/lib/python3.11/site-packages/airflow/example_dags/example_branch_operator.py
[2024-10-19T14:41:35.688+0000] {logging_mixin.py:188} INFO - [2024-10-19T14:41:35.688+0000] {dag.py:3089} INFO - Sync 1 DAGs
[2024-10-19T14:41:35.713+0000] {logging_mixin.py:188} INFO - [2024-10-19T14:41:35.713+0000] {dag.py:3947} INFO - Setting next_dagrun for example_branch_operator to 2024-10-18 00:00:00+00:00, run_after=2024-10-19 00:00:00+00:00
[2024-10-19T14:41:35.758+0000] {processor.py:183} INFO - Processing /home/airflow/.local/lib/python3.11/site-packages/airflow/example_dags/example_branch_operator.py took 0.151 seconds
[2024-10-19T14:42:06.310+0000] {processor.py:161} INFO - Started process (PID=2957) to work on /home/airflow/.local/lib/python3.11/site-packages/airflow/example_dags/example_branch_operator.py
[2024-10-19T14:42:06.311+0000] {processor.py:830} INFO - Processing file /home/airflow/.local/lib/python3.11/site-packages/airflow/example_dags/example_branch_operator.py for tasks to queue
[2024-10-19T14:42:06.313+0000] {logging_mixin.py:188} INFO - [2024-10-19T14:42:06.312+0000] {dagbag.py:545} INFO - Filling up the DagBag from /home/airflow/.local/lib/python3.11/site-packages/airflow/example_dags/example_branch_operator.py
[2024-10-19T14:42:06.338+0000] {processor.py:840} INFO - DAG(s) 'example_branch_operator' retrieved from /home/airflow/.local/lib/python3.11/site-packages/airflow/example_dags/example_branch_operator.py
[2024-10-19T14:42:06.374+0000] {logging_mixin.py:188} INFO - [2024-10-19T14:42:06.373+0000] {dag.py:3089} INFO - Sync 1 DAGs
[2024-10-19T14:42:06.407+0000] {logging_mixin.py:188} INFO - [2024-10-19T14:42:06.407+0000] {dag.py:3947} INFO - Setting next_dagrun for example_branch_operator to 2024-10-18 00:00:00+00:00, run_after=2024-10-19 00:00:00+00:00
[2024-10-19T14:42:06.439+0000] {processor.py:183} INFO - Processing /home/airflow/.local/lib/python3.11/site-packages/airflow/example_dags/example_branch_operator.py took 0.137 seconds
[2024-10-19T14:42:36.592+0000] {processor.py:161} INFO - Started process (PID=3016) to work on /home/airflow/.local/lib/python3.11/site-packages/airflow/example_dags/example_branch_operator.py
[2024-10-19T14:42:36.593+0000] {processor.py:830} INFO - Processing file /home/airflow/.local/lib/python3.11/site-packages/airflow/example_dags/example_branch_operator.py for tasks to queue
[2024-10-19T14:42:36.594+0000] {logging_mixin.py:188} INFO - [2024-10-19T14:42:36.593+0000] {dagbag.py:545} INFO - Filling up the DagBag from /home/airflow/.local/lib/python3.11/site-packages/airflow/example_dags/example_branch_operator.py
[2024-10-19T14:42:36.607+0000] {processor.py:840} INFO - DAG(s) 'example_branch_operator' retrieved from /home/airflow/.local/lib/python3.11/site-packages/airflow/example_dags/example_branch_operator.py
[2024-10-19T14:42:36.630+0000] {logging_mixin.py:188} INFO - [2024-10-19T14:42:36.630+0000] {dag.py:3089} INFO - Sync 1 DAGs
[2024-10-19T14:42:36.649+0000] {logging_mixin.py:188} INFO - [2024-10-19T14:42:36.649+0000] {dag.py:3947} INFO - Setting next_dagrun for example_branch_operator to 2024-10-18 00:00:00+00:00, run_after=2024-10-19 00:00:00+00:00
[2024-10-19T14:42:36.667+0000] {processor.py:183} INFO - Processing /home/airflow/.local/lib/python3.11/site-packages/airflow/example_dags/example_branch_operator.py took 0.080 seconds
[2024-10-19T14:43:07.426+0000] {processor.py:161} INFO - Started process (PID=3076) to work on /home/airflow/.local/lib/python3.11/site-packages/airflow/example_dags/example_branch_operator.py
[2024-10-19T14:43:07.427+0000] {processor.py:830} INFO - Processing file /home/airflow/.local/lib/python3.11/site-packages/airflow/example_dags/example_branch_operator.py for tasks to queue
[2024-10-19T14:43:07.428+0000] {logging_mixin.py:188} INFO - [2024-10-19T14:43:07.427+0000] {dagbag.py:545} INFO - Filling up the DagBag from /home/airflow/.local/lib/python3.11/site-packages/airflow/example_dags/example_branch_operator.py
[2024-10-19T14:43:07.443+0000] {processor.py:840} INFO - DAG(s) 'example_branch_operator' retrieved from /home/airflow/.local/lib/python3.11/site-packages/airflow/example_dags/example_branch_operator.py
[2024-10-19T14:43:07.468+0000] {logging_mixin.py:188} INFO - [2024-10-19T14:43:07.468+0000] {dag.py:3089} INFO - Sync 1 DAGs
[2024-10-19T14:43:07.485+0000] {logging_mixin.py:188} INFO - [2024-10-19T14:43:07.485+0000] {dag.py:3947} INFO - Setting next_dagrun for example_branch_operator to 2024-10-18 00:00:00+00:00, run_after=2024-10-19 00:00:00+00:00
[2024-10-19T14:43:07.504+0000] {processor.py:183} INFO - Processing /home/airflow/.local/lib/python3.11/site-packages/airflow/example_dags/example_branch_operator.py took 0.084 seconds
[2024-10-19T14:43:38.187+0000] {processor.py:161} INFO - Started process (PID=3135) to work on /home/airflow/.local/lib/python3.11/site-packages/airflow/example_dags/example_branch_operator.py
[2024-10-19T14:43:38.188+0000] {processor.py:830} INFO - Processing file /home/airflow/.local/lib/python3.11/site-packages/airflow/example_dags/example_branch_operator.py for tasks to queue
[2024-10-19T14:43:38.189+0000] {logging_mixin.py:188} INFO - [2024-10-19T14:43:38.189+0000] {dagbag.py:545} INFO - Filling up the DagBag from /home/airflow/.local/lib/python3.11/site-packages/airflow/example_dags/example_branch_operator.py
[2024-10-19T14:43:38.206+0000] {processor.py:840} INFO - DAG(s) 'example_branch_operator' retrieved from /home/airflow/.local/lib/python3.11/site-packages/airflow/example_dags/example_branch_operator.py
[2024-10-19T14:43:38.236+0000] {logging_mixin.py:188} INFO - [2024-10-19T14:43:38.235+0000] {dag.py:3089} INFO - Sync 1 DAGs
[2024-10-19T14:43:38.262+0000] {logging_mixin.py:188} INFO - [2024-10-19T14:43:38.261+0000] {dag.py:3947} INFO - Setting next_dagrun for example_branch_operator to 2024-10-18 00:00:00+00:00, run_after=2024-10-19 00:00:00+00:00
[2024-10-19T14:43:38.281+0000] {processor.py:183} INFO - Processing /home/airflow/.local/lib/python3.11/site-packages/airflow/example_dags/example_branch_operator.py took 0.100 seconds
[2024-10-19T14:44:08.881+0000] {processor.py:161} INFO - Started process (PID=3194) to work on /home/airflow/.local/lib/python3.11/site-packages/airflow/example_dags/example_branch_operator.py
[2024-10-19T14:44:08.882+0000] {processor.py:830} INFO - Processing file /home/airflow/.local/lib/python3.11/site-packages/airflow/example_dags/example_branch_operator.py for tasks to queue
[2024-10-19T14:44:08.882+0000] {logging_mixin.py:188} INFO - [2024-10-19T14:44:08.882+0000] {dagbag.py:545} INFO - Filling up the DagBag from /home/airflow/.local/lib/python3.11/site-packages/airflow/example_dags/example_branch_operator.py
[2024-10-19T14:44:08.897+0000] {processor.py:840} INFO - DAG(s) 'example_branch_operator' retrieved from /home/airflow/.local/lib/python3.11/site-packages/airflow/example_dags/example_branch_operator.py
[2024-10-19T14:44:08.921+0000] {logging_mixin.py:188} INFO - [2024-10-19T14:44:08.921+0000] {dag.py:3089} INFO - Sync 1 DAGs
[2024-10-19T14:44:08.941+0000] {logging_mixin.py:188} INFO - [2024-10-19T14:44:08.941+0000] {dag.py:3947} INFO - Setting next_dagrun for example_branch_operator to 2024-10-18 00:00:00+00:00, run_after=2024-10-19 00:00:00+00:00
[2024-10-19T14:44:08.959+0000] {processor.py:183} INFO - Processing /home/airflow/.local/lib/python3.11/site-packages/airflow/example_dags/example_branch_operator.py took 0.083 seconds
[2024-10-19T14:44:39.489+0000] {processor.py:161} INFO - Started process (PID=3253) to work on /home/airflow/.local/lib/python3.11/site-packages/airflow/example_dags/example_branch_operator.py
[2024-10-19T14:44:39.489+0000] {processor.py:830} INFO - Processing file /home/airflow/.local/lib/python3.11/site-packages/airflow/example_dags/example_branch_operator.py for tasks to queue
[2024-10-19T14:44:39.490+0000] {logging_mixin.py:188} INFO - [2024-10-19T14:44:39.490+0000] {dagbag.py:545} INFO - Filling up the DagBag from /home/airflow/.local/lib/python3.11/site-packages/airflow/example_dags/example_branch_operator.py
[2024-10-19T14:44:39.505+0000] {processor.py:840} INFO - DAG(s) 'example_branch_operator' retrieved from /home/airflow/.local/lib/python3.11/site-packages/airflow/example_dags/example_branch_operator.py
[2024-10-19T14:44:39.529+0000] {logging_mixin.py:188} INFO - [2024-10-19T14:44:39.529+0000] {dag.py:3089} INFO - Sync 1 DAGs
[2024-10-19T14:44:39.550+0000] {logging_mixin.py:188} INFO - [2024-10-19T14:44:39.549+0000] {dag.py:3947} INFO - Setting next_dagrun for example_branch_operator to 2024-10-18 00:00:00+00:00, run_after=2024-10-19 00:00:00+00:00
[2024-10-19T14:44:39.568+0000] {processor.py:183} INFO - Processing /home/airflow/.local/lib/python3.11/site-packages/airflow/example_dags/example_branch_operator.py took 0.085 seconds
[2024-10-19T14:45:09.655+0000] {processor.py:161} INFO - Started process (PID=3313) to work on /home/airflow/.local/lib/python3.11/site-packages/airflow/example_dags/example_branch_operator.py
[2024-10-19T14:45:09.656+0000] {processor.py:830} INFO - Processing file /home/airflow/.local/lib/python3.11/site-packages/airflow/example_dags/example_branch_operator.py for tasks to queue
[2024-10-19T14:45:09.657+0000] {logging_mixin.py:188} INFO - [2024-10-19T14:45:09.656+0000] {dagbag.py:545} INFO - Filling up the DagBag from /home/airflow/.local/lib/python3.11/site-packages/airflow/example_dags/example_branch_operator.py
[2024-10-19T14:45:09.671+0000] {processor.py:840} INFO - DAG(s) 'example_branch_operator' retrieved from /home/airflow/.local/lib/python3.11/site-packages/airflow/example_dags/example_branch_operator.py
[2024-10-19T14:45:09.695+0000] {logging_mixin.py:188} INFO - [2024-10-19T14:45:09.695+0000] {dag.py:3089} INFO - Sync 1 DAGs
[2024-10-19T14:45:09.716+0000] {logging_mixin.py:188} INFO - [2024-10-19T14:45:09.716+0000] {dag.py:3947} INFO - Setting next_dagrun for example_branch_operator to 2024-10-18 00:00:00+00:00, run_after=2024-10-19 00:00:00+00:00
[2024-10-19T14:45:09.734+0000] {processor.py:183} INFO - Processing /home/airflow/.local/lib/python3.11/site-packages/airflow/example_dags/example_branch_operator.py took 0.084 seconds
[2024-10-19T14:45:39.843+0000] {processor.py:161} INFO - Started process (PID=3372) to work on /home/airflow/.local/lib/python3.11/site-packages/airflow/example_dags/example_branch_operator.py
[2024-10-19T14:45:39.844+0000] {processor.py:830} INFO - Processing file /home/airflow/.local/lib/python3.11/site-packages/airflow/example_dags/example_branch_operator.py for tasks to queue
[2024-10-19T14:45:39.845+0000] {logging_mixin.py:188} INFO - [2024-10-19T14:45:39.845+0000] {dagbag.py:545} INFO - Filling up the DagBag from /home/airflow/.local/lib/python3.11/site-packages/airflow/example_dags/example_branch_operator.py
[2024-10-19T14:45:39.859+0000] {processor.py:840} INFO - DAG(s) 'example_branch_operator' retrieved from /home/airflow/.local/lib/python3.11/site-packages/airflow/example_dags/example_branch_operator.py
[2024-10-19T14:45:39.883+0000] {logging_mixin.py:188} INFO - [2024-10-19T14:45:39.882+0000] {dag.py:3089} INFO - Sync 1 DAGs
[2024-10-19T14:45:39.901+0000] {logging_mixin.py:188} INFO - [2024-10-19T14:45:39.901+0000] {dag.py:3947} INFO - Setting next_dagrun for example_branch_operator to 2024-10-18 00:00:00+00:00, run_after=2024-10-19 00:00:00+00:00
[2024-10-19T14:45:39.918+0000] {processor.py:183} INFO - Processing /home/airflow/.local/lib/python3.11/site-packages/airflow/example_dags/example_branch_operator.py took 0.080 seconds
[2024-10-19T14:46:10.149+0000] {processor.py:161} INFO - Started process (PID=3431) to work on /home/airflow/.local/lib/python3.11/site-packages/airflow/example_dags/example_branch_operator.py
[2024-10-19T14:46:10.150+0000] {processor.py:830} INFO - Processing file /home/airflow/.local/lib/python3.11/site-packages/airflow/example_dags/example_branch_operator.py for tasks to queue
[2024-10-19T14:46:10.151+0000] {logging_mixin.py:188} INFO - [2024-10-19T14:46:10.150+0000] {dagbag.py:545} INFO - Filling up the DagBag from /home/airflow/.local/lib/python3.11/site-packages/airflow/example_dags/example_branch_operator.py
[2024-10-19T14:46:10.168+0000] {processor.py:840} INFO - DAG(s) 'example_branch_operator' retrieved from /home/airflow/.local/lib/python3.11/site-packages/airflow/example_dags/example_branch_operator.py
[2024-10-19T14:46:10.199+0000] {logging_mixin.py:188} INFO - [2024-10-19T14:46:10.199+0000] {dag.py:3089} INFO - Sync 1 DAGs
[2024-10-19T14:46:10.224+0000] {logging_mixin.py:188} INFO - [2024-10-19T14:46:10.223+0000] {dag.py:3947} INFO - Setting next_dagrun for example_branch_operator to 2024-10-18 00:00:00+00:00, run_after=2024-10-19 00:00:00+00:00
[2024-10-19T14:46:10.267+0000] {processor.py:183} INFO - Processing /home/airflow/.local/lib/python3.11/site-packages/airflow/example_dags/example_branch_operator.py took 0.123 seconds
[2024-10-19T14:46:40.828+0000] {processor.py:161} INFO - Started process (PID=3491) to work on /home/airflow/.local/lib/python3.11/site-packages/airflow/example_dags/example_branch_operator.py
[2024-10-19T14:46:40.828+0000] {processor.py:830} INFO - Processing file /home/airflow/.local/lib/python3.11/site-packages/airflow/example_dags/example_branch_operator.py for tasks to queue
[2024-10-19T14:46:40.829+0000] {logging_mixin.py:188} INFO - [2024-10-19T14:46:40.829+0000] {dagbag.py:545} INFO - Filling up the DagBag from /home/airflow/.local/lib/python3.11/site-packages/airflow/example_dags/example_branch_operator.py
[2024-10-19T14:46:40.845+0000] {processor.py:840} INFO - DAG(s) 'example_branch_operator' retrieved from /home/airflow/.local/lib/python3.11/site-packages/airflow/example_dags/example_branch_operator.py
[2024-10-19T14:46:40.875+0000] {logging_mixin.py:188} INFO - [2024-10-19T14:46:40.875+0000] {dag.py:3089} INFO - Sync 1 DAGs
[2024-10-19T14:46:40.897+0000] {logging_mixin.py:188} INFO - [2024-10-19T14:46:40.897+0000] {dag.py:3947} INFO - Setting next_dagrun for example_branch_operator to 2024-10-18 00:00:00+00:00, run_after=2024-10-19 00:00:00+00:00
[2024-10-19T14:46:40.924+0000] {processor.py:183} INFO - Processing /home/airflow/.local/lib/python3.11/site-packages/airflow/example_dags/example_branch_operator.py took 0.101 seconds
[2024-10-19T14:47:10.996+0000] {processor.py:161} INFO - Started process (PID=3551) to work on /home/airflow/.local/lib/python3.11/site-packages/airflow/example_dags/example_branch_operator.py
[2024-10-19T14:47:10.997+0000] {processor.py:830} INFO - Processing file /home/airflow/.local/lib/python3.11/site-packages/airflow/example_dags/example_branch_operator.py for tasks to queue
[2024-10-19T14:47:10.999+0000] {logging_mixin.py:188} INFO - [2024-10-19T14:47:10.998+0000] {dagbag.py:545} INFO - Filling up the DagBag from /home/airflow/.local/lib/python3.11/site-packages/airflow/example_dags/example_branch_operator.py
[2024-10-19T14:47:11.027+0000] {processor.py:840} INFO - DAG(s) 'example_branch_operator' retrieved from /home/airflow/.local/lib/python3.11/site-packages/airflow/example_dags/example_branch_operator.py
[2024-10-19T14:47:11.073+0000] {logging_mixin.py:188} INFO - [2024-10-19T14:47:11.073+0000] {dag.py:3089} INFO - Sync 1 DAGs
[2024-10-19T14:47:11.124+0000] {logging_mixin.py:188} INFO - [2024-10-19T14:47:11.124+0000] {dag.py:3947} INFO - Setting next_dagrun for example_branch_operator to 2024-10-18 00:00:00+00:00, run_after=2024-10-19 00:00:00+00:00
[2024-10-19T14:47:11.157+0000] {processor.py:183} INFO - Processing /home/airflow/.local/lib/python3.11/site-packages/airflow/example_dags/example_branch_operator.py took 0.169 seconds
[2024-10-19T14:47:41.406+0000] {processor.py:161} INFO - Started process (PID=3610) to work on /home/airflow/.local/lib/python3.11/site-packages/airflow/example_dags/example_branch_operator.py
[2024-10-19T14:47:41.407+0000] {processor.py:830} INFO - Processing file /home/airflow/.local/lib/python3.11/site-packages/airflow/example_dags/example_branch_operator.py for tasks to queue
[2024-10-19T14:47:41.407+0000] {logging_mixin.py:188} INFO - [2024-10-19T14:47:41.407+0000] {dagbag.py:545} INFO - Filling up the DagBag from /home/airflow/.local/lib/python3.11/site-packages/airflow/example_dags/example_branch_operator.py
[2024-10-19T14:47:41.422+0000] {processor.py:840} INFO - DAG(s) 'example_branch_operator' retrieved from /home/airflow/.local/lib/python3.11/site-packages/airflow/example_dags/example_branch_operator.py
[2024-10-19T14:47:41.446+0000] {logging_mixin.py:188} INFO - [2024-10-19T14:47:41.446+0000] {dag.py:3089} INFO - Sync 1 DAGs
[2024-10-19T14:47:41.464+0000] {logging_mixin.py:188} INFO - [2024-10-19T14:47:41.464+0000] {dag.py:3947} INFO - Setting next_dagrun for example_branch_operator to 2024-10-18 00:00:00+00:00, run_after=2024-10-19 00:00:00+00:00
[2024-10-19T14:47:41.482+0000] {processor.py:183} INFO - Processing /home/airflow/.local/lib/python3.11/site-packages/airflow/example_dags/example_branch_operator.py took 0.082 seconds
[2024-10-19T14:48:11.831+0000] {processor.py:161} INFO - Started process (PID=3669) to work on /home/airflow/.local/lib/python3.11/site-packages/airflow/example_dags/example_branch_operator.py
[2024-10-19T14:48:11.833+0000] {processor.py:830} INFO - Processing file /home/airflow/.local/lib/python3.11/site-packages/airflow/example_dags/example_branch_operator.py for tasks to queue
[2024-10-19T14:48:11.833+0000] {logging_mixin.py:188} INFO - [2024-10-19T14:48:11.833+0000] {dagbag.py:545} INFO - Filling up the DagBag from /home/airflow/.local/lib/python3.11/site-packages/airflow/example_dags/example_branch_operator.py
[2024-10-19T14:48:11.846+0000] {processor.py:840} INFO - DAG(s) 'example_branch_operator' retrieved from /home/airflow/.local/lib/python3.11/site-packages/airflow/example_dags/example_branch_operator.py
[2024-10-19T14:48:11.870+0000] {logging_mixin.py:188} INFO - [2024-10-19T14:48:11.870+0000] {dag.py:3089} INFO - Sync 1 DAGs
[2024-10-19T14:48:11.890+0000] {logging_mixin.py:188} INFO - [2024-10-19T14:48:11.890+0000] {dag.py:3947} INFO - Setting next_dagrun for example_branch_operator to 2024-10-18 00:00:00+00:00, run_after=2024-10-19 00:00:00+00:00
[2024-10-19T14:48:11.907+0000] {processor.py:183} INFO - Processing /home/airflow/.local/lib/python3.11/site-packages/airflow/example_dags/example_branch_operator.py took 0.081 seconds
[2024-10-19T14:48:42.017+0000] {processor.py:161} INFO - Started process (PID=3728) to work on /home/airflow/.local/lib/python3.11/site-packages/airflow/example_dags/example_branch_operator.py
[2024-10-19T14:48:42.018+0000] {processor.py:830} INFO - Processing file /home/airflow/.local/lib/python3.11/site-packages/airflow/example_dags/example_branch_operator.py for tasks to queue
[2024-10-19T14:48:42.019+0000] {logging_mixin.py:188} INFO - [2024-10-19T14:48:42.019+0000] {dagbag.py:545} INFO - Filling up the DagBag from /home/airflow/.local/lib/python3.11/site-packages/airflow/example_dags/example_branch_operator.py
[2024-10-19T14:48:42.033+0000] {processor.py:840} INFO - DAG(s) 'example_branch_operator' retrieved from /home/airflow/.local/lib/python3.11/site-packages/airflow/example_dags/example_branch_operator.py
[2024-10-19T14:48:42.057+0000] {logging_mixin.py:188} INFO - [2024-10-19T14:48:42.057+0000] {dag.py:3089} INFO - Sync 1 DAGs
[2024-10-19T14:48:42.077+0000] {logging_mixin.py:188} INFO - [2024-10-19T14:48:42.076+0000] {dag.py:3947} INFO - Setting next_dagrun for example_branch_operator to 2024-10-18 00:00:00+00:00, run_after=2024-10-19 00:00:00+00:00
[2024-10-19T14:48:42.095+0000] {processor.py:183} INFO - Processing /home/airflow/.local/lib/python3.11/site-packages/airflow/example_dags/example_branch_operator.py took 0.084 seconds
[2024-10-19T14:49:12.139+0000] {processor.py:161} INFO - Started process (PID=3787) to work on /home/airflow/.local/lib/python3.11/site-packages/airflow/example_dags/example_branch_operator.py
[2024-10-19T14:49:12.140+0000] {processor.py:830} INFO - Processing file /home/airflow/.local/lib/python3.11/site-packages/airflow/example_dags/example_branch_operator.py for tasks to queue
[2024-10-19T14:49:12.141+0000] {logging_mixin.py:188} INFO - [2024-10-19T14:49:12.141+0000] {dagbag.py:545} INFO - Filling up the DagBag from /home/airflow/.local/lib/python3.11/site-packages/airflow/example_dags/example_branch_operator.py
[2024-10-19T14:49:12.155+0000] {processor.py:840} INFO - DAG(s) 'example_branch_operator' retrieved from /home/airflow/.local/lib/python3.11/site-packages/airflow/example_dags/example_branch_operator.py
[2024-10-19T14:49:12.180+0000] {logging_mixin.py:188} INFO - [2024-10-19T14:49:12.180+0000] {dag.py:3089} INFO - Sync 1 DAGs
[2024-10-19T14:49:12.200+0000] {logging_mixin.py:188} INFO - [2024-10-19T14:49:12.200+0000] {dag.py:3947} INFO - Setting next_dagrun for example_branch_operator to 2024-10-18 00:00:00+00:00, run_after=2024-10-19 00:00:00+00:00
[2024-10-19T14:49:12.216+0000] {processor.py:183} INFO - Processing /home/airflow/.local/lib/python3.11/site-packages/airflow/example_dags/example_branch_operator.py took 0.082 seconds
[2024-10-19T14:49:43.043+0000] {processor.py:161} INFO - Started process (PID=3844) to work on /home/airflow/.local/lib/python3.11/site-packages/airflow/example_dags/example_branch_operator.py
[2024-10-19T14:49:43.044+0000] {processor.py:830} INFO - Processing file /home/airflow/.local/lib/python3.11/site-packages/airflow/example_dags/example_branch_operator.py for tasks to queue
[2024-10-19T14:49:43.045+0000] {logging_mixin.py:188} INFO - [2024-10-19T14:49:43.045+0000] {dagbag.py:545} INFO - Filling up the DagBag from /home/airflow/.local/lib/python3.11/site-packages/airflow/example_dags/example_branch_operator.py
[2024-10-19T14:49:43.059+0000] {processor.py:840} INFO - DAG(s) 'example_branch_operator' retrieved from /home/airflow/.local/lib/python3.11/site-packages/airflow/example_dags/example_branch_operator.py
[2024-10-19T14:49:43.083+0000] {logging_mixin.py:188} INFO - [2024-10-19T14:49:43.083+0000] {dag.py:3089} INFO - Sync 1 DAGs
[2024-10-19T14:49:43.103+0000] {logging_mixin.py:188} INFO - [2024-10-19T14:49:43.103+0000] {dag.py:3947} INFO - Setting next_dagrun for example_branch_operator to 2024-10-18 00:00:00+00:00, run_after=2024-10-19 00:00:00+00:00
[2024-10-19T14:49:43.122+0000] {processor.py:183} INFO - Processing /home/airflow/.local/lib/python3.11/site-packages/airflow/example_dags/example_branch_operator.py took 0.085 seconds
[2024-10-19T14:50:13.203+0000] {processor.py:161} INFO - Started process (PID=3903) to work on /home/airflow/.local/lib/python3.11/site-packages/airflow/example_dags/example_branch_operator.py
[2024-10-19T14:50:13.204+0000] {processor.py:830} INFO - Processing file /home/airflow/.local/lib/python3.11/site-packages/airflow/example_dags/example_branch_operator.py for tasks to queue
[2024-10-19T14:50:13.205+0000] {logging_mixin.py:188} INFO - [2024-10-19T14:50:13.205+0000] {dagbag.py:545} INFO - Filling up the DagBag from /home/airflow/.local/lib/python3.11/site-packages/airflow/example_dags/example_branch_operator.py
[2024-10-19T14:50:13.219+0000] {processor.py:840} INFO - DAG(s) 'example_branch_operator' retrieved from /home/airflow/.local/lib/python3.11/site-packages/airflow/example_dags/example_branch_operator.py
[2024-10-19T14:50:13.242+0000] {logging_mixin.py:188} INFO - [2024-10-19T14:50:13.242+0000] {dag.py:3089} INFO - Sync 1 DAGs
[2024-10-19T14:50:13.261+0000] {logging_mixin.py:188} INFO - [2024-10-19T14:50:13.261+0000] {dag.py:3947} INFO - Setting next_dagrun for example_branch_operator to 2024-10-18 00:00:00+00:00, run_after=2024-10-19 00:00:00+00:00
[2024-10-19T14:50:13.279+0000] {processor.py:183} INFO - Processing /home/airflow/.local/lib/python3.11/site-packages/airflow/example_dags/example_branch_operator.py took 0.080 seconds
[2024-10-19T14:50:43.872+0000] {processor.py:161} INFO - Started process (PID=3962) to work on /home/airflow/.local/lib/python3.11/site-packages/airflow/example_dags/example_branch_operator.py
[2024-10-19T14:50:43.872+0000] {processor.py:830} INFO - Processing file /home/airflow/.local/lib/python3.11/site-packages/airflow/example_dags/example_branch_operator.py for tasks to queue
[2024-10-19T14:50:43.873+0000] {logging_mixin.py:188} INFO - [2024-10-19T14:50:43.873+0000] {dagbag.py:545} INFO - Filling up the DagBag from /home/airflow/.local/lib/python3.11/site-packages/airflow/example_dags/example_branch_operator.py
[2024-10-19T14:50:43.888+0000] {processor.py:840} INFO - DAG(s) 'example_branch_operator' retrieved from /home/airflow/.local/lib/python3.11/site-packages/airflow/example_dags/example_branch_operator.py
[2024-10-19T14:50:43.913+0000] {logging_mixin.py:188} INFO - [2024-10-19T14:50:43.913+0000] {dag.py:3089} INFO - Sync 1 DAGs
[2024-10-19T14:50:43.933+0000] {logging_mixin.py:188} INFO - [2024-10-19T14:50:43.932+0000] {dag.py:3947} INFO - Setting next_dagrun for example_branch_operator to 2024-10-18 00:00:00+00:00, run_after=2024-10-19 00:00:00+00:00
[2024-10-19T14:50:43.952+0000] {processor.py:183} INFO - Processing /home/airflow/.local/lib/python3.11/site-packages/airflow/example_dags/example_branch_operator.py took 0.086 seconds
[2024-10-19T14:51:14.615+0000] {processor.py:161} INFO - Started process (PID=4021) to work on /home/airflow/.local/lib/python3.11/site-packages/airflow/example_dags/example_branch_operator.py
[2024-10-19T14:51:14.616+0000] {processor.py:830} INFO - Processing file /home/airflow/.local/lib/python3.11/site-packages/airflow/example_dags/example_branch_operator.py for tasks to queue
[2024-10-19T14:51:14.617+0000] {logging_mixin.py:188} INFO - [2024-10-19T14:51:14.617+0000] {dagbag.py:545} INFO - Filling up the DagBag from /home/airflow/.local/lib/python3.11/site-packages/airflow/example_dags/example_branch_operator.py
[2024-10-19T14:51:14.633+0000] {processor.py:840} INFO - DAG(s) 'example_branch_operator' retrieved from /home/airflow/.local/lib/python3.11/site-packages/airflow/example_dags/example_branch_operator.py
[2024-10-19T14:51:14.661+0000] {logging_mixin.py:188} INFO - [2024-10-19T14:51:14.660+0000] {dag.py:3089} INFO - Sync 1 DAGs
[2024-10-19T14:51:14.686+0000] {logging_mixin.py:188} INFO - [2024-10-19T14:51:14.685+0000] {dag.py:3947} INFO - Setting next_dagrun for example_branch_operator to 2024-10-18 00:00:00+00:00, run_after=2024-10-19 00:00:00+00:00
[2024-10-19T14:51:14.705+0000] {processor.py:183} INFO - Processing /home/airflow/.local/lib/python3.11/site-packages/airflow/example_dags/example_branch_operator.py took 0.097 seconds
[2024-10-19T14:51:44.831+0000] {processor.py:161} INFO - Started process (PID=4080) to work on /home/airflow/.local/lib/python3.11/site-packages/airflow/example_dags/example_branch_operator.py
[2024-10-19T14:51:44.832+0000] {processor.py:830} INFO - Processing file /home/airflow/.local/lib/python3.11/site-packages/airflow/example_dags/example_branch_operator.py for tasks to queue
[2024-10-19T14:51:44.834+0000] {logging_mixin.py:188} INFO - [2024-10-19T14:51:44.833+0000] {dagbag.py:545} INFO - Filling up the DagBag from /home/airflow/.local/lib/python3.11/site-packages/airflow/example_dags/example_branch_operator.py
[2024-10-19T14:51:44.855+0000] {processor.py:840} INFO - DAG(s) 'example_branch_operator' retrieved from /home/airflow/.local/lib/python3.11/site-packages/airflow/example_dags/example_branch_operator.py
[2024-10-19T14:51:44.878+0000] {logging_mixin.py:188} INFO - [2024-10-19T14:51:44.878+0000] {dag.py:3089} INFO - Sync 1 DAGs
[2024-10-19T14:51:44.896+0000] {logging_mixin.py:188} INFO - [2024-10-19T14:51:44.896+0000] {dag.py:3947} INFO - Setting next_dagrun for example_branch_operator to 2024-10-18 00:00:00+00:00, run_after=2024-10-19 00:00:00+00:00
[2024-10-19T14:51:44.915+0000] {processor.py:183} INFO - Processing /home/airflow/.local/lib/python3.11/site-packages/airflow/example_dags/example_branch_operator.py took 0.094 seconds
