[2024-10-19T14:18:49.397+0000] {processor.py:161} INFO - Started process (PID=94) to work on /home/airflow/.local/lib/python3.11/site-packages/airflow/example_dags/tutorial_taskflow_api_virtualenv.py
[2024-10-19T14:18:49.398+0000] {processor.py:830} INFO - Processing file /home/airflow/.local/lib/python3.11/site-packages/airflow/example_dags/tutorial_taskflow_api_virtualenv.py for tasks to queue
[2024-10-19T14:18:49.401+0000] {logging_mixin.py:188} INFO - [2024-10-19T14:18:49.400+0000] {dagbag.py:545} INFO - Filling up the DagBag from /home/airflow/.local/lib/python3.11/site-packages/airflow/example_dags/tutorial_taskflow_api_virtualenv.py
[2024-10-19T14:18:49.416+0000] {processor.py:840} INFO - DAG(s) 'tutorial_taskflow_api_virtualenv' retrieved from /home/airflow/.local/lib/python3.11/site-packages/airflow/example_dags/tutorial_taskflow_api_virtualenv.py
[2024-10-19T14:18:49.513+0000] {logging_mixin.py:188} INFO - [2024-10-19T14:18:49.513+0000] {override.py:1858} INFO - Created Permission View: can edit on DAG:tutorial_taskflow_api_virtualenv
[2024-10-19T14:18:49.527+0000] {logging_mixin.py:188} INFO - [2024-10-19T14:18:49.527+0000] {override.py:1858} INFO - Created Permission View: can delete on DAG:tutorial_taskflow_api_virtualenv
[2024-10-19T14:18:49.540+0000] {logging_mixin.py:188} INFO - [2024-10-19T14:18:49.539+0000] {override.py:1858} INFO - Created Permission View: can read on DAG:tutorial_taskflow_api_virtualenv
[2024-10-19T14:18:49.543+0000] {logging_mixin.py:188} INFO - [2024-10-19T14:18:49.543+0000] {dag.py:3089} INFO - Sync 1 DAGs
[2024-10-19T14:18:49.558+0000] {logging_mixin.py:188} INFO - [2024-10-19T14:18:49.557+0000] {dag.py:3111} INFO - Creating ORM DAG for tutorial_taskflow_api_virtualenv
[2024-10-19T14:18:49.559+0000] {logging_mixin.py:188} INFO - [2024-10-19T14:18:49.559+0000] {dag.py:3947} INFO - Setting next_dagrun for tutorial_taskflow_api_virtualenv to None, run_after=None
[2024-10-19T14:18:49.587+0000] {processor.py:183} INFO - Processing /home/airflow/.local/lib/python3.11/site-packages/airflow/example_dags/tutorial_taskflow_api_virtualenv.py took 0.196 seconds
[2024-10-19T14:19:20.547+0000] {processor.py:161} INFO - Started process (PID=152) to work on /home/airflow/.local/lib/python3.11/site-packages/airflow/example_dags/tutorial_taskflow_api_virtualenv.py
[2024-10-19T14:19:20.548+0000] {processor.py:830} INFO - Processing file /home/airflow/.local/lib/python3.11/site-packages/airflow/example_dags/tutorial_taskflow_api_virtualenv.py for tasks to queue
[2024-10-19T14:19:20.550+0000] {logging_mixin.py:188} INFO - [2024-10-19T14:19:20.549+0000] {dagbag.py:545} INFO - Filling up the DagBag from /home/airflow/.local/lib/python3.11/site-packages/airflow/example_dags/tutorial_taskflow_api_virtualenv.py
[2024-10-19T14:19:20.558+0000] {processor.py:840} INFO - DAG(s) 'tutorial_taskflow_api_virtualenv' retrieved from /home/airflow/.local/lib/python3.11/site-packages/airflow/example_dags/tutorial_taskflow_api_virtualenv.py
[2024-10-19T14:19:20.575+0000] {logging_mixin.py:188} INFO - [2024-10-19T14:19:20.575+0000] {dag.py:3089} INFO - Sync 1 DAGs
[2024-10-19T14:19:20.586+0000] {logging_mixin.py:188} INFO - [2024-10-19T14:19:20.585+0000] {dag.py:3947} INFO - Setting next_dagrun for tutorial_taskflow_api_virtualenv to None, run_after=None
[2024-10-19T14:19:20.607+0000] {processor.py:183} INFO - Processing /home/airflow/.local/lib/python3.11/site-packages/airflow/example_dags/tutorial_taskflow_api_virtualenv.py took 0.065 seconds
[2024-10-19T14:19:51.444+0000] {processor.py:161} INFO - Started process (PID=210) to work on /home/airflow/.local/lib/python3.11/site-packages/airflow/example_dags/tutorial_taskflow_api_virtualenv.py
[2024-10-19T14:19:51.445+0000] {processor.py:830} INFO - Processing file /home/airflow/.local/lib/python3.11/site-packages/airflow/example_dags/tutorial_taskflow_api_virtualenv.py for tasks to queue
[2024-10-19T14:19:51.446+0000] {logging_mixin.py:188} INFO - [2024-10-19T14:19:51.446+0000] {dagbag.py:545} INFO - Filling up the DagBag from /home/airflow/.local/lib/python3.11/site-packages/airflow/example_dags/tutorial_taskflow_api_virtualenv.py
[2024-10-19T14:19:51.461+0000] {processor.py:840} INFO - DAG(s) 'tutorial_taskflow_api_virtualenv' retrieved from /home/airflow/.local/lib/python3.11/site-packages/airflow/example_dags/tutorial_taskflow_api_virtualenv.py
[2024-10-19T14:19:51.482+0000] {logging_mixin.py:188} INFO - [2024-10-19T14:19:51.482+0000] {dag.py:3089} INFO - Sync 1 DAGs
[2024-10-19T14:19:51.493+0000] {logging_mixin.py:188} INFO - [2024-10-19T14:19:51.493+0000] {dag.py:3947} INFO - Setting next_dagrun for tutorial_taskflow_api_virtualenv to None, run_after=None
[2024-10-19T14:19:51.512+0000] {processor.py:183} INFO - Processing /home/airflow/.local/lib/python3.11/site-packages/airflow/example_dags/tutorial_taskflow_api_virtualenv.py took 0.074 seconds
[2024-10-19T14:20:22.111+0000] {processor.py:161} INFO - Started process (PID=268) to work on /home/airflow/.local/lib/python3.11/site-packages/airflow/example_dags/tutorial_taskflow_api_virtualenv.py
[2024-10-19T14:20:22.112+0000] {processor.py:830} INFO - Processing file /home/airflow/.local/lib/python3.11/site-packages/airflow/example_dags/tutorial_taskflow_api_virtualenv.py for tasks to queue
[2024-10-19T14:20:22.113+0000] {logging_mixin.py:188} INFO - [2024-10-19T14:20:22.113+0000] {dagbag.py:545} INFO - Filling up the DagBag from /home/airflow/.local/lib/python3.11/site-packages/airflow/example_dags/tutorial_taskflow_api_virtualenv.py
[2024-10-19T14:20:22.121+0000] {processor.py:840} INFO - DAG(s) 'tutorial_taskflow_api_virtualenv' retrieved from /home/airflow/.local/lib/python3.11/site-packages/airflow/example_dags/tutorial_taskflow_api_virtualenv.py
[2024-10-19T14:20:22.137+0000] {logging_mixin.py:188} INFO - [2024-10-19T14:20:22.136+0000] {dag.py:3089} INFO - Sync 1 DAGs
[2024-10-19T14:20:22.146+0000] {logging_mixin.py:188} INFO - [2024-10-19T14:20:22.146+0000] {dag.py:3947} INFO - Setting next_dagrun for tutorial_taskflow_api_virtualenv to None, run_after=None
[2024-10-19T14:20:22.173+0000] {processor.py:183} INFO - Processing /home/airflow/.local/lib/python3.11/site-packages/airflow/example_dags/tutorial_taskflow_api_virtualenv.py took 0.067 seconds
[2024-10-19T14:20:52.849+0000] {processor.py:161} INFO - Started process (PID=326) to work on /home/airflow/.local/lib/python3.11/site-packages/airflow/example_dags/tutorial_taskflow_api_virtualenv.py
[2024-10-19T14:20:52.850+0000] {processor.py:830} INFO - Processing file /home/airflow/.local/lib/python3.11/site-packages/airflow/example_dags/tutorial_taskflow_api_virtualenv.py for tasks to queue
[2024-10-19T14:20:52.852+0000] {logging_mixin.py:188} INFO - [2024-10-19T14:20:52.852+0000] {dagbag.py:545} INFO - Filling up the DagBag from /home/airflow/.local/lib/python3.11/site-packages/airflow/example_dags/tutorial_taskflow_api_virtualenv.py
[2024-10-19T14:20:52.865+0000] {processor.py:840} INFO - DAG(s) 'tutorial_taskflow_api_virtualenv' retrieved from /home/airflow/.local/lib/python3.11/site-packages/airflow/example_dags/tutorial_taskflow_api_virtualenv.py
[2024-10-19T14:20:52.887+0000] {logging_mixin.py:188} INFO - [2024-10-19T14:20:52.887+0000] {dag.py:3089} INFO - Sync 1 DAGs
[2024-10-19T14:20:52.905+0000] {logging_mixin.py:188} INFO - [2024-10-19T14:20:52.904+0000] {dag.py:3947} INFO - Setting next_dagrun for tutorial_taskflow_api_virtualenv to None, run_after=None
[2024-10-19T14:20:52.948+0000] {processor.py:183} INFO - Processing /home/airflow/.local/lib/python3.11/site-packages/airflow/example_dags/tutorial_taskflow_api_virtualenv.py took 0.105 seconds
[2024-10-19T14:21:23.025+0000] {processor.py:161} INFO - Started process (PID=384) to work on /home/airflow/.local/lib/python3.11/site-packages/airflow/example_dags/tutorial_taskflow_api_virtualenv.py
[2024-10-19T14:21:23.026+0000] {processor.py:830} INFO - Processing file /home/airflow/.local/lib/python3.11/site-packages/airflow/example_dags/tutorial_taskflow_api_virtualenv.py for tasks to queue
[2024-10-19T14:21:23.029+0000] {logging_mixin.py:188} INFO - [2024-10-19T14:21:23.028+0000] {dagbag.py:545} INFO - Filling up the DagBag from /home/airflow/.local/lib/python3.11/site-packages/airflow/example_dags/tutorial_taskflow_api_virtualenv.py
[2024-10-19T14:21:23.039+0000] {processor.py:840} INFO - DAG(s) 'tutorial_taskflow_api_virtualenv' retrieved from /home/airflow/.local/lib/python3.11/site-packages/airflow/example_dags/tutorial_taskflow_api_virtualenv.py
[2024-10-19T14:21:23.056+0000] {logging_mixin.py:188} INFO - [2024-10-19T14:21:23.055+0000] {dag.py:3089} INFO - Sync 1 DAGs
[2024-10-19T14:21:23.067+0000] {logging_mixin.py:188} INFO - [2024-10-19T14:21:23.067+0000] {dag.py:3947} INFO - Setting next_dagrun for tutorial_taskflow_api_virtualenv to None, run_after=None
[2024-10-19T14:21:23.087+0000] {processor.py:183} INFO - Processing /home/airflow/.local/lib/python3.11/site-packages/airflow/example_dags/tutorial_taskflow_api_virtualenv.py took 0.067 seconds
[2024-10-19T14:21:54.056+0000] {processor.py:161} INFO - Started process (PID=442) to work on /home/airflow/.local/lib/python3.11/site-packages/airflow/example_dags/tutorial_taskflow_api_virtualenv.py
[2024-10-19T14:21:54.057+0000] {processor.py:830} INFO - Processing file /home/airflow/.local/lib/python3.11/site-packages/airflow/example_dags/tutorial_taskflow_api_virtualenv.py for tasks to queue
[2024-10-19T14:21:54.059+0000] {logging_mixin.py:188} INFO - [2024-10-19T14:21:54.059+0000] {dagbag.py:545} INFO - Filling up the DagBag from /home/airflow/.local/lib/python3.11/site-packages/airflow/example_dags/tutorial_taskflow_api_virtualenv.py
[2024-10-19T14:21:54.068+0000] {processor.py:840} INFO - DAG(s) 'tutorial_taskflow_api_virtualenv' retrieved from /home/airflow/.local/lib/python3.11/site-packages/airflow/example_dags/tutorial_taskflow_api_virtualenv.py
[2024-10-19T14:21:54.089+0000] {logging_mixin.py:188} INFO - [2024-10-19T14:21:54.088+0000] {dag.py:3089} INFO - Sync 1 DAGs
[2024-10-19T14:21:54.101+0000] {logging_mixin.py:188} INFO - [2024-10-19T14:21:54.101+0000] {dag.py:3947} INFO - Setting next_dagrun for tutorial_taskflow_api_virtualenv to None, run_after=None
[2024-10-19T14:21:54.128+0000] {processor.py:183} INFO - Processing /home/airflow/.local/lib/python3.11/site-packages/airflow/example_dags/tutorial_taskflow_api_virtualenv.py took 0.077 seconds
[2024-10-19T14:22:25.066+0000] {processor.py:161} INFO - Started process (PID=500) to work on /home/airflow/.local/lib/python3.11/site-packages/airflow/example_dags/tutorial_taskflow_api_virtualenv.py
[2024-10-19T14:22:25.067+0000] {processor.py:830} INFO - Processing file /home/airflow/.local/lib/python3.11/site-packages/airflow/example_dags/tutorial_taskflow_api_virtualenv.py for tasks to queue
[2024-10-19T14:22:25.068+0000] {logging_mixin.py:188} INFO - [2024-10-19T14:22:25.068+0000] {dagbag.py:545} INFO - Filling up the DagBag from /home/airflow/.local/lib/python3.11/site-packages/airflow/example_dags/tutorial_taskflow_api_virtualenv.py
[2024-10-19T14:22:25.079+0000] {processor.py:840} INFO - DAG(s) 'tutorial_taskflow_api_virtualenv' retrieved from /home/airflow/.local/lib/python3.11/site-packages/airflow/example_dags/tutorial_taskflow_api_virtualenv.py
[2024-10-19T14:22:25.097+0000] {logging_mixin.py:188} INFO - [2024-10-19T14:22:25.097+0000] {dag.py:3089} INFO - Sync 1 DAGs
[2024-10-19T14:22:25.109+0000] {logging_mixin.py:188} INFO - [2024-10-19T14:22:25.109+0000] {dag.py:3947} INFO - Setting next_dagrun for tutorial_taskflow_api_virtualenv to None, run_after=None
[2024-10-19T14:22:25.128+0000] {processor.py:183} INFO - Processing /home/airflow/.local/lib/python3.11/site-packages/airflow/example_dags/tutorial_taskflow_api_virtualenv.py took 0.068 seconds
[2024-10-19T14:22:55.823+0000] {processor.py:161} INFO - Started process (PID=558) to work on /home/airflow/.local/lib/python3.11/site-packages/airflow/example_dags/tutorial_taskflow_api_virtualenv.py
[2024-10-19T14:22:55.824+0000] {processor.py:830} INFO - Processing file /home/airflow/.local/lib/python3.11/site-packages/airflow/example_dags/tutorial_taskflow_api_virtualenv.py for tasks to queue
[2024-10-19T14:22:55.826+0000] {logging_mixin.py:188} INFO - [2024-10-19T14:22:55.826+0000] {dagbag.py:545} INFO - Filling up the DagBag from /home/airflow/.local/lib/python3.11/site-packages/airflow/example_dags/tutorial_taskflow_api_virtualenv.py
[2024-10-19T14:22:55.835+0000] {processor.py:840} INFO - DAG(s) 'tutorial_taskflow_api_virtualenv' retrieved from /home/airflow/.local/lib/python3.11/site-packages/airflow/example_dags/tutorial_taskflow_api_virtualenv.py
[2024-10-19T14:22:55.852+0000] {logging_mixin.py:188} INFO - [2024-10-19T14:22:55.852+0000] {dag.py:3089} INFO - Sync 1 DAGs
[2024-10-19T14:22:55.864+0000] {logging_mixin.py:188} INFO - [2024-10-19T14:22:55.864+0000] {dag.py:3947} INFO - Setting next_dagrun for tutorial_taskflow_api_virtualenv to None, run_after=None
[2024-10-19T14:22:55.891+0000] {processor.py:183} INFO - Processing /home/airflow/.local/lib/python3.11/site-packages/airflow/example_dags/tutorial_taskflow_api_virtualenv.py took 0.073 seconds
[2024-10-19T14:23:26.482+0000] {processor.py:161} INFO - Started process (PID=616) to work on /home/airflow/.local/lib/python3.11/site-packages/airflow/example_dags/tutorial_taskflow_api_virtualenv.py
[2024-10-19T14:23:26.483+0000] {processor.py:830} INFO - Processing file /home/airflow/.local/lib/python3.11/site-packages/airflow/example_dags/tutorial_taskflow_api_virtualenv.py for tasks to queue
[2024-10-19T14:23:26.484+0000] {logging_mixin.py:188} INFO - [2024-10-19T14:23:26.484+0000] {dagbag.py:545} INFO - Filling up the DagBag from /home/airflow/.local/lib/python3.11/site-packages/airflow/example_dags/tutorial_taskflow_api_virtualenv.py
[2024-10-19T14:23:26.492+0000] {processor.py:840} INFO - DAG(s) 'tutorial_taskflow_api_virtualenv' retrieved from /home/airflow/.local/lib/python3.11/site-packages/airflow/example_dags/tutorial_taskflow_api_virtualenv.py
[2024-10-19T14:23:26.509+0000] {logging_mixin.py:188} INFO - [2024-10-19T14:23:26.509+0000] {dag.py:3089} INFO - Sync 1 DAGs
[2024-10-19T14:23:26.521+0000] {logging_mixin.py:188} INFO - [2024-10-19T14:23:26.521+0000] {dag.py:3947} INFO - Setting next_dagrun for tutorial_taskflow_api_virtualenv to None, run_after=None
[2024-10-19T14:23:26.551+0000] {processor.py:183} INFO - Processing /home/airflow/.local/lib/python3.11/site-packages/airflow/example_dags/tutorial_taskflow_api_virtualenv.py took 0.074 seconds
[2024-10-19T14:23:57.225+0000] {processor.py:161} INFO - Started process (PID=675) to work on /home/airflow/.local/lib/python3.11/site-packages/airflow/example_dags/tutorial_taskflow_api_virtualenv.py
[2024-10-19T14:23:57.225+0000] {processor.py:830} INFO - Processing file /home/airflow/.local/lib/python3.11/site-packages/airflow/example_dags/tutorial_taskflow_api_virtualenv.py for tasks to queue
[2024-10-19T14:23:57.227+0000] {logging_mixin.py:188} INFO - [2024-10-19T14:23:57.227+0000] {dagbag.py:545} INFO - Filling up the DagBag from /home/airflow/.local/lib/python3.11/site-packages/airflow/example_dags/tutorial_taskflow_api_virtualenv.py
[2024-10-19T14:23:57.235+0000] {processor.py:840} INFO - DAG(s) 'tutorial_taskflow_api_virtualenv' retrieved from /home/airflow/.local/lib/python3.11/site-packages/airflow/example_dags/tutorial_taskflow_api_virtualenv.py
[2024-10-19T14:23:57.251+0000] {logging_mixin.py:188} INFO - [2024-10-19T14:23:57.250+0000] {dag.py:3089} INFO - Sync 1 DAGs
[2024-10-19T14:23:57.260+0000] {logging_mixin.py:188} INFO - [2024-10-19T14:23:57.260+0000] {dag.py:3947} INFO - Setting next_dagrun for tutorial_taskflow_api_virtualenv to None, run_after=None
[2024-10-19T14:23:57.278+0000] {processor.py:183} INFO - Processing /home/airflow/.local/lib/python3.11/site-packages/airflow/example_dags/tutorial_taskflow_api_virtualenv.py took 0.058 seconds
[2024-10-19T14:24:27.435+0000] {processor.py:161} INFO - Started process (PID=734) to work on /home/airflow/.local/lib/python3.11/site-packages/airflow/example_dags/tutorial_taskflow_api_virtualenv.py
[2024-10-19T14:24:27.436+0000] {processor.py:830} INFO - Processing file /home/airflow/.local/lib/python3.11/site-packages/airflow/example_dags/tutorial_taskflow_api_virtualenv.py for tasks to queue
[2024-10-19T14:24:27.438+0000] {logging_mixin.py:188} INFO - [2024-10-19T14:24:27.438+0000] {dagbag.py:545} INFO - Filling up the DagBag from /home/airflow/.local/lib/python3.11/site-packages/airflow/example_dags/tutorial_taskflow_api_virtualenv.py
[2024-10-19T14:24:27.454+0000] {processor.py:840} INFO - DAG(s) 'tutorial_taskflow_api_virtualenv' retrieved from /home/airflow/.local/lib/python3.11/site-packages/airflow/example_dags/tutorial_taskflow_api_virtualenv.py
[2024-10-19T14:24:27.484+0000] {logging_mixin.py:188} INFO - [2024-10-19T14:24:27.484+0000] {dag.py:3089} INFO - Sync 1 DAGs
[2024-10-19T14:24:27.502+0000] {logging_mixin.py:188} INFO - [2024-10-19T14:24:27.501+0000] {dag.py:3947} INFO - Setting next_dagrun for tutorial_taskflow_api_virtualenv to None, run_after=None
[2024-10-19T14:24:27.532+0000] {processor.py:183} INFO - Processing /home/airflow/.local/lib/python3.11/site-packages/airflow/example_dags/tutorial_taskflow_api_virtualenv.py took 0.105 seconds
[2024-10-19T14:24:58.007+0000] {processor.py:161} INFO - Started process (PID=793) to work on /home/airflow/.local/lib/python3.11/site-packages/airflow/example_dags/tutorial_taskflow_api_virtualenv.py
[2024-10-19T14:24:58.009+0000] {processor.py:830} INFO - Processing file /home/airflow/.local/lib/python3.11/site-packages/airflow/example_dags/tutorial_taskflow_api_virtualenv.py for tasks to queue
[2024-10-19T14:24:58.017+0000] {logging_mixin.py:188} INFO - [2024-10-19T14:24:58.017+0000] {dagbag.py:545} INFO - Filling up the DagBag from /home/airflow/.local/lib/python3.11/site-packages/airflow/example_dags/tutorial_taskflow_api_virtualenv.py
[2024-10-19T14:24:58.035+0000] {processor.py:840} INFO - DAG(s) 'tutorial_taskflow_api_virtualenv' retrieved from /home/airflow/.local/lib/python3.11/site-packages/airflow/example_dags/tutorial_taskflow_api_virtualenv.py
[2024-10-19T14:24:58.092+0000] {logging_mixin.py:188} INFO - [2024-10-19T14:24:58.092+0000] {dag.py:3089} INFO - Sync 1 DAGs
[2024-10-19T14:24:58.112+0000] {logging_mixin.py:188} INFO - [2024-10-19T14:24:58.112+0000] {dag.py:3947} INFO - Setting next_dagrun for tutorial_taskflow_api_virtualenv to None, run_after=None
[2024-10-19T14:24:58.149+0000] {processor.py:183} INFO - Processing /home/airflow/.local/lib/python3.11/site-packages/airflow/example_dags/tutorial_taskflow_api_virtualenv.py took 0.154 seconds
[2024-10-19T14:25:28.610+0000] {processor.py:161} INFO - Started process (PID=851) to work on /home/airflow/.local/lib/python3.11/site-packages/airflow/example_dags/tutorial_taskflow_api_virtualenv.py
[2024-10-19T14:25:28.611+0000] {processor.py:830} INFO - Processing file /home/airflow/.local/lib/python3.11/site-packages/airflow/example_dags/tutorial_taskflow_api_virtualenv.py for tasks to queue
[2024-10-19T14:25:28.613+0000] {logging_mixin.py:188} INFO - [2024-10-19T14:25:28.612+0000] {dagbag.py:545} INFO - Filling up the DagBag from /home/airflow/.local/lib/python3.11/site-packages/airflow/example_dags/tutorial_taskflow_api_virtualenv.py
[2024-10-19T14:25:28.621+0000] {processor.py:840} INFO - DAG(s) 'tutorial_taskflow_api_virtualenv' retrieved from /home/airflow/.local/lib/python3.11/site-packages/airflow/example_dags/tutorial_taskflow_api_virtualenv.py
[2024-10-19T14:25:28.637+0000] {logging_mixin.py:188} INFO - [2024-10-19T14:25:28.636+0000] {dag.py:3089} INFO - Sync 1 DAGs
[2024-10-19T14:25:28.646+0000] {logging_mixin.py:188} INFO - [2024-10-19T14:25:28.646+0000] {dag.py:3947} INFO - Setting next_dagrun for tutorial_taskflow_api_virtualenv to None, run_after=None
[2024-10-19T14:25:28.662+0000] {processor.py:183} INFO - Processing /home/airflow/.local/lib/python3.11/site-packages/airflow/example_dags/tutorial_taskflow_api_virtualenv.py took 0.057 seconds
[2024-10-19T14:25:59.576+0000] {processor.py:161} INFO - Started process (PID=910) to work on /home/airflow/.local/lib/python3.11/site-packages/airflow/example_dags/tutorial_taskflow_api_virtualenv.py
[2024-10-19T14:25:59.586+0000] {processor.py:830} INFO - Processing file /home/airflow/.local/lib/python3.11/site-packages/airflow/example_dags/tutorial_taskflow_api_virtualenv.py for tasks to queue
[2024-10-19T14:25:59.600+0000] {logging_mixin.py:188} INFO - [2024-10-19T14:25:59.599+0000] {dagbag.py:545} INFO - Filling up the DagBag from /home/airflow/.local/lib/python3.11/site-packages/airflow/example_dags/tutorial_taskflow_api_virtualenv.py
[2024-10-19T14:25:59.614+0000] {processor.py:840} INFO - DAG(s) 'tutorial_taskflow_api_virtualenv' retrieved from /home/airflow/.local/lib/python3.11/site-packages/airflow/example_dags/tutorial_taskflow_api_virtualenv.py
[2024-10-19T14:25:59.673+0000] {logging_mixin.py:188} INFO - [2024-10-19T14:25:59.673+0000] {dag.py:3089} INFO - Sync 1 DAGs
[2024-10-19T14:25:59.693+0000] {logging_mixin.py:188} INFO - [2024-10-19T14:25:59.693+0000] {dag.py:3947} INFO - Setting next_dagrun for tutorial_taskflow_api_virtualenv to None, run_after=None
[2024-10-19T14:25:59.744+0000] {processor.py:183} INFO - Processing /home/airflow/.local/lib/python3.11/site-packages/airflow/example_dags/tutorial_taskflow_api_virtualenv.py took 0.176 seconds
[2024-10-19T14:26:30.178+0000] {processor.py:161} INFO - Started process (PID=972) to work on /home/airflow/.local/lib/python3.11/site-packages/airflow/example_dags/tutorial_taskflow_api_virtualenv.py
[2024-10-19T14:26:30.179+0000] {processor.py:830} INFO - Processing file /home/airflow/.local/lib/python3.11/site-packages/airflow/example_dags/tutorial_taskflow_api_virtualenv.py for tasks to queue
[2024-10-19T14:26:30.181+0000] {logging_mixin.py:188} INFO - [2024-10-19T14:26:30.181+0000] {dagbag.py:545} INFO - Filling up the DagBag from /home/airflow/.local/lib/python3.11/site-packages/airflow/example_dags/tutorial_taskflow_api_virtualenv.py
[2024-10-19T14:26:30.189+0000] {processor.py:840} INFO - DAG(s) 'tutorial_taskflow_api_virtualenv' retrieved from /home/airflow/.local/lib/python3.11/site-packages/airflow/example_dags/tutorial_taskflow_api_virtualenv.py
[2024-10-19T14:26:30.206+0000] {logging_mixin.py:188} INFO - [2024-10-19T14:26:30.206+0000] {dag.py:3089} INFO - Sync 1 DAGs
[2024-10-19T14:26:30.216+0000] {logging_mixin.py:188} INFO - [2024-10-19T14:26:30.216+0000] {dag.py:3947} INFO - Setting next_dagrun for tutorial_taskflow_api_virtualenv to None, run_after=None
[2024-10-19T14:26:30.240+0000] {processor.py:183} INFO - Processing /home/airflow/.local/lib/python3.11/site-packages/airflow/example_dags/tutorial_taskflow_api_virtualenv.py took 0.066 seconds
[2024-10-19T14:27:01.193+0000] {processor.py:161} INFO - Started process (PID=1032) to work on /home/airflow/.local/lib/python3.11/site-packages/airflow/example_dags/tutorial_taskflow_api_virtualenv.py
[2024-10-19T14:27:01.194+0000] {processor.py:830} INFO - Processing file /home/airflow/.local/lib/python3.11/site-packages/airflow/example_dags/tutorial_taskflow_api_virtualenv.py for tasks to queue
[2024-10-19T14:27:01.196+0000] {logging_mixin.py:188} INFO - [2024-10-19T14:27:01.195+0000] {dagbag.py:545} INFO - Filling up the DagBag from /home/airflow/.local/lib/python3.11/site-packages/airflow/example_dags/tutorial_taskflow_api_virtualenv.py
[2024-10-19T14:27:01.205+0000] {processor.py:840} INFO - DAG(s) 'tutorial_taskflow_api_virtualenv' retrieved from /home/airflow/.local/lib/python3.11/site-packages/airflow/example_dags/tutorial_taskflow_api_virtualenv.py
[2024-10-19T14:27:01.221+0000] {logging_mixin.py:188} INFO - [2024-10-19T14:27:01.221+0000] {dag.py:3089} INFO - Sync 1 DAGs
[2024-10-19T14:27:01.232+0000] {logging_mixin.py:188} INFO - [2024-10-19T14:27:01.232+0000] {dag.py:3947} INFO - Setting next_dagrun for tutorial_taskflow_api_virtualenv to None, run_after=None
[2024-10-19T14:27:01.247+0000] {processor.py:183} INFO - Processing /home/airflow/.local/lib/python3.11/site-packages/airflow/example_dags/tutorial_taskflow_api_virtualenv.py took 0.059 seconds
[2024-10-19T14:27:32.007+0000] {processor.py:161} INFO - Started process (PID=1093) to work on /home/airflow/.local/lib/python3.11/site-packages/airflow/example_dags/tutorial_taskflow_api_virtualenv.py
[2024-10-19T14:27:32.008+0000] {processor.py:830} INFO - Processing file /home/airflow/.local/lib/python3.11/site-packages/airflow/example_dags/tutorial_taskflow_api_virtualenv.py for tasks to queue
[2024-10-19T14:27:32.010+0000] {logging_mixin.py:188} INFO - [2024-10-19T14:27:32.009+0000] {dagbag.py:545} INFO - Filling up the DagBag from /home/airflow/.local/lib/python3.11/site-packages/airflow/example_dags/tutorial_taskflow_api_virtualenv.py
[2024-10-19T14:27:32.019+0000] {processor.py:840} INFO - DAG(s) 'tutorial_taskflow_api_virtualenv' retrieved from /home/airflow/.local/lib/python3.11/site-packages/airflow/example_dags/tutorial_taskflow_api_virtualenv.py
[2024-10-19T14:27:32.037+0000] {logging_mixin.py:188} INFO - [2024-10-19T14:27:32.037+0000] {dag.py:3089} INFO - Sync 1 DAGs
[2024-10-19T14:27:32.048+0000] {logging_mixin.py:188} INFO - [2024-10-19T14:27:32.048+0000] {dag.py:3947} INFO - Setting next_dagrun for tutorial_taskflow_api_virtualenv to None, run_after=None
[2024-10-19T14:27:32.067+0000] {processor.py:183} INFO - Processing /home/airflow/.local/lib/python3.11/site-packages/airflow/example_dags/tutorial_taskflow_api_virtualenv.py took 0.067 seconds
[2024-10-19T14:28:02.281+0000] {processor.py:161} INFO - Started process (PID=1152) to work on /home/airflow/.local/lib/python3.11/site-packages/airflow/example_dags/tutorial_taskflow_api_virtualenv.py
[2024-10-19T14:28:02.282+0000] {processor.py:830} INFO - Processing file /home/airflow/.local/lib/python3.11/site-packages/airflow/example_dags/tutorial_taskflow_api_virtualenv.py for tasks to queue
[2024-10-19T14:28:02.283+0000] {logging_mixin.py:188} INFO - [2024-10-19T14:28:02.282+0000] {dagbag.py:545} INFO - Filling up the DagBag from /home/airflow/.local/lib/python3.11/site-packages/airflow/example_dags/tutorial_taskflow_api_virtualenv.py
[2024-10-19T14:28:02.291+0000] {processor.py:840} INFO - DAG(s) 'tutorial_taskflow_api_virtualenv' retrieved from /home/airflow/.local/lib/python3.11/site-packages/airflow/example_dags/tutorial_taskflow_api_virtualenv.py
[2024-10-19T14:28:02.310+0000] {logging_mixin.py:188} INFO - [2024-10-19T14:28:02.310+0000] {dag.py:3089} INFO - Sync 1 DAGs
[2024-10-19T14:28:02.322+0000] {logging_mixin.py:188} INFO - [2024-10-19T14:28:02.322+0000] {dag.py:3947} INFO - Setting next_dagrun for tutorial_taskflow_api_virtualenv to None, run_after=None
[2024-10-19T14:28:02.339+0000] {processor.py:183} INFO - Processing /home/airflow/.local/lib/python3.11/site-packages/airflow/example_dags/tutorial_taskflow_api_virtualenv.py took 0.063 seconds
[2024-10-19T14:28:32.432+0000] {processor.py:161} INFO - Started process (PID=1211) to work on /home/airflow/.local/lib/python3.11/site-packages/airflow/example_dags/tutorial_taskflow_api_virtualenv.py
[2024-10-19T14:28:32.433+0000] {processor.py:830} INFO - Processing file /home/airflow/.local/lib/python3.11/site-packages/airflow/example_dags/tutorial_taskflow_api_virtualenv.py for tasks to queue
[2024-10-19T14:28:32.435+0000] {logging_mixin.py:188} INFO - [2024-10-19T14:28:32.434+0000] {dagbag.py:545} INFO - Filling up the DagBag from /home/airflow/.local/lib/python3.11/site-packages/airflow/example_dags/tutorial_taskflow_api_virtualenv.py
[2024-10-19T14:28:32.449+0000] {processor.py:840} INFO - DAG(s) 'tutorial_taskflow_api_virtualenv' retrieved from /home/airflow/.local/lib/python3.11/site-packages/airflow/example_dags/tutorial_taskflow_api_virtualenv.py
[2024-10-19T14:28:32.475+0000] {logging_mixin.py:188} INFO - [2024-10-19T14:28:32.475+0000] {dag.py:3089} INFO - Sync 1 DAGs
[2024-10-19T14:28:32.489+0000] {logging_mixin.py:188} INFO - [2024-10-19T14:28:32.488+0000] {dag.py:3947} INFO - Setting next_dagrun for tutorial_taskflow_api_virtualenv to None, run_after=None
[2024-10-19T14:28:32.509+0000] {processor.py:183} INFO - Processing /home/airflow/.local/lib/python3.11/site-packages/airflow/example_dags/tutorial_taskflow_api_virtualenv.py took 0.084 seconds
[2024-10-19T14:29:02.764+0000] {processor.py:161} INFO - Started process (PID=1270) to work on /home/airflow/.local/lib/python3.11/site-packages/airflow/example_dags/tutorial_taskflow_api_virtualenv.py
[2024-10-19T14:29:02.765+0000] {processor.py:830} INFO - Processing file /home/airflow/.local/lib/python3.11/site-packages/airflow/example_dags/tutorial_taskflow_api_virtualenv.py for tasks to queue
[2024-10-19T14:29:02.766+0000] {logging_mixin.py:188} INFO - [2024-10-19T14:29:02.766+0000] {dagbag.py:545} INFO - Filling up the DagBag from /home/airflow/.local/lib/python3.11/site-packages/airflow/example_dags/tutorial_taskflow_api_virtualenv.py
[2024-10-19T14:29:02.777+0000] {processor.py:840} INFO - DAG(s) 'tutorial_taskflow_api_virtualenv' retrieved from /home/airflow/.local/lib/python3.11/site-packages/airflow/example_dags/tutorial_taskflow_api_virtualenv.py
[2024-10-19T14:29:02.793+0000] {logging_mixin.py:188} INFO - [2024-10-19T14:29:02.793+0000] {dag.py:3089} INFO - Sync 1 DAGs
[2024-10-19T14:29:02.803+0000] {logging_mixin.py:188} INFO - [2024-10-19T14:29:02.803+0000] {dag.py:3947} INFO - Setting next_dagrun for tutorial_taskflow_api_virtualenv to None, run_after=None
[2024-10-19T14:29:02.819+0000] {processor.py:183} INFO - Processing /home/airflow/.local/lib/python3.11/site-packages/airflow/example_dags/tutorial_taskflow_api_virtualenv.py took 0.060 seconds
[2024-10-19T14:29:33.599+0000] {processor.py:161} INFO - Started process (PID=1329) to work on /home/airflow/.local/lib/python3.11/site-packages/airflow/example_dags/tutorial_taskflow_api_virtualenv.py
[2024-10-19T14:29:33.600+0000] {processor.py:830} INFO - Processing file /home/airflow/.local/lib/python3.11/site-packages/airflow/example_dags/tutorial_taskflow_api_virtualenv.py for tasks to queue
[2024-10-19T14:29:33.600+0000] {logging_mixin.py:188} INFO - [2024-10-19T14:29:33.600+0000] {dagbag.py:545} INFO - Filling up the DagBag from /home/airflow/.local/lib/python3.11/site-packages/airflow/example_dags/tutorial_taskflow_api_virtualenv.py
[2024-10-19T14:29:33.609+0000] {processor.py:840} INFO - DAG(s) 'tutorial_taskflow_api_virtualenv' retrieved from /home/airflow/.local/lib/python3.11/site-packages/airflow/example_dags/tutorial_taskflow_api_virtualenv.py
[2024-10-19T14:29:33.625+0000] {logging_mixin.py:188} INFO - [2024-10-19T14:29:33.625+0000] {dag.py:3089} INFO - Sync 1 DAGs
[2024-10-19T14:29:33.635+0000] {logging_mixin.py:188} INFO - [2024-10-19T14:29:33.635+0000] {dag.py:3947} INFO - Setting next_dagrun for tutorial_taskflow_api_virtualenv to None, run_after=None
[2024-10-19T14:29:33.654+0000] {processor.py:183} INFO - Processing /home/airflow/.local/lib/python3.11/site-packages/airflow/example_dags/tutorial_taskflow_api_virtualenv.py took 0.060 seconds
[2024-10-19T14:30:03.946+0000] {processor.py:161} INFO - Started process (PID=1393) to work on /home/airflow/.local/lib/python3.11/site-packages/airflow/example_dags/tutorial_taskflow_api_virtualenv.py
[2024-10-19T14:30:03.948+0000] {processor.py:830} INFO - Processing file /home/airflow/.local/lib/python3.11/site-packages/airflow/example_dags/tutorial_taskflow_api_virtualenv.py for tasks to queue
[2024-10-19T14:30:03.949+0000] {logging_mixin.py:188} INFO - [2024-10-19T14:30:03.948+0000] {dagbag.py:545} INFO - Filling up the DagBag from /home/airflow/.local/lib/python3.11/site-packages/airflow/example_dags/tutorial_taskflow_api_virtualenv.py
[2024-10-19T14:30:03.958+0000] {processor.py:840} INFO - DAG(s) 'tutorial_taskflow_api_virtualenv' retrieved from /home/airflow/.local/lib/python3.11/site-packages/airflow/example_dags/tutorial_taskflow_api_virtualenv.py
[2024-10-19T14:30:03.981+0000] {logging_mixin.py:188} INFO - [2024-10-19T14:30:03.980+0000] {dag.py:3089} INFO - Sync 1 DAGs
[2024-10-19T14:30:03.993+0000] {logging_mixin.py:188} INFO - [2024-10-19T14:30:03.993+0000] {dag.py:3947} INFO - Setting next_dagrun for tutorial_taskflow_api_virtualenv to None, run_after=None
[2024-10-19T14:30:04.015+0000] {processor.py:183} INFO - Processing /home/airflow/.local/lib/python3.11/site-packages/airflow/example_dags/tutorial_taskflow_api_virtualenv.py took 0.074 seconds
[2024-10-19T14:30:34.235+0000] {processor.py:161} INFO - Started process (PID=1489) to work on /home/airflow/.local/lib/python3.11/site-packages/airflow/example_dags/tutorial_taskflow_api_virtualenv.py
[2024-10-19T14:30:34.237+0000] {processor.py:830} INFO - Processing file /home/airflow/.local/lib/python3.11/site-packages/airflow/example_dags/tutorial_taskflow_api_virtualenv.py for tasks to queue
[2024-10-19T14:30:34.239+0000] {logging_mixin.py:188} INFO - [2024-10-19T14:30:34.238+0000] {dagbag.py:545} INFO - Filling up the DagBag from /home/airflow/.local/lib/python3.11/site-packages/airflow/example_dags/tutorial_taskflow_api_virtualenv.py
[2024-10-19T14:30:34.254+0000] {processor.py:840} INFO - DAG(s) 'tutorial_taskflow_api_virtualenv' retrieved from /home/airflow/.local/lib/python3.11/site-packages/airflow/example_dags/tutorial_taskflow_api_virtualenv.py
[2024-10-19T14:30:34.283+0000] {logging_mixin.py:188} INFO - [2024-10-19T14:30:34.283+0000] {dag.py:3089} INFO - Sync 1 DAGs
[2024-10-19T14:30:34.310+0000] {logging_mixin.py:188} INFO - [2024-10-19T14:30:34.309+0000] {dag.py:3947} INFO - Setting next_dagrun for tutorial_taskflow_api_virtualenv to None, run_after=None
[2024-10-19T14:30:34.346+0000] {processor.py:183} INFO - Processing /home/airflow/.local/lib/python3.11/site-packages/airflow/example_dags/tutorial_taskflow_api_virtualenv.py took 0.120 seconds
[2024-10-19T14:31:04.942+0000] {processor.py:161} INFO - Started process (PID=1607) to work on /home/airflow/.local/lib/python3.11/site-packages/airflow/example_dags/tutorial_taskflow_api_virtualenv.py
[2024-10-19T14:31:04.944+0000] {processor.py:830} INFO - Processing file /home/airflow/.local/lib/python3.11/site-packages/airflow/example_dags/tutorial_taskflow_api_virtualenv.py for tasks to queue
[2024-10-19T14:31:04.947+0000] {logging_mixin.py:188} INFO - [2024-10-19T14:31:04.946+0000] {dagbag.py:545} INFO - Filling up the DagBag from /home/airflow/.local/lib/python3.11/site-packages/airflow/example_dags/tutorial_taskflow_api_virtualenv.py
[2024-10-19T14:31:04.964+0000] {processor.py:840} INFO - DAG(s) 'tutorial_taskflow_api_virtualenv' retrieved from /home/airflow/.local/lib/python3.11/site-packages/airflow/example_dags/tutorial_taskflow_api_virtualenv.py
[2024-10-19T14:31:05.007+0000] {logging_mixin.py:188} INFO - [2024-10-19T14:31:05.006+0000] {dag.py:3089} INFO - Sync 1 DAGs
[2024-10-19T14:31:05.024+0000] {logging_mixin.py:188} INFO - [2024-10-19T14:31:05.024+0000] {dag.py:3947} INFO - Setting next_dagrun for tutorial_taskflow_api_virtualenv to None, run_after=None
[2024-10-19T14:31:05.097+0000] {processor.py:183} INFO - Processing /home/airflow/.local/lib/python3.11/site-packages/airflow/example_dags/tutorial_taskflow_api_virtualenv.py took 0.175 seconds
[2024-10-19T14:31:35.251+0000] {processor.py:161} INFO - Started process (PID=1727) to work on /home/airflow/.local/lib/python3.11/site-packages/airflow/example_dags/tutorial_taskflow_api_virtualenv.py
[2024-10-19T14:31:35.254+0000] {processor.py:830} INFO - Processing file /home/airflow/.local/lib/python3.11/site-packages/airflow/example_dags/tutorial_taskflow_api_virtualenv.py for tasks to queue
[2024-10-19T14:31:35.255+0000] {logging_mixin.py:188} INFO - [2024-10-19T14:31:35.255+0000] {dagbag.py:545} INFO - Filling up the DagBag from /home/airflow/.local/lib/python3.11/site-packages/airflow/example_dags/tutorial_taskflow_api_virtualenv.py
[2024-10-19T14:31:35.271+0000] {processor.py:840} INFO - DAG(s) 'tutorial_taskflow_api_virtualenv' retrieved from /home/airflow/.local/lib/python3.11/site-packages/airflow/example_dags/tutorial_taskflow_api_virtualenv.py
[2024-10-19T14:31:35.367+0000] {logging_mixin.py:188} INFO - [2024-10-19T14:31:35.367+0000] {dag.py:3089} INFO - Sync 1 DAGs
[2024-10-19T14:31:35.382+0000] {logging_mixin.py:188} INFO - [2024-10-19T14:31:35.382+0000] {dag.py:3947} INFO - Setting next_dagrun for tutorial_taskflow_api_virtualenv to None, run_after=None
[2024-10-19T14:31:35.453+0000] {processor.py:183} INFO - Processing /home/airflow/.local/lib/python3.11/site-packages/airflow/example_dags/tutorial_taskflow_api_virtualenv.py took 0.210 seconds
[2024-10-19T14:32:05.769+0000] {processor.py:161} INFO - Started process (PID=1811) to work on /home/airflow/.local/lib/python3.11/site-packages/airflow/example_dags/tutorial_taskflow_api_virtualenv.py
[2024-10-19T14:32:05.770+0000] {processor.py:830} INFO - Processing file /home/airflow/.local/lib/python3.11/site-packages/airflow/example_dags/tutorial_taskflow_api_virtualenv.py for tasks to queue
[2024-10-19T14:32:05.770+0000] {logging_mixin.py:188} INFO - [2024-10-19T14:32:05.770+0000] {dagbag.py:545} INFO - Filling up the DagBag from /home/airflow/.local/lib/python3.11/site-packages/airflow/example_dags/tutorial_taskflow_api_virtualenv.py
[2024-10-19T14:32:05.779+0000] {processor.py:840} INFO - DAG(s) 'tutorial_taskflow_api_virtualenv' retrieved from /home/airflow/.local/lib/python3.11/site-packages/airflow/example_dags/tutorial_taskflow_api_virtualenv.py
[2024-10-19T14:32:05.796+0000] {logging_mixin.py:188} INFO - [2024-10-19T14:32:05.795+0000] {dag.py:3089} INFO - Sync 1 DAGs
[2024-10-19T14:32:05.805+0000] {logging_mixin.py:188} INFO - [2024-10-19T14:32:05.805+0000] {dag.py:3947} INFO - Setting next_dagrun for tutorial_taskflow_api_virtualenv to None, run_after=None
[2024-10-19T14:32:05.823+0000] {processor.py:183} INFO - Processing /home/airflow/.local/lib/python3.11/site-packages/airflow/example_dags/tutorial_taskflow_api_virtualenv.py took 0.059 seconds
[2024-10-19T14:32:35.886+0000] {processor.py:161} INFO - Started process (PID=1870) to work on /home/airflow/.local/lib/python3.11/site-packages/airflow/example_dags/tutorial_taskflow_api_virtualenv.py
[2024-10-19T14:32:35.887+0000] {processor.py:830} INFO - Processing file /home/airflow/.local/lib/python3.11/site-packages/airflow/example_dags/tutorial_taskflow_api_virtualenv.py for tasks to queue
[2024-10-19T14:32:35.888+0000] {logging_mixin.py:188} INFO - [2024-10-19T14:32:35.888+0000] {dagbag.py:545} INFO - Filling up the DagBag from /home/airflow/.local/lib/python3.11/site-packages/airflow/example_dags/tutorial_taskflow_api_virtualenv.py
[2024-10-19T14:32:35.897+0000] {processor.py:840} INFO - DAG(s) 'tutorial_taskflow_api_virtualenv' retrieved from /home/airflow/.local/lib/python3.11/site-packages/airflow/example_dags/tutorial_taskflow_api_virtualenv.py
[2024-10-19T14:32:35.915+0000] {logging_mixin.py:188} INFO - [2024-10-19T14:32:35.914+0000] {dag.py:3089} INFO - Sync 1 DAGs
[2024-10-19T14:32:35.925+0000] {logging_mixin.py:188} INFO - [2024-10-19T14:32:35.924+0000] {dag.py:3947} INFO - Setting next_dagrun for tutorial_taskflow_api_virtualenv to None, run_after=None
[2024-10-19T14:32:35.941+0000] {processor.py:183} INFO - Processing /home/airflow/.local/lib/python3.11/site-packages/airflow/example_dags/tutorial_taskflow_api_virtualenv.py took 0.061 seconds
[2024-10-19T14:33:06.390+0000] {processor.py:161} INFO - Started process (PID=1930) to work on /home/airflow/.local/lib/python3.11/site-packages/airflow/example_dags/tutorial_taskflow_api_virtualenv.py
[2024-10-19T14:33:06.391+0000] {processor.py:830} INFO - Processing file /home/airflow/.local/lib/python3.11/site-packages/airflow/example_dags/tutorial_taskflow_api_virtualenv.py for tasks to queue
[2024-10-19T14:33:06.392+0000] {logging_mixin.py:188} INFO - [2024-10-19T14:33:06.391+0000] {dagbag.py:545} INFO - Filling up the DagBag from /home/airflow/.local/lib/python3.11/site-packages/airflow/example_dags/tutorial_taskflow_api_virtualenv.py
[2024-10-19T14:33:06.400+0000] {processor.py:840} INFO - DAG(s) 'tutorial_taskflow_api_virtualenv' retrieved from /home/airflow/.local/lib/python3.11/site-packages/airflow/example_dags/tutorial_taskflow_api_virtualenv.py
[2024-10-19T14:33:06.416+0000] {logging_mixin.py:188} INFO - [2024-10-19T14:33:06.416+0000] {dag.py:3089} INFO - Sync 1 DAGs
[2024-10-19T14:33:06.428+0000] {logging_mixin.py:188} INFO - [2024-10-19T14:33:06.427+0000] {dag.py:3947} INFO - Setting next_dagrun for tutorial_taskflow_api_virtualenv to None, run_after=None
[2024-10-19T14:33:06.448+0000] {processor.py:183} INFO - Processing /home/airflow/.local/lib/python3.11/site-packages/airflow/example_dags/tutorial_taskflow_api_virtualenv.py took 0.063 seconds
[2024-10-19T14:33:37.368+0000] {processor.py:161} INFO - Started process (PID=1989) to work on /home/airflow/.local/lib/python3.11/site-packages/airflow/example_dags/tutorial_taskflow_api_virtualenv.py
[2024-10-19T14:33:37.369+0000] {processor.py:830} INFO - Processing file /home/airflow/.local/lib/python3.11/site-packages/airflow/example_dags/tutorial_taskflow_api_virtualenv.py for tasks to queue
[2024-10-19T14:33:37.370+0000] {logging_mixin.py:188} INFO - [2024-10-19T14:33:37.369+0000] {dagbag.py:545} INFO - Filling up the DagBag from /home/airflow/.local/lib/python3.11/site-packages/airflow/example_dags/tutorial_taskflow_api_virtualenv.py
[2024-10-19T14:33:37.386+0000] {processor.py:840} INFO - DAG(s) 'tutorial_taskflow_api_virtualenv' retrieved from /home/airflow/.local/lib/python3.11/site-packages/airflow/example_dags/tutorial_taskflow_api_virtualenv.py
[2024-10-19T14:33:37.411+0000] {logging_mixin.py:188} INFO - [2024-10-19T14:33:37.410+0000] {dag.py:3089} INFO - Sync 1 DAGs
[2024-10-19T14:33:37.425+0000] {logging_mixin.py:188} INFO - [2024-10-19T14:33:37.425+0000] {dag.py:3947} INFO - Setting next_dagrun for tutorial_taskflow_api_virtualenv to None, run_after=None
[2024-10-19T14:33:37.453+0000] {processor.py:183} INFO - Processing /home/airflow/.local/lib/python3.11/site-packages/airflow/example_dags/tutorial_taskflow_api_virtualenv.py took 0.092 seconds
[2024-10-19T14:34:08.481+0000] {processor.py:161} INFO - Started process (PID=2048) to work on /home/airflow/.local/lib/python3.11/site-packages/airflow/example_dags/tutorial_taskflow_api_virtualenv.py
[2024-10-19T14:34:08.482+0000] {processor.py:830} INFO - Processing file /home/airflow/.local/lib/python3.11/site-packages/airflow/example_dags/tutorial_taskflow_api_virtualenv.py for tasks to queue
[2024-10-19T14:34:08.482+0000] {logging_mixin.py:188} INFO - [2024-10-19T14:34:08.482+0000] {dagbag.py:545} INFO - Filling up the DagBag from /home/airflow/.local/lib/python3.11/site-packages/airflow/example_dags/tutorial_taskflow_api_virtualenv.py
[2024-10-19T14:34:08.491+0000] {processor.py:840} INFO - DAG(s) 'tutorial_taskflow_api_virtualenv' retrieved from /home/airflow/.local/lib/python3.11/site-packages/airflow/example_dags/tutorial_taskflow_api_virtualenv.py
[2024-10-19T14:34:08.508+0000] {logging_mixin.py:188} INFO - [2024-10-19T14:34:08.508+0000] {dag.py:3089} INFO - Sync 1 DAGs
[2024-10-19T14:34:08.519+0000] {logging_mixin.py:188} INFO - [2024-10-19T14:34:08.518+0000] {dag.py:3947} INFO - Setting next_dagrun for tutorial_taskflow_api_virtualenv to None, run_after=None
[2024-10-19T14:34:08.536+0000] {processor.py:183} INFO - Processing /home/airflow/.local/lib/python3.11/site-packages/airflow/example_dags/tutorial_taskflow_api_virtualenv.py took 0.060 seconds
[2024-10-19T14:34:38.711+0000] {processor.py:161} INFO - Started process (PID=2107) to work on /home/airflow/.local/lib/python3.11/site-packages/airflow/example_dags/tutorial_taskflow_api_virtualenv.py
[2024-10-19T14:34:38.712+0000] {processor.py:830} INFO - Processing file /home/airflow/.local/lib/python3.11/site-packages/airflow/example_dags/tutorial_taskflow_api_virtualenv.py for tasks to queue
[2024-10-19T14:34:38.713+0000] {logging_mixin.py:188} INFO - [2024-10-19T14:34:38.713+0000] {dagbag.py:545} INFO - Filling up the DagBag from /home/airflow/.local/lib/python3.11/site-packages/airflow/example_dags/tutorial_taskflow_api_virtualenv.py
[2024-10-19T14:34:38.724+0000] {processor.py:840} INFO - DAG(s) 'tutorial_taskflow_api_virtualenv' retrieved from /home/airflow/.local/lib/python3.11/site-packages/airflow/example_dags/tutorial_taskflow_api_virtualenv.py
[2024-10-19T14:34:38.746+0000] {logging_mixin.py:188} INFO - [2024-10-19T14:34:38.746+0000] {dag.py:3089} INFO - Sync 1 DAGs
[2024-10-19T14:34:38.758+0000] {logging_mixin.py:188} INFO - [2024-10-19T14:34:38.758+0000] {dag.py:3947} INFO - Setting next_dagrun for tutorial_taskflow_api_virtualenv to None, run_after=None
[2024-10-19T14:34:38.781+0000] {processor.py:183} INFO - Processing /home/airflow/.local/lib/python3.11/site-packages/airflow/example_dags/tutorial_taskflow_api_virtualenv.py took 0.076 seconds
[2024-10-19T14:35:09.622+0000] {processor.py:161} INFO - Started process (PID=2166) to work on /home/airflow/.local/lib/python3.11/site-packages/airflow/example_dags/tutorial_taskflow_api_virtualenv.py
[2024-10-19T14:35:09.623+0000] {processor.py:830} INFO - Processing file /home/airflow/.local/lib/python3.11/site-packages/airflow/example_dags/tutorial_taskflow_api_virtualenv.py for tasks to queue
[2024-10-19T14:35:09.624+0000] {logging_mixin.py:188} INFO - [2024-10-19T14:35:09.623+0000] {dagbag.py:545} INFO - Filling up the DagBag from /home/airflow/.local/lib/python3.11/site-packages/airflow/example_dags/tutorial_taskflow_api_virtualenv.py
[2024-10-19T14:35:09.633+0000] {processor.py:840} INFO - DAG(s) 'tutorial_taskflow_api_virtualenv' retrieved from /home/airflow/.local/lib/python3.11/site-packages/airflow/example_dags/tutorial_taskflow_api_virtualenv.py
[2024-10-19T14:35:09.651+0000] {logging_mixin.py:188} INFO - [2024-10-19T14:35:09.651+0000] {dag.py:3089} INFO - Sync 1 DAGs
[2024-10-19T14:35:09.663+0000] {logging_mixin.py:188} INFO - [2024-10-19T14:35:09.662+0000] {dag.py:3947} INFO - Setting next_dagrun for tutorial_taskflow_api_virtualenv to None, run_after=None
[2024-10-19T14:35:09.680+0000] {processor.py:183} INFO - Processing /home/airflow/.local/lib/python3.11/site-packages/airflow/example_dags/tutorial_taskflow_api_virtualenv.py took 0.064 seconds
[2024-10-19T14:35:40.286+0000] {processor.py:161} INFO - Started process (PID=2225) to work on /home/airflow/.local/lib/python3.11/site-packages/airflow/example_dags/tutorial_taskflow_api_virtualenv.py
[2024-10-19T14:35:40.288+0000] {processor.py:830} INFO - Processing file /home/airflow/.local/lib/python3.11/site-packages/airflow/example_dags/tutorial_taskflow_api_virtualenv.py for tasks to queue
[2024-10-19T14:35:40.288+0000] {logging_mixin.py:188} INFO - [2024-10-19T14:35:40.288+0000] {dagbag.py:545} INFO - Filling up the DagBag from /home/airflow/.local/lib/python3.11/site-packages/airflow/example_dags/tutorial_taskflow_api_virtualenv.py
[2024-10-19T14:35:40.297+0000] {processor.py:840} INFO - DAG(s) 'tutorial_taskflow_api_virtualenv' retrieved from /home/airflow/.local/lib/python3.11/site-packages/airflow/example_dags/tutorial_taskflow_api_virtualenv.py
[2024-10-19T14:35:40.314+0000] {logging_mixin.py:188} INFO - [2024-10-19T14:35:40.314+0000] {dag.py:3089} INFO - Sync 1 DAGs
[2024-10-19T14:35:40.324+0000] {logging_mixin.py:188} INFO - [2024-10-19T14:35:40.324+0000] {dag.py:3947} INFO - Setting next_dagrun for tutorial_taskflow_api_virtualenv to None, run_after=None
[2024-10-19T14:35:40.340+0000] {processor.py:183} INFO - Processing /home/airflow/.local/lib/python3.11/site-packages/airflow/example_dags/tutorial_taskflow_api_virtualenv.py took 0.060 seconds
[2024-10-19T14:36:11.096+0000] {processor.py:161} INFO - Started process (PID=2284) to work on /home/airflow/.local/lib/python3.11/site-packages/airflow/example_dags/tutorial_taskflow_api_virtualenv.py
[2024-10-19T14:36:11.098+0000] {processor.py:830} INFO - Processing file /home/airflow/.local/lib/python3.11/site-packages/airflow/example_dags/tutorial_taskflow_api_virtualenv.py for tasks to queue
[2024-10-19T14:36:11.100+0000] {logging_mixin.py:188} INFO - [2024-10-19T14:36:11.100+0000] {dagbag.py:545} INFO - Filling up the DagBag from /home/airflow/.local/lib/python3.11/site-packages/airflow/example_dags/tutorial_taskflow_api_virtualenv.py
[2024-10-19T14:36:11.123+0000] {processor.py:840} INFO - DAG(s) 'tutorial_taskflow_api_virtualenv' retrieved from /home/airflow/.local/lib/python3.11/site-packages/airflow/example_dags/tutorial_taskflow_api_virtualenv.py
[2024-10-19T14:36:11.145+0000] {logging_mixin.py:188} INFO - [2024-10-19T14:36:11.145+0000] {dag.py:3089} INFO - Sync 1 DAGs
[2024-10-19T14:36:11.160+0000] {logging_mixin.py:188} INFO - [2024-10-19T14:36:11.159+0000] {dag.py:3947} INFO - Setting next_dagrun for tutorial_taskflow_api_virtualenv to None, run_after=None
[2024-10-19T14:36:11.179+0000] {processor.py:183} INFO - Processing /home/airflow/.local/lib/python3.11/site-packages/airflow/example_dags/tutorial_taskflow_api_virtualenv.py took 0.096 seconds
[2024-10-19T14:36:42.033+0000] {processor.py:161} INFO - Started process (PID=2343) to work on /home/airflow/.local/lib/python3.11/site-packages/airflow/example_dags/tutorial_taskflow_api_virtualenv.py
[2024-10-19T14:36:42.034+0000] {processor.py:830} INFO - Processing file /home/airflow/.local/lib/python3.11/site-packages/airflow/example_dags/tutorial_taskflow_api_virtualenv.py for tasks to queue
[2024-10-19T14:36:42.035+0000] {logging_mixin.py:188} INFO - [2024-10-19T14:36:42.034+0000] {dagbag.py:545} INFO - Filling up the DagBag from /home/airflow/.local/lib/python3.11/site-packages/airflow/example_dags/tutorial_taskflow_api_virtualenv.py
[2024-10-19T14:36:42.045+0000] {processor.py:840} INFO - DAG(s) 'tutorial_taskflow_api_virtualenv' retrieved from /home/airflow/.local/lib/python3.11/site-packages/airflow/example_dags/tutorial_taskflow_api_virtualenv.py
[2024-10-19T14:36:42.064+0000] {logging_mixin.py:188} INFO - [2024-10-19T14:36:42.063+0000] {dag.py:3089} INFO - Sync 1 DAGs
[2024-10-19T14:36:42.074+0000] {logging_mixin.py:188} INFO - [2024-10-19T14:36:42.073+0000] {dag.py:3947} INFO - Setting next_dagrun for tutorial_taskflow_api_virtualenv to None, run_after=None
[2024-10-19T14:36:42.091+0000] {processor.py:183} INFO - Processing /home/airflow/.local/lib/python3.11/site-packages/airflow/example_dags/tutorial_taskflow_api_virtualenv.py took 0.063 seconds
[2024-10-19T14:37:13.024+0000] {processor.py:161} INFO - Started process (PID=2402) to work on /home/airflow/.local/lib/python3.11/site-packages/airflow/example_dags/tutorial_taskflow_api_virtualenv.py
[2024-10-19T14:37:13.027+0000] {processor.py:830} INFO - Processing file /home/airflow/.local/lib/python3.11/site-packages/airflow/example_dags/tutorial_taskflow_api_virtualenv.py for tasks to queue
[2024-10-19T14:37:13.029+0000] {logging_mixin.py:188} INFO - [2024-10-19T14:37:13.028+0000] {dagbag.py:545} INFO - Filling up the DagBag from /home/airflow/.local/lib/python3.11/site-packages/airflow/example_dags/tutorial_taskflow_api_virtualenv.py
[2024-10-19T14:37:13.045+0000] {processor.py:840} INFO - DAG(s) 'tutorial_taskflow_api_virtualenv' retrieved from /home/airflow/.local/lib/python3.11/site-packages/airflow/example_dags/tutorial_taskflow_api_virtualenv.py
[2024-10-19T14:37:13.080+0000] {logging_mixin.py:188} INFO - [2024-10-19T14:37:13.079+0000] {dag.py:3089} INFO - Sync 1 DAGs
[2024-10-19T14:37:13.094+0000] {logging_mixin.py:188} INFO - [2024-10-19T14:37:13.094+0000] {dag.py:3947} INFO - Setting next_dagrun for tutorial_taskflow_api_virtualenv to None, run_after=None
[2024-10-19T14:37:13.119+0000] {processor.py:183} INFO - Processing /home/airflow/.local/lib/python3.11/site-packages/airflow/example_dags/tutorial_taskflow_api_virtualenv.py took 0.107 seconds
[2024-10-19T14:37:43.580+0000] {processor.py:161} INFO - Started process (PID=2467) to work on /home/airflow/.local/lib/python3.11/site-packages/airflow/example_dags/tutorial_taskflow_api_virtualenv.py
[2024-10-19T14:37:43.581+0000] {processor.py:830} INFO - Processing file /home/airflow/.local/lib/python3.11/site-packages/airflow/example_dags/tutorial_taskflow_api_virtualenv.py for tasks to queue
[2024-10-19T14:37:43.582+0000] {logging_mixin.py:188} INFO - [2024-10-19T14:37:43.582+0000] {dagbag.py:545} INFO - Filling up the DagBag from /home/airflow/.local/lib/python3.11/site-packages/airflow/example_dags/tutorial_taskflow_api_virtualenv.py
[2024-10-19T14:37:43.591+0000] {processor.py:840} INFO - DAG(s) 'tutorial_taskflow_api_virtualenv' retrieved from /home/airflow/.local/lib/python3.11/site-packages/airflow/example_dags/tutorial_taskflow_api_virtualenv.py
[2024-10-19T14:37:43.609+0000] {logging_mixin.py:188} INFO - [2024-10-19T14:37:43.608+0000] {dag.py:3089} INFO - Sync 1 DAGs
[2024-10-19T14:37:43.619+0000] {logging_mixin.py:188} INFO - [2024-10-19T14:37:43.619+0000] {dag.py:3947} INFO - Setting next_dagrun for tutorial_taskflow_api_virtualenv to None, run_after=None
[2024-10-19T14:37:43.636+0000] {processor.py:183} INFO - Processing /home/airflow/.local/lib/python3.11/site-packages/airflow/example_dags/tutorial_taskflow_api_virtualenv.py took 0.061 seconds
[2024-10-19T14:38:13.922+0000] {processor.py:161} INFO - Started process (PID=2526) to work on /home/airflow/.local/lib/python3.11/site-packages/airflow/example_dags/tutorial_taskflow_api_virtualenv.py
[2024-10-19T14:38:13.923+0000] {processor.py:830} INFO - Processing file /home/airflow/.local/lib/python3.11/site-packages/airflow/example_dags/tutorial_taskflow_api_virtualenv.py for tasks to queue
[2024-10-19T14:38:13.923+0000] {logging_mixin.py:188} INFO - [2024-10-19T14:38:13.923+0000] {dagbag.py:545} INFO - Filling up the DagBag from /home/airflow/.local/lib/python3.11/site-packages/airflow/example_dags/tutorial_taskflow_api_virtualenv.py
[2024-10-19T14:38:13.932+0000] {processor.py:840} INFO - DAG(s) 'tutorial_taskflow_api_virtualenv' retrieved from /home/airflow/.local/lib/python3.11/site-packages/airflow/example_dags/tutorial_taskflow_api_virtualenv.py
[2024-10-19T14:38:13.949+0000] {logging_mixin.py:188} INFO - [2024-10-19T14:38:13.948+0000] {dag.py:3089} INFO - Sync 1 DAGs
[2024-10-19T14:38:13.959+0000] {logging_mixin.py:188} INFO - [2024-10-19T14:38:13.958+0000] {dag.py:3947} INFO - Setting next_dagrun for tutorial_taskflow_api_virtualenv to None, run_after=None
[2024-10-19T14:38:13.975+0000] {processor.py:183} INFO - Processing /home/airflow/.local/lib/python3.11/site-packages/airflow/example_dags/tutorial_taskflow_api_virtualenv.py took 0.058 seconds
[2024-10-19T14:38:44.877+0000] {processor.py:161} INFO - Started process (PID=2585) to work on /home/airflow/.local/lib/python3.11/site-packages/airflow/example_dags/tutorial_taskflow_api_virtualenv.py
[2024-10-19T14:38:44.878+0000] {processor.py:830} INFO - Processing file /home/airflow/.local/lib/python3.11/site-packages/airflow/example_dags/tutorial_taskflow_api_virtualenv.py for tasks to queue
[2024-10-19T14:38:44.881+0000] {logging_mixin.py:188} INFO - [2024-10-19T14:38:44.880+0000] {dagbag.py:545} INFO - Filling up the DagBag from /home/airflow/.local/lib/python3.11/site-packages/airflow/example_dags/tutorial_taskflow_api_virtualenv.py
[2024-10-19T14:38:44.899+0000] {processor.py:840} INFO - DAG(s) 'tutorial_taskflow_api_virtualenv' retrieved from /home/airflow/.local/lib/python3.11/site-packages/airflow/example_dags/tutorial_taskflow_api_virtualenv.py
[2024-10-19T14:38:44.934+0000] {logging_mixin.py:188} INFO - [2024-10-19T14:38:44.934+0000] {dag.py:3089} INFO - Sync 1 DAGs
[2024-10-19T14:38:44.957+0000] {logging_mixin.py:188} INFO - [2024-10-19T14:38:44.956+0000] {dag.py:3947} INFO - Setting next_dagrun for tutorial_taskflow_api_virtualenv to None, run_after=None
[2024-10-19T14:38:44.985+0000] {processor.py:183} INFO - Processing /home/airflow/.local/lib/python3.11/site-packages/airflow/example_dags/tutorial_taskflow_api_virtualenv.py took 0.118 seconds
[2024-10-19T14:39:15.088+0000] {processor.py:161} INFO - Started process (PID=2644) to work on /home/airflow/.local/lib/python3.11/site-packages/airflow/example_dags/tutorial_taskflow_api_virtualenv.py
[2024-10-19T14:39:15.090+0000] {processor.py:830} INFO - Processing file /home/airflow/.local/lib/python3.11/site-packages/airflow/example_dags/tutorial_taskflow_api_virtualenv.py for tasks to queue
[2024-10-19T14:39:15.092+0000] {logging_mixin.py:188} INFO - [2024-10-19T14:39:15.091+0000] {dagbag.py:545} INFO - Filling up the DagBag from /home/airflow/.local/lib/python3.11/site-packages/airflow/example_dags/tutorial_taskflow_api_virtualenv.py
[2024-10-19T14:39:15.108+0000] {processor.py:840} INFO - DAG(s) 'tutorial_taskflow_api_virtualenv' retrieved from /home/airflow/.local/lib/python3.11/site-packages/airflow/example_dags/tutorial_taskflow_api_virtualenv.py
[2024-10-19T14:39:15.140+0000] {logging_mixin.py:188} INFO - [2024-10-19T14:39:15.140+0000] {dag.py:3089} INFO - Sync 1 DAGs
[2024-10-19T14:39:15.161+0000] {logging_mixin.py:188} INFO - [2024-10-19T14:39:15.161+0000] {dag.py:3947} INFO - Setting next_dagrun for tutorial_taskflow_api_virtualenv to None, run_after=None
[2024-10-19T14:39:15.199+0000] {processor.py:183} INFO - Processing /home/airflow/.local/lib/python3.11/site-packages/airflow/example_dags/tutorial_taskflow_api_virtualenv.py took 0.122 seconds
[2024-10-19T14:39:45.619+0000] {processor.py:161} INFO - Started process (PID=2703) to work on /home/airflow/.local/lib/python3.11/site-packages/airflow/example_dags/tutorial_taskflow_api_virtualenv.py
[2024-10-19T14:39:45.620+0000] {processor.py:830} INFO - Processing file /home/airflow/.local/lib/python3.11/site-packages/airflow/example_dags/tutorial_taskflow_api_virtualenv.py for tasks to queue
[2024-10-19T14:39:45.621+0000] {logging_mixin.py:188} INFO - [2024-10-19T14:39:45.620+0000] {dagbag.py:545} INFO - Filling up the DagBag from /home/airflow/.local/lib/python3.11/site-packages/airflow/example_dags/tutorial_taskflow_api_virtualenv.py
[2024-10-19T14:39:45.630+0000] {processor.py:840} INFO - DAG(s) 'tutorial_taskflow_api_virtualenv' retrieved from /home/airflow/.local/lib/python3.11/site-packages/airflow/example_dags/tutorial_taskflow_api_virtualenv.py
[2024-10-19T14:39:45.648+0000] {logging_mixin.py:188} INFO - [2024-10-19T14:39:45.648+0000] {dag.py:3089} INFO - Sync 1 DAGs
[2024-10-19T14:39:45.658+0000] {logging_mixin.py:188} INFO - [2024-10-19T14:39:45.658+0000] {dag.py:3947} INFO - Setting next_dagrun for tutorial_taskflow_api_virtualenv to None, run_after=None
[2024-10-19T14:39:45.676+0000] {processor.py:183} INFO - Processing /home/airflow/.local/lib/python3.11/site-packages/airflow/example_dags/tutorial_taskflow_api_virtualenv.py took 0.063 seconds
[2024-10-19T14:40:16.172+0000] {processor.py:161} INFO - Started process (PID=2762) to work on /home/airflow/.local/lib/python3.11/site-packages/airflow/example_dags/tutorial_taskflow_api_virtualenv.py
[2024-10-19T14:40:16.173+0000] {processor.py:830} INFO - Processing file /home/airflow/.local/lib/python3.11/site-packages/airflow/example_dags/tutorial_taskflow_api_virtualenv.py for tasks to queue
[2024-10-19T14:40:16.174+0000] {logging_mixin.py:188} INFO - [2024-10-19T14:40:16.173+0000] {dagbag.py:545} INFO - Filling up the DagBag from /home/airflow/.local/lib/python3.11/site-packages/airflow/example_dags/tutorial_taskflow_api_virtualenv.py
[2024-10-19T14:40:16.183+0000] {processor.py:840} INFO - DAG(s) 'tutorial_taskflow_api_virtualenv' retrieved from /home/airflow/.local/lib/python3.11/site-packages/airflow/example_dags/tutorial_taskflow_api_virtualenv.py
[2024-10-19T14:40:16.201+0000] {logging_mixin.py:188} INFO - [2024-10-19T14:40:16.201+0000] {dag.py:3089} INFO - Sync 1 DAGs
[2024-10-19T14:40:16.212+0000] {logging_mixin.py:188} INFO - [2024-10-19T14:40:16.211+0000] {dag.py:3947} INFO - Setting next_dagrun for tutorial_taskflow_api_virtualenv to None, run_after=None
[2024-10-19T14:40:16.228+0000] {processor.py:183} INFO - Processing /home/airflow/.local/lib/python3.11/site-packages/airflow/example_dags/tutorial_taskflow_api_virtualenv.py took 0.061 seconds
[2024-10-19T14:40:46.903+0000] {processor.py:161} INFO - Started process (PID=2827) to work on /home/airflow/.local/lib/python3.11/site-packages/airflow/example_dags/tutorial_taskflow_api_virtualenv.py
[2024-10-19T14:40:46.904+0000] {processor.py:830} INFO - Processing file /home/airflow/.local/lib/python3.11/site-packages/airflow/example_dags/tutorial_taskflow_api_virtualenv.py for tasks to queue
[2024-10-19T14:40:46.906+0000] {logging_mixin.py:188} INFO - [2024-10-19T14:40:46.905+0000] {dagbag.py:545} INFO - Filling up the DagBag from /home/airflow/.local/lib/python3.11/site-packages/airflow/example_dags/tutorial_taskflow_api_virtualenv.py
[2024-10-19T14:40:46.917+0000] {processor.py:840} INFO - DAG(s) 'tutorial_taskflow_api_virtualenv' retrieved from /home/airflow/.local/lib/python3.11/site-packages/airflow/example_dags/tutorial_taskflow_api_virtualenv.py
[2024-10-19T14:40:46.936+0000] {logging_mixin.py:188} INFO - [2024-10-19T14:40:46.936+0000] {dag.py:3089} INFO - Sync 1 DAGs
[2024-10-19T14:40:46.948+0000] {logging_mixin.py:188} INFO - [2024-10-19T14:40:46.947+0000] {dag.py:3947} INFO - Setting next_dagrun for tutorial_taskflow_api_virtualenv to None, run_after=None
[2024-10-19T14:40:46.966+0000] {processor.py:183} INFO - Processing /home/airflow/.local/lib/python3.11/site-packages/airflow/example_dags/tutorial_taskflow_api_virtualenv.py took 0.068 seconds
[2024-10-19T14:41:17.035+0000] {processor.py:161} INFO - Started process (PID=2886) to work on /home/airflow/.local/lib/python3.11/site-packages/airflow/example_dags/tutorial_taskflow_api_virtualenv.py
[2024-10-19T14:41:17.036+0000] {processor.py:830} INFO - Processing file /home/airflow/.local/lib/python3.11/site-packages/airflow/example_dags/tutorial_taskflow_api_virtualenv.py for tasks to queue
[2024-10-19T14:41:17.036+0000] {logging_mixin.py:188} INFO - [2024-10-19T14:41:17.036+0000] {dagbag.py:545} INFO - Filling up the DagBag from /home/airflow/.local/lib/python3.11/site-packages/airflow/example_dags/tutorial_taskflow_api_virtualenv.py
[2024-10-19T14:41:17.045+0000] {processor.py:840} INFO - DAG(s) 'tutorial_taskflow_api_virtualenv' retrieved from /home/airflow/.local/lib/python3.11/site-packages/airflow/example_dags/tutorial_taskflow_api_virtualenv.py
[2024-10-19T14:41:17.062+0000] {logging_mixin.py:188} INFO - [2024-10-19T14:41:17.062+0000] {dag.py:3089} INFO - Sync 1 DAGs
[2024-10-19T14:41:17.072+0000] {logging_mixin.py:188} INFO - [2024-10-19T14:41:17.072+0000] {dag.py:3947} INFO - Setting next_dagrun for tutorial_taskflow_api_virtualenv to None, run_after=None
[2024-10-19T14:41:17.088+0000] {processor.py:183} INFO - Processing /home/airflow/.local/lib/python3.11/site-packages/airflow/example_dags/tutorial_taskflow_api_virtualenv.py took 0.059 seconds
[2024-10-19T14:41:47.737+0000] {processor.py:161} INFO - Started process (PID=2945) to work on /home/airflow/.local/lib/python3.11/site-packages/airflow/example_dags/tutorial_taskflow_api_virtualenv.py
[2024-10-19T14:41:47.738+0000] {processor.py:830} INFO - Processing file /home/airflow/.local/lib/python3.11/site-packages/airflow/example_dags/tutorial_taskflow_api_virtualenv.py for tasks to queue
[2024-10-19T14:41:47.739+0000] {logging_mixin.py:188} INFO - [2024-10-19T14:41:47.738+0000] {dagbag.py:545} INFO - Filling up the DagBag from /home/airflow/.local/lib/python3.11/site-packages/airflow/example_dags/tutorial_taskflow_api_virtualenv.py
[2024-10-19T14:41:47.748+0000] {processor.py:840} INFO - DAG(s) 'tutorial_taskflow_api_virtualenv' retrieved from /home/airflow/.local/lib/python3.11/site-packages/airflow/example_dags/tutorial_taskflow_api_virtualenv.py
[2024-10-19T14:41:47.767+0000] {logging_mixin.py:188} INFO - [2024-10-19T14:41:47.767+0000] {dag.py:3089} INFO - Sync 1 DAGs
[2024-10-19T14:41:47.777+0000] {logging_mixin.py:188} INFO - [2024-10-19T14:41:47.777+0000] {dag.py:3947} INFO - Setting next_dagrun for tutorial_taskflow_api_virtualenv to None, run_after=None
[2024-10-19T14:41:47.796+0000] {processor.py:183} INFO - Processing /home/airflow/.local/lib/python3.11/site-packages/airflow/example_dags/tutorial_taskflow_api_virtualenv.py took 0.066 seconds
[2024-10-19T14:42:18.131+0000] {processor.py:161} INFO - Started process (PID=3004) to work on /home/airflow/.local/lib/python3.11/site-packages/airflow/example_dags/tutorial_taskflow_api_virtualenv.py
[2024-10-19T14:42:18.132+0000] {processor.py:830} INFO - Processing file /home/airflow/.local/lib/python3.11/site-packages/airflow/example_dags/tutorial_taskflow_api_virtualenv.py for tasks to queue
[2024-10-19T14:42:18.133+0000] {logging_mixin.py:188} INFO - [2024-10-19T14:42:18.132+0000] {dagbag.py:545} INFO - Filling up the DagBag from /home/airflow/.local/lib/python3.11/site-packages/airflow/example_dags/tutorial_taskflow_api_virtualenv.py
[2024-10-19T14:42:18.142+0000] {processor.py:840} INFO - DAG(s) 'tutorial_taskflow_api_virtualenv' retrieved from /home/airflow/.local/lib/python3.11/site-packages/airflow/example_dags/tutorial_taskflow_api_virtualenv.py
[2024-10-19T14:42:18.159+0000] {logging_mixin.py:188} INFO - [2024-10-19T14:42:18.158+0000] {dag.py:3089} INFO - Sync 1 DAGs
[2024-10-19T14:42:18.169+0000] {logging_mixin.py:188} INFO - [2024-10-19T14:42:18.169+0000] {dag.py:3947} INFO - Setting next_dagrun for tutorial_taskflow_api_virtualenv to None, run_after=None
[2024-10-19T14:42:18.186+0000] {processor.py:183} INFO - Processing /home/airflow/.local/lib/python3.11/site-packages/airflow/example_dags/tutorial_taskflow_api_virtualenv.py took 0.060 seconds
[2024-10-19T14:42:48.870+0000] {processor.py:161} INFO - Started process (PID=3064) to work on /home/airflow/.local/lib/python3.11/site-packages/airflow/example_dags/tutorial_taskflow_api_virtualenv.py
[2024-10-19T14:42:48.871+0000] {processor.py:830} INFO - Processing file /home/airflow/.local/lib/python3.11/site-packages/airflow/example_dags/tutorial_taskflow_api_virtualenv.py for tasks to queue
[2024-10-19T14:42:48.872+0000] {logging_mixin.py:188} INFO - [2024-10-19T14:42:48.872+0000] {dagbag.py:545} INFO - Filling up the DagBag from /home/airflow/.local/lib/python3.11/site-packages/airflow/example_dags/tutorial_taskflow_api_virtualenv.py
[2024-10-19T14:42:48.882+0000] {processor.py:840} INFO - DAG(s) 'tutorial_taskflow_api_virtualenv' retrieved from /home/airflow/.local/lib/python3.11/site-packages/airflow/example_dags/tutorial_taskflow_api_virtualenv.py
[2024-10-19T14:42:48.901+0000] {logging_mixin.py:188} INFO - [2024-10-19T14:42:48.900+0000] {dag.py:3089} INFO - Sync 1 DAGs
[2024-10-19T14:42:48.911+0000] {logging_mixin.py:188} INFO - [2024-10-19T14:42:48.910+0000] {dag.py:3947} INFO - Setting next_dagrun for tutorial_taskflow_api_virtualenv to None, run_after=None
[2024-10-19T14:42:48.928+0000] {processor.py:183} INFO - Processing /home/airflow/.local/lib/python3.11/site-packages/airflow/example_dags/tutorial_taskflow_api_virtualenv.py took 0.065 seconds
[2024-10-19T14:43:19.672+0000] {processor.py:161} INFO - Started process (PID=3123) to work on /home/airflow/.local/lib/python3.11/site-packages/airflow/example_dags/tutorial_taskflow_api_virtualenv.py
[2024-10-19T14:43:19.673+0000] {processor.py:830} INFO - Processing file /home/airflow/.local/lib/python3.11/site-packages/airflow/example_dags/tutorial_taskflow_api_virtualenv.py for tasks to queue
[2024-10-19T14:43:19.674+0000] {logging_mixin.py:188} INFO - [2024-10-19T14:43:19.673+0000] {dagbag.py:545} INFO - Filling up the DagBag from /home/airflow/.local/lib/python3.11/site-packages/airflow/example_dags/tutorial_taskflow_api_virtualenv.py
[2024-10-19T14:43:19.686+0000] {processor.py:840} INFO - DAG(s) 'tutorial_taskflow_api_virtualenv' retrieved from /home/airflow/.local/lib/python3.11/site-packages/airflow/example_dags/tutorial_taskflow_api_virtualenv.py
[2024-10-19T14:43:19.728+0000] {logging_mixin.py:188} INFO - [2024-10-19T14:43:19.728+0000] {dag.py:3089} INFO - Sync 1 DAGs
[2024-10-19T14:43:19.738+0000] {logging_mixin.py:188} INFO - [2024-10-19T14:43:19.738+0000] {dag.py:3947} INFO - Setting next_dagrun for tutorial_taskflow_api_virtualenv to None, run_after=None
[2024-10-19T14:43:19.755+0000] {processor.py:183} INFO - Processing /home/airflow/.local/lib/python3.11/site-packages/airflow/example_dags/tutorial_taskflow_api_virtualenv.py took 0.088 seconds
[2024-10-19T14:43:50.330+0000] {processor.py:161} INFO - Started process (PID=3182) to work on /home/airflow/.local/lib/python3.11/site-packages/airflow/example_dags/tutorial_taskflow_api_virtualenv.py
[2024-10-19T14:43:50.331+0000] {processor.py:830} INFO - Processing file /home/airflow/.local/lib/python3.11/site-packages/airflow/example_dags/tutorial_taskflow_api_virtualenv.py for tasks to queue
[2024-10-19T14:43:50.332+0000] {logging_mixin.py:188} INFO - [2024-10-19T14:43:50.331+0000] {dagbag.py:545} INFO - Filling up the DagBag from /home/airflow/.local/lib/python3.11/site-packages/airflow/example_dags/tutorial_taskflow_api_virtualenv.py
[2024-10-19T14:43:50.340+0000] {processor.py:840} INFO - DAG(s) 'tutorial_taskflow_api_virtualenv' retrieved from /home/airflow/.local/lib/python3.11/site-packages/airflow/example_dags/tutorial_taskflow_api_virtualenv.py
[2024-10-19T14:43:50.357+0000] {logging_mixin.py:188} INFO - [2024-10-19T14:43:50.356+0000] {dag.py:3089} INFO - Sync 1 DAGs
[2024-10-19T14:43:50.367+0000] {logging_mixin.py:188} INFO - [2024-10-19T14:43:50.367+0000] {dag.py:3947} INFO - Setting next_dagrun for tutorial_taskflow_api_virtualenv to None, run_after=None
[2024-10-19T14:43:50.384+0000] {processor.py:183} INFO - Processing /home/airflow/.local/lib/python3.11/site-packages/airflow/example_dags/tutorial_taskflow_api_virtualenv.py took 0.059 seconds
[2024-10-19T14:44:21.030+0000] {processor.py:161} INFO - Started process (PID=3241) to work on /home/airflow/.local/lib/python3.11/site-packages/airflow/example_dags/tutorial_taskflow_api_virtualenv.py
[2024-10-19T14:44:21.031+0000] {processor.py:830} INFO - Processing file /home/airflow/.local/lib/python3.11/site-packages/airflow/example_dags/tutorial_taskflow_api_virtualenv.py for tasks to queue
[2024-10-19T14:44:21.032+0000] {logging_mixin.py:188} INFO - [2024-10-19T14:44:21.031+0000] {dagbag.py:545} INFO - Filling up the DagBag from /home/airflow/.local/lib/python3.11/site-packages/airflow/example_dags/tutorial_taskflow_api_virtualenv.py
[2024-10-19T14:44:21.040+0000] {processor.py:840} INFO - DAG(s) 'tutorial_taskflow_api_virtualenv' retrieved from /home/airflow/.local/lib/python3.11/site-packages/airflow/example_dags/tutorial_taskflow_api_virtualenv.py
[2024-10-19T14:44:21.057+0000] {logging_mixin.py:188} INFO - [2024-10-19T14:44:21.057+0000] {dag.py:3089} INFO - Sync 1 DAGs
[2024-10-19T14:44:21.067+0000] {logging_mixin.py:188} INFO - [2024-10-19T14:44:21.067+0000] {dag.py:3947} INFO - Setting next_dagrun for tutorial_taskflow_api_virtualenv to None, run_after=None
[2024-10-19T14:44:21.085+0000] {processor.py:183} INFO - Processing /home/airflow/.local/lib/python3.11/site-packages/airflow/example_dags/tutorial_taskflow_api_virtualenv.py took 0.060 seconds
[2024-10-19T14:44:51.682+0000] {processor.py:161} INFO - Started process (PID=3301) to work on /home/airflow/.local/lib/python3.11/site-packages/airflow/example_dags/tutorial_taskflow_api_virtualenv.py
[2024-10-19T14:44:51.683+0000] {processor.py:830} INFO - Processing file /home/airflow/.local/lib/python3.11/site-packages/airflow/example_dags/tutorial_taskflow_api_virtualenv.py for tasks to queue
[2024-10-19T14:44:51.684+0000] {logging_mixin.py:188} INFO - [2024-10-19T14:44:51.683+0000] {dagbag.py:545} INFO - Filling up the DagBag from /home/airflow/.local/lib/python3.11/site-packages/airflow/example_dags/tutorial_taskflow_api_virtualenv.py
[2024-10-19T14:44:51.694+0000] {processor.py:840} INFO - DAG(s) 'tutorial_taskflow_api_virtualenv' retrieved from /home/airflow/.local/lib/python3.11/site-packages/airflow/example_dags/tutorial_taskflow_api_virtualenv.py
[2024-10-19T14:44:51.712+0000] {logging_mixin.py:188} INFO - [2024-10-19T14:44:51.712+0000] {dag.py:3089} INFO - Sync 1 DAGs
[2024-10-19T14:44:51.722+0000] {logging_mixin.py:188} INFO - [2024-10-19T14:44:51.722+0000] {dag.py:3947} INFO - Setting next_dagrun for tutorial_taskflow_api_virtualenv to None, run_after=None
[2024-10-19T14:44:51.740+0000] {processor.py:183} INFO - Processing /home/airflow/.local/lib/python3.11/site-packages/airflow/example_dags/tutorial_taskflow_api_virtualenv.py took 0.063 seconds
[2024-10-19T14:45:22.078+0000] {processor.py:161} INFO - Started process (PID=3360) to work on /home/airflow/.local/lib/python3.11/site-packages/airflow/example_dags/tutorial_taskflow_api_virtualenv.py
[2024-10-19T14:45:22.079+0000] {processor.py:830} INFO - Processing file /home/airflow/.local/lib/python3.11/site-packages/airflow/example_dags/tutorial_taskflow_api_virtualenv.py for tasks to queue
[2024-10-19T14:45:22.080+0000] {logging_mixin.py:188} INFO - [2024-10-19T14:45:22.079+0000] {dagbag.py:545} INFO - Filling up the DagBag from /home/airflow/.local/lib/python3.11/site-packages/airflow/example_dags/tutorial_taskflow_api_virtualenv.py
[2024-10-19T14:45:22.089+0000] {processor.py:840} INFO - DAG(s) 'tutorial_taskflow_api_virtualenv' retrieved from /home/airflow/.local/lib/python3.11/site-packages/airflow/example_dags/tutorial_taskflow_api_virtualenv.py
[2024-10-19T14:45:22.110+0000] {logging_mixin.py:188} INFO - [2024-10-19T14:45:22.109+0000] {dag.py:3089} INFO - Sync 1 DAGs
[2024-10-19T14:45:22.121+0000] {logging_mixin.py:188} INFO - [2024-10-19T14:45:22.120+0000] {dag.py:3947} INFO - Setting next_dagrun for tutorial_taskflow_api_virtualenv to None, run_after=None
[2024-10-19T14:45:22.139+0000] {processor.py:183} INFO - Processing /home/airflow/.local/lib/python3.11/site-packages/airflow/example_dags/tutorial_taskflow_api_virtualenv.py took 0.068 seconds
[2024-10-19T14:45:52.209+0000] {processor.py:161} INFO - Started process (PID=3419) to work on /home/airflow/.local/lib/python3.11/site-packages/airflow/example_dags/tutorial_taskflow_api_virtualenv.py
[2024-10-19T14:45:52.218+0000] {processor.py:830} INFO - Processing file /home/airflow/.local/lib/python3.11/site-packages/airflow/example_dags/tutorial_taskflow_api_virtualenv.py for tasks to queue
[2024-10-19T14:45:52.219+0000] {logging_mixin.py:188} INFO - [2024-10-19T14:45:52.219+0000] {dagbag.py:545} INFO - Filling up the DagBag from /home/airflow/.local/lib/python3.11/site-packages/airflow/example_dags/tutorial_taskflow_api_virtualenv.py
[2024-10-19T14:45:52.231+0000] {processor.py:840} INFO - DAG(s) 'tutorial_taskflow_api_virtualenv' retrieved from /home/airflow/.local/lib/python3.11/site-packages/airflow/example_dags/tutorial_taskflow_api_virtualenv.py
[2024-10-19T14:45:52.251+0000] {logging_mixin.py:188} INFO - [2024-10-19T14:45:52.251+0000] {dag.py:3089} INFO - Sync 1 DAGs
[2024-10-19T14:45:52.264+0000] {logging_mixin.py:188} INFO - [2024-10-19T14:45:52.264+0000] {dag.py:3947} INFO - Setting next_dagrun for tutorial_taskflow_api_virtualenv to None, run_after=None
[2024-10-19T14:45:52.284+0000] {processor.py:183} INFO - Processing /home/airflow/.local/lib/python3.11/site-packages/airflow/example_dags/tutorial_taskflow_api_virtualenv.py took 0.082 seconds
[2024-10-19T14:46:22.405+0000] {processor.py:161} INFO - Started process (PID=3479) to work on /home/airflow/.local/lib/python3.11/site-packages/airflow/example_dags/tutorial_taskflow_api_virtualenv.py
[2024-10-19T14:46:22.406+0000] {processor.py:830} INFO - Processing file /home/airflow/.local/lib/python3.11/site-packages/airflow/example_dags/tutorial_taskflow_api_virtualenv.py for tasks to queue
[2024-10-19T14:46:22.407+0000] {logging_mixin.py:188} INFO - [2024-10-19T14:46:22.406+0000] {dagbag.py:545} INFO - Filling up the DagBag from /home/airflow/.local/lib/python3.11/site-packages/airflow/example_dags/tutorial_taskflow_api_virtualenv.py
[2024-10-19T14:46:22.415+0000] {processor.py:840} INFO - DAG(s) 'tutorial_taskflow_api_virtualenv' retrieved from /home/airflow/.local/lib/python3.11/site-packages/airflow/example_dags/tutorial_taskflow_api_virtualenv.py
[2024-10-19T14:46:22.432+0000] {logging_mixin.py:188} INFO - [2024-10-19T14:46:22.431+0000] {dag.py:3089} INFO - Sync 1 DAGs
[2024-10-19T14:46:22.443+0000] {logging_mixin.py:188} INFO - [2024-10-19T14:46:22.443+0000] {dag.py:3947} INFO - Setting next_dagrun for tutorial_taskflow_api_virtualenv to None, run_after=None
[2024-10-19T14:46:22.461+0000] {processor.py:183} INFO - Processing /home/airflow/.local/lib/python3.11/site-packages/airflow/example_dags/tutorial_taskflow_api_virtualenv.py took 0.061 seconds
[2024-10-19T14:46:53.311+0000] {processor.py:161} INFO - Started process (PID=3539) to work on /home/airflow/.local/lib/python3.11/site-packages/airflow/example_dags/tutorial_taskflow_api_virtualenv.py
[2024-10-19T14:46:53.312+0000] {processor.py:830} INFO - Processing file /home/airflow/.local/lib/python3.11/site-packages/airflow/example_dags/tutorial_taskflow_api_virtualenv.py for tasks to queue
[2024-10-19T14:46:53.313+0000] {logging_mixin.py:188} INFO - [2024-10-19T14:46:53.313+0000] {dagbag.py:545} INFO - Filling up the DagBag from /home/airflow/.local/lib/python3.11/site-packages/airflow/example_dags/tutorial_taskflow_api_virtualenv.py
[2024-10-19T14:46:53.324+0000] {processor.py:840} INFO - DAG(s) 'tutorial_taskflow_api_virtualenv' retrieved from /home/airflow/.local/lib/python3.11/site-packages/airflow/example_dags/tutorial_taskflow_api_virtualenv.py
[2024-10-19T14:46:53.343+0000] {logging_mixin.py:188} INFO - [2024-10-19T14:46:53.343+0000] {dag.py:3089} INFO - Sync 1 DAGs
[2024-10-19T14:46:53.354+0000] {logging_mixin.py:188} INFO - [2024-10-19T14:46:53.353+0000] {dag.py:3947} INFO - Setting next_dagrun for tutorial_taskflow_api_virtualenv to None, run_after=None
[2024-10-19T14:46:53.376+0000] {processor.py:183} INFO - Processing /home/airflow/.local/lib/python3.11/site-packages/airflow/example_dags/tutorial_taskflow_api_virtualenv.py took 0.071 seconds
[2024-10-19T14:47:23.496+0000] {processor.py:161} INFO - Started process (PID=3598) to work on /home/airflow/.local/lib/python3.11/site-packages/airflow/example_dags/tutorial_taskflow_api_virtualenv.py
[2024-10-19T14:47:23.497+0000] {processor.py:830} INFO - Processing file /home/airflow/.local/lib/python3.11/site-packages/airflow/example_dags/tutorial_taskflow_api_virtualenv.py for tasks to queue
[2024-10-19T14:47:23.498+0000] {logging_mixin.py:188} INFO - [2024-10-19T14:47:23.497+0000] {dagbag.py:545} INFO - Filling up the DagBag from /home/airflow/.local/lib/python3.11/site-packages/airflow/example_dags/tutorial_taskflow_api_virtualenv.py
[2024-10-19T14:47:23.508+0000] {processor.py:840} INFO - DAG(s) 'tutorial_taskflow_api_virtualenv' retrieved from /home/airflow/.local/lib/python3.11/site-packages/airflow/example_dags/tutorial_taskflow_api_virtualenv.py
[2024-10-19T14:47:23.527+0000] {logging_mixin.py:188} INFO - [2024-10-19T14:47:23.527+0000] {dag.py:3089} INFO - Sync 1 DAGs
[2024-10-19T14:47:23.538+0000] {logging_mixin.py:188} INFO - [2024-10-19T14:47:23.537+0000] {dag.py:3947} INFO - Setting next_dagrun for tutorial_taskflow_api_virtualenv to None, run_after=None
[2024-10-19T14:47:23.559+0000] {processor.py:183} INFO - Processing /home/airflow/.local/lib/python3.11/site-packages/airflow/example_dags/tutorial_taskflow_api_virtualenv.py took 0.069 seconds
[2024-10-19T14:47:53.879+0000] {processor.py:161} INFO - Started process (PID=3657) to work on /home/airflow/.local/lib/python3.11/site-packages/airflow/example_dags/tutorial_taskflow_api_virtualenv.py
[2024-10-19T14:47:53.880+0000] {processor.py:830} INFO - Processing file /home/airflow/.local/lib/python3.11/site-packages/airflow/example_dags/tutorial_taskflow_api_virtualenv.py for tasks to queue
[2024-10-19T14:47:53.881+0000] {logging_mixin.py:188} INFO - [2024-10-19T14:47:53.881+0000] {dagbag.py:545} INFO - Filling up the DagBag from /home/airflow/.local/lib/python3.11/site-packages/airflow/example_dags/tutorial_taskflow_api_virtualenv.py
[2024-10-19T14:47:53.890+0000] {processor.py:840} INFO - DAG(s) 'tutorial_taskflow_api_virtualenv' retrieved from /home/airflow/.local/lib/python3.11/site-packages/airflow/example_dags/tutorial_taskflow_api_virtualenv.py
[2024-10-19T14:47:53.909+0000] {logging_mixin.py:188} INFO - [2024-10-19T14:47:53.909+0000] {dag.py:3089} INFO - Sync 1 DAGs
[2024-10-19T14:47:53.920+0000] {logging_mixin.py:188} INFO - [2024-10-19T14:47:53.920+0000] {dag.py:3947} INFO - Setting next_dagrun for tutorial_taskflow_api_virtualenv to None, run_after=None
[2024-10-19T14:47:53.939+0000] {processor.py:183} INFO - Processing /home/airflow/.local/lib/python3.11/site-packages/airflow/example_dags/tutorial_taskflow_api_virtualenv.py took 0.066 seconds
[2024-10-19T14:48:24.033+0000] {processor.py:161} INFO - Started process (PID=3716) to work on /home/airflow/.local/lib/python3.11/site-packages/airflow/example_dags/tutorial_taskflow_api_virtualenv.py
[2024-10-19T14:48:24.034+0000] {processor.py:830} INFO - Processing file /home/airflow/.local/lib/python3.11/site-packages/airflow/example_dags/tutorial_taskflow_api_virtualenv.py for tasks to queue
[2024-10-19T14:48:24.035+0000] {logging_mixin.py:188} INFO - [2024-10-19T14:48:24.035+0000] {dagbag.py:545} INFO - Filling up the DagBag from /home/airflow/.local/lib/python3.11/site-packages/airflow/example_dags/tutorial_taskflow_api_virtualenv.py
[2024-10-19T14:48:24.043+0000] {processor.py:840} INFO - DAG(s) 'tutorial_taskflow_api_virtualenv' retrieved from /home/airflow/.local/lib/python3.11/site-packages/airflow/example_dags/tutorial_taskflow_api_virtualenv.py
[2024-10-19T14:48:24.060+0000] {logging_mixin.py:188} INFO - [2024-10-19T14:48:24.060+0000] {dag.py:3089} INFO - Sync 1 DAGs
[2024-10-19T14:48:24.070+0000] {logging_mixin.py:188} INFO - [2024-10-19T14:48:24.070+0000] {dag.py:3947} INFO - Setting next_dagrun for tutorial_taskflow_api_virtualenv to None, run_after=None
[2024-10-19T14:48:24.086+0000] {processor.py:183} INFO - Processing /home/airflow/.local/lib/python3.11/site-packages/airflow/example_dags/tutorial_taskflow_api_virtualenv.py took 0.057 seconds
[2024-10-19T14:48:54.455+0000] {processor.py:161} INFO - Started process (PID=3775) to work on /home/airflow/.local/lib/python3.11/site-packages/airflow/example_dags/tutorial_taskflow_api_virtualenv.py
[2024-10-19T14:48:54.457+0000] {processor.py:830} INFO - Processing file /home/airflow/.local/lib/python3.11/site-packages/airflow/example_dags/tutorial_taskflow_api_virtualenv.py for tasks to queue
[2024-10-19T14:48:54.458+0000] {logging_mixin.py:188} INFO - [2024-10-19T14:48:54.458+0000] {dagbag.py:545} INFO - Filling up the DagBag from /home/airflow/.local/lib/python3.11/site-packages/airflow/example_dags/tutorial_taskflow_api_virtualenv.py
[2024-10-19T14:48:54.468+0000] {processor.py:840} INFO - DAG(s) 'tutorial_taskflow_api_virtualenv' retrieved from /home/airflow/.local/lib/python3.11/site-packages/airflow/example_dags/tutorial_taskflow_api_virtualenv.py
[2024-10-19T14:48:54.490+0000] {logging_mixin.py:188} INFO - [2024-10-19T14:48:54.489+0000] {dag.py:3089} INFO - Sync 1 DAGs
[2024-10-19T14:48:54.502+0000] {logging_mixin.py:188} INFO - [2024-10-19T14:48:54.502+0000] {dag.py:3947} INFO - Setting next_dagrun for tutorial_taskflow_api_virtualenv to None, run_after=None
[2024-10-19T14:48:54.524+0000] {processor.py:183} INFO - Processing /home/airflow/.local/lib/python3.11/site-packages/airflow/example_dags/tutorial_taskflow_api_virtualenv.py took 0.075 seconds
[2024-10-19T14:49:24.590+0000] {processor.py:161} INFO - Started process (PID=3834) to work on /home/airflow/.local/lib/python3.11/site-packages/airflow/example_dags/tutorial_taskflow_api_virtualenv.py
[2024-10-19T14:49:24.591+0000] {processor.py:830} INFO - Processing file /home/airflow/.local/lib/python3.11/site-packages/airflow/example_dags/tutorial_taskflow_api_virtualenv.py for tasks to queue
[2024-10-19T14:49:24.592+0000] {logging_mixin.py:188} INFO - [2024-10-19T14:49:24.592+0000] {dagbag.py:545} INFO - Filling up the DagBag from /home/airflow/.local/lib/python3.11/site-packages/airflow/example_dags/tutorial_taskflow_api_virtualenv.py
[2024-10-19T14:49:24.601+0000] {processor.py:840} INFO - DAG(s) 'tutorial_taskflow_api_virtualenv' retrieved from /home/airflow/.local/lib/python3.11/site-packages/airflow/example_dags/tutorial_taskflow_api_virtualenv.py
[2024-10-19T14:49:24.623+0000] {logging_mixin.py:188} INFO - [2024-10-19T14:49:24.622+0000] {dag.py:3089} INFO - Sync 1 DAGs
[2024-10-19T14:49:24.636+0000] {logging_mixin.py:188} INFO - [2024-10-19T14:49:24.636+0000] {dag.py:3947} INFO - Setting next_dagrun for tutorial_taskflow_api_virtualenv to None, run_after=None
[2024-10-19T14:49:24.654+0000] {processor.py:183} INFO - Processing /home/airflow/.local/lib/python3.11/site-packages/airflow/example_dags/tutorial_taskflow_api_virtualenv.py took 0.069 seconds
[2024-10-19T14:49:54.695+0000] {processor.py:161} INFO - Started process (PID=3893) to work on /home/airflow/.local/lib/python3.11/site-packages/airflow/example_dags/tutorial_taskflow_api_virtualenv.py
[2024-10-19T14:49:54.696+0000] {processor.py:830} INFO - Processing file /home/airflow/.local/lib/python3.11/site-packages/airflow/example_dags/tutorial_taskflow_api_virtualenv.py for tasks to queue
[2024-10-19T14:49:54.697+0000] {logging_mixin.py:188} INFO - [2024-10-19T14:49:54.697+0000] {dagbag.py:545} INFO - Filling up the DagBag from /home/airflow/.local/lib/python3.11/site-packages/airflow/example_dags/tutorial_taskflow_api_virtualenv.py
[2024-10-19T14:49:54.710+0000] {processor.py:840} INFO - DAG(s) 'tutorial_taskflow_api_virtualenv' retrieved from /home/airflow/.local/lib/python3.11/site-packages/airflow/example_dags/tutorial_taskflow_api_virtualenv.py
[2024-10-19T14:49:54.729+0000] {logging_mixin.py:188} INFO - [2024-10-19T14:49:54.729+0000] {dag.py:3089} INFO - Sync 1 DAGs
[2024-10-19T14:49:54.739+0000] {logging_mixin.py:188} INFO - [2024-10-19T14:49:54.739+0000] {dag.py:3947} INFO - Setting next_dagrun for tutorial_taskflow_api_virtualenv to None, run_after=None
[2024-10-19T14:49:54.760+0000] {processor.py:183} INFO - Processing /home/airflow/.local/lib/python3.11/site-packages/airflow/example_dags/tutorial_taskflow_api_virtualenv.py took 0.071 seconds
[2024-10-19T14:50:25.402+0000] {processor.py:161} INFO - Started process (PID=3952) to work on /home/airflow/.local/lib/python3.11/site-packages/airflow/example_dags/tutorial_taskflow_api_virtualenv.py
[2024-10-19T14:50:25.403+0000] {processor.py:830} INFO - Processing file /home/airflow/.local/lib/python3.11/site-packages/airflow/example_dags/tutorial_taskflow_api_virtualenv.py for tasks to queue
[2024-10-19T14:50:25.404+0000] {logging_mixin.py:188} INFO - [2024-10-19T14:50:25.404+0000] {dagbag.py:545} INFO - Filling up the DagBag from /home/airflow/.local/lib/python3.11/site-packages/airflow/example_dags/tutorial_taskflow_api_virtualenv.py
[2024-10-19T14:50:25.415+0000] {processor.py:840} INFO - DAG(s) 'tutorial_taskflow_api_virtualenv' retrieved from /home/airflow/.local/lib/python3.11/site-packages/airflow/example_dags/tutorial_taskflow_api_virtualenv.py
[2024-10-19T14:50:25.434+0000] {logging_mixin.py:188} INFO - [2024-10-19T14:50:25.434+0000] {dag.py:3089} INFO - Sync 1 DAGs
[2024-10-19T14:50:25.446+0000] {logging_mixin.py:188} INFO - [2024-10-19T14:50:25.445+0000] {dag.py:3947} INFO - Setting next_dagrun for tutorial_taskflow_api_virtualenv to None, run_after=None
[2024-10-19T14:50:25.464+0000] {processor.py:183} INFO - Processing /home/airflow/.local/lib/python3.11/site-packages/airflow/example_dags/tutorial_taskflow_api_virtualenv.py took 0.069 seconds
[2024-10-19T14:50:56.182+0000] {processor.py:161} INFO - Started process (PID=4011) to work on /home/airflow/.local/lib/python3.11/site-packages/airflow/example_dags/tutorial_taskflow_api_virtualenv.py
[2024-10-19T14:50:56.183+0000] {processor.py:830} INFO - Processing file /home/airflow/.local/lib/python3.11/site-packages/airflow/example_dags/tutorial_taskflow_api_virtualenv.py for tasks to queue
[2024-10-19T14:50:56.184+0000] {logging_mixin.py:188} INFO - [2024-10-19T14:50:56.184+0000] {dagbag.py:545} INFO - Filling up the DagBag from /home/airflow/.local/lib/python3.11/site-packages/airflow/example_dags/tutorial_taskflow_api_virtualenv.py
[2024-10-19T14:50:56.192+0000] {processor.py:840} INFO - DAG(s) 'tutorial_taskflow_api_virtualenv' retrieved from /home/airflow/.local/lib/python3.11/site-packages/airflow/example_dags/tutorial_taskflow_api_virtualenv.py
[2024-10-19T14:50:56.210+0000] {logging_mixin.py:188} INFO - [2024-10-19T14:50:56.210+0000] {dag.py:3089} INFO - Sync 1 DAGs
[2024-10-19T14:50:56.220+0000] {logging_mixin.py:188} INFO - [2024-10-19T14:50:56.219+0000] {dag.py:3947} INFO - Setting next_dagrun for tutorial_taskflow_api_virtualenv to None, run_after=None
[2024-10-19T14:50:56.236+0000] {processor.py:183} INFO - Processing /home/airflow/.local/lib/python3.11/site-packages/airflow/example_dags/tutorial_taskflow_api_virtualenv.py took 0.059 seconds
[2024-10-19T14:51:26.425+0000] {processor.py:161} INFO - Started process (PID=4070) to work on /home/airflow/.local/lib/python3.11/site-packages/airflow/example_dags/tutorial_taskflow_api_virtualenv.py
[2024-10-19T14:51:26.426+0000] {processor.py:830} INFO - Processing file /home/airflow/.local/lib/python3.11/site-packages/airflow/example_dags/tutorial_taskflow_api_virtualenv.py for tasks to queue
[2024-10-19T14:51:26.426+0000] {logging_mixin.py:188} INFO - [2024-10-19T14:51:26.426+0000] {dagbag.py:545} INFO - Filling up the DagBag from /home/airflow/.local/lib/python3.11/site-packages/airflow/example_dags/tutorial_taskflow_api_virtualenv.py
[2024-10-19T14:51:26.440+0000] {processor.py:840} INFO - DAG(s) 'tutorial_taskflow_api_virtualenv' retrieved from /home/airflow/.local/lib/python3.11/site-packages/airflow/example_dags/tutorial_taskflow_api_virtualenv.py
[2024-10-19T14:51:26.460+0000] {logging_mixin.py:188} INFO - [2024-10-19T14:51:26.460+0000] {dag.py:3089} INFO - Sync 1 DAGs
[2024-10-19T14:51:26.471+0000] {logging_mixin.py:188} INFO - [2024-10-19T14:51:26.471+0000] {dag.py:3947} INFO - Setting next_dagrun for tutorial_taskflow_api_virtualenv to None, run_after=None
[2024-10-19T14:51:26.488+0000] {processor.py:183} INFO - Processing /home/airflow/.local/lib/python3.11/site-packages/airflow/example_dags/tutorial_taskflow_api_virtualenv.py took 0.069 seconds
[2024-10-19T14:51:56.930+0000] {processor.py:161} INFO - Started process (PID=4129) to work on /home/airflow/.local/lib/python3.11/site-packages/airflow/example_dags/tutorial_taskflow_api_virtualenv.py
[2024-10-19T14:51:56.931+0000] {processor.py:830} INFO - Processing file /home/airflow/.local/lib/python3.11/site-packages/airflow/example_dags/tutorial_taskflow_api_virtualenv.py for tasks to queue
[2024-10-19T14:51:56.932+0000] {logging_mixin.py:188} INFO - [2024-10-19T14:51:56.932+0000] {dagbag.py:545} INFO - Filling up the DagBag from /home/airflow/.local/lib/python3.11/site-packages/airflow/example_dags/tutorial_taskflow_api_virtualenv.py
[2024-10-19T14:51:56.941+0000] {processor.py:840} INFO - DAG(s) 'tutorial_taskflow_api_virtualenv' retrieved from /home/airflow/.local/lib/python3.11/site-packages/airflow/example_dags/tutorial_taskflow_api_virtualenv.py
[2024-10-19T14:51:56.957+0000] {logging_mixin.py:188} INFO - [2024-10-19T14:51:56.957+0000] {dag.py:3089} INFO - Sync 1 DAGs
[2024-10-19T14:51:56.967+0000] {logging_mixin.py:188} INFO - [2024-10-19T14:51:56.966+0000] {dag.py:3947} INFO - Setting next_dagrun for tutorial_taskflow_api_virtualenv to None, run_after=None
[2024-10-19T14:51:56.984+0000] {processor.py:183} INFO - Processing /home/airflow/.local/lib/python3.11/site-packages/airflow/example_dags/tutorial_taskflow_api_virtualenv.py took 0.058 seconds
