[2024-11-18T17:29:20.778+0000] {local_task_job_runner.py:120} INFO - ::group::Pre task execution logs
[2024-11-18T17:29:20.813+0000] {taskinstance.py:2076} INFO - Dependencies all met for dep_context=non-requeueable deps ti=<TaskInstance: spark_dag.spark_task manual__2024-11-18T17:24:02.066400+00:00 [queued]>
[2024-11-18T17:29:20.824+0000] {taskinstance.py:2076} INFO - Dependencies all met for dep_context=requeueable deps ti=<TaskInstance: spark_dag.spark_task manual__2024-11-18T17:24:02.066400+00:00 [queued]>
[2024-11-18T17:29:20.825+0000] {taskinstance.py:2306} INFO - Starting attempt 2 of 2
[2024-11-18T17:29:20.842+0000] {taskinstance.py:2330} INFO - Executing <Task(SparkSubmitOperator): spark_task> on 2024-11-18 17:24:02.066400+00:00
[2024-11-18T17:29:20.852+0000] {standard_task_runner.py:64} INFO - Started process 2684 to run task
[2024-11-18T17:29:20.856+0000] {standard_task_runner.py:90} INFO - Running: ['***', 'tasks', 'run', 'spark_dag', 'spark_task', 'manual__2024-11-18T17:24:02.066400+00:00', '--job-id', '777', '--raw', '--subdir', 'DAGS_FOLDER/spark_dag.py', '--cfg-path', '/tmp/tmpaavmgm1o']
[2024-11-18T17:29:20.859+0000] {standard_task_runner.py:91} INFO - Job 777: Subtask spark_task
[2024-11-18T17:29:20.928+0000] {task_command.py:426} INFO - Running <TaskInstance: spark_dag.spark_task manual__2024-11-18T17:24:02.066400+00:00 [running]> on host 09eaa9e6bb3a
[2024-11-18T17:29:21.031+0000] {taskinstance.py:2648} INFO - Exporting env vars: AIRFLOW_CTX_DAG_OWNER='***' AIRFLOW_CTX_DAG_ID='spark_dag' AIRFLOW_CTX_TASK_ID='spark_task' AIRFLOW_CTX_EXECUTION_DATE='2024-11-18T17:24:02.066400+00:00' AIRFLOW_CTX_TRY_NUMBER='2' AIRFLOW_CTX_DAG_RUN_ID='manual__2024-11-18T17:24:02.066400+00:00'
[2024-11-18T17:29:21.033+0000] {taskinstance.py:430} INFO - ::endgroup::
[2024-11-18T17:29:21.041+0000] {base.py:84} INFO - Using connection ID 'spark_default' for task execution.
[2024-11-18T17:29:21.042+0000] {spark_submit.py:473} INFO - Spark-Submit cmd: spark-submit --master spark://spark:7077 --name arrow-spark --deploy-mode client /opt/***/dags/spark_job.py
[2024-11-18T17:29:24.178+0000] {spark_submit.py:634} INFO - 24/11/18 17:29:24 INFO SparkContext: Running Spark version 3.5.3
[2024-11-18T17:29:24.187+0000] {spark_submit.py:634} INFO - 24/11/18 17:29:24 INFO SparkContext: OS info Linux, 5.15.153.1-microsoft-standard-WSL2, amd64
[2024-11-18T17:29:24.191+0000] {spark_submit.py:634} INFO - 24/11/18 17:29:24 INFO SparkContext: Java version 17.0.12
[2024-11-18T17:29:24.476+0000] {spark_submit.py:634} INFO - 24/11/18 17:29:24 WARN NativeCodeLoader: Unable to load native-hadoop library for your platform... using builtin-java classes where applicable
[2024-11-18T17:29:24.744+0000] {spark_submit.py:634} INFO - 24/11/18 17:29:24 INFO ResourceUtils: ==============================================================
[2024-11-18T17:29:24.744+0000] {spark_submit.py:634} INFO - 24/11/18 17:29:24 INFO ResourceUtils: No custom resources configured for spark.driver.
[2024-11-18T17:29:24.745+0000] {spark_submit.py:634} INFO - 24/11/18 17:29:24 INFO ResourceUtils: ==============================================================
[2024-11-18T17:29:24.745+0000] {spark_submit.py:634} INFO - 24/11/18 17:29:24 INFO SparkContext: Submitted application: Airflow Spark Job
[2024-11-18T17:29:24.764+0000] {spark_submit.py:634} INFO - 24/11/18 17:29:24 INFO ResourceProfile: Default ResourceProfile created, executor resources: Map(memory -> name: memory, amount: 1024, script: , vendor: , offHeap -> name: offHeap, amount: 0, script: , vendor: ), task resources: Map(cpus -> name: cpus, amount: 1.0)
[2024-11-18T17:29:24.772+0000] {spark_submit.py:634} INFO - 24/11/18 17:29:24 INFO ResourceProfile: Limiting resource is cpu
[2024-11-18T17:29:24.773+0000] {spark_submit.py:634} INFO - 24/11/18 17:29:24 INFO ResourceProfileManager: Added ResourceProfile id: 0
[2024-11-18T17:29:24.899+0000] {spark_submit.py:634} INFO - 24/11/18 17:29:24 INFO SecurityManager: Changing view acls to: ***
[2024-11-18T17:29:24.900+0000] {spark_submit.py:634} INFO - 24/11/18 17:29:24 INFO SecurityManager: Changing modify acls to: ***
[2024-11-18T17:29:24.906+0000] {spark_submit.py:634} INFO - 24/11/18 17:29:24 INFO SecurityManager: Changing view acls groups to:
[2024-11-18T17:29:24.913+0000] {spark_submit.py:634} INFO - 24/11/18 17:29:24 INFO SecurityManager: Changing modify acls groups to:
[2024-11-18T17:29:24.925+0000] {spark_submit.py:634} INFO - 24/11/18 17:29:24 INFO SecurityManager: SecurityManager: authentication disabled; ui acls disabled; users with view permissions: ***; groups with view permissions: EMPTY; users with modify permissions: ***; groups with modify permissions: EMPTY
[2024-11-18T17:29:25.662+0000] {spark_submit.py:634} INFO - 24/11/18 17:29:25 INFO Utils: Successfully started service 'sparkDriver' on port 41327.
[2024-11-18T17:29:25.699+0000] {spark_submit.py:634} INFO - 24/11/18 17:29:25 INFO SparkEnv: Registering MapOutputTracker
[2024-11-18T17:29:25.744+0000] {spark_submit.py:634} INFO - 24/11/18 17:29:25 INFO SparkEnv: Registering BlockManagerMaster
[2024-11-18T17:29:25.759+0000] {spark_submit.py:634} INFO - 24/11/18 17:29:25 INFO BlockManagerMasterEndpoint: Using org.apache.spark.storage.DefaultTopologyMapper for getting topology information
[2024-11-18T17:29:25.760+0000] {spark_submit.py:634} INFO - 24/11/18 17:29:25 INFO BlockManagerMasterEndpoint: BlockManagerMasterEndpoint up
[2024-11-18T17:29:25.766+0000] {spark_submit.py:634} INFO - 24/11/18 17:29:25 INFO SparkEnv: Registering BlockManagerMasterHeartbeat
[2024-11-18T17:29:25.786+0000] {spark_submit.py:634} INFO - 24/11/18 17:29:25 INFO DiskBlockManager: Created local directory at /tmp/blockmgr-1f979e0d-9615-4090-8217-a594ae04f6e9
[2024-11-18T17:29:25.797+0000] {spark_submit.py:634} INFO - 24/11/18 17:29:25 INFO MemoryStore: MemoryStore started with capacity 434.4 MiB
[2024-11-18T17:29:25.808+0000] {spark_submit.py:634} INFO - 24/11/18 17:29:25 INFO SparkEnv: Registering OutputCommitCoordinator
[2024-11-18T17:29:26.116+0000] {spark_submit.py:634} INFO - 24/11/18 17:29:26 INFO JettyUtils: Start Jetty 0.0.0.0:4040 for SparkUI
[2024-11-18T17:29:26.357+0000] {spark_submit.py:634} INFO - 24/11/18 17:29:26 INFO Utils: Successfully started service 'SparkUI' on port 4040.
[2024-11-18T17:29:26.467+0000] {spark_submit.py:634} INFO - 24/11/18 17:29:26 INFO StandaloneAppClient$ClientEndpoint: Connecting to master spark://spark:7077...
[2024-11-18T17:29:26.501+0000] {spark_submit.py:634} INFO - 24/11/18 17:29:26 INFO TransportClientFactory: Successfully created connection to spark/172.19.0.4:7077 after 18 ms (0 ms spent in bootstraps)
[2024-11-18T17:29:26.571+0000] {spark_submit.py:634} INFO - 24/11/18 17:29:26 INFO StandaloneSchedulerBackend: Connected to Spark cluster with app ID app-20241118172926-0013
[2024-11-18T17:29:26.577+0000] {spark_submit.py:634} INFO - 24/11/18 17:29:26 INFO StandaloneAppClient$ClientEndpoint: Executor added: app-20241118172926-0013/0 on worker-20241118170655-172.19.0.6-36949 (172.19.0.6:36949) with 1 core(s)
[2024-11-18T17:29:26.578+0000] {spark_submit.py:634} INFO - 24/11/18 17:29:26 INFO StandaloneSchedulerBackend: Granted executor ID app-20241118172926-0013/0 on hostPort 172.19.0.6:36949 with 1 core(s), 1024.0 MiB RAM
[2024-11-18T17:29:26.579+0000] {spark_submit.py:634} INFO - 24/11/18 17:29:26 INFO StandaloneAppClient$ClientEndpoint: Executor added: app-20241118172926-0013/1 on worker-20241118170656-172.19.0.5-42287 (172.19.0.5:42287) with 1 core(s)
[2024-11-18T17:29:26.579+0000] {spark_submit.py:634} INFO - 24/11/18 17:29:26 INFO StandaloneSchedulerBackend: Granted executor ID app-20241118172926-0013/1 on hostPort 172.19.0.5:42287 with 1 core(s), 1024.0 MiB RAM
[2024-11-18T17:29:26.579+0000] {spark_submit.py:634} INFO - 24/11/18 17:29:26 INFO Utils: Successfully started service 'org.apache.spark.network.netty.NettyBlockTransferService' on port 40131.
[2024-11-18T17:29:26.580+0000] {spark_submit.py:634} INFO - 24/11/18 17:29:26 INFO NettyBlockTransferService: Server created on 09eaa9e6bb3a:40131
[2024-11-18T17:29:26.580+0000] {spark_submit.py:634} INFO - 24/11/18 17:29:26 INFO BlockManager: Using org.apache.spark.storage.RandomBlockReplicationPolicy for block replication policy
[2024-11-18T17:29:26.588+0000] {spark_submit.py:634} INFO - 24/11/18 17:29:26 INFO BlockManagerMaster: Registering BlockManager BlockManagerId(driver, 09eaa9e6bb3a, 40131, None)
[2024-11-18T17:29:26.593+0000] {spark_submit.py:634} INFO - 24/11/18 17:29:26 INFO BlockManagerMasterEndpoint: Registering block manager 09eaa9e6bb3a:40131 with 434.4 MiB RAM, BlockManagerId(driver, 09eaa9e6bb3a, 40131, None)
[2024-11-18T17:29:26.598+0000] {spark_submit.py:634} INFO - 24/11/18 17:29:26 INFO BlockManagerMaster: Registered BlockManager BlockManagerId(driver, 09eaa9e6bb3a, 40131, None)
[2024-11-18T17:29:26.608+0000] {spark_submit.py:634} INFO - 24/11/18 17:29:26 INFO BlockManager: Initialized BlockManager: BlockManagerId(driver, 09eaa9e6bb3a, 40131, None)
[2024-11-18T17:29:26.627+0000] {spark_submit.py:634} INFO - 24/11/18 17:29:26 INFO StandaloneAppClient$ClientEndpoint: Executor updated: app-20241118172926-0013/1 is now RUNNING
[2024-11-18T17:29:26.629+0000] {spark_submit.py:634} INFO - 24/11/18 17:29:26 INFO StandaloneAppClient$ClientEndpoint: Executor updated: app-20241118172926-0013/0 is now RUNNING
[2024-11-18T17:29:27.140+0000] {spark_submit.py:634} INFO - 24/11/18 17:29:27 INFO StandaloneSchedulerBackend: SchedulerBackend is ready for scheduling beginning after reached minRegisteredResourcesRatio: 0.0
[2024-11-18T17:29:28.421+0000] {spark_submit.py:634} INFO - 24/11/18 17:29:28 INFO SharedState: Setting hive.metastore.warehouse.dir ('null') to the value of spark.sql.warehouse.dir.
[2024-11-18T17:29:28.436+0000] {spark_submit.py:634} INFO - 24/11/18 17:29:28 INFO SharedState: Warehouse path is 'file:/app/spark-warehouse'.
[2024-11-18T17:29:31.890+0000] {spark_submit.py:634} INFO - 24/11/18 17:29:31 INFO StandaloneSchedulerBackend$StandaloneDriverEndpoint: Registered executor NettyRpcEndpointRef(spark-client://Executor) (172.19.0.6:48502) with ID 0,  ResourceProfileId 0
[2024-11-18T17:29:31.901+0000] {spark_submit.py:634} INFO - 24/11/18 17:29:31 INFO StandaloneSchedulerBackend$StandaloneDriverEndpoint: Registered executor NettyRpcEndpointRef(spark-client://Executor) (172.19.0.5:40314) with ID 1,  ResourceProfileId 0
[2024-11-18T17:29:32.009+0000] {spark_submit.py:634} INFO - 24/11/18 17:29:32 INFO BlockManagerMasterEndpoint: Registering block manager 172.19.0.6:43821 with 434.4 MiB RAM, BlockManagerId(0, 172.19.0.6, 43821, None)
[2024-11-18T17:29:32.011+0000] {spark_submit.py:634} INFO - 24/11/18 17:29:32 INFO BlockManagerMasterEndpoint: Registering block manager 172.19.0.5:41339 with 434.4 MiB RAM, BlockManagerId(1, 172.19.0.5, 41339, None)
[2024-11-18T17:29:32.770+0000] {spark_submit.py:634} INFO - 24/11/18 17:29:32 INFO CodeGenerator: Code generated in 156.682167 ms
[2024-11-18T17:29:32.804+0000] {spark_submit.py:634} INFO - 24/11/18 17:29:32 INFO SparkContext: Starting job: showString at NativeMethodAccessorImpl.java:0
[2024-11-18T17:29:32.815+0000] {spark_submit.py:634} INFO - 24/11/18 17:29:32 INFO DAGScheduler: Got job 0 (showString at NativeMethodAccessorImpl.java:0) with 1 output partitions
[2024-11-18T17:29:32.816+0000] {spark_submit.py:634} INFO - 24/11/18 17:29:32 INFO DAGScheduler: Final stage: ResultStage 0 (showString at NativeMethodAccessorImpl.java:0)
[2024-11-18T17:29:32.816+0000] {spark_submit.py:634} INFO - 24/11/18 17:29:32 INFO DAGScheduler: Parents of final stage: List()
[2024-11-18T17:29:32.817+0000] {spark_submit.py:634} INFO - 24/11/18 17:29:32 INFO DAGScheduler: Missing parents: List()
[2024-11-18T17:29:32.820+0000] {spark_submit.py:634} INFO - 24/11/18 17:29:32 INFO DAGScheduler: Submitting ResultStage 0 (MapPartitionsRDD[6] at showString at NativeMethodAccessorImpl.java:0), which has no missing parents
[2024-11-18T17:29:32.887+0000] {spark_submit.py:634} INFO - 24/11/18 17:29:32 INFO MemoryStore: Block broadcast_0 stored as values in memory (estimated size 12.7 KiB, free 434.4 MiB)
[2024-11-18T17:29:32.916+0000] {spark_submit.py:634} INFO - 24/11/18 17:29:32 INFO MemoryStore: Block broadcast_0_piece0 stored as bytes in memory (estimated size 6.7 KiB, free 434.4 MiB)
[2024-11-18T17:29:32.919+0000] {spark_submit.py:634} INFO - 24/11/18 17:29:32 INFO BlockManagerInfo: Added broadcast_0_piece0 in memory on 09eaa9e6bb3a:40131 (size: 6.7 KiB, free: 434.4 MiB)
[2024-11-18T17:29:32.925+0000] {spark_submit.py:634} INFO - 24/11/18 17:29:32 INFO SparkContext: Created broadcast 0 from broadcast at DAGScheduler.scala:1585
[2024-11-18T17:29:32.942+0000] {spark_submit.py:634} INFO - 24/11/18 17:29:32 INFO DAGScheduler: Submitting 1 missing tasks from ResultStage 0 (MapPartitionsRDD[6] at showString at NativeMethodAccessorImpl.java:0) (first 15 tasks are for partitions Vector(0))
[2024-11-18T17:29:32.944+0000] {spark_submit.py:634} INFO - 24/11/18 17:29:32 INFO TaskSchedulerImpl: Adding task set 0.0 with 1 tasks resource profile 0
[2024-11-18T17:29:32.978+0000] {spark_submit.py:634} INFO - 24/11/18 17:29:32 INFO TaskSetManager: Starting task 0.0 in stage 0.0 (TID 0) (172.19.0.5, executor 1, partition 0, PROCESS_LOCAL, 9020 bytes)
[2024-11-18T17:29:33.080+0000] {spark_submit.py:634} INFO - 24/11/18 17:29:33 WARN TaskSetManager: Lost task 0.0 in stage 0.0 (TID 0) (172.19.0.5 executor 1): java.io.InvalidClassException: org.apache.spark.scheduler.Task; local class incompatible: stream classdesc serialVersionUID = -6188971942555435033, local class serialVersionUID = 553100815431272095
[2024-11-18T17:29:33.081+0000] {spark_submit.py:634} INFO - at java.base/java.io.ObjectStreamClass.initNonProxy(ObjectStreamClass.java:597)
[2024-11-18T17:29:33.082+0000] {spark_submit.py:634} INFO - at java.base/java.io.ObjectInputStream.readNonProxyDesc(ObjectInputStream.java:2051)
[2024-11-18T17:29:33.082+0000] {spark_submit.py:634} INFO - at java.base/java.io.ObjectInputStream.readClassDesc(ObjectInputStream.java:1898)
[2024-11-18T17:29:33.083+0000] {spark_submit.py:634} INFO - at java.base/java.io.ObjectInputStream.readNonProxyDesc(ObjectInputStream.java:2051)
[2024-11-18T17:29:33.084+0000] {spark_submit.py:634} INFO - at java.base/java.io.ObjectInputStream.readClassDesc(ObjectInputStream.java:1898)
[2024-11-18T17:29:33.084+0000] {spark_submit.py:634} INFO - at java.base/java.io.ObjectInputStream.readOrdinaryObject(ObjectInputStream.java:2224)
[2024-11-18T17:29:33.084+0000] {spark_submit.py:634} INFO - at java.base/java.io.ObjectInputStream.readObject0(ObjectInputStream.java:1733)
[2024-11-18T17:29:33.085+0000] {spark_submit.py:634} INFO - at java.base/java.io.ObjectInputStream.readObject(ObjectInputStream.java:509)
[2024-11-18T17:29:33.085+0000] {spark_submit.py:634} INFO - at java.base/java.io.ObjectInputStream.readObject(ObjectInputStream.java:467)
[2024-11-18T17:29:33.086+0000] {spark_submit.py:634} INFO - at org.apache.spark.serializer.JavaDeserializationStream.readObject(JavaSerializer.scala:87)
[2024-11-18T17:29:33.086+0000] {spark_submit.py:634} INFO - at org.apache.spark.serializer.JavaSerializerInstance.deserialize(JavaSerializer.scala:129)
[2024-11-18T17:29:33.086+0000] {spark_submit.py:634} INFO - at org.apache.spark.executor.Executor$TaskRunner.run(Executor.scala:579)
[2024-11-18T17:29:33.087+0000] {spark_submit.py:634} INFO - at java.base/java.util.concurrent.ThreadPoolExecutor.runWorker(ThreadPoolExecutor.java:1136)
[2024-11-18T17:29:33.087+0000] {spark_submit.py:634} INFO - at java.base/java.util.concurrent.ThreadPoolExecutor$Worker.run(ThreadPoolExecutor.java:635)
[2024-11-18T17:29:33.088+0000] {spark_submit.py:634} INFO - at java.base/java.lang.Thread.run(Thread.java:840)
[2024-11-18T17:29:33.089+0000] {spark_submit.py:634} INFO - 
[2024-11-18T17:29:33.090+0000] {spark_submit.py:634} INFO - 24/11/18 17:29:33 INFO TaskSetManager: Starting task 0.1 in stage 0.0 (TID 1) (172.19.0.5, executor 1, partition 0, PROCESS_LOCAL, 9020 bytes)
[2024-11-18T17:29:33.103+0000] {spark_submit.py:634} INFO - 24/11/18 17:29:33 INFO TaskSetManager: Lost task 0.1 in stage 0.0 (TID 1) on 172.19.0.5, executor 1: java.io.InvalidClassException (org.apache.spark.scheduler.Task; local class incompatible: stream classdesc serialVersionUID = -6188971942555435033, local class serialVersionUID = 553100815431272095) [duplicate 1]
[2024-11-18T17:29:33.105+0000] {spark_submit.py:634} INFO - 24/11/18 17:29:33 INFO TaskSetManager: Starting task 0.2 in stage 0.0 (TID 2) (172.19.0.6, executor 0, partition 0, PROCESS_LOCAL, 9020 bytes)
[2024-11-18T17:29:33.206+0000] {spark_submit.py:634} INFO - 24/11/18 17:29:33 INFO TaskSetManager: Lost task 0.2 in stage 0.0 (TID 2) on 172.19.0.6, executor 0: java.io.InvalidClassException (org.apache.spark.scheduler.Task; local class incompatible: stream classdesc serialVersionUID = -6188971942555435033, local class serialVersionUID = 553100815431272095) [duplicate 2]
[2024-11-18T17:29:33.208+0000] {spark_submit.py:634} INFO - 24/11/18 17:29:33 INFO TaskSetManager: Starting task 0.3 in stage 0.0 (TID 3) (172.19.0.6, executor 0, partition 0, PROCESS_LOCAL, 9020 bytes)
[2024-11-18T17:29:33.223+0000] {spark_submit.py:634} INFO - 24/11/18 17:29:33 INFO TaskSetManager: Lost task 0.3 in stage 0.0 (TID 3) on 172.19.0.6, executor 0: java.io.InvalidClassException (org.apache.spark.scheduler.Task; local class incompatible: stream classdesc serialVersionUID = -6188971942555435033, local class serialVersionUID = 553100815431272095) [duplicate 3]
[2024-11-18T17:29:33.231+0000] {spark_submit.py:634} INFO - 24/11/18 17:29:33 ERROR TaskSetManager: Task 0 in stage 0.0 failed 4 times; aborting job
[2024-11-18T17:29:33.231+0000] {spark_submit.py:634} INFO - 24/11/18 17:29:33 INFO TaskSchedulerImpl: Removed TaskSet 0.0, whose tasks have all completed, from pool
[2024-11-18T17:29:33.232+0000] {spark_submit.py:634} INFO - 24/11/18 17:29:33 INFO TaskSchedulerImpl: Cancelling stage 0
[2024-11-18T17:29:33.239+0000] {spark_submit.py:634} INFO - 24/11/18 17:29:33 INFO TaskSchedulerImpl: Killing all running tasks in stage 0: Stage cancelled: Job aborted due to stage failure: Task 0 in stage 0.0 failed 4 times, most recent failure: Lost task 0.3 in stage 0.0 (TID 3) (172.19.0.6 executor 0): java.io.InvalidClassException: org.apache.spark.scheduler.Task; local class incompatible: stream classdesc serialVersionUID = -6188971942555435033, local class serialVersionUID = 553100815431272095
[2024-11-18T17:29:33.241+0000] {spark_submit.py:634} INFO - at java.base/java.io.ObjectStreamClass.initNonProxy(ObjectStreamClass.java:597)
[2024-11-18T17:29:33.248+0000] {spark_submit.py:634} INFO - at java.base/java.io.ObjectInputStream.readNonProxyDesc(ObjectInputStream.java:2051)
[2024-11-18T17:29:33.248+0000] {spark_submit.py:634} INFO - at java.base/java.io.ObjectInputStream.readClassDesc(ObjectInputStream.java:1898)
[2024-11-18T17:29:33.249+0000] {spark_submit.py:634} INFO - at java.base/java.io.ObjectInputStream.readNonProxyDesc(ObjectInputStream.java:2051)
[2024-11-18T17:29:33.250+0000] {spark_submit.py:634} INFO - at java.base/java.io.ObjectInputStream.readClassDesc(ObjectInputStream.java:1898)
[2024-11-18T17:29:33.250+0000] {spark_submit.py:634} INFO - at java.base/java.io.ObjectInputStream.readOrdinaryObject(ObjectInputStream.java:2224)
[2024-11-18T17:29:33.250+0000] {spark_submit.py:634} INFO - at java.base/java.io.ObjectInputStream.readObject0(ObjectInputStream.java:1733)
[2024-11-18T17:29:33.251+0000] {spark_submit.py:634} INFO - at java.base/java.io.ObjectInputStream.readObject(ObjectInputStream.java:509)
[2024-11-18T17:29:33.251+0000] {spark_submit.py:634} INFO - at java.base/java.io.ObjectInputStream.readObject(ObjectInputStream.java:467)
[2024-11-18T17:29:33.251+0000] {spark_submit.py:634} INFO - at org.apache.spark.serializer.JavaDeserializationStream.readObject(JavaSerializer.scala:87)
[2024-11-18T17:29:33.257+0000] {spark_submit.py:634} INFO - at org.apache.spark.serializer.JavaSerializerInstance.deserialize(JavaSerializer.scala:129)
[2024-11-18T17:29:33.261+0000] {spark_submit.py:634} INFO - at org.apache.spark.executor.Executor$TaskRunner.run(Executor.scala:579)
[2024-11-18T17:29:33.261+0000] {spark_submit.py:634} INFO - at java.base/java.util.concurrent.ThreadPoolExecutor.runWorker(ThreadPoolExecutor.java:1136)
[2024-11-18T17:29:33.262+0000] {spark_submit.py:634} INFO - at java.base/java.util.concurrent.ThreadPoolExecutor$Worker.run(ThreadPoolExecutor.java:635)
[2024-11-18T17:29:33.262+0000] {spark_submit.py:634} INFO - at java.base/java.lang.Thread.run(Thread.java:840)
[2024-11-18T17:29:33.263+0000] {spark_submit.py:634} INFO - 
[2024-11-18T17:29:33.263+0000] {spark_submit.py:634} INFO - Driver stacktrace:
[2024-11-18T17:29:33.263+0000] {spark_submit.py:634} INFO - 24/11/18 17:29:33 INFO DAGScheduler: ResultStage 0 (showString at NativeMethodAccessorImpl.java:0) failed in 0.406 s due to Job aborted due to stage failure: Task 0 in stage 0.0 failed 4 times, most recent failure: Lost task 0.3 in stage 0.0 (TID 3) (172.19.0.6 executor 0): java.io.InvalidClassException: org.apache.spark.scheduler.Task; local class incompatible: stream classdesc serialVersionUID = -6188971942555435033, local class serialVersionUID = 553100815431272095
[2024-11-18T17:29:33.264+0000] {spark_submit.py:634} INFO - at java.base/java.io.ObjectStreamClass.initNonProxy(ObjectStreamClass.java:597)
[2024-11-18T17:29:33.264+0000] {spark_submit.py:634} INFO - at java.base/java.io.ObjectInputStream.readNonProxyDesc(ObjectInputStream.java:2051)
[2024-11-18T17:29:33.264+0000] {spark_submit.py:634} INFO - at java.base/java.io.ObjectInputStream.readClassDesc(ObjectInputStream.java:1898)
[2024-11-18T17:29:33.264+0000] {spark_submit.py:634} INFO - at java.base/java.io.ObjectInputStream.readNonProxyDesc(ObjectInputStream.java:2051)
[2024-11-18T17:29:33.265+0000] {spark_submit.py:634} INFO - at java.base/java.io.ObjectInputStream.readClassDesc(ObjectInputStream.java:1898)
[2024-11-18T17:29:33.265+0000] {spark_submit.py:634} INFO - at java.base/java.io.ObjectInputStream.readOrdinaryObject(ObjectInputStream.java:2224)
[2024-11-18T17:29:33.266+0000] {spark_submit.py:634} INFO - at java.base/java.io.ObjectInputStream.readObject0(ObjectInputStream.java:1733)
[2024-11-18T17:29:33.266+0000] {spark_submit.py:634} INFO - at java.base/java.io.ObjectInputStream.readObject(ObjectInputStream.java:509)
[2024-11-18T17:29:33.266+0000] {spark_submit.py:634} INFO - at java.base/java.io.ObjectInputStream.readObject(ObjectInputStream.java:467)
[2024-11-18T17:29:33.267+0000] {spark_submit.py:634} INFO - at org.apache.spark.serializer.JavaDeserializationStream.readObject(JavaSerializer.scala:87)
[2024-11-18T17:29:33.267+0000] {spark_submit.py:634} INFO - at org.apache.spark.serializer.JavaSerializerInstance.deserialize(JavaSerializer.scala:129)
[2024-11-18T17:29:33.268+0000] {spark_submit.py:634} INFO - at org.apache.spark.executor.Executor$TaskRunner.run(Executor.scala:579)
[2024-11-18T17:29:33.268+0000] {spark_submit.py:634} INFO - at java.base/java.util.concurrent.ThreadPoolExecutor.runWorker(ThreadPoolExecutor.java:1136)
[2024-11-18T17:29:33.269+0000] {spark_submit.py:634} INFO - at java.base/java.util.concurrent.ThreadPoolExecutor$Worker.run(ThreadPoolExecutor.java:635)
[2024-11-18T17:29:33.269+0000] {spark_submit.py:634} INFO - at java.base/java.lang.Thread.run(Thread.java:840)
[2024-11-18T17:29:33.269+0000] {spark_submit.py:634} INFO - 
[2024-11-18T17:29:33.270+0000] {spark_submit.py:634} INFO - Driver stacktrace:
[2024-11-18T17:29:33.270+0000] {spark_submit.py:634} INFO - 24/11/18 17:29:33 INFO DAGScheduler: Job 0 failed: showString at NativeMethodAccessorImpl.java:0, took 0.442979 s
[2024-11-18T17:29:33.422+0000] {spark_submit.py:634} INFO - Traceback (most recent call last):
[2024-11-18T17:29:33.423+0000] {spark_submit.py:634} INFO - File "/opt/***/dags/spark_job.py", line 7, in <module>
[2024-11-18T17:29:33.424+0000] {spark_submit.py:634} INFO - df.show()
[2024-11-18T17:29:33.424+0000] {spark_submit.py:634} INFO - ^^^^^^^^^
[2024-11-18T17:29:33.425+0000] {spark_submit.py:634} INFO - File "/home/***/.local/lib/python3.11/site-packages/pyspark/python/lib/pyspark.zip/pyspark/sql/dataframe.py", line 947, in show
[2024-11-18T17:29:33.425+0000] {spark_submit.py:634} INFO - File "/home/***/.local/lib/python3.11/site-packages/pyspark/python/lib/pyspark.zip/pyspark/sql/dataframe.py", line 965, in _show_string
[2024-11-18T17:29:33.425+0000] {spark_submit.py:634} INFO - File "/home/***/.local/lib/python3.11/site-packages/pyspark/python/lib/py4j-0.10.9.7-src.zip/py4j/java_gateway.py", line 1322, in __call__
[2024-11-18T17:29:33.426+0000] {spark_submit.py:634} INFO - File "/home/***/.local/lib/python3.11/site-packages/pyspark/python/lib/pyspark.zip/pyspark/errors/exceptions/captured.py", line 179, in deco
[2024-11-18T17:29:33.426+0000] {spark_submit.py:634} INFO - File "/home/***/.local/lib/python3.11/site-packages/pyspark/python/lib/py4j-0.10.9.7-src.zip/py4j/protocol.py", line 326, in get_return_value
[2024-11-18T17:29:33.426+0000] {spark_submit.py:634} INFO - py4j.protocol.Py4JJavaError: An error occurred while calling o41.showString.
[2024-11-18T17:29:33.427+0000] {spark_submit.py:634} INFO - : org.apache.spark.SparkException: Job aborted due to stage failure: Task 0 in stage 0.0 failed 4 times, most recent failure: Lost task 0.3 in stage 0.0 (TID 3) (172.19.0.6 executor 0): java.io.InvalidClassException: org.apache.spark.scheduler.Task; local class incompatible: stream classdesc serialVersionUID = -6188971942555435033, local class serialVersionUID = 553100815431272095
[2024-11-18T17:29:33.427+0000] {spark_submit.py:634} INFO - at java.base/java.io.ObjectStreamClass.initNonProxy(ObjectStreamClass.java:597)
[2024-11-18T17:29:33.428+0000] {spark_submit.py:634} INFO - at java.base/java.io.ObjectInputStream.readNonProxyDesc(ObjectInputStream.java:2051)
[2024-11-18T17:29:33.429+0000] {spark_submit.py:634} INFO - at java.base/java.io.ObjectInputStream.readClassDesc(ObjectInputStream.java:1898)
[2024-11-18T17:29:33.430+0000] {spark_submit.py:634} INFO - at java.base/java.io.ObjectInputStream.readNonProxyDesc(ObjectInputStream.java:2051)
[2024-11-18T17:29:33.430+0000] {spark_submit.py:634} INFO - at java.base/java.io.ObjectInputStream.readClassDesc(ObjectInputStream.java:1898)
[2024-11-18T17:29:33.431+0000] {spark_submit.py:634} INFO - at java.base/java.io.ObjectInputStream.readOrdinaryObject(ObjectInputStream.java:2224)
[2024-11-18T17:29:33.431+0000] {spark_submit.py:634} INFO - at java.base/java.io.ObjectInputStream.readObject0(ObjectInputStream.java:1733)
[2024-11-18T17:29:33.431+0000] {spark_submit.py:634} INFO - at java.base/java.io.ObjectInputStream.readObject(ObjectInputStream.java:509)
[2024-11-18T17:29:33.432+0000] {spark_submit.py:634} INFO - at java.base/java.io.ObjectInputStream.readObject(ObjectInputStream.java:467)
[2024-11-18T17:29:33.432+0000] {spark_submit.py:634} INFO - at org.apache.spark.serializer.JavaDeserializationStream.readObject(JavaSerializer.scala:87)
[2024-11-18T17:29:33.433+0000] {spark_submit.py:634} INFO - at org.apache.spark.serializer.JavaSerializerInstance.deserialize(JavaSerializer.scala:129)
[2024-11-18T17:29:33.433+0000] {spark_submit.py:634} INFO - at org.apache.spark.executor.Executor$TaskRunner.run(Executor.scala:579)
[2024-11-18T17:29:33.433+0000] {spark_submit.py:634} INFO - at java.base/java.util.concurrent.ThreadPoolExecutor.runWorker(ThreadPoolExecutor.java:1136)
[2024-11-18T17:29:33.434+0000] {spark_submit.py:634} INFO - at java.base/java.util.concurrent.ThreadPoolExecutor$Worker.run(ThreadPoolExecutor.java:635)
[2024-11-18T17:29:33.434+0000] {spark_submit.py:634} INFO - at java.base/java.lang.Thread.run(Thread.java:840)
[2024-11-18T17:29:33.434+0000] {spark_submit.py:634} INFO - 
[2024-11-18T17:29:33.435+0000] {spark_submit.py:634} INFO - Driver stacktrace:
[2024-11-18T17:29:33.435+0000] {spark_submit.py:634} INFO - at org.apache.spark.scheduler.DAGScheduler.failJobAndIndependentStages(DAGScheduler.scala:2856)
[2024-11-18T17:29:33.435+0000] {spark_submit.py:634} INFO - at org.apache.spark.scheduler.DAGScheduler.$anonfun$abortStage$2(DAGScheduler.scala:2792)
[2024-11-18T17:29:33.436+0000] {spark_submit.py:634} INFO - at org.apache.spark.scheduler.DAGScheduler.$anonfun$abortStage$2$adapted(DAGScheduler.scala:2791)
[2024-11-18T17:29:33.436+0000] {spark_submit.py:634} INFO - at scala.collection.mutable.ResizableArray.foreach(ResizableArray.scala:62)
[2024-11-18T17:29:33.436+0000] {spark_submit.py:634} INFO - at scala.collection.mutable.ResizableArray.foreach$(ResizableArray.scala:55)
[2024-11-18T17:29:33.436+0000] {spark_submit.py:634} INFO - at scala.collection.mutable.ArrayBuffer.foreach(ArrayBuffer.scala:49)
[2024-11-18T17:29:33.437+0000] {spark_submit.py:634} INFO - at org.apache.spark.scheduler.DAGScheduler.abortStage(DAGScheduler.scala:2791)
[2024-11-18T17:29:33.437+0000] {spark_submit.py:634} INFO - at org.apache.spark.scheduler.DAGScheduler.$anonfun$handleTaskSetFailed$1(DAGScheduler.scala:1247)
[2024-11-18T17:29:33.437+0000] {spark_submit.py:634} INFO - at org.apache.spark.scheduler.DAGScheduler.$anonfun$handleTaskSetFailed$1$adapted(DAGScheduler.scala:1247)
[2024-11-18T17:29:33.437+0000] {spark_submit.py:634} INFO - at scala.Option.foreach(Option.scala:407)
[2024-11-18T17:29:33.438+0000] {spark_submit.py:634} INFO - at org.apache.spark.scheduler.DAGScheduler.handleTaskSetFailed(DAGScheduler.scala:1247)
[2024-11-18T17:29:33.438+0000] {spark_submit.py:634} INFO - at org.apache.spark.scheduler.DAGSchedulerEventProcessLoop.doOnReceive(DAGScheduler.scala:3060)
[2024-11-18T17:29:33.438+0000] {spark_submit.py:634} INFO - at org.apache.spark.scheduler.DAGSchedulerEventProcessLoop.onReceive(DAGScheduler.scala:2994)
[2024-11-18T17:29:33.439+0000] {spark_submit.py:634} INFO - at org.apache.spark.scheduler.DAGSchedulerEventProcessLoop.onReceive(DAGScheduler.scala:2983)
[2024-11-18T17:29:33.439+0000] {spark_submit.py:634} INFO - at org.apache.spark.util.EventLoop$$anon$1.run(EventLoop.scala:49)
[2024-11-18T17:29:33.439+0000] {spark_submit.py:634} INFO - at org.apache.spark.scheduler.DAGScheduler.runJob(DAGScheduler.scala:989)
[2024-11-18T17:29:33.439+0000] {spark_submit.py:634} INFO - at org.apache.spark.SparkContext.runJob(SparkContext.scala:2393)
[2024-11-18T17:29:33.440+0000] {spark_submit.py:634} INFO - at org.apache.spark.SparkContext.runJob(SparkContext.scala:2414)
[2024-11-18T17:29:33.440+0000] {spark_submit.py:634} INFO - at org.apache.spark.SparkContext.runJob(SparkContext.scala:2433)
[2024-11-18T17:29:33.440+0000] {spark_submit.py:634} INFO - at org.apache.spark.sql.execution.SparkPlan.executeTake(SparkPlan.scala:530)
[2024-11-18T17:29:33.440+0000] {spark_submit.py:634} INFO - at org.apache.spark.sql.execution.SparkPlan.executeTake(SparkPlan.scala:483)
[2024-11-18T17:29:33.441+0000] {spark_submit.py:634} INFO - at org.apache.spark.sql.execution.CollectLimitExec.executeCollect(limit.scala:61)
[2024-11-18T17:29:33.441+0000] {spark_submit.py:634} INFO - at org.apache.spark.sql.Dataset.collectFromPlan(Dataset.scala:4333)
[2024-11-18T17:29:33.441+0000] {spark_submit.py:634} INFO - at org.apache.spark.sql.Dataset.$anonfun$head$1(Dataset.scala:3316)
[2024-11-18T17:29:33.441+0000] {spark_submit.py:634} INFO - at org.apache.spark.sql.Dataset.$anonfun$withAction$2(Dataset.scala:4323)
[2024-11-18T17:29:33.441+0000] {spark_submit.py:634} INFO - at org.apache.spark.sql.execution.QueryExecution$.withInternalError(QueryExecution.scala:546)
[2024-11-18T17:29:33.442+0000] {spark_submit.py:634} INFO - at org.apache.spark.sql.Dataset.$anonfun$withAction$1(Dataset.scala:4321)
[2024-11-18T17:29:33.442+0000] {spark_submit.py:634} INFO - at org.apache.spark.sql.execution.SQLExecution$.$anonfun$withNewExecutionId$6(SQLExecution.scala:125)
[2024-11-18T17:29:33.442+0000] {spark_submit.py:634} INFO - at org.apache.spark.sql.execution.SQLExecution$.withSQLConfPropagated(SQLExecution.scala:201)
[2024-11-18T17:29:33.442+0000] {spark_submit.py:634} INFO - at org.apache.spark.sql.execution.SQLExecution$.$anonfun$withNewExecutionId$1(SQLExecution.scala:108)
[2024-11-18T17:29:33.443+0000] {spark_submit.py:634} INFO - at org.apache.spark.sql.SparkSession.withActive(SparkSession.scala:900)
[2024-11-18T17:29:33.443+0000] {spark_submit.py:634} INFO - at org.apache.spark.sql.execution.SQLExecution$.withNewExecutionId(SQLExecution.scala:66)
[2024-11-18T17:29:33.443+0000] {spark_submit.py:634} INFO - at org.apache.spark.sql.Dataset.withAction(Dataset.scala:4321)
[2024-11-18T17:29:33.443+0000] {spark_submit.py:634} INFO - at org.apache.spark.sql.Dataset.head(Dataset.scala:3316)
[2024-11-18T17:29:33.444+0000] {spark_submit.py:634} INFO - at org.apache.spark.sql.Dataset.take(Dataset.scala:3539)
[2024-11-18T17:29:33.444+0000] {spark_submit.py:634} INFO - at org.apache.spark.sql.Dataset.getRows(Dataset.scala:280)
[2024-11-18T17:29:33.444+0000] {spark_submit.py:634} INFO - at org.apache.spark.sql.Dataset.showString(Dataset.scala:315)
[2024-11-18T17:29:33.445+0000] {spark_submit.py:634} INFO - at java.base/jdk.internal.reflect.NativeMethodAccessorImpl.invoke0(Native Method)
[2024-11-18T17:29:33.445+0000] {spark_submit.py:634} INFO - at java.base/jdk.internal.reflect.NativeMethodAccessorImpl.invoke(NativeMethodAccessorImpl.java:77)
[2024-11-18T17:29:33.445+0000] {spark_submit.py:634} INFO - at java.base/jdk.internal.reflect.DelegatingMethodAccessorImpl.invoke(DelegatingMethodAccessorImpl.java:43)
[2024-11-18T17:29:33.445+0000] {spark_submit.py:634} INFO - at java.base/java.lang.reflect.Method.invoke(Method.java:569)
[2024-11-18T17:29:33.446+0000] {spark_submit.py:634} INFO - at py4j.reflection.MethodInvoker.invoke(MethodInvoker.java:244)
[2024-11-18T17:29:33.446+0000] {spark_submit.py:634} INFO - at py4j.reflection.ReflectionEngine.invoke(ReflectionEngine.java:374)
[2024-11-18T17:29:33.446+0000] {spark_submit.py:634} INFO - at py4j.Gateway.invoke(Gateway.java:282)
[2024-11-18T17:29:33.447+0000] {spark_submit.py:634} INFO - at py4j.commands.AbstractCommand.invokeMethod(AbstractCommand.java:132)
[2024-11-18T17:29:33.447+0000] {spark_submit.py:634} INFO - at py4j.commands.CallCommand.execute(CallCommand.java:79)
[2024-11-18T17:29:33.447+0000] {spark_submit.py:634} INFO - at py4j.ClientServerConnection.waitForCommands(ClientServerConnection.java:182)
[2024-11-18T17:29:33.448+0000] {spark_submit.py:634} INFO - at py4j.ClientServerConnection.run(ClientServerConnection.java:106)
[2024-11-18T17:29:33.448+0000] {spark_submit.py:634} INFO - at java.base/java.lang.Thread.run(Thread.java:840)
[2024-11-18T17:29:33.448+0000] {spark_submit.py:634} INFO - Caused by: java.io.InvalidClassException: org.apache.spark.scheduler.Task; local class incompatible: stream classdesc serialVersionUID = -6188971942555435033, local class serialVersionUID = 553100815431272095
[2024-11-18T17:29:33.449+0000] {spark_submit.py:634} INFO - at java.base/java.io.ObjectStreamClass.initNonProxy(ObjectStreamClass.java:597)
[2024-11-18T17:29:33.449+0000] {spark_submit.py:634} INFO - at java.base/java.io.ObjectInputStream.readNonProxyDesc(ObjectInputStream.java:2051)
[2024-11-18T17:29:33.449+0000] {spark_submit.py:634} INFO - at java.base/java.io.ObjectInputStream.readClassDesc(ObjectInputStream.java:1898)
[2024-11-18T17:29:33.450+0000] {spark_submit.py:634} INFO - at java.base/java.io.ObjectInputStream.readNonProxyDesc(ObjectInputStream.java:2051)
[2024-11-18T17:29:33.450+0000] {spark_submit.py:634} INFO - at java.base/java.io.ObjectInputStream.readClassDesc(ObjectInputStream.java:1898)
[2024-11-18T17:29:33.450+0000] {spark_submit.py:634} INFO - at java.base/java.io.ObjectInputStream.readOrdinaryObject(ObjectInputStream.java:2224)
[2024-11-18T17:29:33.451+0000] {spark_submit.py:634} INFO - at java.base/java.io.ObjectInputStream.readObject0(ObjectInputStream.java:1733)
[2024-11-18T17:29:33.451+0000] {spark_submit.py:634} INFO - at java.base/java.io.ObjectInputStream.readObject(ObjectInputStream.java:509)
[2024-11-18T17:29:33.451+0000] {spark_submit.py:634} INFO - at java.base/java.io.ObjectInputStream.readObject(ObjectInputStream.java:467)
[2024-11-18T17:29:33.451+0000] {spark_submit.py:634} INFO - at org.apache.spark.serializer.JavaDeserializationStream.readObject(JavaSerializer.scala:87)
[2024-11-18T17:29:33.452+0000] {spark_submit.py:634} INFO - at org.apache.spark.serializer.JavaSerializerInstance.deserialize(JavaSerializer.scala:129)
[2024-11-18T17:29:33.452+0000] {spark_submit.py:634} INFO - at org.apache.spark.executor.Executor$TaskRunner.run(Executor.scala:579)
[2024-11-18T17:29:33.452+0000] {spark_submit.py:634} INFO - at java.base/java.util.concurrent.ThreadPoolExecutor.runWorker(ThreadPoolExecutor.java:1136)
[2024-11-18T17:29:33.452+0000] {spark_submit.py:634} INFO - at java.base/java.util.concurrent.ThreadPoolExecutor$Worker.run(ThreadPoolExecutor.java:635)
[2024-11-18T17:29:33.453+0000] {spark_submit.py:634} INFO - ... 1 more
[2024-11-18T17:29:33.453+0000] {spark_submit.py:634} INFO - 
[2024-11-18T17:29:33.551+0000] {spark_submit.py:634} INFO - 24/11/18 17:29:33 INFO SparkContext: Invoking stop() from shutdown hook
[2024-11-18T17:29:33.552+0000] {spark_submit.py:634} INFO - 24/11/18 17:29:33 INFO SparkContext: SparkContext is stopping with exitCode 0.
[2024-11-18T17:29:33.558+0000] {spark_submit.py:634} INFO - 24/11/18 17:29:33 INFO SparkUI: Stopped Spark web UI at http://09eaa9e6bb3a:4040
[2024-11-18T17:29:33.561+0000] {spark_submit.py:634} INFO - 24/11/18 17:29:33 INFO StandaloneSchedulerBackend: Shutting down all executors
[2024-11-18T17:29:33.561+0000] {spark_submit.py:634} INFO - 24/11/18 17:29:33 INFO StandaloneSchedulerBackend$StandaloneDriverEndpoint: Asking each executor to shut down
[2024-11-18T17:29:33.583+0000] {spark_submit.py:634} INFO - 24/11/18 17:29:33 INFO MapOutputTrackerMasterEndpoint: MapOutputTrackerMasterEndpoint stopped!
[2024-11-18T17:29:33.615+0000] {spark_submit.py:634} INFO - 24/11/18 17:29:33 INFO MemoryStore: MemoryStore cleared
[2024-11-18T17:29:33.616+0000] {spark_submit.py:634} INFO - 24/11/18 17:29:33 INFO BlockManager: BlockManager stopped
[2024-11-18T17:29:33.621+0000] {spark_submit.py:634} INFO - 24/11/18 17:29:33 INFO BlockManagerMaster: BlockManagerMaster stopped
[2024-11-18T17:29:33.622+0000] {spark_submit.py:634} INFO - 24/11/18 17:29:33 INFO OutputCommitCoordinator$OutputCommitCoordinatorEndpoint: OutputCommitCoordinator stopped!
[2024-11-18T17:29:33.632+0000] {spark_submit.py:634} INFO - 24/11/18 17:29:33 INFO SparkContext: Successfully stopped SparkContext
[2024-11-18T17:29:33.633+0000] {spark_submit.py:634} INFO - 24/11/18 17:29:33 INFO ShutdownHookManager: Shutdown hook called
[2024-11-18T17:29:33.633+0000] {spark_submit.py:634} INFO - 24/11/18 17:29:33 INFO ShutdownHookManager: Deleting directory /tmp/spark-36232680-418d-4fa9-a66f-0674782c2c74
[2024-11-18T17:29:33.636+0000] {spark_submit.py:634} INFO - 24/11/18 17:29:33 INFO ShutdownHookManager: Deleting directory /tmp/spark-202394b0-95c3-4a7c-b33f-443c679cc447/pyspark-cb759431-79dc-47d7-bca2-61627a841829
[2024-11-18T17:29:33.641+0000] {spark_submit.py:634} INFO - 24/11/18 17:29:33 INFO ShutdownHookManager: Deleting directory /tmp/spark-202394b0-95c3-4a7c-b33f-443c679cc447
[2024-11-18T17:29:33.670+0000] {taskinstance.py:441} INFO - ::group::Post task execution logs
[2024-11-18T17:29:33.678+0000] {taskinstance.py:2905} ERROR - Task failed with exception
Traceback (most recent call last):
  File "/home/airflow/.local/lib/python3.11/site-packages/airflow/models/taskinstance.py", line 465, in _execute_task
    result = _execute_callable(context=context, **execute_callable_kwargs)
             ^^^^^^^^^^^^^^^^^^^^^^^^^^^^^^^^^^^^^^^^^^^^^^^^^^^^^^^^^^^^^
  File "/home/airflow/.local/lib/python3.11/site-packages/airflow/models/taskinstance.py", line 432, in _execute_callable
    return execute_callable(context=context, **execute_callable_kwargs)
           ^^^^^^^^^^^^^^^^^^^^^^^^^^^^^^^^^^^^^^^^^^^^^^^^^^^^^^^^^^^^
  File "/home/airflow/.local/lib/python3.11/site-packages/airflow/models/baseoperator.py", line 401, in wrapper
    return func(self, *args, **kwargs)
           ^^^^^^^^^^^^^^^^^^^^^^^^^^^
  File "/home/airflow/.local/lib/python3.11/site-packages/airflow/providers/apache/spark/operators/spark_submit.py", line 176, in execute
    self._hook.submit(self.application)
  File "/home/airflow/.local/lib/python3.11/site-packages/airflow/providers/apache/spark/hooks/spark_submit.py", line 560, in submit
    raise AirflowException(
airflow.exceptions.AirflowException: Cannot execute: spark-submit --master spark://spark:7077 --name arrow-spark --deploy-mode client /opt/***/dags/spark_job.py. Error code is: 1.
[2024-11-18T17:29:33.681+0000] {taskinstance.py:1206} INFO - Marking task as FAILED. dag_id=spark_dag, task_id=spark_task, run_id=manual__2024-11-18T17:24:02.066400+00:00, execution_date=20241118T172402, start_date=20241118T172920, end_date=20241118T172933
[2024-11-18T17:29:33.692+0000] {standard_task_runner.py:110} ERROR - Failed to execute job 777 for task spark_task (Cannot execute: spark-submit --master spark://spark:7077 --name arrow-spark --deploy-mode client /opt/***/dags/spark_job.py. Error code is: 1.; 2684)
[2024-11-18T17:29:33.710+0000] {local_task_job_runner.py:243} INFO - Task exited with return code 1
[2024-11-18T17:29:33.722+0000] {taskinstance.py:3503} INFO - 0 downstream tasks scheduled from follow-on schedule check
[2024-11-18T17:29:33.724+0000] {local_task_job_runner.py:222} INFO - ::endgroup::
