[2024-11-18T20:39:12.877+0000] {local_task_job_runner.py:120} INFO - ::group::Pre task execution logs
[2024-11-18T20:39:12.897+0000] {taskinstance.py:2076} INFO - Dependencies all met for dep_context=non-requeueable deps ti=<TaskInstance: spark_job.spark_task manual__2024-11-18T20:39:05.117958+00:00 [queued]>
[2024-11-18T20:39:12.907+0000] {taskinstance.py:2076} INFO - Dependencies all met for dep_context=requeueable deps ti=<TaskInstance: spark_job.spark_task manual__2024-11-18T20:39:05.117958+00:00 [queued]>
[2024-11-18T20:39:12.907+0000] {taskinstance.py:2306} INFO - Starting attempt 1 of 2
[2024-11-18T20:39:12.922+0000] {taskinstance.py:2330} INFO - Executing <Task(SparkSubmitOperator): spark_task> on 2024-11-18 20:39:05.117958+00:00
[2024-11-18T20:39:12.931+0000] {standard_task_runner.py:64} INFO - Started process 4428 to run task
[2024-11-18T20:39:12.935+0000] {standard_task_runner.py:90} INFO - Running: ['***', 'tasks', 'run', 'spark_job', 'spark_task', 'manual__2024-11-18T20:39:05.117958+00:00', '--job-id', '24', '--raw', '--subdir', 'DAGS_FOLDER/spark_dag.py', '--cfg-path', '/tmp/tmpfbjbfrsf']
[2024-11-18T20:39:12.938+0000] {standard_task_runner.py:91} INFO - Job 24: Subtask spark_task
[2024-11-18T20:39:13.003+0000] {task_command.py:426} INFO - Running <TaskInstance: spark_job.spark_task manual__2024-11-18T20:39:05.117958+00:00 [running]> on host 303af52bf48c
[2024-11-18T20:39:13.094+0000] {taskinstance.py:2648} INFO - Exporting env vars: AIRFLOW_CTX_DAG_OWNER='***' AIRFLOW_CTX_DAG_ID='spark_job' AIRFLOW_CTX_TASK_ID='spark_task' AIRFLOW_CTX_EXECUTION_DATE='2024-11-18T20:39:05.117958+00:00' AIRFLOW_CTX_TRY_NUMBER='1' AIRFLOW_CTX_DAG_RUN_ID='manual__2024-11-18T20:39:05.117958+00:00'
[2024-11-18T20:39:13.097+0000] {taskinstance.py:430} INFO - ::endgroup::
[2024-11-18T20:39:13.110+0000] {base.py:84} INFO - Using connection ID 'spark_default' for task execution.
[2024-11-18T20:39:13.111+0000] {spark_submit.py:403} INFO - Spark-Submit cmd: spark-submit --master spark://spark:7077 --name arrow-spark --deploy-mode client /opt/***/dags/spark_job.py
[2024-11-18T20:39:16.550+0000] {spark_submit.py:579} INFO - 24/11/18 20:39:16 INFO SparkContext: Running Spark version 3.5.1
[2024-11-18T20:39:16.553+0000] {spark_submit.py:579} INFO - 24/11/18 20:39:16 INFO SparkContext: OS info Linux, 5.15.153.1-microsoft-standard-WSL2, amd64
[2024-11-18T20:39:16.554+0000] {spark_submit.py:579} INFO - 24/11/18 20:39:16 INFO SparkContext: Java version 17.0.12
[2024-11-18T20:39:16.606+0000] {spark_submit.py:579} INFO - 24/11/18 20:39:16 WARN NativeCodeLoader: Unable to load native-hadoop library for your platform... using builtin-java classes where applicable
[2024-11-18T20:39:16.685+0000] {spark_submit.py:579} INFO - 24/11/18 20:39:16 INFO ResourceUtils: ==============================================================
[2024-11-18T20:39:16.687+0000] {spark_submit.py:579} INFO - 24/11/18 20:39:16 INFO ResourceUtils: No custom resources configured for spark.driver.
[2024-11-18T20:39:16.688+0000] {spark_submit.py:579} INFO - 24/11/18 20:39:16 INFO ResourceUtils: ==============================================================
[2024-11-18T20:39:16.688+0000] {spark_submit.py:579} INFO - 24/11/18 20:39:16 INFO SparkContext: Submitted application: Airflow Spark Job
[2024-11-18T20:39:16.707+0000] {spark_submit.py:579} INFO - 24/11/18 20:39:16 INFO ResourceProfile: Default ResourceProfile created, executor resources: Map(memory -> name: memory, amount: 1024, script: , vendor: , offHeap -> name: offHeap, amount: 0, script: , vendor: ), task resources: Map(cpus -> name: cpus, amount: 1.0)
[2024-11-18T20:39:16.718+0000] {spark_submit.py:579} INFO - 24/11/18 20:39:16 INFO ResourceProfile: Limiting resource is cpu
[2024-11-18T20:39:16.720+0000] {spark_submit.py:579} INFO - 24/11/18 20:39:16 INFO ResourceProfileManager: Added ResourceProfile id: 0
[2024-11-18T20:39:16.764+0000] {spark_submit.py:579} INFO - 24/11/18 20:39:16 INFO SecurityManager: Changing view acls to: ***
[2024-11-18T20:39:16.764+0000] {spark_submit.py:579} INFO - 24/11/18 20:39:16 INFO SecurityManager: Changing modify acls to: ***
[2024-11-18T20:39:16.765+0000] {spark_submit.py:579} INFO - 24/11/18 20:39:16 INFO SecurityManager: Changing view acls groups to:
[2024-11-18T20:39:16.766+0000] {spark_submit.py:579} INFO - 24/11/18 20:39:16 INFO SecurityManager: Changing modify acls groups to:
[2024-11-18T20:39:16.767+0000] {spark_submit.py:579} INFO - 24/11/18 20:39:16 INFO SecurityManager: SecurityManager: authentication disabled; ui acls disabled; users with view permissions: ***; groups with view permissions: EMPTY; users with modify permissions: ***; groups with modify permissions: EMPTY
[2024-11-18T20:39:17.103+0000] {spark_submit.py:579} INFO - 24/11/18 20:39:17 INFO Utils: Successfully started service 'sparkDriver' on port 43675.
[2024-11-18T20:39:17.171+0000] {spark_submit.py:579} INFO - 24/11/18 20:39:17 INFO SparkEnv: Registering MapOutputTracker
[2024-11-18T20:39:17.245+0000] {spark_submit.py:579} INFO - 24/11/18 20:39:17 INFO SparkEnv: Registering BlockManagerMaster
[2024-11-18T20:39:17.282+0000] {spark_submit.py:579} INFO - 24/11/18 20:39:17 INFO BlockManagerMasterEndpoint: Using org.apache.spark.storage.DefaultTopologyMapper for getting topology information
[2024-11-18T20:39:17.283+0000] {spark_submit.py:579} INFO - 24/11/18 20:39:17 INFO BlockManagerMasterEndpoint: BlockManagerMasterEndpoint up
[2024-11-18T20:39:17.297+0000] {spark_submit.py:579} INFO - 24/11/18 20:39:17 INFO SparkEnv: Registering BlockManagerMasterHeartbeat
[2024-11-18T20:39:17.324+0000] {spark_submit.py:579} INFO - 24/11/18 20:39:17 INFO DiskBlockManager: Created local directory at /tmp/blockmgr-eb97a1cb-0e53-46e9-8209-ddc31ebedf6c
[2024-11-18T20:39:17.345+0000] {spark_submit.py:579} INFO - 24/11/18 20:39:17 INFO MemoryStore: MemoryStore started with capacity 434.4 MiB
[2024-11-18T20:39:17.390+0000] {spark_submit.py:579} INFO - 24/11/18 20:39:17 INFO SparkEnv: Registering OutputCommitCoordinator
[2024-11-18T20:39:17.552+0000] {spark_submit.py:579} INFO - 24/11/18 20:39:17 INFO JettyUtils: Start Jetty 0.0.0.0:4040 for SparkUI
[2024-11-18T20:39:17.654+0000] {spark_submit.py:579} INFO - 24/11/18 20:39:17 WARN Utils: Service 'SparkUI' could not bind on port 4040. Attempting port 4041.
[2024-11-18T20:39:17.670+0000] {spark_submit.py:579} INFO - 24/11/18 20:39:17 INFO Utils: Successfully started service 'SparkUI' on port 4041.
[2024-11-18T20:39:17.923+0000] {spark_submit.py:579} INFO - 24/11/18 20:39:17 INFO StandaloneAppClient$ClientEndpoint: Connecting to master spark://spark:7077...
[2024-11-18T20:39:17.996+0000] {spark_submit.py:579} INFO - 24/11/18 20:39:17 INFO TransportClientFactory: Successfully created connection to spark/172.18.0.4:7077 after 42 ms (0 ms spent in bootstraps)
[2024-11-18T20:39:18.101+0000] {spark_submit.py:579} INFO - 24/11/18 20:39:18 INFO StandaloneSchedulerBackend: Connected to Spark cluster with app ID app-20241118203918-0021
[2024-11-18T20:39:18.113+0000] {spark_submit.py:579} INFO - 24/11/18 20:39:18 INFO Utils: Successfully started service 'org.apache.spark.network.netty.NettyBlockTransferService' on port 33099.
[2024-11-18T20:39:18.114+0000] {spark_submit.py:579} INFO - 24/11/18 20:39:18 INFO NettyBlockTransferService: Server created on 303af52bf48c:33099
[2024-11-18T20:39:18.117+0000] {spark_submit.py:579} INFO - 24/11/18 20:39:18 INFO BlockManager: Using org.apache.spark.storage.RandomBlockReplicationPolicy for block replication policy
[2024-11-18T20:39:18.126+0000] {spark_submit.py:579} INFO - 24/11/18 20:39:18 INFO BlockManagerMaster: Registering BlockManager BlockManagerId(driver, 303af52bf48c, 33099, None)
[2024-11-18T20:39:18.131+0000] {spark_submit.py:579} INFO - 24/11/18 20:39:18 INFO BlockManagerMasterEndpoint: Registering block manager 303af52bf48c:33099 with 434.4 MiB RAM, BlockManagerId(driver, 303af52bf48c, 33099, None)
[2024-11-18T20:39:18.135+0000] {spark_submit.py:579} INFO - 24/11/18 20:39:18 INFO BlockManagerMaster: Registered BlockManager BlockManagerId(driver, 303af52bf48c, 33099, None)
[2024-11-18T20:39:18.138+0000] {spark_submit.py:579} INFO - 24/11/18 20:39:18 INFO BlockManager: Initialized BlockManager: BlockManagerId(driver, 303af52bf48c, 33099, None)
[2024-11-18T20:39:18.476+0000] {spark_submit.py:579} INFO - 24/11/18 20:39:18 INFO StandaloneSchedulerBackend: SchedulerBackend is ready for scheduling beginning after reached minRegisteredResourcesRatio: 0.0
[2024-11-18T20:39:18.577+0000] {spark_submit.py:579} INFO - 24/11/18 20:39:18 INFO StandaloneAppClient$ClientEndpoint: Executor added: app-20241118203918-0021/0 on worker-20241118201828-172.18.0.5-32835 (172.18.0.5:32835) with 1 core(s)
[2024-11-18T20:39:18.580+0000] {spark_submit.py:579} INFO - 24/11/18 20:39:18 INFO StandaloneSchedulerBackend: Granted executor ID app-20241118203918-0021/0 on hostPort 172.18.0.5:32835 with 1 core(s), 1024.0 MiB RAM
[2024-11-18T20:39:18.586+0000] {spark_submit.py:579} INFO - 24/11/18 20:39:18 INFO StandaloneAppClient$ClientEndpoint: Executor added: app-20241118203918-0021/1 on worker-20241118201828-172.18.0.6-37135 (172.18.0.6:37135) with 1 core(s)
[2024-11-18T20:39:18.588+0000] {spark_submit.py:579} INFO - 24/11/18 20:39:18 INFO StandaloneSchedulerBackend: Granted executor ID app-20241118203918-0021/1 on hostPort 172.18.0.6:37135 with 1 core(s), 1024.0 MiB RAM
[2024-11-18T20:39:18.682+0000] {spark_submit.py:579} INFO - 24/11/18 20:39:18 INFO StandaloneAppClient$ClientEndpoint: Executor updated: app-20241118203918-0021/0 is now RUNNING
[2024-11-18T20:39:18.686+0000] {spark_submit.py:579} INFO - 24/11/18 20:39:18 INFO StandaloneAppClient$ClientEndpoint: Executor updated: app-20241118203918-0021/1 is now RUNNING
[2024-11-18T20:39:19.787+0000] {spark_submit.py:579} INFO - 24/11/18 20:39:19 INFO SharedState: Setting hive.metastore.warehouse.dir ('null') to the value of spark.sql.warehouse.dir.
[2024-11-18T20:39:19.810+0000] {spark_submit.py:579} INFO - 24/11/18 20:39:19 INFO SharedState: Warehouse path is 'file:/app/spark-warehouse'.
[2024-11-18T20:39:22.802+0000] {spark_submit.py:579} INFO - 24/11/18 20:39:22 INFO StandaloneSchedulerBackend$StandaloneDriverEndpoint: Registered executor NettyRpcEndpointRef(spark-client://Executor) (172.18.0.5:49838) with ID 0,  ResourceProfileId 0
[2024-11-18T20:39:22.870+0000] {spark_submit.py:579} INFO - 24/11/18 20:39:22 INFO StandaloneSchedulerBackend$StandaloneDriverEndpoint: Registered executor NettyRpcEndpointRef(spark-client://Executor) (172.18.0.6:34120) with ID 1,  ResourceProfileId 0
[2024-11-18T20:39:22.918+0000] {spark_submit.py:579} INFO - 24/11/18 20:39:22 INFO BlockManagerMasterEndpoint: Registering block manager 172.18.0.5:34597 with 434.4 MiB RAM, BlockManagerId(0, 172.18.0.5, 34597, None)
[2024-11-18T20:39:22.970+0000] {spark_submit.py:579} INFO - 24/11/18 20:39:22 INFO BlockManagerMasterEndpoint: Registering block manager 172.18.0.6:41855 with 434.4 MiB RAM, BlockManagerId(1, 172.18.0.6, 41855, None)
[2024-11-18T20:39:23.859+0000] {spark_submit.py:579} INFO - 24/11/18 20:39:23 INFO CodeGenerator: Code generated in 182.618253 ms
[2024-11-18T20:39:23.893+0000] {spark_submit.py:579} INFO - 24/11/18 20:39:23 INFO SparkContext: Starting job: showString at NativeMethodAccessorImpl.java:0
[2024-11-18T20:39:23.905+0000] {spark_submit.py:579} INFO - 24/11/18 20:39:23 INFO DAGScheduler: Got job 0 (showString at NativeMethodAccessorImpl.java:0) with 1 output partitions
[2024-11-18T20:39:23.906+0000] {spark_submit.py:579} INFO - 24/11/18 20:39:23 INFO DAGScheduler: Final stage: ResultStage 0 (showString at NativeMethodAccessorImpl.java:0)
[2024-11-18T20:39:23.907+0000] {spark_submit.py:579} INFO - 24/11/18 20:39:23 INFO DAGScheduler: Parents of final stage: List()
[2024-11-18T20:39:23.908+0000] {spark_submit.py:579} INFO - 24/11/18 20:39:23 INFO DAGScheduler: Missing parents: List()
[2024-11-18T20:39:23.911+0000] {spark_submit.py:579} INFO - 24/11/18 20:39:23 INFO DAGScheduler: Submitting ResultStage 0 (MapPartitionsRDD[6] at showString at NativeMethodAccessorImpl.java:0), which has no missing parents
[2024-11-18T20:39:23.988+0000] {spark_submit.py:579} INFO - 24/11/18 20:39:23 INFO MemoryStore: Block broadcast_0 stored as values in memory (estimated size 13.1 KiB, free 434.4 MiB)
[2024-11-18T20:39:24.025+0000] {spark_submit.py:579} INFO - 24/11/18 20:39:24 INFO MemoryStore: Block broadcast_0_piece0 stored as bytes in memory (estimated size 6.8 KiB, free 434.4 MiB)
[2024-11-18T20:39:24.029+0000] {spark_submit.py:579} INFO - 24/11/18 20:39:24 INFO BlockManagerInfo: Added broadcast_0_piece0 in memory on 303af52bf48c:33099 (size: 6.8 KiB, free: 434.4 MiB)
[2024-11-18T20:39:24.034+0000] {spark_submit.py:579} INFO - 24/11/18 20:39:24 INFO SparkContext: Created broadcast 0 from broadcast at DAGScheduler.scala:1585
[2024-11-18T20:39:24.049+0000] {spark_submit.py:579} INFO - 24/11/18 20:39:24 INFO DAGScheduler: Submitting 1 missing tasks from ResultStage 0 (MapPartitionsRDD[6] at showString at NativeMethodAccessorImpl.java:0) (first 15 tasks are for partitions Vector(0))
[2024-11-18T20:39:24.051+0000] {spark_submit.py:579} INFO - 24/11/18 20:39:24 INFO TaskSchedulerImpl: Adding task set 0.0 with 1 tasks resource profile 0
[2024-11-18T20:39:24.083+0000] {spark_submit.py:579} INFO - 24/11/18 20:39:24 INFO TaskSetManager: Starting task 0.0 in stage 0.0 (TID 0) (172.18.0.5, executor 0, partition 0, PROCESS_LOCAL, 7738 bytes)
[2024-11-18T20:39:24.333+0000] {spark_submit.py:579} INFO - 24/11/18 20:39:24 INFO BlockManagerInfo: Added broadcast_0_piece0 in memory on 172.18.0.5:34597 (size: 6.8 KiB, free: 434.4 MiB)
[2024-11-18T20:39:25.646+0000] {spark_submit.py:579} INFO - 24/11/18 20:39:25 INFO TaskSetManager: Finished task 0.0 in stage 0.0 (TID 0) in 1575 ms on 172.18.0.5 (executor 0) (1/1)
[2024-11-18T20:39:25.647+0000] {spark_submit.py:579} INFO - 24/11/18 20:39:25 INFO TaskSchedulerImpl: Removed TaskSet 0.0, whose tasks have all completed, from pool
[2024-11-18T20:39:25.651+0000] {spark_submit.py:579} INFO - 24/11/18 20:39:25 INFO PythonAccumulatorV2: Connected to AccumulatorServer at host: 127.0.0.1 port: 41597
[2024-11-18T20:39:25.655+0000] {spark_submit.py:579} INFO - 24/11/18 20:39:25 INFO DAGScheduler: ResultStage 0 (showString at NativeMethodAccessorImpl.java:0) finished in 1.733 s
[2024-11-18T20:39:25.657+0000] {spark_submit.py:579} INFO - 24/11/18 20:39:25 INFO DAGScheduler: Job 0 is finished. Cancelling potential speculative or zombie tasks for this job
[2024-11-18T20:39:25.658+0000] {spark_submit.py:579} INFO - 24/11/18 20:39:25 INFO TaskSchedulerImpl: Killing all running tasks in stage 0: Stage finished
[2024-11-18T20:39:25.659+0000] {spark_submit.py:579} INFO - 24/11/18 20:39:25 INFO DAGScheduler: Job 0 finished: showString at NativeMethodAccessorImpl.java:0, took 1.765532 s
[2024-11-18T20:39:25.668+0000] {spark_submit.py:579} INFO - 24/11/18 20:39:25 INFO SparkContext: Starting job: showString at NativeMethodAccessorImpl.java:0
[2024-11-18T20:39:25.671+0000] {spark_submit.py:579} INFO - 24/11/18 20:39:25 INFO DAGScheduler: Got job 1 (showString at NativeMethodAccessorImpl.java:0) with 1 output partitions
[2024-11-18T20:39:25.671+0000] {spark_submit.py:579} INFO - 24/11/18 20:39:25 INFO DAGScheduler: Final stage: ResultStage 1 (showString at NativeMethodAccessorImpl.java:0)
[2024-11-18T20:39:25.672+0000] {spark_submit.py:579} INFO - 24/11/18 20:39:25 INFO DAGScheduler: Parents of final stage: List()
[2024-11-18T20:39:25.673+0000] {spark_submit.py:579} INFO - 24/11/18 20:39:25 INFO DAGScheduler: Missing parents: List()
[2024-11-18T20:39:25.673+0000] {spark_submit.py:579} INFO - 24/11/18 20:39:25 INFO DAGScheduler: Submitting ResultStage 1 (MapPartitionsRDD[6] at showString at NativeMethodAccessorImpl.java:0), which has no missing parents
[2024-11-18T20:39:25.678+0000] {spark_submit.py:579} INFO - 24/11/18 20:39:25 INFO MemoryStore: Block broadcast_1 stored as values in memory (estimated size 13.1 KiB, free 434.4 MiB)
[2024-11-18T20:39:25.685+0000] {spark_submit.py:579} INFO - 24/11/18 20:39:25 INFO MemoryStore: Block broadcast_1_piece0 stored as bytes in memory (estimated size 6.8 KiB, free 434.4 MiB)
[2024-11-18T20:39:25.686+0000] {spark_submit.py:579} INFO - 24/11/18 20:39:25 INFO BlockManagerInfo: Added broadcast_1_piece0 in memory on 303af52bf48c:33099 (size: 6.8 KiB, free: 434.4 MiB)
[2024-11-18T20:39:25.688+0000] {spark_submit.py:579} INFO - 24/11/18 20:39:25 INFO SparkContext: Created broadcast 1 from broadcast at DAGScheduler.scala:1585
[2024-11-18T20:39:25.689+0000] {spark_submit.py:579} INFO - 24/11/18 20:39:25 INFO DAGScheduler: Submitting 1 missing tasks from ResultStage 1 (MapPartitionsRDD[6] at showString at NativeMethodAccessorImpl.java:0) (first 15 tasks are for partitions Vector(1))
[2024-11-18T20:39:25.690+0000] {spark_submit.py:579} INFO - 24/11/18 20:39:25 INFO TaskSchedulerImpl: Adding task set 1.0 with 1 tasks resource profile 0
[2024-11-18T20:39:25.691+0000] {spark_submit.py:579} INFO - 24/11/18 20:39:25 INFO TaskSetManager: Starting task 0.0 in stage 1.0 (TID 1) (172.18.0.5, executor 0, partition 1, PROCESS_LOCAL, 7725 bytes)
[2024-11-18T20:39:25.715+0000] {spark_submit.py:579} INFO - 24/11/18 20:39:25 INFO BlockManagerInfo: Removed broadcast_0_piece0 on 303af52bf48c:33099 in memory (size: 6.8 KiB, free: 434.4 MiB)
[2024-11-18T20:39:25.730+0000] {spark_submit.py:579} INFO - 24/11/18 20:39:25 INFO BlockManagerInfo: Removed broadcast_0_piece0 on 172.18.0.5:34597 in memory (size: 6.8 KiB, free: 434.4 MiB)
[2024-11-18T20:39:25.731+0000] {spark_submit.py:579} INFO - 24/11/18 20:39:25 INFO BlockManagerInfo: Added broadcast_1_piece0 in memory on 172.18.0.5:34597 (size: 6.8 KiB, free: 434.4 MiB)
[2024-11-18T20:39:25.856+0000] {spark_submit.py:579} INFO - 24/11/18 20:39:25 INFO TaskSetManager: Finished task 0.0 in stage 1.0 (TID 1) in 165 ms on 172.18.0.5 (executor 0) (1/1)
[2024-11-18T20:39:25.857+0000] {spark_submit.py:579} INFO - 24/11/18 20:39:25 INFO TaskSchedulerImpl: Removed TaskSet 1.0, whose tasks have all completed, from pool
[2024-11-18T20:39:25.858+0000] {spark_submit.py:579} INFO - 24/11/18 20:39:25 INFO DAGScheduler: ResultStage 1 (showString at NativeMethodAccessorImpl.java:0) finished in 0.183 s
[2024-11-18T20:39:25.859+0000] {spark_submit.py:579} INFO - 24/11/18 20:39:25 INFO DAGScheduler: Job 1 is finished. Cancelling potential speculative or zombie tasks for this job
[2024-11-18T20:39:25.859+0000] {spark_submit.py:579} INFO - 24/11/18 20:39:25 INFO TaskSchedulerImpl: Killing all running tasks in stage 1: Stage finished
[2024-11-18T20:39:25.860+0000] {spark_submit.py:579} INFO - 24/11/18 20:39:25 INFO DAGScheduler: Job 1 finished: showString at NativeMethodAccessorImpl.java:0, took 0.190158 s
[2024-11-18T20:39:26.463+0000] {spark_submit.py:579} INFO - 24/11/18 20:39:26 INFO BlockManagerInfo: Removed broadcast_1_piece0 on 303af52bf48c:33099 in memory (size: 6.8 KiB, free: 434.4 MiB)
[2024-11-18T20:39:26.474+0000] {spark_submit.py:579} INFO - 24/11/18 20:39:26 INFO BlockManagerInfo: Removed broadcast_1_piece0 on 172.18.0.5:34597 in memory (size: 6.8 KiB, free: 434.4 MiB)
[2024-11-18T20:39:26.799+0000] {spark_submit.py:579} INFO - 24/11/18 20:39:26 INFO CodeGenerator: Code generated in 17.135157 ms
[2024-11-18T20:39:26.810+0000] {spark_submit.py:579} INFO - +-------------+----------------+---------+
[2024-11-18T20:39:26.810+0000] {spark_submit.py:579} INFO - |Name         |Application Type|Use Count|
[2024-11-18T20:39:26.811+0000] {spark_submit.py:579} INFO - +-------------+----------------+---------+
[2024-11-18T20:39:26.811+0000] {spark_submit.py:579} INFO - |Joe Dou      |Social networks |120      |
[2024-11-18T20:39:26.811+0000] {spark_submit.py:579} INFO - |Masha Pupkina|Games           |85       |
[2024-11-18T20:39:26.812+0000] {spark_submit.py:579} INFO - |Alice Smith  |Social networks |90       |
[2024-11-18T20:39:26.812+0000] {spark_submit.py:579} INFO - |Ivan Ivanov  |Productivity    |60       |
[2024-11-18T20:39:26.812+0000] {spark_submit.py:579} INFO - |Donatello    |Games           |110      |
[2024-11-18T20:39:26.812+0000] {spark_submit.py:579} INFO - |Raphael      |Finances        |25       |
[2024-11-18T20:39:26.812+0000] {spark_submit.py:579} INFO - |Splinter     |Shoping         |50       |
[2024-11-18T20:39:26.813+0000] {spark_submit.py:579} INFO - |Mickianjelo  |Sport           |61       |
[2024-11-18T20:39:26.813+0000] {spark_submit.py:579} INFO - +-------------+----------------+---------+
[2024-11-18T20:39:26.813+0000] {spark_submit.py:579} INFO - 
[2024-11-18T20:39:27.131+0000] {spark_submit.py:579} INFO - 24/11/18 20:39:27 INFO CodeGenerator: Code generated in 90.458023 ms
[2024-11-18T20:39:27.222+0000] {spark_submit.py:579} INFO - 24/11/18 20:39:27 INFO DAGScheduler: Registering RDD 8 (showString at NativeMethodAccessorImpl.java:0) as input to shuffle 0
[2024-11-18T20:39:27.226+0000] {spark_submit.py:579} INFO - 24/11/18 20:39:27 INFO DAGScheduler: Got map stage job 2 (showString at NativeMethodAccessorImpl.java:0) with 2 output partitions
[2024-11-18T20:39:27.227+0000] {spark_submit.py:579} INFO - 24/11/18 20:39:27 INFO DAGScheduler: Final stage: ShuffleMapStage 2 (showString at NativeMethodAccessorImpl.java:0)
[2024-11-18T20:39:27.227+0000] {spark_submit.py:579} INFO - 24/11/18 20:39:27 INFO DAGScheduler: Parents of final stage: List()
[2024-11-18T20:39:27.228+0000] {spark_submit.py:579} INFO - 24/11/18 20:39:27 INFO DAGScheduler: Missing parents: List()
[2024-11-18T20:39:27.232+0000] {spark_submit.py:579} INFO - 24/11/18 20:39:27 INFO DAGScheduler: Submitting ShuffleMapStage 2 (MapPartitionsRDD[8] at showString at NativeMethodAccessorImpl.java:0), which has no missing parents
[2024-11-18T20:39:27.252+0000] {spark_submit.py:579} INFO - 24/11/18 20:39:27 INFO MemoryStore: Block broadcast_2 stored as values in memory (estimated size 41.1 KiB, free 434.4 MiB)
[2024-11-18T20:39:27.259+0000] {spark_submit.py:579} INFO - 24/11/18 20:39:27 INFO MemoryStore: Block broadcast_2_piece0 stored as bytes in memory (estimated size 19.2 KiB, free 434.3 MiB)
[2024-11-18T20:39:27.263+0000] {spark_submit.py:579} INFO - 24/11/18 20:39:27 INFO BlockManagerInfo: Added broadcast_2_piece0 in memory on 303af52bf48c:33099 (size: 19.2 KiB, free: 434.4 MiB)
[2024-11-18T20:39:27.263+0000] {spark_submit.py:579} INFO - 24/11/18 20:39:27 INFO SparkContext: Created broadcast 2 from broadcast at DAGScheduler.scala:1585
[2024-11-18T20:39:27.265+0000] {spark_submit.py:579} INFO - 24/11/18 20:39:27 INFO DAGScheduler: Submitting 2 missing tasks from ShuffleMapStage 2 (MapPartitionsRDD[8] at showString at NativeMethodAccessorImpl.java:0) (first 15 tasks are for partitions Vector(0, 1))
[2024-11-18T20:39:27.265+0000] {spark_submit.py:579} INFO - 24/11/18 20:39:27 INFO TaskSchedulerImpl: Adding task set 2.0 with 2 tasks resource profile 0
[2024-11-18T20:39:27.270+0000] {spark_submit.py:579} INFO - 24/11/18 20:39:27 INFO TaskSetManager: Starting task 0.0 in stage 2.0 (TID 2) (172.18.0.6, executor 1, partition 0, PROCESS_LOCAL, 7727 bytes)
[2024-11-18T20:39:27.271+0000] {spark_submit.py:579} INFO - 24/11/18 20:39:27 INFO TaskSetManager: Starting task 1.0 in stage 2.0 (TID 3) (172.18.0.5, executor 0, partition 1, PROCESS_LOCAL, 7714 bytes)
[2024-11-18T20:39:27.305+0000] {spark_submit.py:579} INFO - 24/11/18 20:39:27 INFO BlockManagerInfo: Added broadcast_2_piece0 in memory on 172.18.0.5:34597 (size: 19.2 KiB, free: 434.4 MiB)
[2024-11-18T20:39:27.510+0000] {spark_submit.py:579} INFO - 24/11/18 20:39:27 INFO BlockManagerInfo: Added broadcast_2_piece0 in memory on 172.18.0.6:41855 (size: 19.2 KiB, free: 434.4 MiB)
[2024-11-18T20:39:27.930+0000] {spark_submit.py:579} INFO - 24/11/18 20:39:27 INFO TaskSetManager: Finished task 1.0 in stage 2.0 (TID 3) in 659 ms on 172.18.0.5 (executor 0) (1/2)
[2024-11-18T20:39:29.200+0000] {spark_submit.py:579} INFO - 24/11/18 20:39:29 INFO TaskSetManager: Finished task 0.0 in stage 2.0 (TID 2) in 1932 ms on 172.18.0.6 (executor 1) (2/2)
[2024-11-18T20:39:29.201+0000] {spark_submit.py:579} INFO - 24/11/18 20:39:29 INFO TaskSchedulerImpl: Removed TaskSet 2.0, whose tasks have all completed, from pool
[2024-11-18T20:39:29.203+0000] {spark_submit.py:579} INFO - 24/11/18 20:39:29 INFO DAGScheduler: ShuffleMapStage 2 (showString at NativeMethodAccessorImpl.java:0) finished in 1.964 s
[2024-11-18T20:39:29.204+0000] {spark_submit.py:579} INFO - 24/11/18 20:39:29 INFO DAGScheduler: looking for newly runnable stages
[2024-11-18T20:39:29.205+0000] {spark_submit.py:579} INFO - 24/11/18 20:39:29 INFO DAGScheduler: running: Set()
[2024-11-18T20:39:29.206+0000] {spark_submit.py:579} INFO - 24/11/18 20:39:29 INFO DAGScheduler: waiting: Set()
[2024-11-18T20:39:29.207+0000] {spark_submit.py:579} INFO - 24/11/18 20:39:29 INFO DAGScheduler: failed: Set()
[2024-11-18T20:39:29.235+0000] {spark_submit.py:579} INFO - 24/11/18 20:39:29 INFO ShufflePartitionsUtil: For shuffle(0), advisory target size: 67108864, actual target size 1048576, minimum partition size: 1048576
[2024-11-18T20:39:29.254+0000] {spark_submit.py:579} INFO - 24/11/18 20:39:29 INFO HashAggregateExec: spark.sql.codegen.aggregate.map.twolevel.enabled is set to true, but current version of codegened fast hashmap does not support this aggregate.
[2024-11-18T20:39:29.282+0000] {spark_submit.py:579} INFO - 24/11/18 20:39:29 INFO CodeGenerator: Code generated in 17.734717 ms
[2024-11-18T20:39:29.315+0000] {spark_submit.py:579} INFO - 24/11/18 20:39:29 INFO SparkContext: Starting job: showString at NativeMethodAccessorImpl.java:0
[2024-11-18T20:39:29.325+0000] {spark_submit.py:579} INFO - 24/11/18 20:39:29 INFO DAGScheduler: Got job 3 (showString at NativeMethodAccessorImpl.java:0) with 1 output partitions
[2024-11-18T20:39:29.326+0000] {spark_submit.py:579} INFO - 24/11/18 20:39:29 INFO DAGScheduler: Final stage: ResultStage 4 (showString at NativeMethodAccessorImpl.java:0)
[2024-11-18T20:39:29.326+0000] {spark_submit.py:579} INFO - 24/11/18 20:39:29 INFO DAGScheduler: Parents of final stage: List(ShuffleMapStage 3)
[2024-11-18T20:39:29.326+0000] {spark_submit.py:579} INFO - 24/11/18 20:39:29 INFO DAGScheduler: Missing parents: List()
[2024-11-18T20:39:29.327+0000] {spark_submit.py:579} INFO - 24/11/18 20:39:29 INFO DAGScheduler: Submitting ResultStage 4 (MapPartitionsRDD[11] at showString at NativeMethodAccessorImpl.java:0), which has no missing parents
[2024-11-18T20:39:29.332+0000] {spark_submit.py:579} INFO - 24/11/18 20:39:29 INFO MemoryStore: Block broadcast_3 stored as values in memory (estimated size 44.1 KiB, free 434.3 MiB)
[2024-11-18T20:39:29.337+0000] {spark_submit.py:579} INFO - 24/11/18 20:39:29 INFO MemoryStore: Block broadcast_3_piece0 stored as bytes in memory (estimated size 20.8 KiB, free 434.3 MiB)
[2024-11-18T20:39:29.338+0000] {spark_submit.py:579} INFO - 24/11/18 20:39:29 INFO BlockManagerInfo: Removed broadcast_2_piece0 on 303af52bf48c:33099 in memory (size: 19.2 KiB, free: 434.4 MiB)
[2024-11-18T20:39:29.341+0000] {spark_submit.py:579} INFO - 24/11/18 20:39:29 INFO BlockManagerInfo: Added broadcast_3_piece0 in memory on 303af52bf48c:33099 (size: 20.8 KiB, free: 434.4 MiB)
[2024-11-18T20:39:29.343+0000] {spark_submit.py:579} INFO - 24/11/18 20:39:29 INFO BlockManagerInfo: Removed broadcast_2_piece0 on 172.18.0.5:34597 in memory (size: 19.2 KiB, free: 434.4 MiB)
[2024-11-18T20:39:29.344+0000] {spark_submit.py:579} INFO - 24/11/18 20:39:29 INFO SparkContext: Created broadcast 3 from broadcast at DAGScheduler.scala:1585
[2024-11-18T20:39:29.345+0000] {spark_submit.py:579} INFO - 24/11/18 20:39:29 INFO DAGScheduler: Submitting 1 missing tasks from ResultStage 4 (MapPartitionsRDD[11] at showString at NativeMethodAccessorImpl.java:0) (first 15 tasks are for partitions Vector(0))
[2024-11-18T20:39:29.346+0000] {spark_submit.py:579} INFO - 24/11/18 20:39:29 INFO TaskSchedulerImpl: Adding task set 4.0 with 1 tasks resource profile 0
[2024-11-18T20:39:29.348+0000] {spark_submit.py:579} INFO - 24/11/18 20:39:29 INFO BlockManagerInfo: Removed broadcast_2_piece0 on 172.18.0.6:41855 in memory (size: 19.2 KiB, free: 434.4 MiB)
[2024-11-18T20:39:29.353+0000] {spark_submit.py:579} INFO - 24/11/18 20:39:29 INFO TaskSetManager: Starting task 0.0 in stage 4.0 (TID 4) (172.18.0.5, executor 0, partition 0, NODE_LOCAL, 7619 bytes)
[2024-11-18T20:39:29.397+0000] {spark_submit.py:579} INFO - 24/11/18 20:39:29 INFO BlockManagerInfo: Added broadcast_3_piece0 in memory on 172.18.0.5:34597 (size: 20.8 KiB, free: 434.4 MiB)
[2024-11-18T20:39:29.443+0000] {spark_submit.py:579} INFO - 24/11/18 20:39:29 INFO MapOutputTrackerMasterEndpoint: Asked to send map output locations for shuffle 0 to 172.18.0.5:49838
[2024-11-18T20:39:29.600+0000] {spark_submit.py:579} INFO - 24/11/18 20:39:29 INFO TaskSetManager: Finished task 0.0 in stage 4.0 (TID 4) in 249 ms on 172.18.0.5 (executor 0) (1/1)
[2024-11-18T20:39:29.601+0000] {spark_submit.py:579} INFO - 24/11/18 20:39:29 INFO TaskSchedulerImpl: Removed TaskSet 4.0, whose tasks have all completed, from pool
[2024-11-18T20:39:29.602+0000] {spark_submit.py:579} INFO - 24/11/18 20:39:29 INFO DAGScheduler: ResultStage 4 (showString at NativeMethodAccessorImpl.java:0) finished in 0.274 s
[2024-11-18T20:39:29.603+0000] {spark_submit.py:579} INFO - 24/11/18 20:39:29 INFO DAGScheduler: Job 3 is finished. Cancelling potential speculative or zombie tasks for this job
[2024-11-18T20:39:29.603+0000] {spark_submit.py:579} INFO - 24/11/18 20:39:29 INFO TaskSchedulerImpl: Killing all running tasks in stage 4: Stage finished
[2024-11-18T20:39:29.604+0000] {spark_submit.py:579} INFO - 24/11/18 20:39:29 INFO DAGScheduler: Job 3 finished: showString at NativeMethodAccessorImpl.java:0, took 0.287879 s
[2024-11-18T20:39:29.621+0000] {spark_submit.py:579} INFO - 24/11/18 20:39:29 INFO CodeGenerator: Code generated in 9.390516 ms
[2024-11-18T20:39:29.623+0000] {spark_submit.py:579} INFO - +----------------+-------------------+
[2024-11-18T20:39:29.624+0000] {spark_submit.py:579} INFO - |Application Type|Average Usage Count|
[2024-11-18T20:39:29.625+0000] {spark_submit.py:579} INFO - +----------------+-------------------+
[2024-11-18T20:39:29.625+0000] {spark_submit.py:579} INFO - |Shoping         |50.0               |
[2024-11-18T20:39:29.625+0000] {spark_submit.py:579} INFO - |Games           |97.5               |
[2024-11-18T20:39:29.626+0000] {spark_submit.py:579} INFO - |Finances        |25.0               |
[2024-11-18T20:39:29.626+0000] {spark_submit.py:579} INFO - |Sport           |61.0               |
[2024-11-18T20:39:29.626+0000] {spark_submit.py:579} INFO - |Social networks |105.0              |
[2024-11-18T20:39:29.627+0000] {spark_submit.py:579} INFO - |Productivity    |60.0               |
[2024-11-18T20:39:29.627+0000] {spark_submit.py:579} INFO - +----------------+-------------------+
[2024-11-18T20:39:29.627+0000] {spark_submit.py:579} INFO - 
[2024-11-18T20:39:29.627+0000] {spark_submit.py:579} INFO - 24/11/18 20:39:29 INFO SparkContext: SparkContext is stopping with exitCode 0.
[2024-11-18T20:39:29.634+0000] {spark_submit.py:579} INFO - 24/11/18 20:39:29 INFO SparkUI: Stopped Spark web UI at http://303af52bf48c:4041
[2024-11-18T20:39:29.642+0000] {spark_submit.py:579} INFO - 24/11/18 20:39:29 INFO StandaloneSchedulerBackend: Shutting down all executors
[2024-11-18T20:39:29.643+0000] {spark_submit.py:579} INFO - 24/11/18 20:39:29 INFO StandaloneSchedulerBackend$StandaloneDriverEndpoint: Asking each executor to shut down
[2024-11-18T20:39:29.667+0000] {spark_submit.py:579} INFO - 24/11/18 20:39:29 INFO MapOutputTrackerMasterEndpoint: MapOutputTrackerMasterEndpoint stopped!
[2024-11-18T20:39:29.717+0000] {spark_submit.py:579} INFO - 24/11/18 20:39:29 INFO MemoryStore: MemoryStore cleared
[2024-11-18T20:39:29.718+0000] {spark_submit.py:579} INFO - 24/11/18 20:39:29 INFO BlockManager: BlockManager stopped
[2024-11-18T20:39:29.722+0000] {spark_submit.py:579} INFO - 24/11/18 20:39:29 INFO BlockManagerMaster: BlockManagerMaster stopped
[2024-11-18T20:39:29.725+0000] {spark_submit.py:579} INFO - 24/11/18 20:39:29 INFO OutputCommitCoordinator$OutputCommitCoordinatorEndpoint: OutputCommitCoordinator stopped!
[2024-11-18T20:39:29.733+0000] {spark_submit.py:579} INFO - 24/11/18 20:39:29 INFO SparkContext: Successfully stopped SparkContext
[2024-11-18T20:39:30.760+0000] {spark_submit.py:579} INFO - 24/11/18 20:39:30 INFO ShutdownHookManager: Shutdown hook called
[2024-11-18T20:39:30.761+0000] {spark_submit.py:579} INFO - 24/11/18 20:39:30 INFO ShutdownHookManager: Deleting directory /tmp/spark-48e63e57-630b-45f5-bfe9-51150d9277ca
[2024-11-18T20:39:30.764+0000] {spark_submit.py:579} INFO - 24/11/18 20:39:30 INFO ShutdownHookManager: Deleting directory /tmp/spark-48e63e57-630b-45f5-bfe9-51150d9277ca/pyspark-93e9e7ae-971b-44ca-b47e-99002dba7c7c
[2024-11-18T20:39:30.767+0000] {spark_submit.py:579} INFO - 24/11/18 20:39:30 INFO ShutdownHookManager: Deleting directory /tmp/spark-be2dfc43-eff9-4c97-830d-91d6f57d2f9d
[2024-11-18T20:39:30.804+0000] {taskinstance.py:441} INFO - ::group::Post task execution logs
[2024-11-18T20:39:30.812+0000] {taskinstance.py:1206} INFO - Marking task as SUCCESS. dag_id=spark_job, task_id=spark_task, run_id=manual__2024-11-18T20:39:05.117958+00:00, execution_date=20241118T203905, start_date=20241118T203912, end_date=20241118T203930
[2024-11-18T20:39:30.861+0000] {local_task_job_runner.py:243} INFO - Task exited with return code 0
[2024-11-18T20:39:30.883+0000] {taskinstance.py:3503} INFO - 0 downstream tasks scheduled from follow-on schedule check
[2024-11-18T20:39:30.887+0000] {local_task_job_runner.py:222} INFO - ::endgroup::
