[2024-11-18T20:40:22.303+0000] {local_task_job_runner.py:120} INFO - ::group::Pre task execution logs
[2024-11-18T20:40:22.341+0000] {taskinstance.py:2076} INFO - Dependencies all met for dep_context=non-requeueable deps ti=<TaskInstance: spark_job.spark_task manual__2024-11-18T20:40:03.857836+00:00 [queued]>
[2024-11-18T20:40:22.363+0000] {taskinstance.py:2076} INFO - Dependencies all met for dep_context=requeueable deps ti=<TaskInstance: spark_job.spark_task manual__2024-11-18T20:40:03.857836+00:00 [queued]>
[2024-11-18T20:40:22.365+0000] {taskinstance.py:2306} INFO - Starting attempt 1 of 2
[2024-11-18T20:40:22.440+0000] {taskinstance.py:2330} INFO - Executing <Task(SparkSubmitOperator): spark_task> on 2024-11-18 20:40:03.857836+00:00
[2024-11-18T20:40:22.463+0000] {standard_task_runner.py:64} INFO - Started process 5045 to run task
[2024-11-18T20:40:22.467+0000] {standard_task_runner.py:90} INFO - Running: ['***', 'tasks', 'run', 'spark_job', 'spark_task', 'manual__2024-11-18T20:40:03.857836+00:00', '--job-id', '29', '--raw', '--subdir', 'DAGS_FOLDER/spark_dag.py', '--cfg-path', '/tmp/tmpyiungi_f']
[2024-11-18T20:40:22.474+0000] {standard_task_runner.py:91} INFO - Job 29: Subtask spark_task
[2024-11-18T20:40:22.596+0000] {task_command.py:426} INFO - Running <TaskInstance: spark_job.spark_task manual__2024-11-18T20:40:03.857836+00:00 [running]> on host 303af52bf48c
[2024-11-18T20:40:22.908+0000] {taskinstance.py:2648} INFO - Exporting env vars: AIRFLOW_CTX_DAG_OWNER='***' AIRFLOW_CTX_DAG_ID='spark_job' AIRFLOW_CTX_TASK_ID='spark_task' AIRFLOW_CTX_EXECUTION_DATE='2024-11-18T20:40:03.857836+00:00' AIRFLOW_CTX_TRY_NUMBER='1' AIRFLOW_CTX_DAG_RUN_ID='manual__2024-11-18T20:40:03.857836+00:00'
[2024-11-18T20:40:22.915+0000] {taskinstance.py:430} INFO - ::endgroup::
[2024-11-18T20:40:22.956+0000] {base.py:84} INFO - Using connection ID 'spark_default' for task execution.
[2024-11-18T20:40:22.972+0000] {spark_submit.py:403} INFO - Spark-Submit cmd: spark-submit --master spark://spark:7077 --name arrow-spark --deploy-mode client /opt/***/dags/spark_job.py
[2024-11-18T20:40:32.421+0000] {spark_submit.py:579} INFO - 24/11/18 20:40:32 INFO SparkContext: Running Spark version 3.5.1
[2024-11-18T20:40:32.433+0000] {spark_submit.py:579} INFO - 24/11/18 20:40:32 INFO SparkContext: OS info Linux, 5.15.153.1-microsoft-standard-WSL2, amd64
[2024-11-18T20:40:32.436+0000] {spark_submit.py:579} INFO - 24/11/18 20:40:32 INFO SparkContext: Java version 17.0.12
[2024-11-18T20:40:32.805+0000] {spark_submit.py:579} INFO - 24/11/18 20:40:32 WARN NativeCodeLoader: Unable to load native-hadoop library for your platform... using builtin-java classes where applicable
[2024-11-18T20:40:33.396+0000] {spark_submit.py:579} INFO - 24/11/18 20:40:33 INFO ResourceUtils: ==============================================================
[2024-11-18T20:40:33.399+0000] {spark_submit.py:579} INFO - 24/11/18 20:40:33 INFO ResourceUtils: No custom resources configured for spark.driver.
[2024-11-18T20:40:33.401+0000] {spark_submit.py:579} INFO - 24/11/18 20:40:33 INFO ResourceUtils: ==============================================================
[2024-11-18T20:40:33.404+0000] {spark_submit.py:579} INFO - 24/11/18 20:40:33 INFO SparkContext: Submitted application: Airflow Spark Job
[2024-11-18T20:40:33.541+0000] {spark_submit.py:579} INFO - 24/11/18 20:40:33 INFO ResourceProfile: Default ResourceProfile created, executor resources: Map(memory -> name: memory, amount: 1024, script: , vendor: , offHeap -> name: offHeap, amount: 0, script: , vendor: ), task resources: Map(cpus -> name: cpus, amount: 1.0)
[2024-11-18T20:40:33.610+0000] {spark_submit.py:579} INFO - 24/11/18 20:40:33 INFO ResourceProfile: Limiting resource is cpu
[2024-11-18T20:40:33.620+0000] {spark_submit.py:579} INFO - 24/11/18 20:40:33 INFO ResourceProfileManager: Added ResourceProfile id: 0
[2024-11-18T20:40:36.174+0000] {spark_submit.py:579} INFO - 24/11/18 20:40:36 INFO SecurityManager: Changing view acls to: ***
[2024-11-18T20:40:37.445+0000] {spark_submit.py:579} INFO - 24/11/18 20:40:37 INFO SecurityManager: Changing modify acls to: ***
[2024-11-18T20:40:37.513+0000] {spark_submit.py:579} INFO - 24/11/18 20:40:37 INFO SecurityManager: Changing view acls groups to:
[2024-11-18T20:40:37.515+0000] {spark_submit.py:579} INFO - 24/11/18 20:40:37 INFO SecurityManager: Changing modify acls groups to:
[2024-11-18T20:40:37.515+0000] {spark_submit.py:579} INFO - 24/11/18 20:40:37 INFO SecurityManager: SecurityManager: authentication disabled; ui acls disabled; users with view permissions: ***; groups with view permissions: EMPTY; users with modify permissions: ***; groups with modify permissions: EMPTY
[2024-11-18T20:40:38.777+0000] {spark_submit.py:579} INFO - 24/11/18 20:40:38 INFO Utils: Successfully started service 'sparkDriver' on port 39977.
[2024-11-18T20:40:38.996+0000] {spark_submit.py:579} INFO - 24/11/18 20:40:38 INFO SparkEnv: Registering MapOutputTracker
[2024-11-18T20:40:39.194+0000] {spark_submit.py:579} INFO - 24/11/18 20:40:39 INFO SparkEnv: Registering BlockManagerMaster
[2024-11-18T20:40:39.266+0000] {spark_submit.py:579} INFO - 24/11/18 20:40:39 INFO BlockManagerMasterEndpoint: Using org.apache.spark.storage.DefaultTopologyMapper for getting topology information
[2024-11-18T20:40:39.268+0000] {spark_submit.py:579} INFO - 24/11/18 20:40:39 INFO BlockManagerMasterEndpoint: BlockManagerMasterEndpoint up
[2024-11-18T20:40:39.286+0000] {spark_submit.py:579} INFO - 24/11/18 20:40:39 INFO SparkEnv: Registering BlockManagerMasterHeartbeat
[2024-11-18T20:40:39.504+0000] {spark_submit.py:579} INFO - 24/11/18 20:40:39 INFO DiskBlockManager: Created local directory at /tmp/blockmgr-09c06661-9532-430f-a65e-10233d5551d9
[2024-11-18T20:40:39.615+0000] {spark_submit.py:579} INFO - 24/11/18 20:40:39 INFO MemoryStore: MemoryStore started with capacity 434.4 MiB
[2024-11-18T20:40:39.800+0000] {spark_submit.py:579} INFO - 24/11/18 20:40:39 INFO SparkEnv: Registering OutputCommitCoordinator
[2024-11-18T20:40:46.051+0000] {spark_submit.py:579} INFO - 24/11/18 20:40:46 INFO JettyUtils: Start Jetty 0.0.0.0:4040 for SparkUI
[2024-11-18T20:40:53.673+0000] {spark_submit.py:579} INFO - 24/11/18 20:40:53 WARN Utils: Service 'SparkUI' could not bind on port 4040. Attempting port 4041.
[2024-11-18T20:40:53.710+0000] {spark_submit.py:579} INFO - 24/11/18 20:40:53 WARN Utils: Service 'SparkUI' could not bind on port 4041. Attempting port 4042.
[2024-11-18T20:40:53.713+0000] {spark_submit.py:579} INFO - 24/11/18 20:40:53 WARN Utils: Service 'SparkUI' could not bind on port 4042. Attempting port 4043.
[2024-11-18T20:40:53.714+0000] {spark_submit.py:579} INFO - 24/11/18 20:40:53 WARN Utils: Service 'SparkUI' could not bind on port 4043. Attempting port 4044.
[2024-11-18T20:40:53.836+0000] {spark_submit.py:579} INFO - 24/11/18 20:40:53 INFO Utils: Successfully started service 'SparkUI' on port 4044.
[2024-11-18T20:40:56.037+0000] {spark_submit.py:579} INFO - 24/11/18 20:40:56 INFO StandaloneAppClient$ClientEndpoint: Connecting to master spark://spark:7077...
[2024-11-18T20:41:05.485+0000] {job.py:218} ERROR - Job heartbeat got an exception
Traceback (most recent call last):
  File "/home/airflow/.local/lib/python3.11/site-packages/sqlalchemy/engine/base.py", line 3371, in _wrap_pool_connect
    return fn()
           ^^^^
  File "/home/airflow/.local/lib/python3.11/site-packages/sqlalchemy/pool/base.py", line 327, in connect
    return _ConnectionFairy._checkout(self)
           ^^^^^^^^^^^^^^^^^^^^^^^^^^^^^^^^
  File "/home/airflow/.local/lib/python3.11/site-packages/sqlalchemy/pool/base.py", line 894, in _checkout
    fairy = _ConnectionRecord.checkout(pool)
            ^^^^^^^^^^^^^^^^^^^^^^^^^^^^^^^^
  File "/home/airflow/.local/lib/python3.11/site-packages/sqlalchemy/pool/base.py", line 493, in checkout
    rec = pool._do_get()
          ^^^^^^^^^^^^^^
  File "/home/airflow/.local/lib/python3.11/site-packages/sqlalchemy/pool/impl.py", line 256, in _do_get
    return self._create_connection()
           ^^^^^^^^^^^^^^^^^^^^^^^^^
  File "/home/airflow/.local/lib/python3.11/site-packages/sqlalchemy/pool/base.py", line 273, in _create_connection
    return _ConnectionRecord(self)
           ^^^^^^^^^^^^^^^^^^^^^^^
  File "/home/airflow/.local/lib/python3.11/site-packages/sqlalchemy/pool/base.py", line 388, in __init__
    self.__connect()
  File "/home/airflow/.local/lib/python3.11/site-packages/sqlalchemy/pool/base.py", line 690, in __connect
    with util.safe_reraise():
  File "/home/airflow/.local/lib/python3.11/site-packages/sqlalchemy/util/langhelpers.py", line 70, in __exit__
    compat.raise_(
  File "/home/airflow/.local/lib/python3.11/site-packages/sqlalchemy/util/compat.py", line 211, in raise_
    raise exception
  File "/home/airflow/.local/lib/python3.11/site-packages/sqlalchemy/pool/base.py", line 686, in __connect
    self.dbapi_connection = connection = pool._invoke_creator(self)
                                         ^^^^^^^^^^^^^^^^^^^^^^^^^^
  File "/home/airflow/.local/lib/python3.11/site-packages/sqlalchemy/engine/create.py", line 574, in connect
    return dialect.connect(*cargs, **cparams)
           ^^^^^^^^^^^^^^^^^^^^^^^^^^^^^^^^^^
  File "/home/airflow/.local/lib/python3.11/site-packages/sqlalchemy/engine/default.py", line 598, in connect
    return self.dbapi.connect(*cargs, **cparams)
           ^^^^^^^^^^^^^^^^^^^^^^^^^^^^^^^^^^^^^
  File "/home/airflow/.local/lib/python3.11/site-packages/psycopg2/__init__.py", line 122, in connect
    conn = _connect(dsn, connection_factory=connection_factory, **kwasync)
           ^^^^^^^^^^^^^^^^^^^^^^^^^^^^^^^^^^^^^^^^^^^^^^^^^^^^^^^^^^^^^^^
psycopg2.OperationalError: could not translate host name "postgres" to address: Temporary failure in name resolution


The above exception was the direct cause of the following exception:

Traceback (most recent call last):
  File "/home/airflow/.local/lib/python3.11/site-packages/airflow/jobs/job.py", line 213, in heartbeat
    heartbeat_callback(session)
  File "/home/airflow/.local/lib/python3.11/site-packages/airflow/utils/session.py", line 76, in wrapper
    return func(*args, **kwargs)
           ^^^^^^^^^^^^^^^^^^^^^
  File "/home/airflow/.local/lib/python3.11/site-packages/airflow/jobs/local_task_job_runner.py", line 261, in heartbeat_callback
    self.task_instance.refresh_from_db()
  File "/home/airflow/.local/lib/python3.11/site-packages/airflow/utils/session.py", line 79, in wrapper
    return func(*args, session=session, **kwargs)
           ^^^^^^^^^^^^^^^^^^^^^^^^^^^^^^^^^^^^^^
  File "/home/airflow/.local/lib/python3.11/site-packages/airflow/models/taskinstance.py", line 1821, in refresh_from_db
    _refresh_from_db(task_instance=self, session=session, lock_for_update=lock_for_update)
  File "/home/airflow/.local/lib/python3.11/site-packages/airflow/models/taskinstance.py", line 510, in _refresh_from_db
    ti = TaskInstance.get_task_instance(
         ^^^^^^^^^^^^^^^^^^^^^^^^^^^^^^^
  File "/home/airflow/.local/lib/python3.11/site-packages/airflow/api_internal/internal_api_call.py", line 115, in wrapper
    return func(*args, **kwargs)
           ^^^^^^^^^^^^^^^^^^^^^
  File "/home/airflow/.local/lib/python3.11/site-packages/airflow/utils/session.py", line 76, in wrapper
    return func(*args, **kwargs)
           ^^^^^^^^^^^^^^^^^^^^^
  File "/home/airflow/.local/lib/python3.11/site-packages/airflow/models/taskinstance.py", line 1807, in get_task_instance
    return query.one_or_none()
           ^^^^^^^^^^^^^^^^^^^
  File "/home/airflow/.local/lib/python3.11/site-packages/sqlalchemy/orm/query.py", line 2850, in one_or_none
    return self._iter().one_or_none()
           ^^^^^^^^^^^^
  File "/home/airflow/.local/lib/python3.11/site-packages/sqlalchemy/orm/query.py", line 2916, in _iter
    result = self.session.execute(
             ^^^^^^^^^^^^^^^^^^^^^
  File "/home/airflow/.local/lib/python3.11/site-packages/sqlalchemy/orm/session.py", line 1716, in execute
    conn = self._connection_for_bind(bind)
           ^^^^^^^^^^^^^^^^^^^^^^^^^^^^^^^
  File "/home/airflow/.local/lib/python3.11/site-packages/sqlalchemy/orm/session.py", line 1555, in _connection_for_bind
    return self._transaction._connection_for_bind(
           ^^^^^^^^^^^^^^^^^^^^^^^^^^^^^^^^^^^^^^^
  File "/home/airflow/.local/lib/python3.11/site-packages/sqlalchemy/orm/session.py", line 750, in _connection_for_bind
    conn = bind.connect()
           ^^^^^^^^^^^^^^
  File "/home/airflow/.local/lib/python3.11/site-packages/sqlalchemy/future/engine.py", line 412, in connect
    return super(Engine, self).connect()
           ^^^^^^^^^^^^^^^^^^^^^^^^^^^^^
  File "/home/airflow/.local/lib/python3.11/site-packages/sqlalchemy/engine/base.py", line 3325, in connect
    return self._connection_cls(self, close_with_result=close_with_result)
           ^^^^^^^^^^^^^^^^^^^^^^^^^^^^^^^^^^^^^^^^^^^^^^^^^^^^^^^^^^^^^^^
  File "/home/airflow/.local/lib/python3.11/site-packages/sqlalchemy/engine/base.py", line 96, in __init__
    else engine.raw_connection()
         ^^^^^^^^^^^^^^^^^^^^^^^
  File "/home/airflow/.local/lib/python3.11/site-packages/sqlalchemy/engine/base.py", line 3404, in raw_connection
    return self._wrap_pool_connect(self.pool.connect, _connection)
           ^^^^^^^^^^^^^^^^^^^^^^^^^^^^^^^^^^^^^^^^^^^^^^^^^^^^^^^
  File "/home/airflow/.local/lib/python3.11/site-packages/sqlalchemy/engine/base.py", line 3374, in _wrap_pool_connect
    Connection._handle_dbapi_exception_noconnection(
  File "/home/airflow/.local/lib/python3.11/site-packages/sqlalchemy/engine/base.py", line 2208, in _handle_dbapi_exception_noconnection
    util.raise_(
  File "/home/airflow/.local/lib/python3.11/site-packages/sqlalchemy/util/compat.py", line 211, in raise_
    raise exception
  File "/home/airflow/.local/lib/python3.11/site-packages/sqlalchemy/engine/base.py", line 3371, in _wrap_pool_connect
    return fn()
           ^^^^
  File "/home/airflow/.local/lib/python3.11/site-packages/sqlalchemy/pool/base.py", line 327, in connect
    return _ConnectionFairy._checkout(self)
           ^^^^^^^^^^^^^^^^^^^^^^^^^^^^^^^^
  File "/home/airflow/.local/lib/python3.11/site-packages/sqlalchemy/pool/base.py", line 894, in _checkout
    fairy = _ConnectionRecord.checkout(pool)
            ^^^^^^^^^^^^^^^^^^^^^^^^^^^^^^^^
  File "/home/airflow/.local/lib/python3.11/site-packages/sqlalchemy/pool/base.py", line 493, in checkout
    rec = pool._do_get()
          ^^^^^^^^^^^^^^
  File "/home/airflow/.local/lib/python3.11/site-packages/sqlalchemy/pool/impl.py", line 256, in _do_get
    return self._create_connection()
           ^^^^^^^^^^^^^^^^^^^^^^^^^
  File "/home/airflow/.local/lib/python3.11/site-packages/sqlalchemy/pool/base.py", line 273, in _create_connection
    return _ConnectionRecord(self)
           ^^^^^^^^^^^^^^^^^^^^^^^
  File "/home/airflow/.local/lib/python3.11/site-packages/sqlalchemy/pool/base.py", line 388, in __init__
    self.__connect()
  File "/home/airflow/.local/lib/python3.11/site-packages/sqlalchemy/pool/base.py", line 690, in __connect
    with util.safe_reraise():
  File "/home/airflow/.local/lib/python3.11/site-packages/sqlalchemy/util/langhelpers.py", line 70, in __exit__
    compat.raise_(
  File "/home/airflow/.local/lib/python3.11/site-packages/sqlalchemy/util/compat.py", line 211, in raise_
    raise exception
  File "/home/airflow/.local/lib/python3.11/site-packages/sqlalchemy/pool/base.py", line 686, in __connect
    self.dbapi_connection = connection = pool._invoke_creator(self)
                                         ^^^^^^^^^^^^^^^^^^^^^^^^^^
  File "/home/airflow/.local/lib/python3.11/site-packages/sqlalchemy/engine/create.py", line 574, in connect
    return dialect.connect(*cargs, **cparams)
           ^^^^^^^^^^^^^^^^^^^^^^^^^^^^^^^^^^
  File "/home/airflow/.local/lib/python3.11/site-packages/sqlalchemy/engine/default.py", line 598, in connect
    return self.dbapi.connect(*cargs, **cparams)
           ^^^^^^^^^^^^^^^^^^^^^^^^^^^^^^^^^^^^^
  File "/home/airflow/.local/lib/python3.11/site-packages/psycopg2/__init__.py", line 122, in connect
    conn = _connect(dsn, connection_factory=connection_factory, **kwasync)
           ^^^^^^^^^^^^^^^^^^^^^^^^^^^^^^^^^^^^^^^^^^^^^^^^^^^^^^^^^^^^^^^
sqlalchemy.exc.OperationalError: (psycopg2.OperationalError) could not translate host name "postgres" to address: Temporary failure in name resolution

(Background on this error at: https://sqlalche.me/e/14/e3q8)
[2024-11-18T20:41:05.632+0000] {job.py:221} ERROR - Job heartbeat failed with error. Scheduler may go into unhealthy state
[2024-11-18T20:41:16.094+0000] {spark_submit.py:579} INFO - 24/11/18 20:41:15 WARN TransportClientFactory: DNS resolution failed for spark/<unresolved>:7077 took 10181 ms
[2024-11-18T20:41:19.286+0000] {spark_submit.py:579} INFO - 24/11/18 20:41:19 INFO StandaloneAppClient$ClientEndpoint: Connecting to master spark://spark:7077...
[2024-11-18T20:41:37.608+0000] {spark_submit.py:579} INFO - 24/11/18 20:41:37 INFO StandaloneAppClient$ClientEndpoint: Connecting to master spark://spark:7077...
[2024-11-18T20:41:43.955+0000] {spark_submit.py:579} INFO - 24/11/18 20:41:43 INFO TransportClientFactory: Successfully created connection to spark/<unresolved>:7077 after 21042 ms (0 ms spent in bootstraps)
[2024-11-18T20:41:44.578+0000] {spark_submit.py:579} INFO - 24/11/18 20:41:44 INFO StandaloneSchedulerBackend: Connected to Spark cluster with app ID app-20241118204144-0027
[2024-11-18T20:41:44.616+0000] {spark_submit.py:579} INFO - 24/11/18 20:41:44 INFO Utils: Successfully started service 'org.apache.spark.network.netty.NettyBlockTransferService' on port 41493.
[2024-11-18T20:41:44.617+0000] {spark_submit.py:579} INFO - 24/11/18 20:41:44 INFO NettyBlockTransferService: Server created on 303af52bf48c:41493
[2024-11-18T20:41:44.617+0000] {spark_submit.py:579} INFO - 24/11/18 20:41:44 INFO BlockManager: Using org.apache.spark.storage.RandomBlockReplicationPolicy for block replication policy
[2024-11-18T20:41:44.658+0000] {spark_submit.py:579} INFO - 24/11/18 20:41:44 INFO BlockManagerMaster: Registering BlockManager BlockManagerId(driver, 303af52bf48c, 41493, None)
[2024-11-18T20:41:44.671+0000] {spark_submit.py:579} INFO - 24/11/18 20:41:44 INFO BlockManagerMasterEndpoint: Registering block manager 303af52bf48c:41493 with 434.4 MiB RAM, BlockManagerId(driver, 303af52bf48c, 41493, None)
[2024-11-18T20:41:44.683+0000] {spark_submit.py:579} INFO - 24/11/18 20:41:44 INFO BlockManagerMaster: Registered BlockManager BlockManagerId(driver, 303af52bf48c, 41493, None)
[2024-11-18T20:41:44.687+0000] {spark_submit.py:579} INFO - 24/11/18 20:41:44 INFO BlockManager: Initialized BlockManager: BlockManagerId(driver, 303af52bf48c, 41493, None)
[2024-11-18T20:41:45.772+0000] {spark_submit.py:579} INFO - 24/11/18 20:41:45 INFO StandaloneSchedulerBackend: SchedulerBackend is ready for scheduling beginning after reached minRegisteredResourcesRatio: 0.0
[2024-11-18T20:42:06.334+0000] {spark_submit.py:579} INFO - 24/11/18 20:42:06 INFO AsyncEventQueue: Process of event SparkListenerExecutorMetricsUpdate(driver,WrappedArray(),Map((-1,-1) -> org.apache.spark.executor.ExecutorMetrics@5b881a00)) by listener AppStatusListener took 1.678577916s.
[2024-11-18T20:42:10.205+0000] {spark_submit.py:579} INFO - 24/11/18 20:42:10 INFO SharedState: Setting hive.metastore.warehouse.dir ('null') to the value of spark.sql.warehouse.dir.
[2024-11-18T20:42:10.268+0000] {spark_submit.py:579} INFO - 24/11/18 20:42:10 INFO SharedState: Warehouse path is 'file:/app/spark-warehouse'.
[2024-11-18T20:42:19.467+0000] {job.py:221} ERROR - Job heartbeat failed with error. Scheduler may go into unhealthy state
[2024-11-18T20:42:57.428+0000] {job.py:226} ERROR - Job heartbeat failed with error. Scheduler is in unhealthy state
[2024-11-18T20:43:33.578+0000] {spark_submit.py:579} INFO - 24/11/18 20:43:33 INFO CodeGenerator: Code generated in 759.436625 ms
[2024-11-18T20:43:33.632+0000] {spark_submit.py:579} INFO - 24/11/18 20:43:33 INFO SparkContext: Starting job: showString at NativeMethodAccessorImpl.java:0
[2024-11-18T20:43:33.683+0000] {spark_submit.py:579} INFO - 24/11/18 20:43:33 INFO DAGScheduler: Got job 0 (showString at NativeMethodAccessorImpl.java:0) with 1 output partitions
[2024-11-18T20:43:33.684+0000] {spark_submit.py:579} INFO - 24/11/18 20:43:33 INFO DAGScheduler: Final stage: ResultStage 0 (showString at NativeMethodAccessorImpl.java:0)
[2024-11-18T20:43:33.687+0000] {spark_submit.py:579} INFO - 24/11/18 20:43:33 INFO DAGScheduler: Parents of final stage: List()
[2024-11-18T20:43:33.692+0000] {spark_submit.py:579} INFO - 24/11/18 20:43:33 INFO DAGScheduler: Missing parents: List()
[2024-11-18T20:43:33.724+0000] {spark_submit.py:579} INFO - 24/11/18 20:43:33 INFO DAGScheduler: Submitting ResultStage 0 (MapPartitionsRDD[6] at showString at NativeMethodAccessorImpl.java:0), which has no missing parents
[2024-11-18T20:43:34.220+0000] {spark_submit.py:579} INFO - 24/11/18 20:43:34 INFO MemoryStore: Block broadcast_0 stored as values in memory (estimated size 13.1 KiB, free 434.4 MiB)
[2024-11-18T20:43:34.329+0000] {spark_submit.py:579} INFO - 24/11/18 20:43:34 INFO MemoryStore: Block broadcast_0_piece0 stored as bytes in memory (estimated size 6.8 KiB, free 434.4 MiB)
[2024-11-18T20:43:34.351+0000] {spark_submit.py:579} INFO - 24/11/18 20:43:34 INFO BlockManagerInfo: Added broadcast_0_piece0 in memory on 303af52bf48c:41493 (size: 6.8 KiB, free: 434.4 MiB)
[2024-11-18T20:43:34.369+0000] {spark_submit.py:579} INFO - 24/11/18 20:43:34 INFO SparkContext: Created broadcast 0 from broadcast at DAGScheduler.scala:1585
[2024-11-18T20:43:34.536+0000] {spark_submit.py:579} INFO - 24/11/18 20:43:34 INFO DAGScheduler: Submitting 1 missing tasks from ResultStage 0 (MapPartitionsRDD[6] at showString at NativeMethodAccessorImpl.java:0) (first 15 tasks are for partitions Vector(0))
[2024-11-18T20:43:34.540+0000] {spark_submit.py:579} INFO - 24/11/18 20:43:34 INFO TaskSchedulerImpl: Adding task set 0.0 with 1 tasks resource profile 0
[2024-11-18T20:43:49.621+0000] {spark_submit.py:579} INFO - 24/11/18 20:43:49 WARN TaskSchedulerImpl: Initial job has not accepted any resources; check your cluster UI to ensure that workers are registered and have sufficient resources
[2024-11-18T20:44:04.627+0000] {spark_submit.py:579} INFO - 24/11/18 20:44:04 WARN TaskSchedulerImpl: Initial job has not accepted any resources; check your cluster UI to ensure that workers are registered and have sufficient resources
[2024-11-18T20:44:18.034+0000] {spark_submit.py:579} INFO - 24/11/18 20:44:18 INFO StandaloneAppClient$ClientEndpoint: Executor added: app-20241118204144-0027/0 on worker-20241118201828-172.18.0.5-32835 (172.18.0.5:32835) with 1 core(s)
[2024-11-18T20:44:18.037+0000] {spark_submit.py:579} INFO - 24/11/18 20:44:18 INFO StandaloneSchedulerBackend: Granted executor ID app-20241118204144-0027/0 on hostPort 172.18.0.5:32835 with 1 core(s), 1024.0 MiB RAM
[2024-11-18T20:44:18.039+0000] {spark_submit.py:579} INFO - 24/11/18 20:44:18 INFO StandaloneAppClient$ClientEndpoint: Executor added: app-20241118204144-0027/1 on worker-20241118201828-172.18.0.6-37135 (172.18.0.6:37135) with 1 core(s)
[2024-11-18T20:44:18.040+0000] {spark_submit.py:579} INFO - 24/11/18 20:44:18 INFO StandaloneSchedulerBackend: Granted executor ID app-20241118204144-0027/1 on hostPort 172.18.0.6:37135 with 1 core(s), 1024.0 MiB RAM
[2024-11-18T20:44:18.146+0000] {spark_submit.py:579} INFO - 24/11/18 20:44:18 INFO StandaloneAppClient$ClientEndpoint: Executor updated: app-20241118204144-0027/0 is now RUNNING
[2024-11-18T20:44:18.201+0000] {spark_submit.py:579} INFO - 24/11/18 20:44:18 INFO StandaloneAppClient$ClientEndpoint: Executor updated: app-20241118204144-0027/1 is now RUNNING
[2024-11-18T20:44:19.620+0000] {spark_submit.py:579} INFO - 24/11/18 20:44:19 WARN TaskSchedulerImpl: Initial job has not accepted any resources; check your cluster UI to ensure that workers are registered and have sufficient resources
[2024-11-18T20:44:20.878+0000] {spark_submit.py:579} INFO - 24/11/18 20:44:20 INFO StandaloneSchedulerBackend$StandaloneDriverEndpoint: Registered executor NettyRpcEndpointRef(spark-client://Executor) (172.18.0.5:37246) with ID 0,  ResourceProfileId 0
[2024-11-18T20:44:20.953+0000] {spark_submit.py:579} INFO - 24/11/18 20:44:20 INFO StandaloneSchedulerBackend$StandaloneDriverEndpoint: Registered executor NettyRpcEndpointRef(spark-client://Executor) (172.18.0.6:33010) with ID 1,  ResourceProfileId 0
[2024-11-18T20:44:21.003+0000] {spark_submit.py:579} INFO - 24/11/18 20:44:21 INFO BlockManagerMasterEndpoint: Registering block manager 172.18.0.5:34161 with 434.4 MiB RAM, BlockManagerId(0, 172.18.0.5, 34161, None)
[2024-11-18T20:44:21.049+0000] {spark_submit.py:579} INFO - 24/11/18 20:44:21 INFO BlockManagerMasterEndpoint: Registering block manager 172.18.0.6:36061 with 434.4 MiB RAM, BlockManagerId(1, 172.18.0.6, 36061, None)
[2024-11-18T20:44:21.111+0000] {spark_submit.py:579} INFO - 24/11/18 20:44:21 INFO TaskSetManager: Starting task 0.0 in stage 0.0 (TID 0) (172.18.0.5, executor 0, partition 0, PROCESS_LOCAL, 7738 bytes)
[2024-11-18T20:44:21.339+0000] {spark_submit.py:579} INFO - 24/11/18 20:44:21 INFO BlockManagerInfo: Added broadcast_0_piece0 in memory on 172.18.0.5:34161 (size: 6.8 KiB, free: 434.4 MiB)
[2024-11-18T20:44:22.446+0000] {spark_submit.py:579} INFO - 24/11/18 20:44:22 INFO TaskSetManager: Finished task 0.0 in stage 0.0 (TID 0) in 1355 ms on 172.18.0.5 (executor 0) (1/1)
[2024-11-18T20:44:22.448+0000] {spark_submit.py:579} INFO - 24/11/18 20:44:22 INFO TaskSchedulerImpl: Removed TaskSet 0.0, whose tasks have all completed, from pool
[2024-11-18T20:44:22.452+0000] {spark_submit.py:579} INFO - 24/11/18 20:44:22 INFO PythonAccumulatorV2: Connected to AccumulatorServer at host: 127.0.0.1 port: 46323
[2024-11-18T20:44:22.455+0000] {spark_submit.py:579} INFO - 24/11/18 20:44:22 INFO DAGScheduler: ResultStage 0 (showString at NativeMethodAccessorImpl.java:0) finished in 48.676 s
[2024-11-18T20:44:22.457+0000] {spark_submit.py:579} INFO - 24/11/18 20:44:22 INFO DAGScheduler: Job 0 is finished. Cancelling potential speculative or zombie tasks for this job
[2024-11-18T20:44:22.457+0000] {spark_submit.py:579} INFO - 24/11/18 20:44:22 INFO TaskSchedulerImpl: Killing all running tasks in stage 0: Stage finished
[2024-11-18T20:44:22.459+0000] {spark_submit.py:579} INFO - 24/11/18 20:44:22 INFO DAGScheduler: Job 0 finished: showString at NativeMethodAccessorImpl.java:0, took 48.813520 s
[2024-11-18T20:44:22.470+0000] {spark_submit.py:579} INFO - 24/11/18 20:44:22 INFO SparkContext: Starting job: showString at NativeMethodAccessorImpl.java:0
[2024-11-18T20:44:22.471+0000] {spark_submit.py:579} INFO - 24/11/18 20:44:22 INFO DAGScheduler: Got job 1 (showString at NativeMethodAccessorImpl.java:0) with 1 output partitions
[2024-11-18T20:44:22.472+0000] {spark_submit.py:579} INFO - 24/11/18 20:44:22 INFO DAGScheduler: Final stage: ResultStage 1 (showString at NativeMethodAccessorImpl.java:0)
[2024-11-18T20:44:22.473+0000] {spark_submit.py:579} INFO - 24/11/18 20:44:22 INFO DAGScheduler: Parents of final stage: List()
[2024-11-18T20:44:22.473+0000] {spark_submit.py:579} INFO - 24/11/18 20:44:22 INFO DAGScheduler: Missing parents: List()
[2024-11-18T20:44:22.474+0000] {spark_submit.py:579} INFO - 24/11/18 20:44:22 INFO DAGScheduler: Submitting ResultStage 1 (MapPartitionsRDD[6] at showString at NativeMethodAccessorImpl.java:0), which has no missing parents
[2024-11-18T20:44:22.477+0000] {spark_submit.py:579} INFO - 24/11/18 20:44:22 INFO MemoryStore: Block broadcast_1 stored as values in memory (estimated size 13.1 KiB, free 434.4 MiB)
[2024-11-18T20:44:22.479+0000] {spark_submit.py:579} INFO - 24/11/18 20:44:22 INFO MemoryStore: Block broadcast_1_piece0 stored as bytes in memory (estimated size 6.8 KiB, free 434.4 MiB)
[2024-11-18T20:44:22.480+0000] {spark_submit.py:579} INFO - 24/11/18 20:44:22 INFO BlockManagerInfo: Added broadcast_1_piece0 in memory on 303af52bf48c:41493 (size: 6.8 KiB, free: 434.4 MiB)
[2024-11-18T20:44:22.481+0000] {spark_submit.py:579} INFO - 24/11/18 20:44:22 INFO SparkContext: Created broadcast 1 from broadcast at DAGScheduler.scala:1585
[2024-11-18T20:44:22.482+0000] {spark_submit.py:579} INFO - 24/11/18 20:44:22 INFO DAGScheduler: Submitting 1 missing tasks from ResultStage 1 (MapPartitionsRDD[6] at showString at NativeMethodAccessorImpl.java:0) (first 15 tasks are for partitions Vector(1))
[2024-11-18T20:44:22.483+0000] {spark_submit.py:579} INFO - 24/11/18 20:44:22 INFO TaskSchedulerImpl: Adding task set 1.0 with 1 tasks resource profile 0
[2024-11-18T20:44:22.485+0000] {spark_submit.py:579} INFO - 24/11/18 20:44:22 INFO TaskSetManager: Starting task 0.0 in stage 1.0 (TID 1) (172.18.0.6, executor 1, partition 1, PROCESS_LOCAL, 7725 bytes)
[2024-11-18T20:44:22.709+0000] {spark_submit.py:579} INFO - 24/11/18 20:44:22 INFO BlockManagerInfo: Added broadcast_1_piece0 in memory on 172.18.0.6:36061 (size: 6.8 KiB, free: 434.4 MiB)
[2024-11-18T20:44:23.838+0000] {spark_submit.py:579} INFO - 24/11/18 20:44:23 INFO TaskSetManager: Finished task 0.0 in stage 1.0 (TID 1) in 1354 ms on 172.18.0.6 (executor 1) (1/1)
[2024-11-18T20:44:23.839+0000] {spark_submit.py:579} INFO - 24/11/18 20:44:23 INFO TaskSchedulerImpl: Removed TaskSet 1.0, whose tasks have all completed, from pool
[2024-11-18T20:44:23.840+0000] {spark_submit.py:579} INFO - 24/11/18 20:44:23 INFO DAGScheduler: ResultStage 1 (showString at NativeMethodAccessorImpl.java:0) finished in 1.366 s
[2024-11-18T20:44:23.841+0000] {spark_submit.py:579} INFO - 24/11/18 20:44:23 INFO DAGScheduler: Job 1 is finished. Cancelling potential speculative or zombie tasks for this job
[2024-11-18T20:44:23.841+0000] {spark_submit.py:579} INFO - 24/11/18 20:44:23 INFO TaskSchedulerImpl: Killing all running tasks in stage 1: Stage finished
[2024-11-18T20:44:23.841+0000] {spark_submit.py:579} INFO - 24/11/18 20:44:23 INFO DAGScheduler: Job 1 finished: showString at NativeMethodAccessorImpl.java:0, took 1.371275 s
[2024-11-18T20:44:24.450+0000] {spark_submit.py:579} INFO - 24/11/18 20:44:24 INFO BlockManagerInfo: Removed broadcast_1_piece0 on 303af52bf48c:41493 in memory (size: 6.8 KiB, free: 434.4 MiB)
[2024-11-18T20:44:24.456+0000] {spark_submit.py:579} INFO - 24/11/18 20:44:24 INFO BlockManagerInfo: Removed broadcast_1_piece0 on 172.18.0.6:36061 in memory (size: 6.8 KiB, free: 434.4 MiB)
[2024-11-18T20:44:24.473+0000] {spark_submit.py:579} INFO - 24/11/18 20:44:24 INFO BlockManagerInfo: Removed broadcast_0_piece0 on 303af52bf48c:41493 in memory (size: 6.8 KiB, free: 434.4 MiB)
[2024-11-18T20:44:24.486+0000] {spark_submit.py:579} INFO - 24/11/18 20:44:24 INFO BlockManagerInfo: Removed broadcast_0_piece0 on 172.18.0.5:34161 in memory (size: 6.8 KiB, free: 434.4 MiB)
[2024-11-18T20:44:24.685+0000] {spark_submit.py:579} INFO - 24/11/18 20:44:24 INFO CodeGenerator: Code generated in 19.190159 ms
[2024-11-18T20:44:24.694+0000] {spark_submit.py:579} INFO - +-------------+----------------+---------+
[2024-11-18T20:44:24.695+0000] {spark_submit.py:579} INFO - |Name         |Application Type|Use Count|
[2024-11-18T20:44:24.696+0000] {spark_submit.py:579} INFO - +-------------+----------------+---------+
[2024-11-18T20:44:24.696+0000] {spark_submit.py:579} INFO - |Joe Dou      |Social networks |120      |
[2024-11-18T20:44:24.697+0000] {spark_submit.py:579} INFO - |Masha Pupkina|Games           |85       |
[2024-11-18T20:44:24.697+0000] {spark_submit.py:579} INFO - |Alice Smith  |Social networks |90       |
[2024-11-18T20:44:24.697+0000] {spark_submit.py:579} INFO - |Ivan Ivanov  |Productivity    |60       |
[2024-11-18T20:44:24.698+0000] {spark_submit.py:579} INFO - |Donatello    |Games           |110      |
[2024-11-18T20:44:24.698+0000] {spark_submit.py:579} INFO - |Raphael      |Finances        |25       |
[2024-11-18T20:44:24.698+0000] {spark_submit.py:579} INFO - |Splinter     |Shoping         |50       |
[2024-11-18T20:44:24.698+0000] {spark_submit.py:579} INFO - |Mickianjelo  |Sport           |61       |
[2024-11-18T20:44:24.699+0000] {spark_submit.py:579} INFO - +-------------+----------------+---------+
[2024-11-18T20:44:24.699+0000] {spark_submit.py:579} INFO - 
[2024-11-18T20:44:25.031+0000] {spark_submit.py:579} INFO - 24/11/18 20:44:25 INFO CodeGenerator: Code generated in 71.47126 ms
[2024-11-18T20:44:25.083+0000] {spark_submit.py:579} INFO - 24/11/18 20:44:25 INFO DAGScheduler: Registering RDD 8 (showString at NativeMethodAccessorImpl.java:0) as input to shuffle 0
[2024-11-18T20:44:25.087+0000] {spark_submit.py:579} INFO - 24/11/18 20:44:25 INFO DAGScheduler: Got map stage job 2 (showString at NativeMethodAccessorImpl.java:0) with 2 output partitions
[2024-11-18T20:44:25.087+0000] {spark_submit.py:579} INFO - 24/11/18 20:44:25 INFO DAGScheduler: Final stage: ShuffleMapStage 2 (showString at NativeMethodAccessorImpl.java:0)
[2024-11-18T20:44:25.088+0000] {spark_submit.py:579} INFO - 24/11/18 20:44:25 INFO DAGScheduler: Parents of final stage: List()
[2024-11-18T20:44:25.088+0000] {spark_submit.py:579} INFO - 24/11/18 20:44:25 INFO DAGScheduler: Missing parents: List()
[2024-11-18T20:44:25.090+0000] {spark_submit.py:579} INFO - 24/11/18 20:44:25 INFO DAGScheduler: Submitting ShuffleMapStage 2 (MapPartitionsRDD[8] at showString at NativeMethodAccessorImpl.java:0), which has no missing parents
[2024-11-18T20:44:25.100+0000] {spark_submit.py:579} INFO - 24/11/18 20:44:25 INFO MemoryStore: Block broadcast_2 stored as values in memory (estimated size 41.1 KiB, free 434.4 MiB)
[2024-11-18T20:44:25.101+0000] {spark_submit.py:579} INFO - 24/11/18 20:44:25 INFO MemoryStore: Block broadcast_2_piece0 stored as bytes in memory (estimated size 19.2 KiB, free 434.3 MiB)
[2024-11-18T20:44:25.102+0000] {spark_submit.py:579} INFO - 24/11/18 20:44:25 INFO BlockManagerInfo: Added broadcast_2_piece0 in memory on 303af52bf48c:41493 (size: 19.2 KiB, free: 434.4 MiB)
[2024-11-18T20:44:25.103+0000] {spark_submit.py:579} INFO - 24/11/18 20:44:25 INFO SparkContext: Created broadcast 2 from broadcast at DAGScheduler.scala:1585
[2024-11-18T20:44:25.105+0000] {spark_submit.py:579} INFO - 24/11/18 20:44:25 INFO DAGScheduler: Submitting 2 missing tasks from ShuffleMapStage 2 (MapPartitionsRDD[8] at showString at NativeMethodAccessorImpl.java:0) (first 15 tasks are for partitions Vector(0, 1))
[2024-11-18T20:44:25.105+0000] {spark_submit.py:579} INFO - 24/11/18 20:44:25 INFO TaskSchedulerImpl: Adding task set 2.0 with 2 tasks resource profile 0
[2024-11-18T20:44:25.108+0000] {spark_submit.py:579} INFO - 24/11/18 20:44:25 INFO TaskSetManager: Starting task 0.0 in stage 2.0 (TID 2) (172.18.0.6, executor 1, partition 0, PROCESS_LOCAL, 7727 bytes)
[2024-11-18T20:44:25.108+0000] {spark_submit.py:579} INFO - 24/11/18 20:44:25 INFO TaskSetManager: Starting task 1.0 in stage 2.0 (TID 3) (172.18.0.5, executor 0, partition 1, PROCESS_LOCAL, 7714 bytes)
[2024-11-18T20:44:25.134+0000] {spark_submit.py:579} INFO - 24/11/18 20:44:25 INFO BlockManagerInfo: Added broadcast_2_piece0 in memory on 172.18.0.5:34161 (size: 19.2 KiB, free: 434.4 MiB)
[2024-11-18T20:44:25.141+0000] {spark_submit.py:579} INFO - 24/11/18 20:44:25 INFO BlockManagerInfo: Added broadcast_2_piece0 in memory on 172.18.0.6:36061 (size: 19.2 KiB, free: 434.4 MiB)
[2024-11-18T20:44:26.001+0000] {spark_submit.py:579} INFO - 24/11/18 20:44:26 INFO TaskSetManager: Finished task 1.0 in stage 2.0 (TID 3) in 891 ms on 172.18.0.5 (executor 0) (1/2)
[2024-11-18T20:44:26.040+0000] {spark_submit.py:579} INFO - 24/11/18 20:44:26 INFO TaskSetManager: Finished task 0.0 in stage 2.0 (TID 2) in 933 ms on 172.18.0.6 (executor 1) (2/2)
[2024-11-18T20:44:26.042+0000] {spark_submit.py:579} INFO - 24/11/18 20:44:26 INFO TaskSchedulerImpl: Removed TaskSet 2.0, whose tasks have all completed, from pool
[2024-11-18T20:44:26.044+0000] {spark_submit.py:579} INFO - 24/11/18 20:44:26 INFO DAGScheduler: ShuffleMapStage 2 (showString at NativeMethodAccessorImpl.java:0) finished in 0.951 s
[2024-11-18T20:44:26.046+0000] {spark_submit.py:579} INFO - 24/11/18 20:44:26 INFO DAGScheduler: looking for newly runnable stages
[2024-11-18T20:44:26.048+0000] {spark_submit.py:579} INFO - 24/11/18 20:44:26 INFO DAGScheduler: running: Set()
[2024-11-18T20:44:26.049+0000] {spark_submit.py:579} INFO - 24/11/18 20:44:26 INFO DAGScheduler: waiting: Set()
[2024-11-18T20:44:26.065+0000] {spark_submit.py:579} INFO - 24/11/18 20:44:26 INFO DAGScheduler: failed: Set()
[2024-11-18T20:44:26.091+0000] {spark_submit.py:579} INFO - 24/11/18 20:44:26 INFO ShufflePartitionsUtil: For shuffle(0), advisory target size: 67108864, actual target size 1048576, minimum partition size: 1048576
[2024-11-18T20:44:26.117+0000] {spark_submit.py:579} INFO - 24/11/18 20:44:26 INFO HashAggregateExec: spark.sql.codegen.aggregate.map.twolevel.enabled is set to true, but current version of codegened fast hashmap does not support this aggregate.
[2024-11-18T20:44:26.158+0000] {spark_submit.py:579} INFO - 24/11/18 20:44:26 INFO CodeGenerator: Code generated in 27.553801 ms
[2024-11-18T20:44:26.211+0000] {spark_submit.py:579} INFO - 24/11/18 20:44:26 INFO SparkContext: Starting job: showString at NativeMethodAccessorImpl.java:0
[2024-11-18T20:44:26.211+0000] {spark_submit.py:579} INFO - 24/11/18 20:44:26 INFO DAGScheduler: Got job 3 (showString at NativeMethodAccessorImpl.java:0) with 1 output partitions
[2024-11-18T20:44:26.212+0000] {spark_submit.py:579} INFO - 24/11/18 20:44:26 INFO DAGScheduler: Final stage: ResultStage 4 (showString at NativeMethodAccessorImpl.java:0)
[2024-11-18T20:44:26.213+0000] {spark_submit.py:579} INFO - 24/11/18 20:44:26 INFO DAGScheduler: Parents of final stage: List(ShuffleMapStage 3)
[2024-11-18T20:44:26.214+0000] {spark_submit.py:579} INFO - 24/11/18 20:44:26 INFO DAGScheduler: Missing parents: List()
[2024-11-18T20:44:26.214+0000] {spark_submit.py:579} INFO - 24/11/18 20:44:26 INFO DAGScheduler: Submitting ResultStage 4 (MapPartitionsRDD[11] at showString at NativeMethodAccessorImpl.java:0), which has no missing parents
[2024-11-18T20:44:26.219+0000] {spark_submit.py:579} INFO - 24/11/18 20:44:26 INFO MemoryStore: Block broadcast_3 stored as values in memory (estimated size 44.1 KiB, free 434.3 MiB)
[2024-11-18T20:44:26.223+0000] {spark_submit.py:579} INFO - 24/11/18 20:44:26 INFO MemoryStore: Block broadcast_3_piece0 stored as bytes in memory (estimated size 20.8 KiB, free 434.3 MiB)
[2024-11-18T20:44:26.224+0000] {spark_submit.py:579} INFO - 24/11/18 20:44:26 INFO BlockManagerInfo: Added broadcast_3_piece0 in memory on 303af52bf48c:41493 (size: 20.8 KiB, free: 434.4 MiB)
[2024-11-18T20:44:26.224+0000] {spark_submit.py:579} INFO - 24/11/18 20:44:26 INFO SparkContext: Created broadcast 3 from broadcast at DAGScheduler.scala:1585
[2024-11-18T20:44:26.227+0000] {spark_submit.py:579} INFO - 24/11/18 20:44:26 INFO DAGScheduler: Submitting 1 missing tasks from ResultStage 4 (MapPartitionsRDD[11] at showString at NativeMethodAccessorImpl.java:0) (first 15 tasks are for partitions Vector(0))
[2024-11-18T20:44:26.228+0000] {spark_submit.py:579} INFO - 24/11/18 20:44:26 INFO TaskSchedulerImpl: Adding task set 4.0 with 1 tasks resource profile 0
[2024-11-18T20:44:26.234+0000] {spark_submit.py:579} INFO - 24/11/18 20:44:26 INFO TaskSetManager: Starting task 0.0 in stage 4.0 (TID 4) (172.18.0.5, executor 0, partition 0, NODE_LOCAL, 7619 bytes)
[2024-11-18T20:44:26.265+0000] {spark_submit.py:579} INFO - 24/11/18 20:44:26 INFO BlockManagerInfo: Added broadcast_3_piece0 in memory on 172.18.0.5:34161 (size: 20.8 KiB, free: 434.4 MiB)
[2024-11-18T20:44:26.357+0000] {spark_submit.py:579} INFO - 24/11/18 20:44:26 INFO MapOutputTrackerMasterEndpoint: Asked to send map output locations for shuffle 0 to 172.18.0.5:37246
[2024-11-18T20:44:26.585+0000] {spark_submit.py:579} INFO - 24/11/18 20:44:26 INFO TaskSetManager: Finished task 0.0 in stage 4.0 (TID 4) in 352 ms on 172.18.0.5 (executor 0) (1/1)
[2024-11-18T20:44:26.586+0000] {spark_submit.py:579} INFO - 24/11/18 20:44:26 INFO TaskSchedulerImpl: Removed TaskSet 4.0, whose tasks have all completed, from pool
[2024-11-18T20:44:26.593+0000] {spark_submit.py:579} INFO - 24/11/18 20:44:26 INFO DAGScheduler: ResultStage 4 (showString at NativeMethodAccessorImpl.java:0) finished in 0.376 s
[2024-11-18T20:44:26.596+0000] {spark_submit.py:579} INFO - 24/11/18 20:44:26 INFO DAGScheduler: Job 3 is finished. Cancelling potential speculative or zombie tasks for this job
[2024-11-18T20:44:26.597+0000] {spark_submit.py:579} INFO - 24/11/18 20:44:26 INFO TaskSchedulerImpl: Killing all running tasks in stage 4: Stage finished
[2024-11-18T20:44:26.597+0000] {spark_submit.py:579} INFO - 24/11/18 20:44:26 INFO DAGScheduler: Job 3 finished: showString at NativeMethodAccessorImpl.java:0, took 0.393801 s
[2024-11-18T20:44:26.613+0000] {spark_submit.py:579} INFO - 24/11/18 20:44:26 INFO CodeGenerator: Code generated in 10.634952 ms
[2024-11-18T20:44:26.632+0000] {spark_submit.py:579} INFO - +----------------+-------------------+
[2024-11-18T20:44:26.633+0000] {spark_submit.py:579} INFO - |Application Type|Average Usage Count|
[2024-11-18T20:44:26.634+0000] {spark_submit.py:579} INFO - +----------------+-------------------+
[2024-11-18T20:44:26.634+0000] {spark_submit.py:579} INFO - |Shoping         |50.0               |
[2024-11-18T20:44:26.635+0000] {spark_submit.py:579} INFO - |Games           |97.5               |
[2024-11-18T20:44:26.635+0000] {spark_submit.py:579} INFO - |Finances        |25.0               |
[2024-11-18T20:44:26.635+0000] {spark_submit.py:579} INFO - |Sport           |61.0               |
[2024-11-18T20:44:26.636+0000] {spark_submit.py:579} INFO - |Social networks |105.0              |
[2024-11-18T20:44:26.636+0000] {spark_submit.py:579} INFO - |Productivity    |60.0               |
[2024-11-18T20:44:26.637+0000] {spark_submit.py:579} INFO - +----------------+-------------------+
[2024-11-18T20:44:26.637+0000] {spark_submit.py:579} INFO - 
[2024-11-18T20:44:26.637+0000] {spark_submit.py:579} INFO - 24/11/18 20:44:26 INFO SparkContext: SparkContext is stopping with exitCode 0.
[2024-11-18T20:44:26.651+0000] {spark_submit.py:579} INFO - 24/11/18 20:44:26 INFO SparkUI: Stopped Spark web UI at http://303af52bf48c:4044
[2024-11-18T20:44:26.656+0000] {spark_submit.py:579} INFO - 24/11/18 20:44:26 INFO StandaloneSchedulerBackend: Shutting down all executors
[2024-11-18T20:44:26.658+0000] {spark_submit.py:579} INFO - 24/11/18 20:44:26 INFO StandaloneSchedulerBackend$StandaloneDriverEndpoint: Asking each executor to shut down
[2024-11-18T20:44:26.716+0000] {spark_submit.py:579} INFO - 24/11/18 20:44:26 INFO MapOutputTrackerMasterEndpoint: MapOutputTrackerMasterEndpoint stopped!
[2024-11-18T20:44:26.794+0000] {spark_submit.py:579} INFO - 24/11/18 20:44:26 INFO MemoryStore: MemoryStore cleared
[2024-11-18T20:44:26.796+0000] {spark_submit.py:579} INFO - 24/11/18 20:44:26 INFO BlockManager: BlockManager stopped
[2024-11-18T20:44:26.799+0000] {spark_submit.py:579} INFO - 24/11/18 20:44:26 INFO BlockManagerMaster: BlockManagerMaster stopped
[2024-11-18T20:44:26.802+0000] {spark_submit.py:579} INFO - 24/11/18 20:44:26 INFO OutputCommitCoordinator$OutputCommitCoordinatorEndpoint: OutputCommitCoordinator stopped!
[2024-11-18T20:44:26.817+0000] {spark_submit.py:579} INFO - 24/11/18 20:44:26 INFO SparkContext: Successfully stopped SparkContext
[2024-11-18T20:44:27.944+0000] {spark_submit.py:579} INFO - 24/11/18 20:44:27 INFO ShutdownHookManager: Shutdown hook called
[2024-11-18T20:44:27.946+0000] {spark_submit.py:579} INFO - 24/11/18 20:44:27 INFO ShutdownHookManager: Deleting directory /tmp/spark-1ecc448e-8a8c-4f88-9643-5316b7234715
[2024-11-18T20:44:27.951+0000] {spark_submit.py:579} INFO - 24/11/18 20:44:27 INFO ShutdownHookManager: Deleting directory /tmp/spark-87dcdd41-0576-4987-9269-0bb47eb4118b
[2024-11-18T20:44:27.962+0000] {spark_submit.py:579} INFO - 24/11/18 20:44:27 INFO ShutdownHookManager: Deleting directory /tmp/spark-87dcdd41-0576-4987-9269-0bb47eb4118b/pyspark-aed9f0bf-ece6-4a54-a1ce-6bbe198c7aa2
[2024-11-18T20:44:28.061+0000] {taskinstance.py:441} INFO - ::group::Post task execution logs
[2024-11-18T20:44:28.080+0000] {taskinstance.py:1206} INFO - Marking task as SUCCESS. dag_id=spark_job, task_id=spark_task, run_id=manual__2024-11-18T20:40:03.857836+00:00, execution_date=20241118T204003, start_date=20241118T204022, end_date=20241118T204428
[2024-11-18T20:44:28.182+0000] {local_task_job_runner.py:243} INFO - Task exited with return code 0
[2024-11-18T20:44:28.223+0000] {taskinstance.py:3503} INFO - 0 downstream tasks scheduled from follow-on schedule check
[2024-11-18T20:44:28.229+0000] {local_task_job_runner.py:222} INFO - ::endgroup::
