[2024-11-18T20:40:31.793+0000] {local_task_job_runner.py:120} INFO - ::group::Pre task execution logs
[2024-11-18T20:40:31.840+0000] {taskinstance.py:2076} INFO - Dependencies all met for dep_context=non-requeueable deps ti=<TaskInstance: spark_job.spark_task manual__2024-11-18T20:40:10.662167+00:00 [queued]>
[2024-11-18T20:40:31.857+0000] {taskinstance.py:2076} INFO - Dependencies all met for dep_context=requeueable deps ti=<TaskInstance: spark_job.spark_task manual__2024-11-18T20:40:10.662167+00:00 [queued]>
[2024-11-18T20:40:31.859+0000] {taskinstance.py:2306} INFO - Starting attempt 1 of 2
[2024-11-18T20:40:31.890+0000] {taskinstance.py:2330} INFO - Executing <Task(SparkSubmitOperator): spark_task> on 2024-11-18 20:40:10.662167+00:00
[2024-11-18T20:40:31.905+0000] {standard_task_runner.py:64} INFO - Started process 5318 to run task
[2024-11-18T20:40:31.908+0000] {standard_task_runner.py:90} INFO - Running: ['***', 'tasks', 'run', 'spark_job', 'spark_task', 'manual__2024-11-18T20:40:10.662167+00:00', '--job-id', '33', '--raw', '--subdir', 'DAGS_FOLDER/spark_dag.py', '--cfg-path', '/tmp/tmpl31d5a36']
[2024-11-18T20:40:31.914+0000] {standard_task_runner.py:91} INFO - Job 33: Subtask spark_task
[2024-11-18T20:40:32.012+0000] {task_command.py:426} INFO - Running <TaskInstance: spark_job.spark_task manual__2024-11-18T20:40:10.662167+00:00 [running]> on host 303af52bf48c
[2024-11-18T20:40:32.343+0000] {taskinstance.py:2648} INFO - Exporting env vars: AIRFLOW_CTX_DAG_OWNER='***' AIRFLOW_CTX_DAG_ID='spark_job' AIRFLOW_CTX_TASK_ID='spark_task' AIRFLOW_CTX_EXECUTION_DATE='2024-11-18T20:40:10.662167+00:00' AIRFLOW_CTX_TRY_NUMBER='1' AIRFLOW_CTX_DAG_RUN_ID='manual__2024-11-18T20:40:10.662167+00:00'
[2024-11-18T20:40:32.356+0000] {taskinstance.py:430} INFO - ::endgroup::
[2024-11-18T20:40:32.386+0000] {base.py:84} INFO - Using connection ID 'spark_default' for task execution.
[2024-11-18T20:40:32.390+0000] {spark_submit.py:403} INFO - Spark-Submit cmd: spark-submit --master spark://spark:7077 --name arrow-spark --deploy-mode client /opt/***/dags/spark_job.py
[2024-11-18T20:41:05.571+0000] {job.py:218} ERROR - Job heartbeat got an exception
Traceback (most recent call last):
  File "/home/airflow/.local/lib/python3.11/site-packages/sqlalchemy/engine/base.py", line 3371, in _wrap_pool_connect
    return fn()
           ^^^^
  File "/home/airflow/.local/lib/python3.11/site-packages/sqlalchemy/pool/base.py", line 327, in connect
    return _ConnectionFairy._checkout(self)
           ^^^^^^^^^^^^^^^^^^^^^^^^^^^^^^^^
  File "/home/airflow/.local/lib/python3.11/site-packages/sqlalchemy/pool/base.py", line 894, in _checkout
    fairy = _ConnectionRecord.checkout(pool)
            ^^^^^^^^^^^^^^^^^^^^^^^^^^^^^^^^
  File "/home/airflow/.local/lib/python3.11/site-packages/sqlalchemy/pool/base.py", line 493, in checkout
    rec = pool._do_get()
          ^^^^^^^^^^^^^^
  File "/home/airflow/.local/lib/python3.11/site-packages/sqlalchemy/pool/impl.py", line 256, in _do_get
    return self._create_connection()
           ^^^^^^^^^^^^^^^^^^^^^^^^^
  File "/home/airflow/.local/lib/python3.11/site-packages/sqlalchemy/pool/base.py", line 273, in _create_connection
    return _ConnectionRecord(self)
           ^^^^^^^^^^^^^^^^^^^^^^^
  File "/home/airflow/.local/lib/python3.11/site-packages/sqlalchemy/pool/base.py", line 388, in __init__
    self.__connect()
  File "/home/airflow/.local/lib/python3.11/site-packages/sqlalchemy/pool/base.py", line 690, in __connect
    with util.safe_reraise():
  File "/home/airflow/.local/lib/python3.11/site-packages/sqlalchemy/util/langhelpers.py", line 70, in __exit__
    compat.raise_(
  File "/home/airflow/.local/lib/python3.11/site-packages/sqlalchemy/util/compat.py", line 211, in raise_
    raise exception
  File "/home/airflow/.local/lib/python3.11/site-packages/sqlalchemy/pool/base.py", line 686, in __connect
    self.dbapi_connection = connection = pool._invoke_creator(self)
                                         ^^^^^^^^^^^^^^^^^^^^^^^^^^
  File "/home/airflow/.local/lib/python3.11/site-packages/sqlalchemy/engine/create.py", line 574, in connect
    return dialect.connect(*cargs, **cparams)
           ^^^^^^^^^^^^^^^^^^^^^^^^^^^^^^^^^^
  File "/home/airflow/.local/lib/python3.11/site-packages/sqlalchemy/engine/default.py", line 598, in connect
    return self.dbapi.connect(*cargs, **cparams)
           ^^^^^^^^^^^^^^^^^^^^^^^^^^^^^^^^^^^^^
  File "/home/airflow/.local/lib/python3.11/site-packages/psycopg2/__init__.py", line 122, in connect
    conn = _connect(dsn, connection_factory=connection_factory, **kwasync)
           ^^^^^^^^^^^^^^^^^^^^^^^^^^^^^^^^^^^^^^^^^^^^^^^^^^^^^^^^^^^^^^^
psycopg2.OperationalError: could not translate host name "postgres" to address: Temporary failure in name resolution


The above exception was the direct cause of the following exception:

Traceback (most recent call last):
  File "/home/airflow/.local/lib/python3.11/site-packages/airflow/jobs/job.py", line 213, in heartbeat
    heartbeat_callback(session)
  File "/home/airflow/.local/lib/python3.11/site-packages/airflow/utils/session.py", line 76, in wrapper
    return func(*args, **kwargs)
           ^^^^^^^^^^^^^^^^^^^^^
  File "/home/airflow/.local/lib/python3.11/site-packages/airflow/jobs/local_task_job_runner.py", line 261, in heartbeat_callback
    self.task_instance.refresh_from_db()
  File "/home/airflow/.local/lib/python3.11/site-packages/airflow/utils/session.py", line 79, in wrapper
    return func(*args, session=session, **kwargs)
           ^^^^^^^^^^^^^^^^^^^^^^^^^^^^^^^^^^^^^^
  File "/home/airflow/.local/lib/python3.11/site-packages/airflow/models/taskinstance.py", line 1821, in refresh_from_db
    _refresh_from_db(task_instance=self, session=session, lock_for_update=lock_for_update)
  File "/home/airflow/.local/lib/python3.11/site-packages/airflow/models/taskinstance.py", line 510, in _refresh_from_db
    ti = TaskInstance.get_task_instance(
         ^^^^^^^^^^^^^^^^^^^^^^^^^^^^^^^
  File "/home/airflow/.local/lib/python3.11/site-packages/airflow/api_internal/internal_api_call.py", line 115, in wrapper
    return func(*args, **kwargs)
           ^^^^^^^^^^^^^^^^^^^^^
  File "/home/airflow/.local/lib/python3.11/site-packages/airflow/utils/session.py", line 76, in wrapper
    return func(*args, **kwargs)
           ^^^^^^^^^^^^^^^^^^^^^
  File "/home/airflow/.local/lib/python3.11/site-packages/airflow/models/taskinstance.py", line 1807, in get_task_instance
    return query.one_or_none()
           ^^^^^^^^^^^^^^^^^^^
  File "/home/airflow/.local/lib/python3.11/site-packages/sqlalchemy/orm/query.py", line 2850, in one_or_none
    return self._iter().one_or_none()
           ^^^^^^^^^^^^
  File "/home/airflow/.local/lib/python3.11/site-packages/sqlalchemy/orm/query.py", line 2916, in _iter
    result = self.session.execute(
             ^^^^^^^^^^^^^^^^^^^^^
  File "/home/airflow/.local/lib/python3.11/site-packages/sqlalchemy/orm/session.py", line 1716, in execute
    conn = self._connection_for_bind(bind)
           ^^^^^^^^^^^^^^^^^^^^^^^^^^^^^^^
  File "/home/airflow/.local/lib/python3.11/site-packages/sqlalchemy/orm/session.py", line 1555, in _connection_for_bind
    return self._transaction._connection_for_bind(
           ^^^^^^^^^^^^^^^^^^^^^^^^^^^^^^^^^^^^^^^
  File "/home/airflow/.local/lib/python3.11/site-packages/sqlalchemy/orm/session.py", line 750, in _connection_for_bind
    conn = bind.connect()
           ^^^^^^^^^^^^^^
  File "/home/airflow/.local/lib/python3.11/site-packages/sqlalchemy/future/engine.py", line 412, in connect
    return super(Engine, self).connect()
           ^^^^^^^^^^^^^^^^^^^^^^^^^^^^^
  File "/home/airflow/.local/lib/python3.11/site-packages/sqlalchemy/engine/base.py", line 3325, in connect
    return self._connection_cls(self, close_with_result=close_with_result)
           ^^^^^^^^^^^^^^^^^^^^^^^^^^^^^^^^^^^^^^^^^^^^^^^^^^^^^^^^^^^^^^^
  File "/home/airflow/.local/lib/python3.11/site-packages/sqlalchemy/engine/base.py", line 96, in __init__
    else engine.raw_connection()
         ^^^^^^^^^^^^^^^^^^^^^^^
  File "/home/airflow/.local/lib/python3.11/site-packages/sqlalchemy/engine/base.py", line 3404, in raw_connection
    return self._wrap_pool_connect(self.pool.connect, _connection)
           ^^^^^^^^^^^^^^^^^^^^^^^^^^^^^^^^^^^^^^^^^^^^^^^^^^^^^^^
  File "/home/airflow/.local/lib/python3.11/site-packages/sqlalchemy/engine/base.py", line 3374, in _wrap_pool_connect
    Connection._handle_dbapi_exception_noconnection(
  File "/home/airflow/.local/lib/python3.11/site-packages/sqlalchemy/engine/base.py", line 2208, in _handle_dbapi_exception_noconnection
    util.raise_(
  File "/home/airflow/.local/lib/python3.11/site-packages/sqlalchemy/util/compat.py", line 211, in raise_
    raise exception
  File "/home/airflow/.local/lib/python3.11/site-packages/sqlalchemy/engine/base.py", line 3371, in _wrap_pool_connect
    return fn()
           ^^^^
  File "/home/airflow/.local/lib/python3.11/site-packages/sqlalchemy/pool/base.py", line 327, in connect
    return _ConnectionFairy._checkout(self)
           ^^^^^^^^^^^^^^^^^^^^^^^^^^^^^^^^
  File "/home/airflow/.local/lib/python3.11/site-packages/sqlalchemy/pool/base.py", line 894, in _checkout
    fairy = _ConnectionRecord.checkout(pool)
            ^^^^^^^^^^^^^^^^^^^^^^^^^^^^^^^^
  File "/home/airflow/.local/lib/python3.11/site-packages/sqlalchemy/pool/base.py", line 493, in checkout
    rec = pool._do_get()
          ^^^^^^^^^^^^^^
  File "/home/airflow/.local/lib/python3.11/site-packages/sqlalchemy/pool/impl.py", line 256, in _do_get
    return self._create_connection()
           ^^^^^^^^^^^^^^^^^^^^^^^^^
  File "/home/airflow/.local/lib/python3.11/site-packages/sqlalchemy/pool/base.py", line 273, in _create_connection
    return _ConnectionRecord(self)
           ^^^^^^^^^^^^^^^^^^^^^^^
  File "/home/airflow/.local/lib/python3.11/site-packages/sqlalchemy/pool/base.py", line 388, in __init__
    self.__connect()
  File "/home/airflow/.local/lib/python3.11/site-packages/sqlalchemy/pool/base.py", line 690, in __connect
    with util.safe_reraise():
  File "/home/airflow/.local/lib/python3.11/site-packages/sqlalchemy/util/langhelpers.py", line 70, in __exit__
    compat.raise_(
  File "/home/airflow/.local/lib/python3.11/site-packages/sqlalchemy/util/compat.py", line 211, in raise_
    raise exception
  File "/home/airflow/.local/lib/python3.11/site-packages/sqlalchemy/pool/base.py", line 686, in __connect
    self.dbapi_connection = connection = pool._invoke_creator(self)
                                         ^^^^^^^^^^^^^^^^^^^^^^^^^^
  File "/home/airflow/.local/lib/python3.11/site-packages/sqlalchemy/engine/create.py", line 574, in connect
    return dialect.connect(*cargs, **cparams)
           ^^^^^^^^^^^^^^^^^^^^^^^^^^^^^^^^^^
  File "/home/airflow/.local/lib/python3.11/site-packages/sqlalchemy/engine/default.py", line 598, in connect
    return self.dbapi.connect(*cargs, **cparams)
           ^^^^^^^^^^^^^^^^^^^^^^^^^^^^^^^^^^^^^
  File "/home/airflow/.local/lib/python3.11/site-packages/psycopg2/__init__.py", line 122, in connect
    conn = _connect(dsn, connection_factory=connection_factory, **kwasync)
           ^^^^^^^^^^^^^^^^^^^^^^^^^^^^^^^^^^^^^^^^^^^^^^^^^^^^^^^^^^^^^^^
sqlalchemy.exc.OperationalError: (psycopg2.OperationalError) could not translate host name "postgres" to address: Temporary failure in name resolution

(Background on this error at: https://sqlalche.me/e/14/e3q8)
[2024-11-18T20:41:05.632+0000] {job.py:221} ERROR - Job heartbeat failed with error. Scheduler may go into unhealthy state
[2024-11-18T20:42:16.630+0000] {spark_submit.py:579} INFO - 24/11/18 20:42:16 INFO SparkContext: Running Spark version 3.5.1
[2024-11-18T20:42:16.681+0000] {spark_submit.py:579} INFO - 24/11/18 20:42:16 INFO SparkContext: OS info Linux, 5.15.153.1-microsoft-standard-WSL2, amd64
[2024-11-18T20:42:16.693+0000] {spark_submit.py:579} INFO - 24/11/18 20:42:16 INFO SparkContext: Java version 17.0.12
[2024-11-18T20:42:19.467+0000] {job.py:221} ERROR - Job heartbeat failed with error. Scheduler may go into unhealthy state
[2024-11-18T20:42:20.649+0000] {spark_submit.py:579} INFO - 24/11/18 20:42:20 WARN NativeCodeLoader: Unable to load native-hadoop library for your platform... using builtin-java classes where applicable
[2024-11-18T20:42:21.260+0000] {spark_submit.py:579} INFO - 24/11/18 20:42:21 INFO ResourceUtils: ==============================================================
[2024-11-18T20:42:21.280+0000] {spark_submit.py:579} INFO - 24/11/18 20:42:21 INFO ResourceUtils: No custom resources configured for spark.driver.
[2024-11-18T20:42:21.282+0000] {spark_submit.py:579} INFO - 24/11/18 20:42:21 INFO ResourceUtils: ==============================================================
[2024-11-18T20:42:21.283+0000] {spark_submit.py:579} INFO - 24/11/18 20:42:21 INFO SparkContext: Submitted application: Airflow Spark Job
[2024-11-18T20:42:21.377+0000] {spark_submit.py:579} INFO - 24/11/18 20:42:21 INFO ResourceProfile: Default ResourceProfile created, executor resources: Map(memory -> name: memory, amount: 1024, script: , vendor: , offHeap -> name: offHeap, amount: 0, script: , vendor: ), task resources: Map(cpus -> name: cpus, amount: 1.0)
[2024-11-18T20:42:21.420+0000] {spark_submit.py:579} INFO - 24/11/18 20:42:21 INFO ResourceProfile: Limiting resource is cpu
[2024-11-18T20:42:21.444+0000] {spark_submit.py:579} INFO - 24/11/18 20:42:21 INFO ResourceProfileManager: Added ResourceProfile id: 0
[2024-11-18T20:42:30.683+0000] {spark_submit.py:579} INFO - 24/11/18 20:42:30 INFO SecurityManager: Changing view acls to: ***
[2024-11-18T20:42:30.701+0000] {spark_submit.py:579} INFO - 24/11/18 20:42:30 INFO SecurityManager: Changing modify acls to: ***
[2024-11-18T20:42:30.703+0000] {spark_submit.py:579} INFO - 24/11/18 20:42:30 INFO SecurityManager: Changing view acls groups to:
[2024-11-18T20:42:30.704+0000] {spark_submit.py:579} INFO - 24/11/18 20:42:30 INFO SecurityManager: Changing modify acls groups to:
[2024-11-18T20:42:30.704+0000] {spark_submit.py:579} INFO - 24/11/18 20:42:30 INFO SecurityManager: SecurityManager: authentication disabled; ui acls disabled; users with view permissions: ***; groups with view permissions: EMPTY; users with modify permissions: ***; groups with modify permissions: EMPTY
[2024-11-18T20:42:47.708+0000] {spark_submit.py:579} INFO - 24/11/18 20:42:47 INFO Utils: Successfully started service 'sparkDriver' on port 33345.
[2024-11-18T20:42:47.912+0000] {spark_submit.py:579} INFO - 24/11/18 20:42:47 INFO SparkEnv: Registering MapOutputTracker
[2024-11-18T20:42:49.749+0000] {spark_submit.py:579} INFO - 24/11/18 20:42:49 INFO SparkEnv: Registering BlockManagerMaster
[2024-11-18T20:42:57.162+0000] {job.py:226} ERROR - Job heartbeat failed with error. Scheduler is in unhealthy state
[2024-11-18T20:43:13.479+0000] {spark_submit.py:579} INFO - 24/11/18 20:43:13 INFO BlockManagerMasterEndpoint: Using org.apache.spark.storage.DefaultTopologyMapper for getting topology information
[2024-11-18T20:43:13.503+0000] {spark_submit.py:579} INFO - 24/11/18 20:43:13 INFO BlockManagerMasterEndpoint: BlockManagerMasterEndpoint up
[2024-11-18T20:43:13.526+0000] {spark_submit.py:579} INFO - 24/11/18 20:43:13 INFO SparkEnv: Registering BlockManagerMasterHeartbeat
[2024-11-18T20:43:13.811+0000] {spark_submit.py:579} INFO - 24/11/18 20:43:13 INFO DiskBlockManager: Created local directory at /tmp/blockmgr-886f8b5c-d84b-49e6-817f-89d419b77858
[2024-11-18T20:43:20.150+0000] {spark_submit.py:579} INFO - 24/11/18 20:43:20 INFO MemoryStore: MemoryStore started with capacity 434.4 MiB
[2024-11-18T20:43:20.823+0000] {spark_submit.py:579} INFO - 24/11/18 20:43:20 INFO SparkEnv: Registering OutputCommitCoordinator
[2024-11-18T20:43:25.531+0000] {spark_submit.py:579} INFO - 24/11/18 20:43:25 INFO JettyUtils: Start Jetty 0.0.0.0:4040 for SparkUI
[2024-11-18T20:43:26.058+0000] {spark_submit.py:579} INFO - 24/11/18 20:43:26 WARN Utils: Service 'SparkUI' could not bind on port 4040. Attempting port 4041.
[2024-11-18T20:43:26.071+0000] {spark_submit.py:579} INFO - 24/11/18 20:43:26 WARN Utils: Service 'SparkUI' could not bind on port 4041. Attempting port 4042.
[2024-11-18T20:43:26.072+0000] {spark_submit.py:579} INFO - 24/11/18 20:43:26 WARN Utils: Service 'SparkUI' could not bind on port 4042. Attempting port 4043.
[2024-11-18T20:43:26.081+0000] {spark_submit.py:579} INFO - 24/11/18 20:43:26 WARN Utils: Service 'SparkUI' could not bind on port 4043. Attempting port 4044.
[2024-11-18T20:43:26.082+0000] {spark_submit.py:579} INFO - 24/11/18 20:43:26 WARN Utils: Service 'SparkUI' could not bind on port 4044. Attempting port 4045.
[2024-11-18T20:43:26.087+0000] {spark_submit.py:579} INFO - 24/11/18 20:43:26 WARN Utils: Service 'SparkUI' could not bind on port 4045. Attempting port 4046.
[2024-11-18T20:43:26.122+0000] {spark_submit.py:579} INFO - 24/11/18 20:43:26 WARN Utils: Service 'SparkUI' could not bind on port 4046. Attempting port 4047.
[2024-11-18T20:43:26.150+0000] {spark_submit.py:579} INFO - 24/11/18 20:43:26 INFO Utils: Successfully started service 'SparkUI' on port 4047.
[2024-11-18T20:43:27.390+0000] {spark_submit.py:579} INFO - 24/11/18 20:43:27 INFO StandaloneAppClient$ClientEndpoint: Connecting to master spark://spark:7077...
[2024-11-18T20:43:27.869+0000] {spark_submit.py:579} INFO - 24/11/18 20:43:27 INFO TransportClientFactory: Successfully created connection to spark/172.18.0.4:7077 after 315 ms (0 ms spent in bootstraps)
[2024-11-18T20:43:28.566+0000] {spark_submit.py:579} INFO - 24/11/18 20:43:28 INFO StandaloneSchedulerBackend: Connected to Spark cluster with app ID app-20241118204328-0030
[2024-11-18T20:43:28.587+0000] {spark_submit.py:579} INFO - 24/11/18 20:43:28 INFO Utils: Successfully started service 'org.apache.spark.network.netty.NettyBlockTransferService' on port 33597.
[2024-11-18T20:43:28.589+0000] {spark_submit.py:579} INFO - 24/11/18 20:43:28 INFO NettyBlockTransferService: Server created on 303af52bf48c:33597
[2024-11-18T20:43:28.595+0000] {spark_submit.py:579} INFO - 24/11/18 20:43:28 INFO BlockManager: Using org.apache.spark.storage.RandomBlockReplicationPolicy for block replication policy
[2024-11-18T20:43:28.649+0000] {spark_submit.py:579} INFO - 24/11/18 20:43:28 INFO BlockManagerMaster: Registering BlockManager BlockManagerId(driver, 303af52bf48c, 33597, None)
[2024-11-18T20:43:28.658+0000] {spark_submit.py:579} INFO - 24/11/18 20:43:28 INFO BlockManagerMasterEndpoint: Registering block manager 303af52bf48c:33597 with 434.4 MiB RAM, BlockManagerId(driver, 303af52bf48c, 33597, None)
[2024-11-18T20:43:28.662+0000] {spark_submit.py:579} INFO - 24/11/18 20:43:28 INFO BlockManagerMaster: Registered BlockManager BlockManagerId(driver, 303af52bf48c, 33597, None)
[2024-11-18T20:43:28.665+0000] {spark_submit.py:579} INFO - 24/11/18 20:43:28 INFO BlockManager: Initialized BlockManager: BlockManagerId(driver, 303af52bf48c, 33597, None)
[2024-11-18T20:43:30.384+0000] {spark_submit.py:579} INFO - 24/11/18 20:43:30 INFO StandaloneSchedulerBackend: SchedulerBackend is ready for scheduling beginning after reached minRegisteredResourcesRatio: 0.0
[2024-11-18T20:43:35.151+0000] {spark_submit.py:579} INFO - 24/11/18 20:43:35 INFO SharedState: Setting hive.metastore.warehouse.dir ('null') to the value of spark.sql.warehouse.dir.
[2024-11-18T20:43:35.193+0000] {spark_submit.py:579} INFO - 24/11/18 20:43:35 INFO SharedState: Warehouse path is 'file:/app/spark-warehouse'.
[2024-11-18T20:43:41.723+0000] {spark_submit.py:579} INFO - 24/11/18 20:43:41 INFO CodeGenerator: Code generated in 542.357584 ms
[2024-11-18T20:43:41.790+0000] {spark_submit.py:579} INFO - 24/11/18 20:43:41 INFO SparkContext: Starting job: showString at NativeMethodAccessorImpl.java:0
[2024-11-18T20:43:41.818+0000] {spark_submit.py:579} INFO - 24/11/18 20:43:41 INFO DAGScheduler: Got job 0 (showString at NativeMethodAccessorImpl.java:0) with 1 output partitions
[2024-11-18T20:43:41.828+0000] {spark_submit.py:579} INFO - 24/11/18 20:43:41 INFO DAGScheduler: Final stage: ResultStage 0 (showString at NativeMethodAccessorImpl.java:0)
[2024-11-18T20:43:41.834+0000] {spark_submit.py:579} INFO - 24/11/18 20:43:41 INFO DAGScheduler: Parents of final stage: List()
[2024-11-18T20:43:41.835+0000] {spark_submit.py:579} INFO - 24/11/18 20:43:41 INFO DAGScheduler: Missing parents: List()
[2024-11-18T20:43:41.837+0000] {spark_submit.py:579} INFO - 24/11/18 20:43:41 INFO DAGScheduler: Submitting ResultStage 0 (MapPartitionsRDD[6] at showString at NativeMethodAccessorImpl.java:0), which has no missing parents
[2024-11-18T20:43:42.219+0000] {spark_submit.py:579} INFO - 24/11/18 20:43:42 INFO MemoryStore: Block broadcast_0 stored as values in memory (estimated size 13.1 KiB, free 434.4 MiB)
[2024-11-18T20:43:42.316+0000] {spark_submit.py:579} INFO - 24/11/18 20:43:42 INFO MemoryStore: Block broadcast_0_piece0 stored as bytes in memory (estimated size 6.8 KiB, free 434.4 MiB)
[2024-11-18T20:43:42.329+0000] {spark_submit.py:579} INFO - 24/11/18 20:43:42 INFO BlockManagerInfo: Added broadcast_0_piece0 in memory on 303af52bf48c:33597 (size: 6.8 KiB, free: 434.4 MiB)
[2024-11-18T20:43:42.335+0000] {spark_submit.py:579} INFO - 24/11/18 20:43:42 INFO SparkContext: Created broadcast 0 from broadcast at DAGScheduler.scala:1585
[2024-11-18T20:43:42.409+0000] {spark_submit.py:579} INFO - 24/11/18 20:43:42 INFO DAGScheduler: Submitting 1 missing tasks from ResultStage 0 (MapPartitionsRDD[6] at showString at NativeMethodAccessorImpl.java:0) (first 15 tasks are for partitions Vector(0))
[2024-11-18T20:43:42.410+0000] {spark_submit.py:579} INFO - 24/11/18 20:43:42 INFO TaskSchedulerImpl: Adding task set 0.0 with 1 tasks resource profile 0
[2024-11-18T20:43:57.439+0000] {spark_submit.py:579} INFO - 24/11/18 20:43:57 WARN TaskSchedulerImpl: Initial job has not accepted any resources; check your cluster UI to ensure that workers are registered and have sufficient resources
[2024-11-18T20:44:12.428+0000] {spark_submit.py:579} INFO - 24/11/18 20:44:12 WARN TaskSchedulerImpl: Initial job has not accepted any resources; check your cluster UI to ensure that workers are registered and have sufficient resources
[2024-11-18T20:44:27.429+0000] {spark_submit.py:579} INFO - 24/11/18 20:44:27 WARN TaskSchedulerImpl: Initial job has not accepted any resources; check your cluster UI to ensure that workers are registered and have sufficient resources
[2024-11-18T20:44:42.428+0000] {spark_submit.py:579} INFO - 24/11/18 20:44:42 WARN TaskSchedulerImpl: Initial job has not accepted any resources; check your cluster UI to ensure that workers are registered and have sufficient resources
[2024-11-18T20:44:46.089+0000] {spark_submit.py:579} INFO - 24/11/18 20:44:46 INFO StandaloneAppClient$ClientEndpoint: Executor added: app-20241118204328-0030/0 on worker-20241118201828-172.18.0.5-32835 (172.18.0.5:32835) with 1 core(s)
[2024-11-18T20:44:46.094+0000] {spark_submit.py:579} INFO - 24/11/18 20:44:46 INFO StandaloneSchedulerBackend: Granted executor ID app-20241118204328-0030/0 on hostPort 172.18.0.5:32835 with 1 core(s), 1024.0 MiB RAM
[2024-11-18T20:44:46.095+0000] {spark_submit.py:579} INFO - 24/11/18 20:44:46 INFO StandaloneAppClient$ClientEndpoint: Executor added: app-20241118204328-0030/1 on worker-20241118201828-172.18.0.6-37135 (172.18.0.6:37135) with 1 core(s)
[2024-11-18T20:44:46.097+0000] {spark_submit.py:579} INFO - 24/11/18 20:44:46 INFO StandaloneSchedulerBackend: Granted executor ID app-20241118204328-0030/1 on hostPort 172.18.0.6:37135 with 1 core(s), 1024.0 MiB RAM
[2024-11-18T20:44:46.297+0000] {spark_submit.py:579} INFO - 24/11/18 20:44:46 INFO StandaloneAppClient$ClientEndpoint: Executor updated: app-20241118204328-0030/0 is now RUNNING
[2024-11-18T20:44:46.318+0000] {spark_submit.py:579} INFO - 24/11/18 20:44:46 INFO StandaloneAppClient$ClientEndpoint: Executor updated: app-20241118204328-0030/1 is now RUNNING
[2024-11-18T20:44:49.975+0000] {spark_submit.py:579} INFO - 24/11/18 20:44:49 INFO StandaloneSchedulerBackend$StandaloneDriverEndpoint: Registered executor NettyRpcEndpointRef(spark-client://Executor) (172.18.0.5:60124) with ID 0,  ResourceProfileId 0
[2024-11-18T20:44:49.986+0000] {spark_submit.py:579} INFO - 24/11/18 20:44:49 INFO StandaloneSchedulerBackend$StandaloneDriverEndpoint: Registered executor NettyRpcEndpointRef(spark-client://Executor) (172.18.0.6:39066) with ID 1,  ResourceProfileId 0
[2024-11-18T20:44:50.061+0000] {spark_submit.py:579} INFO - 24/11/18 20:44:50 INFO BlockManagerMasterEndpoint: Registering block manager 172.18.0.5:35441 with 434.4 MiB RAM, BlockManagerId(0, 172.18.0.5, 35441, None)
[2024-11-18T20:44:50.064+0000] {spark_submit.py:579} INFO - 24/11/18 20:44:50 INFO BlockManagerMasterEndpoint: Registering block manager 172.18.0.6:40451 with 434.4 MiB RAM, BlockManagerId(1, 172.18.0.6, 40451, None)
[2024-11-18T20:44:50.124+0000] {spark_submit.py:579} INFO - 24/11/18 20:44:50 INFO TaskSetManager: Starting task 0.0 in stage 0.0 (TID 0) (172.18.0.5, executor 0, partition 0, PROCESS_LOCAL, 7738 bytes)
[2024-11-18T20:44:50.396+0000] {spark_submit.py:579} INFO - 24/11/18 20:44:50 INFO BlockManagerInfo: Added broadcast_0_piece0 in memory on 172.18.0.5:35441 (size: 6.8 KiB, free: 434.4 MiB)
[2024-11-18T20:44:51.573+0000] {spark_submit.py:579} INFO - 24/11/18 20:44:51 INFO TaskSetManager: Finished task 0.0 in stage 0.0 (TID 0) in 1460 ms on 172.18.0.5 (executor 0) (1/1)
[2024-11-18T20:44:51.574+0000] {spark_submit.py:579} INFO - 24/11/18 20:44:51 INFO TaskSchedulerImpl: Removed TaskSet 0.0, whose tasks have all completed, from pool
[2024-11-18T20:44:51.578+0000] {spark_submit.py:579} INFO - 24/11/18 20:44:51 INFO PythonAccumulatorV2: Connected to AccumulatorServer at host: 127.0.0.1 port: 56697
[2024-11-18T20:44:51.582+0000] {spark_submit.py:579} INFO - 24/11/18 20:44:51 INFO DAGScheduler: ResultStage 0 (showString at NativeMethodAccessorImpl.java:0) finished in 69.720 s
[2024-11-18T20:44:51.585+0000] {spark_submit.py:579} INFO - 24/11/18 20:44:51 INFO DAGScheduler: Job 0 is finished. Cancelling potential speculative or zombie tasks for this job
[2024-11-18T20:44:51.585+0000] {spark_submit.py:579} INFO - 24/11/18 20:44:51 INFO TaskSchedulerImpl: Killing all running tasks in stage 0: Stage finished
[2024-11-18T20:44:51.587+0000] {spark_submit.py:579} INFO - 24/11/18 20:44:51 INFO DAGScheduler: Job 0 finished: showString at NativeMethodAccessorImpl.java:0, took 69.790515 s
[2024-11-18T20:44:51.599+0000] {spark_submit.py:579} INFO - 24/11/18 20:44:51 INFO SparkContext: Starting job: showString at NativeMethodAccessorImpl.java:0
[2024-11-18T20:44:51.601+0000] {spark_submit.py:579} INFO - 24/11/18 20:44:51 INFO DAGScheduler: Got job 1 (showString at NativeMethodAccessorImpl.java:0) with 1 output partitions
[2024-11-18T20:44:51.601+0000] {spark_submit.py:579} INFO - 24/11/18 20:44:51 INFO DAGScheduler: Final stage: ResultStage 1 (showString at NativeMethodAccessorImpl.java:0)
[2024-11-18T20:44:51.601+0000] {spark_submit.py:579} INFO - 24/11/18 20:44:51 INFO DAGScheduler: Parents of final stage: List()
[2024-11-18T20:44:51.602+0000] {spark_submit.py:579} INFO - 24/11/18 20:44:51 INFO DAGScheduler: Missing parents: List()
[2024-11-18T20:44:51.602+0000] {spark_submit.py:579} INFO - 24/11/18 20:44:51 INFO DAGScheduler: Submitting ResultStage 1 (MapPartitionsRDD[6] at showString at NativeMethodAccessorImpl.java:0), which has no missing parents
[2024-11-18T20:44:51.605+0000] {spark_submit.py:579} INFO - 24/11/18 20:44:51 INFO MemoryStore: Block broadcast_1 stored as values in memory (estimated size 13.1 KiB, free 434.4 MiB)
[2024-11-18T20:44:51.613+0000] {spark_submit.py:579} INFO - 24/11/18 20:44:51 INFO MemoryStore: Block broadcast_1_piece0 stored as bytes in memory (estimated size 6.8 KiB, free 434.4 MiB)
[2024-11-18T20:44:51.613+0000] {spark_submit.py:579} INFO - 24/11/18 20:44:51 INFO BlockManagerInfo: Added broadcast_1_piece0 in memory on 303af52bf48c:33597 (size: 6.8 KiB, free: 434.4 MiB)
[2024-11-18T20:44:51.615+0000] {spark_submit.py:579} INFO - 24/11/18 20:44:51 INFO SparkContext: Created broadcast 1 from broadcast at DAGScheduler.scala:1585
[2024-11-18T20:44:51.617+0000] {spark_submit.py:579} INFO - 24/11/18 20:44:51 INFO DAGScheduler: Submitting 1 missing tasks from ResultStage 1 (MapPartitionsRDD[6] at showString at NativeMethodAccessorImpl.java:0) (first 15 tasks are for partitions Vector(1))
[2024-11-18T20:44:51.618+0000] {spark_submit.py:579} INFO - 24/11/18 20:44:51 INFO TaskSchedulerImpl: Adding task set 1.0 with 1 tasks resource profile 0
[2024-11-18T20:44:51.620+0000] {spark_submit.py:579} INFO - 24/11/18 20:44:51 INFO TaskSetManager: Starting task 0.0 in stage 1.0 (TID 1) (172.18.0.5, executor 0, partition 1, PROCESS_LOCAL, 7725 bytes)
[2024-11-18T20:44:51.637+0000] {spark_submit.py:579} INFO - 24/11/18 20:44:51 INFO BlockManagerInfo: Removed broadcast_0_piece0 on 303af52bf48c:33597 in memory (size: 6.8 KiB, free: 434.4 MiB)
[2024-11-18T20:44:51.658+0000] {spark_submit.py:579} INFO - 24/11/18 20:44:51 INFO BlockManagerInfo: Removed broadcast_0_piece0 on 172.18.0.5:35441 in memory (size: 6.8 KiB, free: 434.4 MiB)
[2024-11-18T20:44:51.663+0000] {spark_submit.py:579} INFO - 24/11/18 20:44:51 INFO BlockManagerInfo: Added broadcast_1_piece0 in memory on 172.18.0.5:35441 (size: 6.8 KiB, free: 434.4 MiB)
[2024-11-18T20:44:51.790+0000] {spark_submit.py:579} INFO - 24/11/18 20:44:51 INFO TaskSetManager: Finished task 0.0 in stage 1.0 (TID 1) in 170 ms on 172.18.0.5 (executor 0) (1/1)
[2024-11-18T20:44:51.791+0000] {spark_submit.py:579} INFO - 24/11/18 20:44:51 INFO TaskSchedulerImpl: Removed TaskSet 1.0, whose tasks have all completed, from pool
[2024-11-18T20:44:51.793+0000] {spark_submit.py:579} INFO - 24/11/18 20:44:51 INFO DAGScheduler: ResultStage 1 (showString at NativeMethodAccessorImpl.java:0) finished in 0.190 s
[2024-11-18T20:44:51.794+0000] {spark_submit.py:579} INFO - 24/11/18 20:44:51 INFO DAGScheduler: Job 1 is finished. Cancelling potential speculative or zombie tasks for this job
[2024-11-18T20:44:51.794+0000] {spark_submit.py:579} INFO - 24/11/18 20:44:51 INFO TaskSchedulerImpl: Killing all running tasks in stage 1: Stage finished
[2024-11-18T20:44:51.795+0000] {spark_submit.py:579} INFO - 24/11/18 20:44:51 INFO DAGScheduler: Job 1 finished: showString at NativeMethodAccessorImpl.java:0, took 0.194925 s
[2024-11-18T20:44:52.394+0000] {spark_submit.py:579} INFO - 24/11/18 20:44:52 INFO BlockManagerInfo: Removed broadcast_1_piece0 on 303af52bf48c:33597 in memory (size: 6.8 KiB, free: 434.4 MiB)
[2024-11-18T20:44:52.398+0000] {spark_submit.py:579} INFO - 24/11/18 20:44:52 INFO BlockManagerInfo: Removed broadcast_1_piece0 on 172.18.0.5:35441 in memory (size: 6.8 KiB, free: 434.4 MiB)
[2024-11-18T20:44:52.624+0000] {spark_submit.py:579} INFO - 24/11/18 20:44:52 INFO CodeGenerator: Code generated in 17.395798 ms
[2024-11-18T20:44:52.634+0000] {spark_submit.py:579} INFO - +-------------+----------------+---------+
[2024-11-18T20:44:52.635+0000] {spark_submit.py:579} INFO - |Name         |Application Type|Use Count|
[2024-11-18T20:44:52.647+0000] {spark_submit.py:579} INFO - +-------------+----------------+---------+
[2024-11-18T20:44:52.648+0000] {spark_submit.py:579} INFO - |Joe Dou      |Social networks |120      |
[2024-11-18T20:44:52.648+0000] {spark_submit.py:579} INFO - |Masha Pupkina|Games           |85       |
[2024-11-18T20:44:52.648+0000] {spark_submit.py:579} INFO - |Alice Smith  |Social networks |90       |
[2024-11-18T20:44:52.649+0000] {spark_submit.py:579} INFO - |Ivan Ivanov  |Productivity    |60       |
[2024-11-18T20:44:52.649+0000] {spark_submit.py:579} INFO - |Donatello    |Games           |110      |
[2024-11-18T20:44:52.649+0000] {spark_submit.py:579} INFO - |Raphael      |Finances        |25       |
[2024-11-18T20:44:52.649+0000] {spark_submit.py:579} INFO - |Splinter     |Shoping         |50       |
[2024-11-18T20:44:52.649+0000] {spark_submit.py:579} INFO - |Mickianjelo  |Sport           |61       |
[2024-11-18T20:44:52.649+0000] {spark_submit.py:579} INFO - +-------------+----------------+---------+
[2024-11-18T20:44:52.650+0000] {spark_submit.py:579} INFO - 
[2024-11-18T20:44:53.004+0000] {spark_submit.py:579} INFO - 24/11/18 20:44:53 INFO CodeGenerator: Code generated in 101.510869 ms
[2024-11-18T20:44:53.068+0000] {spark_submit.py:579} INFO - 24/11/18 20:44:53 INFO DAGScheduler: Registering RDD 8 (showString at NativeMethodAccessorImpl.java:0) as input to shuffle 0
[2024-11-18T20:44:53.071+0000] {spark_submit.py:579} INFO - 24/11/18 20:44:53 INFO DAGScheduler: Got map stage job 2 (showString at NativeMethodAccessorImpl.java:0) with 2 output partitions
[2024-11-18T20:44:53.071+0000] {spark_submit.py:579} INFO - 24/11/18 20:44:53 INFO DAGScheduler: Final stage: ShuffleMapStage 2 (showString at NativeMethodAccessorImpl.java:0)
[2024-11-18T20:44:53.072+0000] {spark_submit.py:579} INFO - 24/11/18 20:44:53 INFO DAGScheduler: Parents of final stage: List()
[2024-11-18T20:44:53.073+0000] {spark_submit.py:579} INFO - 24/11/18 20:44:53 INFO DAGScheduler: Missing parents: List()
[2024-11-18T20:44:53.074+0000] {spark_submit.py:579} INFO - 24/11/18 20:44:53 INFO DAGScheduler: Submitting ShuffleMapStage 2 (MapPartitionsRDD[8] at showString at NativeMethodAccessorImpl.java:0), which has no missing parents
[2024-11-18T20:44:53.091+0000] {spark_submit.py:579} INFO - 24/11/18 20:44:53 INFO MemoryStore: Block broadcast_2 stored as values in memory (estimated size 41.1 KiB, free 434.4 MiB)
[2024-11-18T20:44:53.101+0000] {spark_submit.py:579} INFO - 24/11/18 20:44:53 INFO MemoryStore: Block broadcast_2_piece0 stored as bytes in memory (estimated size 19.2 KiB, free 434.3 MiB)
[2024-11-18T20:44:53.102+0000] {spark_submit.py:579} INFO - 24/11/18 20:44:53 INFO BlockManagerInfo: Added broadcast_2_piece0 in memory on 303af52bf48c:33597 (size: 19.2 KiB, free: 434.4 MiB)
[2024-11-18T20:44:53.103+0000] {spark_submit.py:579} INFO - 24/11/18 20:44:53 INFO SparkContext: Created broadcast 2 from broadcast at DAGScheduler.scala:1585
[2024-11-18T20:44:53.106+0000] {spark_submit.py:579} INFO - 24/11/18 20:44:53 INFO DAGScheduler: Submitting 2 missing tasks from ShuffleMapStage 2 (MapPartitionsRDD[8] at showString at NativeMethodAccessorImpl.java:0) (first 15 tasks are for partitions Vector(0, 1))
[2024-11-18T20:44:53.107+0000] {spark_submit.py:579} INFO - 24/11/18 20:44:53 INFO TaskSchedulerImpl: Adding task set 2.0 with 2 tasks resource profile 0
[2024-11-18T20:44:53.110+0000] {spark_submit.py:579} INFO - 24/11/18 20:44:53 INFO TaskSetManager: Starting task 0.0 in stage 2.0 (TID 2) (172.18.0.5, executor 0, partition 0, PROCESS_LOCAL, 7727 bytes)
[2024-11-18T20:44:53.111+0000] {spark_submit.py:579} INFO - 24/11/18 20:44:53 INFO TaskSetManager: Starting task 1.0 in stage 2.0 (TID 3) (172.18.0.6, executor 1, partition 1, PROCESS_LOCAL, 7714 bytes)
[2024-11-18T20:44:53.185+0000] {spark_submit.py:579} INFO - 24/11/18 20:44:53 INFO BlockManagerInfo: Added broadcast_2_piece0 in memory on 172.18.0.5:35441 (size: 19.2 KiB, free: 434.4 MiB)
[2024-11-18T20:44:53.382+0000] {spark_submit.py:579} INFO - 24/11/18 20:44:53 INFO BlockManagerInfo: Added broadcast_2_piece0 in memory on 172.18.0.6:40451 (size: 19.2 KiB, free: 434.4 MiB)
[2024-11-18T20:44:54.012+0000] {spark_submit.py:579} INFO - 24/11/18 20:44:54 INFO TaskSetManager: Finished task 0.0 in stage 2.0 (TID 2) in 902 ms on 172.18.0.5 (executor 0) (1/2)
[2024-11-18T20:44:55.858+0000] {spark_submit.py:579} INFO - 24/11/18 20:44:55 INFO TaskSetManager: Finished task 1.0 in stage 2.0 (TID 3) in 2746 ms on 172.18.0.6 (executor 1) (2/2)
[2024-11-18T20:44:55.863+0000] {spark_submit.py:579} INFO - 24/11/18 20:44:55 INFO TaskSchedulerImpl: Removed TaskSet 2.0, whose tasks have all completed, from pool
[2024-11-18T20:44:55.864+0000] {spark_submit.py:579} INFO - 24/11/18 20:44:55 INFO DAGScheduler: ShuffleMapStage 2 (showString at NativeMethodAccessorImpl.java:0) finished in 2.782 s
[2024-11-18T20:44:55.864+0000] {spark_submit.py:579} INFO - 24/11/18 20:44:55 INFO DAGScheduler: looking for newly runnable stages
[2024-11-18T20:44:55.865+0000] {spark_submit.py:579} INFO - 24/11/18 20:44:55 INFO DAGScheduler: running: Set()
[2024-11-18T20:44:55.865+0000] {spark_submit.py:579} INFO - 24/11/18 20:44:55 INFO DAGScheduler: waiting: Set()
[2024-11-18T20:44:55.865+0000] {spark_submit.py:579} INFO - 24/11/18 20:44:55 INFO DAGScheduler: failed: Set()
[2024-11-18T20:44:55.933+0000] {spark_submit.py:579} INFO - 24/11/18 20:44:55 INFO ShufflePartitionsUtil: For shuffle(0), advisory target size: 67108864, actual target size 1048576, minimum partition size: 1048576
[2024-11-18T20:44:55.963+0000] {spark_submit.py:579} INFO - 24/11/18 20:44:55 INFO HashAggregateExec: spark.sql.codegen.aggregate.map.twolevel.enabled is set to true, but current version of codegened fast hashmap does not support this aggregate.
[2024-11-18T20:44:56.014+0000] {spark_submit.py:579} INFO - 24/11/18 20:44:56 INFO CodeGenerator: Code generated in 33.589745 ms
[2024-11-18T20:44:56.076+0000] {spark_submit.py:579} INFO - 24/11/18 20:44:56 INFO SparkContext: Starting job: showString at NativeMethodAccessorImpl.java:0
[2024-11-18T20:44:56.083+0000] {spark_submit.py:579} INFO - 24/11/18 20:44:56 INFO DAGScheduler: Got job 3 (showString at NativeMethodAccessorImpl.java:0) with 1 output partitions
[2024-11-18T20:44:56.084+0000] {spark_submit.py:579} INFO - 24/11/18 20:44:56 INFO DAGScheduler: Final stage: ResultStage 4 (showString at NativeMethodAccessorImpl.java:0)
[2024-11-18T20:44:56.085+0000] {spark_submit.py:579} INFO - 24/11/18 20:44:56 INFO DAGScheduler: Parents of final stage: List(ShuffleMapStage 3)
[2024-11-18T20:44:56.092+0000] {spark_submit.py:579} INFO - 24/11/18 20:44:56 INFO DAGScheduler: Missing parents: List()
[2024-11-18T20:44:56.092+0000] {spark_submit.py:579} INFO - 24/11/18 20:44:56 INFO DAGScheduler: Submitting ResultStage 4 (MapPartitionsRDD[11] at showString at NativeMethodAccessorImpl.java:0), which has no missing parents
[2024-11-18T20:44:56.113+0000] {spark_submit.py:579} INFO - 24/11/18 20:44:56 INFO MemoryStore: Block broadcast_3 stored as values in memory (estimated size 44.1 KiB, free 434.3 MiB)
[2024-11-18T20:44:56.125+0000] {spark_submit.py:579} INFO - 24/11/18 20:44:56 INFO MemoryStore: Block broadcast_3_piece0 stored as bytes in memory (estimated size 20.8 KiB, free 434.3 MiB)
[2024-11-18T20:44:56.137+0000] {spark_submit.py:579} INFO - 24/11/18 20:44:56 INFO BlockManagerInfo: Added broadcast_3_piece0 in memory on 303af52bf48c:33597 (size: 20.8 KiB, free: 434.4 MiB)
[2024-11-18T20:44:56.143+0000] {spark_submit.py:579} INFO - 24/11/18 20:44:56 INFO SparkContext: Created broadcast 3 from broadcast at DAGScheduler.scala:1585
[2024-11-18T20:44:56.146+0000] {spark_submit.py:579} INFO - 24/11/18 20:44:56 INFO DAGScheduler: Submitting 1 missing tasks from ResultStage 4 (MapPartitionsRDD[11] at showString at NativeMethodAccessorImpl.java:0) (first 15 tasks are for partitions Vector(0))
[2024-11-18T20:44:56.146+0000] {spark_submit.py:579} INFO - 24/11/18 20:44:56 INFO TaskSchedulerImpl: Adding task set 4.0 with 1 tasks resource profile 0
[2024-11-18T20:44:56.148+0000] {spark_submit.py:579} INFO - 24/11/18 20:44:56 INFO TaskSetManager: Starting task 0.0 in stage 4.0 (TID 4) (172.18.0.5, executor 0, partition 0, NODE_LOCAL, 7619 bytes)
[2024-11-18T20:44:56.161+0000] {spark_submit.py:579} INFO - 24/11/18 20:44:56 INFO BlockManagerInfo: Removed broadcast_2_piece0 on 172.18.0.6:40451 in memory (size: 19.2 KiB, free: 434.4 MiB)
[2024-11-18T20:44:56.163+0000] {spark_submit.py:579} INFO - 24/11/18 20:44:56 INFO BlockManagerInfo: Removed broadcast_2_piece0 on 172.18.0.5:35441 in memory (size: 19.2 KiB, free: 434.4 MiB)
[2024-11-18T20:44:56.164+0000] {spark_submit.py:579} INFO - 24/11/18 20:44:56 INFO BlockManagerInfo: Removed broadcast_2_piece0 on 303af52bf48c:33597 in memory (size: 19.2 KiB, free: 434.4 MiB)
[2024-11-18T20:44:56.223+0000] {spark_submit.py:579} INFO - 24/11/18 20:44:56 INFO BlockManagerInfo: Added broadcast_3_piece0 in memory on 172.18.0.5:35441 (size: 20.8 KiB, free: 434.4 MiB)
[2024-11-18T20:44:56.299+0000] {spark_submit.py:579} INFO - 24/11/18 20:44:56 INFO MapOutputTrackerMasterEndpoint: Asked to send map output locations for shuffle 0 to 172.18.0.5:60124
[2024-11-18T20:44:56.541+0000] {spark_submit.py:579} INFO - 24/11/18 20:44:56 INFO TaskSetManager: Finished task 0.0 in stage 4.0 (TID 4) in 405 ms on 172.18.0.5 (executor 0) (1/1)
[2024-11-18T20:44:56.542+0000] {spark_submit.py:579} INFO - 24/11/18 20:44:56 INFO TaskSchedulerImpl: Removed TaskSet 4.0, whose tasks have all completed, from pool
[2024-11-18T20:44:56.545+0000] {spark_submit.py:579} INFO - 24/11/18 20:44:56 INFO DAGScheduler: ResultStage 4 (showString at NativeMethodAccessorImpl.java:0) finished in 0.448 s
[2024-11-18T20:44:56.545+0000] {spark_submit.py:579} INFO - 24/11/18 20:44:56 INFO DAGScheduler: Job 3 is finished. Cancelling potential speculative or zombie tasks for this job
[2024-11-18T20:44:56.546+0000] {spark_submit.py:579} INFO - 24/11/18 20:44:56 INFO TaskSchedulerImpl: Killing all running tasks in stage 4: Stage finished
[2024-11-18T20:44:56.548+0000] {spark_submit.py:579} INFO - 24/11/18 20:44:56 INFO DAGScheduler: Job 3 finished: showString at NativeMethodAccessorImpl.java:0, took 0.468389 s
[2024-11-18T20:44:56.574+0000] {spark_submit.py:579} INFO - 24/11/18 20:44:56 INFO CodeGenerator: Code generated in 16.119359 ms
[2024-11-18T20:44:56.592+0000] {spark_submit.py:579} INFO - +----------------+-------------------+
[2024-11-18T20:44:56.604+0000] {spark_submit.py:579} INFO - |Application Type|Average Usage Count|
[2024-11-18T20:44:56.608+0000] {spark_submit.py:579} INFO - +----------------+-------------------+
[2024-11-18T20:44:56.609+0000] {spark_submit.py:579} INFO - |Social networks |105.0              |
[2024-11-18T20:44:56.609+0000] {spark_submit.py:579} INFO - |Productivity    |60.0               |
[2024-11-18T20:44:56.610+0000] {spark_submit.py:579} INFO - |Games           |97.5               |
[2024-11-18T20:44:56.610+0000] {spark_submit.py:579} INFO - |Shoping         |50.0               |
[2024-11-18T20:44:56.610+0000] {spark_submit.py:579} INFO - |Finances        |25.0               |
[2024-11-18T20:44:56.611+0000] {spark_submit.py:579} INFO - |Sport           |61.0               |
[2024-11-18T20:44:56.611+0000] {spark_submit.py:579} INFO - +----------------+-------------------+
[2024-11-18T20:44:56.612+0000] {spark_submit.py:579} INFO - 
[2024-11-18T20:44:56.612+0000] {spark_submit.py:579} INFO - 24/11/18 20:44:56 INFO SparkContext: SparkContext is stopping with exitCode 0.
[2024-11-18T20:44:56.615+0000] {spark_submit.py:579} INFO - 24/11/18 20:44:56 INFO SparkUI: Stopped Spark web UI at http://303af52bf48c:4047
[2024-11-18T20:44:56.620+0000] {spark_submit.py:579} INFO - 24/11/18 20:44:56 INFO StandaloneSchedulerBackend: Shutting down all executors
[2024-11-18T20:44:56.620+0000] {spark_submit.py:579} INFO - 24/11/18 20:44:56 INFO StandaloneSchedulerBackend$StandaloneDriverEndpoint: Asking each executor to shut down
[2024-11-18T20:44:56.683+0000] {spark_submit.py:579} INFO - 24/11/18 20:44:56 INFO MapOutputTrackerMasterEndpoint: MapOutputTrackerMasterEndpoint stopped!
[2024-11-18T20:44:56.712+0000] {spark_submit.py:579} INFO - 24/11/18 20:44:56 INFO MemoryStore: MemoryStore cleared
[2024-11-18T20:44:56.716+0000] {spark_submit.py:579} INFO - 24/11/18 20:44:56 INFO BlockManager: BlockManager stopped
[2024-11-18T20:44:56.724+0000] {spark_submit.py:579} INFO - 24/11/18 20:44:56 INFO BlockManagerMaster: BlockManagerMaster stopped
[2024-11-18T20:44:56.728+0000] {spark_submit.py:579} INFO - 24/11/18 20:44:56 INFO OutputCommitCoordinator$OutputCommitCoordinatorEndpoint: OutputCommitCoordinator stopped!
[2024-11-18T20:44:56.765+0000] {spark_submit.py:579} INFO - 24/11/18 20:44:56 INFO SparkContext: Successfully stopped SparkContext
[2024-11-18T20:44:57.729+0000] {spark_submit.py:579} INFO - 24/11/18 20:44:57 INFO ShutdownHookManager: Shutdown hook called
[2024-11-18T20:44:57.730+0000] {spark_submit.py:579} INFO - 24/11/18 20:44:57 INFO ShutdownHookManager: Deleting directory /tmp/spark-b90029ee-1ae8-4aa8-9325-adb2651791b1
[2024-11-18T20:44:57.735+0000] {spark_submit.py:579} INFO - 24/11/18 20:44:57 INFO ShutdownHookManager: Deleting directory /tmp/spark-3a145ebf-e00e-4587-9fb8-ed068c77846d/pyspark-9de44943-a2fb-48b7-a687-769073c72948
[2024-11-18T20:44:57.739+0000] {spark_submit.py:579} INFO - 24/11/18 20:44:57 INFO ShutdownHookManager: Deleting directory /tmp/spark-3a145ebf-e00e-4587-9fb8-ed068c77846d
[2024-11-18T20:44:57.808+0000] {taskinstance.py:441} INFO - ::group::Post task execution logs
[2024-11-18T20:44:57.822+0000] {taskinstance.py:1206} INFO - Marking task as SUCCESS. dag_id=spark_job, task_id=spark_task, run_id=manual__2024-11-18T20:40:10.662167+00:00, execution_date=20241118T204010, start_date=20241118T204031, end_date=20241118T204457
[2024-11-18T20:44:57.889+0000] {local_task_job_runner.py:243} INFO - Task exited with return code 0
[2024-11-18T20:44:57.904+0000] {taskinstance.py:3503} INFO - 0 downstream tasks scheduled from follow-on schedule check
[2024-11-18T20:44:57.906+0000] {local_task_job_runner.py:222} INFO - ::endgroup::
