[2024-11-18T17:14:45.903+0000] {local_task_job_runner.py:120} INFO - ::group::Pre task execution logs
[2024-11-18T17:14:45.924+0000] {taskinstance.py:2076} INFO - Dependencies all met for dep_context=non-requeueable deps ti=<TaskInstance: spark_dag.spark_task manual__2024-11-18T17:09:17.360866+00:00 [queued]>
[2024-11-18T17:14:45.932+0000] {taskinstance.py:2076} INFO - Dependencies all met for dep_context=requeueable deps ti=<TaskInstance: spark_dag.spark_task manual__2024-11-18T17:09:17.360866+00:00 [queued]>
[2024-11-18T17:14:45.933+0000] {taskinstance.py:2306} INFO - Starting attempt 1 of 2
[2024-11-18T17:14:45.944+0000] {taskinstance.py:2330} INFO - Executing <Task(SparkSubmitOperator): spark_task> on 2024-11-18 17:09:17.360866+00:00
[2024-11-18T17:14:45.951+0000] {standard_task_runner.py:64} INFO - Started process 871 to run task
[2024-11-18T17:14:45.954+0000] {standard_task_runner.py:90} INFO - Running: ['***', 'tasks', 'run', 'spark_dag', 'spark_task', 'manual__2024-11-18T17:09:17.360866+00:00', '--job-id', '768', '--raw', '--subdir', 'DAGS_FOLDER/spark_dag.py', '--cfg-path', '/tmp/tmptvguivu8']
[2024-11-18T17:14:45.957+0000] {standard_task_runner.py:91} INFO - Job 768: Subtask spark_task
[2024-11-18T17:14:45.997+0000] {task_command.py:426} INFO - Running <TaskInstance: spark_dag.spark_task manual__2024-11-18T17:09:17.360866+00:00 [running]> on host 09eaa9e6bb3a
[2024-11-18T17:14:46.084+0000] {taskinstance.py:2648} INFO - Exporting env vars: AIRFLOW_CTX_DAG_OWNER='***' AIRFLOW_CTX_DAG_ID='spark_dag' AIRFLOW_CTX_TASK_ID='spark_task' AIRFLOW_CTX_EXECUTION_DATE='2024-11-18T17:09:17.360866+00:00' AIRFLOW_CTX_TRY_NUMBER='1' AIRFLOW_CTX_DAG_RUN_ID='manual__2024-11-18T17:09:17.360866+00:00'
[2024-11-18T17:14:46.089+0000] {taskinstance.py:430} INFO - ::endgroup::
[2024-11-18T17:14:46.106+0000] {base.py:84} INFO - Using connection ID 'spark_default' for task execution.
[2024-11-18T17:14:46.110+0000] {spark_submit.py:473} INFO - Spark-Submit cmd: spark-submit --master spark://spark:7077 --name arrow-spark --deploy-mode client /opt/***/dags/spark_job.py
[2024-11-18T17:14:49.672+0000] {spark_submit.py:634} INFO - 24/11/18 17:14:49 INFO SparkContext: Running Spark version 3.5.3
[2024-11-18T17:14:49.674+0000] {spark_submit.py:634} INFO - 24/11/18 17:14:49 INFO SparkContext: OS info Linux, 5.15.153.1-microsoft-standard-WSL2, amd64
[2024-11-18T17:14:49.675+0000] {spark_submit.py:634} INFO - 24/11/18 17:14:49 INFO SparkContext: Java version 17.0.12
[2024-11-18T17:14:49.754+0000] {spark_submit.py:634} INFO - 24/11/18 17:14:49 WARN NativeCodeLoader: Unable to load native-hadoop library for your platform... using builtin-java classes where applicable
[2024-11-18T17:14:49.864+0000] {spark_submit.py:634} INFO - 24/11/18 17:14:49 INFO ResourceUtils: ==============================================================
[2024-11-18T17:14:49.865+0000] {spark_submit.py:634} INFO - 24/11/18 17:14:49 INFO ResourceUtils: No custom resources configured for spark.driver.
[2024-11-18T17:14:49.866+0000] {spark_submit.py:634} INFO - 24/11/18 17:14:49 INFO ResourceUtils: ==============================================================
[2024-11-18T17:14:49.867+0000] {spark_submit.py:634} INFO - 24/11/18 17:14:49 INFO SparkContext: Submitted application: Airflow Spark Job
[2024-11-18T17:14:49.903+0000] {spark_submit.py:634} INFO - 24/11/18 17:14:49 INFO ResourceProfile: Default ResourceProfile created, executor resources: Map(memory -> name: memory, amount: 1024, script: , vendor: , offHeap -> name: offHeap, amount: 0, script: , vendor: ), task resources: Map(cpus -> name: cpus, amount: 1.0)
[2024-11-18T17:14:49.923+0000] {spark_submit.py:634} INFO - 24/11/18 17:14:49 INFO ResourceProfile: Limiting resource is cpu
[2024-11-18T17:14:49.928+0000] {spark_submit.py:634} INFO - 24/11/18 17:14:49 INFO ResourceProfileManager: Added ResourceProfile id: 0
[2024-11-18T17:14:49.999+0000] {spark_submit.py:634} INFO - 24/11/18 17:14:49 INFO SecurityManager: Changing view acls to: ***
[2024-11-18T17:14:50.000+0000] {spark_submit.py:634} INFO - 24/11/18 17:14:50 INFO SecurityManager: Changing modify acls to: ***
[2024-11-18T17:14:50.001+0000] {spark_submit.py:634} INFO - 24/11/18 17:14:50 INFO SecurityManager: Changing view acls groups to:
[2024-11-18T17:14:50.002+0000] {spark_submit.py:634} INFO - 24/11/18 17:14:50 INFO SecurityManager: Changing modify acls groups to:
[2024-11-18T17:14:50.003+0000] {spark_submit.py:634} INFO - 24/11/18 17:14:50 INFO SecurityManager: SecurityManager: authentication disabled; ui acls disabled; users with view permissions: ***; groups with view permissions: EMPTY; users with modify permissions: ***; groups with modify permissions: EMPTY
[2024-11-18T17:14:50.309+0000] {spark_submit.py:634} INFO - 24/11/18 17:14:50 INFO Utils: Successfully started service 'sparkDriver' on port 40833.
[2024-11-18T17:14:50.351+0000] {spark_submit.py:634} INFO - 24/11/18 17:14:50 INFO SparkEnv: Registering MapOutputTracker
[2024-11-18T17:14:50.402+0000] {spark_submit.py:634} INFO - 24/11/18 17:14:50 INFO SparkEnv: Registering BlockManagerMaster
[2024-11-18T17:14:50.423+0000] {spark_submit.py:634} INFO - 24/11/18 17:14:50 INFO BlockManagerMasterEndpoint: Using org.apache.spark.storage.DefaultTopologyMapper for getting topology information
[2024-11-18T17:14:50.425+0000] {spark_submit.py:634} INFO - 24/11/18 17:14:50 INFO BlockManagerMasterEndpoint: BlockManagerMasterEndpoint up
[2024-11-18T17:14:50.433+0000] {spark_submit.py:634} INFO - 24/11/18 17:14:50 INFO SparkEnv: Registering BlockManagerMasterHeartbeat
[2024-11-18T17:14:50.462+0000] {spark_submit.py:634} INFO - 24/11/18 17:14:50 INFO DiskBlockManager: Created local directory at /tmp/blockmgr-dce181b6-7008-4591-a97c-9e2d5dc1f8d1
[2024-11-18T17:14:50.482+0000] {spark_submit.py:634} INFO - 24/11/18 17:14:50 INFO MemoryStore: MemoryStore started with capacity 434.4 MiB
[2024-11-18T17:14:50.522+0000] {spark_submit.py:634} INFO - 24/11/18 17:14:50 INFO SparkEnv: Registering OutputCommitCoordinator
[2024-11-18T17:14:50.674+0000] {spark_submit.py:634} INFO - 24/11/18 17:14:50 INFO JettyUtils: Start Jetty 0.0.0.0:4040 for SparkUI
[2024-11-18T17:14:50.741+0000] {spark_submit.py:634} INFO - 24/11/18 17:14:50 INFO Utils: Successfully started service 'SparkUI' on port 4040.
[2024-11-18T17:14:50.902+0000] {spark_submit.py:634} INFO - 24/11/18 17:14:50 INFO StandaloneAppClient$ClientEndpoint: Connecting to master spark://spark:7077...
[2024-11-18T17:14:50.970+0000] {spark_submit.py:634} INFO - 24/11/18 17:14:50 INFO TransportClientFactory: Successfully created connection to spark/172.19.0.4:7077 after 43 ms (0 ms spent in bootstraps)
[2024-11-18T17:14:51.103+0000] {spark_submit.py:634} INFO - 24/11/18 17:14:51 INFO StandaloneSchedulerBackend: Connected to Spark cluster with app ID app-20241118171451-0004
[2024-11-18T17:14:51.108+0000] {spark_submit.py:634} INFO - 24/11/18 17:14:51 INFO StandaloneAppClient$ClientEndpoint: Executor added: app-20241118171451-0004/0 on worker-20241118170655-172.19.0.6-36949 (172.19.0.6:36949) with 1 core(s)
[2024-11-18T17:14:51.108+0000] {spark_submit.py:634} INFO - 24/11/18 17:14:51 INFO StandaloneSchedulerBackend: Granted executor ID app-20241118171451-0004/0 on hostPort 172.19.0.6:36949 with 1 core(s), 1024.0 MiB RAM
[2024-11-18T17:14:51.109+0000] {spark_submit.py:634} INFO - 24/11/18 17:14:51 INFO StandaloneAppClient$ClientEndpoint: Executor added: app-20241118171451-0004/1 on worker-20241118170656-172.19.0.5-42287 (172.19.0.5:42287) with 1 core(s)
[2024-11-18T17:14:51.109+0000] {spark_submit.py:634} INFO - 24/11/18 17:14:51 INFO StandaloneSchedulerBackend: Granted executor ID app-20241118171451-0004/1 on hostPort 172.19.0.5:42287 with 1 core(s), 1024.0 MiB RAM
[2024-11-18T17:14:51.118+0000] {spark_submit.py:634} INFO - 24/11/18 17:14:51 INFO Utils: Successfully started service 'org.apache.spark.network.netty.NettyBlockTransferService' on port 39891.
[2024-11-18T17:14:51.119+0000] {spark_submit.py:634} INFO - 24/11/18 17:14:51 INFO NettyBlockTransferService: Server created on 09eaa9e6bb3a:39891
[2024-11-18T17:14:51.124+0000] {spark_submit.py:634} INFO - 24/11/18 17:14:51 INFO BlockManager: Using org.apache.spark.storage.RandomBlockReplicationPolicy for block replication policy
[2024-11-18T17:14:51.134+0000] {spark_submit.py:634} INFO - 24/11/18 17:14:51 INFO BlockManagerMaster: Registering BlockManager BlockManagerId(driver, 09eaa9e6bb3a, 39891, None)
[2024-11-18T17:14:51.142+0000] {spark_submit.py:634} INFO - 24/11/18 17:14:51 INFO BlockManagerMasterEndpoint: Registering block manager 09eaa9e6bb3a:39891 with 434.4 MiB RAM, BlockManagerId(driver, 09eaa9e6bb3a, 39891, None)
[2024-11-18T17:14:51.145+0000] {spark_submit.py:634} INFO - 24/11/18 17:14:51 INFO BlockManagerMaster: Registered BlockManager BlockManagerId(driver, 09eaa9e6bb3a, 39891, None)
[2024-11-18T17:14:51.147+0000] {spark_submit.py:634} INFO - 24/11/18 17:14:51 INFO BlockManager: Initialized BlockManager: BlockManagerId(driver, 09eaa9e6bb3a, 39891, None)
[2024-11-18T17:14:51.171+0000] {spark_submit.py:634} INFO - 24/11/18 17:14:51 INFO StandaloneAppClient$ClientEndpoint: Executor updated: app-20241118171451-0004/0 is now RUNNING
[2024-11-18T17:14:51.179+0000] {spark_submit.py:634} INFO - 24/11/18 17:14:51 INFO StandaloneAppClient$ClientEndpoint: Executor updated: app-20241118171451-0004/1 is now RUNNING
[2024-11-18T17:14:51.863+0000] {spark_submit.py:634} INFO - 24/11/18 17:14:51 INFO StandaloneSchedulerBackend: SchedulerBackend is ready for scheduling beginning after reached minRegisteredResourcesRatio: 0.0
[2024-11-18T17:14:53.001+0000] {spark_submit.py:634} INFO - 24/11/18 17:14:52 INFO SharedState: Setting hive.metastore.warehouse.dir ('null') to the value of spark.sql.warehouse.dir.
[2024-11-18T17:14:53.013+0000] {spark_submit.py:634} INFO - 24/11/18 17:14:53 INFO SharedState: Warehouse path is 'file:/app/spark-warehouse'.
[2024-11-18T17:14:57.195+0000] {spark_submit.py:634} INFO - 24/11/18 17:14:57 INFO StandaloneSchedulerBackend$StandaloneDriverEndpoint: Registered executor NettyRpcEndpointRef(spark-client://Executor) (172.19.0.5:42256) with ID 1,  ResourceProfileId 0
[2024-11-18T17:14:57.202+0000] {spark_submit.py:634} INFO - 24/11/18 17:14:57 INFO StandaloneSchedulerBackend$StandaloneDriverEndpoint: Registered executor NettyRpcEndpointRef(spark-client://Executor) (172.19.0.6:59626) with ID 0,  ResourceProfileId 0
[2024-11-18T17:14:57.317+0000] {spark_submit.py:634} INFO - 24/11/18 17:14:57 INFO BlockManagerMasterEndpoint: Registering block manager 172.19.0.6:42105 with 434.4 MiB RAM, BlockManagerId(0, 172.19.0.6, 42105, None)
[2024-11-18T17:14:57.324+0000] {spark_submit.py:634} INFO - 24/11/18 17:14:57 INFO BlockManagerMasterEndpoint: Registering block manager 172.19.0.5:39651 with 434.4 MiB RAM, BlockManagerId(1, 172.19.0.5, 39651, None)
[2024-11-18T17:14:58.772+0000] {spark_submit.py:634} INFO - 24/11/18 17:14:58 INFO CodeGenerator: Code generated in 336.523965 ms
[2024-11-18T17:14:58.824+0000] {spark_submit.py:634} INFO - 24/11/18 17:14:58 INFO SparkContext: Starting job: showString at NativeMethodAccessorImpl.java:0
[2024-11-18T17:14:58.842+0000] {spark_submit.py:634} INFO - 24/11/18 17:14:58 INFO DAGScheduler: Got job 0 (showString at NativeMethodAccessorImpl.java:0) with 1 output partitions
[2024-11-18T17:14:58.843+0000] {spark_submit.py:634} INFO - 24/11/18 17:14:58 INFO DAGScheduler: Final stage: ResultStage 0 (showString at NativeMethodAccessorImpl.java:0)
[2024-11-18T17:14:58.844+0000] {spark_submit.py:634} INFO - 24/11/18 17:14:58 INFO DAGScheduler: Parents of final stage: List()
[2024-11-18T17:14:58.845+0000] {spark_submit.py:634} INFO - 24/11/18 17:14:58 INFO DAGScheduler: Missing parents: List()
[2024-11-18T17:14:58.850+0000] {spark_submit.py:634} INFO - 24/11/18 17:14:58 INFO DAGScheduler: Submitting ResultStage 0 (MapPartitionsRDD[6] at showString at NativeMethodAccessorImpl.java:0), which has no missing parents
[2024-11-18T17:14:58.975+0000] {spark_submit.py:634} INFO - 24/11/18 17:14:58 INFO MemoryStore: Block broadcast_0 stored as values in memory (estimated size 13.1 KiB, free 434.4 MiB)
[2024-11-18T17:14:59.026+0000] {spark_submit.py:634} INFO - 24/11/18 17:14:59 INFO MemoryStore: Block broadcast_0_piece0 stored as bytes in memory (estimated size 6.8 KiB, free 434.4 MiB)
[2024-11-18T17:14:59.030+0000] {spark_submit.py:634} INFO - 24/11/18 17:14:59 INFO BlockManagerInfo: Added broadcast_0_piece0 in memory on 09eaa9e6bb3a:39891 (size: 6.8 KiB, free: 434.4 MiB)
[2024-11-18T17:14:59.035+0000] {spark_submit.py:634} INFO - 24/11/18 17:14:59 INFO SparkContext: Created broadcast 0 from broadcast at DAGScheduler.scala:1585
[2024-11-18T17:14:59.059+0000] {spark_submit.py:634} INFO - 24/11/18 17:14:59 INFO DAGScheduler: Submitting 1 missing tasks from ResultStage 0 (MapPartitionsRDD[6] at showString at NativeMethodAccessorImpl.java:0) (first 15 tasks are for partitions Vector(0))
[2024-11-18T17:14:59.060+0000] {spark_submit.py:634} INFO - 24/11/18 17:14:59 INFO TaskSchedulerImpl: Adding task set 0.0 with 1 tasks resource profile 0
[2024-11-18T17:14:59.119+0000] {spark_submit.py:634} INFO - 24/11/18 17:14:59 INFO TaskSetManager: Starting task 0.0 in stage 0.0 (TID 0) (172.19.0.6, executor 0, partition 0, PROCESS_LOCAL, 9122 bytes)
[2024-11-18T17:14:59.568+0000] {spark_submit.py:634} INFO - 24/11/18 17:14:59 WARN TaskSetManager: Lost task 0.0 in stage 0.0 (TID 0) (172.19.0.6 executor 0): java.io.InvalidClassException: org.apache.spark.scheduler.Task; local class incompatible: stream classdesc serialVersionUID = -6188971942555435033, local class serialVersionUID = 553100815431272095
[2024-11-18T17:14:59.569+0000] {spark_submit.py:634} INFO - at java.base/java.io.ObjectStreamClass.initNonProxy(ObjectStreamClass.java:597)
[2024-11-18T17:14:59.570+0000] {spark_submit.py:634} INFO - at java.base/java.io.ObjectInputStream.readNonProxyDesc(ObjectInputStream.java:2051)
[2024-11-18T17:14:59.577+0000] {spark_submit.py:634} INFO - at java.base/java.io.ObjectInputStream.readClassDesc(ObjectInputStream.java:1898)
[2024-11-18T17:14:59.579+0000] {spark_submit.py:634} INFO - at java.base/java.io.ObjectInputStream.readNonProxyDesc(ObjectInputStream.java:2051)
[2024-11-18T17:14:59.583+0000] {spark_submit.py:634} INFO - at java.base/java.io.ObjectInputStream.readClassDesc(ObjectInputStream.java:1898)
[2024-11-18T17:14:59.583+0000] {spark_submit.py:634} INFO - at java.base/java.io.ObjectInputStream.readOrdinaryObject(ObjectInputStream.java:2224)
[2024-11-18T17:14:59.584+0000] {spark_submit.py:634} INFO - at java.base/java.io.ObjectInputStream.readObject0(ObjectInputStream.java:1733)
[2024-11-18T17:14:59.584+0000] {spark_submit.py:634} INFO - at java.base/java.io.ObjectInputStream.readObject(ObjectInputStream.java:509)
[2024-11-18T17:14:59.585+0000] {spark_submit.py:634} INFO - at java.base/java.io.ObjectInputStream.readObject(ObjectInputStream.java:467)
[2024-11-18T17:14:59.586+0000] {spark_submit.py:634} INFO - at org.apache.spark.serializer.JavaDeserializationStream.readObject(JavaSerializer.scala:87)
[2024-11-18T17:14:59.593+0000] {spark_submit.py:634} INFO - at org.apache.spark.serializer.JavaSerializerInstance.deserialize(JavaSerializer.scala:129)
[2024-11-18T17:14:59.600+0000] {spark_submit.py:634} INFO - at org.apache.spark.executor.Executor$TaskRunner.run(Executor.scala:579)
[2024-11-18T17:14:59.602+0000] {spark_submit.py:634} INFO - at java.base/java.util.concurrent.ThreadPoolExecutor.runWorker(ThreadPoolExecutor.java:1136)
[2024-11-18T17:14:59.603+0000] {spark_submit.py:634} INFO - at java.base/java.util.concurrent.ThreadPoolExecutor$Worker.run(ThreadPoolExecutor.java:635)
[2024-11-18T17:14:59.604+0000] {spark_submit.py:634} INFO - at java.base/java.lang.Thread.run(Thread.java:840)
[2024-11-18T17:14:59.604+0000] {spark_submit.py:634} INFO - 
[2024-11-18T17:14:59.619+0000] {spark_submit.py:634} INFO - 24/11/18 17:14:59 INFO TaskSetManager: Starting task 0.1 in stage 0.0 (TID 1) (172.19.0.6, executor 0, partition 0, PROCESS_LOCAL, 9122 bytes)
[2024-11-18T17:14:59.687+0000] {spark_submit.py:634} INFO - 24/11/18 17:14:59 INFO TaskSetManager: Lost task 0.1 in stage 0.0 (TID 1) on 172.19.0.6, executor 0: java.io.InvalidClassException (org.apache.spark.scheduler.Task; local class incompatible: stream classdesc serialVersionUID = -6188971942555435033, local class serialVersionUID = 553100815431272095) [duplicate 1]
[2024-11-18T17:14:59.718+0000] {spark_submit.py:634} INFO - 24/11/18 17:14:59 INFO TaskSetManager: Starting task 0.2 in stage 0.0 (TID 2) (172.19.0.6, executor 0, partition 0, PROCESS_LOCAL, 9122 bytes)
[2024-11-18T17:14:59.835+0000] {spark_submit.py:634} INFO - 24/11/18 17:14:59 INFO TaskSetManager: Lost task 0.2 in stage 0.0 (TID 2) on 172.19.0.6, executor 0: java.io.InvalidClassException (org.apache.spark.scheduler.Task; local class incompatible: stream classdesc serialVersionUID = -6188971942555435033, local class serialVersionUID = 553100815431272095) [duplicate 2]
[2024-11-18T17:14:59.841+0000] {spark_submit.py:634} INFO - 24/11/18 17:14:59 INFO TaskSetManager: Starting task 0.3 in stage 0.0 (TID 3) (172.19.0.5, executor 1, partition 0, PROCESS_LOCAL, 9122 bytes)
[2024-11-18T17:15:00.180+0000] {spark_submit.py:634} INFO - 24/11/18 17:15:00 INFO TaskSetManager: Lost task 0.3 in stage 0.0 (TID 3) on 172.19.0.5, executor 1: java.io.InvalidClassException (org.apache.spark.scheduler.Task; local class incompatible: stream classdesc serialVersionUID = -6188971942555435033, local class serialVersionUID = 553100815431272095) [duplicate 3]
[2024-11-18T17:15:00.192+0000] {spark_submit.py:634} INFO - 24/11/18 17:15:00 ERROR TaskSetManager: Task 0 in stage 0.0 failed 4 times; aborting job
[2024-11-18T17:15:00.197+0000] {spark_submit.py:634} INFO - 24/11/18 17:15:00 INFO TaskSchedulerImpl: Removed TaskSet 0.0, whose tasks have all completed, from pool
[2024-11-18T17:15:00.205+0000] {spark_submit.py:634} INFO - 24/11/18 17:15:00 INFO TaskSchedulerImpl: Cancelling stage 0
[2024-11-18T17:15:00.206+0000] {spark_submit.py:634} INFO - 24/11/18 17:15:00 INFO TaskSchedulerImpl: Killing all running tasks in stage 0: Stage cancelled: Job aborted due to stage failure: Task 0 in stage 0.0 failed 4 times, most recent failure: Lost task 0.3 in stage 0.0 (TID 3) (172.19.0.5 executor 1): java.io.InvalidClassException: org.apache.spark.scheduler.Task; local class incompatible: stream classdesc serialVersionUID = -6188971942555435033, local class serialVersionUID = 553100815431272095
[2024-11-18T17:15:00.206+0000] {spark_submit.py:634} INFO - at java.base/java.io.ObjectStreamClass.initNonProxy(ObjectStreamClass.java:597)
[2024-11-18T17:15:00.207+0000] {spark_submit.py:634} INFO - at java.base/java.io.ObjectInputStream.readNonProxyDesc(ObjectInputStream.java:2051)
[2024-11-18T17:15:00.214+0000] {spark_submit.py:634} INFO - at java.base/java.io.ObjectInputStream.readClassDesc(ObjectInputStream.java:1898)
[2024-11-18T17:15:00.215+0000] {spark_submit.py:634} INFO - at java.base/java.io.ObjectInputStream.readNonProxyDesc(ObjectInputStream.java:2051)
[2024-11-18T17:15:00.217+0000] {spark_submit.py:634} INFO - at java.base/java.io.ObjectInputStream.readClassDesc(ObjectInputStream.java:1898)
[2024-11-18T17:15:00.218+0000] {spark_submit.py:634} INFO - at java.base/java.io.ObjectInputStream.readOrdinaryObject(ObjectInputStream.java:2224)
[2024-11-18T17:15:00.225+0000] {spark_submit.py:634} INFO - at java.base/java.io.ObjectInputStream.readObject0(ObjectInputStream.java:1733)
[2024-11-18T17:15:00.228+0000] {spark_submit.py:634} INFO - at java.base/java.io.ObjectInputStream.readObject(ObjectInputStream.java:509)
[2024-11-18T17:15:00.232+0000] {spark_submit.py:634} INFO - at java.base/java.io.ObjectInputStream.readObject(ObjectInputStream.java:467)
[2024-11-18T17:15:00.241+0000] {spark_submit.py:634} INFO - at org.apache.spark.serializer.JavaDeserializationStream.readObject(JavaSerializer.scala:87)
[2024-11-18T17:15:00.243+0000] {spark_submit.py:634} INFO - at org.apache.spark.serializer.JavaSerializerInstance.deserialize(JavaSerializer.scala:129)
[2024-11-18T17:15:00.244+0000] {spark_submit.py:634} INFO - at org.apache.spark.executor.Executor$TaskRunner.run(Executor.scala:579)
[2024-11-18T17:15:00.246+0000] {spark_submit.py:634} INFO - at java.base/java.util.concurrent.ThreadPoolExecutor.runWorker(ThreadPoolExecutor.java:1136)
[2024-11-18T17:15:00.247+0000] {spark_submit.py:634} INFO - at java.base/java.util.concurrent.ThreadPoolExecutor$Worker.run(ThreadPoolExecutor.java:635)
[2024-11-18T17:15:00.248+0000] {spark_submit.py:634} INFO - at java.base/java.lang.Thread.run(Thread.java:840)
[2024-11-18T17:15:00.249+0000] {spark_submit.py:634} INFO - 
[2024-11-18T17:15:00.251+0000] {spark_submit.py:634} INFO - Driver stacktrace:
[2024-11-18T17:15:00.267+0000] {spark_submit.py:634} INFO - 24/11/18 17:15:00 INFO DAGScheduler: ResultStage 0 (showString at NativeMethodAccessorImpl.java:0) failed in 1.341 s due to Job aborted due to stage failure: Task 0 in stage 0.0 failed 4 times, most recent failure: Lost task 0.3 in stage 0.0 (TID 3) (172.19.0.5 executor 1): java.io.InvalidClassException: org.apache.spark.scheduler.Task; local class incompatible: stream classdesc serialVersionUID = -6188971942555435033, local class serialVersionUID = 553100815431272095
[2024-11-18T17:15:00.275+0000] {spark_submit.py:634} INFO - at java.base/java.io.ObjectStreamClass.initNonProxy(ObjectStreamClass.java:597)
[2024-11-18T17:15:00.281+0000] {spark_submit.py:634} INFO - at java.base/java.io.ObjectInputStream.readNonProxyDesc(ObjectInputStream.java:2051)
[2024-11-18T17:15:00.286+0000] {spark_submit.py:634} INFO - at java.base/java.io.ObjectInputStream.readClassDesc(ObjectInputStream.java:1898)
[2024-11-18T17:15:00.288+0000] {spark_submit.py:634} INFO - at java.base/java.io.ObjectInputStream.readNonProxyDesc(ObjectInputStream.java:2051)
[2024-11-18T17:15:00.292+0000] {spark_submit.py:634} INFO - at java.base/java.io.ObjectInputStream.readClassDesc(ObjectInputStream.java:1898)
[2024-11-18T17:15:00.293+0000] {spark_submit.py:634} INFO - at java.base/java.io.ObjectInputStream.readOrdinaryObject(ObjectInputStream.java:2224)
[2024-11-18T17:15:00.297+0000] {spark_submit.py:634} INFO - at java.base/java.io.ObjectInputStream.readObject0(ObjectInputStream.java:1733)
[2024-11-18T17:15:00.298+0000] {spark_submit.py:634} INFO - at java.base/java.io.ObjectInputStream.readObject(ObjectInputStream.java:509)
[2024-11-18T17:15:00.300+0000] {spark_submit.py:634} INFO - at java.base/java.io.ObjectInputStream.readObject(ObjectInputStream.java:467)
[2024-11-18T17:15:00.302+0000] {spark_submit.py:634} INFO - at org.apache.spark.serializer.JavaDeserializationStream.readObject(JavaSerializer.scala:87)
[2024-11-18T17:15:00.303+0000] {spark_submit.py:634} INFO - at org.apache.spark.serializer.JavaSerializerInstance.deserialize(JavaSerializer.scala:129)
[2024-11-18T17:15:00.305+0000] {spark_submit.py:634} INFO - at org.apache.spark.executor.Executor$TaskRunner.run(Executor.scala:579)
[2024-11-18T17:15:00.306+0000] {spark_submit.py:634} INFO - at java.base/java.util.concurrent.ThreadPoolExecutor.runWorker(ThreadPoolExecutor.java:1136)
[2024-11-18T17:15:00.307+0000] {spark_submit.py:634} INFO - at java.base/java.util.concurrent.ThreadPoolExecutor$Worker.run(ThreadPoolExecutor.java:635)
[2024-11-18T17:15:00.307+0000] {spark_submit.py:634} INFO - at java.base/java.lang.Thread.run(Thread.java:840)
[2024-11-18T17:15:00.308+0000] {spark_submit.py:634} INFO - 
[2024-11-18T17:15:00.308+0000] {spark_submit.py:634} INFO - Driver stacktrace:
[2024-11-18T17:15:00.308+0000] {spark_submit.py:634} INFO - 24/11/18 17:15:00 INFO DAGScheduler: Job 0 failed: showString at NativeMethodAccessorImpl.java:0, took 1.391173 s
[2024-11-18T17:15:00.511+0000] {spark_submit.py:634} INFO - Traceback (most recent call last):
[2024-11-18T17:15:00.512+0000] {spark_submit.py:634} INFO - File "/opt/***/dags/spark_job.py", line 19, in <module>
[2024-11-18T17:15:00.514+0000] {spark_submit.py:634} INFO - df.show()
[2024-11-18T17:15:00.515+0000] {spark_submit.py:634} INFO - File "/home/***/.local/lib/python3.11/site-packages/pyspark/python/lib/pyspark.zip/pyspark/sql/dataframe.py", line 947, in show
[2024-11-18T17:15:00.515+0000] {spark_submit.py:634} INFO - File "/home/***/.local/lib/python3.11/site-packages/pyspark/python/lib/pyspark.zip/pyspark/sql/dataframe.py", line 965, in _show_string
[2024-11-18T17:15:00.515+0000] {spark_submit.py:634} INFO - File "/home/***/.local/lib/python3.11/site-packages/pyspark/python/lib/py4j-0.10.9.7-src.zip/py4j/java_gateway.py", line 1322, in __call__
[2024-11-18T17:15:00.516+0000] {spark_submit.py:634} INFO - File "/home/***/.local/lib/python3.11/site-packages/pyspark/python/lib/pyspark.zip/pyspark/errors/exceptions/captured.py", line 179, in deco
[2024-11-18T17:15:00.516+0000] {spark_submit.py:634} INFO - File "/home/***/.local/lib/python3.11/site-packages/pyspark/python/lib/py4j-0.10.9.7-src.zip/py4j/protocol.py", line 326, in get_return_value
[2024-11-18T17:15:00.517+0000] {spark_submit.py:634} INFO - py4j.protocol.Py4JJavaError: An error occurred while calling o41.showString.
[2024-11-18T17:15:00.518+0000] {spark_submit.py:634} INFO - : org.apache.spark.SparkException: Job aborted due to stage failure: Task 0 in stage 0.0 failed 4 times, most recent failure: Lost task 0.3 in stage 0.0 (TID 3) (172.19.0.5 executor 1): java.io.InvalidClassException: org.apache.spark.scheduler.Task; local class incompatible: stream classdesc serialVersionUID = -6188971942555435033, local class serialVersionUID = 553100815431272095
[2024-11-18T17:15:00.518+0000] {spark_submit.py:634} INFO - at java.base/java.io.ObjectStreamClass.initNonProxy(ObjectStreamClass.java:597)
[2024-11-18T17:15:00.519+0000] {spark_submit.py:634} INFO - at java.base/java.io.ObjectInputStream.readNonProxyDesc(ObjectInputStream.java:2051)
[2024-11-18T17:15:00.519+0000] {spark_submit.py:634} INFO - at java.base/java.io.ObjectInputStream.readClassDesc(ObjectInputStream.java:1898)
[2024-11-18T17:15:00.520+0000] {spark_submit.py:634} INFO - at java.base/java.io.ObjectInputStream.readNonProxyDesc(ObjectInputStream.java:2051)
[2024-11-18T17:15:00.520+0000] {spark_submit.py:634} INFO - at java.base/java.io.ObjectInputStream.readClassDesc(ObjectInputStream.java:1898)
[2024-11-18T17:15:00.520+0000] {spark_submit.py:634} INFO - at java.base/java.io.ObjectInputStream.readOrdinaryObject(ObjectInputStream.java:2224)
[2024-11-18T17:15:00.522+0000] {spark_submit.py:634} INFO - at java.base/java.io.ObjectInputStream.readObject0(ObjectInputStream.java:1733)
[2024-11-18T17:15:00.522+0000] {spark_submit.py:634} INFO - at java.base/java.io.ObjectInputStream.readObject(ObjectInputStream.java:509)
[2024-11-18T17:15:00.523+0000] {spark_submit.py:634} INFO - at java.base/java.io.ObjectInputStream.readObject(ObjectInputStream.java:467)
[2024-11-18T17:15:00.523+0000] {spark_submit.py:634} INFO - at org.apache.spark.serializer.JavaDeserializationStream.readObject(JavaSerializer.scala:87)
[2024-11-18T17:15:00.524+0000] {spark_submit.py:634} INFO - at org.apache.spark.serializer.JavaSerializerInstance.deserialize(JavaSerializer.scala:129)
[2024-11-18T17:15:00.524+0000] {spark_submit.py:634} INFO - at org.apache.spark.executor.Executor$TaskRunner.run(Executor.scala:579)
[2024-11-18T17:15:00.525+0000] {spark_submit.py:634} INFO - at java.base/java.util.concurrent.ThreadPoolExecutor.runWorker(ThreadPoolExecutor.java:1136)
[2024-11-18T17:15:00.526+0000] {spark_submit.py:634} INFO - at java.base/java.util.concurrent.ThreadPoolExecutor$Worker.run(ThreadPoolExecutor.java:635)
[2024-11-18T17:15:00.526+0000] {spark_submit.py:634} INFO - at java.base/java.lang.Thread.run(Thread.java:840)
[2024-11-18T17:15:00.527+0000] {spark_submit.py:634} INFO - 
[2024-11-18T17:15:00.527+0000] {spark_submit.py:634} INFO - Driver stacktrace:
[2024-11-18T17:15:00.529+0000] {spark_submit.py:634} INFO - at org.apache.spark.scheduler.DAGScheduler.failJobAndIndependentStages(DAGScheduler.scala:2856)
[2024-11-18T17:15:00.529+0000] {spark_submit.py:634} INFO - at org.apache.spark.scheduler.DAGScheduler.$anonfun$abortStage$2(DAGScheduler.scala:2792)
[2024-11-18T17:15:00.530+0000] {spark_submit.py:634} INFO - at org.apache.spark.scheduler.DAGScheduler.$anonfun$abortStage$2$adapted(DAGScheduler.scala:2791)
[2024-11-18T17:15:00.531+0000] {spark_submit.py:634} INFO - at scala.collection.mutable.ResizableArray.foreach(ResizableArray.scala:62)
[2024-11-18T17:15:00.532+0000] {spark_submit.py:634} INFO - at scala.collection.mutable.ResizableArray.foreach$(ResizableArray.scala:55)
[2024-11-18T17:15:00.533+0000] {spark_submit.py:634} INFO - at scala.collection.mutable.ArrayBuffer.foreach(ArrayBuffer.scala:49)
[2024-11-18T17:15:00.534+0000] {spark_submit.py:634} INFO - at org.apache.spark.scheduler.DAGScheduler.abortStage(DAGScheduler.scala:2791)
[2024-11-18T17:15:00.534+0000] {spark_submit.py:634} INFO - at org.apache.spark.scheduler.DAGScheduler.$anonfun$handleTaskSetFailed$1(DAGScheduler.scala:1247)
[2024-11-18T17:15:00.536+0000] {spark_submit.py:634} INFO - at org.apache.spark.scheduler.DAGScheduler.$anonfun$handleTaskSetFailed$1$adapted(DAGScheduler.scala:1247)
[2024-11-18T17:15:00.536+0000] {spark_submit.py:634} INFO - at scala.Option.foreach(Option.scala:407)
[2024-11-18T17:15:00.537+0000] {spark_submit.py:634} INFO - at org.apache.spark.scheduler.DAGScheduler.handleTaskSetFailed(DAGScheduler.scala:1247)
[2024-11-18T17:15:00.538+0000] {spark_submit.py:634} INFO - at org.apache.spark.scheduler.DAGSchedulerEventProcessLoop.doOnReceive(DAGScheduler.scala:3060)
[2024-11-18T17:15:00.538+0000] {spark_submit.py:634} INFO - at org.apache.spark.scheduler.DAGSchedulerEventProcessLoop.onReceive(DAGScheduler.scala:2994)
[2024-11-18T17:15:00.539+0000] {spark_submit.py:634} INFO - at org.apache.spark.scheduler.DAGSchedulerEventProcessLoop.onReceive(DAGScheduler.scala:2983)
[2024-11-18T17:15:00.539+0000] {spark_submit.py:634} INFO - at org.apache.spark.util.EventLoop$$anon$1.run(EventLoop.scala:49)
[2024-11-18T17:15:00.540+0000] {spark_submit.py:634} INFO - at org.apache.spark.scheduler.DAGScheduler.runJob(DAGScheduler.scala:989)
[2024-11-18T17:15:00.541+0000] {spark_submit.py:634} INFO - at org.apache.spark.SparkContext.runJob(SparkContext.scala:2393)
[2024-11-18T17:15:00.545+0000] {spark_submit.py:634} INFO - at org.apache.spark.SparkContext.runJob(SparkContext.scala:2414)
[2024-11-18T17:15:00.546+0000] {spark_submit.py:634} INFO - at org.apache.spark.SparkContext.runJob(SparkContext.scala:2433)
[2024-11-18T17:15:00.546+0000] {spark_submit.py:634} INFO - at org.apache.spark.sql.execution.SparkPlan.executeTake(SparkPlan.scala:530)
[2024-11-18T17:15:00.547+0000] {spark_submit.py:634} INFO - at org.apache.spark.sql.execution.SparkPlan.executeTake(SparkPlan.scala:483)
[2024-11-18T17:15:00.547+0000] {spark_submit.py:634} INFO - at org.apache.spark.sql.execution.CollectLimitExec.executeCollect(limit.scala:61)
[2024-11-18T17:15:00.547+0000] {spark_submit.py:634} INFO - at org.apache.spark.sql.Dataset.collectFromPlan(Dataset.scala:4333)
[2024-11-18T17:15:00.547+0000] {spark_submit.py:634} INFO - at org.apache.spark.sql.Dataset.$anonfun$head$1(Dataset.scala:3316)
[2024-11-18T17:15:00.548+0000] {spark_submit.py:634} INFO - at org.apache.spark.sql.Dataset.$anonfun$withAction$2(Dataset.scala:4323)
[2024-11-18T17:15:00.548+0000] {spark_submit.py:634} INFO - at org.apache.spark.sql.execution.QueryExecution$.withInternalError(QueryExecution.scala:546)
[2024-11-18T17:15:00.548+0000] {spark_submit.py:634} INFO - at org.apache.spark.sql.Dataset.$anonfun$withAction$1(Dataset.scala:4321)
[2024-11-18T17:15:00.548+0000] {spark_submit.py:634} INFO - at org.apache.spark.sql.execution.SQLExecution$.$anonfun$withNewExecutionId$6(SQLExecution.scala:125)
[2024-11-18T17:15:00.549+0000] {spark_submit.py:634} INFO - at org.apache.spark.sql.execution.SQLExecution$.withSQLConfPropagated(SQLExecution.scala:201)
[2024-11-18T17:15:00.549+0000] {spark_submit.py:634} INFO - at org.apache.spark.sql.execution.SQLExecution$.$anonfun$withNewExecutionId$1(SQLExecution.scala:108)
[2024-11-18T17:15:00.549+0000] {spark_submit.py:634} INFO - at org.apache.spark.sql.SparkSession.withActive(SparkSession.scala:900)
[2024-11-18T17:15:00.550+0000] {spark_submit.py:634} INFO - at org.apache.spark.sql.execution.SQLExecution$.withNewExecutionId(SQLExecution.scala:66)
[2024-11-18T17:15:00.550+0000] {spark_submit.py:634} INFO - at org.apache.spark.sql.Dataset.withAction(Dataset.scala:4321)
[2024-11-18T17:15:00.550+0000] {spark_submit.py:634} INFO - at org.apache.spark.sql.Dataset.head(Dataset.scala:3316)
[2024-11-18T17:15:00.550+0000] {spark_submit.py:634} INFO - at org.apache.spark.sql.Dataset.take(Dataset.scala:3539)
[2024-11-18T17:15:00.551+0000] {spark_submit.py:634} INFO - at org.apache.spark.sql.Dataset.getRows(Dataset.scala:280)
[2024-11-18T17:15:00.551+0000] {spark_submit.py:634} INFO - at org.apache.spark.sql.Dataset.showString(Dataset.scala:315)
[2024-11-18T17:15:00.551+0000] {spark_submit.py:634} INFO - at java.base/jdk.internal.reflect.NativeMethodAccessorImpl.invoke0(Native Method)
[2024-11-18T17:15:00.552+0000] {spark_submit.py:634} INFO - at java.base/jdk.internal.reflect.NativeMethodAccessorImpl.invoke(NativeMethodAccessorImpl.java:77)
[2024-11-18T17:15:00.552+0000] {spark_submit.py:634} INFO - at java.base/jdk.internal.reflect.DelegatingMethodAccessorImpl.invoke(DelegatingMethodAccessorImpl.java:43)
[2024-11-18T17:15:00.552+0000] {spark_submit.py:634} INFO - at java.base/java.lang.reflect.Method.invoke(Method.java:569)
[2024-11-18T17:15:00.553+0000] {spark_submit.py:634} INFO - at py4j.reflection.MethodInvoker.invoke(MethodInvoker.java:244)
[2024-11-18T17:15:00.553+0000] {spark_submit.py:634} INFO - at py4j.reflection.ReflectionEngine.invoke(ReflectionEngine.java:374)
[2024-11-18T17:15:00.553+0000] {spark_submit.py:634} INFO - at py4j.Gateway.invoke(Gateway.java:282)
[2024-11-18T17:15:00.553+0000] {spark_submit.py:634} INFO - at py4j.commands.AbstractCommand.invokeMethod(AbstractCommand.java:132)
[2024-11-18T17:15:00.554+0000] {spark_submit.py:634} INFO - at py4j.commands.CallCommand.execute(CallCommand.java:79)
[2024-11-18T17:15:00.554+0000] {spark_submit.py:634} INFO - at py4j.ClientServerConnection.waitForCommands(ClientServerConnection.java:182)
[2024-11-18T17:15:00.554+0000] {spark_submit.py:634} INFO - at py4j.ClientServerConnection.run(ClientServerConnection.java:106)
[2024-11-18T17:15:00.554+0000] {spark_submit.py:634} INFO - at java.base/java.lang.Thread.run(Thread.java:840)
[2024-11-18T17:15:00.554+0000] {spark_submit.py:634} INFO - Caused by: java.io.InvalidClassException: org.apache.spark.scheduler.Task; local class incompatible: stream classdesc serialVersionUID = -6188971942555435033, local class serialVersionUID = 553100815431272095
[2024-11-18T17:15:00.555+0000] {spark_submit.py:634} INFO - at java.base/java.io.ObjectStreamClass.initNonProxy(ObjectStreamClass.java:597)
[2024-11-18T17:15:00.555+0000] {spark_submit.py:634} INFO - at java.base/java.io.ObjectInputStream.readNonProxyDesc(ObjectInputStream.java:2051)
[2024-11-18T17:15:00.555+0000] {spark_submit.py:634} INFO - at java.base/java.io.ObjectInputStream.readClassDesc(ObjectInputStream.java:1898)
[2024-11-18T17:15:00.555+0000] {spark_submit.py:634} INFO - at java.base/java.io.ObjectInputStream.readNonProxyDesc(ObjectInputStream.java:2051)
[2024-11-18T17:15:00.556+0000] {spark_submit.py:634} INFO - at java.base/java.io.ObjectInputStream.readClassDesc(ObjectInputStream.java:1898)
[2024-11-18T17:15:00.556+0000] {spark_submit.py:634} INFO - at java.base/java.io.ObjectInputStream.readOrdinaryObject(ObjectInputStream.java:2224)
[2024-11-18T17:15:00.556+0000] {spark_submit.py:634} INFO - at java.base/java.io.ObjectInputStream.readObject0(ObjectInputStream.java:1733)
[2024-11-18T17:15:00.556+0000] {spark_submit.py:634} INFO - at java.base/java.io.ObjectInputStream.readObject(ObjectInputStream.java:509)
[2024-11-18T17:15:00.556+0000] {spark_submit.py:634} INFO - at java.base/java.io.ObjectInputStream.readObject(ObjectInputStream.java:467)
[2024-11-18T17:15:00.557+0000] {spark_submit.py:634} INFO - at org.apache.spark.serializer.JavaDeserializationStream.readObject(JavaSerializer.scala:87)
[2024-11-18T17:15:00.557+0000] {spark_submit.py:634} INFO - at org.apache.spark.serializer.JavaSerializerInstance.deserialize(JavaSerializer.scala:129)
[2024-11-18T17:15:00.557+0000] {spark_submit.py:634} INFO - at org.apache.spark.executor.Executor$TaskRunner.run(Executor.scala:579)
[2024-11-18T17:15:00.557+0000] {spark_submit.py:634} INFO - at java.base/java.util.concurrent.ThreadPoolExecutor.runWorker(ThreadPoolExecutor.java:1136)
[2024-11-18T17:15:00.557+0000] {spark_submit.py:634} INFO - at java.base/java.util.concurrent.ThreadPoolExecutor$Worker.run(ThreadPoolExecutor.java:635)
[2024-11-18T17:15:00.558+0000] {spark_submit.py:634} INFO - ... 1 more
[2024-11-18T17:15:00.558+0000] {spark_submit.py:634} INFO - 
[2024-11-18T17:15:00.678+0000] {spark_submit.py:634} INFO - 24/11/18 17:15:00 INFO SparkContext: Invoking stop() from shutdown hook
[2024-11-18T17:15:00.680+0000] {spark_submit.py:634} INFO - 24/11/18 17:15:00 INFO SparkContext: SparkContext is stopping with exitCode 0.
[2024-11-18T17:15:00.700+0000] {spark_submit.py:634} INFO - 24/11/18 17:15:00 INFO SparkUI: Stopped Spark web UI at http://09eaa9e6bb3a:4040
[2024-11-18T17:15:00.717+0000] {spark_submit.py:634} INFO - 24/11/18 17:15:00 INFO StandaloneSchedulerBackend: Shutting down all executors
[2024-11-18T17:15:00.719+0000] {spark_submit.py:634} INFO - 24/11/18 17:15:00 INFO StandaloneSchedulerBackend$StandaloneDriverEndpoint: Asking each executor to shut down
[2024-11-18T17:15:00.784+0000] {spark_submit.py:634} INFO - 24/11/18 17:15:00 INFO MapOutputTrackerMasterEndpoint: MapOutputTrackerMasterEndpoint stopped!
[2024-11-18T17:15:00.915+0000] {spark_submit.py:634} INFO - 24/11/18 17:15:00 INFO MemoryStore: MemoryStore cleared
[2024-11-18T17:15:00.917+0000] {spark_submit.py:634} INFO - 24/11/18 17:15:00 INFO BlockManager: BlockManager stopped
[2024-11-18T17:15:00.941+0000] {spark_submit.py:634} INFO - 24/11/18 17:15:00 INFO BlockManagerMaster: BlockManagerMaster stopped
[2024-11-18T17:15:00.945+0000] {spark_submit.py:634} INFO - 24/11/18 17:15:00 INFO OutputCommitCoordinator$OutputCommitCoordinatorEndpoint: OutputCommitCoordinator stopped!
[2024-11-18T17:15:00.981+0000] {spark_submit.py:634} INFO - 24/11/18 17:15:00 INFO SparkContext: Successfully stopped SparkContext
[2024-11-18T17:15:00.986+0000] {spark_submit.py:634} INFO - 24/11/18 17:15:00 INFO ShutdownHookManager: Shutdown hook called
[2024-11-18T17:15:01.000+0000] {spark_submit.py:634} INFO - 24/11/18 17:15:00 INFO ShutdownHookManager: Deleting directory /tmp/spark-0b6a1dd6-0d4e-4dc0-b77f-34e4d12eb013
[2024-11-18T17:15:01.009+0000] {spark_submit.py:634} INFO - 24/11/18 17:15:01 INFO ShutdownHookManager: Deleting directory /tmp/spark-18004660-06a0-4a52-a33d-71ba5f428d41/pyspark-c14576ff-dff7-401e-8b6d-e43baf0649ef
[2024-11-18T17:15:01.039+0000] {spark_submit.py:634} INFO - 24/11/18 17:15:01 INFO ShutdownHookManager: Deleting directory /tmp/spark-18004660-06a0-4a52-a33d-71ba5f428d41
[2024-11-18T17:15:01.093+0000] {taskinstance.py:441} INFO - ::group::Post task execution logs
[2024-11-18T17:15:01.121+0000] {taskinstance.py:2905} ERROR - Task failed with exception
Traceback (most recent call last):
  File "/home/airflow/.local/lib/python3.11/site-packages/airflow/models/taskinstance.py", line 465, in _execute_task
    result = _execute_callable(context=context, **execute_callable_kwargs)
             ^^^^^^^^^^^^^^^^^^^^^^^^^^^^^^^^^^^^^^^^^^^^^^^^^^^^^^^^^^^^^
  File "/home/airflow/.local/lib/python3.11/site-packages/airflow/models/taskinstance.py", line 432, in _execute_callable
    return execute_callable(context=context, **execute_callable_kwargs)
           ^^^^^^^^^^^^^^^^^^^^^^^^^^^^^^^^^^^^^^^^^^^^^^^^^^^^^^^^^^^^
  File "/home/airflow/.local/lib/python3.11/site-packages/airflow/models/baseoperator.py", line 401, in wrapper
    return func(self, *args, **kwargs)
           ^^^^^^^^^^^^^^^^^^^^^^^^^^^
  File "/home/airflow/.local/lib/python3.11/site-packages/airflow/providers/apache/spark/operators/spark_submit.py", line 176, in execute
    self._hook.submit(self.application)
  File "/home/airflow/.local/lib/python3.11/site-packages/airflow/providers/apache/spark/hooks/spark_submit.py", line 560, in submit
    raise AirflowException(
airflow.exceptions.AirflowException: Cannot execute: spark-submit --master spark://spark:7077 --name arrow-spark --deploy-mode client /opt/***/dags/spark_job.py. Error code is: 1.
[2024-11-18T17:15:01.127+0000] {taskinstance.py:1206} INFO - Marking task as UP_FOR_RETRY. dag_id=spark_dag, task_id=spark_task, run_id=manual__2024-11-18T17:09:17.360866+00:00, execution_date=20241118T170917, start_date=20241118T171445, end_date=20241118T171501
[2024-11-18T17:15:01.167+0000] {standard_task_runner.py:110} ERROR - Failed to execute job 768 for task spark_task (Cannot execute: spark-submit --master spark://spark:7077 --name arrow-spark --deploy-mode client /opt/***/dags/spark_job.py. Error code is: 1.; 871)
[2024-11-18T17:15:01.218+0000] {local_task_job_runner.py:243} INFO - Task exited with return code 1
[2024-11-18T17:15:01.247+0000] {taskinstance.py:3503} INFO - 0 downstream tasks scheduled from follow-on schedule check
[2024-11-18T17:15:01.257+0000] {local_task_job_runner.py:222} INFO - ::endgroup::
