[2024-11-18T17:15:45.244+0000] {local_task_job_runner.py:120} INFO - ::group::Pre task execution logs
[2024-11-18T17:15:45.272+0000] {taskinstance.py:2076} INFO - Dependencies all met for dep_context=non-requeueable deps ti=<TaskInstance: spark_dag.spark_task manual__2024-11-18T17:15:42.156306+00:00 [queued]>
[2024-11-18T17:15:45.287+0000] {taskinstance.py:2076} INFO - Dependencies all met for dep_context=requeueable deps ti=<TaskInstance: spark_dag.spark_task manual__2024-11-18T17:15:42.156306+00:00 [queued]>
[2024-11-18T17:15:45.288+0000] {taskinstance.py:2306} INFO - Starting attempt 1 of 2
[2024-11-18T17:15:45.309+0000] {taskinstance.py:2330} INFO - Executing <Task(SparkSubmitOperator): spark_task> on 2024-11-18 17:15:42.156306+00:00
[2024-11-18T17:15:45.318+0000] {standard_task_runner.py:64} INFO - Started process 1284 to run task
[2024-11-18T17:15:45.321+0000] {standard_task_runner.py:90} INFO - Running: ['***', 'tasks', 'run', 'spark_dag', 'spark_task', 'manual__2024-11-18T17:15:42.156306+00:00', '--job-id', '771', '--raw', '--subdir', 'DAGS_FOLDER/spark_dag.py', '--cfg-path', '/tmp/tmpsbzmmamu']
[2024-11-18T17:15:45.325+0000] {standard_task_runner.py:91} INFO - Job 771: Subtask spark_task
[2024-11-18T17:15:45.378+0000] {task_command.py:426} INFO - Running <TaskInstance: spark_dag.spark_task manual__2024-11-18T17:15:42.156306+00:00 [running]> on host 09eaa9e6bb3a
[2024-11-18T17:15:45.476+0000] {taskinstance.py:2648} INFO - Exporting env vars: AIRFLOW_CTX_DAG_OWNER='***' AIRFLOW_CTX_DAG_ID='spark_dag' AIRFLOW_CTX_TASK_ID='spark_task' AIRFLOW_CTX_EXECUTION_DATE='2024-11-18T17:15:42.156306+00:00' AIRFLOW_CTX_TRY_NUMBER='1' AIRFLOW_CTX_DAG_RUN_ID='manual__2024-11-18T17:15:42.156306+00:00'
[2024-11-18T17:15:45.478+0000] {taskinstance.py:430} INFO - ::endgroup::
[2024-11-18T17:15:45.490+0000] {base.py:84} INFO - Using connection ID 'spark_default' for task execution.
[2024-11-18T17:15:45.491+0000] {spark_submit.py:473} INFO - Spark-Submit cmd: spark-submit --master spark://spark:7077 --name arrow-spark --deploy-mode client /opt/***/dags/spark_job.py
[2024-11-18T17:15:49.474+0000] {spark_submit.py:634} INFO - 24/11/18 17:15:49 INFO SparkContext: Running Spark version 3.5.3
[2024-11-18T17:15:49.481+0000] {spark_submit.py:634} INFO - 24/11/18 17:15:49 INFO SparkContext: OS info Linux, 5.15.153.1-microsoft-standard-WSL2, amd64
[2024-11-18T17:15:49.488+0000] {spark_submit.py:634} INFO - 24/11/18 17:15:49 INFO SparkContext: Java version 17.0.12
[2024-11-18T17:15:49.818+0000] {spark_submit.py:634} INFO - 24/11/18 17:15:49 WARN NativeCodeLoader: Unable to load native-hadoop library for your platform... using builtin-java classes where applicable
[2024-11-18T17:15:50.328+0000] {spark_submit.py:634} INFO - 24/11/18 17:15:50 INFO ResourceUtils: ==============================================================
[2024-11-18T17:15:50.329+0000] {spark_submit.py:634} INFO - 24/11/18 17:15:50 INFO ResourceUtils: No custom resources configured for spark.driver.
[2024-11-18T17:15:50.332+0000] {spark_submit.py:634} INFO - 24/11/18 17:15:50 INFO ResourceUtils: ==============================================================
[2024-11-18T17:15:50.333+0000] {spark_submit.py:634} INFO - 24/11/18 17:15:50 INFO SparkContext: Submitted application: Airflow Spark Job
[2024-11-18T17:15:50.434+0000] {spark_submit.py:634} INFO - 24/11/18 17:15:50 INFO ResourceProfile: Default ResourceProfile created, executor resources: Map(memory -> name: memory, amount: 1024, script: , vendor: , offHeap -> name: offHeap, amount: 0, script: , vendor: ), task resources: Map(cpus -> name: cpus, amount: 1.0)
[2024-11-18T17:15:50.470+0000] {spark_submit.py:634} INFO - 24/11/18 17:15:50 INFO ResourceProfile: Limiting resource is cpu
[2024-11-18T17:15:50.484+0000] {spark_submit.py:634} INFO - 24/11/18 17:15:50 INFO ResourceProfileManager: Added ResourceProfile id: 0
[2024-11-18T17:15:50.703+0000] {spark_submit.py:634} INFO - 24/11/18 17:15:50 INFO SecurityManager: Changing view acls to: ***
[2024-11-18T17:15:50.710+0000] {spark_submit.py:634} INFO - 24/11/18 17:15:50 INFO SecurityManager: Changing modify acls to: ***
[2024-11-18T17:15:50.714+0000] {spark_submit.py:634} INFO - 24/11/18 17:15:50 INFO SecurityManager: Changing view acls groups to:
[2024-11-18T17:15:50.716+0000] {spark_submit.py:634} INFO - 24/11/18 17:15:50 INFO SecurityManager: Changing modify acls groups to:
[2024-11-18T17:15:50.716+0000] {spark_submit.py:634} INFO - 24/11/18 17:15:50 INFO SecurityManager: SecurityManager: authentication disabled; ui acls disabled; users with view permissions: ***; groups with view permissions: EMPTY; users with modify permissions: ***; groups with modify permissions: EMPTY
[2024-11-18T17:15:51.443+0000] {spark_submit.py:634} INFO - 24/11/18 17:15:51 INFO Utils: Successfully started service 'sparkDriver' on port 35437.
[2024-11-18T17:15:51.531+0000] {spark_submit.py:634} INFO - 24/11/18 17:15:51 INFO SparkEnv: Registering MapOutputTracker
[2024-11-18T17:15:51.731+0000] {spark_submit.py:634} INFO - 24/11/18 17:15:51 INFO SparkEnv: Registering BlockManagerMaster
[2024-11-18T17:15:51.765+0000] {spark_submit.py:634} INFO - 24/11/18 17:15:51 INFO BlockManagerMasterEndpoint: Using org.apache.spark.storage.DefaultTopologyMapper for getting topology information
[2024-11-18T17:15:51.768+0000] {spark_submit.py:634} INFO - 24/11/18 17:15:51 INFO BlockManagerMasterEndpoint: BlockManagerMasterEndpoint up
[2024-11-18T17:15:51.778+0000] {spark_submit.py:634} INFO - 24/11/18 17:15:51 INFO SparkEnv: Registering BlockManagerMasterHeartbeat
[2024-11-18T17:15:51.842+0000] {spark_submit.py:634} INFO - 24/11/18 17:15:51 INFO DiskBlockManager: Created local directory at /tmp/blockmgr-580d7bd2-59e3-4ca9-ba85-4ebb9d320ac2
[2024-11-18T17:15:51.884+0000] {spark_submit.py:634} INFO - 24/11/18 17:15:51 INFO MemoryStore: MemoryStore started with capacity 434.4 MiB
[2024-11-18T17:15:51.917+0000] {spark_submit.py:634} INFO - 24/11/18 17:15:51 INFO SparkEnv: Registering OutputCommitCoordinator
[2024-11-18T17:15:52.270+0000] {spark_submit.py:634} INFO - 24/11/18 17:15:52 INFO JettyUtils: Start Jetty 0.0.0.0:4040 for SparkUI
[2024-11-18T17:15:52.505+0000] {spark_submit.py:634} INFO - 24/11/18 17:15:52 WARN Utils: Service 'SparkUI' could not bind on port 4040. Attempting port 4041.
[2024-11-18T17:15:52.540+0000] {spark_submit.py:634} INFO - 24/11/18 17:15:52 INFO Utils: Successfully started service 'SparkUI' on port 4041.
[2024-11-18T17:15:53.018+0000] {spark_submit.py:634} INFO - 24/11/18 17:15:53 INFO StandaloneAppClient$ClientEndpoint: Connecting to master spark://spark:7077...
[2024-11-18T17:15:53.183+0000] {spark_submit.py:634} INFO - 24/11/18 17:15:53 INFO TransportClientFactory: Successfully created connection to spark/172.19.0.4:7077 after 96 ms (0 ms spent in bootstraps)
[2024-11-18T17:15:53.423+0000] {spark_submit.py:634} INFO - 24/11/18 17:15:53 INFO StandaloneSchedulerBackend: Connected to Spark cluster with app ID app-20241118171553-0007
[2024-11-18T17:15:53.445+0000] {spark_submit.py:634} INFO - 24/11/18 17:15:53 INFO Utils: Successfully started service 'org.apache.spark.network.netty.NettyBlockTransferService' on port 37739.
[2024-11-18T17:15:53.446+0000] {spark_submit.py:634} INFO - 24/11/18 17:15:53 INFO NettyBlockTransferService: Server created on 09eaa9e6bb3a:37739
[2024-11-18T17:15:53.448+0000] {spark_submit.py:634} INFO - 24/11/18 17:15:53 INFO BlockManager: Using org.apache.spark.storage.RandomBlockReplicationPolicy for block replication policy
[2024-11-18T17:15:53.456+0000] {spark_submit.py:634} INFO - 24/11/18 17:15:53 INFO BlockManagerMaster: Registering BlockManager BlockManagerId(driver, 09eaa9e6bb3a, 37739, None)
[2024-11-18T17:15:53.461+0000] {spark_submit.py:634} INFO - 24/11/18 17:15:53 INFO BlockManagerMasterEndpoint: Registering block manager 09eaa9e6bb3a:37739 with 434.4 MiB RAM, BlockManagerId(driver, 09eaa9e6bb3a, 37739, None)
[2024-11-18T17:15:53.465+0000] {spark_submit.py:634} INFO - 24/11/18 17:15:53 INFO BlockManagerMaster: Registered BlockManager BlockManagerId(driver, 09eaa9e6bb3a, 37739, None)
[2024-11-18T17:15:53.471+0000] {spark_submit.py:634} INFO - 24/11/18 17:15:53 INFO BlockManager: Initialized BlockManager: BlockManagerId(driver, 09eaa9e6bb3a, 37739, None)
[2024-11-18T17:15:53.919+0000] {spark_submit.py:634} INFO - 24/11/18 17:15:53 INFO StandaloneSchedulerBackend: SchedulerBackend is ready for scheduling beginning after reached minRegisteredResourcesRatio: 0.0
[2024-11-18T17:15:55.229+0000] {spark_submit.py:634} INFO - 24/11/18 17:15:55 INFO SharedState: Setting hive.metastore.warehouse.dir ('null') to the value of spark.sql.warehouse.dir.
[2024-11-18T17:15:55.240+0000] {spark_submit.py:634} INFO - 24/11/18 17:15:55 INFO SharedState: Warehouse path is 'file:/app/spark-warehouse'.
[2024-11-18T17:15:57.878+0000] {spark_submit.py:634} INFO - 24/11/18 17:15:57 INFO StandaloneAppClient$ClientEndpoint: Executor added: app-20241118171553-0007/0 on worker-20241118170655-172.19.0.6-36949 (172.19.0.6:36949) with 1 core(s)
[2024-11-18T17:15:57.882+0000] {spark_submit.py:634} INFO - 24/11/18 17:15:57 INFO StandaloneSchedulerBackend: Granted executor ID app-20241118171553-0007/0 on hostPort 172.19.0.6:36949 with 1 core(s), 1024.0 MiB RAM
[2024-11-18T17:15:57.883+0000] {spark_submit.py:634} INFO - 24/11/18 17:15:57 INFO StandaloneAppClient$ClientEndpoint: Executor added: app-20241118171553-0007/1 on worker-20241118170656-172.19.0.5-42287 (172.19.0.5:42287) with 1 core(s)
[2024-11-18T17:15:57.889+0000] {spark_submit.py:634} INFO - 24/11/18 17:15:57 INFO StandaloneSchedulerBackend: Granted executor ID app-20241118171553-0007/1 on hostPort 172.19.0.5:42287 with 1 core(s), 1024.0 MiB RAM
[2024-11-18T17:15:57.996+0000] {spark_submit.py:634} INFO - 24/11/18 17:15:57 INFO StandaloneAppClient$ClientEndpoint: Executor updated: app-20241118171553-0007/0 is now RUNNING
[2024-11-18T17:15:58.005+0000] {spark_submit.py:634} INFO - 24/11/18 17:15:58 INFO StandaloneAppClient$ClientEndpoint: Executor updated: app-20241118171553-0007/1 is now RUNNING
[2024-11-18T17:15:59.481+0000] {spark_submit.py:634} INFO - 24/11/18 17:15:59 INFO CodeGenerator: Code generated in 462.821764 ms
[2024-11-18T17:15:59.563+0000] {spark_submit.py:634} INFO - 24/11/18 17:15:59 INFO SparkContext: Starting job: showString at NativeMethodAccessorImpl.java:0
[2024-11-18T17:15:59.597+0000] {spark_submit.py:634} INFO - 24/11/18 17:15:59 INFO DAGScheduler: Got job 0 (showString at NativeMethodAccessorImpl.java:0) with 1 output partitions
[2024-11-18T17:15:59.601+0000] {spark_submit.py:634} INFO - 24/11/18 17:15:59 INFO DAGScheduler: Final stage: ResultStage 0 (showString at NativeMethodAccessorImpl.java:0)
[2024-11-18T17:15:59.603+0000] {spark_submit.py:634} INFO - 24/11/18 17:15:59 INFO DAGScheduler: Parents of final stage: List()
[2024-11-18T17:15:59.604+0000] {spark_submit.py:634} INFO - 24/11/18 17:15:59 INFO DAGScheduler: Missing parents: List()
[2024-11-18T17:15:59.610+0000] {spark_submit.py:634} INFO - 24/11/18 17:15:59 INFO DAGScheduler: Submitting ResultStage 0 (MapPartitionsRDD[6] at showString at NativeMethodAccessorImpl.java:0), which has no missing parents
[2024-11-18T17:15:59.858+0000] {spark_submit.py:634} INFO - 24/11/18 17:15:59 INFO MemoryStore: Block broadcast_0 stored as values in memory (estimated size 12.7 KiB, free 434.4 MiB)
[2024-11-18T17:16:00.022+0000] {spark_submit.py:634} INFO - 24/11/18 17:16:00 INFO MemoryStore: Block broadcast_0_piece0 stored as bytes in memory (estimated size 6.7 KiB, free 434.4 MiB)
[2024-11-18T17:16:00.033+0000] {spark_submit.py:634} INFO - 24/11/18 17:16:00 INFO BlockManagerInfo: Added broadcast_0_piece0 in memory on 09eaa9e6bb3a:37739 (size: 6.7 KiB, free: 434.4 MiB)
[2024-11-18T17:16:00.044+0000] {spark_submit.py:634} INFO - 24/11/18 17:16:00 INFO SparkContext: Created broadcast 0 from broadcast at DAGScheduler.scala:1585
[2024-11-18T17:16:00.092+0000] {spark_submit.py:634} INFO - 24/11/18 17:16:00 INFO DAGScheduler: Submitting 1 missing tasks from ResultStage 0 (MapPartitionsRDD[6] at showString at NativeMethodAccessorImpl.java:0) (first 15 tasks are for partitions Vector(0))
[2024-11-18T17:16:00.098+0000] {spark_submit.py:634} INFO - 24/11/18 17:16:00 INFO TaskSchedulerImpl: Adding task set 0.0 with 1 tasks resource profile 0
[2024-11-18T17:16:02.858+0000] {spark_submit.py:634} INFO - 24/11/18 17:16:02 INFO StandaloneSchedulerBackend$StandaloneDriverEndpoint: Registered executor NettyRpcEndpointRef(spark-client://Executor) (172.19.0.5:58550) with ID 1,  ResourceProfileId 0
[2024-11-18T17:16:02.978+0000] {spark_submit.py:634} INFO - 24/11/18 17:16:02 INFO StandaloneSchedulerBackend$StandaloneDriverEndpoint: Registered executor NettyRpcEndpointRef(spark-client://Executor) (172.19.0.6:36140) with ID 0,  ResourceProfileId 0
[2024-11-18T17:16:03.069+0000] {spark_submit.py:634} INFO - 24/11/18 17:16:03 INFO BlockManagerMasterEndpoint: Registering block manager 172.19.0.5:45121 with 434.4 MiB RAM, BlockManagerId(1, 172.19.0.5, 45121, None)
[2024-11-18T17:16:03.122+0000] {spark_submit.py:634} INFO - 24/11/18 17:16:03 INFO BlockManagerMasterEndpoint: Registering block manager 172.19.0.6:44837 with 434.4 MiB RAM, BlockManagerId(0, 172.19.0.6, 44837, None)
[2024-11-18T17:16:03.196+0000] {spark_submit.py:634} INFO - 24/11/18 17:16:03 INFO TaskSetManager: Starting task 0.0 in stage 0.0 (TID 0) (172.19.0.5, executor 1, partition 0, PROCESS_LOCAL, 9020 bytes)
[2024-11-18T17:16:03.355+0000] {spark_submit.py:634} INFO - 24/11/18 17:16:03 WARN TaskSetManager: Lost task 0.0 in stage 0.0 (TID 0) (172.19.0.5 executor 1): java.io.InvalidClassException: org.apache.spark.scheduler.Task; local class incompatible: stream classdesc serialVersionUID = -6188971942555435033, local class serialVersionUID = 553100815431272095
[2024-11-18T17:16:03.356+0000] {spark_submit.py:634} INFO - at java.base/java.io.ObjectStreamClass.initNonProxy(ObjectStreamClass.java:597)
[2024-11-18T17:16:03.357+0000] {spark_submit.py:634} INFO - at java.base/java.io.ObjectInputStream.readNonProxyDesc(ObjectInputStream.java:2051)
[2024-11-18T17:16:03.358+0000] {spark_submit.py:634} INFO - at java.base/java.io.ObjectInputStream.readClassDesc(ObjectInputStream.java:1898)
[2024-11-18T17:16:03.361+0000] {spark_submit.py:634} INFO - at java.base/java.io.ObjectInputStream.readNonProxyDesc(ObjectInputStream.java:2051)
[2024-11-18T17:16:03.362+0000] {spark_submit.py:634} INFO - at java.base/java.io.ObjectInputStream.readClassDesc(ObjectInputStream.java:1898)
[2024-11-18T17:16:03.363+0000] {spark_submit.py:634} INFO - at java.base/java.io.ObjectInputStream.readOrdinaryObject(ObjectInputStream.java:2224)
[2024-11-18T17:16:03.363+0000] {spark_submit.py:634} INFO - at java.base/java.io.ObjectInputStream.readObject0(ObjectInputStream.java:1733)
[2024-11-18T17:16:03.365+0000] {spark_submit.py:634} INFO - at java.base/java.io.ObjectInputStream.readObject(ObjectInputStream.java:509)
[2024-11-18T17:16:03.371+0000] {spark_submit.py:634} INFO - at java.base/java.io.ObjectInputStream.readObject(ObjectInputStream.java:467)
[2024-11-18T17:16:03.371+0000] {spark_submit.py:634} INFO - at org.apache.spark.serializer.JavaDeserializationStream.readObject(JavaSerializer.scala:87)
[2024-11-18T17:16:03.377+0000] {spark_submit.py:634} INFO - at org.apache.spark.serializer.JavaSerializerInstance.deserialize(JavaSerializer.scala:129)
[2024-11-18T17:16:03.378+0000] {spark_submit.py:634} INFO - at org.apache.spark.executor.Executor$TaskRunner.run(Executor.scala:579)
[2024-11-18T17:16:03.378+0000] {spark_submit.py:634} INFO - at java.base/java.util.concurrent.ThreadPoolExecutor.runWorker(ThreadPoolExecutor.java:1136)
[2024-11-18T17:16:03.379+0000] {spark_submit.py:634} INFO - at java.base/java.util.concurrent.ThreadPoolExecutor$Worker.run(ThreadPoolExecutor.java:635)
[2024-11-18T17:16:03.380+0000] {spark_submit.py:634} INFO - at java.base/java.lang.Thread.run(Thread.java:840)
[2024-11-18T17:16:03.380+0000] {spark_submit.py:634} INFO - 
[2024-11-18T17:16:03.380+0000] {spark_submit.py:634} INFO - 24/11/18 17:16:03 INFO TaskSetManager: Starting task 0.1 in stage 0.0 (TID 1) (172.19.0.6, executor 0, partition 0, PROCESS_LOCAL, 9020 bytes)
[2024-11-18T17:16:03.467+0000] {spark_submit.py:634} INFO - 24/11/18 17:16:03 INFO TaskSetManager: Lost task 0.1 in stage 0.0 (TID 1) on 172.19.0.6, executor 0: java.io.InvalidClassException (org.apache.spark.scheduler.Task; local class incompatible: stream classdesc serialVersionUID = -6188971942555435033, local class serialVersionUID = 553100815431272095) [duplicate 1]
[2024-11-18T17:16:03.474+0000] {spark_submit.py:634} INFO - 24/11/18 17:16:03 INFO TaskSetManager: Starting task 0.2 in stage 0.0 (TID 2) (172.19.0.5, executor 1, partition 0, PROCESS_LOCAL, 9020 bytes)
[2024-11-18T17:16:03.501+0000] {spark_submit.py:634} INFO - 24/11/18 17:16:03 INFO TaskSetManager: Lost task 0.2 in stage 0.0 (TID 2) on 172.19.0.5, executor 1: java.io.InvalidClassException (org.apache.spark.scheduler.Task; local class incompatible: stream classdesc serialVersionUID = -6188971942555435033, local class serialVersionUID = 553100815431272095) [duplicate 2]
[2024-11-18T17:16:03.503+0000] {spark_submit.py:634} INFO - 24/11/18 17:16:03 INFO TaskSetManager: Starting task 0.3 in stage 0.0 (TID 3) (172.19.0.6, executor 0, partition 0, PROCESS_LOCAL, 9020 bytes)
[2024-11-18T17:16:03.518+0000] {spark_submit.py:634} INFO - 24/11/18 17:16:03 INFO TaskSetManager: Lost task 0.3 in stage 0.0 (TID 3) on 172.19.0.6, executor 0: java.io.InvalidClassException (org.apache.spark.scheduler.Task; local class incompatible: stream classdesc serialVersionUID = -6188971942555435033, local class serialVersionUID = 553100815431272095) [duplicate 3]
[2024-11-18T17:16:03.519+0000] {spark_submit.py:634} INFO - 24/11/18 17:16:03 ERROR TaskSetManager: Task 0 in stage 0.0 failed 4 times; aborting job
[2024-11-18T17:16:03.522+0000] {spark_submit.py:634} INFO - 24/11/18 17:16:03 INFO TaskSchedulerImpl: Removed TaskSet 0.0, whose tasks have all completed, from pool
[2024-11-18T17:16:03.523+0000] {spark_submit.py:634} INFO - 24/11/18 17:16:03 INFO TaskSchedulerImpl: Cancelling stage 0
[2024-11-18T17:16:03.525+0000] {spark_submit.py:634} INFO - 24/11/18 17:16:03 INFO TaskSchedulerImpl: Killing all running tasks in stage 0: Stage cancelled: Job aborted due to stage failure: Task 0 in stage 0.0 failed 4 times, most recent failure: Lost task 0.3 in stage 0.0 (TID 3) (172.19.0.6 executor 0): java.io.InvalidClassException: org.apache.spark.scheduler.Task; local class incompatible: stream classdesc serialVersionUID = -6188971942555435033, local class serialVersionUID = 553100815431272095
[2024-11-18T17:16:03.526+0000] {spark_submit.py:634} INFO - at java.base/java.io.ObjectStreamClass.initNonProxy(ObjectStreamClass.java:597)
[2024-11-18T17:16:03.526+0000] {spark_submit.py:634} INFO - at java.base/java.io.ObjectInputStream.readNonProxyDesc(ObjectInputStream.java:2051)
[2024-11-18T17:16:03.527+0000] {spark_submit.py:634} INFO - at java.base/java.io.ObjectInputStream.readClassDesc(ObjectInputStream.java:1898)
[2024-11-18T17:16:03.527+0000] {spark_submit.py:634} INFO - at java.base/java.io.ObjectInputStream.readNonProxyDesc(ObjectInputStream.java:2051)
[2024-11-18T17:16:03.528+0000] {spark_submit.py:634} INFO - at java.base/java.io.ObjectInputStream.readClassDesc(ObjectInputStream.java:1898)
[2024-11-18T17:16:03.528+0000] {spark_submit.py:634} INFO - at java.base/java.io.ObjectInputStream.readOrdinaryObject(ObjectInputStream.java:2224)
[2024-11-18T17:16:03.529+0000] {spark_submit.py:634} INFO - at java.base/java.io.ObjectInputStream.readObject0(ObjectInputStream.java:1733)
[2024-11-18T17:16:03.530+0000] {spark_submit.py:634} INFO - at java.base/java.io.ObjectInputStream.readObject(ObjectInputStream.java:509)
[2024-11-18T17:16:03.531+0000] {spark_submit.py:634} INFO - at java.base/java.io.ObjectInputStream.readObject(ObjectInputStream.java:467)
[2024-11-18T17:16:03.532+0000] {spark_submit.py:634} INFO - at org.apache.spark.serializer.JavaDeserializationStream.readObject(JavaSerializer.scala:87)
[2024-11-18T17:16:03.533+0000] {spark_submit.py:634} INFO - at org.apache.spark.serializer.JavaSerializerInstance.deserialize(JavaSerializer.scala:129)
[2024-11-18T17:16:03.534+0000] {spark_submit.py:634} INFO - at org.apache.spark.executor.Executor$TaskRunner.run(Executor.scala:579)
[2024-11-18T17:16:03.534+0000] {spark_submit.py:634} INFO - at java.base/java.util.concurrent.ThreadPoolExecutor.runWorker(ThreadPoolExecutor.java:1136)
[2024-11-18T17:16:03.535+0000] {spark_submit.py:634} INFO - at java.base/java.util.concurrent.ThreadPoolExecutor$Worker.run(ThreadPoolExecutor.java:635)
[2024-11-18T17:16:03.535+0000] {spark_submit.py:634} INFO - at java.base/java.lang.Thread.run(Thread.java:840)
[2024-11-18T17:16:03.536+0000] {spark_submit.py:634} INFO - 
[2024-11-18T17:16:03.536+0000] {spark_submit.py:634} INFO - Driver stacktrace:
[2024-11-18T17:16:03.537+0000] {spark_submit.py:634} INFO - 24/11/18 17:16:03 INFO DAGScheduler: ResultStage 0 (showString at NativeMethodAccessorImpl.java:0) failed in 3.897 s due to Job aborted due to stage failure: Task 0 in stage 0.0 failed 4 times, most recent failure: Lost task 0.3 in stage 0.0 (TID 3) (172.19.0.6 executor 0): java.io.InvalidClassException: org.apache.spark.scheduler.Task; local class incompatible: stream classdesc serialVersionUID = -6188971942555435033, local class serialVersionUID = 553100815431272095
[2024-11-18T17:16:03.537+0000] {spark_submit.py:634} INFO - at java.base/java.io.ObjectStreamClass.initNonProxy(ObjectStreamClass.java:597)
[2024-11-18T17:16:03.537+0000] {spark_submit.py:634} INFO - at java.base/java.io.ObjectInputStream.readNonProxyDesc(ObjectInputStream.java:2051)
[2024-11-18T17:16:03.538+0000] {spark_submit.py:634} INFO - at java.base/java.io.ObjectInputStream.readClassDesc(ObjectInputStream.java:1898)
[2024-11-18T17:16:03.538+0000] {spark_submit.py:634} INFO - at java.base/java.io.ObjectInputStream.readNonProxyDesc(ObjectInputStream.java:2051)
[2024-11-18T17:16:03.539+0000] {spark_submit.py:634} INFO - at java.base/java.io.ObjectInputStream.readClassDesc(ObjectInputStream.java:1898)
[2024-11-18T17:16:03.539+0000] {spark_submit.py:634} INFO - at java.base/java.io.ObjectInputStream.readOrdinaryObject(ObjectInputStream.java:2224)
[2024-11-18T17:16:03.540+0000] {spark_submit.py:634} INFO - at java.base/java.io.ObjectInputStream.readObject0(ObjectInputStream.java:1733)
[2024-11-18T17:16:03.540+0000] {spark_submit.py:634} INFO - at java.base/java.io.ObjectInputStream.readObject(ObjectInputStream.java:509)
[2024-11-18T17:16:03.540+0000] {spark_submit.py:634} INFO - at java.base/java.io.ObjectInputStream.readObject(ObjectInputStream.java:467)
[2024-11-18T17:16:03.541+0000] {spark_submit.py:634} INFO - at org.apache.spark.serializer.JavaDeserializationStream.readObject(JavaSerializer.scala:87)
[2024-11-18T17:16:03.542+0000] {spark_submit.py:634} INFO - at org.apache.spark.serializer.JavaSerializerInstance.deserialize(JavaSerializer.scala:129)
[2024-11-18T17:16:03.543+0000] {spark_submit.py:634} INFO - at org.apache.spark.executor.Executor$TaskRunner.run(Executor.scala:579)
[2024-11-18T17:16:03.543+0000] {spark_submit.py:634} INFO - at java.base/java.util.concurrent.ThreadPoolExecutor.runWorker(ThreadPoolExecutor.java:1136)
[2024-11-18T17:16:03.543+0000] {spark_submit.py:634} INFO - at java.base/java.util.concurrent.ThreadPoolExecutor$Worker.run(ThreadPoolExecutor.java:635)
[2024-11-18T17:16:03.544+0000] {spark_submit.py:634} INFO - at java.base/java.lang.Thread.run(Thread.java:840)
[2024-11-18T17:16:03.544+0000] {spark_submit.py:634} INFO - 
[2024-11-18T17:16:03.545+0000] {spark_submit.py:634} INFO - Driver stacktrace:
[2024-11-18T17:16:03.545+0000] {spark_submit.py:634} INFO - 24/11/18 17:16:03 INFO DAGScheduler: Job 0 failed: showString at NativeMethodAccessorImpl.java:0, took 3.971801 s
[2024-11-18T17:16:03.742+0000] {spark_submit.py:634} INFO - Traceback (most recent call last):
[2024-11-18T17:16:03.743+0000] {spark_submit.py:634} INFO - File "/opt/***/dags/spark_job.py", line 7, in <module>
[2024-11-18T17:16:03.744+0000] {spark_submit.py:634} INFO - df.show()
[2024-11-18T17:16:03.744+0000] {spark_submit.py:634} INFO - ^^^^^^^^^
[2024-11-18T17:16:03.745+0000] {spark_submit.py:634} INFO - File "/home/***/.local/lib/python3.11/site-packages/pyspark/python/lib/pyspark.zip/pyspark/sql/dataframe.py", line 947, in show
[2024-11-18T17:16:03.745+0000] {spark_submit.py:634} INFO - File "/home/***/.local/lib/python3.11/site-packages/pyspark/python/lib/pyspark.zip/pyspark/sql/dataframe.py", line 965, in _show_string
[2024-11-18T17:16:03.745+0000] {spark_submit.py:634} INFO - File "/home/***/.local/lib/python3.11/site-packages/pyspark/python/lib/py4j-0.10.9.7-src.zip/py4j/java_gateway.py", line 1322, in __call__
[2024-11-18T17:16:03.745+0000] {spark_submit.py:634} INFO - File "/home/***/.local/lib/python3.11/site-packages/pyspark/python/lib/pyspark.zip/pyspark/errors/exceptions/captured.py", line 179, in deco
[2024-11-18T17:16:03.746+0000] {spark_submit.py:634} INFO - File "/home/***/.local/lib/python3.11/site-packages/pyspark/python/lib/py4j-0.10.9.7-src.zip/py4j/protocol.py", line 326, in get_return_value
[2024-11-18T17:16:03.746+0000] {spark_submit.py:634} INFO - py4j.protocol.Py4JJavaError: An error occurred while calling o41.showString.
[2024-11-18T17:16:03.746+0000] {spark_submit.py:634} INFO - : org.apache.spark.SparkException: Job aborted due to stage failure: Task 0 in stage 0.0 failed 4 times, most recent failure: Lost task 0.3 in stage 0.0 (TID 3) (172.19.0.6 executor 0): java.io.InvalidClassException: org.apache.spark.scheduler.Task; local class incompatible: stream classdesc serialVersionUID = -6188971942555435033, local class serialVersionUID = 553100815431272095
[2024-11-18T17:16:03.747+0000] {spark_submit.py:634} INFO - at java.base/java.io.ObjectStreamClass.initNonProxy(ObjectStreamClass.java:597)
[2024-11-18T17:16:03.747+0000] {spark_submit.py:634} INFO - at java.base/java.io.ObjectInputStream.readNonProxyDesc(ObjectInputStream.java:2051)
[2024-11-18T17:16:03.747+0000] {spark_submit.py:634} INFO - at java.base/java.io.ObjectInputStream.readClassDesc(ObjectInputStream.java:1898)
[2024-11-18T17:16:03.747+0000] {spark_submit.py:634} INFO - at java.base/java.io.ObjectInputStream.readNonProxyDesc(ObjectInputStream.java:2051)
[2024-11-18T17:16:03.747+0000] {spark_submit.py:634} INFO - at java.base/java.io.ObjectInputStream.readClassDesc(ObjectInputStream.java:1898)
[2024-11-18T17:16:03.748+0000] {spark_submit.py:634} INFO - at java.base/java.io.ObjectInputStream.readOrdinaryObject(ObjectInputStream.java:2224)
[2024-11-18T17:16:03.748+0000] {spark_submit.py:634} INFO - at java.base/java.io.ObjectInputStream.readObject0(ObjectInputStream.java:1733)
[2024-11-18T17:16:03.748+0000] {spark_submit.py:634} INFO - at java.base/java.io.ObjectInputStream.readObject(ObjectInputStream.java:509)
[2024-11-18T17:16:03.748+0000] {spark_submit.py:634} INFO - at java.base/java.io.ObjectInputStream.readObject(ObjectInputStream.java:467)
[2024-11-18T17:16:03.749+0000] {spark_submit.py:634} INFO - at org.apache.spark.serializer.JavaDeserializationStream.readObject(JavaSerializer.scala:87)
[2024-11-18T17:16:03.749+0000] {spark_submit.py:634} INFO - at org.apache.spark.serializer.JavaSerializerInstance.deserialize(JavaSerializer.scala:129)
[2024-11-18T17:16:03.749+0000] {spark_submit.py:634} INFO - at org.apache.spark.executor.Executor$TaskRunner.run(Executor.scala:579)
[2024-11-18T17:16:03.750+0000] {spark_submit.py:634} INFO - at java.base/java.util.concurrent.ThreadPoolExecutor.runWorker(ThreadPoolExecutor.java:1136)
[2024-11-18T17:16:03.750+0000] {spark_submit.py:634} INFO - at java.base/java.util.concurrent.ThreadPoolExecutor$Worker.run(ThreadPoolExecutor.java:635)
[2024-11-18T17:16:03.750+0000] {spark_submit.py:634} INFO - at java.base/java.lang.Thread.run(Thread.java:840)
[2024-11-18T17:16:03.750+0000] {spark_submit.py:634} INFO - 
[2024-11-18T17:16:03.751+0000] {spark_submit.py:634} INFO - Driver stacktrace:
[2024-11-18T17:16:03.751+0000] {spark_submit.py:634} INFO - at org.apache.spark.scheduler.DAGScheduler.failJobAndIndependentStages(DAGScheduler.scala:2856)
[2024-11-18T17:16:03.751+0000] {spark_submit.py:634} INFO - at org.apache.spark.scheduler.DAGScheduler.$anonfun$abortStage$2(DAGScheduler.scala:2792)
[2024-11-18T17:16:03.751+0000] {spark_submit.py:634} INFO - at org.apache.spark.scheduler.DAGScheduler.$anonfun$abortStage$2$adapted(DAGScheduler.scala:2791)
[2024-11-18T17:16:03.751+0000] {spark_submit.py:634} INFO - at scala.collection.mutable.ResizableArray.foreach(ResizableArray.scala:62)
[2024-11-18T17:16:03.752+0000] {spark_submit.py:634} INFO - at scala.collection.mutable.ResizableArray.foreach$(ResizableArray.scala:55)
[2024-11-18T17:16:03.752+0000] {spark_submit.py:634} INFO - at scala.collection.mutable.ArrayBuffer.foreach(ArrayBuffer.scala:49)
[2024-11-18T17:16:03.752+0000] {spark_submit.py:634} INFO - at org.apache.spark.scheduler.DAGScheduler.abortStage(DAGScheduler.scala:2791)
[2024-11-18T17:16:03.752+0000] {spark_submit.py:634} INFO - at org.apache.spark.scheduler.DAGScheduler.$anonfun$handleTaskSetFailed$1(DAGScheduler.scala:1247)
[2024-11-18T17:16:03.753+0000] {spark_submit.py:634} INFO - at org.apache.spark.scheduler.DAGScheduler.$anonfun$handleTaskSetFailed$1$adapted(DAGScheduler.scala:1247)
[2024-11-18T17:16:03.753+0000] {spark_submit.py:634} INFO - at scala.Option.foreach(Option.scala:407)
[2024-11-18T17:16:03.753+0000] {spark_submit.py:634} INFO - at org.apache.spark.scheduler.DAGScheduler.handleTaskSetFailed(DAGScheduler.scala:1247)
[2024-11-18T17:16:03.753+0000] {spark_submit.py:634} INFO - at org.apache.spark.scheduler.DAGSchedulerEventProcessLoop.doOnReceive(DAGScheduler.scala:3060)
[2024-11-18T17:16:03.753+0000] {spark_submit.py:634} INFO - at org.apache.spark.scheduler.DAGSchedulerEventProcessLoop.onReceive(DAGScheduler.scala:2994)
[2024-11-18T17:16:03.754+0000] {spark_submit.py:634} INFO - at org.apache.spark.scheduler.DAGSchedulerEventProcessLoop.onReceive(DAGScheduler.scala:2983)
[2024-11-18T17:16:03.754+0000] {spark_submit.py:634} INFO - at org.apache.spark.util.EventLoop$$anon$1.run(EventLoop.scala:49)
[2024-11-18T17:16:03.754+0000] {spark_submit.py:634} INFO - at org.apache.spark.scheduler.DAGScheduler.runJob(DAGScheduler.scala:989)
[2024-11-18T17:16:03.754+0000] {spark_submit.py:634} INFO - at org.apache.spark.SparkContext.runJob(SparkContext.scala:2393)
[2024-11-18T17:16:03.754+0000] {spark_submit.py:634} INFO - at org.apache.spark.SparkContext.runJob(SparkContext.scala:2414)
[2024-11-18T17:16:03.755+0000] {spark_submit.py:634} INFO - at org.apache.spark.SparkContext.runJob(SparkContext.scala:2433)
[2024-11-18T17:16:03.755+0000] {spark_submit.py:634} INFO - at org.apache.spark.sql.execution.SparkPlan.executeTake(SparkPlan.scala:530)
[2024-11-18T17:16:03.755+0000] {spark_submit.py:634} INFO - at org.apache.spark.sql.execution.SparkPlan.executeTake(SparkPlan.scala:483)
[2024-11-18T17:16:03.755+0000] {spark_submit.py:634} INFO - at org.apache.spark.sql.execution.CollectLimitExec.executeCollect(limit.scala:61)
[2024-11-18T17:16:03.756+0000] {spark_submit.py:634} INFO - at org.apache.spark.sql.Dataset.collectFromPlan(Dataset.scala:4333)
[2024-11-18T17:16:03.756+0000] {spark_submit.py:634} INFO - at org.apache.spark.sql.Dataset.$anonfun$head$1(Dataset.scala:3316)
[2024-11-18T17:16:03.756+0000] {spark_submit.py:634} INFO - at org.apache.spark.sql.Dataset.$anonfun$withAction$2(Dataset.scala:4323)
[2024-11-18T17:16:03.756+0000] {spark_submit.py:634} INFO - at org.apache.spark.sql.execution.QueryExecution$.withInternalError(QueryExecution.scala:546)
[2024-11-18T17:16:03.757+0000] {spark_submit.py:634} INFO - at org.apache.spark.sql.Dataset.$anonfun$withAction$1(Dataset.scala:4321)
[2024-11-18T17:16:03.757+0000] {spark_submit.py:634} INFO - at org.apache.spark.sql.execution.SQLExecution$.$anonfun$withNewExecutionId$6(SQLExecution.scala:125)
[2024-11-18T17:16:03.757+0000] {spark_submit.py:634} INFO - at org.apache.spark.sql.execution.SQLExecution$.withSQLConfPropagated(SQLExecution.scala:201)
[2024-11-18T17:16:03.759+0000] {spark_submit.py:634} INFO - at org.apache.spark.sql.execution.SQLExecution$.$anonfun$withNewExecutionId$1(SQLExecution.scala:108)
[2024-11-18T17:16:03.770+0000] {spark_submit.py:634} INFO - at org.apache.spark.sql.SparkSession.withActive(SparkSession.scala:900)
[2024-11-18T17:16:03.771+0000] {spark_submit.py:634} INFO - at org.apache.spark.sql.execution.SQLExecution$.withNewExecutionId(SQLExecution.scala:66)
[2024-11-18T17:16:03.772+0000] {spark_submit.py:634} INFO - at org.apache.spark.sql.Dataset.withAction(Dataset.scala:4321)
[2024-11-18T17:16:03.772+0000] {spark_submit.py:634} INFO - at org.apache.spark.sql.Dataset.head(Dataset.scala:3316)
[2024-11-18T17:16:03.772+0000] {spark_submit.py:634} INFO - at org.apache.spark.sql.Dataset.take(Dataset.scala:3539)
[2024-11-18T17:16:03.773+0000] {spark_submit.py:634} INFO - at org.apache.spark.sql.Dataset.getRows(Dataset.scala:280)
[2024-11-18T17:16:03.773+0000] {spark_submit.py:634} INFO - at org.apache.spark.sql.Dataset.showString(Dataset.scala:315)
[2024-11-18T17:16:03.774+0000] {spark_submit.py:634} INFO - at java.base/jdk.internal.reflect.NativeMethodAccessorImpl.invoke0(Native Method)
[2024-11-18T17:16:03.776+0000] {spark_submit.py:634} INFO - at java.base/jdk.internal.reflect.NativeMethodAccessorImpl.invoke(NativeMethodAccessorImpl.java:77)
[2024-11-18T17:16:03.777+0000] {spark_submit.py:634} INFO - at java.base/jdk.internal.reflect.DelegatingMethodAccessorImpl.invoke(DelegatingMethodAccessorImpl.java:43)
[2024-11-18T17:16:03.778+0000] {spark_submit.py:634} INFO - at java.base/java.lang.reflect.Method.invoke(Method.java:569)
[2024-11-18T17:16:03.779+0000] {spark_submit.py:634} INFO - at py4j.reflection.MethodInvoker.invoke(MethodInvoker.java:244)
[2024-11-18T17:16:03.781+0000] {spark_submit.py:634} INFO - at py4j.reflection.ReflectionEngine.invoke(ReflectionEngine.java:374)
[2024-11-18T17:16:03.782+0000] {spark_submit.py:634} INFO - at py4j.Gateway.invoke(Gateway.java:282)
[2024-11-18T17:16:03.783+0000] {spark_submit.py:634} INFO - at py4j.commands.AbstractCommand.invokeMethod(AbstractCommand.java:132)
[2024-11-18T17:16:03.783+0000] {spark_submit.py:634} INFO - at py4j.commands.CallCommand.execute(CallCommand.java:79)
[2024-11-18T17:16:03.783+0000] {spark_submit.py:634} INFO - at py4j.ClientServerConnection.waitForCommands(ClientServerConnection.java:182)
[2024-11-18T17:16:03.784+0000] {spark_submit.py:634} INFO - at py4j.ClientServerConnection.run(ClientServerConnection.java:106)
[2024-11-18T17:16:03.784+0000] {spark_submit.py:634} INFO - at java.base/java.lang.Thread.run(Thread.java:840)
[2024-11-18T17:16:03.784+0000] {spark_submit.py:634} INFO - Caused by: java.io.InvalidClassException: org.apache.spark.scheduler.Task; local class incompatible: stream classdesc serialVersionUID = -6188971942555435033, local class serialVersionUID = 553100815431272095
[2024-11-18T17:16:03.785+0000] {spark_submit.py:634} INFO - at java.base/java.io.ObjectStreamClass.initNonProxy(ObjectStreamClass.java:597)
[2024-11-18T17:16:03.785+0000] {spark_submit.py:634} INFO - at java.base/java.io.ObjectInputStream.readNonProxyDesc(ObjectInputStream.java:2051)
[2024-11-18T17:16:03.785+0000] {spark_submit.py:634} INFO - at java.base/java.io.ObjectInputStream.readClassDesc(ObjectInputStream.java:1898)
[2024-11-18T17:16:03.785+0000] {spark_submit.py:634} INFO - at java.base/java.io.ObjectInputStream.readNonProxyDesc(ObjectInputStream.java:2051)
[2024-11-18T17:16:03.785+0000] {spark_submit.py:634} INFO - at java.base/java.io.ObjectInputStream.readClassDesc(ObjectInputStream.java:1898)
[2024-11-18T17:16:03.786+0000] {spark_submit.py:634} INFO - at java.base/java.io.ObjectInputStream.readOrdinaryObject(ObjectInputStream.java:2224)
[2024-11-18T17:16:03.786+0000] {spark_submit.py:634} INFO - at java.base/java.io.ObjectInputStream.readObject0(ObjectInputStream.java:1733)
[2024-11-18T17:16:03.786+0000] {spark_submit.py:634} INFO - at java.base/java.io.ObjectInputStream.readObject(ObjectInputStream.java:509)
[2024-11-18T17:16:03.787+0000] {spark_submit.py:634} INFO - at java.base/java.io.ObjectInputStream.readObject(ObjectInputStream.java:467)
[2024-11-18T17:16:03.787+0000] {spark_submit.py:634} INFO - at org.apache.spark.serializer.JavaDeserializationStream.readObject(JavaSerializer.scala:87)
[2024-11-18T17:16:03.787+0000] {spark_submit.py:634} INFO - at org.apache.spark.serializer.JavaSerializerInstance.deserialize(JavaSerializer.scala:129)
[2024-11-18T17:16:03.787+0000] {spark_submit.py:634} INFO - at org.apache.spark.executor.Executor$TaskRunner.run(Executor.scala:579)
[2024-11-18T17:16:03.787+0000] {spark_submit.py:634} INFO - at java.base/java.util.concurrent.ThreadPoolExecutor.runWorker(ThreadPoolExecutor.java:1136)
[2024-11-18T17:16:03.788+0000] {spark_submit.py:634} INFO - at java.base/java.util.concurrent.ThreadPoolExecutor$Worker.run(ThreadPoolExecutor.java:635)
[2024-11-18T17:16:03.788+0000] {spark_submit.py:634} INFO - ... 1 more
[2024-11-18T17:16:03.788+0000] {spark_submit.py:634} INFO - 
[2024-11-18T17:16:03.885+0000] {spark_submit.py:634} INFO - 24/11/18 17:16:03 INFO SparkContext: Invoking stop() from shutdown hook
[2024-11-18T17:16:03.886+0000] {spark_submit.py:634} INFO - 24/11/18 17:16:03 INFO SparkContext: SparkContext is stopping with exitCode 0.
[2024-11-18T17:16:03.896+0000] {spark_submit.py:634} INFO - 24/11/18 17:16:03 INFO SparkUI: Stopped Spark web UI at http://09eaa9e6bb3a:4041
[2024-11-18T17:16:03.900+0000] {spark_submit.py:634} INFO - 24/11/18 17:16:03 INFO StandaloneSchedulerBackend: Shutting down all executors
[2024-11-18T17:16:03.901+0000] {spark_submit.py:634} INFO - 24/11/18 17:16:03 INFO StandaloneSchedulerBackend$StandaloneDriverEndpoint: Asking each executor to shut down
[2024-11-18T17:16:03.937+0000] {spark_submit.py:634} INFO - 24/11/18 17:16:03 INFO MapOutputTrackerMasterEndpoint: MapOutputTrackerMasterEndpoint stopped!
[2024-11-18T17:16:03.994+0000] {spark_submit.py:634} INFO - 24/11/18 17:16:03 INFO MemoryStore: MemoryStore cleared
[2024-11-18T17:16:03.995+0000] {spark_submit.py:634} INFO - 24/11/18 17:16:03 INFO BlockManager: BlockManager stopped
[2024-11-18T17:16:04.001+0000] {spark_submit.py:634} INFO - 24/11/18 17:16:04 INFO BlockManagerMaster: BlockManagerMaster stopped
[2024-11-18T17:16:04.004+0000] {spark_submit.py:634} INFO - 24/11/18 17:16:04 INFO OutputCommitCoordinator$OutputCommitCoordinatorEndpoint: OutputCommitCoordinator stopped!
[2024-11-18T17:16:04.028+0000] {spark_submit.py:634} INFO - 24/11/18 17:16:04 INFO SparkContext: Successfully stopped SparkContext
[2024-11-18T17:16:04.031+0000] {spark_submit.py:634} INFO - 24/11/18 17:16:04 INFO ShutdownHookManager: Shutdown hook called
[2024-11-18T17:16:04.033+0000] {spark_submit.py:634} INFO - 24/11/18 17:16:04 INFO ShutdownHookManager: Deleting directory /tmp/spark-4093449d-5c21-4cce-9d85-0e789ac9e6c6/pyspark-30baa710-7107-4fe2-aa1a-d683813d8353
[2024-11-18T17:16:04.037+0000] {spark_submit.py:634} INFO - 24/11/18 17:16:04 INFO ShutdownHookManager: Deleting directory /tmp/spark-95494990-6074-4626-b837-6b4c413453d4
[2024-11-18T17:16:04.043+0000] {spark_submit.py:634} INFO - 24/11/18 17:16:04 INFO ShutdownHookManager: Deleting directory /tmp/spark-4093449d-5c21-4cce-9d85-0e789ac9e6c6
[2024-11-18T17:16:04.076+0000] {taskinstance.py:441} INFO - ::group::Post task execution logs
[2024-11-18T17:16:04.087+0000] {taskinstance.py:2905} ERROR - Task failed with exception
Traceback (most recent call last):
  File "/home/airflow/.local/lib/python3.11/site-packages/airflow/models/taskinstance.py", line 465, in _execute_task
    result = _execute_callable(context=context, **execute_callable_kwargs)
             ^^^^^^^^^^^^^^^^^^^^^^^^^^^^^^^^^^^^^^^^^^^^^^^^^^^^^^^^^^^^^
  File "/home/airflow/.local/lib/python3.11/site-packages/airflow/models/taskinstance.py", line 432, in _execute_callable
    return execute_callable(context=context, **execute_callable_kwargs)
           ^^^^^^^^^^^^^^^^^^^^^^^^^^^^^^^^^^^^^^^^^^^^^^^^^^^^^^^^^^^^
  File "/home/airflow/.local/lib/python3.11/site-packages/airflow/models/baseoperator.py", line 401, in wrapper
    return func(self, *args, **kwargs)
           ^^^^^^^^^^^^^^^^^^^^^^^^^^^
  File "/home/airflow/.local/lib/python3.11/site-packages/airflow/providers/apache/spark/operators/spark_submit.py", line 176, in execute
    self._hook.submit(self.application)
  File "/home/airflow/.local/lib/python3.11/site-packages/airflow/providers/apache/spark/hooks/spark_submit.py", line 560, in submit
    raise AirflowException(
airflow.exceptions.AirflowException: Cannot execute: spark-submit --master spark://spark:7077 --name arrow-spark --deploy-mode client /opt/***/dags/spark_job.py. Error code is: 1.
[2024-11-18T17:16:04.092+0000] {taskinstance.py:1206} INFO - Marking task as UP_FOR_RETRY. dag_id=spark_dag, task_id=spark_task, run_id=manual__2024-11-18T17:15:42.156306+00:00, execution_date=20241118T171542, start_date=20241118T171545, end_date=20241118T171604
[2024-11-18T17:16:04.105+0000] {standard_task_runner.py:110} ERROR - Failed to execute job 771 for task spark_task (Cannot execute: spark-submit --master spark://spark:7077 --name arrow-spark --deploy-mode client /opt/***/dags/spark_job.py. Error code is: 1.; 1284)
[2024-11-18T17:16:04.116+0000] {local_task_job_runner.py:243} INFO - Task exited with return code 1
[2024-11-18T17:16:04.133+0000] {taskinstance.py:3503} INFO - 0 downstream tasks scheduled from follow-on schedule check
[2024-11-18T17:16:04.135+0000] {local_task_job_runner.py:222} INFO - ::endgroup::
