[2024-11-18T17:48:30.542+0000] {local_task_job_runner.py:120} INFO - ::group::Pre task execution logs
[2024-11-18T17:48:30.593+0000] {taskinstance.py:2076} INFO - Dependencies all met for dep_context=non-requeueable deps ti=<TaskInstance: spark_dag.spark_task scheduled__2024-05-08T00:00:00+00:00 [queued]>
[2024-11-18T17:48:30.645+0000] {taskinstance.py:2076} INFO - Dependencies all met for dep_context=requeueable deps ti=<TaskInstance: spark_dag.spark_task scheduled__2024-05-08T00:00:00+00:00 [queued]>
[2024-11-18T17:48:30.674+0000] {taskinstance.py:2306} INFO - Starting attempt 2 of 2
[2024-11-18T17:48:30.873+0000] {taskinstance.py:2330} INFO - Executing <Task(SparkSubmitOperator): spark_task> on 2024-05-08 00:00:00+00:00
[2024-11-18T17:48:30.956+0000] {standard_task_runner.py:64} INFO - Started process 820 to run task
[2024-11-18T17:48:30.967+0000] {standard_task_runner.py:90} INFO - Running: ['***', 'tasks', 'run', 'spark_dag', 'spark_task', 'scheduled__2024-05-08T00:00:00+00:00', '--job-id', '649', '--raw', '--subdir', 'DAGS_FOLDER/spark_dag.py', '--cfg-path', '/tmp/tmps13nbdnm']
[2024-11-18T17:48:30.990+0000] {standard_task_runner.py:91} INFO - Job 649: Subtask spark_task
[2024-11-18T17:48:31.294+0000] {task_command.py:426} INFO - Running <TaskInstance: spark_dag.spark_task scheduled__2024-05-08T00:00:00+00:00 [running]> on host 3fa30a842a1c
[2024-11-18T17:48:31.833+0000] {taskinstance.py:2648} INFO - Exporting env vars: AIRFLOW_CTX_DAG_OWNER='***' AIRFLOW_CTX_DAG_ID='spark_dag' AIRFLOW_CTX_TASK_ID='spark_task' AIRFLOW_CTX_EXECUTION_DATE='2024-05-08T00:00:00+00:00' AIRFLOW_CTX_TRY_NUMBER='2' AIRFLOW_CTX_DAG_RUN_ID='scheduled__2024-05-08T00:00:00+00:00'
[2024-11-18T17:48:31.837+0000] {taskinstance.py:430} INFO - ::endgroup::
[2024-11-18T17:48:31.865+0000] {base.py:84} INFO - Using connection ID 'spark_default' for task execution.
[2024-11-18T17:48:31.873+0000] {spark_submit.py:473} INFO - Spark-Submit cmd: spark-submit --master spark://spark:7077 --name arrow-spark --deploy-mode client /opt/***/dags/spark_job.py
[2024-11-18T17:48:54.132+0000] {spark_submit.py:634} INFO - 24/11/18 17:48:54 INFO SparkContext: Running Spark version 3.5.3
[2024-11-18T17:48:54.161+0000] {spark_submit.py:634} INFO - 24/11/18 17:48:54 INFO SparkContext: OS info Linux, 5.15.153.1-microsoft-standard-WSL2, amd64
[2024-11-18T17:48:54.192+0000] {spark_submit.py:634} INFO - 24/11/18 17:48:54 INFO SparkContext: Java version 17.0.12
[2024-11-18T17:48:54.918+0000] {spark_submit.py:634} INFO - 24/11/18 17:48:54 WARN NativeCodeLoader: Unable to load native-hadoop library for your platform... using builtin-java classes where applicable
[2024-11-18T17:48:55.876+0000] {spark_submit.py:634} INFO - 24/11/18 17:48:55 INFO ResourceUtils: ==============================================================
[2024-11-18T17:48:55.879+0000] {spark_submit.py:634} INFO - 24/11/18 17:48:55 INFO ResourceUtils: No custom resources configured for spark.driver.
[2024-11-18T17:48:55.880+0000] {spark_submit.py:634} INFO - 24/11/18 17:48:55 INFO ResourceUtils: ==============================================================
[2024-11-18T17:48:55.880+0000] {spark_submit.py:634} INFO - 24/11/18 17:48:55 INFO SparkContext: Submitted application: Airflow Spark Job
[2024-11-18T17:48:56.014+0000] {spark_submit.py:634} INFO - 24/11/18 17:48:56 INFO ResourceProfile: Default ResourceProfile created, executor resources: Map(memory -> name: memory, amount: 1024, script: , vendor: , offHeap -> name: offHeap, amount: 0, script: , vendor: ), task resources: Map(cpus -> name: cpus, amount: 1.0)
[2024-11-18T17:48:56.076+0000] {spark_submit.py:634} INFO - 24/11/18 17:48:56 INFO ResourceProfile: Limiting resource is cpu
[2024-11-18T17:48:56.080+0000] {spark_submit.py:634} INFO - 24/11/18 17:48:56 INFO ResourceProfileManager: Added ResourceProfile id: 0
[2024-11-18T17:48:56.469+0000] {spark_submit.py:634} INFO - 24/11/18 17:48:56 INFO SecurityManager: Changing view acls to: ***
[2024-11-18T17:48:56.482+0000] {spark_submit.py:634} INFO - 24/11/18 17:48:56 INFO SecurityManager: Changing modify acls to: ***
[2024-11-18T17:48:56.486+0000] {spark_submit.py:634} INFO - 24/11/18 17:48:56 INFO SecurityManager: Changing view acls groups to:
[2024-11-18T17:48:56.510+0000] {spark_submit.py:634} INFO - 24/11/18 17:48:56 INFO SecurityManager: Changing modify acls groups to:
[2024-11-18T17:48:56.520+0000] {spark_submit.py:634} INFO - 24/11/18 17:48:56 INFO SecurityManager: SecurityManager: authentication disabled; ui acls disabled; users with view permissions: ***; groups with view permissions: EMPTY; users with modify permissions: ***; groups with modify permissions: EMPTY
[2024-11-18T17:48:57.819+0000] {spark_submit.py:634} INFO - 24/11/18 17:48:57 INFO Utils: Successfully started service 'sparkDriver' on port 33213.
[2024-11-18T17:48:58.031+0000] {spark_submit.py:634} INFO - 24/11/18 17:48:58 INFO SparkEnv: Registering MapOutputTracker
[2024-11-18T17:48:58.289+0000] {spark_submit.py:634} INFO - 24/11/18 17:48:58 INFO SparkEnv: Registering BlockManagerMaster
[2024-11-18T17:48:58.370+0000] {spark_submit.py:634} INFO - 24/11/18 17:48:58 INFO BlockManagerMasterEndpoint: Using org.apache.spark.storage.DefaultTopologyMapper for getting topology information
[2024-11-18T17:48:58.373+0000] {spark_submit.py:634} INFO - 24/11/18 17:48:58 INFO BlockManagerMasterEndpoint: BlockManagerMasterEndpoint up
[2024-11-18T17:48:58.431+0000] {spark_submit.py:634} INFO - 24/11/18 17:48:58 INFO SparkEnv: Registering BlockManagerMasterHeartbeat
[2024-11-18T17:48:58.508+0000] {spark_submit.py:634} INFO - 24/11/18 17:48:58 INFO DiskBlockManager: Created local directory at /tmp/blockmgr-c23b5a59-8cf0-42c6-9087-68921dcc2beb
[2024-11-18T17:48:58.558+0000] {spark_submit.py:634} INFO - 24/11/18 17:48:58 INFO MemoryStore: MemoryStore started with capacity 434.4 MiB
[2024-11-18T17:48:58.654+0000] {spark_submit.py:634} INFO - 24/11/18 17:48:58 INFO SparkEnv: Registering OutputCommitCoordinator
[2024-11-18T17:48:59.551+0000] {spark_submit.py:634} INFO - 24/11/18 17:48:59 INFO JettyUtils: Start Jetty 0.0.0.0:4040 for SparkUI
[2024-11-18T17:49:00.228+0000] {spark_submit.py:634} INFO - 24/11/18 17:49:00 WARN Utils: Service 'SparkUI' could not bind on port 4040. Attempting port 4041.
[2024-11-18T17:49:00.233+0000] {spark_submit.py:634} INFO - 24/11/18 17:49:00 WARN Utils: Service 'SparkUI' could not bind on port 4041. Attempting port 4042.
[2024-11-18T17:49:00.320+0000] {spark_submit.py:634} INFO - 24/11/18 17:49:00 INFO Utils: Successfully started service 'SparkUI' on port 4042.
[2024-11-18T17:49:02.055+0000] {spark_submit.py:634} INFO - 24/11/18 17:49:02 INFO StandaloneAppClient$ClientEndpoint: Connecting to master spark://spark:7077...
[2024-11-18T17:49:02.633+0000] {spark_submit.py:634} INFO - 24/11/18 17:49:02 INFO TransportClientFactory: Successfully created connection to spark/172.19.0.4:7077 after 425 ms (0 ms spent in bootstraps)
[2024-11-18T17:49:03.256+0000] {spark_submit.py:634} INFO - 24/11/18 17:49:03 INFO StandaloneSchedulerBackend: Connected to Spark cluster with app ID app-20241118174903-0006
[2024-11-18T17:49:03.287+0000] {spark_submit.py:634} INFO - 24/11/18 17:49:03 INFO Utils: Successfully started service 'org.apache.spark.network.netty.NettyBlockTransferService' on port 33525.
[2024-11-18T17:49:03.288+0000] {spark_submit.py:634} INFO - 24/11/18 17:49:03 INFO NettyBlockTransferService: Server created on 3fa30a842a1c:33525
[2024-11-18T17:49:03.290+0000] {spark_submit.py:634} INFO - 24/11/18 17:49:03 INFO BlockManager: Using org.apache.spark.storage.RandomBlockReplicationPolicy for block replication policy
[2024-11-18T17:49:03.315+0000] {spark_submit.py:634} INFO - 24/11/18 17:49:03 INFO BlockManagerMaster: Registering BlockManager BlockManagerId(driver, 3fa30a842a1c, 33525, None)
[2024-11-18T17:49:03.330+0000] {spark_submit.py:634} INFO - 24/11/18 17:49:03 INFO BlockManagerMasterEndpoint: Registering block manager 3fa30a842a1c:33525 with 434.4 MiB RAM, BlockManagerId(driver, 3fa30a842a1c, 33525, None)
[2024-11-18T17:49:03.338+0000] {spark_submit.py:634} INFO - 24/11/18 17:49:03 INFO BlockManagerMaster: Registered BlockManager BlockManagerId(driver, 3fa30a842a1c, 33525, None)
[2024-11-18T17:49:03.342+0000] {spark_submit.py:634} INFO - 24/11/18 17:49:03 INFO BlockManager: Initialized BlockManager: BlockManagerId(driver, 3fa30a842a1c, 33525, None)
[2024-11-18T17:49:04.657+0000] {spark_submit.py:634} INFO - 24/11/18 17:49:04 INFO StandaloneSchedulerBackend: SchedulerBackend is ready for scheduling beginning after reached minRegisteredResourcesRatio: 0.0
[2024-11-18T17:49:08.590+0000] {spark_submit.py:634} INFO - 24/11/18 17:49:08 INFO SharedState: Setting hive.metastore.warehouse.dir ('null') to the value of spark.sql.warehouse.dir.
[2024-11-18T17:49:08.813+0000] {spark_submit.py:634} INFO - 24/11/18 17:49:08 INFO SharedState: Warehouse path is 'file:/app/spark-warehouse'.
[2024-11-18T17:49:20.364+0000] {spark_submit.py:634} INFO - 24/11/18 17:49:20 INFO StandaloneAppClient$ClientEndpoint: Executor added: app-20241118174903-0006/0 on worker-20241118174417-172.19.0.6-36637 (172.19.0.6:36637) with 1 core(s)
[2024-11-18T17:49:20.378+0000] {spark_submit.py:634} INFO - 24/11/18 17:49:20 INFO StandaloneSchedulerBackend: Granted executor ID app-20241118174903-0006/0 on hostPort 172.19.0.6:36637 with 1 core(s), 1024.0 MiB RAM
[2024-11-18T17:49:20.438+0000] {spark_submit.py:634} INFO - 24/11/18 17:49:20 INFO StandaloneAppClient$ClientEndpoint: Executor added: app-20241118174903-0006/1 on worker-20241118174417-172.19.0.5-35145 (172.19.0.5:35145) with 1 core(s)
[2024-11-18T17:49:20.457+0000] {spark_submit.py:634} INFO - 24/11/18 17:49:20 INFO StandaloneSchedulerBackend: Granted executor ID app-20241118174903-0006/1 on hostPort 172.19.0.5:35145 with 1 core(s), 1024.0 MiB RAM
[2024-11-18T17:49:21.082+0000] {spark_submit.py:634} INFO - 24/11/18 17:49:21 INFO StandaloneAppClient$ClientEndpoint: Executor updated: app-20241118174903-0006/0 is now RUNNING
[2024-11-18T17:49:21.143+0000] {spark_submit.py:634} INFO - 24/11/18 17:49:21 INFO StandaloneAppClient$ClientEndpoint: Executor updated: app-20241118174903-0006/1 is now RUNNING
[2024-11-18T17:49:22.612+0000] {local_task_job_runner.py:313} WARNING - State of this instance has been externally set to removed. Terminating instance.
[2024-11-18T17:49:22.636+0000] {local_task_job_runner.py:222} INFO - ::endgroup::
[2024-11-18T17:49:22.704+0000] {process_utils.py:132} INFO - Sending 15 to group 820. PIDs of all processes in the group: [839, 1083, 820]
[2024-11-18T17:49:22.763+0000] {process_utils.py:87} INFO - Sending the signal 15 to group 820
[2024-11-18T17:49:22.841+0000] {taskinstance.py:2611} ERROR - Received SIGTERM. Terminating subprocesses.
[2024-11-18T17:49:22.890+0000] {spark_submit.py:760} INFO - Sending kill signal to spark-submit
[2024-11-18T17:49:22.917+0000] {taskinstance.py:441} INFO - ::group::Post task execution logs
[2024-11-18T17:49:23.231+0000] {process_utils.py:80} INFO - Process psutil.Process(pid=1083, status='terminated', started='17:48:45') (1083) terminated with exit code None
[2024-11-18T17:49:23.385+0000] {process_utils.py:80} INFO - Process psutil.Process(pid=820, status='terminated', exitcode=0, started='17:48:30') (820) terminated with exit code 0
[2024-11-18T17:49:23.386+0000] {process_utils.py:80} INFO - Process psutil.Process(pid=839, status='terminated', started='17:48:31') (839) terminated with exit code None
