[2024-11-18T17:02:02.370+0000] {local_task_job_runner.py:120} INFO - ::group::Pre task execution logs
[2024-11-18T17:02:02.394+0000] {taskinstance.py:2076} INFO - Dependencies all met for dep_context=non-requeueable deps ti=<TaskInstance: spark_dag.spark_job manual__2024-11-18T17:01:39.806747+00:00 [queued]>
[2024-11-18T17:02:02.403+0000] {taskinstance.py:2076} INFO - Dependencies all met for dep_context=requeueable deps ti=<TaskInstance: spark_dag.spark_job manual__2024-11-18T17:01:39.806747+00:00 [queued]>
[2024-11-18T17:02:02.404+0000] {taskinstance.py:2306} INFO - Starting attempt 1 of 2
[2024-11-18T17:02:02.422+0000] {taskinstance.py:2330} INFO - Executing <Task(SparkSubmitOperator): spark_job> on 2024-11-18 17:01:39.806747+00:00
[2024-11-18T17:02:02.429+0000] {standard_task_runner.py:64} INFO - Started process 3229 to run task
[2024-11-18T17:02:02.432+0000] {standard_task_runner.py:90} INFO - Running: ['***', 'tasks', 'run', 'spark_dag', 'spark_job', 'manual__2024-11-18T17:01:39.806747+00:00', '--job-id', '761', '--raw', '--subdir', 'DAGS_FOLDER/spark_dag.py', '--cfg-path', '/tmp/tmpd57si64u']
[2024-11-18T17:02:02.435+0000] {standard_task_runner.py:91} INFO - Job 761: Subtask spark_job
[2024-11-18T17:02:02.486+0000] {task_command.py:426} INFO - Running <TaskInstance: spark_dag.spark_job manual__2024-11-18T17:01:39.806747+00:00 [running]> on host faf83eb57c9b
[2024-11-18T17:02:02.582+0000] {taskinstance.py:2648} INFO - Exporting env vars: AIRFLOW_CTX_DAG_OWNER='***' AIRFLOW_CTX_DAG_ID='spark_dag' AIRFLOW_CTX_TASK_ID='spark_job' AIRFLOW_CTX_EXECUTION_DATE='2024-11-18T17:01:39.806747+00:00' AIRFLOW_CTX_TRY_NUMBER='1' AIRFLOW_CTX_DAG_RUN_ID='manual__2024-11-18T17:01:39.806747+00:00'
[2024-11-18T17:02:02.584+0000] {taskinstance.py:430} INFO - ::endgroup::
[2024-11-18T17:02:02.594+0000] {base.py:84} INFO - Using connection ID 'spark_default' for task execution.
[2024-11-18T17:02:02.596+0000] {spark_submit.py:473} INFO - Spark-Submit cmd: spark-submit --master spark://spark:7077 --name arrow-spark --deploy-mode client /opt/***/dags/spark_job.py
[2024-11-18T17:02:06.144+0000] {spark_submit.py:634} INFO - 24/11/18 17:02:06 INFO SparkContext: Running Spark version 3.5.3
[2024-11-18T17:02:06.146+0000] {spark_submit.py:634} INFO - 24/11/18 17:02:06 INFO SparkContext: OS info Linux, 5.15.153.1-microsoft-standard-WSL2, amd64
[2024-11-18T17:02:06.146+0000] {spark_submit.py:634} INFO - 24/11/18 17:02:06 INFO SparkContext: Java version 17.0.12
[2024-11-18T17:02:06.206+0000] {spark_submit.py:634} INFO - 24/11/18 17:02:06 WARN NativeCodeLoader: Unable to load native-hadoop library for your platform... using builtin-java classes where applicable
[2024-11-18T17:02:06.324+0000] {spark_submit.py:634} INFO - 24/11/18 17:02:06 INFO ResourceUtils: ==============================================================
[2024-11-18T17:02:06.329+0000] {spark_submit.py:634} INFO - 24/11/18 17:02:06 INFO ResourceUtils: No custom resources configured for spark.driver.
[2024-11-18T17:02:06.331+0000] {spark_submit.py:634} INFO - 24/11/18 17:02:06 INFO ResourceUtils: ==============================================================
[2024-11-18T17:02:06.332+0000] {spark_submit.py:634} INFO - 24/11/18 17:02:06 INFO SparkContext: Submitted application: Airflow Spark Job
[2024-11-18T17:02:06.396+0000] {spark_submit.py:634} INFO - 24/11/18 17:02:06 INFO ResourceProfile: Default ResourceProfile created, executor resources: Map(memory -> name: memory, amount: 1024, script: , vendor: , offHeap -> name: offHeap, amount: 0, script: , vendor: ), task resources: Map(cpus -> name: cpus, amount: 1.0)
[2024-11-18T17:02:06.426+0000] {spark_submit.py:634} INFO - 24/11/18 17:02:06 INFO ResourceProfile: Limiting resource is cpu
[2024-11-18T17:02:06.440+0000] {spark_submit.py:634} INFO - 24/11/18 17:02:06 INFO ResourceProfileManager: Added ResourceProfile id: 0
[2024-11-18T17:02:06.556+0000] {spark_submit.py:634} INFO - 24/11/18 17:02:06 INFO SecurityManager: Changing view acls to: ***
[2024-11-18T17:02:06.557+0000] {spark_submit.py:634} INFO - 24/11/18 17:02:06 INFO SecurityManager: Changing modify acls to: ***
[2024-11-18T17:02:06.558+0000] {spark_submit.py:634} INFO - 24/11/18 17:02:06 INFO SecurityManager: Changing view acls groups to:
[2024-11-18T17:02:06.560+0000] {spark_submit.py:634} INFO - 24/11/18 17:02:06 INFO SecurityManager: Changing modify acls groups to:
[2024-11-18T17:02:06.561+0000] {spark_submit.py:634} INFO - 24/11/18 17:02:06 INFO SecurityManager: SecurityManager: authentication disabled; ui acls disabled; users with view permissions: ***; groups with view permissions: EMPTY; users with modify permissions: ***; groups with modify permissions: EMPTY
[2024-11-18T17:02:06.962+0000] {spark_submit.py:634} INFO - 24/11/18 17:02:06 INFO Utils: Successfully started service 'sparkDriver' on port 40993.
[2024-11-18T17:02:07.002+0000] {spark_submit.py:634} INFO - 24/11/18 17:02:07 INFO SparkEnv: Registering MapOutputTracker
[2024-11-18T17:02:07.058+0000] {spark_submit.py:634} INFO - 24/11/18 17:02:07 INFO SparkEnv: Registering BlockManagerMaster
[2024-11-18T17:02:07.081+0000] {spark_submit.py:634} INFO - 24/11/18 17:02:07 INFO BlockManagerMasterEndpoint: Using org.apache.spark.storage.DefaultTopologyMapper for getting topology information
[2024-11-18T17:02:07.086+0000] {spark_submit.py:634} INFO - 24/11/18 17:02:07 INFO BlockManagerMasterEndpoint: BlockManagerMasterEndpoint up
[2024-11-18T17:02:07.090+0000] {spark_submit.py:634} INFO - 24/11/18 17:02:07 INFO SparkEnv: Registering BlockManagerMasterHeartbeat
[2024-11-18T17:02:07.116+0000] {spark_submit.py:634} INFO - 24/11/18 17:02:07 INFO DiskBlockManager: Created local directory at /tmp/blockmgr-71004aa5-6115-41ec-9d7a-9ba65e5a175f
[2024-11-18T17:02:07.140+0000] {spark_submit.py:634} INFO - 24/11/18 17:02:07 INFO MemoryStore: MemoryStore started with capacity 434.4 MiB
[2024-11-18T17:02:07.162+0000] {spark_submit.py:634} INFO - 24/11/18 17:02:07 INFO SparkEnv: Registering OutputCommitCoordinator
[2024-11-18T17:02:07.368+0000] {spark_submit.py:634} INFO - 24/11/18 17:02:07 INFO JettyUtils: Start Jetty 0.0.0.0:4040 for SparkUI
[2024-11-18T17:02:07.491+0000] {spark_submit.py:634} INFO - 24/11/18 17:02:07 INFO Utils: Successfully started service 'SparkUI' on port 4040.
[2024-11-18T17:02:07.692+0000] {spark_submit.py:634} INFO - 24/11/18 17:02:07 INFO StandaloneAppClient$ClientEndpoint: Connecting to master spark://spark:7077...
[2024-11-18T17:02:07.782+0000] {spark_submit.py:634} INFO - 24/11/18 17:02:07 INFO TransportClientFactory: Successfully created connection to spark/172.19.0.4:7077 after 47 ms (0 ms spent in bootstraps)
[2024-11-18T17:02:07.956+0000] {spark_submit.py:634} INFO - 24/11/18 17:02:07 INFO StandaloneSchedulerBackend: Connected to Spark cluster with app ID app-20241118170207-0006
[2024-11-18T17:02:07.963+0000] {spark_submit.py:634} INFO - 24/11/18 17:02:07 INFO StandaloneAppClient$ClientEndpoint: Executor added: app-20241118170207-0006/0 on worker-20241118162006-172.19.0.6-42979 (172.19.0.6:42979) with 1 core(s)
[2024-11-18T17:02:07.975+0000] {spark_submit.py:634} INFO - 24/11/18 17:02:07 INFO StandaloneSchedulerBackend: Granted executor ID app-20241118170207-0006/0 on hostPort 172.19.0.6:42979 with 1 core(s), 1024.0 MiB RAM
[2024-11-18T17:02:07.985+0000] {spark_submit.py:634} INFO - 24/11/18 17:02:07 INFO StandaloneAppClient$ClientEndpoint: Executor added: app-20241118170207-0006/1 on worker-20241118162006-172.19.0.5-34701 (172.19.0.5:34701) with 1 core(s)
[2024-11-18T17:02:07.996+0000] {spark_submit.py:634} INFO - 24/11/18 17:02:07 INFO StandaloneSchedulerBackend: Granted executor ID app-20241118170207-0006/1 on hostPort 172.19.0.5:34701 with 1 core(s), 1024.0 MiB RAM
[2024-11-18T17:02:07.999+0000] {spark_submit.py:634} INFO - 24/11/18 17:02:07 INFO Utils: Successfully started service 'org.apache.spark.network.netty.NettyBlockTransferService' on port 43343.
[2024-11-18T17:02:08.000+0000] {spark_submit.py:634} INFO - 24/11/18 17:02:07 INFO NettyBlockTransferService: Server created on faf83eb57c9b:43343
[2024-11-18T17:02:08.000+0000] {spark_submit.py:634} INFO - 24/11/18 17:02:07 INFO BlockManager: Using org.apache.spark.storage.RandomBlockReplicationPolicy for block replication policy
[2024-11-18T17:02:08.001+0000] {spark_submit.py:634} INFO - 24/11/18 17:02:08 INFO BlockManagerMaster: Registering BlockManager BlockManagerId(driver, faf83eb57c9b, 43343, None)
[2024-11-18T17:02:08.013+0000] {spark_submit.py:634} INFO - 24/11/18 17:02:08 INFO BlockManagerMasterEndpoint: Registering block manager faf83eb57c9b:43343 with 434.4 MiB RAM, BlockManagerId(driver, faf83eb57c9b, 43343, None)
[2024-11-18T17:02:08.019+0000] {spark_submit.py:634} INFO - 24/11/18 17:02:08 INFO BlockManagerMaster: Registered BlockManager BlockManagerId(driver, faf83eb57c9b, 43343, None)
[2024-11-18T17:02:08.021+0000] {spark_submit.py:634} INFO - 24/11/18 17:02:08 INFO BlockManager: Initialized BlockManager: BlockManagerId(driver, faf83eb57c9b, 43343, None)
[2024-11-18T17:02:08.086+0000] {spark_submit.py:634} INFO - 24/11/18 17:02:08 INFO StandaloneAppClient$ClientEndpoint: Executor updated: app-20241118170207-0006/1 is now RUNNING
[2024-11-18T17:02:08.104+0000] {spark_submit.py:634} INFO - 24/11/18 17:02:08 INFO StandaloneAppClient$ClientEndpoint: Executor updated: app-20241118170207-0006/0 is now RUNNING
[2024-11-18T17:02:08.714+0000] {spark_submit.py:634} INFO - 24/11/18 17:02:08 INFO StandaloneSchedulerBackend: SchedulerBackend is ready for scheduling beginning after reached minRegisteredResourcesRatio: 0.0
[2024-11-18T17:02:10.174+0000] {spark_submit.py:634} INFO - 24/11/18 17:02:10 INFO SharedState: Setting hive.metastore.warehouse.dir ('null') to the value of spark.sql.warehouse.dir.
[2024-11-18T17:02:10.202+0000] {spark_submit.py:634} INFO - 24/11/18 17:02:10 INFO SharedState: Warehouse path is 'file:/app/spark-warehouse'.
[2024-11-18T17:02:14.363+0000] {spark_submit.py:634} INFO - 24/11/18 17:02:14 INFO StandaloneSchedulerBackend$StandaloneDriverEndpoint: Registered executor NettyRpcEndpointRef(spark-client://Executor) (172.19.0.5:60400) with ID 1,  ResourceProfileId 0
[2024-11-18T17:02:14.374+0000] {spark_submit.py:634} INFO - 24/11/18 17:02:14 INFO StandaloneSchedulerBackend$StandaloneDriverEndpoint: Registered executor NettyRpcEndpointRef(spark-client://Executor) (172.19.0.6:40842) with ID 0,  ResourceProfileId 0
[2024-11-18T17:02:14.513+0000] {spark_submit.py:634} INFO - 24/11/18 17:02:14 INFO BlockManagerMasterEndpoint: Registering block manager 172.19.0.6:43229 with 434.4 MiB RAM, BlockManagerId(0, 172.19.0.6, 43229, None)
[2024-11-18T17:02:14.521+0000] {spark_submit.py:634} INFO - 24/11/18 17:02:14 INFO BlockManagerMasterEndpoint: Registering block manager 172.19.0.5:42669 with 434.4 MiB RAM, BlockManagerId(1, 172.19.0.5, 42669, None)
[2024-11-18T17:02:15.789+0000] {spark_submit.py:634} INFO - 24/11/18 17:02:15 INFO CodeGenerator: Code generated in 253.502802 ms
[2024-11-18T17:02:15.829+0000] {spark_submit.py:634} INFO - 24/11/18 17:02:15 INFO SparkContext: Starting job: showString at NativeMethodAccessorImpl.java:0
[2024-11-18T17:02:15.852+0000] {spark_submit.py:634} INFO - 24/11/18 17:02:15 INFO DAGScheduler: Got job 0 (showString at NativeMethodAccessorImpl.java:0) with 1 output partitions
[2024-11-18T17:02:15.853+0000] {spark_submit.py:634} INFO - 24/11/18 17:02:15 INFO DAGScheduler: Final stage: ResultStage 0 (showString at NativeMethodAccessorImpl.java:0)
[2024-11-18T17:02:15.853+0000] {spark_submit.py:634} INFO - 24/11/18 17:02:15 INFO DAGScheduler: Parents of final stage: List()
[2024-11-18T17:02:15.855+0000] {spark_submit.py:634} INFO - 24/11/18 17:02:15 INFO DAGScheduler: Missing parents: List()
[2024-11-18T17:02:15.858+0000] {spark_submit.py:634} INFO - 24/11/18 17:02:15 INFO DAGScheduler: Submitting ResultStage 0 (MapPartitionsRDD[6] at showString at NativeMethodAccessorImpl.java:0), which has no missing parents
[2024-11-18T17:02:15.965+0000] {spark_submit.py:634} INFO - 24/11/18 17:02:15 INFO MemoryStore: Block broadcast_0 stored as values in memory (estimated size 13.1 KiB, free 434.4 MiB)
[2024-11-18T17:02:16.005+0000] {spark_submit.py:634} INFO - 24/11/18 17:02:16 INFO MemoryStore: Block broadcast_0_piece0 stored as bytes in memory (estimated size 6.8 KiB, free 434.4 MiB)
[2024-11-18T17:02:16.013+0000] {spark_submit.py:634} INFO - 24/11/18 17:02:16 INFO BlockManagerInfo: Added broadcast_0_piece0 in memory on faf83eb57c9b:43343 (size: 6.8 KiB, free: 434.4 MiB)
[2024-11-18T17:02:16.020+0000] {spark_submit.py:634} INFO - 24/11/18 17:02:16 INFO SparkContext: Created broadcast 0 from broadcast at DAGScheduler.scala:1585
[2024-11-18T17:02:16.046+0000] {spark_submit.py:634} INFO - 24/11/18 17:02:16 INFO DAGScheduler: Submitting 1 missing tasks from ResultStage 0 (MapPartitionsRDD[6] at showString at NativeMethodAccessorImpl.java:0) (first 15 tasks are for partitions Vector(0))
[2024-11-18T17:02:16.048+0000] {spark_submit.py:634} INFO - 24/11/18 17:02:16 INFO TaskSchedulerImpl: Adding task set 0.0 with 1 tasks resource profile 0
[2024-11-18T17:02:16.081+0000] {spark_submit.py:634} INFO - 24/11/18 17:02:16 INFO TaskSetManager: Starting task 0.0 in stage 0.0 (TID 0) (172.19.0.5, executor 1, partition 0, PROCESS_LOCAL, 9122 bytes)
[2024-11-18T17:02:16.251+0000] {spark_submit.py:634} INFO - 24/11/18 17:02:16 WARN TaskSetManager: Lost task 0.0 in stage 0.0 (TID 0) (172.19.0.5 executor 1): java.io.InvalidClassException: org.apache.spark.scheduler.Task; local class incompatible: stream classdesc serialVersionUID = -6188971942555435033, local class serialVersionUID = 553100815431272095
[2024-11-18T17:02:16.254+0000] {spark_submit.py:634} INFO - at java.base/java.io.ObjectStreamClass.initNonProxy(ObjectStreamClass.java:597)
[2024-11-18T17:02:16.257+0000] {spark_submit.py:634} INFO - at java.base/java.io.ObjectInputStream.readNonProxyDesc(ObjectInputStream.java:2051)
[2024-11-18T17:02:16.265+0000] {spark_submit.py:634} INFO - at java.base/java.io.ObjectInputStream.readClassDesc(ObjectInputStream.java:1898)
[2024-11-18T17:02:16.269+0000] {spark_submit.py:634} INFO - at java.base/java.io.ObjectInputStream.readNonProxyDesc(ObjectInputStream.java:2051)
[2024-11-18T17:02:16.270+0000] {spark_submit.py:634} INFO - at java.base/java.io.ObjectInputStream.readClassDesc(ObjectInputStream.java:1898)
[2024-11-18T17:02:16.272+0000] {spark_submit.py:634} INFO - at java.base/java.io.ObjectInputStream.readOrdinaryObject(ObjectInputStream.java:2224)
[2024-11-18T17:02:16.291+0000] {spark_submit.py:634} INFO - at java.base/java.io.ObjectInputStream.readObject0(ObjectInputStream.java:1733)
[2024-11-18T17:02:16.306+0000] {spark_submit.py:634} INFO - at java.base/java.io.ObjectInputStream.readObject(ObjectInputStream.java:509)
[2024-11-18T17:02:16.315+0000] {spark_submit.py:634} INFO - at java.base/java.io.ObjectInputStream.readObject(ObjectInputStream.java:467)
[2024-11-18T17:02:16.331+0000] {spark_submit.py:634} INFO - at org.apache.spark.serializer.JavaDeserializationStream.readObject(JavaSerializer.scala:87)
[2024-11-18T17:02:16.335+0000] {spark_submit.py:634} INFO - at org.apache.spark.serializer.JavaSerializerInstance.deserialize(JavaSerializer.scala:129)
[2024-11-18T17:02:16.336+0000] {spark_submit.py:634} INFO - at org.apache.spark.executor.Executor$TaskRunner.run(Executor.scala:579)
[2024-11-18T17:02:16.337+0000] {spark_submit.py:634} INFO - at java.base/java.util.concurrent.ThreadPoolExecutor.runWorker(ThreadPoolExecutor.java:1136)
[2024-11-18T17:02:16.337+0000] {spark_submit.py:634} INFO - at java.base/java.util.concurrent.ThreadPoolExecutor$Worker.run(ThreadPoolExecutor.java:635)
[2024-11-18T17:02:16.338+0000] {spark_submit.py:634} INFO - at java.base/java.lang.Thread.run(Thread.java:840)
[2024-11-18T17:02:16.339+0000] {spark_submit.py:634} INFO - 
[2024-11-18T17:02:16.339+0000] {spark_submit.py:634} INFO - 24/11/18 17:02:16 INFO TaskSetManager: Starting task 0.1 in stage 0.0 (TID 1) (172.19.0.5, executor 1, partition 0, PROCESS_LOCAL, 9122 bytes)
[2024-11-18T17:02:16.340+0000] {spark_submit.py:634} INFO - 24/11/18 17:02:16 INFO TaskSetManager: Lost task 0.1 in stage 0.0 (TID 1) on 172.19.0.5, executor 1: java.io.InvalidClassException (org.apache.spark.scheduler.Task; local class incompatible: stream classdesc serialVersionUID = -6188971942555435033, local class serialVersionUID = 553100815431272095) [duplicate 1]
[2024-11-18T17:02:16.340+0000] {spark_submit.py:634} INFO - 24/11/18 17:02:16 INFO TaskSetManager: Starting task 0.2 in stage 0.0 (TID 2) (172.19.0.6, executor 0, partition 0, PROCESS_LOCAL, 9122 bytes)
[2024-11-18T17:02:16.461+0000] {spark_submit.py:634} INFO - 24/11/18 17:02:16 INFO TaskSetManager: Lost task 0.2 in stage 0.0 (TID 2) on 172.19.0.6, executor 0: java.io.InvalidClassException (org.apache.spark.scheduler.Task; local class incompatible: stream classdesc serialVersionUID = -6188971942555435033, local class serialVersionUID = 553100815431272095) [duplicate 2]
[2024-11-18T17:02:16.463+0000] {spark_submit.py:634} INFO - 24/11/18 17:02:16 INFO TaskSetManager: Starting task 0.3 in stage 0.0 (TID 3) (172.19.0.5, executor 1, partition 0, PROCESS_LOCAL, 9122 bytes)
[2024-11-18T17:02:16.489+0000] {spark_submit.py:634} INFO - 24/11/18 17:02:16 INFO TaskSetManager: Lost task 0.3 in stage 0.0 (TID 3) on 172.19.0.5, executor 1: java.io.InvalidClassException (org.apache.spark.scheduler.Task; local class incompatible: stream classdesc serialVersionUID = -6188971942555435033, local class serialVersionUID = 553100815431272095) [duplicate 3]
[2024-11-18T17:02:16.493+0000] {spark_submit.py:634} INFO - 24/11/18 17:02:16 ERROR TaskSetManager: Task 0 in stage 0.0 failed 4 times; aborting job
[2024-11-18T17:02:16.496+0000] {spark_submit.py:634} INFO - 24/11/18 17:02:16 INFO TaskSchedulerImpl: Removed TaskSet 0.0, whose tasks have all completed, from pool
[2024-11-18T17:02:16.498+0000] {spark_submit.py:634} INFO - 24/11/18 17:02:16 INFO TaskSchedulerImpl: Cancelling stage 0
[2024-11-18T17:02:16.502+0000] {spark_submit.py:634} INFO - 24/11/18 17:02:16 INFO TaskSchedulerImpl: Killing all running tasks in stage 0: Stage cancelled: Job aborted due to stage failure: Task 0 in stage 0.0 failed 4 times, most recent failure: Lost task 0.3 in stage 0.0 (TID 3) (172.19.0.5 executor 1): java.io.InvalidClassException: org.apache.spark.scheduler.Task; local class incompatible: stream classdesc serialVersionUID = -6188971942555435033, local class serialVersionUID = 553100815431272095
[2024-11-18T17:02:16.503+0000] {spark_submit.py:634} INFO - at java.base/java.io.ObjectStreamClass.initNonProxy(ObjectStreamClass.java:597)
[2024-11-18T17:02:16.504+0000] {spark_submit.py:634} INFO - at java.base/java.io.ObjectInputStream.readNonProxyDesc(ObjectInputStream.java:2051)
[2024-11-18T17:02:16.505+0000] {spark_submit.py:634} INFO - at java.base/java.io.ObjectInputStream.readClassDesc(ObjectInputStream.java:1898)
[2024-11-18T17:02:16.505+0000] {spark_submit.py:634} INFO - at java.base/java.io.ObjectInputStream.readNonProxyDesc(ObjectInputStream.java:2051)
[2024-11-18T17:02:16.505+0000] {spark_submit.py:634} INFO - at java.base/java.io.ObjectInputStream.readClassDesc(ObjectInputStream.java:1898)
[2024-11-18T17:02:16.506+0000] {spark_submit.py:634} INFO - at java.base/java.io.ObjectInputStream.readOrdinaryObject(ObjectInputStream.java:2224)
[2024-11-18T17:02:16.506+0000] {spark_submit.py:634} INFO - at java.base/java.io.ObjectInputStream.readObject0(ObjectInputStream.java:1733)
[2024-11-18T17:02:16.507+0000] {spark_submit.py:634} INFO - at java.base/java.io.ObjectInputStream.readObject(ObjectInputStream.java:509)
[2024-11-18T17:02:16.509+0000] {spark_submit.py:634} INFO - at java.base/java.io.ObjectInputStream.readObject(ObjectInputStream.java:467)
[2024-11-18T17:02:16.510+0000] {spark_submit.py:634} INFO - at org.apache.spark.serializer.JavaDeserializationStream.readObject(JavaSerializer.scala:87)
[2024-11-18T17:02:16.511+0000] {spark_submit.py:634} INFO - at org.apache.spark.serializer.JavaSerializerInstance.deserialize(JavaSerializer.scala:129)
[2024-11-18T17:02:16.513+0000] {spark_submit.py:634} INFO - at org.apache.spark.executor.Executor$TaskRunner.run(Executor.scala:579)
[2024-11-18T17:02:16.514+0000] {spark_submit.py:634} INFO - at java.base/java.util.concurrent.ThreadPoolExecutor.runWorker(ThreadPoolExecutor.java:1136)
[2024-11-18T17:02:16.515+0000] {spark_submit.py:634} INFO - at java.base/java.util.concurrent.ThreadPoolExecutor$Worker.run(ThreadPoolExecutor.java:635)
[2024-11-18T17:02:16.518+0000] {spark_submit.py:634} INFO - at java.base/java.lang.Thread.run(Thread.java:840)
[2024-11-18T17:02:16.519+0000] {spark_submit.py:634} INFO - 
[2024-11-18T17:02:16.520+0000] {spark_submit.py:634} INFO - Driver stacktrace:
[2024-11-18T17:02:16.523+0000] {spark_submit.py:634} INFO - 24/11/18 17:02:16 INFO DAGScheduler: ResultStage 0 (showString at NativeMethodAccessorImpl.java:0) failed in 0.628 s due to Job aborted due to stage failure: Task 0 in stage 0.0 failed 4 times, most recent failure: Lost task 0.3 in stage 0.0 (TID 3) (172.19.0.5 executor 1): java.io.InvalidClassException: org.apache.spark.scheduler.Task; local class incompatible: stream classdesc serialVersionUID = -6188971942555435033, local class serialVersionUID = 553100815431272095
[2024-11-18T17:02:16.525+0000] {spark_submit.py:634} INFO - at java.base/java.io.ObjectStreamClass.initNonProxy(ObjectStreamClass.java:597)
[2024-11-18T17:02:16.527+0000] {spark_submit.py:634} INFO - at java.base/java.io.ObjectInputStream.readNonProxyDesc(ObjectInputStream.java:2051)
[2024-11-18T17:02:16.528+0000] {spark_submit.py:634} INFO - at java.base/java.io.ObjectInputStream.readClassDesc(ObjectInputStream.java:1898)
[2024-11-18T17:02:16.529+0000] {spark_submit.py:634} INFO - at java.base/java.io.ObjectInputStream.readNonProxyDesc(ObjectInputStream.java:2051)
[2024-11-18T17:02:16.530+0000] {spark_submit.py:634} INFO - at java.base/java.io.ObjectInputStream.readClassDesc(ObjectInputStream.java:1898)
[2024-11-18T17:02:16.530+0000] {spark_submit.py:634} INFO - at java.base/java.io.ObjectInputStream.readOrdinaryObject(ObjectInputStream.java:2224)
[2024-11-18T17:02:16.531+0000] {spark_submit.py:634} INFO - at java.base/java.io.ObjectInputStream.readObject0(ObjectInputStream.java:1733)
[2024-11-18T17:02:16.531+0000] {spark_submit.py:634} INFO - at java.base/java.io.ObjectInputStream.readObject(ObjectInputStream.java:509)
[2024-11-18T17:02:16.531+0000] {spark_submit.py:634} INFO - at java.base/java.io.ObjectInputStream.readObject(ObjectInputStream.java:467)
[2024-11-18T17:02:16.532+0000] {spark_submit.py:634} INFO - at org.apache.spark.serializer.JavaDeserializationStream.readObject(JavaSerializer.scala:87)
[2024-11-18T17:02:16.532+0000] {spark_submit.py:634} INFO - at org.apache.spark.serializer.JavaSerializerInstance.deserialize(JavaSerializer.scala:129)
[2024-11-18T17:02:16.532+0000] {spark_submit.py:634} INFO - at org.apache.spark.executor.Executor$TaskRunner.run(Executor.scala:579)
[2024-11-18T17:02:16.534+0000] {spark_submit.py:634} INFO - at java.base/java.util.concurrent.ThreadPoolExecutor.runWorker(ThreadPoolExecutor.java:1136)
[2024-11-18T17:02:16.535+0000] {spark_submit.py:634} INFO - at java.base/java.util.concurrent.ThreadPoolExecutor$Worker.run(ThreadPoolExecutor.java:635)
[2024-11-18T17:02:16.536+0000] {spark_submit.py:634} INFO - at java.base/java.lang.Thread.run(Thread.java:840)
[2024-11-18T17:02:16.536+0000] {spark_submit.py:634} INFO - 
[2024-11-18T17:02:16.537+0000] {spark_submit.py:634} INFO - Driver stacktrace:
[2024-11-18T17:02:16.537+0000] {spark_submit.py:634} INFO - 24/11/18 17:02:16 INFO DAGScheduler: Job 0 failed: showString at NativeMethodAccessorImpl.java:0, took 0.681507 s
[2024-11-18T17:02:16.798+0000] {spark_submit.py:634} INFO - Traceback (most recent call last):
[2024-11-18T17:02:16.798+0000] {spark_submit.py:634} INFO - File "/opt/***/dags/spark_job.py", line 19, in <module>
[2024-11-18T17:02:16.801+0000] {spark_submit.py:634} INFO - df.show()
[2024-11-18T17:02:16.802+0000] {spark_submit.py:634} INFO - File "/home/***/.local/lib/python3.11/site-packages/pyspark/python/lib/pyspark.zip/pyspark/sql/dataframe.py", line 947, in show
[2024-11-18T17:02:16.802+0000] {spark_submit.py:634} INFO - File "/home/***/.local/lib/python3.11/site-packages/pyspark/python/lib/pyspark.zip/pyspark/sql/dataframe.py", line 965, in _show_string
[2024-11-18T17:02:16.802+0000] {spark_submit.py:634} INFO - File "/home/***/.local/lib/python3.11/site-packages/pyspark/python/lib/py4j-0.10.9.7-src.zip/py4j/java_gateway.py", line 1322, in __call__
[2024-11-18T17:02:16.803+0000] {spark_submit.py:634} INFO - File "/home/***/.local/lib/python3.11/site-packages/pyspark/python/lib/pyspark.zip/pyspark/errors/exceptions/captured.py", line 179, in deco
[2024-11-18T17:02:16.803+0000] {spark_submit.py:634} INFO - File "/home/***/.local/lib/python3.11/site-packages/pyspark/python/lib/py4j-0.10.9.7-src.zip/py4j/protocol.py", line 326, in get_return_value
[2024-11-18T17:02:16.803+0000] {spark_submit.py:634} INFO - py4j.protocol.Py4JJavaError: An error occurred while calling o41.showString.
[2024-11-18T17:02:16.803+0000] {spark_submit.py:634} INFO - : org.apache.spark.SparkException: Job aborted due to stage failure: Task 0 in stage 0.0 failed 4 times, most recent failure: Lost task 0.3 in stage 0.0 (TID 3) (172.19.0.5 executor 1): java.io.InvalidClassException: org.apache.spark.scheduler.Task; local class incompatible: stream classdesc serialVersionUID = -6188971942555435033, local class serialVersionUID = 553100815431272095
[2024-11-18T17:02:16.804+0000] {spark_submit.py:634} INFO - at java.base/java.io.ObjectStreamClass.initNonProxy(ObjectStreamClass.java:597)
[2024-11-18T17:02:16.804+0000] {spark_submit.py:634} INFO - at java.base/java.io.ObjectInputStream.readNonProxyDesc(ObjectInputStream.java:2051)
[2024-11-18T17:02:16.804+0000] {spark_submit.py:634} INFO - at java.base/java.io.ObjectInputStream.readClassDesc(ObjectInputStream.java:1898)
[2024-11-18T17:02:16.805+0000] {spark_submit.py:634} INFO - at java.base/java.io.ObjectInputStream.readNonProxyDesc(ObjectInputStream.java:2051)
[2024-11-18T17:02:16.805+0000] {spark_submit.py:634} INFO - at java.base/java.io.ObjectInputStream.readClassDesc(ObjectInputStream.java:1898)
[2024-11-18T17:02:16.805+0000] {spark_submit.py:634} INFO - at java.base/java.io.ObjectInputStream.readOrdinaryObject(ObjectInputStream.java:2224)
[2024-11-18T17:02:16.805+0000] {spark_submit.py:634} INFO - at java.base/java.io.ObjectInputStream.readObject0(ObjectInputStream.java:1733)
[2024-11-18T17:02:16.806+0000] {spark_submit.py:634} INFO - at java.base/java.io.ObjectInputStream.readObject(ObjectInputStream.java:509)
[2024-11-18T17:02:16.806+0000] {spark_submit.py:634} INFO - at java.base/java.io.ObjectInputStream.readObject(ObjectInputStream.java:467)
[2024-11-18T17:02:16.806+0000] {spark_submit.py:634} INFO - at org.apache.spark.serializer.JavaDeserializationStream.readObject(JavaSerializer.scala:87)
[2024-11-18T17:02:16.806+0000] {spark_submit.py:634} INFO - at org.apache.spark.serializer.JavaSerializerInstance.deserialize(JavaSerializer.scala:129)
[2024-11-18T17:02:16.807+0000] {spark_submit.py:634} INFO - at org.apache.spark.executor.Executor$TaskRunner.run(Executor.scala:579)
[2024-11-18T17:02:16.807+0000] {spark_submit.py:634} INFO - at java.base/java.util.concurrent.ThreadPoolExecutor.runWorker(ThreadPoolExecutor.java:1136)
[2024-11-18T17:02:16.807+0000] {spark_submit.py:634} INFO - at java.base/java.util.concurrent.ThreadPoolExecutor$Worker.run(ThreadPoolExecutor.java:635)
[2024-11-18T17:02:16.808+0000] {spark_submit.py:634} INFO - at java.base/java.lang.Thread.run(Thread.java:840)
[2024-11-18T17:02:16.808+0000] {spark_submit.py:634} INFO - 
[2024-11-18T17:02:16.809+0000] {spark_submit.py:634} INFO - Driver stacktrace:
[2024-11-18T17:02:16.809+0000] {spark_submit.py:634} INFO - at org.apache.spark.scheduler.DAGScheduler.failJobAndIndependentStages(DAGScheduler.scala:2856)
[2024-11-18T17:02:16.809+0000] {spark_submit.py:634} INFO - at org.apache.spark.scheduler.DAGScheduler.$anonfun$abortStage$2(DAGScheduler.scala:2792)
[2024-11-18T17:02:16.809+0000] {spark_submit.py:634} INFO - at org.apache.spark.scheduler.DAGScheduler.$anonfun$abortStage$2$adapted(DAGScheduler.scala:2791)
[2024-11-18T17:02:16.810+0000] {spark_submit.py:634} INFO - at scala.collection.mutable.ResizableArray.foreach(ResizableArray.scala:62)
[2024-11-18T17:02:16.810+0000] {spark_submit.py:634} INFO - at scala.collection.mutable.ResizableArray.foreach$(ResizableArray.scala:55)
[2024-11-18T17:02:16.810+0000] {spark_submit.py:634} INFO - at scala.collection.mutable.ArrayBuffer.foreach(ArrayBuffer.scala:49)
[2024-11-18T17:02:16.811+0000] {spark_submit.py:634} INFO - at org.apache.spark.scheduler.DAGScheduler.abortStage(DAGScheduler.scala:2791)
[2024-11-18T17:02:16.811+0000] {spark_submit.py:634} INFO - at org.apache.spark.scheduler.DAGScheduler.$anonfun$handleTaskSetFailed$1(DAGScheduler.scala:1247)
[2024-11-18T17:02:16.811+0000] {spark_submit.py:634} INFO - at org.apache.spark.scheduler.DAGScheduler.$anonfun$handleTaskSetFailed$1$adapted(DAGScheduler.scala:1247)
[2024-11-18T17:02:16.811+0000] {spark_submit.py:634} INFO - at scala.Option.foreach(Option.scala:407)
[2024-11-18T17:02:16.812+0000] {spark_submit.py:634} INFO - at org.apache.spark.scheduler.DAGScheduler.handleTaskSetFailed(DAGScheduler.scala:1247)
[2024-11-18T17:02:16.812+0000] {spark_submit.py:634} INFO - at org.apache.spark.scheduler.DAGSchedulerEventProcessLoop.doOnReceive(DAGScheduler.scala:3060)
[2024-11-18T17:02:16.812+0000] {spark_submit.py:634} INFO - at org.apache.spark.scheduler.DAGSchedulerEventProcessLoop.onReceive(DAGScheduler.scala:2994)
[2024-11-18T17:02:16.812+0000] {spark_submit.py:634} INFO - at org.apache.spark.scheduler.DAGSchedulerEventProcessLoop.onReceive(DAGScheduler.scala:2983)
[2024-11-18T17:02:16.813+0000] {spark_submit.py:634} INFO - at org.apache.spark.util.EventLoop$$anon$1.run(EventLoop.scala:49)
[2024-11-18T17:02:16.813+0000] {spark_submit.py:634} INFO - at org.apache.spark.scheduler.DAGScheduler.runJob(DAGScheduler.scala:989)
[2024-11-18T17:02:16.813+0000] {spark_submit.py:634} INFO - at org.apache.spark.SparkContext.runJob(SparkContext.scala:2393)
[2024-11-18T17:02:16.814+0000] {spark_submit.py:634} INFO - at org.apache.spark.SparkContext.runJob(SparkContext.scala:2414)
[2024-11-18T17:02:16.814+0000] {spark_submit.py:634} INFO - at org.apache.spark.SparkContext.runJob(SparkContext.scala:2433)
[2024-11-18T17:02:16.815+0000] {spark_submit.py:634} INFO - at org.apache.spark.sql.execution.SparkPlan.executeTake(SparkPlan.scala:530)
[2024-11-18T17:02:16.816+0000] {spark_submit.py:634} INFO - at org.apache.spark.sql.execution.SparkPlan.executeTake(SparkPlan.scala:483)
[2024-11-18T17:02:16.816+0000] {spark_submit.py:634} INFO - at org.apache.spark.sql.execution.CollectLimitExec.executeCollect(limit.scala:61)
[2024-11-18T17:02:16.817+0000] {spark_submit.py:634} INFO - at org.apache.spark.sql.Dataset.collectFromPlan(Dataset.scala:4333)
[2024-11-18T17:02:16.817+0000] {spark_submit.py:634} INFO - at org.apache.spark.sql.Dataset.$anonfun$head$1(Dataset.scala:3316)
[2024-11-18T17:02:16.817+0000] {spark_submit.py:634} INFO - at org.apache.spark.sql.Dataset.$anonfun$withAction$2(Dataset.scala:4323)
[2024-11-18T17:02:16.818+0000] {spark_submit.py:634} INFO - at org.apache.spark.sql.execution.QueryExecution$.withInternalError(QueryExecution.scala:546)
[2024-11-18T17:02:16.819+0000] {spark_submit.py:634} INFO - at org.apache.spark.sql.Dataset.$anonfun$withAction$1(Dataset.scala:4321)
[2024-11-18T17:02:16.819+0000] {spark_submit.py:634} INFO - at org.apache.spark.sql.execution.SQLExecution$.$anonfun$withNewExecutionId$6(SQLExecution.scala:125)
[2024-11-18T17:02:16.821+0000] {spark_submit.py:634} INFO - at org.apache.spark.sql.execution.SQLExecution$.withSQLConfPropagated(SQLExecution.scala:201)
[2024-11-18T17:02:16.821+0000] {spark_submit.py:634} INFO - at org.apache.spark.sql.execution.SQLExecution$.$anonfun$withNewExecutionId$1(SQLExecution.scala:108)
[2024-11-18T17:02:16.822+0000] {spark_submit.py:634} INFO - at org.apache.spark.sql.SparkSession.withActive(SparkSession.scala:900)
[2024-11-18T17:02:16.823+0000] {spark_submit.py:634} INFO - at org.apache.spark.sql.execution.SQLExecution$.withNewExecutionId(SQLExecution.scala:66)
[2024-11-18T17:02:16.823+0000] {spark_submit.py:634} INFO - at org.apache.spark.sql.Dataset.withAction(Dataset.scala:4321)
[2024-11-18T17:02:16.824+0000] {spark_submit.py:634} INFO - at org.apache.spark.sql.Dataset.head(Dataset.scala:3316)
[2024-11-18T17:02:16.825+0000] {spark_submit.py:634} INFO - at org.apache.spark.sql.Dataset.take(Dataset.scala:3539)
[2024-11-18T17:02:16.827+0000] {spark_submit.py:634} INFO - at org.apache.spark.sql.Dataset.getRows(Dataset.scala:280)
[2024-11-18T17:02:16.827+0000] {spark_submit.py:634} INFO - at org.apache.spark.sql.Dataset.showString(Dataset.scala:315)
[2024-11-18T17:02:16.828+0000] {spark_submit.py:634} INFO - at java.base/jdk.internal.reflect.NativeMethodAccessorImpl.invoke0(Native Method)
[2024-11-18T17:02:16.828+0000] {spark_submit.py:634} INFO - at java.base/jdk.internal.reflect.NativeMethodAccessorImpl.invoke(NativeMethodAccessorImpl.java:77)
[2024-11-18T17:02:16.829+0000] {spark_submit.py:634} INFO - at java.base/jdk.internal.reflect.DelegatingMethodAccessorImpl.invoke(DelegatingMethodAccessorImpl.java:43)
[2024-11-18T17:02:16.829+0000] {spark_submit.py:634} INFO - at java.base/java.lang.reflect.Method.invoke(Method.java:569)
[2024-11-18T17:02:16.830+0000] {spark_submit.py:634} INFO - at py4j.reflection.MethodInvoker.invoke(MethodInvoker.java:244)
[2024-11-18T17:02:16.830+0000] {spark_submit.py:634} INFO - at py4j.reflection.ReflectionEngine.invoke(ReflectionEngine.java:374)
[2024-11-18T17:02:16.830+0000] {spark_submit.py:634} INFO - at py4j.Gateway.invoke(Gateway.java:282)
[2024-11-18T17:02:16.830+0000] {spark_submit.py:634} INFO - at py4j.commands.AbstractCommand.invokeMethod(AbstractCommand.java:132)
[2024-11-18T17:02:16.831+0000] {spark_submit.py:634} INFO - at py4j.commands.CallCommand.execute(CallCommand.java:79)
[2024-11-18T17:02:16.831+0000] {spark_submit.py:634} INFO - at py4j.ClientServerConnection.waitForCommands(ClientServerConnection.java:182)
[2024-11-18T17:02:16.831+0000] {spark_submit.py:634} INFO - at py4j.ClientServerConnection.run(ClientServerConnection.java:106)
[2024-11-18T17:02:16.832+0000] {spark_submit.py:634} INFO - at java.base/java.lang.Thread.run(Thread.java:840)
[2024-11-18T17:02:16.832+0000] {spark_submit.py:634} INFO - Caused by: java.io.InvalidClassException: org.apache.spark.scheduler.Task; local class incompatible: stream classdesc serialVersionUID = -6188971942555435033, local class serialVersionUID = 553100815431272095
[2024-11-18T17:02:16.833+0000] {spark_submit.py:634} INFO - at java.base/java.io.ObjectStreamClass.initNonProxy(ObjectStreamClass.java:597)
[2024-11-18T17:02:16.833+0000] {spark_submit.py:634} INFO - at java.base/java.io.ObjectInputStream.readNonProxyDesc(ObjectInputStream.java:2051)
[2024-11-18T17:02:16.834+0000] {spark_submit.py:634} INFO - at java.base/java.io.ObjectInputStream.readClassDesc(ObjectInputStream.java:1898)
[2024-11-18T17:02:16.835+0000] {spark_submit.py:634} INFO - at java.base/java.io.ObjectInputStream.readNonProxyDesc(ObjectInputStream.java:2051)
[2024-11-18T17:02:16.835+0000] {spark_submit.py:634} INFO - at java.base/java.io.ObjectInputStream.readClassDesc(ObjectInputStream.java:1898)
[2024-11-18T17:02:16.836+0000] {spark_submit.py:634} INFO - at java.base/java.io.ObjectInputStream.readOrdinaryObject(ObjectInputStream.java:2224)
[2024-11-18T17:02:16.836+0000] {spark_submit.py:634} INFO - at java.base/java.io.ObjectInputStream.readObject0(ObjectInputStream.java:1733)
[2024-11-18T17:02:16.836+0000] {spark_submit.py:634} INFO - at java.base/java.io.ObjectInputStream.readObject(ObjectInputStream.java:509)
[2024-11-18T17:02:16.837+0000] {spark_submit.py:634} INFO - at java.base/java.io.ObjectInputStream.readObject(ObjectInputStream.java:467)
[2024-11-18T17:02:16.837+0000] {spark_submit.py:634} INFO - at org.apache.spark.serializer.JavaDeserializationStream.readObject(JavaSerializer.scala:87)
[2024-11-18T17:02:16.837+0000] {spark_submit.py:634} INFO - at org.apache.spark.serializer.JavaSerializerInstance.deserialize(JavaSerializer.scala:129)
[2024-11-18T17:02:16.837+0000] {spark_submit.py:634} INFO - at org.apache.spark.executor.Executor$TaskRunner.run(Executor.scala:579)
[2024-11-18T17:02:16.838+0000] {spark_submit.py:634} INFO - at java.base/java.util.concurrent.ThreadPoolExecutor.runWorker(ThreadPoolExecutor.java:1136)
[2024-11-18T17:02:16.838+0000] {spark_submit.py:634} INFO - at java.base/java.util.concurrent.ThreadPoolExecutor$Worker.run(ThreadPoolExecutor.java:635)
[2024-11-18T17:02:16.838+0000] {spark_submit.py:634} INFO - ... 1 more
[2024-11-18T17:02:16.838+0000] {spark_submit.py:634} INFO - 
[2024-11-18T17:02:16.938+0000] {spark_submit.py:634} INFO - 24/11/18 17:02:16 INFO SparkContext: Invoking stop() from shutdown hook
[2024-11-18T17:02:16.939+0000] {spark_submit.py:634} INFO - 24/11/18 17:02:16 INFO SparkContext: SparkContext is stopping with exitCode 0.
[2024-11-18T17:02:16.947+0000] {spark_submit.py:634} INFO - 24/11/18 17:02:16 INFO SparkUI: Stopped Spark web UI at http://faf83eb57c9b:4040
[2024-11-18T17:02:16.952+0000] {spark_submit.py:634} INFO - 24/11/18 17:02:16 INFO StandaloneSchedulerBackend: Shutting down all executors
[2024-11-18T17:02:16.953+0000] {spark_submit.py:634} INFO - 24/11/18 17:02:16 INFO StandaloneSchedulerBackend$StandaloneDriverEndpoint: Asking each executor to shut down
[2024-11-18T17:02:16.981+0000] {spark_submit.py:634} INFO - 24/11/18 17:02:16 INFO MapOutputTrackerMasterEndpoint: MapOutputTrackerMasterEndpoint stopped!
[2024-11-18T17:02:17.020+0000] {spark_submit.py:634} INFO - 24/11/18 17:02:17 INFO MemoryStore: MemoryStore cleared
[2024-11-18T17:02:17.022+0000] {spark_submit.py:634} INFO - 24/11/18 17:02:17 INFO BlockManager: BlockManager stopped
[2024-11-18T17:02:17.072+0000] {spark_submit.py:634} INFO - 24/11/18 17:02:17 INFO BlockManagerMaster: BlockManagerMaster stopped
[2024-11-18T17:02:17.076+0000] {spark_submit.py:634} INFO - 24/11/18 17:02:17 INFO OutputCommitCoordinator$OutputCommitCoordinatorEndpoint: OutputCommitCoordinator stopped!
[2024-11-18T17:02:17.086+0000] {spark_submit.py:634} INFO - 24/11/18 17:02:17 INFO SparkContext: Successfully stopped SparkContext
[2024-11-18T17:02:17.086+0000] {spark_submit.py:634} INFO - 24/11/18 17:02:17 INFO ShutdownHookManager: Shutdown hook called
[2024-11-18T17:02:17.087+0000] {spark_submit.py:634} INFO - 24/11/18 17:02:17 INFO ShutdownHookManager: Deleting directory /tmp/spark-595924f9-2941-4810-a29a-ef76f6ec1e1b
[2024-11-18T17:02:17.092+0000] {spark_submit.py:634} INFO - 24/11/18 17:02:17 INFO ShutdownHookManager: Deleting directory /tmp/spark-a7d32f81-5a10-4444-a306-e44ba8ca52c5
[2024-11-18T17:02:17.099+0000] {spark_submit.py:634} INFO - 24/11/18 17:02:17 INFO ShutdownHookManager: Deleting directory /tmp/spark-595924f9-2941-4810-a29a-ef76f6ec1e1b/pyspark-a0316cc8-9105-49a7-bc68-efdc511c3b58
[2024-11-18T17:02:17.136+0000] {taskinstance.py:441} INFO - ::group::Post task execution logs
[2024-11-18T17:02:17.144+0000] {taskinstance.py:2905} ERROR - Task failed with exception
Traceback (most recent call last):
  File "/home/airflow/.local/lib/python3.11/site-packages/airflow/models/taskinstance.py", line 465, in _execute_task
    result = _execute_callable(context=context, **execute_callable_kwargs)
             ^^^^^^^^^^^^^^^^^^^^^^^^^^^^^^^^^^^^^^^^^^^^^^^^^^^^^^^^^^^^^
  File "/home/airflow/.local/lib/python3.11/site-packages/airflow/models/taskinstance.py", line 432, in _execute_callable
    return execute_callable(context=context, **execute_callable_kwargs)
           ^^^^^^^^^^^^^^^^^^^^^^^^^^^^^^^^^^^^^^^^^^^^^^^^^^^^^^^^^^^^
  File "/home/airflow/.local/lib/python3.11/site-packages/airflow/models/baseoperator.py", line 401, in wrapper
    return func(self, *args, **kwargs)
           ^^^^^^^^^^^^^^^^^^^^^^^^^^^
  File "/home/airflow/.local/lib/python3.11/site-packages/airflow/providers/apache/spark/operators/spark_submit.py", line 176, in execute
    self._hook.submit(self.application)
  File "/home/airflow/.local/lib/python3.11/site-packages/airflow/providers/apache/spark/hooks/spark_submit.py", line 560, in submit
    raise AirflowException(
airflow.exceptions.AirflowException: Cannot execute: spark-submit --master spark://spark:7077 --name arrow-spark --deploy-mode client /opt/***/dags/spark_job.py. Error code is: 1.
[2024-11-18T17:02:17.147+0000] {taskinstance.py:1206} INFO - Marking task as UP_FOR_RETRY. dag_id=spark_dag, task_id=spark_job, run_id=manual__2024-11-18T17:01:39.806747+00:00, execution_date=20241118T170139, start_date=20241118T170202, end_date=20241118T170217
[2024-11-18T17:02:17.163+0000] {standard_task_runner.py:110} ERROR - Failed to execute job 761 for task spark_job (Cannot execute: spark-submit --master spark://spark:7077 --name arrow-spark --deploy-mode client /opt/***/dags/spark_job.py. Error code is: 1.; 3229)
[2024-11-18T17:02:17.188+0000] {local_task_job_runner.py:243} INFO - Task exited with return code 1
[2024-11-18T17:02:17.204+0000] {taskinstance.py:3503} INFO - 0 downstream tasks scheduled from follow-on schedule check
[2024-11-18T17:02:17.206+0000] {local_task_job_runner.py:222} INFO - ::endgroup::
