[2024-11-18T20:35:02.290+0000] {local_task_job_runner.py:120} INFO - ::group::Pre task execution logs
[2024-11-18T20:35:02.310+0000] {taskinstance.py:2076} INFO - Dependencies all met for dep_context=non-requeueable deps ti=<TaskInstance: spark_job.spark_task manual__2024-11-18T20:35:00.740361+00:00 [queued]>
[2024-11-18T20:35:02.318+0000] {taskinstance.py:2076} INFO - Dependencies all met for dep_context=requeueable deps ti=<TaskInstance: spark_job.spark_task manual__2024-11-18T20:35:00.740361+00:00 [queued]>
[2024-11-18T20:35:02.319+0000] {taskinstance.py:2306} INFO - Starting attempt 1 of 2
[2024-11-18T20:35:02.334+0000] {taskinstance.py:2330} INFO - Executing <Task(SparkSubmitOperator): spark_task> on 2024-11-18 20:35:00.740361+00:00
[2024-11-18T20:35:02.342+0000] {standard_task_runner.py:64} INFO - Started process 2786 to run task
[2024-11-18T20:35:02.344+0000] {standard_task_runner.py:90} INFO - Running: ['***', 'tasks', 'run', 'spark_job', 'spark_task', 'manual__2024-11-18T20:35:00.740361+00:00', '--job-id', '16', '--raw', '--subdir', 'DAGS_FOLDER/spark_dag.py', '--cfg-path', '/tmp/tmpx9bb6oh4']
[2024-11-18T20:35:02.348+0000] {standard_task_runner.py:91} INFO - Job 16: Subtask spark_task
[2024-11-18T20:35:02.392+0000] {task_command.py:426} INFO - Running <TaskInstance: spark_job.spark_task manual__2024-11-18T20:35:00.740361+00:00 [running]> on host 303af52bf48c
[2024-11-18T20:35:02.473+0000] {taskinstance.py:2648} INFO - Exporting env vars: AIRFLOW_CTX_DAG_OWNER='***' AIRFLOW_CTX_DAG_ID='spark_job' AIRFLOW_CTX_TASK_ID='spark_task' AIRFLOW_CTX_EXECUTION_DATE='2024-11-18T20:35:00.740361+00:00' AIRFLOW_CTX_TRY_NUMBER='1' AIRFLOW_CTX_DAG_RUN_ID='manual__2024-11-18T20:35:00.740361+00:00'
[2024-11-18T20:35:02.475+0000] {taskinstance.py:430} INFO - ::endgroup::
[2024-11-18T20:35:02.483+0000] {base.py:84} INFO - Using connection ID 'spark_default' for task execution.
[2024-11-18T20:35:02.484+0000] {spark_submit.py:403} INFO - Spark-Submit cmd: spark-submit --master spark://spark:7077 --name arrow-spark --deploy-mode client /opt/***/dags/spark_job.py
[2024-11-18T20:35:05.744+0000] {spark_submit.py:579} INFO - 24/11/18 20:35:05 INFO SparkContext: Running Spark version 3.5.1
[2024-11-18T20:35:05.748+0000] {spark_submit.py:579} INFO - 24/11/18 20:35:05 INFO SparkContext: OS info Linux, 5.15.153.1-microsoft-standard-WSL2, amd64
[2024-11-18T20:35:05.749+0000] {spark_submit.py:579} INFO - 24/11/18 20:35:05 INFO SparkContext: Java version 17.0.12
[2024-11-18T20:35:05.817+0000] {spark_submit.py:579} INFO - 24/11/18 20:35:05 WARN NativeCodeLoader: Unable to load native-hadoop library for your platform... using builtin-java classes where applicable
[2024-11-18T20:35:05.942+0000] {spark_submit.py:579} INFO - 24/11/18 20:35:05 INFO ResourceUtils: ==============================================================
[2024-11-18T20:35:05.943+0000] {spark_submit.py:579} INFO - 24/11/18 20:35:05 INFO ResourceUtils: No custom resources configured for spark.driver.
[2024-11-18T20:35:05.945+0000] {spark_submit.py:579} INFO - 24/11/18 20:35:05 INFO ResourceUtils: ==============================================================
[2024-11-18T20:35:05.946+0000] {spark_submit.py:579} INFO - 24/11/18 20:35:05 INFO SparkContext: Submitted application: Airflow Spark Job
[2024-11-18T20:35:05.973+0000] {spark_submit.py:579} INFO - 24/11/18 20:35:05 INFO ResourceProfile: Default ResourceProfile created, executor resources: Map(memory -> name: memory, amount: 1024, script: , vendor: , offHeap -> name: offHeap, amount: 0, script: , vendor: ), task resources: Map(cpus -> name: cpus, amount: 1.0)
[2024-11-18T20:35:05.985+0000] {spark_submit.py:579} INFO - 24/11/18 20:35:05 INFO ResourceProfile: Limiting resource is cpu
[2024-11-18T20:35:05.986+0000] {spark_submit.py:579} INFO - 24/11/18 20:35:05 INFO ResourceProfileManager: Added ResourceProfile id: 0
[2024-11-18T20:35:06.052+0000] {spark_submit.py:579} INFO - 24/11/18 20:35:06 INFO SecurityManager: Changing view acls to: ***
[2024-11-18T20:35:06.053+0000] {spark_submit.py:579} INFO - 24/11/18 20:35:06 INFO SecurityManager: Changing modify acls to: ***
[2024-11-18T20:35:06.055+0000] {spark_submit.py:579} INFO - 24/11/18 20:35:06 INFO SecurityManager: Changing view acls groups to:
[2024-11-18T20:35:06.057+0000] {spark_submit.py:579} INFO - 24/11/18 20:35:06 INFO SecurityManager: Changing modify acls groups to:
[2024-11-18T20:35:06.058+0000] {spark_submit.py:579} INFO - 24/11/18 20:35:06 INFO SecurityManager: SecurityManager: authentication disabled; ui acls disabled; users with view permissions: ***; groups with view permissions: EMPTY; users with modify permissions: ***; groups with modify permissions: EMPTY
[2024-11-18T20:35:06.476+0000] {spark_submit.py:579} INFO - 24/11/18 20:35:06 INFO Utils: Successfully started service 'sparkDriver' on port 45907.
[2024-11-18T20:35:06.518+0000] {spark_submit.py:579} INFO - 24/11/18 20:35:06 INFO SparkEnv: Registering MapOutputTracker
[2024-11-18T20:35:06.564+0000] {spark_submit.py:579} INFO - 24/11/18 20:35:06 INFO SparkEnv: Registering BlockManagerMaster
[2024-11-18T20:35:06.590+0000] {spark_submit.py:579} INFO - 24/11/18 20:35:06 INFO BlockManagerMasterEndpoint: Using org.apache.spark.storage.DefaultTopologyMapper for getting topology information
[2024-11-18T20:35:06.591+0000] {spark_submit.py:579} INFO - 24/11/18 20:35:06 INFO BlockManagerMasterEndpoint: BlockManagerMasterEndpoint up
[2024-11-18T20:35:06.599+0000] {spark_submit.py:579} INFO - 24/11/18 20:35:06 INFO SparkEnv: Registering BlockManagerMasterHeartbeat
[2024-11-18T20:35:06.622+0000] {spark_submit.py:579} INFO - 24/11/18 20:35:06 INFO DiskBlockManager: Created local directory at /tmp/blockmgr-14ef07d7-5bce-44f0-aea7-1b000c2327b2
[2024-11-18T20:35:06.641+0000] {spark_submit.py:579} INFO - 24/11/18 20:35:06 INFO MemoryStore: MemoryStore started with capacity 434.4 MiB
[2024-11-18T20:35:06.665+0000] {spark_submit.py:579} INFO - 24/11/18 20:35:06 INFO SparkEnv: Registering OutputCommitCoordinator
[2024-11-18T20:35:06.816+0000] {spark_submit.py:579} INFO - 24/11/18 20:35:06 INFO JettyUtils: Start Jetty 0.0.0.0:4040 for SparkUI
[2024-11-18T20:35:06.924+0000] {spark_submit.py:579} INFO - 24/11/18 20:35:06 INFO Utils: Successfully started service 'SparkUI' on port 4040.
[2024-11-18T20:35:07.069+0000] {spark_submit.py:579} INFO - 24/11/18 20:35:07 INFO StandaloneAppClient$ClientEndpoint: Connecting to master spark://spark:7077...
[2024-11-18T20:35:07.114+0000] {spark_submit.py:579} INFO - 24/11/18 20:35:07 INFO TransportClientFactory: Successfully created connection to spark/172.18.0.4:7077 after 24 ms (0 ms spent in bootstraps)
[2024-11-18T20:35:07.197+0000] {spark_submit.py:579} INFO - 24/11/18 20:35:07 INFO StandaloneSchedulerBackend: Connected to Spark cluster with app ID app-20241118203507-0013
[2024-11-18T20:35:07.200+0000] {spark_submit.py:579} INFO - 24/11/18 20:35:07 INFO StandaloneAppClient$ClientEndpoint: Executor added: app-20241118203507-0013/0 on worker-20241118201828-172.18.0.5-32835 (172.18.0.5:32835) with 1 core(s)
[2024-11-18T20:35:07.202+0000] {spark_submit.py:579} INFO - 24/11/18 20:35:07 INFO StandaloneSchedulerBackend: Granted executor ID app-20241118203507-0013/0 on hostPort 172.18.0.5:32835 with 1 core(s), 1024.0 MiB RAM
[2024-11-18T20:35:07.203+0000] {spark_submit.py:579} INFO - 24/11/18 20:35:07 INFO StandaloneAppClient$ClientEndpoint: Executor added: app-20241118203507-0013/1 on worker-20241118201828-172.18.0.6-37135 (172.18.0.6:37135) with 1 core(s)
[2024-11-18T20:35:07.204+0000] {spark_submit.py:579} INFO - 24/11/18 20:35:07 INFO StandaloneSchedulerBackend: Granted executor ID app-20241118203507-0013/1 on hostPort 172.18.0.6:37135 with 1 core(s), 1024.0 MiB RAM
[2024-11-18T20:35:07.207+0000] {spark_submit.py:579} INFO - 24/11/18 20:35:07 INFO Utils: Successfully started service 'org.apache.spark.network.netty.NettyBlockTransferService' on port 41365.
[2024-11-18T20:35:07.207+0000] {spark_submit.py:579} INFO - 24/11/18 20:35:07 INFO NettyBlockTransferService: Server created on 303af52bf48c:41365
[2024-11-18T20:35:07.209+0000] {spark_submit.py:579} INFO - 24/11/18 20:35:07 INFO BlockManager: Using org.apache.spark.storage.RandomBlockReplicationPolicy for block replication policy
[2024-11-18T20:35:07.216+0000] {spark_submit.py:579} INFO - 24/11/18 20:35:07 INFO BlockManagerMaster: Registering BlockManager BlockManagerId(driver, 303af52bf48c, 41365, None)
[2024-11-18T20:35:07.221+0000] {spark_submit.py:579} INFO - 24/11/18 20:35:07 INFO BlockManagerMasterEndpoint: Registering block manager 303af52bf48c:41365 with 434.4 MiB RAM, BlockManagerId(driver, 303af52bf48c, 41365, None)
[2024-11-18T20:35:07.223+0000] {spark_submit.py:579} INFO - 24/11/18 20:35:07 INFO BlockManagerMaster: Registered BlockManager BlockManagerId(driver, 303af52bf48c, 41365, None)
[2024-11-18T20:35:07.224+0000] {spark_submit.py:579} INFO - 24/11/18 20:35:07 INFO BlockManager: Initialized BlockManager: BlockManagerId(driver, 303af52bf48c, 41365, None)
[2024-11-18T20:35:07.265+0000] {spark_submit.py:579} INFO - 24/11/18 20:35:07 INFO StandaloneAppClient$ClientEndpoint: Executor updated: app-20241118203507-0013/1 is now RUNNING
[2024-11-18T20:35:07.282+0000] {spark_submit.py:579} INFO - 24/11/18 20:35:07 INFO StandaloneAppClient$ClientEndpoint: Executor updated: app-20241118203507-0013/0 is now RUNNING
[2024-11-18T20:35:07.572+0000] {spark_submit.py:579} INFO - 24/11/18 20:35:07 INFO StandaloneSchedulerBackend: SchedulerBackend is ready for scheduling beginning after reached minRegisteredResourcesRatio: 0.0
[2024-11-18T20:35:08.369+0000] {spark_submit.py:579} INFO - 24/11/18 20:35:08 INFO SharedState: Setting hive.metastore.warehouse.dir ('null') to the value of spark.sql.warehouse.dir.
[2024-11-18T20:35:08.387+0000] {spark_submit.py:579} INFO - 24/11/18 20:35:08 INFO SharedState: Warehouse path is 'file:/app/spark-warehouse'.
[2024-11-18T20:35:10.620+0000] {spark_submit.py:579} INFO - 24/11/18 20:35:10 INFO StandaloneSchedulerBackend$StandaloneDriverEndpoint: Registered executor NettyRpcEndpointRef(spark-client://Executor) (172.18.0.6:33866) with ID 1,  ResourceProfileId 0
[2024-11-18T20:35:10.708+0000] {spark_submit.py:579} INFO - 24/11/18 20:35:10 INFO BlockManagerMasterEndpoint: Registering block manager 172.18.0.6:44339 with 434.4 MiB RAM, BlockManagerId(1, 172.18.0.6, 44339, None)
[2024-11-18T20:35:10.786+0000] {spark_submit.py:579} INFO - 24/11/18 20:35:10 INFO StandaloneSchedulerBackend$StandaloneDriverEndpoint: Registered executor NettyRpcEndpointRef(spark-client://Executor) (172.18.0.5:44516) with ID 0,  ResourceProfileId 0
[2024-11-18T20:35:10.870+0000] {spark_submit.py:579} INFO - 24/11/18 20:35:10 INFO BlockManagerMasterEndpoint: Registering block manager 172.18.0.5:40487 with 434.4 MiB RAM, BlockManagerId(0, 172.18.0.5, 40487, None)
[2024-11-18T20:35:11.622+0000] {spark_submit.py:579} INFO - 24/11/18 20:35:11 INFO CodeGenerator: Code generated in 196.143271 ms
[2024-11-18T20:35:11.656+0000] {spark_submit.py:579} INFO - 24/11/18 20:35:11 INFO SparkContext: Starting job: showString at NativeMethodAccessorImpl.java:0
[2024-11-18T20:35:11.667+0000] {spark_submit.py:579} INFO - 24/11/18 20:35:11 INFO DAGScheduler: Got job 0 (showString at NativeMethodAccessorImpl.java:0) with 1 output partitions
[2024-11-18T20:35:11.668+0000] {spark_submit.py:579} INFO - 24/11/18 20:35:11 INFO DAGScheduler: Final stage: ResultStage 0 (showString at NativeMethodAccessorImpl.java:0)
[2024-11-18T20:35:11.668+0000] {spark_submit.py:579} INFO - 24/11/18 20:35:11 INFO DAGScheduler: Parents of final stage: List()
[2024-11-18T20:35:11.669+0000] {spark_submit.py:579} INFO - 24/11/18 20:35:11 INFO DAGScheduler: Missing parents: List()
[2024-11-18T20:35:11.673+0000] {spark_submit.py:579} INFO - 24/11/18 20:35:11 INFO DAGScheduler: Submitting ResultStage 0 (MapPartitionsRDD[6] at showString at NativeMethodAccessorImpl.java:0), which has no missing parents
[2024-11-18T20:35:11.737+0000] {spark_submit.py:579} INFO - 24/11/18 20:35:11 INFO MemoryStore: Block broadcast_0 stored as values in memory (estimated size 13.1 KiB, free 434.4 MiB)
[2024-11-18T20:35:11.767+0000] {spark_submit.py:579} INFO - 24/11/18 20:35:11 INFO MemoryStore: Block broadcast_0_piece0 stored as bytes in memory (estimated size 6.8 KiB, free 434.4 MiB)
[2024-11-18T20:35:11.771+0000] {spark_submit.py:579} INFO - 24/11/18 20:35:11 INFO BlockManagerInfo: Added broadcast_0_piece0 in memory on 303af52bf48c:41365 (size: 6.8 KiB, free: 434.4 MiB)
[2024-11-18T20:35:11.779+0000] {spark_submit.py:579} INFO - 24/11/18 20:35:11 INFO SparkContext: Created broadcast 0 from broadcast at DAGScheduler.scala:1585
[2024-11-18T20:35:11.792+0000] {spark_submit.py:579} INFO - 24/11/18 20:35:11 INFO DAGScheduler: Submitting 1 missing tasks from ResultStage 0 (MapPartitionsRDD[6] at showString at NativeMethodAccessorImpl.java:0) (first 15 tasks are for partitions Vector(0))
[2024-11-18T20:35:11.793+0000] {spark_submit.py:579} INFO - 24/11/18 20:35:11 INFO TaskSchedulerImpl: Adding task set 0.0 with 1 tasks resource profile 0
[2024-11-18T20:35:11.817+0000] {spark_submit.py:579} INFO - 24/11/18 20:35:11 INFO TaskSetManager: Starting task 0.0 in stage 0.0 (TID 0) (172.18.0.5, executor 0, partition 0, PROCESS_LOCAL, 7738 bytes)
[2024-11-18T20:35:12.039+0000] {spark_submit.py:579} INFO - 24/11/18 20:35:12 INFO BlockManagerInfo: Added broadcast_0_piece0 in memory on 172.18.0.5:40487 (size: 6.8 KiB, free: 434.4 MiB)
[2024-11-18T20:35:13.241+0000] {spark_submit.py:579} INFO - 24/11/18 20:35:13 INFO TaskSetManager: Finished task 0.0 in stage 0.0 (TID 0) in 1432 ms on 172.18.0.5 (executor 0) (1/1)
[2024-11-18T20:35:13.243+0000] {spark_submit.py:579} INFO - 24/11/18 20:35:13 INFO TaskSchedulerImpl: Removed TaskSet 0.0, whose tasks have all completed, from pool
[2024-11-18T20:35:13.246+0000] {spark_submit.py:579} INFO - 24/11/18 20:35:13 INFO PythonAccumulatorV2: Connected to AccumulatorServer at host: 127.0.0.1 port: 50699
[2024-11-18T20:35:13.249+0000] {spark_submit.py:579} INFO - 24/11/18 20:35:13 INFO DAGScheduler: ResultStage 0 (showString at NativeMethodAccessorImpl.java:0) finished in 1.567 s
[2024-11-18T20:35:13.252+0000] {spark_submit.py:579} INFO - 24/11/18 20:35:13 INFO DAGScheduler: Job 0 is finished. Cancelling potential speculative or zombie tasks for this job
[2024-11-18T20:35:13.253+0000] {spark_submit.py:579} INFO - 24/11/18 20:35:13 INFO TaskSchedulerImpl: Killing all running tasks in stage 0: Stage finished
[2024-11-18T20:35:13.254+0000] {spark_submit.py:579} INFO - 24/11/18 20:35:13 INFO DAGScheduler: Job 0 finished: showString at NativeMethodAccessorImpl.java:0, took 1.598052 s
[2024-11-18T20:35:13.263+0000] {spark_submit.py:579} INFO - 24/11/18 20:35:13 INFO SparkContext: Starting job: showString at NativeMethodAccessorImpl.java:0
[2024-11-18T20:35:13.265+0000] {spark_submit.py:579} INFO - 24/11/18 20:35:13 INFO DAGScheduler: Got job 1 (showString at NativeMethodAccessorImpl.java:0) with 1 output partitions
[2024-11-18T20:35:13.266+0000] {spark_submit.py:579} INFO - 24/11/18 20:35:13 INFO DAGScheduler: Final stage: ResultStage 1 (showString at NativeMethodAccessorImpl.java:0)
[2024-11-18T20:35:13.266+0000] {spark_submit.py:579} INFO - 24/11/18 20:35:13 INFO DAGScheduler: Parents of final stage: List()
[2024-11-18T20:35:13.267+0000] {spark_submit.py:579} INFO - 24/11/18 20:35:13 INFO DAGScheduler: Missing parents: List()
[2024-11-18T20:35:13.268+0000] {spark_submit.py:579} INFO - 24/11/18 20:35:13 INFO DAGScheduler: Submitting ResultStage 1 (MapPartitionsRDD[6] at showString at NativeMethodAccessorImpl.java:0), which has no missing parents
[2024-11-18T20:35:13.271+0000] {spark_submit.py:579} INFO - 24/11/18 20:35:13 INFO MemoryStore: Block broadcast_1 stored as values in memory (estimated size 13.1 KiB, free 434.4 MiB)
[2024-11-18T20:35:13.288+0000] {spark_submit.py:579} INFO - 24/11/18 20:35:13 INFO MemoryStore: Block broadcast_1_piece0 stored as bytes in memory (estimated size 6.8 KiB, free 434.4 MiB)
[2024-11-18T20:35:13.289+0000] {spark_submit.py:579} INFO - 24/11/18 20:35:13 INFO BlockManagerInfo: Added broadcast_1_piece0 in memory on 303af52bf48c:41365 (size: 6.8 KiB, free: 434.4 MiB)
[2024-11-18T20:35:13.293+0000] {spark_submit.py:579} INFO - 24/11/18 20:35:13 INFO SparkContext: Created broadcast 1 from broadcast at DAGScheduler.scala:1585
[2024-11-18T20:35:13.294+0000] {spark_submit.py:579} INFO - 24/11/18 20:35:13 INFO DAGScheduler: Submitting 1 missing tasks from ResultStage 1 (MapPartitionsRDD[6] at showString at NativeMethodAccessorImpl.java:0) (first 15 tasks are for partitions Vector(1))
[2024-11-18T20:35:13.295+0000] {spark_submit.py:579} INFO - 24/11/18 20:35:13 INFO TaskSchedulerImpl: Adding task set 1.0 with 1 tasks resource profile 0
[2024-11-18T20:35:13.296+0000] {spark_submit.py:579} INFO - 24/11/18 20:35:13 INFO TaskSetManager: Starting task 0.0 in stage 1.0 (TID 1) (172.18.0.5, executor 0, partition 1, PROCESS_LOCAL, 7725 bytes)
[2024-11-18T20:35:13.321+0000] {spark_submit.py:579} INFO - 24/11/18 20:35:13 INFO BlockManagerInfo: Removed broadcast_0_piece0 on 303af52bf48c:41365 in memory (size: 6.8 KiB, free: 434.4 MiB)
[2024-11-18T20:35:13.332+0000] {spark_submit.py:579} INFO - 24/11/18 20:35:13 INFO BlockManagerInfo: Removed broadcast_0_piece0 on 172.18.0.5:40487 in memory (size: 6.8 KiB, free: 434.4 MiB)
[2024-11-18T20:35:13.335+0000] {spark_submit.py:579} INFO - 24/11/18 20:35:13 INFO BlockManagerInfo: Added broadcast_1_piece0 in memory on 172.18.0.5:40487 (size: 6.8 KiB, free: 434.4 MiB)
[2024-11-18T20:35:13.458+0000] {spark_submit.py:579} INFO - 24/11/18 20:35:13 INFO TaskSetManager: Finished task 0.0 in stage 1.0 (TID 1) in 161 ms on 172.18.0.5 (executor 0) (1/1)
[2024-11-18T20:35:13.459+0000] {spark_submit.py:579} INFO - 24/11/18 20:35:13 INFO TaskSchedulerImpl: Removed TaskSet 1.0, whose tasks have all completed, from pool
[2024-11-18T20:35:13.460+0000] {spark_submit.py:579} INFO - 24/11/18 20:35:13 INFO DAGScheduler: ResultStage 1 (showString at NativeMethodAccessorImpl.java:0) finished in 0.191 s
[2024-11-18T20:35:13.461+0000] {spark_submit.py:579} INFO - 24/11/18 20:35:13 INFO DAGScheduler: Job 1 is finished. Cancelling potential speculative or zombie tasks for this job
[2024-11-18T20:35:13.461+0000] {spark_submit.py:579} INFO - 24/11/18 20:35:13 INFO TaskSchedulerImpl: Killing all running tasks in stage 1: Stage finished
[2024-11-18T20:35:13.462+0000] {spark_submit.py:579} INFO - 24/11/18 20:35:13 INFO DAGScheduler: Job 1 finished: showString at NativeMethodAccessorImpl.java:0, took 0.197838 s
[2024-11-18T20:35:13.945+0000] {spark_submit.py:579} INFO - 24/11/18 20:35:13 INFO BlockManagerInfo: Removed broadcast_1_piece0 on 303af52bf48c:41365 in memory (size: 6.8 KiB, free: 434.4 MiB)
[2024-11-18T20:35:13.952+0000] {spark_submit.py:579} INFO - 24/11/18 20:35:13 INFO BlockManagerInfo: Removed broadcast_1_piece0 on 172.18.0.5:40487 in memory (size: 6.8 KiB, free: 434.4 MiB)
[2024-11-18T20:35:14.238+0000] {spark_submit.py:579} INFO - 24/11/18 20:35:14 INFO CodeGenerator: Code generated in 28.338369 ms
[2024-11-18T20:35:14.249+0000] {spark_submit.py:579} INFO - +-------------+----------------+---------+
[2024-11-18T20:35:14.249+0000] {spark_submit.py:579} INFO - |Name         |Application Type|Use Count|
[2024-11-18T20:35:14.250+0000] {spark_submit.py:579} INFO - +-------------+----------------+---------+
[2024-11-18T20:35:14.250+0000] {spark_submit.py:579} INFO - |Joe Dou      |Social networks |120      |
[2024-11-18T20:35:14.250+0000] {spark_submit.py:579} INFO - |Masha Pupkina|Games           |85       |
[2024-11-18T20:35:14.251+0000] {spark_submit.py:579} INFO - |Alice Smith  |Social networks |90       |
[2024-11-18T20:35:14.251+0000] {spark_submit.py:579} INFO - |Ivan Ivanov  |Productivity    |60       |
[2024-11-18T20:35:14.251+0000] {spark_submit.py:579} INFO - |Donatello    |Games           |110      |
[2024-11-18T20:35:14.252+0000] {spark_submit.py:579} INFO - |Raphael      |Finances        |25       |
[2024-11-18T20:35:14.252+0000] {spark_submit.py:579} INFO - |Splinter     |Shoping         |50       |
[2024-11-18T20:35:14.252+0000] {spark_submit.py:579} INFO - |Mickianjelo  |Sport           |61       |
[2024-11-18T20:35:14.252+0000] {spark_submit.py:579} INFO - +-------------+----------------+---------+
[2024-11-18T20:35:14.253+0000] {spark_submit.py:579} INFO - 
[2024-11-18T20:35:14.557+0000] {spark_submit.py:579} INFO - 24/11/18 20:35:14 INFO CodeGenerator: Code generated in 69.479631 ms
[2024-11-18T20:35:14.617+0000] {spark_submit.py:579} INFO - 24/11/18 20:35:14 INFO DAGScheduler: Registering RDD 8 (showString at NativeMethodAccessorImpl.java:0) as input to shuffle 0
[2024-11-18T20:35:14.622+0000] {spark_submit.py:579} INFO - 24/11/18 20:35:14 INFO DAGScheduler: Got map stage job 2 (showString at NativeMethodAccessorImpl.java:0) with 2 output partitions
[2024-11-18T20:35:14.623+0000] {spark_submit.py:579} INFO - 24/11/18 20:35:14 INFO DAGScheduler: Final stage: ShuffleMapStage 2 (showString at NativeMethodAccessorImpl.java:0)
[2024-11-18T20:35:14.623+0000] {spark_submit.py:579} INFO - 24/11/18 20:35:14 INFO DAGScheduler: Parents of final stage: List()
[2024-11-18T20:35:14.624+0000] {spark_submit.py:579} INFO - 24/11/18 20:35:14 INFO DAGScheduler: Missing parents: List()
[2024-11-18T20:35:14.626+0000] {spark_submit.py:579} INFO - 24/11/18 20:35:14 INFO DAGScheduler: Submitting ShuffleMapStage 2 (MapPartitionsRDD[8] at showString at NativeMethodAccessorImpl.java:0), which has no missing parents
[2024-11-18T20:35:14.640+0000] {spark_submit.py:579} INFO - 24/11/18 20:35:14 INFO MemoryStore: Block broadcast_2 stored as values in memory (estimated size 41.1 KiB, free 434.4 MiB)
[2024-11-18T20:35:14.649+0000] {spark_submit.py:579} INFO - 24/11/18 20:35:14 INFO MemoryStore: Block broadcast_2_piece0 stored as bytes in memory (estimated size 19.2 KiB, free 434.3 MiB)
[2024-11-18T20:35:14.651+0000] {spark_submit.py:579} INFO - 24/11/18 20:35:14 INFO BlockManagerInfo: Added broadcast_2_piece0 in memory on 303af52bf48c:41365 (size: 19.2 KiB, free: 434.4 MiB)
[2024-11-18T20:35:14.652+0000] {spark_submit.py:579} INFO - 24/11/18 20:35:14 INFO SparkContext: Created broadcast 2 from broadcast at DAGScheduler.scala:1585
[2024-11-18T20:35:14.654+0000] {spark_submit.py:579} INFO - 24/11/18 20:35:14 INFO DAGScheduler: Submitting 2 missing tasks from ShuffleMapStage 2 (MapPartitionsRDD[8] at showString at NativeMethodAccessorImpl.java:0) (first 15 tasks are for partitions Vector(0, 1))
[2024-11-18T20:35:14.655+0000] {spark_submit.py:579} INFO - 24/11/18 20:35:14 INFO TaskSchedulerImpl: Adding task set 2.0 with 2 tasks resource profile 0
[2024-11-18T20:35:14.658+0000] {spark_submit.py:579} INFO - 24/11/18 20:35:14 INFO TaskSetManager: Starting task 0.0 in stage 2.0 (TID 2) (172.18.0.5, executor 0, partition 0, PROCESS_LOCAL, 7727 bytes)
[2024-11-18T20:35:14.659+0000] {spark_submit.py:579} INFO - 24/11/18 20:35:14 INFO TaskSetManager: Starting task 1.0 in stage 2.0 (TID 3) (172.18.0.6, executor 1, partition 1, PROCESS_LOCAL, 7714 bytes)
[2024-11-18T20:35:14.701+0000] {spark_submit.py:579} INFO - 24/11/18 20:35:14 INFO BlockManagerInfo: Added broadcast_2_piece0 in memory on 172.18.0.5:40487 (size: 19.2 KiB, free: 434.4 MiB)
[2024-11-18T20:35:14.848+0000] {spark_submit.py:579} INFO - 24/11/18 20:35:14 INFO BlockManagerInfo: Added broadcast_2_piece0 in memory on 172.18.0.6:44339 (size: 19.2 KiB, free: 434.4 MiB)
[2024-11-18T20:35:15.324+0000] {spark_submit.py:579} INFO - 24/11/18 20:35:15 INFO TaskSetManager: Finished task 0.0 in stage 2.0 (TID 2) in 668 ms on 172.18.0.5 (executor 0) (1/2)
[2024-11-18T20:35:16.495+0000] {spark_submit.py:579} INFO - 24/11/18 20:35:16 INFO TaskSetManager: Finished task 1.0 in stage 2.0 (TID 3) in 1837 ms on 172.18.0.6 (executor 1) (2/2)
[2024-11-18T20:35:16.496+0000] {spark_submit.py:579} INFO - 24/11/18 20:35:16 INFO TaskSchedulerImpl: Removed TaskSet 2.0, whose tasks have all completed, from pool
[2024-11-18T20:35:16.497+0000] {spark_submit.py:579} INFO - 24/11/18 20:35:16 INFO DAGScheduler: ShuffleMapStage 2 (showString at NativeMethodAccessorImpl.java:0) finished in 1.869 s
[2024-11-18T20:35:16.498+0000] {spark_submit.py:579} INFO - 24/11/18 20:35:16 INFO DAGScheduler: looking for newly runnable stages
[2024-11-18T20:35:16.499+0000] {spark_submit.py:579} INFO - 24/11/18 20:35:16 INFO DAGScheduler: running: Set()
[2024-11-18T20:35:16.499+0000] {spark_submit.py:579} INFO - 24/11/18 20:35:16 INFO DAGScheduler: waiting: Set()
[2024-11-18T20:35:16.499+0000] {spark_submit.py:579} INFO - 24/11/18 20:35:16 INFO DAGScheduler: failed: Set()
[2024-11-18T20:35:16.523+0000] {spark_submit.py:579} INFO - 24/11/18 20:35:16 INFO ShufflePartitionsUtil: For shuffle(0), advisory target size: 67108864, actual target size 1048576, minimum partition size: 1048576
[2024-11-18T20:35:16.540+0000] {spark_submit.py:579} INFO - 24/11/18 20:35:16 INFO HashAggregateExec: spark.sql.codegen.aggregate.map.twolevel.enabled is set to true, but current version of codegened fast hashmap does not support this aggregate.
[2024-11-18T20:35:16.568+0000] {spark_submit.py:579} INFO - 24/11/18 20:35:16 INFO CodeGenerator: Code generated in 19.894789 ms
[2024-11-18T20:35:16.600+0000] {spark_submit.py:579} INFO - 24/11/18 20:35:16 INFO SparkContext: Starting job: showString at NativeMethodAccessorImpl.java:0
[2024-11-18T20:35:16.604+0000] {spark_submit.py:579} INFO - 24/11/18 20:35:16 INFO DAGScheduler: Got job 3 (showString at NativeMethodAccessorImpl.java:0) with 1 output partitions
[2024-11-18T20:35:16.604+0000] {spark_submit.py:579} INFO - 24/11/18 20:35:16 INFO DAGScheduler: Final stage: ResultStage 4 (showString at NativeMethodAccessorImpl.java:0)
[2024-11-18T20:35:16.605+0000] {spark_submit.py:579} INFO - 24/11/18 20:35:16 INFO DAGScheduler: Parents of final stage: List(ShuffleMapStage 3)
[2024-11-18T20:35:16.605+0000] {spark_submit.py:579} INFO - 24/11/18 20:35:16 INFO DAGScheduler: Missing parents: List()
[2024-11-18T20:35:16.606+0000] {spark_submit.py:579} INFO - 24/11/18 20:35:16 INFO DAGScheduler: Submitting ResultStage 4 (MapPartitionsRDD[11] at showString at NativeMethodAccessorImpl.java:0), which has no missing parents
[2024-11-18T20:35:16.621+0000] {spark_submit.py:579} INFO - 24/11/18 20:35:16 INFO MemoryStore: Block broadcast_3 stored as values in memory (estimated size 44.1 KiB, free 434.3 MiB)
[2024-11-18T20:35:16.628+0000] {spark_submit.py:579} INFO - 24/11/18 20:35:16 INFO MemoryStore: Block broadcast_3_piece0 stored as bytes in memory (estimated size 20.8 KiB, free 434.3 MiB)
[2024-11-18T20:35:16.631+0000] {spark_submit.py:579} INFO - 24/11/18 20:35:16 INFO BlockManagerInfo: Added broadcast_3_piece0 in memory on 303af52bf48c:41365 (size: 20.8 KiB, free: 434.4 MiB)
[2024-11-18T20:35:16.631+0000] {spark_submit.py:579} INFO - 24/11/18 20:35:16 INFO BlockManagerInfo: Removed broadcast_2_piece0 on 303af52bf48c:41365 in memory (size: 19.2 KiB, free: 434.4 MiB)
[2024-11-18T20:35:16.632+0000] {spark_submit.py:579} INFO - 24/11/18 20:35:16 INFO SparkContext: Created broadcast 3 from broadcast at DAGScheduler.scala:1585
[2024-11-18T20:35:16.634+0000] {spark_submit.py:579} INFO - 24/11/18 20:35:16 INFO DAGScheduler: Submitting 1 missing tasks from ResultStage 4 (MapPartitionsRDD[11] at showString at NativeMethodAccessorImpl.java:0) (first 15 tasks are for partitions Vector(0))
[2024-11-18T20:35:16.634+0000] {spark_submit.py:579} INFO - 24/11/18 20:35:16 INFO TaskSchedulerImpl: Adding task set 4.0 with 1 tasks resource profile 0
[2024-11-18T20:35:16.642+0000] {spark_submit.py:579} INFO - 24/11/18 20:35:16 INFO TaskSetManager: Starting task 0.0 in stage 4.0 (TID 4) (172.18.0.6, executor 1, partition 0, NODE_LOCAL, 7619 bytes)
[2024-11-18T20:35:16.648+0000] {spark_submit.py:579} INFO - 24/11/18 20:35:16 INFO BlockManagerInfo: Removed broadcast_2_piece0 on 172.18.0.5:40487 in memory (size: 19.2 KiB, free: 434.4 MiB)
[2024-11-18T20:35:16.649+0000] {spark_submit.py:579} INFO - 24/11/18 20:35:16 INFO BlockManagerInfo: Removed broadcast_2_piece0 on 172.18.0.6:44339 in memory (size: 19.2 KiB, free: 434.4 MiB)
[2024-11-18T20:35:16.696+0000] {spark_submit.py:579} INFO - 24/11/18 20:35:16 INFO BlockManagerInfo: Added broadcast_3_piece0 in memory on 172.18.0.6:44339 (size: 20.8 KiB, free: 434.4 MiB)
[2024-11-18T20:35:16.794+0000] {spark_submit.py:579} INFO - 24/11/18 20:35:16 INFO MapOutputTrackerMasterEndpoint: Asked to send map output locations for shuffle 0 to 172.18.0.6:33866
[2024-11-18T20:35:16.999+0000] {spark_submit.py:579} INFO - 24/11/18 20:35:16 INFO TaskSetManager: Finished task 0.0 in stage 4.0 (TID 4) in 358 ms on 172.18.0.6 (executor 1) (1/1)
[2024-11-18T20:35:17.000+0000] {spark_submit.py:579} INFO - 24/11/18 20:35:16 INFO TaskSchedulerImpl: Removed TaskSet 4.0, whose tasks have all completed, from pool
[2024-11-18T20:35:17.002+0000] {spark_submit.py:579} INFO - 24/11/18 20:35:17 INFO DAGScheduler: ResultStage 4 (showString at NativeMethodAccessorImpl.java:0) finished in 0.385 s
[2024-11-18T20:35:17.003+0000] {spark_submit.py:579} INFO - 24/11/18 20:35:17 INFO DAGScheduler: Job 3 is finished. Cancelling potential speculative or zombie tasks for this job
[2024-11-18T20:35:17.004+0000] {spark_submit.py:579} INFO - 24/11/18 20:35:17 INFO TaskSchedulerImpl: Killing all running tasks in stage 4: Stage finished
[2024-11-18T20:35:17.005+0000] {spark_submit.py:579} INFO - 24/11/18 20:35:17 INFO DAGScheduler: Job 3 finished: showString at NativeMethodAccessorImpl.java:0, took 0.402717 s
[2024-11-18T20:35:17.038+0000] {spark_submit.py:579} INFO - 24/11/18 20:35:17 INFO CodeGenerator: Code generated in 21.856924 ms
[2024-11-18T20:35:17.051+0000] {spark_submit.py:579} INFO - +----------------+-------------------+
[2024-11-18T20:35:17.052+0000] {spark_submit.py:579} INFO - |Application Type|Average Usage Count|
[2024-11-18T20:35:17.053+0000] {spark_submit.py:579} INFO - +----------------+-------------------+
[2024-11-18T20:35:17.053+0000] {spark_submit.py:579} INFO - |Shoping         |50.0               |
[2024-11-18T20:35:17.057+0000] {spark_submit.py:579} INFO - |Games           |97.5               |
[2024-11-18T20:35:17.061+0000] {spark_submit.py:579} INFO - |Finances        |25.0               |
[2024-11-18T20:35:17.063+0000] {spark_submit.py:579} INFO - |Sport           |61.0               |
[2024-11-18T20:35:17.064+0000] {spark_submit.py:579} INFO - |Social networks |105.0              |
[2024-11-18T20:35:17.065+0000] {spark_submit.py:579} INFO - |Productivity    |60.0               |
[2024-11-18T20:35:17.065+0000] {spark_submit.py:579} INFO - +----------------+-------------------+
[2024-11-18T20:35:17.066+0000] {spark_submit.py:579} INFO - 
[2024-11-18T20:35:17.067+0000] {spark_submit.py:579} INFO - 24/11/18 20:35:17 INFO SparkContext: SparkContext is stopping with exitCode 0.
[2024-11-18T20:35:17.079+0000] {spark_submit.py:579} INFO - 24/11/18 20:35:17 INFO SparkUI: Stopped Spark web UI at http://303af52bf48c:4040
[2024-11-18T20:35:17.084+0000] {spark_submit.py:579} INFO - 24/11/18 20:35:17 INFO StandaloneSchedulerBackend: Shutting down all executors
[2024-11-18T20:35:17.085+0000] {spark_submit.py:579} INFO - 24/11/18 20:35:17 INFO StandaloneSchedulerBackend$StandaloneDriverEndpoint: Asking each executor to shut down
[2024-11-18T20:35:17.125+0000] {spark_submit.py:579} INFO - 24/11/18 20:35:17 INFO MapOutputTrackerMasterEndpoint: MapOutputTrackerMasterEndpoint stopped!
[2024-11-18T20:35:17.184+0000] {spark_submit.py:579} INFO - 24/11/18 20:35:17 INFO MemoryStore: MemoryStore cleared
[2024-11-18T20:35:17.185+0000] {spark_submit.py:579} INFO - 24/11/18 20:35:17 INFO BlockManager: BlockManager stopped
[2024-11-18T20:35:17.192+0000] {spark_submit.py:579} INFO - 24/11/18 20:35:17 INFO BlockManagerMaster: BlockManagerMaster stopped
[2024-11-18T20:35:17.194+0000] {spark_submit.py:579} INFO - 24/11/18 20:35:17 INFO OutputCommitCoordinator$OutputCommitCoordinatorEndpoint: OutputCommitCoordinator stopped!
[2024-11-18T20:35:17.210+0000] {spark_submit.py:579} INFO - 24/11/18 20:35:17 INFO SparkContext: Successfully stopped SparkContext
[2024-11-18T20:35:18.200+0000] {spark_submit.py:579} INFO - 24/11/18 20:35:18 INFO ShutdownHookManager: Shutdown hook called
[2024-11-18T20:35:18.201+0000] {spark_submit.py:579} INFO - 24/11/18 20:35:18 INFO ShutdownHookManager: Deleting directory /tmp/spark-e497e7f4-918e-43df-bb50-43a63b03b466
[2024-11-18T20:35:18.204+0000] {spark_submit.py:579} INFO - 24/11/18 20:35:18 INFO ShutdownHookManager: Deleting directory /tmp/spark-e497e7f4-918e-43df-bb50-43a63b03b466/pyspark-0f86a834-041d-4468-b9e8-234c81178288
[2024-11-18T20:35:18.208+0000] {spark_submit.py:579} INFO - 24/11/18 20:35:18 INFO ShutdownHookManager: Deleting directory /tmp/spark-1610c140-c837-4da2-83eb-c1b3ba8da538
[2024-11-18T20:35:18.246+0000] {taskinstance.py:441} INFO - ::group::Post task execution logs
[2024-11-18T20:35:18.256+0000] {taskinstance.py:1206} INFO - Marking task as SUCCESS. dag_id=spark_job, task_id=spark_task, run_id=manual__2024-11-18T20:35:00.740361+00:00, execution_date=20241118T203500, start_date=20241118T203502, end_date=20241118T203518
[2024-11-18T20:35:18.309+0000] {local_task_job_runner.py:243} INFO - Task exited with return code 0
[2024-11-18T20:35:18.327+0000] {taskinstance.py:3503} INFO - 0 downstream tasks scheduled from follow-on schedule check
[2024-11-18T20:35:18.329+0000] {local_task_job_runner.py:222} INFO - ::endgroup::
