[2024-11-18T20:26:59.088+0000] {local_task_job_runner.py:120} INFO - ::group::Pre task execution logs
[2024-11-18T20:26:59.113+0000] {taskinstance.py:2076} INFO - Dependencies all met for dep_context=non-requeueable deps ti=<TaskInstance: spark_job.spark_task scheduled__2024-11-16T00:00:00+00:00 [queued]>
[2024-11-18T20:26:59.123+0000] {taskinstance.py:2076} INFO - Dependencies all met for dep_context=requeueable deps ti=<TaskInstance: spark_job.spark_task scheduled__2024-11-16T00:00:00+00:00 [queued]>
[2024-11-18T20:26:59.124+0000] {taskinstance.py:2306} INFO - Starting attempt 1 of 2
[2024-11-18T20:26:59.142+0000] {taskinstance.py:2330} INFO - Executing <Task(SparkSubmitOperator): spark_task> on 2024-11-16 00:00:00+00:00
[2024-11-18T20:26:59.150+0000] {standard_task_runner.py:64} INFO - Started process 175 to run task
[2024-11-18T20:26:59.161+0000] {standard_task_runner.py:90} INFO - Running: ['***', 'tasks', 'run', 'spark_job', 'spark_task', 'scheduled__2024-11-16T00:00:00+00:00', '--job-id', '3', '--raw', '--subdir', 'DAGS_FOLDER/spark_dag.py', '--cfg-path', '/tmp/tmpwv8at0cm']
[2024-11-18T20:26:59.166+0000] {standard_task_runner.py:91} INFO - Job 3: Subtask spark_task
[2024-11-18T20:26:59.242+0000] {task_command.py:426} INFO - Running <TaskInstance: spark_job.spark_task scheduled__2024-11-16T00:00:00+00:00 [running]> on host 303af52bf48c
[2024-11-18T20:26:59.350+0000] {taskinstance.py:2648} INFO - Exporting env vars: AIRFLOW_CTX_DAG_OWNER='***' AIRFLOW_CTX_DAG_ID='spark_job' AIRFLOW_CTX_TASK_ID='spark_task' AIRFLOW_CTX_EXECUTION_DATE='2024-11-16T00:00:00+00:00' AIRFLOW_CTX_TRY_NUMBER='1' AIRFLOW_CTX_DAG_RUN_ID='scheduled__2024-11-16T00:00:00+00:00'
[2024-11-18T20:26:59.352+0000] {taskinstance.py:430} INFO - ::endgroup::
[2024-11-18T20:26:59.364+0000] {base.py:84} INFO - Using connection ID 'spark_default' for task execution.
[2024-11-18T20:26:59.365+0000] {spark_submit.py:403} INFO - Spark-Submit cmd: spark-submit --master spark://spark:7077 --name arrow-spark --deploy-mode client /opt/***/dags/spark_job.py
[2024-11-18T20:27:05.228+0000] {spark_submit.py:579} INFO - 24/11/18 20:27:05 INFO SparkContext: Running Spark version 3.5.1
[2024-11-18T20:27:05.233+0000] {spark_submit.py:579} INFO - 24/11/18 20:27:05 INFO SparkContext: OS info Linux, 5.15.153.1-microsoft-standard-WSL2, amd64
[2024-11-18T20:27:05.235+0000] {spark_submit.py:579} INFO - 24/11/18 20:27:05 INFO SparkContext: Java version 17.0.12
[2024-11-18T20:27:05.397+0000] {spark_submit.py:579} INFO - 24/11/18 20:27:05 WARN NativeCodeLoader: Unable to load native-hadoop library for your platform... using builtin-java classes where applicable
[2024-11-18T20:27:05.753+0000] {spark_submit.py:579} INFO - 24/11/18 20:27:05 INFO ResourceUtils: ==============================================================
[2024-11-18T20:27:05.754+0000] {spark_submit.py:579} INFO - 24/11/18 20:27:05 INFO ResourceUtils: No custom resources configured for spark.driver.
[2024-11-18T20:27:05.755+0000] {spark_submit.py:579} INFO - 24/11/18 20:27:05 INFO ResourceUtils: ==============================================================
[2024-11-18T20:27:05.761+0000] {spark_submit.py:579} INFO - 24/11/18 20:27:05 INFO SparkContext: Submitted application: Airflow Spark Job
[2024-11-18T20:27:05.855+0000] {spark_submit.py:579} INFO - 24/11/18 20:27:05 INFO ResourceProfile: Default ResourceProfile created, executor resources: Map(memory -> name: memory, amount: 1024, script: , vendor: , offHeap -> name: offHeap, amount: 0, script: , vendor: ), task resources: Map(cpus -> name: cpus, amount: 1.0)
[2024-11-18T20:27:05.874+0000] {spark_submit.py:579} INFO - 24/11/18 20:27:05 INFO ResourceProfile: Limiting resource is cpu
[2024-11-18T20:27:05.887+0000] {spark_submit.py:579} INFO - 24/11/18 20:27:05 INFO ResourceProfileManager: Added ResourceProfile id: 0
[2024-11-18T20:27:06.123+0000] {spark_submit.py:579} INFO - 24/11/18 20:27:06 INFO SecurityManager: Changing view acls to: ***
[2024-11-18T20:27:06.125+0000] {spark_submit.py:579} INFO - 24/11/18 20:27:06 INFO SecurityManager: Changing modify acls to: ***
[2024-11-18T20:27:06.129+0000] {spark_submit.py:579} INFO - 24/11/18 20:27:06 INFO SecurityManager: Changing view acls groups to:
[2024-11-18T20:27:06.134+0000] {spark_submit.py:579} INFO - 24/11/18 20:27:06 INFO SecurityManager: Changing modify acls groups to:
[2024-11-18T20:27:06.137+0000] {spark_submit.py:579} INFO - 24/11/18 20:27:06 INFO SecurityManager: SecurityManager: authentication disabled; ui acls disabled; users with view permissions: ***; groups with view permissions: EMPTY; users with modify permissions: ***; groups with modify permissions: EMPTY
[2024-11-18T20:27:06.985+0000] {spark_submit.py:579} INFO - 24/11/18 20:27:06 INFO Utils: Successfully started service 'sparkDriver' on port 42625.
[2024-11-18T20:27:07.147+0000] {spark_submit.py:579} INFO - 24/11/18 20:27:07 INFO SparkEnv: Registering MapOutputTracker
[2024-11-18T20:27:07.234+0000] {spark_submit.py:579} INFO - 24/11/18 20:27:07 INFO SparkEnv: Registering BlockManagerMaster
[2024-11-18T20:27:07.308+0000] {spark_submit.py:579} INFO - 24/11/18 20:27:07 INFO BlockManagerMasterEndpoint: Using org.apache.spark.storage.DefaultTopologyMapper for getting topology information
[2024-11-18T20:27:07.314+0000] {spark_submit.py:579} INFO - 24/11/18 20:27:07 INFO BlockManagerMasterEndpoint: BlockManagerMasterEndpoint up
[2024-11-18T20:27:07.337+0000] {spark_submit.py:579} INFO - 24/11/18 20:27:07 INFO SparkEnv: Registering BlockManagerMasterHeartbeat
[2024-11-18T20:27:07.391+0000] {spark_submit.py:579} INFO - 24/11/18 20:27:07 INFO DiskBlockManager: Created local directory at /tmp/blockmgr-132326a2-5e91-4e2d-baa0-066cca1e383b
[2024-11-18T20:27:07.448+0000] {spark_submit.py:579} INFO - 24/11/18 20:27:07 INFO MemoryStore: MemoryStore started with capacity 434.4 MiB
[2024-11-18T20:27:07.493+0000] {spark_submit.py:579} INFO - 24/11/18 20:27:07 INFO SparkEnv: Registering OutputCommitCoordinator
[2024-11-18T20:27:08.027+0000] {spark_submit.py:579} INFO - 24/11/18 20:27:08 INFO JettyUtils: Start Jetty 0.0.0.0:4040 for SparkUI
[2024-11-18T20:27:08.248+0000] {spark_submit.py:579} INFO - 24/11/18 20:27:08 WARN Utils: Service 'SparkUI' could not bind on port 4040. Attempting port 4041.
[2024-11-18T20:27:08.250+0000] {spark_submit.py:579} INFO - 24/11/18 20:27:08 WARN Utils: Service 'SparkUI' could not bind on port 4041. Attempting port 4042.
[2024-11-18T20:27:08.256+0000] {spark_submit.py:579} INFO - 24/11/18 20:27:08 WARN Utils: Service 'SparkUI' could not bind on port 4042. Attempting port 4043.
[2024-11-18T20:27:08.305+0000] {spark_submit.py:579} INFO - 24/11/18 20:27:08 INFO Utils: Successfully started service 'SparkUI' on port 4043.
[2024-11-18T20:27:08.766+0000] {spark_submit.py:579} INFO - 24/11/18 20:27:08 INFO StandaloneAppClient$ClientEndpoint: Connecting to master spark://spark:7077...
[2024-11-18T20:27:08.914+0000] {spark_submit.py:579} INFO - 24/11/18 20:27:08 INFO TransportClientFactory: Successfully created connection to spark/172.18.0.4:7077 after 75 ms (0 ms spent in bootstraps)
[2024-11-18T20:27:09.744+0000] {spark_submit.py:579} INFO - 24/11/18 20:27:09 INFO StandaloneSchedulerBackend: Connected to Spark cluster with app ID app-20241118202709-0000
[2024-11-18T20:27:09.769+0000] {spark_submit.py:579} INFO - 24/11/18 20:27:09 INFO Utils: Successfully started service 'org.apache.spark.network.netty.NettyBlockTransferService' on port 40243.
[2024-11-18T20:27:09.772+0000] {spark_submit.py:579} INFO - 24/11/18 20:27:09 INFO NettyBlockTransferService: Server created on 303af52bf48c:40243
[2024-11-18T20:27:09.781+0000] {spark_submit.py:579} INFO - 24/11/18 20:27:09 INFO BlockManager: Using org.apache.spark.storage.RandomBlockReplicationPolicy for block replication policy
[2024-11-18T20:27:09.811+0000] {spark_submit.py:579} INFO - 24/11/18 20:27:09 INFO BlockManagerMaster: Registering BlockManager BlockManagerId(driver, 303af52bf48c, 40243, None)
[2024-11-18T20:27:09.826+0000] {spark_submit.py:579} INFO - 24/11/18 20:27:09 INFO BlockManagerMasterEndpoint: Registering block manager 303af52bf48c:40243 with 434.4 MiB RAM, BlockManagerId(driver, 303af52bf48c, 40243, None)
[2024-11-18T20:27:09.834+0000] {spark_submit.py:579} INFO - 24/11/18 20:27:09 INFO BlockManagerMaster: Registered BlockManager BlockManagerId(driver, 303af52bf48c, 40243, None)
[2024-11-18T20:27:09.835+0000] {spark_submit.py:579} INFO - 24/11/18 20:27:09 INFO BlockManager: Initialized BlockManager: BlockManagerId(driver, 303af52bf48c, 40243, None)
[2024-11-18T20:27:09.881+0000] {spark_submit.py:579} INFO - 24/11/18 20:27:09 INFO StandaloneAppClient$ClientEndpoint: Executor added: app-20241118202709-0000/0 on worker-20241118201828-172.18.0.5-32835 (172.18.0.5:32835) with 1 core(s)
[2024-11-18T20:27:09.886+0000] {spark_submit.py:579} INFO - 24/11/18 20:27:09 INFO StandaloneSchedulerBackend: Granted executor ID app-20241118202709-0000/0 on hostPort 172.18.0.5:32835 with 1 core(s), 1024.0 MiB RAM
[2024-11-18T20:27:09.888+0000] {spark_submit.py:579} INFO - 24/11/18 20:27:09 INFO StandaloneAppClient$ClientEndpoint: Executor added: app-20241118202709-0000/1 on worker-20241118201828-172.18.0.6-37135 (172.18.0.6:37135) with 1 core(s)
[2024-11-18T20:27:09.899+0000] {spark_submit.py:579} INFO - 24/11/18 20:27:09 INFO StandaloneSchedulerBackend: Granted executor ID app-20241118202709-0000/1 on hostPort 172.18.0.6:37135 with 1 core(s), 1024.0 MiB RAM
[2024-11-18T20:27:11.184+0000] {spark_submit.py:579} INFO - 24/11/18 20:27:11 INFO StandaloneAppClient$ClientEndpoint: Executor updated: app-20241118202709-0000/1 is now RUNNING
[2024-11-18T20:27:11.204+0000] {spark_submit.py:579} INFO - 24/11/18 20:27:11 INFO StandaloneSchedulerBackend: SchedulerBackend is ready for scheduling beginning after reached minRegisteredResourcesRatio: 0.0
[2024-11-18T20:27:11.425+0000] {spark_submit.py:579} INFO - 24/11/18 20:27:11 INFO StandaloneAppClient$ClientEndpoint: Executor updated: app-20241118202709-0000/0 is now RUNNING
[2024-11-18T20:27:14.126+0000] {spark_submit.py:579} INFO - 24/11/18 20:27:14 INFO SharedState: Setting hive.metastore.warehouse.dir ('null') to the value of spark.sql.warehouse.dir.
[2024-11-18T20:27:14.212+0000] {spark_submit.py:579} INFO - 24/11/18 20:27:14 INFO SharedState: Warehouse path is 'file:/app/spark-warehouse'.
[2024-11-18T20:27:21.584+0000] {spark_submit.py:579} INFO - 24/11/18 20:27:21 INFO StandaloneSchedulerBackend$StandaloneDriverEndpoint: Registered executor NettyRpcEndpointRef(spark-client://Executor) (172.18.0.6:40902) with ID 1,  ResourceProfileId 0
[2024-11-18T20:27:21.613+0000] {spark_submit.py:579} INFO - 24/11/18 20:27:21 INFO StandaloneSchedulerBackend$StandaloneDriverEndpoint: Registered executor NettyRpcEndpointRef(spark-client://Executor) (172.18.0.5:52226) with ID 0,  ResourceProfileId 0
[2024-11-18T20:27:21.904+0000] {spark_submit.py:579} INFO - 24/11/18 20:27:21 INFO BlockManagerMasterEndpoint: Registering block manager 172.18.0.5:45849 with 434.4 MiB RAM, BlockManagerId(0, 172.18.0.5, 45849, None)
[2024-11-18T20:27:21.941+0000] {spark_submit.py:579} INFO - 24/11/18 20:27:21 INFO BlockManagerMasterEndpoint: Registering block manager 172.18.0.6:38363 with 434.4 MiB RAM, BlockManagerId(1, 172.18.0.6, 38363, None)
[2024-11-18T20:27:26.244+0000] {spark_submit.py:579} INFO - 24/11/18 20:27:26 INFO CodeGenerator: Code generated in 708.743242 ms
[2024-11-18T20:27:26.369+0000] {spark_submit.py:579} INFO - 24/11/18 20:27:26 INFO SparkContext: Starting job: showString at NativeMethodAccessorImpl.java:0
[2024-11-18T20:27:26.398+0000] {spark_submit.py:579} INFO - 24/11/18 20:27:26 INFO DAGScheduler: Got job 0 (showString at NativeMethodAccessorImpl.java:0) with 1 output partitions
[2024-11-18T20:27:26.399+0000] {spark_submit.py:579} INFO - 24/11/18 20:27:26 INFO DAGScheduler: Final stage: ResultStage 0 (showString at NativeMethodAccessorImpl.java:0)
[2024-11-18T20:27:26.400+0000] {spark_submit.py:579} INFO - 24/11/18 20:27:26 INFO DAGScheduler: Parents of final stage: List()
[2024-11-18T20:27:26.405+0000] {spark_submit.py:579} INFO - 24/11/18 20:27:26 INFO DAGScheduler: Missing parents: List()
[2024-11-18T20:27:26.440+0000] {spark_submit.py:579} INFO - 24/11/18 20:27:26 INFO DAGScheduler: Submitting ResultStage 0 (MapPartitionsRDD[6] at showString at NativeMethodAccessorImpl.java:0), which has no missing parents
[2024-11-18T20:27:26.676+0000] {spark_submit.py:579} INFO - 24/11/18 20:27:26 INFO MemoryStore: Block broadcast_0 stored as values in memory (estimated size 13.1 KiB, free 434.4 MiB)
[2024-11-18T20:27:26.808+0000] {spark_submit.py:579} INFO - 24/11/18 20:27:26 INFO MemoryStore: Block broadcast_0_piece0 stored as bytes in memory (estimated size 6.8 KiB, free 434.4 MiB)
[2024-11-18T20:27:26.814+0000] {spark_submit.py:579} INFO - 24/11/18 20:27:26 INFO BlockManagerInfo: Added broadcast_0_piece0 in memory on 303af52bf48c:40243 (size: 6.8 KiB, free: 434.4 MiB)
[2024-11-18T20:27:26.828+0000] {spark_submit.py:579} INFO - 24/11/18 20:27:26 INFO SparkContext: Created broadcast 0 from broadcast at DAGScheduler.scala:1585
[2024-11-18T20:27:26.903+0000] {spark_submit.py:579} INFO - 24/11/18 20:27:26 INFO DAGScheduler: Submitting 1 missing tasks from ResultStage 0 (MapPartitionsRDD[6] at showString at NativeMethodAccessorImpl.java:0) (first 15 tasks are for partitions Vector(0))
[2024-11-18T20:27:26.905+0000] {spark_submit.py:579} INFO - 24/11/18 20:27:26 INFO TaskSchedulerImpl: Adding task set 0.0 with 1 tasks resource profile 0
[2024-11-18T20:27:27.000+0000] {spark_submit.py:579} INFO - 24/11/18 20:27:26 INFO TaskSetManager: Starting task 0.0 in stage 0.0 (TID 0) (172.18.0.5, executor 0, partition 0, PROCESS_LOCAL, 7738 bytes)
[2024-11-18T20:27:27.569+0000] {spark_submit.py:579} INFO - 24/11/18 20:27:27 INFO BlockManagerInfo: Added broadcast_0_piece0 in memory on 172.18.0.5:45849 (size: 6.8 KiB, free: 434.4 MiB)
[2024-11-18T20:27:29.403+0000] {spark_submit.py:579} INFO - 24/11/18 20:27:29 INFO TaskSetManager: Finished task 0.0 in stage 0.0 (TID 0) in 2454 ms on 172.18.0.5 (executor 0) (1/1)
[2024-11-18T20:27:29.404+0000] {spark_submit.py:579} INFO - 24/11/18 20:27:29 INFO TaskSchedulerImpl: Removed TaskSet 0.0, whose tasks have all completed, from pool
[2024-11-18T20:27:29.412+0000] {spark_submit.py:579} INFO - 24/11/18 20:27:29 INFO PythonAccumulatorV2: Connected to AccumulatorServer at host: 127.0.0.1 port: 60257
[2024-11-18T20:27:29.418+0000] {spark_submit.py:579} INFO - 24/11/18 20:27:29 INFO DAGScheduler: ResultStage 0 (showString at NativeMethodAccessorImpl.java:0) finished in 2.943 s
[2024-11-18T20:27:29.422+0000] {spark_submit.py:579} INFO - 24/11/18 20:27:29 INFO DAGScheduler: Job 0 is finished. Cancelling potential speculative or zombie tasks for this job
[2024-11-18T20:27:29.424+0000] {spark_submit.py:579} INFO - 24/11/18 20:27:29 INFO TaskSchedulerImpl: Killing all running tasks in stage 0: Stage finished
[2024-11-18T20:27:29.427+0000] {spark_submit.py:579} INFO - 24/11/18 20:27:29 INFO DAGScheduler: Job 0 finished: showString at NativeMethodAccessorImpl.java:0, took 3.057376 s
[2024-11-18T20:27:29.441+0000] {spark_submit.py:579} INFO - 24/11/18 20:27:29 INFO SparkContext: Starting job: showString at NativeMethodAccessorImpl.java:0
[2024-11-18T20:27:29.443+0000] {spark_submit.py:579} INFO - 24/11/18 20:27:29 INFO DAGScheduler: Got job 1 (showString at NativeMethodAccessorImpl.java:0) with 1 output partitions
[2024-11-18T20:27:29.444+0000] {spark_submit.py:579} INFO - 24/11/18 20:27:29 INFO DAGScheduler: Final stage: ResultStage 1 (showString at NativeMethodAccessorImpl.java:0)
[2024-11-18T20:27:29.445+0000] {spark_submit.py:579} INFO - 24/11/18 20:27:29 INFO DAGScheduler: Parents of final stage: List()
[2024-11-18T20:27:29.445+0000] {spark_submit.py:579} INFO - 24/11/18 20:27:29 INFO DAGScheduler: Missing parents: List()
[2024-11-18T20:27:29.446+0000] {spark_submit.py:579} INFO - 24/11/18 20:27:29 INFO DAGScheduler: Submitting ResultStage 1 (MapPartitionsRDD[6] at showString at NativeMethodAccessorImpl.java:0), which has no missing parents
[2024-11-18T20:27:29.452+0000] {spark_submit.py:579} INFO - 24/11/18 20:27:29 INFO MemoryStore: Block broadcast_1 stored as values in memory (estimated size 13.1 KiB, free 434.4 MiB)
[2024-11-18T20:27:29.463+0000] {spark_submit.py:579} INFO - 24/11/18 20:27:29 INFO MemoryStore: Block broadcast_1_piece0 stored as bytes in memory (estimated size 6.8 KiB, free 434.4 MiB)
[2024-11-18T20:27:29.467+0000] {spark_submit.py:579} INFO - 24/11/18 20:27:29 INFO BlockManagerInfo: Added broadcast_1_piece0 in memory on 303af52bf48c:40243 (size: 6.8 KiB, free: 434.4 MiB)
[2024-11-18T20:27:29.467+0000] {spark_submit.py:579} INFO - 24/11/18 20:27:29 INFO SparkContext: Created broadcast 1 from broadcast at DAGScheduler.scala:1585
[2024-11-18T20:27:29.468+0000] {spark_submit.py:579} INFO - 24/11/18 20:27:29 INFO DAGScheduler: Submitting 1 missing tasks from ResultStage 1 (MapPartitionsRDD[6] at showString at NativeMethodAccessorImpl.java:0) (first 15 tasks are for partitions Vector(1))
[2024-11-18T20:27:29.469+0000] {spark_submit.py:579} INFO - 24/11/18 20:27:29 INFO TaskSchedulerImpl: Adding task set 1.0 with 1 tasks resource profile 0
[2024-11-18T20:27:29.471+0000] {spark_submit.py:579} INFO - 24/11/18 20:27:29 INFO TaskSetManager: Starting task 0.0 in stage 1.0 (TID 1) (172.18.0.6, executor 1, partition 1, PROCESS_LOCAL, 7725 bytes)
[2024-11-18T20:27:29.503+0000] {spark_submit.py:579} INFO - 24/11/18 20:27:29 INFO BlockManagerInfo: Removed broadcast_0_piece0 on 303af52bf48c:40243 in memory (size: 6.8 KiB, free: 434.4 MiB)
[2024-11-18T20:27:29.526+0000] {spark_submit.py:579} INFO - 24/11/18 20:27:29 INFO BlockManagerInfo: Removed broadcast_0_piece0 on 172.18.0.5:45849 in memory (size: 6.8 KiB, free: 434.4 MiB)
[2024-11-18T20:27:29.730+0000] {spark_submit.py:579} INFO - 24/11/18 20:27:29 INFO BlockManagerInfo: Added broadcast_1_piece0 in memory on 172.18.0.6:38363 (size: 6.8 KiB, free: 434.4 MiB)
[2024-11-18T20:27:31.132+0000] {spark_submit.py:579} INFO - 24/11/18 20:27:31 INFO TaskSetManager: Finished task 0.0 in stage 1.0 (TID 1) in 1662 ms on 172.18.0.6 (executor 1) (1/1)
[2024-11-18T20:27:31.133+0000] {spark_submit.py:579} INFO - 24/11/18 20:27:31 INFO TaskSchedulerImpl: Removed TaskSet 1.0, whose tasks have all completed, from pool
[2024-11-18T20:27:31.133+0000] {spark_submit.py:579} INFO - 24/11/18 20:27:31 INFO DAGScheduler: ResultStage 1 (showString at NativeMethodAccessorImpl.java:0) finished in 1.686 s
[2024-11-18T20:27:31.134+0000] {spark_submit.py:579} INFO - 24/11/18 20:27:31 INFO DAGScheduler: Job 1 is finished. Cancelling potential speculative or zombie tasks for this job
[2024-11-18T20:27:31.134+0000] {spark_submit.py:579} INFO - 24/11/18 20:27:31 INFO TaskSchedulerImpl: Killing all running tasks in stage 1: Stage finished
[2024-11-18T20:27:31.135+0000] {spark_submit.py:579} INFO - 24/11/18 20:27:31 INFO DAGScheduler: Job 1 finished: showString at NativeMethodAccessorImpl.java:0, took 1.692627 s
[2024-11-18T20:27:31.917+0000] {spark_submit.py:579} INFO - 24/11/18 20:27:31 INFO BlockManagerInfo: Removed broadcast_1_piece0 on 303af52bf48c:40243 in memory (size: 6.8 KiB, free: 434.4 MiB)
[2024-11-18T20:27:31.929+0000] {spark_submit.py:579} INFO - 24/11/18 20:27:31 INFO BlockManagerInfo: Removed broadcast_1_piece0 on 172.18.0.6:38363 in memory (size: 6.8 KiB, free: 434.4 MiB)
[2024-11-18T20:27:32.207+0000] {spark_submit.py:579} INFO - 24/11/18 20:27:32 INFO CodeGenerator: Code generated in 16.364109 ms
[2024-11-18T20:27:32.217+0000] {spark_submit.py:579} INFO - +-------------+----------------+---------+
[2024-11-18T20:27:32.217+0000] {spark_submit.py:579} INFO - |Name         |Application Type|Use Count|
[2024-11-18T20:27:32.218+0000] {spark_submit.py:579} INFO - +-------------+----------------+---------+
[2024-11-18T20:27:32.219+0000] {spark_submit.py:579} INFO - |Joe Dou      |Social networks |120      |
[2024-11-18T20:27:32.219+0000] {spark_submit.py:579} INFO - |Masha Pupkina|Games           |85       |
[2024-11-18T20:27:32.220+0000] {spark_submit.py:579} INFO - |Alice Smith  |Social networks |90       |
[2024-11-18T20:27:32.220+0000] {spark_submit.py:579} INFO - |Ivan Ivanov  |Productivity    |60       |
[2024-11-18T20:27:32.220+0000] {spark_submit.py:579} INFO - |Donatello    |Games           |110      |
[2024-11-18T20:27:32.221+0000] {spark_submit.py:579} INFO - |Raphael      |Finances        |25       |
[2024-11-18T20:27:32.221+0000] {spark_submit.py:579} INFO - |Splinter     |Shoping         |50       |
[2024-11-18T20:27:32.221+0000] {spark_submit.py:579} INFO - |Mickianjelo  |Sport           |61       |
[2024-11-18T20:27:32.221+0000] {spark_submit.py:579} INFO - +-------------+----------------+---------+
[2024-11-18T20:27:32.222+0000] {spark_submit.py:579} INFO - 
[2024-11-18T20:27:32.248+0000] {spark_submit.py:579} INFO - Traceback (most recent call last):
[2024-11-18T20:27:32.248+0000] {spark_submit.py:579} INFO - File "/opt/***/dags/spark_job.py", line 19, in <module>
[2024-11-18T20:27:32.249+0000] {spark_submit.py:579} INFO - df.groupby('Application Type')['Use Count'].mean().show(truncate=False)
[2024-11-18T20:27:32.249+0000] {spark_submit.py:579} INFO - ~~~~~~~~~~~~~~~~~~~~~~~~~~~~~~^^^^^^^^^^^^^
[2024-11-18T20:27:32.250+0000] {spark_submit.py:579} INFO - TypeError: 'GroupedData' object is not subscriptable
[2024-11-18T20:27:32.392+0000] {spark_submit.py:579} INFO - 24/11/18 20:27:32 INFO SparkContext: Invoking stop() from shutdown hook
[2024-11-18T20:27:32.393+0000] {spark_submit.py:579} INFO - 24/11/18 20:27:32 INFO SparkContext: SparkContext is stopping with exitCode 0.
[2024-11-18T20:27:32.401+0000] {spark_submit.py:579} INFO - 24/11/18 20:27:32 INFO SparkUI: Stopped Spark web UI at http://303af52bf48c:4043
[2024-11-18T20:27:32.405+0000] {spark_submit.py:579} INFO - 24/11/18 20:27:32 INFO StandaloneSchedulerBackend: Shutting down all executors
[2024-11-18T20:27:32.405+0000] {spark_submit.py:579} INFO - 24/11/18 20:27:32 INFO StandaloneSchedulerBackend$StandaloneDriverEndpoint: Asking each executor to shut down
[2024-11-18T20:27:32.431+0000] {spark_submit.py:579} INFO - 24/11/18 20:27:32 INFO MapOutputTrackerMasterEndpoint: MapOutputTrackerMasterEndpoint stopped!
[2024-11-18T20:27:32.529+0000] {spark_submit.py:579} INFO - 24/11/18 20:27:32 INFO MemoryStore: MemoryStore cleared
[2024-11-18T20:27:32.530+0000] {spark_submit.py:579} INFO - 24/11/18 20:27:32 INFO BlockManager: BlockManager stopped
[2024-11-18T20:27:32.537+0000] {spark_submit.py:579} INFO - 24/11/18 20:27:32 INFO BlockManagerMaster: BlockManagerMaster stopped
[2024-11-18T20:27:32.540+0000] {spark_submit.py:579} INFO - 24/11/18 20:27:32 INFO OutputCommitCoordinator$OutputCommitCoordinatorEndpoint: OutputCommitCoordinator stopped!
[2024-11-18T20:27:32.557+0000] {spark_submit.py:579} INFO - 24/11/18 20:27:32 INFO SparkContext: Successfully stopped SparkContext
[2024-11-18T20:27:32.558+0000] {spark_submit.py:579} INFO - 24/11/18 20:27:32 INFO ShutdownHookManager: Shutdown hook called
[2024-11-18T20:27:32.558+0000] {spark_submit.py:579} INFO - 24/11/18 20:27:32 INFO ShutdownHookManager: Deleting directory /tmp/spark-430318f8-6850-41b6-bc9f-c4dac704bbf2/pyspark-d8df6557-ae9e-4c65-a0ab-ef258959c9b4
[2024-11-18T20:27:32.564+0000] {spark_submit.py:579} INFO - 24/11/18 20:27:32 INFO ShutdownHookManager: Deleting directory /tmp/spark-bbcde9e6-d33c-45fd-b4ed-c88be03da50d
[2024-11-18T20:27:32.569+0000] {spark_submit.py:579} INFO - 24/11/18 20:27:32 INFO ShutdownHookManager: Deleting directory /tmp/spark-430318f8-6850-41b6-bc9f-c4dac704bbf2
[2024-11-18T20:27:32.657+0000] {taskinstance.py:441} INFO - ::group::Post task execution logs
[2024-11-18T20:27:32.666+0000] {taskinstance.py:2905} ERROR - Task failed with exception
Traceback (most recent call last):
  File "/home/airflow/.local/lib/python3.11/site-packages/airflow/models/taskinstance.py", line 465, in _execute_task
    result = _execute_callable(context=context, **execute_callable_kwargs)
             ^^^^^^^^^^^^^^^^^^^^^^^^^^^^^^^^^^^^^^^^^^^^^^^^^^^^^^^^^^^^^
  File "/home/airflow/.local/lib/python3.11/site-packages/airflow/models/taskinstance.py", line 432, in _execute_callable
    return execute_callable(context=context, **execute_callable_kwargs)
           ^^^^^^^^^^^^^^^^^^^^^^^^^^^^^^^^^^^^^^^^^^^^^^^^^^^^^^^^^^^^
  File "/home/airflow/.local/lib/python3.11/site-packages/airflow/models/baseoperator.py", line 401, in wrapper
    return func(self, *args, **kwargs)
           ^^^^^^^^^^^^^^^^^^^^^^^^^^^
  File "/home/airflow/.local/lib/python3.11/site-packages/airflow/providers/apache/spark/operators/spark_submit.py", line 174, in execute
    self._hook.submit(self.application)
  File "/home/airflow/.local/lib/python3.11/site-packages/airflow/providers/apache/spark/hooks/spark_submit.py", line 505, in submit
    raise AirflowException(
airflow.exceptions.AirflowException: Cannot execute: spark-submit --master spark://spark:7077 --name arrow-spark --deploy-mode client /opt/***/dags/spark_job.py. Error code is: 1.
[2024-11-18T20:27:32.674+0000] {taskinstance.py:1206} INFO - Marking task as UP_FOR_RETRY. dag_id=spark_job, task_id=spark_task, run_id=scheduled__2024-11-16T00:00:00+00:00, execution_date=20241116T000000, start_date=20241118T202659, end_date=20241118T202732
[2024-11-18T20:27:32.692+0000] {standard_task_runner.py:110} ERROR - Failed to execute job 3 for task spark_task (Cannot execute: spark-submit --master spark://spark:7077 --name arrow-spark --deploy-mode client /opt/***/dags/spark_job.py. Error code is: 1.; 175)
[2024-11-18T20:27:32.743+0000] {local_task_job_runner.py:243} INFO - Task exited with return code 1
[2024-11-18T20:27:32.756+0000] {taskinstance.py:3503} INFO - 0 downstream tasks scheduled from follow-on schedule check
[2024-11-18T20:27:32.758+0000] {local_task_job_runner.py:222} INFO - ::endgroup::
