[2024-11-18T16:55:51.046+0000] {local_task_job_runner.py:120} INFO - ::group::Pre task execution logs
[2024-11-18T16:55:51.065+0000] {taskinstance.py:2076} INFO - Dependencies all met for dep_context=non-requeueable deps ti=<TaskInstance: spark_dag.spark_task manual__2024-11-18T16:50:38.275778+00:00 [queued]>
[2024-11-18T16:55:51.074+0000] {taskinstance.py:2076} INFO - Dependencies all met for dep_context=requeueable deps ti=<TaskInstance: spark_dag.spark_task manual__2024-11-18T16:50:38.275778+00:00 [queued]>
[2024-11-18T16:55:51.075+0000] {taskinstance.py:2306} INFO - Starting attempt 2 of 2
[2024-11-18T16:55:51.088+0000] {taskinstance.py:2330} INFO - Executing <Task(SparkSubmitOperator): spark_task> on 2024-11-18 16:50:38.275778+00:00
[2024-11-18T16:55:51.094+0000] {standard_task_runner.py:64} INFO - Started process 2972 to run task
[2024-11-18T16:55:51.097+0000] {standard_task_runner.py:90} INFO - Running: ['***', 'tasks', 'run', 'spark_dag', 'spark_task', 'manual__2024-11-18T16:50:38.275778+00:00', '--job-id', '760', '--raw', '--subdir', 'DAGS_FOLDER/spark_dag.py', '--cfg-path', '/tmp/tmpi_znh7tc']
[2024-11-18T16:55:51.099+0000] {standard_task_runner.py:91} INFO - Job 760: Subtask spark_task
[2024-11-18T16:55:51.138+0000] {task_command.py:426} INFO - Running <TaskInstance: spark_dag.spark_task manual__2024-11-18T16:50:38.275778+00:00 [running]> on host faf83eb57c9b
[2024-11-18T16:55:51.229+0000] {taskinstance.py:2648} INFO - Exporting env vars: AIRFLOW_CTX_DAG_OWNER='***' AIRFLOW_CTX_DAG_ID='spark_dag' AIRFLOW_CTX_TASK_ID='spark_task' AIRFLOW_CTX_EXECUTION_DATE='2024-11-18T16:50:38.275778+00:00' AIRFLOW_CTX_TRY_NUMBER='2' AIRFLOW_CTX_DAG_RUN_ID='manual__2024-11-18T16:50:38.275778+00:00'
[2024-11-18T16:55:51.231+0000] {taskinstance.py:430} INFO - ::endgroup::
[2024-11-18T16:55:51.238+0000] {base.py:84} INFO - Using connection ID 'spark_default' for task execution.
[2024-11-18T16:55:51.239+0000] {spark_submit.py:473} INFO - Spark-Submit cmd: spark-submit --master spark://spark:7077 --name arrow-spark --deploy-mode client /opt/***/dags/spark_job.py
[2024-11-18T16:55:53.976+0000] {spark_submit.py:634} INFO - 24/11/18 16:55:53 INFO SparkContext: Running Spark version 3.5.3
[2024-11-18T16:55:53.977+0000] {spark_submit.py:634} INFO - 24/11/18 16:55:53 INFO SparkContext: OS info Linux, 5.15.153.1-microsoft-standard-WSL2, amd64
[2024-11-18T16:55:53.978+0000] {spark_submit.py:634} INFO - 24/11/18 16:55:53 INFO SparkContext: Java version 17.0.12
[2024-11-18T16:55:54.036+0000] {spark_submit.py:634} INFO - 24/11/18 16:55:54 WARN NativeCodeLoader: Unable to load native-hadoop library for your platform... using builtin-java classes where applicable
[2024-11-18T16:55:54.131+0000] {spark_submit.py:634} INFO - 24/11/18 16:55:54 INFO ResourceUtils: ==============================================================
[2024-11-18T16:55:54.132+0000] {spark_submit.py:634} INFO - 24/11/18 16:55:54 INFO ResourceUtils: No custom resources configured for spark.driver.
[2024-11-18T16:55:54.133+0000] {spark_submit.py:634} INFO - 24/11/18 16:55:54 INFO ResourceUtils: ==============================================================
[2024-11-18T16:55:54.133+0000] {spark_submit.py:634} INFO - 24/11/18 16:55:54 INFO SparkContext: Submitted application: Airflow Spark Job
[2024-11-18T16:55:54.160+0000] {spark_submit.py:634} INFO - 24/11/18 16:55:54 INFO ResourceProfile: Default ResourceProfile created, executor resources: Map(memory -> name: memory, amount: 1024, script: , vendor: , offHeap -> name: offHeap, amount: 0, script: , vendor: ), task resources: Map(cpus -> name: cpus, amount: 1.0)
[2024-11-18T16:55:54.173+0000] {spark_submit.py:634} INFO - 24/11/18 16:55:54 INFO ResourceProfile: Limiting resource is cpu
[2024-11-18T16:55:54.175+0000] {spark_submit.py:634} INFO - 24/11/18 16:55:54 INFO ResourceProfileManager: Added ResourceProfile id: 0
[2024-11-18T16:55:54.237+0000] {spark_submit.py:634} INFO - 24/11/18 16:55:54 INFO SecurityManager: Changing view acls to: ***
[2024-11-18T16:55:54.238+0000] {spark_submit.py:634} INFO - 24/11/18 16:55:54 INFO SecurityManager: Changing modify acls to: ***
[2024-11-18T16:55:54.239+0000] {spark_submit.py:634} INFO - 24/11/18 16:55:54 INFO SecurityManager: Changing view acls groups to:
[2024-11-18T16:55:54.240+0000] {spark_submit.py:634} INFO - 24/11/18 16:55:54 INFO SecurityManager: Changing modify acls groups to:
[2024-11-18T16:55:54.241+0000] {spark_submit.py:634} INFO - 24/11/18 16:55:54 INFO SecurityManager: SecurityManager: authentication disabled; ui acls disabled; users with view permissions: ***; groups with view permissions: EMPTY; users with modify permissions: ***; groups with modify permissions: EMPTY
[2024-11-18T16:55:54.599+0000] {spark_submit.py:634} INFO - 24/11/18 16:55:54 INFO Utils: Successfully started service 'sparkDriver' on port 46275.
[2024-11-18T16:55:54.697+0000] {spark_submit.py:634} INFO - 24/11/18 16:55:54 INFO SparkEnv: Registering MapOutputTracker
[2024-11-18T16:55:54.806+0000] {spark_submit.py:634} INFO - 24/11/18 16:55:54 INFO SparkEnv: Registering BlockManagerMaster
[2024-11-18T16:55:54.873+0000] {spark_submit.py:634} INFO - 24/11/18 16:55:54 INFO BlockManagerMasterEndpoint: Using org.apache.spark.storage.DefaultTopologyMapper for getting topology information
[2024-11-18T16:55:54.882+0000] {spark_submit.py:634} INFO - 24/11/18 16:55:54 INFO BlockManagerMasterEndpoint: BlockManagerMasterEndpoint up
[2024-11-18T16:55:54.896+0000] {spark_submit.py:634} INFO - 24/11/18 16:55:54 INFO SparkEnv: Registering BlockManagerMasterHeartbeat
[2024-11-18T16:55:54.954+0000] {spark_submit.py:634} INFO - 24/11/18 16:55:54 INFO DiskBlockManager: Created local directory at /tmp/blockmgr-1732ba02-5ed8-4ceb-8b8e-b0325c6f1c07
[2024-11-18T16:55:54.979+0000] {spark_submit.py:634} INFO - 24/11/18 16:55:54 INFO MemoryStore: MemoryStore started with capacity 434.4 MiB
[2024-11-18T16:55:55.004+0000] {spark_submit.py:634} INFO - 24/11/18 16:55:55 INFO SparkEnv: Registering OutputCommitCoordinator
[2024-11-18T16:55:55.156+0000] {spark_submit.py:634} INFO - 24/11/18 16:55:55 INFO JettyUtils: Start Jetty 0.0.0.0:4040 for SparkUI
[2024-11-18T16:55:55.267+0000] {spark_submit.py:634} INFO - 24/11/18 16:55:55 INFO Utils: Successfully started service 'SparkUI' on port 4040.
[2024-11-18T16:55:55.389+0000] {spark_submit.py:634} INFO - 24/11/18 16:55:55 INFO StandaloneAppClient$ClientEndpoint: Connecting to master spark://spark:7077...
[2024-11-18T16:55:55.429+0000] {spark_submit.py:634} INFO - 24/11/18 16:55:55 INFO TransportClientFactory: Successfully created connection to spark/172.19.0.4:7077 after 21 ms (0 ms spent in bootstraps)
[2024-11-18T16:55:55.500+0000] {spark_submit.py:634} INFO - 24/11/18 16:55:55 INFO StandaloneSchedulerBackend: Connected to Spark cluster with app ID app-20241118165555-0005
[2024-11-18T16:55:55.509+0000] {spark_submit.py:634} INFO - 24/11/18 16:55:55 INFO StandaloneAppClient$ClientEndpoint: Executor added: app-20241118165555-0005/0 on worker-20241118162006-172.19.0.6-42979 (172.19.0.6:42979) with 1 core(s)
[2024-11-18T16:55:55.512+0000] {spark_submit.py:634} INFO - 24/11/18 16:55:55 INFO StandaloneSchedulerBackend: Granted executor ID app-20241118165555-0005/0 on hostPort 172.19.0.6:42979 with 1 core(s), 1024.0 MiB RAM
[2024-11-18T16:55:55.512+0000] {spark_submit.py:634} INFO - 24/11/18 16:55:55 INFO StandaloneAppClient$ClientEndpoint: Executor added: app-20241118165555-0005/1 on worker-20241118162006-172.19.0.5-34701 (172.19.0.5:34701) with 1 core(s)
[2024-11-18T16:55:55.513+0000] {spark_submit.py:634} INFO - 24/11/18 16:55:55 INFO Utils: Successfully started service 'org.apache.spark.network.netty.NettyBlockTransferService' on port 39569.
[2024-11-18T16:55:55.513+0000] {spark_submit.py:634} INFO - 24/11/18 16:55:55 INFO NettyBlockTransferService: Server created on faf83eb57c9b:39569
[2024-11-18T16:55:55.514+0000] {spark_submit.py:634} INFO - 24/11/18 16:55:55 INFO StandaloneSchedulerBackend: Granted executor ID app-20241118165555-0005/1 on hostPort 172.19.0.5:34701 with 1 core(s), 1024.0 MiB RAM
[2024-11-18T16:55:55.514+0000] {spark_submit.py:634} INFO - 24/11/18 16:55:55 INFO BlockManager: Using org.apache.spark.storage.RandomBlockReplicationPolicy for block replication policy
[2024-11-18T16:55:55.521+0000] {spark_submit.py:634} INFO - 24/11/18 16:55:55 INFO BlockManagerMaster: Registering BlockManager BlockManagerId(driver, faf83eb57c9b, 39569, None)
[2024-11-18T16:55:55.524+0000] {spark_submit.py:634} INFO - 24/11/18 16:55:55 INFO BlockManagerMasterEndpoint: Registering block manager faf83eb57c9b:39569 with 434.4 MiB RAM, BlockManagerId(driver, faf83eb57c9b, 39569, None)
[2024-11-18T16:55:55.527+0000] {spark_submit.py:634} INFO - 24/11/18 16:55:55 INFO BlockManagerMaster: Registered BlockManager BlockManagerId(driver, faf83eb57c9b, 39569, None)
[2024-11-18T16:55:55.530+0000] {spark_submit.py:634} INFO - 24/11/18 16:55:55 INFO BlockManager: Initialized BlockManager: BlockManagerId(driver, faf83eb57c9b, 39569, None)
[2024-11-18T16:55:55.561+0000] {spark_submit.py:634} INFO - 24/11/18 16:55:55 INFO StandaloneAppClient$ClientEndpoint: Executor updated: app-20241118165555-0005/0 is now RUNNING
[2024-11-18T16:55:55.565+0000] {spark_submit.py:634} INFO - 24/11/18 16:55:55 INFO StandaloneAppClient$ClientEndpoint: Executor updated: app-20241118165555-0005/1 is now RUNNING
[2024-11-18T16:55:55.907+0000] {spark_submit.py:634} INFO - 24/11/18 16:55:55 INFO StandaloneSchedulerBackend: SchedulerBackend is ready for scheduling beginning after reached minRegisteredResourcesRatio: 0.0
[2024-11-18T16:55:57.204+0000] {spark_submit.py:634} INFO - 24/11/18 16:55:57 INFO SharedState: Setting hive.metastore.warehouse.dir ('null') to the value of spark.sql.warehouse.dir.
[2024-11-18T16:55:57.216+0000] {spark_submit.py:634} INFO - 24/11/18 16:55:57 INFO SharedState: Warehouse path is 'file:/app/spark-warehouse'.
[2024-11-18T16:56:00.684+0000] {spark_submit.py:634} INFO - 24/11/18 16:56:00 INFO StandaloneSchedulerBackend$StandaloneDriverEndpoint: Registered executor NettyRpcEndpointRef(spark-client://Executor) (172.19.0.6:45118) with ID 0,  ResourceProfileId 0
[2024-11-18T16:56:00.720+0000] {spark_submit.py:634} INFO - 24/11/18 16:56:00 INFO StandaloneSchedulerBackend$StandaloneDriverEndpoint: Registered executor NettyRpcEndpointRef(spark-client://Executor) (172.19.0.5:34048) with ID 1,  ResourceProfileId 0
[2024-11-18T16:56:00.833+0000] {spark_submit.py:634} INFO - 24/11/18 16:56:00 INFO BlockManagerMasterEndpoint: Registering block manager 172.19.0.6:38893 with 434.4 MiB RAM, BlockManagerId(0, 172.19.0.6, 38893, None)
[2024-11-18T16:56:00.862+0000] {spark_submit.py:634} INFO - 24/11/18 16:56:00 INFO BlockManagerMasterEndpoint: Registering block manager 172.19.0.5:41913 with 434.4 MiB RAM, BlockManagerId(1, 172.19.0.5, 41913, None)
[2024-11-18T16:56:01.733+0000] {spark_submit.py:634} INFO - 24/11/18 16:56:01 INFO CodeGenerator: Code generated in 206.222565 ms
[2024-11-18T16:56:01.761+0000] {spark_submit.py:634} INFO - 24/11/18 16:56:01 INFO SparkContext: Starting job: showString at NativeMethodAccessorImpl.java:0
[2024-11-18T16:56:01.776+0000] {spark_submit.py:634} INFO - 24/11/18 16:56:01 INFO DAGScheduler: Got job 0 (showString at NativeMethodAccessorImpl.java:0) with 1 output partitions
[2024-11-18T16:56:01.777+0000] {spark_submit.py:634} INFO - 24/11/18 16:56:01 INFO DAGScheduler: Final stage: ResultStage 0 (showString at NativeMethodAccessorImpl.java:0)
[2024-11-18T16:56:01.777+0000] {spark_submit.py:634} INFO - 24/11/18 16:56:01 INFO DAGScheduler: Parents of final stage: List()
[2024-11-18T16:56:01.778+0000] {spark_submit.py:634} INFO - 24/11/18 16:56:01 INFO DAGScheduler: Missing parents: List()
[2024-11-18T16:56:01.780+0000] {spark_submit.py:634} INFO - 24/11/18 16:56:01 INFO DAGScheduler: Submitting ResultStage 0 (MapPartitionsRDD[6] at showString at NativeMethodAccessorImpl.java:0), which has no missing parents
[2024-11-18T16:56:01.862+0000] {spark_submit.py:634} INFO - 24/11/18 16:56:01 INFO MemoryStore: Block broadcast_0 stored as values in memory (estimated size 13.1 KiB, free 434.4 MiB)
[2024-11-18T16:56:01.904+0000] {spark_submit.py:634} INFO - 24/11/18 16:56:01 INFO MemoryStore: Block broadcast_0_piece0 stored as bytes in memory (estimated size 6.8 KiB, free 434.4 MiB)
[2024-11-18T16:56:01.909+0000] {spark_submit.py:634} INFO - 24/11/18 16:56:01 INFO BlockManagerInfo: Added broadcast_0_piece0 in memory on faf83eb57c9b:39569 (size: 6.8 KiB, free: 434.4 MiB)
[2024-11-18T16:56:01.915+0000] {spark_submit.py:634} INFO - 24/11/18 16:56:01 INFO SparkContext: Created broadcast 0 from broadcast at DAGScheduler.scala:1585
[2024-11-18T16:56:01.933+0000] {spark_submit.py:634} INFO - 24/11/18 16:56:01 INFO DAGScheduler: Submitting 1 missing tasks from ResultStage 0 (MapPartitionsRDD[6] at showString at NativeMethodAccessorImpl.java:0) (first 15 tasks are for partitions Vector(0))
[2024-11-18T16:56:01.935+0000] {spark_submit.py:634} INFO - 24/11/18 16:56:01 INFO TaskSchedulerImpl: Adding task set 0.0 with 1 tasks resource profile 0
[2024-11-18T16:56:01.965+0000] {spark_submit.py:634} INFO - 24/11/18 16:56:01 INFO TaskSetManager: Starting task 0.0 in stage 0.0 (TID 0) (172.19.0.5, executor 1, partition 0, PROCESS_LOCAL, 9122 bytes)
[2024-11-18T16:56:02.068+0000] {spark_submit.py:634} INFO - 24/11/18 16:56:02 WARN TaskSetManager: Lost task 0.0 in stage 0.0 (TID 0) (172.19.0.5 executor 1): java.io.InvalidClassException: org.apache.spark.scheduler.Task; local class incompatible: stream classdesc serialVersionUID = -6188971942555435033, local class serialVersionUID = 553100815431272095
[2024-11-18T16:56:02.069+0000] {spark_submit.py:634} INFO - at java.base/java.io.ObjectStreamClass.initNonProxy(ObjectStreamClass.java:597)
[2024-11-18T16:56:02.070+0000] {spark_submit.py:634} INFO - at java.base/java.io.ObjectInputStream.readNonProxyDesc(ObjectInputStream.java:2051)
[2024-11-18T16:56:02.070+0000] {spark_submit.py:634} INFO - at java.base/java.io.ObjectInputStream.readClassDesc(ObjectInputStream.java:1898)
[2024-11-18T16:56:02.071+0000] {spark_submit.py:634} INFO - at java.base/java.io.ObjectInputStream.readNonProxyDesc(ObjectInputStream.java:2051)
[2024-11-18T16:56:02.071+0000] {spark_submit.py:634} INFO - at java.base/java.io.ObjectInputStream.readClassDesc(ObjectInputStream.java:1898)
[2024-11-18T16:56:02.071+0000] {spark_submit.py:634} INFO - at java.base/java.io.ObjectInputStream.readOrdinaryObject(ObjectInputStream.java:2224)
[2024-11-18T16:56:02.072+0000] {spark_submit.py:634} INFO - at java.base/java.io.ObjectInputStream.readObject0(ObjectInputStream.java:1733)
[2024-11-18T16:56:02.072+0000] {spark_submit.py:634} INFO - at java.base/java.io.ObjectInputStream.readObject(ObjectInputStream.java:509)
[2024-11-18T16:56:02.075+0000] {spark_submit.py:634} INFO - at java.base/java.io.ObjectInputStream.readObject(ObjectInputStream.java:467)
[2024-11-18T16:56:02.076+0000] {spark_submit.py:634} INFO - at org.apache.spark.serializer.JavaDeserializationStream.readObject(JavaSerializer.scala:87)
[2024-11-18T16:56:02.076+0000] {spark_submit.py:634} INFO - at org.apache.spark.serializer.JavaSerializerInstance.deserialize(JavaSerializer.scala:129)
[2024-11-18T16:56:02.077+0000] {spark_submit.py:634} INFO - at org.apache.spark.executor.Executor$TaskRunner.run(Executor.scala:579)
[2024-11-18T16:56:02.077+0000] {spark_submit.py:634} INFO - at java.base/java.util.concurrent.ThreadPoolExecutor.runWorker(ThreadPoolExecutor.java:1136)
[2024-11-18T16:56:02.078+0000] {spark_submit.py:634} INFO - at java.base/java.util.concurrent.ThreadPoolExecutor$Worker.run(ThreadPoolExecutor.java:635)
[2024-11-18T16:56:02.078+0000] {spark_submit.py:634} INFO - at java.base/java.lang.Thread.run(Thread.java:840)
[2024-11-18T16:56:02.078+0000] {spark_submit.py:634} INFO - 
[2024-11-18T16:56:02.079+0000] {spark_submit.py:634} INFO - 24/11/18 16:56:02 INFO TaskSetManager: Starting task 0.1 in stage 0.0 (TID 1) (172.19.0.6, executor 0, partition 0, PROCESS_LOCAL, 9122 bytes)
[2024-11-18T16:56:02.159+0000] {spark_submit.py:634} INFO - 24/11/18 16:56:02 INFO TaskSetManager: Lost task 0.1 in stage 0.0 (TID 1) on 172.19.0.6, executor 0: java.io.InvalidClassException (org.apache.spark.scheduler.Task; local class incompatible: stream classdesc serialVersionUID = -6188971942555435033, local class serialVersionUID = 553100815431272095) [duplicate 1]
[2024-11-18T16:56:02.162+0000] {spark_submit.py:634} INFO - 24/11/18 16:56:02 INFO TaskSetManager: Starting task 0.2 in stage 0.0 (TID 2) (172.19.0.5, executor 1, partition 0, PROCESS_LOCAL, 9122 bytes)
[2024-11-18T16:56:02.179+0000] {spark_submit.py:634} INFO - 24/11/18 16:56:02 INFO TaskSetManager: Lost task 0.2 in stage 0.0 (TID 2) on 172.19.0.5, executor 1: java.io.InvalidClassException (org.apache.spark.scheduler.Task; local class incompatible: stream classdesc serialVersionUID = -6188971942555435033, local class serialVersionUID = 553100815431272095) [duplicate 2]
[2024-11-18T16:56:02.180+0000] {spark_submit.py:634} INFO - 24/11/18 16:56:02 INFO TaskSetManager: Starting task 0.3 in stage 0.0 (TID 3) (172.19.0.6, executor 0, partition 0, PROCESS_LOCAL, 9122 bytes)
[2024-11-18T16:56:02.193+0000] {spark_submit.py:634} INFO - 24/11/18 16:56:02 INFO TaskSetManager: Lost task 0.3 in stage 0.0 (TID 3) on 172.19.0.6, executor 0: java.io.InvalidClassException (org.apache.spark.scheduler.Task; local class incompatible: stream classdesc serialVersionUID = -6188971942555435033, local class serialVersionUID = 553100815431272095) [duplicate 3]
[2024-11-18T16:56:02.194+0000] {spark_submit.py:634} INFO - 24/11/18 16:56:02 ERROR TaskSetManager: Task 0 in stage 0.0 failed 4 times; aborting job
[2024-11-18T16:56:02.196+0000] {spark_submit.py:634} INFO - 24/11/18 16:56:02 INFO TaskSchedulerImpl: Removed TaskSet 0.0, whose tasks have all completed, from pool
[2024-11-18T16:56:02.197+0000] {spark_submit.py:634} INFO - 24/11/18 16:56:02 INFO TaskSchedulerImpl: Cancelling stage 0
[2024-11-18T16:56:02.197+0000] {spark_submit.py:634} INFO - 24/11/18 16:56:02 INFO TaskSchedulerImpl: Killing all running tasks in stage 0: Stage cancelled: Job aborted due to stage failure: Task 0 in stage 0.0 failed 4 times, most recent failure: Lost task 0.3 in stage 0.0 (TID 3) (172.19.0.6 executor 0): java.io.InvalidClassException: org.apache.spark.scheduler.Task; local class incompatible: stream classdesc serialVersionUID = -6188971942555435033, local class serialVersionUID = 553100815431272095
[2024-11-18T16:56:02.198+0000] {spark_submit.py:634} INFO - at java.base/java.io.ObjectStreamClass.initNonProxy(ObjectStreamClass.java:597)
[2024-11-18T16:56:02.199+0000] {spark_submit.py:634} INFO - at java.base/java.io.ObjectInputStream.readNonProxyDesc(ObjectInputStream.java:2051)
[2024-11-18T16:56:02.199+0000] {spark_submit.py:634} INFO - at java.base/java.io.ObjectInputStream.readClassDesc(ObjectInputStream.java:1898)
[2024-11-18T16:56:02.200+0000] {spark_submit.py:634} INFO - at java.base/java.io.ObjectInputStream.readNonProxyDesc(ObjectInputStream.java:2051)
[2024-11-18T16:56:02.200+0000] {spark_submit.py:634} INFO - at java.base/java.io.ObjectInputStream.readClassDesc(ObjectInputStream.java:1898)
[2024-11-18T16:56:02.201+0000] {spark_submit.py:634} INFO - at java.base/java.io.ObjectInputStream.readOrdinaryObject(ObjectInputStream.java:2224)
[2024-11-18T16:56:02.201+0000] {spark_submit.py:634} INFO - at java.base/java.io.ObjectInputStream.readObject0(ObjectInputStream.java:1733)
[2024-11-18T16:56:02.201+0000] {spark_submit.py:634} INFO - at java.base/java.io.ObjectInputStream.readObject(ObjectInputStream.java:509)
[2024-11-18T16:56:02.202+0000] {spark_submit.py:634} INFO - at java.base/java.io.ObjectInputStream.readObject(ObjectInputStream.java:467)
[2024-11-18T16:56:02.202+0000] {spark_submit.py:634} INFO - at org.apache.spark.serializer.JavaDeserializationStream.readObject(JavaSerializer.scala:87)
[2024-11-18T16:56:02.202+0000] {spark_submit.py:634} INFO - at org.apache.spark.serializer.JavaSerializerInstance.deserialize(JavaSerializer.scala:129)
[2024-11-18T16:56:02.203+0000] {spark_submit.py:634} INFO - at org.apache.spark.executor.Executor$TaskRunner.run(Executor.scala:579)
[2024-11-18T16:56:02.203+0000] {spark_submit.py:634} INFO - at java.base/java.util.concurrent.ThreadPoolExecutor.runWorker(ThreadPoolExecutor.java:1136)
[2024-11-18T16:56:02.203+0000] {spark_submit.py:634} INFO - at java.base/java.util.concurrent.ThreadPoolExecutor$Worker.run(ThreadPoolExecutor.java:635)
[2024-11-18T16:56:02.203+0000] {spark_submit.py:634} INFO - at java.base/java.lang.Thread.run(Thread.java:840)
[2024-11-18T16:56:02.204+0000] {spark_submit.py:634} INFO - 
[2024-11-18T16:56:02.204+0000] {spark_submit.py:634} INFO - Driver stacktrace:
[2024-11-18T16:56:02.204+0000] {spark_submit.py:634} INFO - 24/11/18 16:56:02 INFO DAGScheduler: ResultStage 0 (showString at NativeMethodAccessorImpl.java:0) failed in 0.409 s due to Job aborted due to stage failure: Task 0 in stage 0.0 failed 4 times, most recent failure: Lost task 0.3 in stage 0.0 (TID 3) (172.19.0.6 executor 0): java.io.InvalidClassException: org.apache.spark.scheduler.Task; local class incompatible: stream classdesc serialVersionUID = -6188971942555435033, local class serialVersionUID = 553100815431272095
[2024-11-18T16:56:02.205+0000] {spark_submit.py:634} INFO - at java.base/java.io.ObjectStreamClass.initNonProxy(ObjectStreamClass.java:597)
[2024-11-18T16:56:02.205+0000] {spark_submit.py:634} INFO - at java.base/java.io.ObjectInputStream.readNonProxyDesc(ObjectInputStream.java:2051)
[2024-11-18T16:56:02.206+0000] {spark_submit.py:634} INFO - at java.base/java.io.ObjectInputStream.readClassDesc(ObjectInputStream.java:1898)
[2024-11-18T16:56:02.206+0000] {spark_submit.py:634} INFO - at java.base/java.io.ObjectInputStream.readNonProxyDesc(ObjectInputStream.java:2051)
[2024-11-18T16:56:02.207+0000] {spark_submit.py:634} INFO - at java.base/java.io.ObjectInputStream.readClassDesc(ObjectInputStream.java:1898)
[2024-11-18T16:56:02.208+0000] {spark_submit.py:634} INFO - at java.base/java.io.ObjectInputStream.readOrdinaryObject(ObjectInputStream.java:2224)
[2024-11-18T16:56:02.208+0000] {spark_submit.py:634} INFO - at java.base/java.io.ObjectInputStream.readObject0(ObjectInputStream.java:1733)
[2024-11-18T16:56:02.209+0000] {spark_submit.py:634} INFO - at java.base/java.io.ObjectInputStream.readObject(ObjectInputStream.java:509)
[2024-11-18T16:56:02.209+0000] {spark_submit.py:634} INFO - at java.base/java.io.ObjectInputStream.readObject(ObjectInputStream.java:467)
[2024-11-18T16:56:02.209+0000] {spark_submit.py:634} INFO - at org.apache.spark.serializer.JavaDeserializationStream.readObject(JavaSerializer.scala:87)
[2024-11-18T16:56:02.210+0000] {spark_submit.py:634} INFO - at org.apache.spark.serializer.JavaSerializerInstance.deserialize(JavaSerializer.scala:129)
[2024-11-18T16:56:02.210+0000] {spark_submit.py:634} INFO - at org.apache.spark.executor.Executor$TaskRunner.run(Executor.scala:579)
[2024-11-18T16:56:02.210+0000] {spark_submit.py:634} INFO - at java.base/java.util.concurrent.ThreadPoolExecutor.runWorker(ThreadPoolExecutor.java:1136)
[2024-11-18T16:56:02.210+0000] {spark_submit.py:634} INFO - at java.base/java.util.concurrent.ThreadPoolExecutor$Worker.run(ThreadPoolExecutor.java:635)
[2024-11-18T16:56:02.211+0000] {spark_submit.py:634} INFO - at java.base/java.lang.Thread.run(Thread.java:840)
[2024-11-18T16:56:02.211+0000] {spark_submit.py:634} INFO - 
[2024-11-18T16:56:02.211+0000] {spark_submit.py:634} INFO - Driver stacktrace:
[2024-11-18T16:56:02.211+0000] {spark_submit.py:634} INFO - 24/11/18 16:56:02 INFO DAGScheduler: Job 0 failed: showString at NativeMethodAccessorImpl.java:0, took 0.443152 s
[2024-11-18T16:56:02.368+0000] {spark_submit.py:634} INFO - Traceback (most recent call last):
[2024-11-18T16:56:02.369+0000] {spark_submit.py:634} INFO - File "/opt/***/dags/spark_job.py", line 19, in <module>
[2024-11-18T16:56:02.370+0000] {spark_submit.py:634} INFO - df.show()
[2024-11-18T16:56:02.370+0000] {spark_submit.py:634} INFO - File "/home/***/.local/lib/python3.11/site-packages/pyspark/python/lib/pyspark.zip/pyspark/sql/dataframe.py", line 947, in show
[2024-11-18T16:56:02.370+0000] {spark_submit.py:634} INFO - File "/home/***/.local/lib/python3.11/site-packages/pyspark/python/lib/pyspark.zip/pyspark/sql/dataframe.py", line 965, in _show_string
[2024-11-18T16:56:02.370+0000] {spark_submit.py:634} INFO - File "/home/***/.local/lib/python3.11/site-packages/pyspark/python/lib/py4j-0.10.9.7-src.zip/py4j/java_gateway.py", line 1322, in __call__
[2024-11-18T16:56:02.371+0000] {spark_submit.py:634} INFO - File "/home/***/.local/lib/python3.11/site-packages/pyspark/python/lib/pyspark.zip/pyspark/errors/exceptions/captured.py", line 179, in deco
[2024-11-18T16:56:02.371+0000] {spark_submit.py:634} INFO - File "/home/***/.local/lib/python3.11/site-packages/pyspark/python/lib/py4j-0.10.9.7-src.zip/py4j/protocol.py", line 326, in get_return_value
[2024-11-18T16:56:02.371+0000] {spark_submit.py:634} INFO - py4j.protocol.Py4JJavaError: An error occurred while calling o41.showString.
[2024-11-18T16:56:02.372+0000] {spark_submit.py:634} INFO - : org.apache.spark.SparkException: Job aborted due to stage failure: Task 0 in stage 0.0 failed 4 times, most recent failure: Lost task 0.3 in stage 0.0 (TID 3) (172.19.0.6 executor 0): java.io.InvalidClassException: org.apache.spark.scheduler.Task; local class incompatible: stream classdesc serialVersionUID = -6188971942555435033, local class serialVersionUID = 553100815431272095
[2024-11-18T16:56:02.372+0000] {spark_submit.py:634} INFO - at java.base/java.io.ObjectStreamClass.initNonProxy(ObjectStreamClass.java:597)
[2024-11-18T16:56:02.373+0000] {spark_submit.py:634} INFO - at java.base/java.io.ObjectInputStream.readNonProxyDesc(ObjectInputStream.java:2051)
[2024-11-18T16:56:02.373+0000] {spark_submit.py:634} INFO - at java.base/java.io.ObjectInputStream.readClassDesc(ObjectInputStream.java:1898)
[2024-11-18T16:56:02.373+0000] {spark_submit.py:634} INFO - at java.base/java.io.ObjectInputStream.readNonProxyDesc(ObjectInputStream.java:2051)
[2024-11-18T16:56:02.373+0000] {spark_submit.py:634} INFO - at java.base/java.io.ObjectInputStream.readClassDesc(ObjectInputStream.java:1898)
[2024-11-18T16:56:02.374+0000] {spark_submit.py:634} INFO - at java.base/java.io.ObjectInputStream.readOrdinaryObject(ObjectInputStream.java:2224)
[2024-11-18T16:56:02.374+0000] {spark_submit.py:634} INFO - at java.base/java.io.ObjectInputStream.readObject0(ObjectInputStream.java:1733)
[2024-11-18T16:56:02.374+0000] {spark_submit.py:634} INFO - at java.base/java.io.ObjectInputStream.readObject(ObjectInputStream.java:509)
[2024-11-18T16:56:02.374+0000] {spark_submit.py:634} INFO - at java.base/java.io.ObjectInputStream.readObject(ObjectInputStream.java:467)
[2024-11-18T16:56:02.375+0000] {spark_submit.py:634} INFO - at org.apache.spark.serializer.JavaDeserializationStream.readObject(JavaSerializer.scala:87)
[2024-11-18T16:56:02.375+0000] {spark_submit.py:634} INFO - at org.apache.spark.serializer.JavaSerializerInstance.deserialize(JavaSerializer.scala:129)
[2024-11-18T16:56:02.375+0000] {spark_submit.py:634} INFO - at org.apache.spark.executor.Executor$TaskRunner.run(Executor.scala:579)
[2024-11-18T16:56:02.375+0000] {spark_submit.py:634} INFO - at java.base/java.util.concurrent.ThreadPoolExecutor.runWorker(ThreadPoolExecutor.java:1136)
[2024-11-18T16:56:02.375+0000] {spark_submit.py:634} INFO - at java.base/java.util.concurrent.ThreadPoolExecutor$Worker.run(ThreadPoolExecutor.java:635)
[2024-11-18T16:56:02.376+0000] {spark_submit.py:634} INFO - at java.base/java.lang.Thread.run(Thread.java:840)
[2024-11-18T16:56:02.376+0000] {spark_submit.py:634} INFO - 
[2024-11-18T16:56:02.376+0000] {spark_submit.py:634} INFO - Driver stacktrace:
[2024-11-18T16:56:02.376+0000] {spark_submit.py:634} INFO - at org.apache.spark.scheduler.DAGScheduler.failJobAndIndependentStages(DAGScheduler.scala:2856)
[2024-11-18T16:56:02.377+0000] {spark_submit.py:634} INFO - at org.apache.spark.scheduler.DAGScheduler.$anonfun$abortStage$2(DAGScheduler.scala:2792)
[2024-11-18T16:56:02.377+0000] {spark_submit.py:634} INFO - at org.apache.spark.scheduler.DAGScheduler.$anonfun$abortStage$2$adapted(DAGScheduler.scala:2791)
[2024-11-18T16:56:02.377+0000] {spark_submit.py:634} INFO - at scala.collection.mutable.ResizableArray.foreach(ResizableArray.scala:62)
[2024-11-18T16:56:02.377+0000] {spark_submit.py:634} INFO - at scala.collection.mutable.ResizableArray.foreach$(ResizableArray.scala:55)
[2024-11-18T16:56:02.378+0000] {spark_submit.py:634} INFO - at scala.collection.mutable.ArrayBuffer.foreach(ArrayBuffer.scala:49)
[2024-11-18T16:56:02.378+0000] {spark_submit.py:634} INFO - at org.apache.spark.scheduler.DAGScheduler.abortStage(DAGScheduler.scala:2791)
[2024-11-18T16:56:02.378+0000] {spark_submit.py:634} INFO - at org.apache.spark.scheduler.DAGScheduler.$anonfun$handleTaskSetFailed$1(DAGScheduler.scala:1247)
[2024-11-18T16:56:02.378+0000] {spark_submit.py:634} INFO - at org.apache.spark.scheduler.DAGScheduler.$anonfun$handleTaskSetFailed$1$adapted(DAGScheduler.scala:1247)
[2024-11-18T16:56:02.378+0000] {spark_submit.py:634} INFO - at scala.Option.foreach(Option.scala:407)
[2024-11-18T16:56:02.379+0000] {spark_submit.py:634} INFO - at org.apache.spark.scheduler.DAGScheduler.handleTaskSetFailed(DAGScheduler.scala:1247)
[2024-11-18T16:56:02.379+0000] {spark_submit.py:634} INFO - at org.apache.spark.scheduler.DAGSchedulerEventProcessLoop.doOnReceive(DAGScheduler.scala:3060)
[2024-11-18T16:56:02.379+0000] {spark_submit.py:634} INFO - at org.apache.spark.scheduler.DAGSchedulerEventProcessLoop.onReceive(DAGScheduler.scala:2994)
[2024-11-18T16:56:02.379+0000] {spark_submit.py:634} INFO - at org.apache.spark.scheduler.DAGSchedulerEventProcessLoop.onReceive(DAGScheduler.scala:2983)
[2024-11-18T16:56:02.379+0000] {spark_submit.py:634} INFO - at org.apache.spark.util.EventLoop$$anon$1.run(EventLoop.scala:49)
[2024-11-18T16:56:02.379+0000] {spark_submit.py:634} INFO - at org.apache.spark.scheduler.DAGScheduler.runJob(DAGScheduler.scala:989)
[2024-11-18T16:56:02.380+0000] {spark_submit.py:634} INFO - at org.apache.spark.SparkContext.runJob(SparkContext.scala:2393)
[2024-11-18T16:56:02.380+0000] {spark_submit.py:634} INFO - at org.apache.spark.SparkContext.runJob(SparkContext.scala:2414)
[2024-11-18T16:56:02.380+0000] {spark_submit.py:634} INFO - at org.apache.spark.SparkContext.runJob(SparkContext.scala:2433)
[2024-11-18T16:56:02.381+0000] {spark_submit.py:634} INFO - at org.apache.spark.sql.execution.SparkPlan.executeTake(SparkPlan.scala:530)
[2024-11-18T16:56:02.381+0000] {spark_submit.py:634} INFO - at org.apache.spark.sql.execution.SparkPlan.executeTake(SparkPlan.scala:483)
[2024-11-18T16:56:02.381+0000] {spark_submit.py:634} INFO - at org.apache.spark.sql.execution.CollectLimitExec.executeCollect(limit.scala:61)
[2024-11-18T16:56:02.381+0000] {spark_submit.py:634} INFO - at org.apache.spark.sql.Dataset.collectFromPlan(Dataset.scala:4333)
[2024-11-18T16:56:02.382+0000] {spark_submit.py:634} INFO - at org.apache.spark.sql.Dataset.$anonfun$head$1(Dataset.scala:3316)
[2024-11-18T16:56:02.382+0000] {spark_submit.py:634} INFO - at org.apache.spark.sql.Dataset.$anonfun$withAction$2(Dataset.scala:4323)
[2024-11-18T16:56:02.382+0000] {spark_submit.py:634} INFO - at org.apache.spark.sql.execution.QueryExecution$.withInternalError(QueryExecution.scala:546)
[2024-11-18T16:56:02.383+0000] {spark_submit.py:634} INFO - at org.apache.spark.sql.Dataset.$anonfun$withAction$1(Dataset.scala:4321)
[2024-11-18T16:56:02.383+0000] {spark_submit.py:634} INFO - at org.apache.spark.sql.execution.SQLExecution$.$anonfun$withNewExecutionId$6(SQLExecution.scala:125)
[2024-11-18T16:56:02.383+0000] {spark_submit.py:634} INFO - at org.apache.spark.sql.execution.SQLExecution$.withSQLConfPropagated(SQLExecution.scala:201)
[2024-11-18T16:56:02.383+0000] {spark_submit.py:634} INFO - at org.apache.spark.sql.execution.SQLExecution$.$anonfun$withNewExecutionId$1(SQLExecution.scala:108)
[2024-11-18T16:56:02.383+0000] {spark_submit.py:634} INFO - at org.apache.spark.sql.SparkSession.withActive(SparkSession.scala:900)
[2024-11-18T16:56:02.384+0000] {spark_submit.py:634} INFO - at org.apache.spark.sql.execution.SQLExecution$.withNewExecutionId(SQLExecution.scala:66)
[2024-11-18T16:56:02.384+0000] {spark_submit.py:634} INFO - at org.apache.spark.sql.Dataset.withAction(Dataset.scala:4321)
[2024-11-18T16:56:02.384+0000] {spark_submit.py:634} INFO - at org.apache.spark.sql.Dataset.head(Dataset.scala:3316)
[2024-11-18T16:56:02.384+0000] {spark_submit.py:634} INFO - at org.apache.spark.sql.Dataset.take(Dataset.scala:3539)
[2024-11-18T16:56:02.385+0000] {spark_submit.py:634} INFO - at org.apache.spark.sql.Dataset.getRows(Dataset.scala:280)
[2024-11-18T16:56:02.385+0000] {spark_submit.py:634} INFO - at org.apache.spark.sql.Dataset.showString(Dataset.scala:315)
[2024-11-18T16:56:02.385+0000] {spark_submit.py:634} INFO - at java.base/jdk.internal.reflect.NativeMethodAccessorImpl.invoke0(Native Method)
[2024-11-18T16:56:02.385+0000] {spark_submit.py:634} INFO - at java.base/jdk.internal.reflect.NativeMethodAccessorImpl.invoke(NativeMethodAccessorImpl.java:77)
[2024-11-18T16:56:02.385+0000] {spark_submit.py:634} INFO - at java.base/jdk.internal.reflect.DelegatingMethodAccessorImpl.invoke(DelegatingMethodAccessorImpl.java:43)
[2024-11-18T16:56:02.385+0000] {spark_submit.py:634} INFO - at java.base/java.lang.reflect.Method.invoke(Method.java:569)
[2024-11-18T16:56:02.386+0000] {spark_submit.py:634} INFO - at py4j.reflection.MethodInvoker.invoke(MethodInvoker.java:244)
[2024-11-18T16:56:02.386+0000] {spark_submit.py:634} INFO - at py4j.reflection.ReflectionEngine.invoke(ReflectionEngine.java:374)
[2024-11-18T16:56:02.386+0000] {spark_submit.py:634} INFO - at py4j.Gateway.invoke(Gateway.java:282)
[2024-11-18T16:56:02.386+0000] {spark_submit.py:634} INFO - at py4j.commands.AbstractCommand.invokeMethod(AbstractCommand.java:132)
[2024-11-18T16:56:02.386+0000] {spark_submit.py:634} INFO - at py4j.commands.CallCommand.execute(CallCommand.java:79)
[2024-11-18T16:56:02.386+0000] {spark_submit.py:634} INFO - at py4j.ClientServerConnection.waitForCommands(ClientServerConnection.java:182)
[2024-11-18T16:56:02.387+0000] {spark_submit.py:634} INFO - at py4j.ClientServerConnection.run(ClientServerConnection.java:106)
[2024-11-18T16:56:02.387+0000] {spark_submit.py:634} INFO - at java.base/java.lang.Thread.run(Thread.java:840)
[2024-11-18T16:56:02.387+0000] {spark_submit.py:634} INFO - Caused by: java.io.InvalidClassException: org.apache.spark.scheduler.Task; local class incompatible: stream classdesc serialVersionUID = -6188971942555435033, local class serialVersionUID = 553100815431272095
[2024-11-18T16:56:02.387+0000] {spark_submit.py:634} INFO - at java.base/java.io.ObjectStreamClass.initNonProxy(ObjectStreamClass.java:597)
[2024-11-18T16:56:02.387+0000] {spark_submit.py:634} INFO - at java.base/java.io.ObjectInputStream.readNonProxyDesc(ObjectInputStream.java:2051)
[2024-11-18T16:56:02.388+0000] {spark_submit.py:634} INFO - at java.base/java.io.ObjectInputStream.readClassDesc(ObjectInputStream.java:1898)
[2024-11-18T16:56:02.388+0000] {spark_submit.py:634} INFO - at java.base/java.io.ObjectInputStream.readNonProxyDesc(ObjectInputStream.java:2051)
[2024-11-18T16:56:02.388+0000] {spark_submit.py:634} INFO - at java.base/java.io.ObjectInputStream.readClassDesc(ObjectInputStream.java:1898)
[2024-11-18T16:56:02.388+0000] {spark_submit.py:634} INFO - at java.base/java.io.ObjectInputStream.readOrdinaryObject(ObjectInputStream.java:2224)
[2024-11-18T16:56:02.389+0000] {spark_submit.py:634} INFO - at java.base/java.io.ObjectInputStream.readObject0(ObjectInputStream.java:1733)
[2024-11-18T16:56:02.389+0000] {spark_submit.py:634} INFO - at java.base/java.io.ObjectInputStream.readObject(ObjectInputStream.java:509)
[2024-11-18T16:56:02.389+0000] {spark_submit.py:634} INFO - at java.base/java.io.ObjectInputStream.readObject(ObjectInputStream.java:467)
[2024-11-18T16:56:02.390+0000] {spark_submit.py:634} INFO - at org.apache.spark.serializer.JavaDeserializationStream.readObject(JavaSerializer.scala:87)
[2024-11-18T16:56:02.390+0000] {spark_submit.py:634} INFO - at org.apache.spark.serializer.JavaSerializerInstance.deserialize(JavaSerializer.scala:129)
[2024-11-18T16:56:02.390+0000] {spark_submit.py:634} INFO - at org.apache.spark.executor.Executor$TaskRunner.run(Executor.scala:579)
[2024-11-18T16:56:02.390+0000] {spark_submit.py:634} INFO - at java.base/java.util.concurrent.ThreadPoolExecutor.runWorker(ThreadPoolExecutor.java:1136)
[2024-11-18T16:56:02.390+0000] {spark_submit.py:634} INFO - at java.base/java.util.concurrent.ThreadPoolExecutor$Worker.run(ThreadPoolExecutor.java:635)
[2024-11-18T16:56:02.391+0000] {spark_submit.py:634} INFO - ... 1 more
[2024-11-18T16:56:02.391+0000] {spark_submit.py:634} INFO - 
[2024-11-18T16:56:02.471+0000] {spark_submit.py:634} INFO - 24/11/18 16:56:02 INFO SparkContext: Invoking stop() from shutdown hook
[2024-11-18T16:56:02.472+0000] {spark_submit.py:634} INFO - 24/11/18 16:56:02 INFO SparkContext: SparkContext is stopping with exitCode 0.
[2024-11-18T16:56:02.479+0000] {spark_submit.py:634} INFO - 24/11/18 16:56:02 INFO SparkUI: Stopped Spark web UI at http://faf83eb57c9b:4040
[2024-11-18T16:56:02.481+0000] {spark_submit.py:634} INFO - 24/11/18 16:56:02 INFO StandaloneSchedulerBackend: Shutting down all executors
[2024-11-18T16:56:02.482+0000] {spark_submit.py:634} INFO - 24/11/18 16:56:02 INFO StandaloneSchedulerBackend$StandaloneDriverEndpoint: Asking each executor to shut down
[2024-11-18T16:56:02.501+0000] {spark_submit.py:634} INFO - 24/11/18 16:56:02 INFO MapOutputTrackerMasterEndpoint: MapOutputTrackerMasterEndpoint stopped!
[2024-11-18T16:56:02.534+0000] {spark_submit.py:634} INFO - 24/11/18 16:56:02 INFO MemoryStore: MemoryStore cleared
[2024-11-18T16:56:02.536+0000] {spark_submit.py:634} INFO - 24/11/18 16:56:02 INFO BlockManager: BlockManager stopped
[2024-11-18T16:56:02.543+0000] {spark_submit.py:634} INFO - 24/11/18 16:56:02 INFO BlockManagerMaster: BlockManagerMaster stopped
[2024-11-18T16:56:02.545+0000] {spark_submit.py:634} INFO - 24/11/18 16:56:02 INFO OutputCommitCoordinator$OutputCommitCoordinatorEndpoint: OutputCommitCoordinator stopped!
[2024-11-18T16:56:02.560+0000] {spark_submit.py:634} INFO - 24/11/18 16:56:02 INFO SparkContext: Successfully stopped SparkContext
[2024-11-18T16:56:02.561+0000] {spark_submit.py:634} INFO - 24/11/18 16:56:02 INFO ShutdownHookManager: Shutdown hook called
[2024-11-18T16:56:02.562+0000] {spark_submit.py:634} INFO - 24/11/18 16:56:02 INFO ShutdownHookManager: Deleting directory /tmp/spark-c14d0bee-5f53-4cf2-a62e-1c0613679461
[2024-11-18T16:56:02.567+0000] {spark_submit.py:634} INFO - 24/11/18 16:56:02 INFO ShutdownHookManager: Deleting directory /tmp/spark-1c429892-51c7-4fe9-b9ea-a45863c2e9ab
[2024-11-18T16:56:02.573+0000] {spark_submit.py:634} INFO - 24/11/18 16:56:02 INFO ShutdownHookManager: Deleting directory /tmp/spark-1c429892-51c7-4fe9-b9ea-a45863c2e9ab/pyspark-eb5845db-4e9c-458b-83de-274a8be3a94d
[2024-11-18T16:56:02.603+0000] {taskinstance.py:441} INFO - ::group::Post task execution logs
[2024-11-18T16:56:02.611+0000] {taskinstance.py:2905} ERROR - Task failed with exception
Traceback (most recent call last):
  File "/home/airflow/.local/lib/python3.11/site-packages/airflow/models/taskinstance.py", line 465, in _execute_task
    result = _execute_callable(context=context, **execute_callable_kwargs)
             ^^^^^^^^^^^^^^^^^^^^^^^^^^^^^^^^^^^^^^^^^^^^^^^^^^^^^^^^^^^^^
  File "/home/airflow/.local/lib/python3.11/site-packages/airflow/models/taskinstance.py", line 432, in _execute_callable
    return execute_callable(context=context, **execute_callable_kwargs)
           ^^^^^^^^^^^^^^^^^^^^^^^^^^^^^^^^^^^^^^^^^^^^^^^^^^^^^^^^^^^^
  File "/home/airflow/.local/lib/python3.11/site-packages/airflow/models/baseoperator.py", line 401, in wrapper
    return func(self, *args, **kwargs)
           ^^^^^^^^^^^^^^^^^^^^^^^^^^^
  File "/home/airflow/.local/lib/python3.11/site-packages/airflow/providers/apache/spark/operators/spark_submit.py", line 176, in execute
    self._hook.submit(self.application)
  File "/home/airflow/.local/lib/python3.11/site-packages/airflow/providers/apache/spark/hooks/spark_submit.py", line 560, in submit
    raise AirflowException(
airflow.exceptions.AirflowException: Cannot execute: spark-submit --master spark://spark:7077 --name arrow-spark --deploy-mode client /opt/***/dags/spark_job.py. Error code is: 1.
[2024-11-18T16:56:02.616+0000] {taskinstance.py:1206} INFO - Marking task as FAILED. dag_id=spark_dag, task_id=spark_task, run_id=manual__2024-11-18T16:50:38.275778+00:00, execution_date=20241118T165038, start_date=20241118T165551, end_date=20241118T165602
[2024-11-18T16:56:02.627+0000] {standard_task_runner.py:110} ERROR - Failed to execute job 760 for task spark_task (Cannot execute: spark-submit --master spark://spark:7077 --name arrow-spark --deploy-mode client /opt/***/dags/spark_job.py. Error code is: 1.; 2972)
[2024-11-18T16:56:02.644+0000] {local_task_job_runner.py:243} INFO - Task exited with return code 1
[2024-11-18T16:56:02.659+0000] {taskinstance.py:3503} INFO - 0 downstream tasks scheduled from follow-on schedule check
[2024-11-18T16:56:02.661+0000] {local_task_job_runner.py:222} INFO - ::endgroup::
