[2024-11-18T20:35:46.311+0000] {local_task_job_runner.py:120} INFO - ::group::Pre task execution logs
[2024-11-18T20:35:46.358+0000] {taskinstance.py:2076} INFO - Dependencies all met for dep_context=non-requeueable deps ti=<TaskInstance: spark_job.spark_task manual__2024-11-18T20:35:43.625756+00:00 [queued]>
[2024-11-18T20:35:46.389+0000] {taskinstance.py:2076} INFO - Dependencies all met for dep_context=requeueable deps ti=<TaskInstance: spark_job.spark_task manual__2024-11-18T20:35:43.625756+00:00 [queued]>
[2024-11-18T20:35:46.395+0000] {taskinstance.py:2306} INFO - Starting attempt 1 of 2
[2024-11-18T20:35:46.415+0000] {taskinstance.py:2330} INFO - Executing <Task(SparkSubmitOperator): spark_task> on 2024-11-18 20:35:43.625756+00:00
[2024-11-18T20:35:46.428+0000] {standard_task_runner.py:64} INFO - Started process 3130 to run task
[2024-11-18T20:35:46.436+0000] {standard_task_runner.py:90} INFO - Running: ['***', 'tasks', 'run', 'spark_job', 'spark_task', 'manual__2024-11-18T20:35:43.625756+00:00', '--job-id', '19', '--raw', '--subdir', 'DAGS_FOLDER/spark_dag.py', '--cfg-path', '/tmp/tmp1bm378mg']
[2024-11-18T20:35:46.439+0000] {standard_task_runner.py:91} INFO - Job 19: Subtask spark_task
[2024-11-18T20:35:46.544+0000] {task_command.py:426} INFO - Running <TaskInstance: spark_job.spark_task manual__2024-11-18T20:35:43.625756+00:00 [running]> on host 303af52bf48c
[2024-11-18T20:35:46.759+0000] {taskinstance.py:2648} INFO - Exporting env vars: AIRFLOW_CTX_DAG_OWNER='***' AIRFLOW_CTX_DAG_ID='spark_job' AIRFLOW_CTX_TASK_ID='spark_task' AIRFLOW_CTX_EXECUTION_DATE='2024-11-18T20:35:43.625756+00:00' AIRFLOW_CTX_TRY_NUMBER='1' AIRFLOW_CTX_DAG_RUN_ID='manual__2024-11-18T20:35:43.625756+00:00'
[2024-11-18T20:35:46.761+0000] {taskinstance.py:430} INFO - ::endgroup::
[2024-11-18T20:35:46.773+0000] {base.py:84} INFO - Using connection ID 'spark_default' for task execution.
[2024-11-18T20:35:46.777+0000] {spark_submit.py:403} INFO - Spark-Submit cmd: spark-submit --master spark://spark:7077 --name arrow-spark --deploy-mode client /opt/***/dags/spark_job.py
[2024-11-18T20:35:57.559+0000] {spark_submit.py:579} INFO - 24/11/18 20:35:57 INFO SparkContext: Running Spark version 3.5.1
[2024-11-18T20:35:57.564+0000] {spark_submit.py:579} INFO - 24/11/18 20:35:57 INFO SparkContext: OS info Linux, 5.15.153.1-microsoft-standard-WSL2, amd64
[2024-11-18T20:35:57.569+0000] {spark_submit.py:579} INFO - 24/11/18 20:35:57 INFO SparkContext: Java version 17.0.12
[2024-11-18T20:35:57.701+0000] {spark_submit.py:579} INFO - 24/11/18 20:35:57 WARN NativeCodeLoader: Unable to load native-hadoop library for your platform... using builtin-java classes where applicable
[2024-11-18T20:35:57.891+0000] {spark_submit.py:579} INFO - 24/11/18 20:35:57 INFO ResourceUtils: ==============================================================
[2024-11-18T20:35:57.893+0000] {spark_submit.py:579} INFO - 24/11/18 20:35:57 INFO ResourceUtils: No custom resources configured for spark.driver.
[2024-11-18T20:35:57.896+0000] {spark_submit.py:579} INFO - 24/11/18 20:35:57 INFO ResourceUtils: ==============================================================
[2024-11-18T20:35:57.901+0000] {spark_submit.py:579} INFO - 24/11/18 20:35:57 INFO SparkContext: Submitted application: Airflow Spark Job
[2024-11-18T20:35:57.947+0000] {spark_submit.py:579} INFO - 24/11/18 20:35:57 INFO ResourceProfile: Default ResourceProfile created, executor resources: Map(memory -> name: memory, amount: 1024, script: , vendor: , offHeap -> name: offHeap, amount: 0, script: , vendor: ), task resources: Map(cpus -> name: cpus, amount: 1.0)
[2024-11-18T20:35:57.960+0000] {spark_submit.py:579} INFO - 24/11/18 20:35:57 INFO ResourceProfile: Limiting resource is cpu
[2024-11-18T20:35:57.963+0000] {spark_submit.py:579} INFO - 24/11/18 20:35:57 INFO ResourceProfileManager: Added ResourceProfile id: 0
[2024-11-18T20:35:58.048+0000] {spark_submit.py:579} INFO - 24/11/18 20:35:58 INFO SecurityManager: Changing view acls to: ***
[2024-11-18T20:35:58.053+0000] {spark_submit.py:579} INFO - 24/11/18 20:35:58 INFO SecurityManager: Changing modify acls to: ***
[2024-11-18T20:35:58.057+0000] {spark_submit.py:579} INFO - 24/11/18 20:35:58 INFO SecurityManager: Changing view acls groups to:
[2024-11-18T20:35:58.058+0000] {spark_submit.py:579} INFO - 24/11/18 20:35:58 INFO SecurityManager: Changing modify acls groups to:
[2024-11-18T20:35:58.060+0000] {spark_submit.py:579} INFO - 24/11/18 20:35:58 INFO SecurityManager: SecurityManager: authentication disabled; ui acls disabled; users with view permissions: ***; groups with view permissions: EMPTY; users with modify permissions: ***; groups with modify permissions: EMPTY
[2024-11-18T20:35:58.617+0000] {spark_submit.py:579} INFO - 24/11/18 20:35:58 INFO Utils: Successfully started service 'sparkDriver' on port 41577.
[2024-11-18T20:35:58.771+0000] {spark_submit.py:579} INFO - 24/11/18 20:35:58 INFO SparkEnv: Registering MapOutputTracker
[2024-11-18T20:35:58.883+0000] {spark_submit.py:579} INFO - 24/11/18 20:35:58 INFO SparkEnv: Registering BlockManagerMaster
[2024-11-18T20:35:58.916+0000] {spark_submit.py:579} INFO - 24/11/18 20:35:58 INFO BlockManagerMasterEndpoint: Using org.apache.spark.storage.DefaultTopologyMapper for getting topology information
[2024-11-18T20:35:58.918+0000] {spark_submit.py:579} INFO - 24/11/18 20:35:58 INFO BlockManagerMasterEndpoint: BlockManagerMasterEndpoint up
[2024-11-18T20:35:58.929+0000] {spark_submit.py:579} INFO - 24/11/18 20:35:58 INFO SparkEnv: Registering BlockManagerMasterHeartbeat
[2024-11-18T20:35:58.965+0000] {spark_submit.py:579} INFO - 24/11/18 20:35:58 INFO DiskBlockManager: Created local directory at /tmp/blockmgr-2d6f3ca4-35e3-4184-98ad-c6a859b2c1c3
[2024-11-18T20:35:58.998+0000] {spark_submit.py:579} INFO - 24/11/18 20:35:58 INFO MemoryStore: MemoryStore started with capacity 434.4 MiB
[2024-11-18T20:35:59.053+0000] {spark_submit.py:579} INFO - 24/11/18 20:35:59 INFO SparkEnv: Registering OutputCommitCoordinator
[2024-11-18T20:35:59.448+0000] {spark_submit.py:579} INFO - 24/11/18 20:35:59 INFO JettyUtils: Start Jetty 0.0.0.0:4040 for SparkUI
[2024-11-18T20:35:59.634+0000] {spark_submit.py:579} INFO - 24/11/18 20:35:59 WARN Utils: Service 'SparkUI' could not bind on port 4040. Attempting port 4041.
[2024-11-18T20:35:59.637+0000] {spark_submit.py:579} INFO - 24/11/18 20:35:59 WARN Utils: Service 'SparkUI' could not bind on port 4041. Attempting port 4042.
[2024-11-18T20:35:59.673+0000] {spark_submit.py:579} INFO - 24/11/18 20:35:59 INFO Utils: Successfully started service 'SparkUI' on port 4042.
[2024-11-18T20:36:00.135+0000] {spark_submit.py:579} INFO - 24/11/18 20:36:00 INFO StandaloneAppClient$ClientEndpoint: Connecting to master spark://spark:7077...
[2024-11-18T20:36:00.306+0000] {spark_submit.py:579} INFO - 24/11/18 20:36:00 INFO TransportClientFactory: Successfully created connection to spark/172.18.0.4:7077 after 87 ms (0 ms spent in bootstraps)
[2024-11-18T20:36:00.546+0000] {spark_submit.py:579} INFO - 24/11/18 20:36:00 INFO StandaloneSchedulerBackend: Connected to Spark cluster with app ID app-20241118203600-0016
[2024-11-18T20:36:00.591+0000] {spark_submit.py:579} INFO - 24/11/18 20:36:00 INFO Utils: Successfully started service 'org.apache.spark.network.netty.NettyBlockTransferService' on port 39913.
[2024-11-18T20:36:00.594+0000] {spark_submit.py:579} INFO - 24/11/18 20:36:00 INFO NettyBlockTransferService: Server created on 303af52bf48c:39913
[2024-11-18T20:36:00.595+0000] {spark_submit.py:579} INFO - 24/11/18 20:36:00 INFO BlockManager: Using org.apache.spark.storage.RandomBlockReplicationPolicy for block replication policy
[2024-11-18T20:36:00.599+0000] {spark_submit.py:579} INFO - 24/11/18 20:36:00 INFO BlockManagerMaster: Registering BlockManager BlockManagerId(driver, 303af52bf48c, 39913, None)
[2024-11-18T20:36:00.606+0000] {spark_submit.py:579} INFO - 24/11/18 20:36:00 INFO BlockManagerMasterEndpoint: Registering block manager 303af52bf48c:39913 with 434.4 MiB RAM, BlockManagerId(driver, 303af52bf48c, 39913, None)
[2024-11-18T20:36:00.628+0000] {spark_submit.py:579} INFO - 24/11/18 20:36:00 INFO BlockManagerMaster: Registered BlockManager BlockManagerId(driver, 303af52bf48c, 39913, None)
[2024-11-18T20:36:00.631+0000] {spark_submit.py:579} INFO - 24/11/18 20:36:00 INFO BlockManager: Initialized BlockManager: BlockManagerId(driver, 303af52bf48c, 39913, None)
[2024-11-18T20:36:01.093+0000] {spark_submit.py:579} INFO - 24/11/18 20:36:01 INFO StandaloneSchedulerBackend: SchedulerBackend is ready for scheduling beginning after reached minRegisteredResourcesRatio: 0.0
[2024-11-18T20:36:02.812+0000] {spark_submit.py:579} INFO - 24/11/18 20:36:02 INFO SharedState: Setting hive.metastore.warehouse.dir ('null') to the value of spark.sql.warehouse.dir.
[2024-11-18T20:36:02.845+0000] {spark_submit.py:579} INFO - 24/11/18 20:36:02 INFO SharedState: Warehouse path is 'file:/app/spark-warehouse'.
[2024-11-18T20:36:09.995+0000] {spark_submit.py:579} INFO - 24/11/18 20:36:09 INFO CodeGenerator: Code generated in 435.148423 ms
[2024-11-18T20:36:10.105+0000] {spark_submit.py:579} INFO - 24/11/18 20:36:10 INFO SparkContext: Starting job: showString at NativeMethodAccessorImpl.java:0
[2024-11-18T20:36:10.143+0000] {spark_submit.py:579} INFO - 24/11/18 20:36:10 INFO DAGScheduler: Got job 0 (showString at NativeMethodAccessorImpl.java:0) with 1 output partitions
[2024-11-18T20:36:10.149+0000] {spark_submit.py:579} INFO - 24/11/18 20:36:10 INFO DAGScheduler: Final stage: ResultStage 0 (showString at NativeMethodAccessorImpl.java:0)
[2024-11-18T20:36:10.151+0000] {spark_submit.py:579} INFO - 24/11/18 20:36:10 INFO DAGScheduler: Parents of final stage: List()
[2024-11-18T20:36:10.153+0000] {spark_submit.py:579} INFO - 24/11/18 20:36:10 INFO DAGScheduler: Missing parents: List()
[2024-11-18T20:36:10.172+0000] {spark_submit.py:579} INFO - 24/11/18 20:36:10 INFO DAGScheduler: Submitting ResultStage 0 (MapPartitionsRDD[6] at showString at NativeMethodAccessorImpl.java:0), which has no missing parents
[2024-11-18T20:36:10.392+0000] {spark_submit.py:579} INFO - 24/11/18 20:36:10 INFO MemoryStore: Block broadcast_0 stored as values in memory (estimated size 13.1 KiB, free 434.4 MiB)
[2024-11-18T20:36:10.461+0000] {spark_submit.py:579} INFO - 24/11/18 20:36:10 INFO MemoryStore: Block broadcast_0_piece0 stored as bytes in memory (estimated size 6.8 KiB, free 434.4 MiB)
[2024-11-18T20:36:10.468+0000] {spark_submit.py:579} INFO - 24/11/18 20:36:10 INFO BlockManagerInfo: Added broadcast_0_piece0 in memory on 303af52bf48c:39913 (size: 6.8 KiB, free: 434.4 MiB)
[2024-11-18T20:36:10.479+0000] {spark_submit.py:579} INFO - 24/11/18 20:36:10 INFO SparkContext: Created broadcast 0 from broadcast at DAGScheduler.scala:1585
[2024-11-18T20:36:10.520+0000] {spark_submit.py:579} INFO - 24/11/18 20:36:10 INFO DAGScheduler: Submitting 1 missing tasks from ResultStage 0 (MapPartitionsRDD[6] at showString at NativeMethodAccessorImpl.java:0) (first 15 tasks are for partitions Vector(0))
[2024-11-18T20:36:10.521+0000] {spark_submit.py:579} INFO - 24/11/18 20:36:10 INFO TaskSchedulerImpl: Adding task set 0.0 with 1 tasks resource profile 0
[2024-11-18T20:36:25.542+0000] {spark_submit.py:579} INFO - 24/11/18 20:36:25 WARN TaskSchedulerImpl: Initial job has not accepted any resources; check your cluster UI to ensure that workers are registered and have sufficient resources
[2024-11-18T20:36:28.182+0000] {spark_submit.py:579} INFO - 24/11/18 20:36:28 INFO StandaloneAppClient$ClientEndpoint: Executor added: app-20241118203600-0016/0 on worker-20241118201828-172.18.0.5-32835 (172.18.0.5:32835) with 1 core(s)
[2024-11-18T20:36:28.186+0000] {spark_submit.py:579} INFO - 24/11/18 20:36:28 INFO StandaloneSchedulerBackend: Granted executor ID app-20241118203600-0016/0 on hostPort 172.18.0.5:32835 with 1 core(s), 1024.0 MiB RAM
[2024-11-18T20:36:28.189+0000] {spark_submit.py:579} INFO - 24/11/18 20:36:28 INFO StandaloneAppClient$ClientEndpoint: Executor added: app-20241118203600-0016/1 on worker-20241118201828-172.18.0.6-37135 (172.18.0.6:37135) with 1 core(s)
[2024-11-18T20:36:28.194+0000] {spark_submit.py:579} INFO - 24/11/18 20:36:28 INFO StandaloneSchedulerBackend: Granted executor ID app-20241118203600-0016/1 on hostPort 172.18.0.6:37135 with 1 core(s), 1024.0 MiB RAM
[2024-11-18T20:36:28.365+0000] {spark_submit.py:579} INFO - 24/11/18 20:36:28 INFO StandaloneAppClient$ClientEndpoint: Executor updated: app-20241118203600-0016/0 is now RUNNING
[2024-11-18T20:36:28.367+0000] {spark_submit.py:579} INFO - 24/11/18 20:36:28 INFO StandaloneAppClient$ClientEndpoint: Executor updated: app-20241118203600-0016/1 is now RUNNING
[2024-11-18T20:36:32.089+0000] {spark_submit.py:579} INFO - 24/11/18 20:36:32 INFO StandaloneSchedulerBackend$StandaloneDriverEndpoint: Registered executor NettyRpcEndpointRef(spark-client://Executor) (172.18.0.5:33434) with ID 0,  ResourceProfileId 0
[2024-11-18T20:36:32.152+0000] {spark_submit.py:579} INFO - 24/11/18 20:36:32 INFO StandaloneSchedulerBackend$StandaloneDriverEndpoint: Registered executor NettyRpcEndpointRef(spark-client://Executor) (172.18.0.6:41086) with ID 1,  ResourceProfileId 0
[2024-11-18T20:36:32.242+0000] {spark_submit.py:579} INFO - 24/11/18 20:36:32 INFO BlockManagerMasterEndpoint: Registering block manager 172.18.0.5:40919 with 434.4 MiB RAM, BlockManagerId(0, 172.18.0.5, 40919, None)
[2024-11-18T20:36:32.301+0000] {spark_submit.py:579} INFO - 24/11/18 20:36:32 INFO BlockManagerMasterEndpoint: Registering block manager 172.18.0.6:44877 with 434.4 MiB RAM, BlockManagerId(1, 172.18.0.6, 44877, None)
[2024-11-18T20:36:32.335+0000] {spark_submit.py:579} INFO - 24/11/18 20:36:32 INFO TaskSetManager: Starting task 0.0 in stage 0.0 (TID 0) (172.18.0.5, executor 0, partition 0, PROCESS_LOCAL, 7738 bytes)
[2024-11-18T20:36:32.529+0000] {spark_submit.py:579} INFO - 24/11/18 20:36:32 INFO BlockManagerInfo: Added broadcast_0_piece0 in memory on 172.18.0.5:40919 (size: 6.8 KiB, free: 434.4 MiB)
[2024-11-18T20:36:33.570+0000] {spark_submit.py:579} INFO - 24/11/18 20:36:33 INFO TaskSetManager: Finished task 0.0 in stage 0.0 (TID 0) in 1255 ms on 172.18.0.5 (executor 0) (1/1)
[2024-11-18T20:36:33.572+0000] {spark_submit.py:579} INFO - 24/11/18 20:36:33 INFO TaskSchedulerImpl: Removed TaskSet 0.0, whose tasks have all completed, from pool
[2024-11-18T20:36:33.575+0000] {spark_submit.py:579} INFO - 24/11/18 20:36:33 INFO PythonAccumulatorV2: Connected to AccumulatorServer at host: 127.0.0.1 port: 57247
[2024-11-18T20:36:33.579+0000] {spark_submit.py:579} INFO - 24/11/18 20:36:33 INFO DAGScheduler: ResultStage 0 (showString at NativeMethodAccessorImpl.java:0) finished in 23.387 s
[2024-11-18T20:36:33.581+0000] {spark_submit.py:579} INFO - 24/11/18 20:36:33 INFO DAGScheduler: Job 0 is finished. Cancelling potential speculative or zombie tasks for this job
[2024-11-18T20:36:33.582+0000] {spark_submit.py:579} INFO - 24/11/18 20:36:33 INFO TaskSchedulerImpl: Killing all running tasks in stage 0: Stage finished
[2024-11-18T20:36:33.583+0000] {spark_submit.py:579} INFO - 24/11/18 20:36:33 INFO DAGScheduler: Job 0 finished: showString at NativeMethodAccessorImpl.java:0, took 23.479121 s
[2024-11-18T20:36:33.596+0000] {spark_submit.py:579} INFO - 24/11/18 20:36:33 INFO SparkContext: Starting job: showString at NativeMethodAccessorImpl.java:0
[2024-11-18T20:36:33.597+0000] {spark_submit.py:579} INFO - 24/11/18 20:36:33 INFO DAGScheduler: Got job 1 (showString at NativeMethodAccessorImpl.java:0) with 1 output partitions
[2024-11-18T20:36:33.597+0000] {spark_submit.py:579} INFO - 24/11/18 20:36:33 INFO DAGScheduler: Final stage: ResultStage 1 (showString at NativeMethodAccessorImpl.java:0)
[2024-11-18T20:36:33.598+0000] {spark_submit.py:579} INFO - 24/11/18 20:36:33 INFO DAGScheduler: Parents of final stage: List()
[2024-11-18T20:36:33.598+0000] {spark_submit.py:579} INFO - 24/11/18 20:36:33 INFO DAGScheduler: Missing parents: List()
[2024-11-18T20:36:33.599+0000] {spark_submit.py:579} INFO - 24/11/18 20:36:33 INFO DAGScheduler: Submitting ResultStage 1 (MapPartitionsRDD[6] at showString at NativeMethodAccessorImpl.java:0), which has no missing parents
[2024-11-18T20:36:33.602+0000] {spark_submit.py:579} INFO - 24/11/18 20:36:33 INFO MemoryStore: Block broadcast_1 stored as values in memory (estimated size 13.1 KiB, free 434.4 MiB)
[2024-11-18T20:36:33.610+0000] {spark_submit.py:579} INFO - 24/11/18 20:36:33 INFO MemoryStore: Block broadcast_1_piece0 stored as bytes in memory (estimated size 6.8 KiB, free 434.4 MiB)
[2024-11-18T20:36:33.611+0000] {spark_submit.py:579} INFO - 24/11/18 20:36:33 INFO BlockManagerInfo: Added broadcast_1_piece0 in memory on 303af52bf48c:39913 (size: 6.8 KiB, free: 434.4 MiB)
[2024-11-18T20:36:33.612+0000] {spark_submit.py:579} INFO - 24/11/18 20:36:33 INFO SparkContext: Created broadcast 1 from broadcast at DAGScheduler.scala:1585
[2024-11-18T20:36:33.613+0000] {spark_submit.py:579} INFO - 24/11/18 20:36:33 INFO DAGScheduler: Submitting 1 missing tasks from ResultStage 1 (MapPartitionsRDD[6] at showString at NativeMethodAccessorImpl.java:0) (first 15 tasks are for partitions Vector(1))
[2024-11-18T20:36:33.614+0000] {spark_submit.py:579} INFO - 24/11/18 20:36:33 INFO TaskSchedulerImpl: Adding task set 1.0 with 1 tasks resource profile 0
[2024-11-18T20:36:33.615+0000] {spark_submit.py:579} INFO - 24/11/18 20:36:33 INFO TaskSetManager: Starting task 0.0 in stage 1.0 (TID 1) (172.18.0.6, executor 1, partition 1, PROCESS_LOCAL, 7725 bytes)
[2024-11-18T20:36:33.631+0000] {spark_submit.py:579} INFO - 24/11/18 20:36:33 INFO BlockManagerInfo: Removed broadcast_0_piece0 on 303af52bf48c:39913 in memory (size: 6.8 KiB, free: 434.4 MiB)
[2024-11-18T20:36:33.646+0000] {spark_submit.py:579} INFO - 24/11/18 20:36:33 INFO BlockManagerInfo: Removed broadcast_0_piece0 on 172.18.0.5:40919 in memory (size: 6.8 KiB, free: 434.4 MiB)
[2024-11-18T20:36:33.830+0000] {spark_submit.py:579} INFO - 24/11/18 20:36:33 INFO BlockManagerInfo: Added broadcast_1_piece0 in memory on 172.18.0.6:44877 (size: 6.8 KiB, free: 434.4 MiB)
[2024-11-18T20:36:34.930+0000] {spark_submit.py:579} INFO - 24/11/18 20:36:34 INFO TaskSetManager: Finished task 0.0 in stage 1.0 (TID 1) in 1314 ms on 172.18.0.6 (executor 1) (1/1)
[2024-11-18T20:36:34.931+0000] {spark_submit.py:579} INFO - 24/11/18 20:36:34 INFO TaskSchedulerImpl: Removed TaskSet 1.0, whose tasks have all completed, from pool
[2024-11-18T20:36:34.932+0000] {spark_submit.py:579} INFO - 24/11/18 20:36:34 INFO DAGScheduler: ResultStage 1 (showString at NativeMethodAccessorImpl.java:0) finished in 1.331 s
[2024-11-18T20:36:34.932+0000] {spark_submit.py:579} INFO - 24/11/18 20:36:34 INFO DAGScheduler: Job 1 is finished. Cancelling potential speculative or zombie tasks for this job
[2024-11-18T20:36:34.933+0000] {spark_submit.py:579} INFO - 24/11/18 20:36:34 INFO TaskSchedulerImpl: Killing all running tasks in stage 1: Stage finished
[2024-11-18T20:36:34.934+0000] {spark_submit.py:579} INFO - 24/11/18 20:36:34 INFO DAGScheduler: Job 1 finished: showString at NativeMethodAccessorImpl.java:0, took 1.337084 s
[2024-11-18T20:36:35.401+0000] {spark_submit.py:579} INFO - 24/11/18 20:36:35 INFO BlockManagerInfo: Removed broadcast_1_piece0 on 303af52bf48c:39913 in memory (size: 6.8 KiB, free: 434.4 MiB)
[2024-11-18T20:36:35.410+0000] {spark_submit.py:579} INFO - 24/11/18 20:36:35 INFO BlockManagerInfo: Removed broadcast_1_piece0 on 172.18.0.6:44877 in memory (size: 6.8 KiB, free: 434.4 MiB)
[2024-11-18T20:36:35.591+0000] {spark_submit.py:579} INFO - 24/11/18 20:36:35 INFO CodeGenerator: Code generated in 13.409705 ms
[2024-11-18T20:36:35.600+0000] {spark_submit.py:579} INFO - +-------------+----------------+---------+
[2024-11-18T20:36:35.601+0000] {spark_submit.py:579} INFO - |Name         |Application Type|Use Count|
[2024-11-18T20:36:35.602+0000] {spark_submit.py:579} INFO - +-------------+----------------+---------+
[2024-11-18T20:36:35.602+0000] {spark_submit.py:579} INFO - |Joe Dou      |Social networks |120      |
[2024-11-18T20:36:35.603+0000] {spark_submit.py:579} INFO - |Masha Pupkina|Games           |85       |
[2024-11-18T20:36:35.603+0000] {spark_submit.py:579} INFO - |Alice Smith  |Social networks |90       |
[2024-11-18T20:36:35.603+0000] {spark_submit.py:579} INFO - |Ivan Ivanov  |Productivity    |60       |
[2024-11-18T20:36:35.604+0000] {spark_submit.py:579} INFO - |Donatello    |Games           |110      |
[2024-11-18T20:36:35.604+0000] {spark_submit.py:579} INFO - |Raphael      |Finances        |25       |
[2024-11-18T20:36:35.604+0000] {spark_submit.py:579} INFO - |Splinter     |Shoping         |50       |
[2024-11-18T20:36:35.605+0000] {spark_submit.py:579} INFO - |Mickianjelo  |Sport           |61       |
[2024-11-18T20:36:35.605+0000] {spark_submit.py:579} INFO - +-------------+----------------+---------+
[2024-11-18T20:36:35.605+0000] {spark_submit.py:579} INFO - 
[2024-11-18T20:36:35.905+0000] {spark_submit.py:579} INFO - 24/11/18 20:36:35 INFO CodeGenerator: Code generated in 93.171794 ms
[2024-11-18T20:36:35.953+0000] {spark_submit.py:579} INFO - 24/11/18 20:36:35 INFO DAGScheduler: Registering RDD 8 (showString at NativeMethodAccessorImpl.java:0) as input to shuffle 0
[2024-11-18T20:36:35.956+0000] {spark_submit.py:579} INFO - 24/11/18 20:36:35 INFO DAGScheduler: Got map stage job 2 (showString at NativeMethodAccessorImpl.java:0) with 2 output partitions
[2024-11-18T20:36:35.956+0000] {spark_submit.py:579} INFO - 24/11/18 20:36:35 INFO DAGScheduler: Final stage: ShuffleMapStage 2 (showString at NativeMethodAccessorImpl.java:0)
[2024-11-18T20:36:35.956+0000] {spark_submit.py:579} INFO - 24/11/18 20:36:35 INFO DAGScheduler: Parents of final stage: List()
[2024-11-18T20:36:35.957+0000] {spark_submit.py:579} INFO - 24/11/18 20:36:35 INFO DAGScheduler: Missing parents: List()
[2024-11-18T20:36:35.959+0000] {spark_submit.py:579} INFO - 24/11/18 20:36:35 INFO DAGScheduler: Submitting ShuffleMapStage 2 (MapPartitionsRDD[8] at showString at NativeMethodAccessorImpl.java:0), which has no missing parents
[2024-11-18T20:36:35.971+0000] {spark_submit.py:579} INFO - 24/11/18 20:36:35 INFO MemoryStore: Block broadcast_2 stored as values in memory (estimated size 41.1 KiB, free 434.4 MiB)
[2024-11-18T20:36:35.987+0000] {spark_submit.py:579} INFO - 24/11/18 20:36:35 INFO MemoryStore: Block broadcast_2_piece0 stored as bytes in memory (estimated size 19.2 KiB, free 434.3 MiB)
[2024-11-18T20:36:35.989+0000] {spark_submit.py:579} INFO - 24/11/18 20:36:35 INFO BlockManagerInfo: Added broadcast_2_piece0 in memory on 303af52bf48c:39913 (size: 19.2 KiB, free: 434.4 MiB)
[2024-11-18T20:36:35.997+0000] {spark_submit.py:579} INFO - 24/11/18 20:36:35 INFO SparkContext: Created broadcast 2 from broadcast at DAGScheduler.scala:1585
[2024-11-18T20:36:35.999+0000] {spark_submit.py:579} INFO - 24/11/18 20:36:35 INFO DAGScheduler: Submitting 2 missing tasks from ShuffleMapStage 2 (MapPartitionsRDD[8] at showString at NativeMethodAccessorImpl.java:0) (first 15 tasks are for partitions Vector(0, 1))
[2024-11-18T20:36:36.000+0000] {spark_submit.py:579} INFO - 24/11/18 20:36:35 INFO TaskSchedulerImpl: Adding task set 2.0 with 2 tasks resource profile 0
[2024-11-18T20:36:36.002+0000] {spark_submit.py:579} INFO - 24/11/18 20:36:36 INFO TaskSetManager: Starting task 0.0 in stage 2.0 (TID 2) (172.18.0.5, executor 0, partition 0, PROCESS_LOCAL, 7727 bytes)
[2024-11-18T20:36:36.003+0000] {spark_submit.py:579} INFO - 24/11/18 20:36:36 INFO TaskSetManager: Starting task 1.0 in stage 2.0 (TID 3) (172.18.0.6, executor 1, partition 1, PROCESS_LOCAL, 7714 bytes)
[2024-11-18T20:36:36.030+0000] {spark_submit.py:579} INFO - 24/11/18 20:36:36 INFO BlockManagerInfo: Added broadcast_2_piece0 in memory on 172.18.0.5:40919 (size: 19.2 KiB, free: 434.4 MiB)
[2024-11-18T20:36:36.032+0000] {spark_submit.py:579} INFO - 24/11/18 20:36:36 INFO BlockManagerInfo: Added broadcast_2_piece0 in memory on 172.18.0.6:44877 (size: 19.2 KiB, free: 434.4 MiB)
[2024-11-18T20:36:36.735+0000] {spark_submit.py:579} INFO - 24/11/18 20:36:36 INFO TaskSetManager: Finished task 1.0 in stage 2.0 (TID 3) in 733 ms on 172.18.0.6 (executor 1) (1/2)
[2024-11-18T20:36:36.769+0000] {spark_submit.py:579} INFO - 24/11/18 20:36:36 INFO TaskSetManager: Finished task 0.0 in stage 2.0 (TID 2) in 767 ms on 172.18.0.5 (executor 0) (2/2)
[2024-11-18T20:36:36.770+0000] {spark_submit.py:579} INFO - 24/11/18 20:36:36 INFO TaskSchedulerImpl: Removed TaskSet 2.0, whose tasks have all completed, from pool
[2024-11-18T20:36:36.774+0000] {spark_submit.py:579} INFO - 24/11/18 20:36:36 INFO DAGScheduler: ShuffleMapStage 2 (showString at NativeMethodAccessorImpl.java:0) finished in 0.811 s
[2024-11-18T20:36:36.775+0000] {spark_submit.py:579} INFO - 24/11/18 20:36:36 INFO DAGScheduler: looking for newly runnable stages
[2024-11-18T20:36:36.776+0000] {spark_submit.py:579} INFO - 24/11/18 20:36:36 INFO DAGScheduler: running: Set()
[2024-11-18T20:36:36.777+0000] {spark_submit.py:579} INFO - 24/11/18 20:36:36 INFO DAGScheduler: waiting: Set()
[2024-11-18T20:36:36.782+0000] {spark_submit.py:579} INFO - 24/11/18 20:36:36 INFO DAGScheduler: failed: Set()
[2024-11-18T20:36:36.811+0000] {spark_submit.py:579} INFO - 24/11/18 20:36:36 INFO ShufflePartitionsUtil: For shuffle(0), advisory target size: 67108864, actual target size 1048576, minimum partition size: 1048576
[2024-11-18T20:36:36.831+0000] {spark_submit.py:579} INFO - 24/11/18 20:36:36 INFO HashAggregateExec: spark.sql.codegen.aggregate.map.twolevel.enabled is set to true, but current version of codegened fast hashmap does not support this aggregate.
[2024-11-18T20:36:36.875+0000] {spark_submit.py:579} INFO - 24/11/18 20:36:36 INFO CodeGenerator: Code generated in 33.929881 ms
[2024-11-18T20:36:36.914+0000] {spark_submit.py:579} INFO - 24/11/18 20:36:36 INFO SparkContext: Starting job: showString at NativeMethodAccessorImpl.java:0
[2024-11-18T20:36:36.918+0000] {spark_submit.py:579} INFO - 24/11/18 20:36:36 INFO DAGScheduler: Got job 3 (showString at NativeMethodAccessorImpl.java:0) with 1 output partitions
[2024-11-18T20:36:36.918+0000] {spark_submit.py:579} INFO - 24/11/18 20:36:36 INFO DAGScheduler: Final stage: ResultStage 4 (showString at NativeMethodAccessorImpl.java:0)
[2024-11-18T20:36:36.919+0000] {spark_submit.py:579} INFO - 24/11/18 20:36:36 INFO DAGScheduler: Parents of final stage: List(ShuffleMapStage 3)
[2024-11-18T20:36:36.920+0000] {spark_submit.py:579} INFO - 24/11/18 20:36:36 INFO DAGScheduler: Missing parents: List()
[2024-11-18T20:36:36.920+0000] {spark_submit.py:579} INFO - 24/11/18 20:36:36 INFO DAGScheduler: Submitting ResultStage 4 (MapPartitionsRDD[11] at showString at NativeMethodAccessorImpl.java:0), which has no missing parents
[2024-11-18T20:36:36.936+0000] {spark_submit.py:579} INFO - 24/11/18 20:36:36 INFO MemoryStore: Block broadcast_3 stored as values in memory (estimated size 44.1 KiB, free 434.3 MiB)
[2024-11-18T20:36:36.943+0000] {spark_submit.py:579} INFO - 24/11/18 20:36:36 INFO MemoryStore: Block broadcast_3_piece0 stored as bytes in memory (estimated size 20.8 KiB, free 434.3 MiB)
[2024-11-18T20:36:36.951+0000] {spark_submit.py:579} INFO - 24/11/18 20:36:36 INFO BlockManagerInfo: Added broadcast_3_piece0 in memory on 303af52bf48c:39913 (size: 20.8 KiB, free: 434.4 MiB)
[2024-11-18T20:36:36.956+0000] {spark_submit.py:579} INFO - 24/11/18 20:36:36 INFO BlockManagerInfo: Removed broadcast_2_piece0 on 303af52bf48c:39913 in memory (size: 19.2 KiB, free: 434.4 MiB)
[2024-11-18T20:36:36.960+0000] {spark_submit.py:579} INFO - 24/11/18 20:36:36 INFO BlockManagerInfo: Removed broadcast_2_piece0 on 172.18.0.6:44877 in memory (size: 19.2 KiB, free: 434.4 MiB)
[2024-11-18T20:36:36.961+0000] {spark_submit.py:579} INFO - 24/11/18 20:36:36 INFO BlockManagerInfo: Removed broadcast_2_piece0 on 172.18.0.5:40919 in memory (size: 19.2 KiB, free: 434.4 MiB)
[2024-11-18T20:36:36.971+0000] {spark_submit.py:579} INFO - 24/11/18 20:36:36 INFO SparkContext: Created broadcast 3 from broadcast at DAGScheduler.scala:1585
[2024-11-18T20:36:36.973+0000] {spark_submit.py:579} INFO - 24/11/18 20:36:36 INFO DAGScheduler: Submitting 1 missing tasks from ResultStage 4 (MapPartitionsRDD[11] at showString at NativeMethodAccessorImpl.java:0) (first 15 tasks are for partitions Vector(0))
[2024-11-18T20:36:36.974+0000] {spark_submit.py:579} INFO - 24/11/18 20:36:36 INFO TaskSchedulerImpl: Adding task set 4.0 with 1 tasks resource profile 0
[2024-11-18T20:36:36.986+0000] {spark_submit.py:579} INFO - 24/11/18 20:36:36 INFO TaskSetManager: Starting task 0.0 in stage 4.0 (TID 4) (172.18.0.5, executor 0, partition 0, NODE_LOCAL, 7619 bytes)
[2024-11-18T20:36:37.024+0000] {spark_submit.py:579} INFO - 24/11/18 20:36:37 INFO BlockManagerInfo: Added broadcast_3_piece0 in memory on 172.18.0.5:40919 (size: 20.8 KiB, free: 434.4 MiB)
[2024-11-18T20:36:37.082+0000] {spark_submit.py:579} INFO - 24/11/18 20:36:37 INFO MapOutputTrackerMasterEndpoint: Asked to send map output locations for shuffle 0 to 172.18.0.5:33434
[2024-11-18T20:36:37.254+0000] {spark_submit.py:579} INFO - 24/11/18 20:36:37 INFO TaskSetManager: Finished task 0.0 in stage 4.0 (TID 4) in 276 ms on 172.18.0.5 (executor 0) (1/1)
[2024-11-18T20:36:37.255+0000] {spark_submit.py:579} INFO - 24/11/18 20:36:37 INFO TaskSchedulerImpl: Removed TaskSet 4.0, whose tasks have all completed, from pool
[2024-11-18T20:36:37.256+0000] {spark_submit.py:579} INFO - 24/11/18 20:36:37 INFO DAGScheduler: ResultStage 4 (showString at NativeMethodAccessorImpl.java:0) finished in 0.325 s
[2024-11-18T20:36:37.258+0000] {spark_submit.py:579} INFO - 24/11/18 20:36:37 INFO DAGScheduler: Job 3 is finished. Cancelling potential speculative or zombie tasks for this job
[2024-11-18T20:36:37.259+0000] {spark_submit.py:579} INFO - 24/11/18 20:36:37 INFO TaskSchedulerImpl: Killing all running tasks in stage 4: Stage finished
[2024-11-18T20:36:37.260+0000] {spark_submit.py:579} INFO - 24/11/18 20:36:37 INFO DAGScheduler: Job 3 finished: showString at NativeMethodAccessorImpl.java:0, took 0.342868 s
[2024-11-18T20:36:37.281+0000] {spark_submit.py:579} INFO - 24/11/18 20:36:37 INFO CodeGenerator: Code generated in 8.633855 ms
[2024-11-18T20:36:37.283+0000] {spark_submit.py:579} INFO - +----------------+-------------------+
[2024-11-18T20:36:37.284+0000] {spark_submit.py:579} INFO - |Application Type|Average Usage Count|
[2024-11-18T20:36:37.285+0000] {spark_submit.py:579} INFO - +----------------+-------------------+
[2024-11-18T20:36:37.286+0000] {spark_submit.py:579} INFO - |Social networks |105.0              |
[2024-11-18T20:36:37.286+0000] {spark_submit.py:579} INFO - |Productivity    |60.0               |
[2024-11-18T20:36:37.287+0000] {spark_submit.py:579} INFO - |Games           |97.5               |
[2024-11-18T20:36:37.287+0000] {spark_submit.py:579} INFO - |Shoping         |50.0               |
[2024-11-18T20:36:37.288+0000] {spark_submit.py:579} INFO - |Finances        |25.0               |
[2024-11-18T20:36:37.288+0000] {spark_submit.py:579} INFO - |Sport           |61.0               |
[2024-11-18T20:36:37.288+0000] {spark_submit.py:579} INFO - +----------------+-------------------+
[2024-11-18T20:36:37.288+0000] {spark_submit.py:579} INFO - 
[2024-11-18T20:36:37.289+0000] {spark_submit.py:579} INFO - 24/11/18 20:36:37 INFO SparkContext: SparkContext is stopping with exitCode 0.
[2024-11-18T20:36:37.291+0000] {spark_submit.py:579} INFO - 24/11/18 20:36:37 INFO SparkUI: Stopped Spark web UI at http://303af52bf48c:4042
[2024-11-18T20:36:37.295+0000] {spark_submit.py:579} INFO - 24/11/18 20:36:37 INFO StandaloneSchedulerBackend: Shutting down all executors
[2024-11-18T20:36:37.296+0000] {spark_submit.py:579} INFO - 24/11/18 20:36:37 INFO StandaloneSchedulerBackend$StandaloneDriverEndpoint: Asking each executor to shut down
[2024-11-18T20:36:37.337+0000] {spark_submit.py:579} INFO - 24/11/18 20:36:37 INFO MapOutputTrackerMasterEndpoint: MapOutputTrackerMasterEndpoint stopped!
[2024-11-18T20:36:37.406+0000] {spark_submit.py:579} INFO - 24/11/18 20:36:37 INFO MemoryStore: MemoryStore cleared
[2024-11-18T20:36:37.407+0000] {spark_submit.py:579} INFO - 24/11/18 20:36:37 INFO BlockManager: BlockManager stopped
[2024-11-18T20:36:37.425+0000] {spark_submit.py:579} INFO - 24/11/18 20:36:37 INFO BlockManagerMaster: BlockManagerMaster stopped
[2024-11-18T20:36:37.428+0000] {spark_submit.py:579} INFO - 24/11/18 20:36:37 INFO OutputCommitCoordinator$OutputCommitCoordinatorEndpoint: OutputCommitCoordinator stopped!
[2024-11-18T20:36:37.455+0000] {spark_submit.py:579} INFO - 24/11/18 20:36:37 INFO SparkContext: Successfully stopped SparkContext
[2024-11-18T20:36:38.433+0000] {spark_submit.py:579} INFO - 24/11/18 20:36:38 INFO ShutdownHookManager: Shutdown hook called
[2024-11-18T20:36:38.434+0000] {spark_submit.py:579} INFO - 24/11/18 20:36:38 INFO ShutdownHookManager: Deleting directory /tmp/spark-4ff71274-037f-4588-962d-8f32915fc19d
[2024-11-18T20:36:38.443+0000] {spark_submit.py:579} INFO - 24/11/18 20:36:38 INFO ShutdownHookManager: Deleting directory /tmp/spark-4ff71274-037f-4588-962d-8f32915fc19d/pyspark-f2f63ddf-aad8-4d4f-969a-bca8b37f344f
[2024-11-18T20:36:38.447+0000] {spark_submit.py:579} INFO - 24/11/18 20:36:38 INFO ShutdownHookManager: Deleting directory /tmp/spark-ad9545cf-3202-464d-9174-1d814e3dd11b
[2024-11-18T20:36:38.511+0000] {taskinstance.py:441} INFO - ::group::Post task execution logs
[2024-11-18T20:36:38.521+0000] {taskinstance.py:1206} INFO - Marking task as SUCCESS. dag_id=spark_job, task_id=spark_task, run_id=manual__2024-11-18T20:35:43.625756+00:00, execution_date=20241118T203543, start_date=20241118T203546, end_date=20241118T203638
[2024-11-18T20:36:38.553+0000] {local_task_job_runner.py:243} INFO - Task exited with return code 0
[2024-11-18T20:36:38.570+0000] {taskinstance.py:3503} INFO - 0 downstream tasks scheduled from follow-on schedule check
[2024-11-18T20:36:38.573+0000] {local_task_job_runner.py:222} INFO - ::endgroup::
