[2024-11-18T17:43:20.916+0000] {local_task_job_runner.py:120} INFO - ::group::Pre task execution logs
[2024-11-18T17:43:20.957+0000] {taskinstance.py:2076} INFO - Dependencies all met for dep_context=non-requeueable deps ti=<TaskInstance: spark_dag.spark_task scheduled__2024-05-17T00:00:00+00:00 [queued]>
[2024-11-18T17:43:20.970+0000] {taskinstance.py:2076} INFO - Dependencies all met for dep_context=requeueable deps ti=<TaskInstance: spark_dag.spark_task scheduled__2024-05-17T00:00:00+00:00 [queued]>
[2024-11-18T17:43:20.972+0000] {taskinstance.py:2306} INFO - Starting attempt 1 of 2
[2024-11-18T17:43:21.001+0000] {taskinstance.py:2330} INFO - Executing <Task(SparkSubmitOperator): spark_task> on 2024-05-17 00:00:00+00:00
[2024-11-18T17:43:21.013+0000] {standard_task_runner.py:64} INFO - Started process 2716 to run task
[2024-11-18T17:43:21.024+0000] {standard_task_runner.py:90} INFO - Running: ['***', 'tasks', 'run', 'spark_dag', 'spark_task', 'scheduled__2024-05-17T00:00:00+00:00', '--job-id', '638', '--raw', '--subdir', 'DAGS_FOLDER/spark_dag.py', '--cfg-path', '/tmp/tmp_ksr200i']
[2024-11-18T17:43:21.031+0000] {standard_task_runner.py:91} INFO - Job 638: Subtask spark_task
[2024-11-18T17:43:21.292+0000] {task_command.py:426} INFO - Running <TaskInstance: spark_dag.spark_task scheduled__2024-05-17T00:00:00+00:00 [running]> on host 39153155bde1
[2024-11-18T17:43:21.495+0000] {taskinstance.py:2648} INFO - Exporting env vars: AIRFLOW_CTX_DAG_OWNER='***' AIRFLOW_CTX_DAG_ID='spark_dag' AIRFLOW_CTX_TASK_ID='spark_task' AIRFLOW_CTX_EXECUTION_DATE='2024-05-17T00:00:00+00:00' AIRFLOW_CTX_TRY_NUMBER='1' AIRFLOW_CTX_DAG_RUN_ID='scheduled__2024-05-17T00:00:00+00:00'
[2024-11-18T17:43:21.498+0000] {taskinstance.py:430} INFO - ::endgroup::
[2024-11-18T17:43:21.532+0000] {base.py:84} INFO - Using connection ID 'spark_default' for task execution.
[2024-11-18T17:43:21.536+0000] {spark_submit.py:473} INFO - Spark-Submit cmd: spark-submit --master spark://spark:7077 --name arrow-spark --deploy-mode client /opt/***/dags/spark_job.py
[2024-11-18T17:43:32.083+0000] {spark_submit.py:634} INFO - 24/11/18 17:43:32 INFO SparkContext: Running Spark version 3.5.3
[2024-11-18T17:43:32.097+0000] {spark_submit.py:634} INFO - 24/11/18 17:43:32 INFO SparkContext: OS info Linux, 5.15.153.1-microsoft-standard-WSL2, amd64
[2024-11-18T17:43:32.104+0000] {spark_submit.py:634} INFO - 24/11/18 17:43:32 INFO SparkContext: Java version 17.0.12
[2024-11-18T17:43:32.644+0000] {spark_submit.py:634} INFO - 24/11/18 17:43:32 WARN NativeCodeLoader: Unable to load native-hadoop library for your platform... using builtin-java classes where applicable
[2024-11-18T17:43:33.810+0000] {spark_submit.py:634} INFO - 24/11/18 17:43:33 INFO ResourceUtils: ==============================================================
[2024-11-18T17:43:33.813+0000] {spark_submit.py:634} INFO - 24/11/18 17:43:33 INFO ResourceUtils: No custom resources configured for spark.driver.
[2024-11-18T17:43:33.820+0000] {spark_submit.py:634} INFO - 24/11/18 17:43:33 INFO ResourceUtils: ==============================================================
[2024-11-18T17:43:33.830+0000] {spark_submit.py:634} INFO - 24/11/18 17:43:33 INFO SparkContext: Submitted application: Airflow Spark Job
[2024-11-18T17:43:34.106+0000] {spark_submit.py:634} INFO - 24/11/18 17:43:34 INFO ResourceProfile: Default ResourceProfile created, executor resources: Map(memory -> name: memory, amount: 1024, script: , vendor: , offHeap -> name: offHeap, amount: 0, script: , vendor: ), task resources: Map(cpus -> name: cpus, amount: 1.0)
[2024-11-18T17:43:34.191+0000] {spark_submit.py:634} INFO - 24/11/18 17:43:34 INFO ResourceProfile: Limiting resource is cpu
[2024-11-18T17:43:34.196+0000] {spark_submit.py:634} INFO - 24/11/18 17:43:34 INFO ResourceProfileManager: Added ResourceProfile id: 0
[2024-11-18T17:43:34.811+0000] {spark_submit.py:634} INFO - 24/11/18 17:43:34 INFO SecurityManager: Changing view acls to: ***
[2024-11-18T17:43:34.824+0000] {spark_submit.py:634} INFO - 24/11/18 17:43:34 INFO SecurityManager: Changing modify acls to: ***
[2024-11-18T17:43:34.826+0000] {spark_submit.py:634} INFO - 24/11/18 17:43:34 INFO SecurityManager: Changing view acls groups to:
[2024-11-18T17:43:34.841+0000] {spark_submit.py:634} INFO - 24/11/18 17:43:34 INFO SecurityManager: Changing modify acls groups to:
[2024-11-18T17:43:34.850+0000] {spark_submit.py:634} INFO - 24/11/18 17:43:34 INFO SecurityManager: SecurityManager: authentication disabled; ui acls disabled; users with view permissions: ***; groups with view permissions: EMPTY; users with modify permissions: ***; groups with modify permissions: EMPTY
[2024-11-18T17:43:37.759+0000] {spark_submit.py:634} INFO - 24/11/18 17:43:37 INFO Utils: Successfully started service 'sparkDriver' on port 38033.
[2024-11-18T17:43:38.318+0000] {spark_submit.py:634} INFO - 24/11/18 17:43:38 INFO SparkEnv: Registering MapOutputTracker
[2024-11-18T17:43:38.871+0000] {spark_submit.py:634} INFO - 24/11/18 17:43:38 INFO SparkEnv: Registering BlockManagerMaster
[2024-11-18T17:43:39.201+0000] {spark_submit.py:634} INFO - 24/11/18 17:43:39 INFO BlockManagerMasterEndpoint: Using org.apache.spark.storage.DefaultTopologyMapper for getting topology information
[2024-11-18T17:43:39.206+0000] {spark_submit.py:634} INFO - 24/11/18 17:43:39 INFO BlockManagerMasterEndpoint: BlockManagerMasterEndpoint up
[2024-11-18T17:43:39.336+0000] {spark_submit.py:634} INFO - 24/11/18 17:43:39 INFO SparkEnv: Registering BlockManagerMasterHeartbeat
[2024-11-18T17:43:39.607+0000] {spark_submit.py:634} INFO - 24/11/18 17:43:39 INFO DiskBlockManager: Created local directory at /tmp/blockmgr-e1b7fe85-346e-447c-a36b-6f8a0762a600
[2024-11-18T17:43:39.791+0000] {spark_submit.py:634} INFO - 24/11/18 17:43:39 INFO MemoryStore: MemoryStore started with capacity 434.4 MiB
[2024-11-18T17:43:39.931+0000] {spark_submit.py:634} INFO - 24/11/18 17:43:39 INFO SparkEnv: Registering OutputCommitCoordinator
[2024-11-18T17:43:41.015+0000] {spark_submit.py:634} INFO - 24/11/18 17:43:41 INFO JettyUtils: Start Jetty 0.0.0.0:4040 for SparkUI
[2024-11-18T17:43:41.417+0000] {spark_submit.py:634} INFO - 24/11/18 17:43:41 WARN Utils: Service 'SparkUI' could not bind on port 4040. Attempting port 4041.
[2024-11-18T17:43:41.425+0000] {spark_submit.py:634} INFO - 24/11/18 17:43:41 WARN Utils: Service 'SparkUI' could not bind on port 4041. Attempting port 4042.
[2024-11-18T17:43:41.432+0000] {spark_submit.py:634} INFO - 24/11/18 17:43:41 WARN Utils: Service 'SparkUI' could not bind on port 4042. Attempting port 4043.
[2024-11-18T17:43:41.435+0000] {spark_submit.py:634} INFO - 24/11/18 17:43:41 WARN Utils: Service 'SparkUI' could not bind on port 4043. Attempting port 4044.
[2024-11-18T17:43:41.511+0000] {spark_submit.py:634} INFO - 24/11/18 17:43:41 INFO Utils: Successfully started service 'SparkUI' on port 4044.
[2024-11-18T17:43:41.954+0000] {spark_submit.py:634} INFO - 24/11/18 17:43:41 INFO StandaloneAppClient$ClientEndpoint: Connecting to master spark://spark:7077...
[2024-11-18T17:43:42.233+0000] {spark_submit.py:634} INFO - 24/11/18 17:43:42 INFO TransportClientFactory: Successfully created connection to spark/172.19.0.4:7077 after 127 ms (0 ms spent in bootstraps)
[2024-11-18T17:43:42.928+0000] {spark_submit.py:634} INFO - 24/11/18 17:43:42 INFO StandaloneSchedulerBackend: Connected to Spark cluster with app ID app-20241118174342-0008
[2024-11-18T17:43:42.950+0000] {spark_submit.py:634} INFO - 24/11/18 17:43:42 INFO Utils: Successfully started service 'org.apache.spark.network.netty.NettyBlockTransferService' on port 39735.
[2024-11-18T17:43:42.953+0000] {spark_submit.py:634} INFO - 24/11/18 17:43:42 INFO NettyBlockTransferService: Server created on 39153155bde1:39735
[2024-11-18T17:43:42.971+0000] {spark_submit.py:634} INFO - 24/11/18 17:43:42 INFO BlockManager: Using org.apache.spark.storage.RandomBlockReplicationPolicy for block replication policy
[2024-11-18T17:43:42.982+0000] {spark_submit.py:634} INFO - 24/11/18 17:43:42 INFO BlockManagerMaster: Registering BlockManager BlockManagerId(driver, 39153155bde1, 39735, None)
[2024-11-18T17:43:42.997+0000] {spark_submit.py:634} INFO - 24/11/18 17:43:42 INFO BlockManagerMasterEndpoint: Registering block manager 39153155bde1:39735 with 434.4 MiB RAM, BlockManagerId(driver, 39153155bde1, 39735, None)
[2024-11-18T17:43:43.003+0000] {spark_submit.py:634} INFO - 24/11/18 17:43:43 INFO BlockManagerMaster: Registered BlockManager BlockManagerId(driver, 39153155bde1, 39735, None)
[2024-11-18T17:43:43.006+0000] {spark_submit.py:634} INFO - 24/11/18 17:43:43 INFO BlockManager: Initialized BlockManager: BlockManagerId(driver, 39153155bde1, 39735, None)
[2024-11-18T17:43:44.176+0000] {spark_submit.py:634} INFO - 24/11/18 17:43:44 INFO StandaloneSchedulerBackend: SchedulerBackend is ready for scheduling beginning after reached minRegisteredResourcesRatio: 0.0
