[2024-11-18T20:19:08.932+0000] {processor.py:161} INFO - Started process (PID=88) to work on /home/airflow/.local/lib/python3.11/site-packages/airflow/example_dags/example_setup_teardown.py
[2024-11-18T20:19:08.933+0000] {processor.py:830} INFO - Processing file /home/airflow/.local/lib/python3.11/site-packages/airflow/example_dags/example_setup_teardown.py for tasks to queue
[2024-11-18T20:19:08.935+0000] {logging_mixin.py:188} INFO - [2024-11-18T20:19:08.935+0000] {dagbag.py:545} INFO - Filling up the DagBag from /home/airflow/.local/lib/python3.11/site-packages/airflow/example_dags/example_setup_teardown.py
[2024-11-18T20:19:08.943+0000] {processor.py:840} INFO - DAG(s) 'example_setup_teardown' retrieved from /home/airflow/.local/lib/python3.11/site-packages/airflow/example_dags/example_setup_teardown.py
[2024-11-18T20:19:09.031+0000] {logging_mixin.py:188} INFO - [2024-11-18T20:19:09.030+0000] {override.py:1858} INFO - Created Permission View: can edit on DAG:example_setup_teardown
[2024-11-18T20:19:09.040+0000] {logging_mixin.py:188} INFO - [2024-11-18T20:19:09.040+0000] {override.py:1858} INFO - Created Permission View: can delete on DAG:example_setup_teardown
[2024-11-18T20:19:09.046+0000] {logging_mixin.py:188} INFO - [2024-11-18T20:19:09.046+0000] {override.py:1858} INFO - Created Permission View: can read on DAG:example_setup_teardown
[2024-11-18T20:19:09.047+0000] {logging_mixin.py:188} INFO - [2024-11-18T20:19:09.047+0000] {dag.py:3089} INFO - Sync 1 DAGs
[2024-11-18T20:19:09.057+0000] {logging_mixin.py:188} INFO - [2024-11-18T20:19:09.057+0000] {dag.py:3111} INFO - Creating ORM DAG for example_setup_teardown
[2024-11-18T20:19:09.066+0000] {logging_mixin.py:188} INFO - [2024-11-18T20:19:09.065+0000] {dag.py:3947} INFO - Setting next_dagrun for example_setup_teardown to 2024-11-17 00:00:00+00:00, run_after=2024-11-18 00:00:00+00:00
[2024-11-18T20:19:09.084+0000] {processor.py:183} INFO - Processing /home/airflow/.local/lib/python3.11/site-packages/airflow/example_dags/example_setup_teardown.py took 0.157 seconds
[2024-11-18T20:19:39.534+0000] {processor.py:161} INFO - Started process (PID=146) to work on /home/airflow/.local/lib/python3.11/site-packages/airflow/example_dags/example_setup_teardown.py
[2024-11-18T20:19:39.535+0000] {processor.py:830} INFO - Processing file /home/airflow/.local/lib/python3.11/site-packages/airflow/example_dags/example_setup_teardown.py for tasks to queue
[2024-11-18T20:19:39.536+0000] {logging_mixin.py:188} INFO - [2024-11-18T20:19:39.536+0000] {dagbag.py:545} INFO - Filling up the DagBag from /home/airflow/.local/lib/python3.11/site-packages/airflow/example_dags/example_setup_teardown.py
[2024-11-18T20:19:39.542+0000] {processor.py:840} INFO - DAG(s) 'example_setup_teardown' retrieved from /home/airflow/.local/lib/python3.11/site-packages/airflow/example_dags/example_setup_teardown.py
[2024-11-18T20:19:39.557+0000] {logging_mixin.py:188} INFO - [2024-11-18T20:19:39.557+0000] {dag.py:3089} INFO - Sync 1 DAGs
[2024-11-18T20:19:39.577+0000] {logging_mixin.py:188} INFO - [2024-11-18T20:19:39.576+0000] {dag.py:3947} INFO - Setting next_dagrun for example_setup_teardown to 2024-11-17 00:00:00+00:00, run_after=2024-11-18 00:00:00+00:00
[2024-11-18T20:19:39.592+0000] {processor.py:183} INFO - Processing /home/airflow/.local/lib/python3.11/site-packages/airflow/example_dags/example_setup_teardown.py took 0.063 seconds
[2024-11-18T20:20:10.238+0000] {processor.py:161} INFO - Started process (PID=204) to work on /home/airflow/.local/lib/python3.11/site-packages/airflow/example_dags/example_setup_teardown.py
[2024-11-18T20:20:10.239+0000] {processor.py:830} INFO - Processing file /home/airflow/.local/lib/python3.11/site-packages/airflow/example_dags/example_setup_teardown.py for tasks to queue
[2024-11-18T20:20:10.240+0000] {logging_mixin.py:188} INFO - [2024-11-18T20:20:10.240+0000] {dagbag.py:545} INFO - Filling up the DagBag from /home/airflow/.local/lib/python3.11/site-packages/airflow/example_dags/example_setup_teardown.py
[2024-11-18T20:20:10.246+0000] {processor.py:840} INFO - DAG(s) 'example_setup_teardown' retrieved from /home/airflow/.local/lib/python3.11/site-packages/airflow/example_dags/example_setup_teardown.py
[2024-11-18T20:20:10.263+0000] {logging_mixin.py:188} INFO - [2024-11-18T20:20:10.263+0000] {dag.py:3089} INFO - Sync 1 DAGs
[2024-11-18T20:20:10.284+0000] {logging_mixin.py:188} INFO - [2024-11-18T20:20:10.284+0000] {dag.py:3947} INFO - Setting next_dagrun for example_setup_teardown to 2024-11-17 00:00:00+00:00, run_after=2024-11-18 00:00:00+00:00
[2024-11-18T20:20:10.300+0000] {processor.py:183} INFO - Processing /home/airflow/.local/lib/python3.11/site-packages/airflow/example_dags/example_setup_teardown.py took 0.067 seconds
[2024-11-18T20:20:41.263+0000] {processor.py:161} INFO - Started process (PID=262) to work on /home/airflow/.local/lib/python3.11/site-packages/airflow/example_dags/example_setup_teardown.py
[2024-11-18T20:20:41.265+0000] {processor.py:830} INFO - Processing file /home/airflow/.local/lib/python3.11/site-packages/airflow/example_dags/example_setup_teardown.py for tasks to queue
[2024-11-18T20:20:41.269+0000] {logging_mixin.py:188} INFO - [2024-11-18T20:20:41.268+0000] {dagbag.py:545} INFO - Filling up the DagBag from /home/airflow/.local/lib/python3.11/site-packages/airflow/example_dags/example_setup_teardown.py
[2024-11-18T20:20:41.277+0000] {processor.py:840} INFO - DAG(s) 'example_setup_teardown' retrieved from /home/airflow/.local/lib/python3.11/site-packages/airflow/example_dags/example_setup_teardown.py
[2024-11-18T20:20:41.297+0000] {logging_mixin.py:188} INFO - [2024-11-18T20:20:41.297+0000] {dag.py:3089} INFO - Sync 1 DAGs
[2024-11-18T20:20:41.327+0000] {logging_mixin.py:188} INFO - [2024-11-18T20:20:41.327+0000] {dag.py:3947} INFO - Setting next_dagrun for example_setup_teardown to 2024-11-17 00:00:00+00:00, run_after=2024-11-18 00:00:00+00:00
[2024-11-18T20:20:41.348+0000] {processor.py:183} INFO - Processing /home/airflow/.local/lib/python3.11/site-packages/airflow/example_dags/example_setup_teardown.py took 0.090 seconds
[2024-11-18T20:21:12.086+0000] {processor.py:161} INFO - Started process (PID=321) to work on /home/airflow/.local/lib/python3.11/site-packages/airflow/example_dags/example_setup_teardown.py
[2024-11-18T20:21:12.087+0000] {processor.py:830} INFO - Processing file /home/airflow/.local/lib/python3.11/site-packages/airflow/example_dags/example_setup_teardown.py for tasks to queue
[2024-11-18T20:21:12.089+0000] {logging_mixin.py:188} INFO - [2024-11-18T20:21:12.089+0000] {dagbag.py:545} INFO - Filling up the DagBag from /home/airflow/.local/lib/python3.11/site-packages/airflow/example_dags/example_setup_teardown.py
[2024-11-18T20:21:12.095+0000] {processor.py:840} INFO - DAG(s) 'example_setup_teardown' retrieved from /home/airflow/.local/lib/python3.11/site-packages/airflow/example_dags/example_setup_teardown.py
[2024-11-18T20:21:12.115+0000] {logging_mixin.py:188} INFO - [2024-11-18T20:21:12.115+0000] {dag.py:3089} INFO - Sync 1 DAGs
[2024-11-18T20:21:12.142+0000] {logging_mixin.py:188} INFO - [2024-11-18T20:21:12.142+0000] {dag.py:3947} INFO - Setting next_dagrun for example_setup_teardown to 2024-11-17 00:00:00+00:00, run_after=2024-11-18 00:00:00+00:00
[2024-11-18T20:21:12.162+0000] {processor.py:183} INFO - Processing /home/airflow/.local/lib/python3.11/site-packages/airflow/example_dags/example_setup_teardown.py took 0.082 seconds
[2024-11-18T20:21:42.229+0000] {processor.py:161} INFO - Started process (PID=379) to work on /home/airflow/.local/lib/python3.11/site-packages/airflow/example_dags/example_setup_teardown.py
[2024-11-18T20:21:42.230+0000] {processor.py:830} INFO - Processing file /home/airflow/.local/lib/python3.11/site-packages/airflow/example_dags/example_setup_teardown.py for tasks to queue
[2024-11-18T20:21:42.232+0000] {logging_mixin.py:188} INFO - [2024-11-18T20:21:42.232+0000] {dagbag.py:545} INFO - Filling up the DagBag from /home/airflow/.local/lib/python3.11/site-packages/airflow/example_dags/example_setup_teardown.py
[2024-11-18T20:21:42.238+0000] {processor.py:840} INFO - DAG(s) 'example_setup_teardown' retrieved from /home/airflow/.local/lib/python3.11/site-packages/airflow/example_dags/example_setup_teardown.py
[2024-11-18T20:21:42.256+0000] {logging_mixin.py:188} INFO - [2024-11-18T20:21:42.256+0000] {dag.py:3089} INFO - Sync 1 DAGs
[2024-11-18T20:21:42.274+0000] {logging_mixin.py:188} INFO - [2024-11-18T20:21:42.274+0000] {dag.py:3947} INFO - Setting next_dagrun for example_setup_teardown to 2024-11-17 00:00:00+00:00, run_after=2024-11-18 00:00:00+00:00
[2024-11-18T20:21:42.292+0000] {processor.py:183} INFO - Processing /home/airflow/.local/lib/python3.11/site-packages/airflow/example_dags/example_setup_teardown.py took 0.067 seconds
[2024-11-18T20:22:12.746+0000] {processor.py:161} INFO - Started process (PID=437) to work on /home/airflow/.local/lib/python3.11/site-packages/airflow/example_dags/example_setup_teardown.py
[2024-11-18T20:22:12.747+0000] {processor.py:830} INFO - Processing file /home/airflow/.local/lib/python3.11/site-packages/airflow/example_dags/example_setup_teardown.py for tasks to queue
[2024-11-18T20:22:12.748+0000] {logging_mixin.py:188} INFO - [2024-11-18T20:22:12.748+0000] {dagbag.py:545} INFO - Filling up the DagBag from /home/airflow/.local/lib/python3.11/site-packages/airflow/example_dags/example_setup_teardown.py
[2024-11-18T20:22:12.754+0000] {processor.py:840} INFO - DAG(s) 'example_setup_teardown' retrieved from /home/airflow/.local/lib/python3.11/site-packages/airflow/example_dags/example_setup_teardown.py
[2024-11-18T20:22:12.770+0000] {logging_mixin.py:188} INFO - [2024-11-18T20:22:12.770+0000] {dag.py:3089} INFO - Sync 1 DAGs
[2024-11-18T20:22:12.789+0000] {logging_mixin.py:188} INFO - [2024-11-18T20:22:12.789+0000] {dag.py:3947} INFO - Setting next_dagrun for example_setup_teardown to 2024-11-17 00:00:00+00:00, run_after=2024-11-18 00:00:00+00:00
[2024-11-18T20:22:12.806+0000] {processor.py:183} INFO - Processing /home/airflow/.local/lib/python3.11/site-packages/airflow/example_dags/example_setup_teardown.py took 0.065 seconds
[2024-11-18T20:22:43.443+0000] {processor.py:161} INFO - Started process (PID=496) to work on /home/airflow/.local/lib/python3.11/site-packages/airflow/example_dags/example_setup_teardown.py
[2024-11-18T20:22:43.444+0000] {processor.py:830} INFO - Processing file /home/airflow/.local/lib/python3.11/site-packages/airflow/example_dags/example_setup_teardown.py for tasks to queue
[2024-11-18T20:22:43.445+0000] {logging_mixin.py:188} INFO - [2024-11-18T20:22:43.445+0000] {dagbag.py:545} INFO - Filling up the DagBag from /home/airflow/.local/lib/python3.11/site-packages/airflow/example_dags/example_setup_teardown.py
[2024-11-18T20:22:43.452+0000] {processor.py:840} INFO - DAG(s) 'example_setup_teardown' retrieved from /home/airflow/.local/lib/python3.11/site-packages/airflow/example_dags/example_setup_teardown.py
[2024-11-18T20:22:43.473+0000] {logging_mixin.py:188} INFO - [2024-11-18T20:22:43.473+0000] {dag.py:3089} INFO - Sync 1 DAGs
[2024-11-18T20:22:43.491+0000] {logging_mixin.py:188} INFO - [2024-11-18T20:22:43.491+0000] {dag.py:3947} INFO - Setting next_dagrun for example_setup_teardown to 2024-11-17 00:00:00+00:00, run_after=2024-11-18 00:00:00+00:00
[2024-11-18T20:22:43.514+0000] {processor.py:183} INFO - Processing /home/airflow/.local/lib/python3.11/site-packages/airflow/example_dags/example_setup_teardown.py took 0.077 seconds
[2024-11-18T20:23:13.732+0000] {processor.py:161} INFO - Started process (PID=554) to work on /home/airflow/.local/lib/python3.11/site-packages/airflow/example_dags/example_setup_teardown.py
[2024-11-18T20:23:13.733+0000] {processor.py:830} INFO - Processing file /home/airflow/.local/lib/python3.11/site-packages/airflow/example_dags/example_setup_teardown.py for tasks to queue
[2024-11-18T20:23:13.736+0000] {logging_mixin.py:188} INFO - [2024-11-18T20:23:13.736+0000] {dagbag.py:545} INFO - Filling up the DagBag from /home/airflow/.local/lib/python3.11/site-packages/airflow/example_dags/example_setup_teardown.py
[2024-11-18T20:23:13.748+0000] {processor.py:840} INFO - DAG(s) 'example_setup_teardown' retrieved from /home/airflow/.local/lib/python3.11/site-packages/airflow/example_dags/example_setup_teardown.py
[2024-11-18T20:23:13.777+0000] {logging_mixin.py:188} INFO - [2024-11-18T20:23:13.777+0000] {dag.py:3089} INFO - Sync 1 DAGs
[2024-11-18T20:23:13.800+0000] {logging_mixin.py:188} INFO - [2024-11-18T20:23:13.799+0000] {dag.py:3947} INFO - Setting next_dagrun for example_setup_teardown to 2024-11-17 00:00:00+00:00, run_after=2024-11-18 00:00:00+00:00
[2024-11-18T20:23:13.827+0000] {processor.py:183} INFO - Processing /home/airflow/.local/lib/python3.11/site-packages/airflow/example_dags/example_setup_teardown.py took 0.104 seconds
[2024-11-18T20:23:44.623+0000] {processor.py:161} INFO - Started process (PID=612) to work on /home/airflow/.local/lib/python3.11/site-packages/airflow/example_dags/example_setup_teardown.py
[2024-11-18T20:23:44.624+0000] {processor.py:830} INFO - Processing file /home/airflow/.local/lib/python3.11/site-packages/airflow/example_dags/example_setup_teardown.py for tasks to queue
[2024-11-18T20:23:44.626+0000] {logging_mixin.py:188} INFO - [2024-11-18T20:23:44.625+0000] {dagbag.py:545} INFO - Filling up the DagBag from /home/airflow/.local/lib/python3.11/site-packages/airflow/example_dags/example_setup_teardown.py
[2024-11-18T20:23:44.631+0000] {processor.py:840} INFO - DAG(s) 'example_setup_teardown' retrieved from /home/airflow/.local/lib/python3.11/site-packages/airflow/example_dags/example_setup_teardown.py
[2024-11-18T20:23:44.649+0000] {logging_mixin.py:188} INFO - [2024-11-18T20:23:44.649+0000] {dag.py:3089} INFO - Sync 1 DAGs
[2024-11-18T20:23:44.674+0000] {logging_mixin.py:188} INFO - [2024-11-18T20:23:44.673+0000] {dag.py:3947} INFO - Setting next_dagrun for example_setup_teardown to 2024-11-17 00:00:00+00:00, run_after=2024-11-18 00:00:00+00:00
[2024-11-18T20:23:44.692+0000] {processor.py:183} INFO - Processing /home/airflow/.local/lib/python3.11/site-packages/airflow/example_dags/example_setup_teardown.py took 0.074 seconds
[2024-11-18T20:24:15.259+0000] {processor.py:161} INFO - Started process (PID=672) to work on /home/airflow/.local/lib/python3.11/site-packages/airflow/example_dags/example_setup_teardown.py
[2024-11-18T20:24:15.260+0000] {processor.py:830} INFO - Processing file /home/airflow/.local/lib/python3.11/site-packages/airflow/example_dags/example_setup_teardown.py for tasks to queue
[2024-11-18T20:24:15.262+0000] {logging_mixin.py:188} INFO - [2024-11-18T20:24:15.261+0000] {dagbag.py:545} INFO - Filling up the DagBag from /home/airflow/.local/lib/python3.11/site-packages/airflow/example_dags/example_setup_teardown.py
[2024-11-18T20:24:15.268+0000] {processor.py:840} INFO - DAG(s) 'example_setup_teardown' retrieved from /home/airflow/.local/lib/python3.11/site-packages/airflow/example_dags/example_setup_teardown.py
[2024-11-18T20:24:15.286+0000] {logging_mixin.py:188} INFO - [2024-11-18T20:24:15.286+0000] {dag.py:3089} INFO - Sync 1 DAGs
[2024-11-18T20:24:15.304+0000] {logging_mixin.py:188} INFO - [2024-11-18T20:24:15.304+0000] {dag.py:3947} INFO - Setting next_dagrun for example_setup_teardown to 2024-11-17 00:00:00+00:00, run_after=2024-11-18 00:00:00+00:00
[2024-11-18T20:24:15.323+0000] {processor.py:183} INFO - Processing /home/airflow/.local/lib/python3.11/site-packages/airflow/example_dags/example_setup_teardown.py took 0.068 seconds
[2024-11-18T20:24:45.673+0000] {processor.py:161} INFO - Started process (PID=731) to work on /home/airflow/.local/lib/python3.11/site-packages/airflow/example_dags/example_setup_teardown.py
[2024-11-18T20:24:45.674+0000] {processor.py:830} INFO - Processing file /home/airflow/.local/lib/python3.11/site-packages/airflow/example_dags/example_setup_teardown.py for tasks to queue
[2024-11-18T20:24:45.676+0000] {logging_mixin.py:188} INFO - [2024-11-18T20:24:45.676+0000] {dagbag.py:545} INFO - Filling up the DagBag from /home/airflow/.local/lib/python3.11/site-packages/airflow/example_dags/example_setup_teardown.py
[2024-11-18T20:24:45.682+0000] {processor.py:840} INFO - DAG(s) 'example_setup_teardown' retrieved from /home/airflow/.local/lib/python3.11/site-packages/airflow/example_dags/example_setup_teardown.py
[2024-11-18T20:24:45.699+0000] {logging_mixin.py:188} INFO - [2024-11-18T20:24:45.698+0000] {dag.py:3089} INFO - Sync 1 DAGs
[2024-11-18T20:24:45.719+0000] {logging_mixin.py:188} INFO - [2024-11-18T20:24:45.719+0000] {dag.py:3947} INFO - Setting next_dagrun for example_setup_teardown to 2024-11-17 00:00:00+00:00, run_after=2024-11-18 00:00:00+00:00
[2024-11-18T20:24:45.744+0000] {processor.py:183} INFO - Processing /home/airflow/.local/lib/python3.11/site-packages/airflow/example_dags/example_setup_teardown.py took 0.075 seconds
[2024-11-18T20:25:16.117+0000] {processor.py:161} INFO - Started process (PID=790) to work on /home/airflow/.local/lib/python3.11/site-packages/airflow/example_dags/example_setup_teardown.py
[2024-11-18T20:25:16.118+0000] {processor.py:830} INFO - Processing file /home/airflow/.local/lib/python3.11/site-packages/airflow/example_dags/example_setup_teardown.py for tasks to queue
[2024-11-18T20:25:16.122+0000] {logging_mixin.py:188} INFO - [2024-11-18T20:25:16.122+0000] {dagbag.py:545} INFO - Filling up the DagBag from /home/airflow/.local/lib/python3.11/site-packages/airflow/example_dags/example_setup_teardown.py
[2024-11-18T20:25:16.130+0000] {processor.py:840} INFO - DAG(s) 'example_setup_teardown' retrieved from /home/airflow/.local/lib/python3.11/site-packages/airflow/example_dags/example_setup_teardown.py
[2024-11-18T20:25:16.155+0000] {logging_mixin.py:188} INFO - [2024-11-18T20:25:16.155+0000] {dag.py:3089} INFO - Sync 1 DAGs
[2024-11-18T20:25:16.181+0000] {logging_mixin.py:188} INFO - [2024-11-18T20:25:16.181+0000] {dag.py:3947} INFO - Setting next_dagrun for example_setup_teardown to 2024-11-17 00:00:00+00:00, run_after=2024-11-18 00:00:00+00:00
[2024-11-18T20:25:16.204+0000] {processor.py:183} INFO - Processing /home/airflow/.local/lib/python3.11/site-packages/airflow/example_dags/example_setup_teardown.py took 0.095 seconds
[2024-11-18T20:25:46.873+0000] {processor.py:161} INFO - Started process (PID=849) to work on /home/airflow/.local/lib/python3.11/site-packages/airflow/example_dags/example_setup_teardown.py
[2024-11-18T20:25:46.874+0000] {processor.py:830} INFO - Processing file /home/airflow/.local/lib/python3.11/site-packages/airflow/example_dags/example_setup_teardown.py for tasks to queue
[2024-11-18T20:25:46.875+0000] {logging_mixin.py:188} INFO - [2024-11-18T20:25:46.875+0000] {dagbag.py:545} INFO - Filling up the DagBag from /home/airflow/.local/lib/python3.11/site-packages/airflow/example_dags/example_setup_teardown.py
[2024-11-18T20:25:46.880+0000] {processor.py:840} INFO - DAG(s) 'example_setup_teardown' retrieved from /home/airflow/.local/lib/python3.11/site-packages/airflow/example_dags/example_setup_teardown.py
[2024-11-18T20:25:46.896+0000] {logging_mixin.py:188} INFO - [2024-11-18T20:25:46.896+0000] {dag.py:3089} INFO - Sync 1 DAGs
[2024-11-18T20:25:46.914+0000] {logging_mixin.py:188} INFO - [2024-11-18T20:25:46.913+0000] {dag.py:3947} INFO - Setting next_dagrun for example_setup_teardown to 2024-11-17 00:00:00+00:00, run_after=2024-11-18 00:00:00+00:00
[2024-11-18T20:25:46.933+0000] {processor.py:183} INFO - Processing /home/airflow/.local/lib/python3.11/site-packages/airflow/example_dags/example_setup_teardown.py took 0.065 seconds
[2024-11-18T20:26:17.376+0000] {processor.py:161} INFO - Started process (PID=908) to work on /home/airflow/.local/lib/python3.11/site-packages/airflow/example_dags/example_setup_teardown.py
[2024-11-18T20:26:17.377+0000] {processor.py:830} INFO - Processing file /home/airflow/.local/lib/python3.11/site-packages/airflow/example_dags/example_setup_teardown.py for tasks to queue
[2024-11-18T20:26:17.379+0000] {logging_mixin.py:188} INFO - [2024-11-18T20:26:17.379+0000] {dagbag.py:545} INFO - Filling up the DagBag from /home/airflow/.local/lib/python3.11/site-packages/airflow/example_dags/example_setup_teardown.py
[2024-11-18T20:26:17.384+0000] {processor.py:840} INFO - DAG(s) 'example_setup_teardown' retrieved from /home/airflow/.local/lib/python3.11/site-packages/airflow/example_dags/example_setup_teardown.py
[2024-11-18T20:26:17.403+0000] {logging_mixin.py:188} INFO - [2024-11-18T20:26:17.403+0000] {dag.py:3089} INFO - Sync 1 DAGs
[2024-11-18T20:26:17.423+0000] {logging_mixin.py:188} INFO - [2024-11-18T20:26:17.423+0000] {dag.py:3947} INFO - Setting next_dagrun for example_setup_teardown to 2024-11-17 00:00:00+00:00, run_after=2024-11-18 00:00:00+00:00
[2024-11-18T20:26:17.441+0000] {processor.py:183} INFO - Processing /home/airflow/.local/lib/python3.11/site-packages/airflow/example_dags/example_setup_teardown.py took 0.070 seconds
[2024-11-18T20:26:48.000+0000] {processor.py:161} INFO - Started process (PID=967) to work on /home/airflow/.local/lib/python3.11/site-packages/airflow/example_dags/example_setup_teardown.py
[2024-11-18T20:26:48.001+0000] {processor.py:830} INFO - Processing file /home/airflow/.local/lib/python3.11/site-packages/airflow/example_dags/example_setup_teardown.py for tasks to queue
[2024-11-18T20:26:48.003+0000] {logging_mixin.py:188} INFO - [2024-11-18T20:26:48.002+0000] {dagbag.py:545} INFO - Filling up the DagBag from /home/airflow/.local/lib/python3.11/site-packages/airflow/example_dags/example_setup_teardown.py
[2024-11-18T20:26:48.008+0000] {processor.py:840} INFO - DAG(s) 'example_setup_teardown' retrieved from /home/airflow/.local/lib/python3.11/site-packages/airflow/example_dags/example_setup_teardown.py
[2024-11-18T20:26:48.024+0000] {logging_mixin.py:188} INFO - [2024-11-18T20:26:48.024+0000] {dag.py:3089} INFO - Sync 1 DAGs
[2024-11-18T20:26:48.042+0000] {logging_mixin.py:188} INFO - [2024-11-18T20:26:48.041+0000] {dag.py:3947} INFO - Setting next_dagrun for example_setup_teardown to 2024-11-17 00:00:00+00:00, run_after=2024-11-18 00:00:00+00:00
[2024-11-18T20:26:48.059+0000] {processor.py:183} INFO - Processing /home/airflow/.local/lib/python3.11/site-packages/airflow/example_dags/example_setup_teardown.py took 0.064 seconds
[2024-11-18T20:27:21.178+0000] {processor.py:161} INFO - Started process (PID=1026) to work on /home/airflow/.local/lib/python3.11/site-packages/airflow/example_dags/example_setup_teardown.py
[2024-11-18T20:27:21.180+0000] {processor.py:830} INFO - Processing file /home/airflow/.local/lib/python3.11/site-packages/airflow/example_dags/example_setup_teardown.py for tasks to queue
[2024-11-18T20:27:21.189+0000] {logging_mixin.py:188} INFO - [2024-11-18T20:27:21.188+0000] {dagbag.py:545} INFO - Filling up the DagBag from /home/airflow/.local/lib/python3.11/site-packages/airflow/example_dags/example_setup_teardown.py
[2024-11-18T20:27:21.215+0000] {processor.py:840} INFO - DAG(s) 'example_setup_teardown' retrieved from /home/airflow/.local/lib/python3.11/site-packages/airflow/example_dags/example_setup_teardown.py
[2024-11-18T20:27:21.266+0000] {logging_mixin.py:188} INFO - [2024-11-18T20:27:21.266+0000] {dag.py:3089} INFO - Sync 1 DAGs
[2024-11-18T20:27:21.347+0000] {logging_mixin.py:188} INFO - [2024-11-18T20:27:21.347+0000] {dag.py:3947} INFO - Setting next_dagrun for example_setup_teardown to 2024-11-17 00:00:00+00:00, run_after=2024-11-18 00:00:00+00:00
[2024-11-18T20:27:21.442+0000] {processor.py:183} INFO - Processing /home/airflow/.local/lib/python3.11/site-packages/airflow/example_dags/example_setup_teardown.py took 0.281 seconds
[2024-11-18T20:27:51.707+0000] {processor.py:161} INFO - Started process (PID=1085) to work on /home/airflow/.local/lib/python3.11/site-packages/airflow/example_dags/example_setup_teardown.py
[2024-11-18T20:27:51.708+0000] {processor.py:830} INFO - Processing file /home/airflow/.local/lib/python3.11/site-packages/airflow/example_dags/example_setup_teardown.py for tasks to queue
[2024-11-18T20:27:51.710+0000] {logging_mixin.py:188} INFO - [2024-11-18T20:27:51.710+0000] {dagbag.py:545} INFO - Filling up the DagBag from /home/airflow/.local/lib/python3.11/site-packages/airflow/example_dags/example_setup_teardown.py
[2024-11-18T20:27:51.717+0000] {processor.py:840} INFO - DAG(s) 'example_setup_teardown' retrieved from /home/airflow/.local/lib/python3.11/site-packages/airflow/example_dags/example_setup_teardown.py
[2024-11-18T20:27:51.737+0000] {logging_mixin.py:188} INFO - [2024-11-18T20:27:51.737+0000] {dag.py:3089} INFO - Sync 1 DAGs
[2024-11-18T20:27:51.765+0000] {logging_mixin.py:188} INFO - [2024-11-18T20:27:51.765+0000] {dag.py:3947} INFO - Setting next_dagrun for example_setup_teardown to 2024-11-17 00:00:00+00:00, run_after=2024-11-18 00:00:00+00:00
[2024-11-18T20:27:51.794+0000] {processor.py:183} INFO - Processing /home/airflow/.local/lib/python3.11/site-packages/airflow/example_dags/example_setup_teardown.py took 0.093 seconds
[2024-11-18T20:28:22.307+0000] {processor.py:161} INFO - Started process (PID=1145) to work on /home/airflow/.local/lib/python3.11/site-packages/airflow/example_dags/example_setup_teardown.py
[2024-11-18T20:28:22.308+0000] {processor.py:830} INFO - Processing file /home/airflow/.local/lib/python3.11/site-packages/airflow/example_dags/example_setup_teardown.py for tasks to queue
[2024-11-18T20:28:22.310+0000] {logging_mixin.py:188} INFO - [2024-11-18T20:28:22.309+0000] {dagbag.py:545} INFO - Filling up the DagBag from /home/airflow/.local/lib/python3.11/site-packages/airflow/example_dags/example_setup_teardown.py
[2024-11-18T20:28:22.318+0000] {processor.py:840} INFO - DAG(s) 'example_setup_teardown' retrieved from /home/airflow/.local/lib/python3.11/site-packages/airflow/example_dags/example_setup_teardown.py
[2024-11-18T20:28:22.338+0000] {logging_mixin.py:188} INFO - [2024-11-18T20:28:22.337+0000] {dag.py:3089} INFO - Sync 1 DAGs
[2024-11-18T20:28:22.360+0000] {logging_mixin.py:188} INFO - [2024-11-18T20:28:22.359+0000] {dag.py:3947} INFO - Setting next_dagrun for example_setup_teardown to 2024-11-17 00:00:00+00:00, run_after=2024-11-18 00:00:00+00:00
[2024-11-18T20:28:22.386+0000] {processor.py:183} INFO - Processing /home/airflow/.local/lib/python3.11/site-packages/airflow/example_dags/example_setup_teardown.py took 0.085 seconds
[2024-11-18T20:28:52.478+0000] {processor.py:161} INFO - Started process (PID=1204) to work on /home/airflow/.local/lib/python3.11/site-packages/airflow/example_dags/example_setup_teardown.py
[2024-11-18T20:28:52.480+0000] {processor.py:830} INFO - Processing file /home/airflow/.local/lib/python3.11/site-packages/airflow/example_dags/example_setup_teardown.py for tasks to queue
[2024-11-18T20:28:52.482+0000] {logging_mixin.py:188} INFO - [2024-11-18T20:28:52.481+0000] {dagbag.py:545} INFO - Filling up the DagBag from /home/airflow/.local/lib/python3.11/site-packages/airflow/example_dags/example_setup_teardown.py
[2024-11-18T20:28:52.488+0000] {processor.py:840} INFO - DAG(s) 'example_setup_teardown' retrieved from /home/airflow/.local/lib/python3.11/site-packages/airflow/example_dags/example_setup_teardown.py
[2024-11-18T20:28:52.508+0000] {logging_mixin.py:188} INFO - [2024-11-18T20:28:52.507+0000] {dag.py:3089} INFO - Sync 1 DAGs
[2024-11-18T20:28:52.532+0000] {logging_mixin.py:188} INFO - [2024-11-18T20:28:52.531+0000] {dag.py:3947} INFO - Setting next_dagrun for example_setup_teardown to 2024-11-17 00:00:00+00:00, run_after=2024-11-18 00:00:00+00:00
[2024-11-18T20:28:52.554+0000] {processor.py:183} INFO - Processing /home/airflow/.local/lib/python3.11/site-packages/airflow/example_dags/example_setup_teardown.py took 0.082 seconds
[2024-11-18T20:29:22.938+0000] {processor.py:161} INFO - Started process (PID=1263) to work on /home/airflow/.local/lib/python3.11/site-packages/airflow/example_dags/example_setup_teardown.py
[2024-11-18T20:29:22.940+0000] {processor.py:830} INFO - Processing file /home/airflow/.local/lib/python3.11/site-packages/airflow/example_dags/example_setup_teardown.py for tasks to queue
[2024-11-18T20:29:22.942+0000] {logging_mixin.py:188} INFO - [2024-11-18T20:29:22.942+0000] {dagbag.py:545} INFO - Filling up the DagBag from /home/airflow/.local/lib/python3.11/site-packages/airflow/example_dags/example_setup_teardown.py
[2024-11-18T20:29:22.949+0000] {processor.py:840} INFO - DAG(s) 'example_setup_teardown' retrieved from /home/airflow/.local/lib/python3.11/site-packages/airflow/example_dags/example_setup_teardown.py
[2024-11-18T20:29:22.970+0000] {logging_mixin.py:188} INFO - [2024-11-18T20:29:22.970+0000] {dag.py:3089} INFO - Sync 1 DAGs
[2024-11-18T20:29:22.994+0000] {logging_mixin.py:188} INFO - [2024-11-18T20:29:22.994+0000] {dag.py:3947} INFO - Setting next_dagrun for example_setup_teardown to 2024-11-17 00:00:00+00:00, run_after=2024-11-18 00:00:00+00:00
[2024-11-18T20:29:23.021+0000] {processor.py:183} INFO - Processing /home/airflow/.local/lib/python3.11/site-packages/airflow/example_dags/example_setup_teardown.py took 0.088 seconds
[2024-11-18T20:29:53.128+0000] {processor.py:161} INFO - Started process (PID=1322) to work on /home/airflow/.local/lib/python3.11/site-packages/airflow/example_dags/example_setup_teardown.py
[2024-11-18T20:29:53.129+0000] {processor.py:830} INFO - Processing file /home/airflow/.local/lib/python3.11/site-packages/airflow/example_dags/example_setup_teardown.py for tasks to queue
[2024-11-18T20:29:53.131+0000] {logging_mixin.py:188} INFO - [2024-11-18T20:29:53.131+0000] {dagbag.py:545} INFO - Filling up the DagBag from /home/airflow/.local/lib/python3.11/site-packages/airflow/example_dags/example_setup_teardown.py
[2024-11-18T20:29:53.138+0000] {processor.py:840} INFO - DAG(s) 'example_setup_teardown' retrieved from /home/airflow/.local/lib/python3.11/site-packages/airflow/example_dags/example_setup_teardown.py
[2024-11-18T20:29:53.161+0000] {logging_mixin.py:188} INFO - [2024-11-18T20:29:53.159+0000] {dag.py:3089} INFO - Sync 1 DAGs
[2024-11-18T20:29:53.183+0000] {logging_mixin.py:188} INFO - [2024-11-18T20:29:53.183+0000] {dag.py:3947} INFO - Setting next_dagrun for example_setup_teardown to 2024-11-17 00:00:00+00:00, run_after=2024-11-18 00:00:00+00:00
[2024-11-18T20:29:53.202+0000] {processor.py:183} INFO - Processing /home/airflow/.local/lib/python3.11/site-packages/airflow/example_dags/example_setup_teardown.py took 0.081 seconds
[2024-11-18T20:30:23.650+0000] {processor.py:161} INFO - Started process (PID=1381) to work on /home/airflow/.local/lib/python3.11/site-packages/airflow/example_dags/example_setup_teardown.py
[2024-11-18T20:30:23.652+0000] {processor.py:830} INFO - Processing file /home/airflow/.local/lib/python3.11/site-packages/airflow/example_dags/example_setup_teardown.py for tasks to queue
[2024-11-18T20:30:23.653+0000] {logging_mixin.py:188} INFO - [2024-11-18T20:30:23.653+0000] {dagbag.py:545} INFO - Filling up the DagBag from /home/airflow/.local/lib/python3.11/site-packages/airflow/example_dags/example_setup_teardown.py
[2024-11-18T20:30:23.661+0000] {processor.py:840} INFO - DAG(s) 'example_setup_teardown' retrieved from /home/airflow/.local/lib/python3.11/site-packages/airflow/example_dags/example_setup_teardown.py
[2024-11-18T20:30:23.685+0000] {logging_mixin.py:188} INFO - [2024-11-18T20:30:23.684+0000] {dag.py:3089} INFO - Sync 1 DAGs
[2024-11-18T20:30:23.709+0000] {logging_mixin.py:188} INFO - [2024-11-18T20:30:23.709+0000] {dag.py:3947} INFO - Setting next_dagrun for example_setup_teardown to 2024-11-17 00:00:00+00:00, run_after=2024-11-18 00:00:00+00:00
[2024-11-18T20:30:23.734+0000] {processor.py:183} INFO - Processing /home/airflow/.local/lib/python3.11/site-packages/airflow/example_dags/example_setup_teardown.py took 0.090 seconds
[2024-11-18T20:30:53.901+0000] {processor.py:161} INFO - Started process (PID=1441) to work on /home/airflow/.local/lib/python3.11/site-packages/airflow/example_dags/example_setup_teardown.py
[2024-11-18T20:30:53.904+0000] {processor.py:830} INFO - Processing file /home/airflow/.local/lib/python3.11/site-packages/airflow/example_dags/example_setup_teardown.py for tasks to queue
[2024-11-18T20:30:53.906+0000] {logging_mixin.py:188} INFO - [2024-11-18T20:30:53.906+0000] {dagbag.py:545} INFO - Filling up the DagBag from /home/airflow/.local/lib/python3.11/site-packages/airflow/example_dags/example_setup_teardown.py
[2024-11-18T20:30:53.918+0000] {processor.py:840} INFO - DAG(s) 'example_setup_teardown' retrieved from /home/airflow/.local/lib/python3.11/site-packages/airflow/example_dags/example_setup_teardown.py
[2024-11-18T20:30:53.949+0000] {logging_mixin.py:188} INFO - [2024-11-18T20:30:53.949+0000] {dag.py:3089} INFO - Sync 1 DAGs
[2024-11-18T20:30:53.981+0000] {logging_mixin.py:188} INFO - [2024-11-18T20:30:53.980+0000] {dag.py:3947} INFO - Setting next_dagrun for example_setup_teardown to 2024-11-17 00:00:00+00:00, run_after=2024-11-18 00:00:00+00:00
[2024-11-18T20:30:54.035+0000] {processor.py:183} INFO - Processing /home/airflow/.local/lib/python3.11/site-packages/airflow/example_dags/example_setup_teardown.py took 0.143 seconds
[2024-11-18T20:31:24.134+0000] {processor.py:161} INFO - Started process (PID=1500) to work on /home/airflow/.local/lib/python3.11/site-packages/airflow/example_dags/example_setup_teardown.py
[2024-11-18T20:31:24.135+0000] {processor.py:830} INFO - Processing file /home/airflow/.local/lib/python3.11/site-packages/airflow/example_dags/example_setup_teardown.py for tasks to queue
[2024-11-18T20:31:24.137+0000] {logging_mixin.py:188} INFO - [2024-11-18T20:31:24.136+0000] {dagbag.py:545} INFO - Filling up the DagBag from /home/airflow/.local/lib/python3.11/site-packages/airflow/example_dags/example_setup_teardown.py
[2024-11-18T20:31:24.144+0000] {processor.py:840} INFO - DAG(s) 'example_setup_teardown' retrieved from /home/airflow/.local/lib/python3.11/site-packages/airflow/example_dags/example_setup_teardown.py
[2024-11-18T20:31:24.166+0000] {logging_mixin.py:188} INFO - [2024-11-18T20:31:24.165+0000] {dag.py:3089} INFO - Sync 1 DAGs
[2024-11-18T20:31:24.189+0000] {logging_mixin.py:188} INFO - [2024-11-18T20:31:24.188+0000] {dag.py:3947} INFO - Setting next_dagrun for example_setup_teardown to 2024-11-17 00:00:00+00:00, run_after=2024-11-18 00:00:00+00:00
[2024-11-18T20:31:24.214+0000] {processor.py:183} INFO - Processing /home/airflow/.local/lib/python3.11/site-packages/airflow/example_dags/example_setup_teardown.py took 0.086 seconds
[2024-11-18T20:31:54.509+0000] {processor.py:161} INFO - Started process (PID=1559) to work on /home/airflow/.local/lib/python3.11/site-packages/airflow/example_dags/example_setup_teardown.py
[2024-11-18T20:31:54.510+0000] {processor.py:830} INFO - Processing file /home/airflow/.local/lib/python3.11/site-packages/airflow/example_dags/example_setup_teardown.py for tasks to queue
[2024-11-18T20:31:54.512+0000] {logging_mixin.py:188} INFO - [2024-11-18T20:31:54.511+0000] {dagbag.py:545} INFO - Filling up the DagBag from /home/airflow/.local/lib/python3.11/site-packages/airflow/example_dags/example_setup_teardown.py
[2024-11-18T20:31:54.518+0000] {processor.py:840} INFO - DAG(s) 'example_setup_teardown' retrieved from /home/airflow/.local/lib/python3.11/site-packages/airflow/example_dags/example_setup_teardown.py
[2024-11-18T20:31:54.537+0000] {logging_mixin.py:188} INFO - [2024-11-18T20:31:54.537+0000] {dag.py:3089} INFO - Sync 1 DAGs
[2024-11-18T20:31:54.560+0000] {logging_mixin.py:188} INFO - [2024-11-18T20:31:54.560+0000] {dag.py:3947} INFO - Setting next_dagrun for example_setup_teardown to 2024-11-17 00:00:00+00:00, run_after=2024-11-18 00:00:00+00:00
[2024-11-18T20:31:54.578+0000] {processor.py:183} INFO - Processing /home/airflow/.local/lib/python3.11/site-packages/airflow/example_dags/example_setup_teardown.py took 0.073 seconds
[2024-11-18T20:32:24.699+0000] {processor.py:161} INFO - Started process (PID=1618) to work on /home/airflow/.local/lib/python3.11/site-packages/airflow/example_dags/example_setup_teardown.py
[2024-11-18T20:32:24.701+0000] {processor.py:830} INFO - Processing file /home/airflow/.local/lib/python3.11/site-packages/airflow/example_dags/example_setup_teardown.py for tasks to queue
[2024-11-18T20:32:24.703+0000] {logging_mixin.py:188} INFO - [2024-11-18T20:32:24.702+0000] {dagbag.py:545} INFO - Filling up the DagBag from /home/airflow/.local/lib/python3.11/site-packages/airflow/example_dags/example_setup_teardown.py
[2024-11-18T20:32:24.709+0000] {processor.py:840} INFO - DAG(s) 'example_setup_teardown' retrieved from /home/airflow/.local/lib/python3.11/site-packages/airflow/example_dags/example_setup_teardown.py
[2024-11-18T20:32:24.728+0000] {logging_mixin.py:188} INFO - [2024-11-18T20:32:24.727+0000] {dag.py:3089} INFO - Sync 1 DAGs
[2024-11-18T20:32:24.747+0000] {logging_mixin.py:188} INFO - [2024-11-18T20:32:24.747+0000] {dag.py:3947} INFO - Setting next_dagrun for example_setup_teardown to 2024-11-17 00:00:00+00:00, run_after=2024-11-18 00:00:00+00:00
[2024-11-18T20:32:24.765+0000] {processor.py:183} INFO - Processing /home/airflow/.local/lib/python3.11/site-packages/airflow/example_dags/example_setup_teardown.py took 0.070 seconds
[2024-11-18T20:32:55.840+0000] {processor.py:161} INFO - Started process (PID=1677) to work on /home/airflow/.local/lib/python3.11/site-packages/airflow/example_dags/example_setup_teardown.py
[2024-11-18T20:32:55.844+0000] {processor.py:830} INFO - Processing file /home/airflow/.local/lib/python3.11/site-packages/airflow/example_dags/example_setup_teardown.py for tasks to queue
[2024-11-18T20:32:55.846+0000] {logging_mixin.py:188} INFO - [2024-11-18T20:32:55.846+0000] {dagbag.py:545} INFO - Filling up the DagBag from /home/airflow/.local/lib/python3.11/site-packages/airflow/example_dags/example_setup_teardown.py
[2024-11-18T20:32:55.856+0000] {processor.py:840} INFO - DAG(s) 'example_setup_teardown' retrieved from /home/airflow/.local/lib/python3.11/site-packages/airflow/example_dags/example_setup_teardown.py
[2024-11-18T20:32:55.899+0000] {logging_mixin.py:188} INFO - [2024-11-18T20:32:55.898+0000] {dag.py:3089} INFO - Sync 1 DAGs
[2024-11-18T20:32:55.942+0000] {logging_mixin.py:188} INFO - [2024-11-18T20:32:55.942+0000] {dag.py:3947} INFO - Setting next_dagrun for example_setup_teardown to 2024-11-17 00:00:00+00:00, run_after=2024-11-18 00:00:00+00:00
[2024-11-18T20:32:55.979+0000] {processor.py:183} INFO - Processing /home/airflow/.local/lib/python3.11/site-packages/airflow/example_dags/example_setup_teardown.py took 0.151 seconds
[2024-11-18T20:33:26.627+0000] {processor.py:161} INFO - Started process (PID=1736) to work on /home/airflow/.local/lib/python3.11/site-packages/airflow/example_dags/example_setup_teardown.py
[2024-11-18T20:33:26.630+0000] {processor.py:830} INFO - Processing file /home/airflow/.local/lib/python3.11/site-packages/airflow/example_dags/example_setup_teardown.py for tasks to queue
[2024-11-18T20:33:26.634+0000] {logging_mixin.py:188} INFO - [2024-11-18T20:33:26.633+0000] {dagbag.py:545} INFO - Filling up the DagBag from /home/airflow/.local/lib/python3.11/site-packages/airflow/example_dags/example_setup_teardown.py
[2024-11-18T20:33:26.662+0000] {processor.py:840} INFO - DAG(s) 'example_setup_teardown' retrieved from /home/airflow/.local/lib/python3.11/site-packages/airflow/example_dags/example_setup_teardown.py
[2024-11-18T20:33:26.718+0000] {logging_mixin.py:188} INFO - [2024-11-18T20:33:26.717+0000] {dag.py:3089} INFO - Sync 1 DAGs
[2024-11-18T20:33:26.760+0000] {logging_mixin.py:188} INFO - [2024-11-18T20:33:26.760+0000] {dag.py:3947} INFO - Setting next_dagrun for example_setup_teardown to 2024-11-17 00:00:00+00:00, run_after=2024-11-18 00:00:00+00:00
[2024-11-18T20:33:26.840+0000] {processor.py:183} INFO - Processing /home/airflow/.local/lib/python3.11/site-packages/airflow/example_dags/example_setup_teardown.py took 0.226 seconds
[2024-11-18T20:33:57.302+0000] {processor.py:161} INFO - Started process (PID=1795) to work on /home/airflow/.local/lib/python3.11/site-packages/airflow/example_dags/example_setup_teardown.py
[2024-11-18T20:33:57.304+0000] {processor.py:830} INFO - Processing file /home/airflow/.local/lib/python3.11/site-packages/airflow/example_dags/example_setup_teardown.py for tasks to queue
[2024-11-18T20:33:57.306+0000] {logging_mixin.py:188} INFO - [2024-11-18T20:33:57.305+0000] {dagbag.py:545} INFO - Filling up the DagBag from /home/airflow/.local/lib/python3.11/site-packages/airflow/example_dags/example_setup_teardown.py
[2024-11-18T20:33:57.313+0000] {processor.py:840} INFO - DAG(s) 'example_setup_teardown' retrieved from /home/airflow/.local/lib/python3.11/site-packages/airflow/example_dags/example_setup_teardown.py
[2024-11-18T20:33:57.332+0000] {logging_mixin.py:188} INFO - [2024-11-18T20:33:57.332+0000] {dag.py:3089} INFO - Sync 1 DAGs
[2024-11-18T20:33:57.358+0000] {logging_mixin.py:188} INFO - [2024-11-18T20:33:57.358+0000] {dag.py:3947} INFO - Setting next_dagrun for example_setup_teardown to 2024-11-17 00:00:00+00:00, run_after=2024-11-18 00:00:00+00:00
[2024-11-18T20:33:57.391+0000] {processor.py:183} INFO - Processing /home/airflow/.local/lib/python3.11/site-packages/airflow/example_dags/example_setup_teardown.py took 0.093 seconds
[2024-11-18T20:34:27.532+0000] {processor.py:161} INFO - Started process (PID=1854) to work on /home/airflow/.local/lib/python3.11/site-packages/airflow/example_dags/example_setup_teardown.py
[2024-11-18T20:34:27.533+0000] {processor.py:830} INFO - Processing file /home/airflow/.local/lib/python3.11/site-packages/airflow/example_dags/example_setup_teardown.py for tasks to queue
[2024-11-18T20:34:27.534+0000] {logging_mixin.py:188} INFO - [2024-11-18T20:34:27.534+0000] {dagbag.py:545} INFO - Filling up the DagBag from /home/airflow/.local/lib/python3.11/site-packages/airflow/example_dags/example_setup_teardown.py
[2024-11-18T20:34:27.540+0000] {processor.py:840} INFO - DAG(s) 'example_setup_teardown' retrieved from /home/airflow/.local/lib/python3.11/site-packages/airflow/example_dags/example_setup_teardown.py
[2024-11-18T20:34:27.557+0000] {logging_mixin.py:188} INFO - [2024-11-18T20:34:27.556+0000] {dag.py:3089} INFO - Sync 1 DAGs
[2024-11-18T20:34:27.578+0000] {logging_mixin.py:188} INFO - [2024-11-18T20:34:27.578+0000] {dag.py:3947} INFO - Setting next_dagrun for example_setup_teardown to 2024-11-17 00:00:00+00:00, run_after=2024-11-18 00:00:00+00:00
[2024-11-18T20:34:27.597+0000] {processor.py:183} INFO - Processing /home/airflow/.local/lib/python3.11/site-packages/airflow/example_dags/example_setup_teardown.py took 0.070 seconds
[2024-11-18T20:34:58.185+0000] {processor.py:161} INFO - Started process (PID=1913) to work on /home/airflow/.local/lib/python3.11/site-packages/airflow/example_dags/example_setup_teardown.py
[2024-11-18T20:34:58.187+0000] {processor.py:830} INFO - Processing file /home/airflow/.local/lib/python3.11/site-packages/airflow/example_dags/example_setup_teardown.py for tasks to queue
[2024-11-18T20:34:58.189+0000] {logging_mixin.py:188} INFO - [2024-11-18T20:34:58.188+0000] {dagbag.py:545} INFO - Filling up the DagBag from /home/airflow/.local/lib/python3.11/site-packages/airflow/example_dags/example_setup_teardown.py
[2024-11-18T20:34:58.196+0000] {processor.py:840} INFO - DAG(s) 'example_setup_teardown' retrieved from /home/airflow/.local/lib/python3.11/site-packages/airflow/example_dags/example_setup_teardown.py
[2024-11-18T20:34:58.215+0000] {logging_mixin.py:188} INFO - [2024-11-18T20:34:58.215+0000] {dag.py:3089} INFO - Sync 1 DAGs
[2024-11-18T20:34:58.239+0000] {logging_mixin.py:188} INFO - [2024-11-18T20:34:58.238+0000] {dag.py:3947} INFO - Setting next_dagrun for example_setup_teardown to 2024-11-17 00:00:00+00:00, run_after=2024-11-18 00:00:00+00:00
[2024-11-18T20:34:58.260+0000] {processor.py:183} INFO - Processing /home/airflow/.local/lib/python3.11/site-packages/airflow/example_dags/example_setup_teardown.py took 0.079 seconds
[2024-11-18T20:35:28.446+0000] {processor.py:161} INFO - Started process (PID=1972) to work on /home/airflow/.local/lib/python3.11/site-packages/airflow/example_dags/example_setup_teardown.py
[2024-11-18T20:35:28.447+0000] {processor.py:830} INFO - Processing file /home/airflow/.local/lib/python3.11/site-packages/airflow/example_dags/example_setup_teardown.py for tasks to queue
[2024-11-18T20:35:28.450+0000] {logging_mixin.py:188} INFO - [2024-11-18T20:35:28.450+0000] {dagbag.py:545} INFO - Filling up the DagBag from /home/airflow/.local/lib/python3.11/site-packages/airflow/example_dags/example_setup_teardown.py
[2024-11-18T20:35:28.458+0000] {processor.py:840} INFO - DAG(s) 'example_setup_teardown' retrieved from /home/airflow/.local/lib/python3.11/site-packages/airflow/example_dags/example_setup_teardown.py
[2024-11-18T20:35:28.479+0000] {logging_mixin.py:188} INFO - [2024-11-18T20:35:28.478+0000] {dag.py:3089} INFO - Sync 1 DAGs
[2024-11-18T20:35:28.503+0000] {logging_mixin.py:188} INFO - [2024-11-18T20:35:28.502+0000] {dag.py:3947} INFO - Setting next_dagrun for example_setup_teardown to 2024-11-17 00:00:00+00:00, run_after=2024-11-18 00:00:00+00:00
[2024-11-18T20:35:28.522+0000] {processor.py:183} INFO - Processing /home/airflow/.local/lib/python3.11/site-packages/airflow/example_dags/example_setup_teardown.py took 0.082 seconds
[2024-11-18T20:35:59.581+0000] {processor.py:161} INFO - Started process (PID=2031) to work on /home/airflow/.local/lib/python3.11/site-packages/airflow/example_dags/example_setup_teardown.py
[2024-11-18T20:35:59.583+0000] {processor.py:830} INFO - Processing file /home/airflow/.local/lib/python3.11/site-packages/airflow/example_dags/example_setup_teardown.py for tasks to queue
[2024-11-18T20:35:59.588+0000] {logging_mixin.py:188} INFO - [2024-11-18T20:35:59.588+0000] {dagbag.py:545} INFO - Filling up the DagBag from /home/airflow/.local/lib/python3.11/site-packages/airflow/example_dags/example_setup_teardown.py
[2024-11-18T20:35:59.602+0000] {processor.py:840} INFO - DAG(s) 'example_setup_teardown' retrieved from /home/airflow/.local/lib/python3.11/site-packages/airflow/example_dags/example_setup_teardown.py
[2024-11-18T20:35:59.640+0000] {logging_mixin.py:188} INFO - [2024-11-18T20:35:59.639+0000] {dag.py:3089} INFO - Sync 1 DAGs
[2024-11-18T20:35:59.678+0000] {logging_mixin.py:188} INFO - [2024-11-18T20:35:59.678+0000] {dag.py:3947} INFO - Setting next_dagrun for example_setup_teardown to 2024-11-17 00:00:00+00:00, run_after=2024-11-18 00:00:00+00:00
[2024-11-18T20:35:59.737+0000] {processor.py:183} INFO - Processing /home/airflow/.local/lib/python3.11/site-packages/airflow/example_dags/example_setup_teardown.py took 0.165 seconds
[2024-11-18T20:36:30.136+0000] {processor.py:161} INFO - Started process (PID=2090) to work on /home/airflow/.local/lib/python3.11/site-packages/airflow/example_dags/example_setup_teardown.py
[2024-11-18T20:36:30.138+0000] {processor.py:830} INFO - Processing file /home/airflow/.local/lib/python3.11/site-packages/airflow/example_dags/example_setup_teardown.py for tasks to queue
[2024-11-18T20:36:30.141+0000] {logging_mixin.py:188} INFO - [2024-11-18T20:36:30.141+0000] {dagbag.py:545} INFO - Filling up the DagBag from /home/airflow/.local/lib/python3.11/site-packages/airflow/example_dags/example_setup_teardown.py
[2024-11-18T20:36:30.152+0000] {processor.py:840} INFO - DAG(s) 'example_setup_teardown' retrieved from /home/airflow/.local/lib/python3.11/site-packages/airflow/example_dags/example_setup_teardown.py
[2024-11-18T20:36:30.177+0000] {logging_mixin.py:188} INFO - [2024-11-18T20:36:30.176+0000] {dag.py:3089} INFO - Sync 1 DAGs
[2024-11-18T20:36:30.208+0000] {logging_mixin.py:188} INFO - [2024-11-18T20:36:30.207+0000] {dag.py:3947} INFO - Setting next_dagrun for example_setup_teardown to 2024-11-17 00:00:00+00:00, run_after=2024-11-18 00:00:00+00:00
[2024-11-18T20:36:30.245+0000] {processor.py:183} INFO - Processing /home/airflow/.local/lib/python3.11/site-packages/airflow/example_dags/example_setup_teardown.py took 0.116 seconds
[2024-11-18T20:37:00.375+0000] {processor.py:161} INFO - Started process (PID=2150) to work on /home/airflow/.local/lib/python3.11/site-packages/airflow/example_dags/example_setup_teardown.py
[2024-11-18T20:37:00.377+0000] {processor.py:830} INFO - Processing file /home/airflow/.local/lib/python3.11/site-packages/airflow/example_dags/example_setup_teardown.py for tasks to queue
[2024-11-18T20:37:00.381+0000] {logging_mixin.py:188} INFO - [2024-11-18T20:37:00.380+0000] {dagbag.py:545} INFO - Filling up the DagBag from /home/airflow/.local/lib/python3.11/site-packages/airflow/example_dags/example_setup_teardown.py
[2024-11-18T20:37:00.390+0000] {processor.py:840} INFO - DAG(s) 'example_setup_teardown' retrieved from /home/airflow/.local/lib/python3.11/site-packages/airflow/example_dags/example_setup_teardown.py
[2024-11-18T20:37:00.422+0000] {logging_mixin.py:188} INFO - [2024-11-18T20:37:00.421+0000] {dag.py:3089} INFO - Sync 1 DAGs
[2024-11-18T20:37:00.447+0000] {logging_mixin.py:188} INFO - [2024-11-18T20:37:00.447+0000] {dag.py:3947} INFO - Setting next_dagrun for example_setup_teardown to 2024-11-17 00:00:00+00:00, run_after=2024-11-18 00:00:00+00:00
[2024-11-18T20:37:00.467+0000] {processor.py:183} INFO - Processing /home/airflow/.local/lib/python3.11/site-packages/airflow/example_dags/example_setup_teardown.py took 0.101 seconds
[2024-11-18T20:37:31.271+0000] {processor.py:161} INFO - Started process (PID=2209) to work on /home/airflow/.local/lib/python3.11/site-packages/airflow/example_dags/example_setup_teardown.py
[2024-11-18T20:37:31.272+0000] {processor.py:830} INFO - Processing file /home/airflow/.local/lib/python3.11/site-packages/airflow/example_dags/example_setup_teardown.py for tasks to queue
[2024-11-18T20:37:31.275+0000] {logging_mixin.py:188} INFO - [2024-11-18T20:37:31.274+0000] {dagbag.py:545} INFO - Filling up the DagBag from /home/airflow/.local/lib/python3.11/site-packages/airflow/example_dags/example_setup_teardown.py
[2024-11-18T20:37:31.283+0000] {processor.py:840} INFO - DAG(s) 'example_setup_teardown' retrieved from /home/airflow/.local/lib/python3.11/site-packages/airflow/example_dags/example_setup_teardown.py
[2024-11-18T20:37:31.304+0000] {logging_mixin.py:188} INFO - [2024-11-18T20:37:31.304+0000] {dag.py:3089} INFO - Sync 1 DAGs
[2024-11-18T20:37:31.327+0000] {logging_mixin.py:188} INFO - [2024-11-18T20:37:31.327+0000] {dag.py:3947} INFO - Setting next_dagrun for example_setup_teardown to 2024-11-17 00:00:00+00:00, run_after=2024-11-18 00:00:00+00:00
[2024-11-18T20:37:31.347+0000] {processor.py:183} INFO - Processing /home/airflow/.local/lib/python3.11/site-packages/airflow/example_dags/example_setup_teardown.py took 0.081 seconds
[2024-11-18T20:38:01.694+0000] {processor.py:161} INFO - Started process (PID=2268) to work on /home/airflow/.local/lib/python3.11/site-packages/airflow/example_dags/example_setup_teardown.py
[2024-11-18T20:38:01.695+0000] {processor.py:830} INFO - Processing file /home/airflow/.local/lib/python3.11/site-packages/airflow/example_dags/example_setup_teardown.py for tasks to queue
[2024-11-18T20:38:01.697+0000] {logging_mixin.py:188} INFO - [2024-11-18T20:38:01.696+0000] {dagbag.py:545} INFO - Filling up the DagBag from /home/airflow/.local/lib/python3.11/site-packages/airflow/example_dags/example_setup_teardown.py
[2024-11-18T20:38:01.705+0000] {processor.py:840} INFO - DAG(s) 'example_setup_teardown' retrieved from /home/airflow/.local/lib/python3.11/site-packages/airflow/example_dags/example_setup_teardown.py
[2024-11-18T20:38:01.724+0000] {logging_mixin.py:188} INFO - [2024-11-18T20:38:01.723+0000] {dag.py:3089} INFO - Sync 1 DAGs
[2024-11-18T20:38:01.742+0000] {logging_mixin.py:188} INFO - [2024-11-18T20:38:01.742+0000] {dag.py:3947} INFO - Setting next_dagrun for example_setup_teardown to 2024-11-17 00:00:00+00:00, run_after=2024-11-18 00:00:00+00:00
[2024-11-18T20:38:01.759+0000] {processor.py:183} INFO - Processing /home/airflow/.local/lib/python3.11/site-packages/airflow/example_dags/example_setup_teardown.py took 0.070 seconds
[2024-11-18T20:38:31.874+0000] {processor.py:161} INFO - Started process (PID=2331) to work on /home/airflow/.local/lib/python3.11/site-packages/airflow/example_dags/example_setup_teardown.py
[2024-11-18T20:38:31.875+0000] {processor.py:830} INFO - Processing file /home/airflow/.local/lib/python3.11/site-packages/airflow/example_dags/example_setup_teardown.py for tasks to queue
[2024-11-18T20:38:31.877+0000] {logging_mixin.py:188} INFO - [2024-11-18T20:38:31.877+0000] {dagbag.py:545} INFO - Filling up the DagBag from /home/airflow/.local/lib/python3.11/site-packages/airflow/example_dags/example_setup_teardown.py
[2024-11-18T20:38:31.884+0000] {processor.py:840} INFO - DAG(s) 'example_setup_teardown' retrieved from /home/airflow/.local/lib/python3.11/site-packages/airflow/example_dags/example_setup_teardown.py
[2024-11-18T20:38:31.914+0000] {logging_mixin.py:188} INFO - [2024-11-18T20:38:31.913+0000] {dag.py:3089} INFO - Sync 1 DAGs
[2024-11-18T20:38:31.955+0000] {logging_mixin.py:188} INFO - [2024-11-18T20:38:31.955+0000] {dag.py:3947} INFO - Setting next_dagrun for example_setup_teardown to 2024-11-17 00:00:00+00:00, run_after=2024-11-18 00:00:00+00:00
[2024-11-18T20:38:31.972+0000] {processor.py:183} INFO - Processing /home/airflow/.local/lib/python3.11/site-packages/airflow/example_dags/example_setup_teardown.py took 0.104 seconds
[2024-11-18T20:39:02.375+0000] {processor.py:161} INFO - Started process (PID=2397) to work on /home/airflow/.local/lib/python3.11/site-packages/airflow/example_dags/example_setup_teardown.py
[2024-11-18T20:39:02.376+0000] {processor.py:830} INFO - Processing file /home/airflow/.local/lib/python3.11/site-packages/airflow/example_dags/example_setup_teardown.py for tasks to queue
[2024-11-18T20:39:02.379+0000] {logging_mixin.py:188} INFO - [2024-11-18T20:39:02.378+0000] {dagbag.py:545} INFO - Filling up the DagBag from /home/airflow/.local/lib/python3.11/site-packages/airflow/example_dags/example_setup_teardown.py
[2024-11-18T20:39:02.388+0000] {processor.py:840} INFO - DAG(s) 'example_setup_teardown' retrieved from /home/airflow/.local/lib/python3.11/site-packages/airflow/example_dags/example_setup_teardown.py
[2024-11-18T20:39:02.415+0000] {logging_mixin.py:188} INFO - [2024-11-18T20:39:02.415+0000] {dag.py:3089} INFO - Sync 1 DAGs
[2024-11-18T20:39:02.443+0000] {logging_mixin.py:188} INFO - [2024-11-18T20:39:02.443+0000] {dag.py:3947} INFO - Setting next_dagrun for example_setup_teardown to 2024-11-17 00:00:00+00:00, run_after=2024-11-18 00:00:00+00:00
[2024-11-18T20:39:02.472+0000] {processor.py:183} INFO - Processing /home/airflow/.local/lib/python3.11/site-packages/airflow/example_dags/example_setup_teardown.py took 0.104 seconds
[2024-11-18T20:39:32.958+0000] {processor.py:161} INFO - Started process (PID=2457) to work on /home/airflow/.local/lib/python3.11/site-packages/airflow/example_dags/example_setup_teardown.py
[2024-11-18T20:39:32.960+0000] {processor.py:830} INFO - Processing file /home/airflow/.local/lib/python3.11/site-packages/airflow/example_dags/example_setup_teardown.py for tasks to queue
[2024-11-18T20:39:32.961+0000] {logging_mixin.py:188} INFO - [2024-11-18T20:39:32.961+0000] {dagbag.py:545} INFO - Filling up the DagBag from /home/airflow/.local/lib/python3.11/site-packages/airflow/example_dags/example_setup_teardown.py
[2024-11-18T20:39:32.968+0000] {processor.py:840} INFO - DAG(s) 'example_setup_teardown' retrieved from /home/airflow/.local/lib/python3.11/site-packages/airflow/example_dags/example_setup_teardown.py
[2024-11-18T20:39:32.987+0000] {logging_mixin.py:188} INFO - [2024-11-18T20:39:32.987+0000] {dag.py:3089} INFO - Sync 1 DAGs
[2024-11-18T20:39:33.010+0000] {logging_mixin.py:188} INFO - [2024-11-18T20:39:33.010+0000] {dag.py:3947} INFO - Setting next_dagrun for example_setup_teardown to 2024-11-17 00:00:00+00:00, run_after=2024-11-18 00:00:00+00:00
[2024-11-18T20:39:33.031+0000] {processor.py:183} INFO - Processing /home/airflow/.local/lib/python3.11/site-packages/airflow/example_dags/example_setup_teardown.py took 0.079 seconds
[2024-11-18T20:40:04.613+0000] {processor.py:161} INFO - Started process (PID=2516) to work on /home/airflow/.local/lib/python3.11/site-packages/airflow/example_dags/example_setup_teardown.py
[2024-11-18T20:40:04.640+0000] {processor.py:830} INFO - Processing file /home/airflow/.local/lib/python3.11/site-packages/airflow/example_dags/example_setup_teardown.py for tasks to queue
[2024-11-18T20:40:04.643+0000] {logging_mixin.py:188} INFO - [2024-11-18T20:40:04.643+0000] {dagbag.py:545} INFO - Filling up the DagBag from /home/airflow/.local/lib/python3.11/site-packages/airflow/example_dags/example_setup_teardown.py
[2024-11-18T20:40:04.655+0000] {processor.py:840} INFO - DAG(s) 'example_setup_teardown' retrieved from /home/airflow/.local/lib/python3.11/site-packages/airflow/example_dags/example_setup_teardown.py
[2024-11-18T20:40:04.691+0000] {logging_mixin.py:188} INFO - [2024-11-18T20:40:04.690+0000] {dag.py:3089} INFO - Sync 1 DAGs
[2024-11-18T20:40:04.725+0000] {logging_mixin.py:188} INFO - [2024-11-18T20:40:04.724+0000] {dag.py:3947} INFO - Setting next_dagrun for example_setup_teardown to 2024-11-17 00:00:00+00:00, run_after=2024-11-18 00:00:00+00:00
[2024-11-18T20:40:04.756+0000] {processor.py:183} INFO - Processing /home/airflow/.local/lib/python3.11/site-packages/airflow/example_dags/example_setup_teardown.py took 0.161 seconds
[2024-11-18T20:41:43.448+0000] {processor.py:161} INFO - Started process (PID=2581) to work on /home/airflow/.local/lib/python3.11/site-packages/airflow/example_dags/example_setup_teardown.py
[2024-11-18T20:41:43.450+0000] {processor.py:830} INFO - Processing file /home/airflow/.local/lib/python3.11/site-packages/airflow/example_dags/example_setup_teardown.py for tasks to queue
[2024-11-18T20:41:43.456+0000] {logging_mixin.py:188} INFO - [2024-11-18T20:41:43.453+0000] {dagbag.py:545} INFO - Filling up the DagBag from /home/airflow/.local/lib/python3.11/site-packages/airflow/example_dags/example_setup_teardown.py
[2024-11-18T20:41:43.487+0000] {processor.py:840} INFO - DAG(s) 'example_setup_teardown' retrieved from /home/airflow/.local/lib/python3.11/site-packages/airflow/example_dags/example_setup_teardown.py
[2024-11-18T20:41:44.029+0000] {logging_mixin.py:188} INFO - [2024-11-18T20:41:44.029+0000] {dag.py:3089} INFO - Sync 1 DAGs
[2024-11-18T20:41:44.124+0000] {logging_mixin.py:188} INFO - [2024-11-18T20:41:44.124+0000] {dag.py:3947} INFO - Setting next_dagrun for example_setup_teardown to 2024-11-17 00:00:00+00:00, run_after=2024-11-18 00:00:00+00:00
[2024-11-18T20:41:44.184+0000] {processor.py:183} INFO - Processing /home/airflow/.local/lib/python3.11/site-packages/airflow/example_dags/example_setup_teardown.py took 0.749 seconds
[2024-11-18T20:43:57.805+0000] {processor.py:161} INFO - Started process (PID=89) to work on /home/airflow/.local/lib/python3.11/site-packages/airflow/example_dags/example_setup_teardown.py
[2024-11-18T20:43:57.806+0000] {processor.py:830} INFO - Processing file /home/airflow/.local/lib/python3.11/site-packages/airflow/example_dags/example_setup_teardown.py for tasks to queue
[2024-11-18T20:43:57.810+0000] {logging_mixin.py:188} INFO - [2024-11-18T20:43:57.809+0000] {dagbag.py:545} INFO - Filling up the DagBag from /home/airflow/.local/lib/python3.11/site-packages/airflow/example_dags/example_setup_teardown.py
[2024-11-18T20:43:57.824+0000] {processor.py:840} INFO - DAG(s) 'example_setup_teardown' retrieved from /home/airflow/.local/lib/python3.11/site-packages/airflow/example_dags/example_setup_teardown.py
[2024-11-18T20:43:57.861+0000] {logging_mixin.py:188} INFO - [2024-11-18T20:43:57.861+0000] {dag.py:3089} INFO - Sync 1 DAGs
[2024-11-18T20:43:57.893+0000] {logging_mixin.py:188} INFO - [2024-11-18T20:43:57.892+0000] {dag.py:3947} INFO - Setting next_dagrun for example_setup_teardown to 2024-11-17 00:00:00+00:00, run_after=2024-11-18 00:00:00+00:00
[2024-11-18T20:43:57.925+0000] {processor.py:183} INFO - Processing /home/airflow/.local/lib/python3.11/site-packages/airflow/example_dags/example_setup_teardown.py took 0.128 seconds
[2024-11-18T20:44:28.653+0000] {processor.py:161} INFO - Started process (PID=148) to work on /home/airflow/.local/lib/python3.11/site-packages/airflow/example_dags/example_setup_teardown.py
[2024-11-18T20:44:28.654+0000] {processor.py:830} INFO - Processing file /home/airflow/.local/lib/python3.11/site-packages/airflow/example_dags/example_setup_teardown.py for tasks to queue
[2024-11-18T20:44:28.656+0000] {logging_mixin.py:188} INFO - [2024-11-18T20:44:28.656+0000] {dagbag.py:545} INFO - Filling up the DagBag from /home/airflow/.local/lib/python3.11/site-packages/airflow/example_dags/example_setup_teardown.py
[2024-11-18T20:44:28.664+0000] {processor.py:840} INFO - DAG(s) 'example_setup_teardown' retrieved from /home/airflow/.local/lib/python3.11/site-packages/airflow/example_dags/example_setup_teardown.py
[2024-11-18T20:44:28.691+0000] {logging_mixin.py:188} INFO - [2024-11-18T20:44:28.690+0000] {dag.py:3089} INFO - Sync 1 DAGs
[2024-11-18T20:44:28.719+0000] {logging_mixin.py:188} INFO - [2024-11-18T20:44:28.718+0000] {dag.py:3947} INFO - Setting next_dagrun for example_setup_teardown to 2024-11-17 00:00:00+00:00, run_after=2024-11-18 00:00:00+00:00
[2024-11-18T20:44:28.747+0000] {processor.py:183} INFO - Processing /home/airflow/.local/lib/python3.11/site-packages/airflow/example_dags/example_setup_teardown.py took 0.099 seconds
[2024-11-18T20:44:59.422+0000] {processor.py:161} INFO - Started process (PID=206) to work on /home/airflow/.local/lib/python3.11/site-packages/airflow/example_dags/example_setup_teardown.py
[2024-11-18T20:44:59.423+0000] {processor.py:830} INFO - Processing file /home/airflow/.local/lib/python3.11/site-packages/airflow/example_dags/example_setup_teardown.py for tasks to queue
[2024-11-18T20:44:59.425+0000] {logging_mixin.py:188} INFO - [2024-11-18T20:44:59.425+0000] {dagbag.py:545} INFO - Filling up the DagBag from /home/airflow/.local/lib/python3.11/site-packages/airflow/example_dags/example_setup_teardown.py
[2024-11-18T20:44:59.434+0000] {processor.py:840} INFO - DAG(s) 'example_setup_teardown' retrieved from /home/airflow/.local/lib/python3.11/site-packages/airflow/example_dags/example_setup_teardown.py
[2024-11-18T20:44:59.456+0000] {logging_mixin.py:188} INFO - [2024-11-18T20:44:59.456+0000] {dag.py:3089} INFO - Sync 1 DAGs
[2024-11-18T20:44:59.483+0000] {logging_mixin.py:188} INFO - [2024-11-18T20:44:59.483+0000] {dag.py:3947} INFO - Setting next_dagrun for example_setup_teardown to 2024-11-17 00:00:00+00:00, run_after=2024-11-18 00:00:00+00:00
[2024-11-18T20:44:59.507+0000] {processor.py:183} INFO - Processing /home/airflow/.local/lib/python3.11/site-packages/airflow/example_dags/example_setup_teardown.py took 0.091 seconds
[2024-11-18T20:45:29.880+0000] {processor.py:161} INFO - Started process (PID=265) to work on /home/airflow/.local/lib/python3.11/site-packages/airflow/example_dags/example_setup_teardown.py
[2024-11-18T20:45:29.881+0000] {processor.py:830} INFO - Processing file /home/airflow/.local/lib/python3.11/site-packages/airflow/example_dags/example_setup_teardown.py for tasks to queue
[2024-11-18T20:45:29.883+0000] {logging_mixin.py:188} INFO - [2024-11-18T20:45:29.882+0000] {dagbag.py:545} INFO - Filling up the DagBag from /home/airflow/.local/lib/python3.11/site-packages/airflow/example_dags/example_setup_teardown.py
[2024-11-18T20:45:29.897+0000] {processor.py:840} INFO - DAG(s) 'example_setup_teardown' retrieved from /home/airflow/.local/lib/python3.11/site-packages/airflow/example_dags/example_setup_teardown.py
[2024-11-18T20:45:29.917+0000] {logging_mixin.py:188} INFO - [2024-11-18T20:45:29.917+0000] {dag.py:3089} INFO - Sync 1 DAGs
[2024-11-18T20:45:29.944+0000] {logging_mixin.py:188} INFO - [2024-11-18T20:45:29.943+0000] {dag.py:3947} INFO - Setting next_dagrun for example_setup_teardown to 2024-11-17 00:00:00+00:00, run_after=2024-11-18 00:00:00+00:00
[2024-11-18T20:45:29.967+0000] {processor.py:183} INFO - Processing /home/airflow/.local/lib/python3.11/site-packages/airflow/example_dags/example_setup_teardown.py took 0.092 seconds
[2024-11-18T20:46:00.171+0000] {processor.py:161} INFO - Started process (PID=324) to work on /home/airflow/.local/lib/python3.11/site-packages/airflow/example_dags/example_setup_teardown.py
[2024-11-18T20:46:00.171+0000] {processor.py:830} INFO - Processing file /home/airflow/.local/lib/python3.11/site-packages/airflow/example_dags/example_setup_teardown.py for tasks to queue
[2024-11-18T20:46:00.173+0000] {logging_mixin.py:188} INFO - [2024-11-18T20:46:00.173+0000] {dagbag.py:545} INFO - Filling up the DagBag from /home/airflow/.local/lib/python3.11/site-packages/airflow/example_dags/example_setup_teardown.py
[2024-11-18T20:46:00.180+0000] {processor.py:840} INFO - DAG(s) 'example_setup_teardown' retrieved from /home/airflow/.local/lib/python3.11/site-packages/airflow/example_dags/example_setup_teardown.py
[2024-11-18T20:46:00.199+0000] {logging_mixin.py:188} INFO - [2024-11-18T20:46:00.198+0000] {dag.py:3089} INFO - Sync 1 DAGs
[2024-11-18T20:46:00.220+0000] {logging_mixin.py:188} INFO - [2024-11-18T20:46:00.219+0000] {dag.py:3947} INFO - Setting next_dagrun for example_setup_teardown to 2024-11-17 00:00:00+00:00, run_after=2024-11-18 00:00:00+00:00
[2024-11-18T20:46:00.239+0000] {processor.py:183} INFO - Processing /home/airflow/.local/lib/python3.11/site-packages/airflow/example_dags/example_setup_teardown.py took 0.074 seconds
[2024-11-18T20:46:30.491+0000] {processor.py:161} INFO - Started process (PID=383) to work on /home/airflow/.local/lib/python3.11/site-packages/airflow/example_dags/example_setup_teardown.py
[2024-11-18T20:46:30.492+0000] {processor.py:830} INFO - Processing file /home/airflow/.local/lib/python3.11/site-packages/airflow/example_dags/example_setup_teardown.py for tasks to queue
[2024-11-18T20:46:30.493+0000] {logging_mixin.py:188} INFO - [2024-11-18T20:46:30.493+0000] {dagbag.py:545} INFO - Filling up the DagBag from /home/airflow/.local/lib/python3.11/site-packages/airflow/example_dags/example_setup_teardown.py
[2024-11-18T20:46:30.499+0000] {processor.py:840} INFO - DAG(s) 'example_setup_teardown' retrieved from /home/airflow/.local/lib/python3.11/site-packages/airflow/example_dags/example_setup_teardown.py
[2024-11-18T20:46:30.517+0000] {logging_mixin.py:188} INFO - [2024-11-18T20:46:30.517+0000] {dag.py:3089} INFO - Sync 1 DAGs
[2024-11-18T20:46:30.537+0000] {logging_mixin.py:188} INFO - [2024-11-18T20:46:30.537+0000] {dag.py:3947} INFO - Setting next_dagrun for example_setup_teardown to 2024-11-17 00:00:00+00:00, run_after=2024-11-18 00:00:00+00:00
[2024-11-18T20:46:30.554+0000] {processor.py:183} INFO - Processing /home/airflow/.local/lib/python3.11/site-packages/airflow/example_dags/example_setup_teardown.py took 0.068 seconds
[2024-11-18T20:47:00.621+0000] {processor.py:161} INFO - Started process (PID=442) to work on /home/airflow/.local/lib/python3.11/site-packages/airflow/example_dags/example_setup_teardown.py
[2024-11-18T20:47:00.622+0000] {processor.py:830} INFO - Processing file /home/airflow/.local/lib/python3.11/site-packages/airflow/example_dags/example_setup_teardown.py for tasks to queue
[2024-11-18T20:47:00.623+0000] {logging_mixin.py:188} INFO - [2024-11-18T20:47:00.623+0000] {dagbag.py:545} INFO - Filling up the DagBag from /home/airflow/.local/lib/python3.11/site-packages/airflow/example_dags/example_setup_teardown.py
[2024-11-18T20:47:00.629+0000] {processor.py:840} INFO - DAG(s) 'example_setup_teardown' retrieved from /home/airflow/.local/lib/python3.11/site-packages/airflow/example_dags/example_setup_teardown.py
[2024-11-18T20:47:00.659+0000] {logging_mixin.py:188} INFO - [2024-11-18T20:47:00.659+0000] {dag.py:3089} INFO - Sync 1 DAGs
[2024-11-18T20:47:00.695+0000] {logging_mixin.py:188} INFO - [2024-11-18T20:47:00.694+0000] {dag.py:3947} INFO - Setting next_dagrun for example_setup_teardown to 2024-11-17 00:00:00+00:00, run_after=2024-11-18 00:00:00+00:00
[2024-11-18T20:47:00.716+0000] {processor.py:183} INFO - Processing /home/airflow/.local/lib/python3.11/site-packages/airflow/example_dags/example_setup_teardown.py took 0.101 seconds
[2024-11-18T20:48:17.754+0000] {processor.py:161} INFO - Started process (PID=84) to work on /home/airflow/.local/lib/python3.11/site-packages/airflow/example_dags/example_setup_teardown.py
[2024-11-18T20:48:17.755+0000] {processor.py:830} INFO - Processing file /home/airflow/.local/lib/python3.11/site-packages/airflow/example_dags/example_setup_teardown.py for tasks to queue
[2024-11-18T20:48:17.757+0000] {logging_mixin.py:188} INFO - [2024-11-18T20:48:17.757+0000] {dagbag.py:545} INFO - Filling up the DagBag from /home/airflow/.local/lib/python3.11/site-packages/airflow/example_dags/example_setup_teardown.py
[2024-11-18T20:48:17.771+0000] {processor.py:840} INFO - DAG(s) 'example_setup_teardown' retrieved from /home/airflow/.local/lib/python3.11/site-packages/airflow/example_dags/example_setup_teardown.py
[2024-11-18T20:48:17.789+0000] {logging_mixin.py:188} INFO - [2024-11-18T20:48:17.789+0000] {dag.py:3089} INFO - Sync 1 DAGs
[2024-11-18T20:48:17.830+0000] {logging_mixin.py:188} INFO - [2024-11-18T20:48:17.830+0000] {dag.py:3947} INFO - Setting next_dagrun for example_setup_teardown to 2024-11-17 00:00:00+00:00, run_after=2024-11-18 00:00:00+00:00
[2024-11-18T20:48:17.873+0000] {processor.py:183} INFO - Processing /home/airflow/.local/lib/python3.11/site-packages/airflow/example_dags/example_setup_teardown.py took 0.127 seconds
[2024-11-18T20:48:49.018+0000] {processor.py:161} INFO - Started process (PID=143) to work on /home/airflow/.local/lib/python3.11/site-packages/airflow/example_dags/example_setup_teardown.py
[2024-11-18T20:48:49.020+0000] {processor.py:830} INFO - Processing file /home/airflow/.local/lib/python3.11/site-packages/airflow/example_dags/example_setup_teardown.py for tasks to queue
[2024-11-18T20:48:49.022+0000] {logging_mixin.py:188} INFO - [2024-11-18T20:48:49.022+0000] {dagbag.py:545} INFO - Filling up the DagBag from /home/airflow/.local/lib/python3.11/site-packages/airflow/example_dags/example_setup_teardown.py
[2024-11-18T20:48:49.030+0000] {processor.py:840} INFO - DAG(s) 'example_setup_teardown' retrieved from /home/airflow/.local/lib/python3.11/site-packages/airflow/example_dags/example_setup_teardown.py
[2024-11-18T20:48:49.125+0000] {logging_mixin.py:188} INFO - [2024-11-18T20:48:49.124+0000] {dag.py:3089} INFO - Sync 1 DAGs
[2024-11-18T20:48:49.142+0000] {logging_mixin.py:188} INFO - [2024-11-18T20:48:49.141+0000] {dag.py:3947} INFO - Setting next_dagrun for example_setup_teardown to 2024-11-17 00:00:00+00:00, run_after=2024-11-18 00:00:00+00:00
[2024-11-18T20:48:49.158+0000] {processor.py:183} INFO - Processing /home/airflow/.local/lib/python3.11/site-packages/airflow/example_dags/example_setup_teardown.py took 0.148 seconds
[2024-11-18T20:49:19.686+0000] {processor.py:161} INFO - Started process (PID=202) to work on /home/airflow/.local/lib/python3.11/site-packages/airflow/example_dags/example_setup_teardown.py
[2024-11-18T20:49:19.687+0000] {processor.py:830} INFO - Processing file /home/airflow/.local/lib/python3.11/site-packages/airflow/example_dags/example_setup_teardown.py for tasks to queue
[2024-11-18T20:49:19.690+0000] {logging_mixin.py:188} INFO - [2024-11-18T20:49:19.689+0000] {dagbag.py:545} INFO - Filling up the DagBag from /home/airflow/.local/lib/python3.11/site-packages/airflow/example_dags/example_setup_teardown.py
[2024-11-18T20:49:19.696+0000] {processor.py:840} INFO - DAG(s) 'example_setup_teardown' retrieved from /home/airflow/.local/lib/python3.11/site-packages/airflow/example_dags/example_setup_teardown.py
[2024-11-18T20:49:19.717+0000] {logging_mixin.py:188} INFO - [2024-11-18T20:49:19.717+0000] {dag.py:3089} INFO - Sync 1 DAGs
[2024-11-18T20:49:19.740+0000] {logging_mixin.py:188} INFO - [2024-11-18T20:49:19.740+0000] {dag.py:3947} INFO - Setting next_dagrun for example_setup_teardown to 2024-11-17 00:00:00+00:00, run_after=2024-11-18 00:00:00+00:00
[2024-11-18T20:49:19.761+0000] {processor.py:183} INFO - Processing /home/airflow/.local/lib/python3.11/site-packages/airflow/example_dags/example_setup_teardown.py took 0.080 seconds
[2024-11-18T20:50:39.790+0000] {processor.py:161} INFO - Started process (PID=89) to work on /home/airflow/.local/lib/python3.11/site-packages/airflow/example_dags/example_setup_teardown.py
[2024-11-18T20:50:39.792+0000] {processor.py:830} INFO - Processing file /home/airflow/.local/lib/python3.11/site-packages/airflow/example_dags/example_setup_teardown.py for tasks to queue
[2024-11-18T20:50:39.794+0000] {logging_mixin.py:188} INFO - [2024-11-18T20:50:39.794+0000] {dagbag.py:545} INFO - Filling up the DagBag from /home/airflow/.local/lib/python3.11/site-packages/airflow/example_dags/example_setup_teardown.py
[2024-11-18T20:50:39.805+0000] {processor.py:840} INFO - DAG(s) 'example_setup_teardown' retrieved from /home/airflow/.local/lib/python3.11/site-packages/airflow/example_dags/example_setup_teardown.py
[2024-11-18T20:50:39.820+0000] {logging_mixin.py:188} INFO - [2024-11-18T20:50:39.819+0000] {dag.py:3089} INFO - Sync 1 DAGs
[2024-11-18T20:50:39.851+0000] {logging_mixin.py:188} INFO - [2024-11-18T20:50:39.851+0000] {dag.py:3947} INFO - Setting next_dagrun for example_setup_teardown to 2024-11-17 00:00:00+00:00, run_after=2024-11-18 00:00:00+00:00
[2024-11-18T20:50:39.872+0000] {processor.py:183} INFO - Processing /home/airflow/.local/lib/python3.11/site-packages/airflow/example_dags/example_setup_teardown.py took 0.091 seconds
[2024-11-18T20:51:13.180+0000] {processor.py:161} INFO - Started process (PID=148) to work on /home/airflow/.local/lib/python3.11/site-packages/airflow/example_dags/example_setup_teardown.py
[2024-11-18T20:51:13.181+0000] {processor.py:830} INFO - Processing file /home/airflow/.local/lib/python3.11/site-packages/airflow/example_dags/example_setup_teardown.py for tasks to queue
[2024-11-18T20:51:13.184+0000] {logging_mixin.py:188} INFO - [2024-11-18T20:51:13.183+0000] {dagbag.py:545} INFO - Filling up the DagBag from /home/airflow/.local/lib/python3.11/site-packages/airflow/example_dags/example_setup_teardown.py
[2024-11-18T20:51:13.191+0000] {processor.py:840} INFO - DAG(s) 'example_setup_teardown' retrieved from /home/airflow/.local/lib/python3.11/site-packages/airflow/example_dags/example_setup_teardown.py
[2024-11-18T20:51:13.293+0000] {logging_mixin.py:188} INFO - [2024-11-18T20:51:13.292+0000] {dag.py:3089} INFO - Sync 1 DAGs
[2024-11-18T20:51:13.311+0000] {logging_mixin.py:188} INFO - [2024-11-18T20:51:13.310+0000] {dag.py:3947} INFO - Setting next_dagrun for example_setup_teardown to 2024-11-17 00:00:00+00:00, run_after=2024-11-18 00:00:00+00:00
[2024-11-18T20:51:13.329+0000] {processor.py:183} INFO - Processing /home/airflow/.local/lib/python3.11/site-packages/airflow/example_dags/example_setup_teardown.py took 0.154 seconds
[2024-11-18T20:51:43.854+0000] {processor.py:161} INFO - Started process (PID=207) to work on /home/airflow/.local/lib/python3.11/site-packages/airflow/example_dags/example_setup_teardown.py
[2024-11-18T20:51:43.855+0000] {processor.py:830} INFO - Processing file /home/airflow/.local/lib/python3.11/site-packages/airflow/example_dags/example_setup_teardown.py for tasks to queue
[2024-11-18T20:51:43.870+0000] {logging_mixin.py:188} INFO - [2024-11-18T20:51:43.869+0000] {dagbag.py:545} INFO - Filling up the DagBag from /home/airflow/.local/lib/python3.11/site-packages/airflow/example_dags/example_setup_teardown.py
[2024-11-18T20:51:43.877+0000] {processor.py:840} INFO - DAG(s) 'example_setup_teardown' retrieved from /home/airflow/.local/lib/python3.11/site-packages/airflow/example_dags/example_setup_teardown.py
[2024-11-18T20:51:43.895+0000] {logging_mixin.py:188} INFO - [2024-11-18T20:51:43.895+0000] {dag.py:3089} INFO - Sync 1 DAGs
[2024-11-18T20:51:43.916+0000] {logging_mixin.py:188} INFO - [2024-11-18T20:51:43.916+0000] {dag.py:3947} INFO - Setting next_dagrun for example_setup_teardown to 2024-11-17 00:00:00+00:00, run_after=2024-11-18 00:00:00+00:00
[2024-11-18T20:51:43.938+0000] {processor.py:183} INFO - Processing /home/airflow/.local/lib/python3.11/site-packages/airflow/example_dags/example_setup_teardown.py took 0.088 seconds
[2024-11-18T20:52:15.066+0000] {processor.py:161} INFO - Started process (PID=266) to work on /home/airflow/.local/lib/python3.11/site-packages/airflow/example_dags/example_setup_teardown.py
[2024-11-18T20:52:15.067+0000] {processor.py:830} INFO - Processing file /home/airflow/.local/lib/python3.11/site-packages/airflow/example_dags/example_setup_teardown.py for tasks to queue
[2024-11-18T20:52:15.069+0000] {logging_mixin.py:188} INFO - [2024-11-18T20:52:15.069+0000] {dagbag.py:545} INFO - Filling up the DagBag from /home/airflow/.local/lib/python3.11/site-packages/airflow/example_dags/example_setup_teardown.py
[2024-11-18T20:52:15.078+0000] {processor.py:840} INFO - DAG(s) 'example_setup_teardown' retrieved from /home/airflow/.local/lib/python3.11/site-packages/airflow/example_dags/example_setup_teardown.py
[2024-11-18T20:52:15.104+0000] {logging_mixin.py:188} INFO - [2024-11-18T20:52:15.103+0000] {dag.py:3089} INFO - Sync 1 DAGs
[2024-11-18T20:52:15.139+0000] {logging_mixin.py:188} INFO - [2024-11-18T20:52:15.138+0000] {dag.py:3947} INFO - Setting next_dagrun for example_setup_teardown to 2024-11-17 00:00:00+00:00, run_after=2024-11-18 00:00:00+00:00
[2024-11-18T20:52:15.165+0000] {processor.py:183} INFO - Processing /home/airflow/.local/lib/python3.11/site-packages/airflow/example_dags/example_setup_teardown.py took 0.106 seconds
[2024-11-18T20:52:45.896+0000] {processor.py:161} INFO - Started process (PID=324) to work on /home/airflow/.local/lib/python3.11/site-packages/airflow/example_dags/example_setup_teardown.py
[2024-11-18T20:52:45.898+0000] {processor.py:830} INFO - Processing file /home/airflow/.local/lib/python3.11/site-packages/airflow/example_dags/example_setup_teardown.py for tasks to queue
[2024-11-18T20:52:45.901+0000] {logging_mixin.py:188} INFO - [2024-11-18T20:52:45.901+0000] {dagbag.py:545} INFO - Filling up the DagBag from /home/airflow/.local/lib/python3.11/site-packages/airflow/example_dags/example_setup_teardown.py
[2024-11-18T20:52:45.912+0000] {processor.py:840} INFO - DAG(s) 'example_setup_teardown' retrieved from /home/airflow/.local/lib/python3.11/site-packages/airflow/example_dags/example_setup_teardown.py
[2024-11-18T20:52:45.963+0000] {logging_mixin.py:188} INFO - [2024-11-18T20:52:45.962+0000] {dag.py:3089} INFO - Sync 1 DAGs
[2024-11-18T20:52:46.003+0000] {logging_mixin.py:188} INFO - [2024-11-18T20:52:46.003+0000] {dag.py:3947} INFO - Setting next_dagrun for example_setup_teardown to 2024-11-17 00:00:00+00:00, run_after=2024-11-18 00:00:00+00:00
[2024-11-18T20:52:46.061+0000] {processor.py:183} INFO - Processing /home/airflow/.local/lib/python3.11/site-packages/airflow/example_dags/example_setup_teardown.py took 0.172 seconds
[2024-11-18T20:53:16.576+0000] {processor.py:161} INFO - Started process (PID=383) to work on /home/airflow/.local/lib/python3.11/site-packages/airflow/example_dags/example_setup_teardown.py
[2024-11-18T20:53:16.579+0000] {processor.py:830} INFO - Processing file /home/airflow/.local/lib/python3.11/site-packages/airflow/example_dags/example_setup_teardown.py for tasks to queue
[2024-11-18T20:53:16.581+0000] {logging_mixin.py:188} INFO - [2024-11-18T20:53:16.581+0000] {dagbag.py:545} INFO - Filling up the DagBag from /home/airflow/.local/lib/python3.11/site-packages/airflow/example_dags/example_setup_teardown.py
[2024-11-18T20:53:16.594+0000] {processor.py:840} INFO - DAG(s) 'example_setup_teardown' retrieved from /home/airflow/.local/lib/python3.11/site-packages/airflow/example_dags/example_setup_teardown.py
[2024-11-18T20:53:16.639+0000] {logging_mixin.py:188} INFO - [2024-11-18T20:53:16.639+0000] {dag.py:3089} INFO - Sync 1 DAGs
[2024-11-18T20:53:16.668+0000] {logging_mixin.py:188} INFO - [2024-11-18T20:53:16.668+0000] {dag.py:3947} INFO - Setting next_dagrun for example_setup_teardown to 2024-11-17 00:00:00+00:00, run_after=2024-11-18 00:00:00+00:00
[2024-11-18T20:53:16.711+0000] {processor.py:183} INFO - Processing /home/airflow/.local/lib/python3.11/site-packages/airflow/example_dags/example_setup_teardown.py took 0.143 seconds
[2024-11-18T20:53:47.483+0000] {processor.py:161} INFO - Started process (PID=442) to work on /home/airflow/.local/lib/python3.11/site-packages/airflow/example_dags/example_setup_teardown.py
[2024-11-18T20:53:47.489+0000] {processor.py:830} INFO - Processing file /home/airflow/.local/lib/python3.11/site-packages/airflow/example_dags/example_setup_teardown.py for tasks to queue
[2024-11-18T20:53:47.492+0000] {logging_mixin.py:188} INFO - [2024-11-18T20:53:47.491+0000] {dagbag.py:545} INFO - Filling up the DagBag from /home/airflow/.local/lib/python3.11/site-packages/airflow/example_dags/example_setup_teardown.py
[2024-11-18T20:53:47.500+0000] {processor.py:840} INFO - DAG(s) 'example_setup_teardown' retrieved from /home/airflow/.local/lib/python3.11/site-packages/airflow/example_dags/example_setup_teardown.py
[2024-11-18T20:53:47.521+0000] {logging_mixin.py:188} INFO - [2024-11-18T20:53:47.521+0000] {dag.py:3089} INFO - Sync 1 DAGs
[2024-11-18T20:53:47.553+0000] {logging_mixin.py:188} INFO - [2024-11-18T20:53:47.553+0000] {dag.py:3947} INFO - Setting next_dagrun for example_setup_teardown to 2024-11-17 00:00:00+00:00, run_after=2024-11-18 00:00:00+00:00
[2024-11-18T20:53:47.580+0000] {processor.py:183} INFO - Processing /home/airflow/.local/lib/python3.11/site-packages/airflow/example_dags/example_setup_teardown.py took 0.104 seconds
[2024-11-18T20:54:17.657+0000] {processor.py:161} INFO - Started process (PID=501) to work on /home/airflow/.local/lib/python3.11/site-packages/airflow/example_dags/example_setup_teardown.py
[2024-11-18T20:54:17.667+0000] {processor.py:830} INFO - Processing file /home/airflow/.local/lib/python3.11/site-packages/airflow/example_dags/example_setup_teardown.py for tasks to queue
[2024-11-18T20:54:17.669+0000] {logging_mixin.py:188} INFO - [2024-11-18T20:54:17.669+0000] {dagbag.py:545} INFO - Filling up the DagBag from /home/airflow/.local/lib/python3.11/site-packages/airflow/example_dags/example_setup_teardown.py
[2024-11-18T20:54:17.677+0000] {processor.py:840} INFO - DAG(s) 'example_setup_teardown' retrieved from /home/airflow/.local/lib/python3.11/site-packages/airflow/example_dags/example_setup_teardown.py
[2024-11-18T20:54:17.700+0000] {logging_mixin.py:188} INFO - [2024-11-18T20:54:17.700+0000] {dag.py:3089} INFO - Sync 1 DAGs
[2024-11-18T20:54:17.722+0000] {logging_mixin.py:188} INFO - [2024-11-18T20:54:17.722+0000] {dag.py:3947} INFO - Setting next_dagrun for example_setup_teardown to 2024-11-17 00:00:00+00:00, run_after=2024-11-18 00:00:00+00:00
[2024-11-18T20:54:17.742+0000] {processor.py:183} INFO - Processing /home/airflow/.local/lib/python3.11/site-packages/airflow/example_dags/example_setup_teardown.py took 0.092 seconds
[2024-11-18T20:54:48.351+0000] {processor.py:161} INFO - Started process (PID=560) to work on /home/airflow/.local/lib/python3.11/site-packages/airflow/example_dags/example_setup_teardown.py
[2024-11-18T20:54:48.352+0000] {processor.py:830} INFO - Processing file /home/airflow/.local/lib/python3.11/site-packages/airflow/example_dags/example_setup_teardown.py for tasks to queue
[2024-11-18T20:54:48.354+0000] {logging_mixin.py:188} INFO - [2024-11-18T20:54:48.353+0000] {dagbag.py:545} INFO - Filling up the DagBag from /home/airflow/.local/lib/python3.11/site-packages/airflow/example_dags/example_setup_teardown.py
[2024-11-18T20:54:48.361+0000] {processor.py:840} INFO - DAG(s) 'example_setup_teardown' retrieved from /home/airflow/.local/lib/python3.11/site-packages/airflow/example_dags/example_setup_teardown.py
[2024-11-18T20:54:48.383+0000] {logging_mixin.py:188} INFO - [2024-11-18T20:54:48.383+0000] {dag.py:3089} INFO - Sync 1 DAGs
[2024-11-18T20:54:48.409+0000] {logging_mixin.py:188} INFO - [2024-11-18T20:54:48.408+0000] {dag.py:3947} INFO - Setting next_dagrun for example_setup_teardown to 2024-11-17 00:00:00+00:00, run_after=2024-11-18 00:00:00+00:00
[2024-11-18T20:54:48.432+0000] {processor.py:183} INFO - Processing /home/airflow/.local/lib/python3.11/site-packages/airflow/example_dags/example_setup_teardown.py took 0.086 seconds
[2024-11-18T20:55:18.607+0000] {processor.py:161} INFO - Started process (PID=619) to work on /home/airflow/.local/lib/python3.11/site-packages/airflow/example_dags/example_setup_teardown.py
[2024-11-18T20:55:18.608+0000] {processor.py:830} INFO - Processing file /home/airflow/.local/lib/python3.11/site-packages/airflow/example_dags/example_setup_teardown.py for tasks to queue
[2024-11-18T20:55:18.609+0000] {logging_mixin.py:188} INFO - [2024-11-18T20:55:18.609+0000] {dagbag.py:545} INFO - Filling up the DagBag from /home/airflow/.local/lib/python3.11/site-packages/airflow/example_dags/example_setup_teardown.py
[2024-11-18T20:55:18.616+0000] {processor.py:840} INFO - DAG(s) 'example_setup_teardown' retrieved from /home/airflow/.local/lib/python3.11/site-packages/airflow/example_dags/example_setup_teardown.py
[2024-11-18T20:55:18.634+0000] {logging_mixin.py:188} INFO - [2024-11-18T20:55:18.634+0000] {dag.py:3089} INFO - Sync 1 DAGs
[2024-11-18T20:55:18.656+0000] {logging_mixin.py:188} INFO - [2024-11-18T20:55:18.655+0000] {dag.py:3947} INFO - Setting next_dagrun for example_setup_teardown to 2024-11-17 00:00:00+00:00, run_after=2024-11-18 00:00:00+00:00
[2024-11-18T20:55:18.675+0000] {processor.py:183} INFO - Processing /home/airflow/.local/lib/python3.11/site-packages/airflow/example_dags/example_setup_teardown.py took 0.074 seconds
[2024-11-18T20:55:48.737+0000] {processor.py:161} INFO - Started process (PID=678) to work on /home/airflow/.local/lib/python3.11/site-packages/airflow/example_dags/example_setup_teardown.py
[2024-11-18T20:55:48.737+0000] {processor.py:830} INFO - Processing file /home/airflow/.local/lib/python3.11/site-packages/airflow/example_dags/example_setup_teardown.py for tasks to queue
[2024-11-18T20:55:48.739+0000] {logging_mixin.py:188} INFO - [2024-11-18T20:55:48.739+0000] {dagbag.py:545} INFO - Filling up the DagBag from /home/airflow/.local/lib/python3.11/site-packages/airflow/example_dags/example_setup_teardown.py
[2024-11-18T20:55:48.745+0000] {processor.py:840} INFO - DAG(s) 'example_setup_teardown' retrieved from /home/airflow/.local/lib/python3.11/site-packages/airflow/example_dags/example_setup_teardown.py
[2024-11-18T20:55:48.763+0000] {logging_mixin.py:188} INFO - [2024-11-18T20:55:48.763+0000] {dag.py:3089} INFO - Sync 1 DAGs
[2024-11-18T20:55:48.784+0000] {logging_mixin.py:188} INFO - [2024-11-18T20:55:48.784+0000] {dag.py:3947} INFO - Setting next_dagrun for example_setup_teardown to 2024-11-17 00:00:00+00:00, run_after=2024-11-18 00:00:00+00:00
[2024-11-18T20:55:48.802+0000] {processor.py:183} INFO - Processing /home/airflow/.local/lib/python3.11/site-packages/airflow/example_dags/example_setup_teardown.py took 0.070 seconds
[2024-11-18T20:56:19.477+0000] {processor.py:161} INFO - Started process (PID=737) to work on /home/airflow/.local/lib/python3.11/site-packages/airflow/example_dags/example_setup_teardown.py
[2024-11-18T20:56:19.478+0000] {processor.py:830} INFO - Processing file /home/airflow/.local/lib/python3.11/site-packages/airflow/example_dags/example_setup_teardown.py for tasks to queue
[2024-11-18T20:56:19.481+0000] {logging_mixin.py:188} INFO - [2024-11-18T20:56:19.480+0000] {dagbag.py:545} INFO - Filling up the DagBag from /home/airflow/.local/lib/python3.11/site-packages/airflow/example_dags/example_setup_teardown.py
[2024-11-18T20:56:19.499+0000] {processor.py:840} INFO - DAG(s) 'example_setup_teardown' retrieved from /home/airflow/.local/lib/python3.11/site-packages/airflow/example_dags/example_setup_teardown.py
[2024-11-18T20:56:19.549+0000] {logging_mixin.py:188} INFO - [2024-11-18T20:56:19.549+0000] {dag.py:3089} INFO - Sync 1 DAGs
[2024-11-18T20:56:19.596+0000] {logging_mixin.py:188} INFO - [2024-11-18T20:56:19.595+0000] {dag.py:3947} INFO - Setting next_dagrun for example_setup_teardown to 2024-11-17 00:00:00+00:00, run_after=2024-11-18 00:00:00+00:00
[2024-11-18T20:56:19.626+0000] {processor.py:183} INFO - Processing /home/airflow/.local/lib/python3.11/site-packages/airflow/example_dags/example_setup_teardown.py took 0.160 seconds
[2024-11-18T20:56:50.535+0000] {processor.py:161} INFO - Started process (PID=796) to work on /home/airflow/.local/lib/python3.11/site-packages/airflow/example_dags/example_setup_teardown.py
[2024-11-18T20:56:50.536+0000] {processor.py:830} INFO - Processing file /home/airflow/.local/lib/python3.11/site-packages/airflow/example_dags/example_setup_teardown.py for tasks to queue
[2024-11-18T20:56:50.538+0000] {logging_mixin.py:188} INFO - [2024-11-18T20:56:50.537+0000] {dagbag.py:545} INFO - Filling up the DagBag from /home/airflow/.local/lib/python3.11/site-packages/airflow/example_dags/example_setup_teardown.py
[2024-11-18T20:56:50.544+0000] {processor.py:840} INFO - DAG(s) 'example_setup_teardown' retrieved from /home/airflow/.local/lib/python3.11/site-packages/airflow/example_dags/example_setup_teardown.py
[2024-11-18T20:56:50.563+0000] {logging_mixin.py:188} INFO - [2024-11-18T20:56:50.563+0000] {dag.py:3089} INFO - Sync 1 DAGs
[2024-11-18T20:56:50.584+0000] {logging_mixin.py:188} INFO - [2024-11-18T20:56:50.584+0000] {dag.py:3947} INFO - Setting next_dagrun for example_setup_teardown to 2024-11-17 00:00:00+00:00, run_after=2024-11-18 00:00:00+00:00
[2024-11-18T20:56:50.603+0000] {processor.py:183} INFO - Processing /home/airflow/.local/lib/python3.11/site-packages/airflow/example_dags/example_setup_teardown.py took 0.073 seconds
[2024-11-18T20:57:20.976+0000] {processor.py:161} INFO - Started process (PID=855) to work on /home/airflow/.local/lib/python3.11/site-packages/airflow/example_dags/example_setup_teardown.py
[2024-11-18T20:57:20.977+0000] {processor.py:830} INFO - Processing file /home/airflow/.local/lib/python3.11/site-packages/airflow/example_dags/example_setup_teardown.py for tasks to queue
[2024-11-18T20:57:20.979+0000] {logging_mixin.py:188} INFO - [2024-11-18T20:57:20.979+0000] {dagbag.py:545} INFO - Filling up the DagBag from /home/airflow/.local/lib/python3.11/site-packages/airflow/example_dags/example_setup_teardown.py
[2024-11-18T20:57:20.986+0000] {processor.py:840} INFO - DAG(s) 'example_setup_teardown' retrieved from /home/airflow/.local/lib/python3.11/site-packages/airflow/example_dags/example_setup_teardown.py
[2024-11-18T20:57:21.011+0000] {logging_mixin.py:188} INFO - [2024-11-18T20:57:21.011+0000] {dag.py:3089} INFO - Sync 1 DAGs
[2024-11-18T20:57:21.035+0000] {logging_mixin.py:188} INFO - [2024-11-18T20:57:21.034+0000] {dag.py:3947} INFO - Setting next_dagrun for example_setup_teardown to 2024-11-17 00:00:00+00:00, run_after=2024-11-18 00:00:00+00:00
[2024-11-18T20:57:21.057+0000] {processor.py:183} INFO - Processing /home/airflow/.local/lib/python3.11/site-packages/airflow/example_dags/example_setup_teardown.py took 0.086 seconds
[2024-11-18T20:57:51.425+0000] {processor.py:161} INFO - Started process (PID=914) to work on /home/airflow/.local/lib/python3.11/site-packages/airflow/example_dags/example_setup_teardown.py
[2024-11-18T20:57:51.425+0000] {processor.py:830} INFO - Processing file /home/airflow/.local/lib/python3.11/site-packages/airflow/example_dags/example_setup_teardown.py for tasks to queue
[2024-11-18T20:57:51.427+0000] {logging_mixin.py:188} INFO - [2024-11-18T20:57:51.427+0000] {dagbag.py:545} INFO - Filling up the DagBag from /home/airflow/.local/lib/python3.11/site-packages/airflow/example_dags/example_setup_teardown.py
[2024-11-18T20:57:51.435+0000] {processor.py:840} INFO - DAG(s) 'example_setup_teardown' retrieved from /home/airflow/.local/lib/python3.11/site-packages/airflow/example_dags/example_setup_teardown.py
[2024-11-18T20:57:51.458+0000] {logging_mixin.py:188} INFO - [2024-11-18T20:57:51.458+0000] {dag.py:3089} INFO - Sync 1 DAGs
[2024-11-18T20:57:51.480+0000] {logging_mixin.py:188} INFO - [2024-11-18T20:57:51.480+0000] {dag.py:3947} INFO - Setting next_dagrun for example_setup_teardown to 2024-11-17 00:00:00+00:00, run_after=2024-11-18 00:00:00+00:00
[2024-11-18T20:57:51.509+0000] {processor.py:183} INFO - Processing /home/airflow/.local/lib/python3.11/site-packages/airflow/example_dags/example_setup_teardown.py took 0.089 seconds
[2024-11-18T20:58:21.561+0000] {processor.py:161} INFO - Started process (PID=973) to work on /home/airflow/.local/lib/python3.11/site-packages/airflow/example_dags/example_setup_teardown.py
[2024-11-18T20:58:21.562+0000] {processor.py:830} INFO - Processing file /home/airflow/.local/lib/python3.11/site-packages/airflow/example_dags/example_setup_teardown.py for tasks to queue
[2024-11-18T20:58:21.564+0000] {logging_mixin.py:188} INFO - [2024-11-18T20:58:21.564+0000] {dagbag.py:545} INFO - Filling up the DagBag from /home/airflow/.local/lib/python3.11/site-packages/airflow/example_dags/example_setup_teardown.py
[2024-11-18T20:58:21.572+0000] {processor.py:840} INFO - DAG(s) 'example_setup_teardown' retrieved from /home/airflow/.local/lib/python3.11/site-packages/airflow/example_dags/example_setup_teardown.py
[2024-11-18T20:58:21.597+0000] {logging_mixin.py:188} INFO - [2024-11-18T20:58:21.597+0000] {dag.py:3089} INFO - Sync 1 DAGs
[2024-11-18T20:58:21.626+0000] {logging_mixin.py:188} INFO - [2024-11-18T20:58:21.625+0000] {dag.py:3947} INFO - Setting next_dagrun for example_setup_teardown to 2024-11-17 00:00:00+00:00, run_after=2024-11-18 00:00:00+00:00
[2024-11-18T20:58:21.649+0000] {processor.py:183} INFO - Processing /home/airflow/.local/lib/python3.11/site-packages/airflow/example_dags/example_setup_teardown.py took 0.095 seconds
[2024-11-18T20:58:52.079+0000] {processor.py:161} INFO - Started process (PID=1032) to work on /home/airflow/.local/lib/python3.11/site-packages/airflow/example_dags/example_setup_teardown.py
[2024-11-18T20:58:52.080+0000] {processor.py:830} INFO - Processing file /home/airflow/.local/lib/python3.11/site-packages/airflow/example_dags/example_setup_teardown.py for tasks to queue
[2024-11-18T20:58:52.081+0000] {logging_mixin.py:188} INFO - [2024-11-18T20:58:52.081+0000] {dagbag.py:545} INFO - Filling up the DagBag from /home/airflow/.local/lib/python3.11/site-packages/airflow/example_dags/example_setup_teardown.py
[2024-11-18T20:58:52.087+0000] {processor.py:840} INFO - DAG(s) 'example_setup_teardown' retrieved from /home/airflow/.local/lib/python3.11/site-packages/airflow/example_dags/example_setup_teardown.py
[2024-11-18T20:58:52.104+0000] {logging_mixin.py:188} INFO - [2024-11-18T20:58:52.104+0000] {dag.py:3089} INFO - Sync 1 DAGs
[2024-11-18T20:58:52.127+0000] {logging_mixin.py:188} INFO - [2024-11-18T20:58:52.126+0000] {dag.py:3947} INFO - Setting next_dagrun for example_setup_teardown to 2024-11-17 00:00:00+00:00, run_after=2024-11-18 00:00:00+00:00
[2024-11-18T20:58:52.153+0000] {processor.py:183} INFO - Processing /home/airflow/.local/lib/python3.11/site-packages/airflow/example_dags/example_setup_teardown.py took 0.080 seconds
