[2024-11-18T20:19:06.151+0000] {processor.py:161} INFO - Started process (PID=66) to work on /home/airflow/.local/lib/python3.11/site-packages/airflow/example_dags/example_dag_decorator.py
[2024-11-18T20:19:06.152+0000] {processor.py:830} INFO - Processing file /home/airflow/.local/lib/python3.11/site-packages/airflow/example_dags/example_dag_decorator.py for tasks to queue
[2024-11-18T20:19:06.154+0000] {logging_mixin.py:188} INFO - [2024-11-18T20:19:06.153+0000] {dagbag.py:545} INFO - Filling up the DagBag from /home/airflow/.local/lib/python3.11/site-packages/airflow/example_dags/example_dag_decorator.py
[2024-11-18T20:19:06.639+0000] {processor.py:840} INFO - DAG(s) 'example_dag_decorator' retrieved from /home/airflow/.local/lib/python3.11/site-packages/airflow/example_dags/example_dag_decorator.py
[2024-11-18T20:19:06.761+0000] {logging_mixin.py:188} INFO - [2024-11-18T20:19:06.760+0000] {override.py:1858} INFO - Created Permission View: can edit on DAG:example_dag_decorator
[2024-11-18T20:19:06.771+0000] {logging_mixin.py:188} INFO - [2024-11-18T20:19:06.771+0000] {override.py:1858} INFO - Created Permission View: can delete on DAG:example_dag_decorator
[2024-11-18T20:19:06.778+0000] {logging_mixin.py:188} INFO - [2024-11-18T20:19:06.777+0000] {override.py:1858} INFO - Created Permission View: can read on DAG:example_dag_decorator
[2024-11-18T20:19:06.778+0000] {logging_mixin.py:188} INFO - [2024-11-18T20:19:06.778+0000] {dag.py:3089} INFO - Sync 1 DAGs
[2024-11-18T20:19:06.788+0000] {logging_mixin.py:188} INFO - [2024-11-18T20:19:06.788+0000] {dag.py:3111} INFO - Creating ORM DAG for example_dag_decorator
[2024-11-18T20:19:06.789+0000] {logging_mixin.py:188} INFO - [2024-11-18T20:19:06.789+0000] {dag.py:3947} INFO - Setting next_dagrun for example_dag_decorator to None, run_after=None
[2024-11-18T20:19:06.805+0000] {processor.py:183} INFO - Processing /home/airflow/.local/lib/python3.11/site-packages/airflow/example_dags/example_dag_decorator.py took 0.660 seconds
[2024-11-18T20:19:37.150+0000] {processor.py:161} INFO - Started process (PID=124) to work on /home/airflow/.local/lib/python3.11/site-packages/airflow/example_dags/example_dag_decorator.py
[2024-11-18T20:19:37.151+0000] {processor.py:830} INFO - Processing file /home/airflow/.local/lib/python3.11/site-packages/airflow/example_dags/example_dag_decorator.py for tasks to queue
[2024-11-18T20:19:37.156+0000] {logging_mixin.py:188} INFO - [2024-11-18T20:19:37.155+0000] {dagbag.py:545} INFO - Filling up the DagBag from /home/airflow/.local/lib/python3.11/site-packages/airflow/example_dags/example_dag_decorator.py
[2024-11-18T20:19:37.297+0000] {processor.py:840} INFO - DAG(s) 'example_dag_decorator' retrieved from /home/airflow/.local/lib/python3.11/site-packages/airflow/example_dags/example_dag_decorator.py
[2024-11-18T20:19:37.431+0000] {logging_mixin.py:188} INFO - [2024-11-18T20:19:37.431+0000] {dag.py:3089} INFO - Sync 1 DAGs
[2024-11-18T20:19:37.447+0000] {logging_mixin.py:188} INFO - [2024-11-18T20:19:37.447+0000] {dag.py:3947} INFO - Setting next_dagrun for example_dag_decorator to None, run_after=None
[2024-11-18T20:19:37.483+0000] {processor.py:183} INFO - Processing /home/airflow/.local/lib/python3.11/site-packages/airflow/example_dags/example_dag_decorator.py took 0.341 seconds
[2024-11-18T20:20:08.227+0000] {processor.py:161} INFO - Started process (PID=182) to work on /home/airflow/.local/lib/python3.11/site-packages/airflow/example_dags/example_dag_decorator.py
[2024-11-18T20:20:08.228+0000] {processor.py:830} INFO - Processing file /home/airflow/.local/lib/python3.11/site-packages/airflow/example_dags/example_dag_decorator.py for tasks to queue
[2024-11-18T20:20:08.230+0000] {logging_mixin.py:188} INFO - [2024-11-18T20:20:08.230+0000] {dagbag.py:545} INFO - Filling up the DagBag from /home/airflow/.local/lib/python3.11/site-packages/airflow/example_dags/example_dag_decorator.py
[2024-11-18T20:20:08.320+0000] {processor.py:840} INFO - DAG(s) 'example_dag_decorator' retrieved from /home/airflow/.local/lib/python3.11/site-packages/airflow/example_dags/example_dag_decorator.py
[2024-11-18T20:20:08.404+0000] {logging_mixin.py:188} INFO - [2024-11-18T20:20:08.404+0000] {dag.py:3089} INFO - Sync 1 DAGs
[2024-11-18T20:20:08.413+0000] {logging_mixin.py:188} INFO - [2024-11-18T20:20:08.412+0000] {dag.py:3947} INFO - Setting next_dagrun for example_dag_decorator to None, run_after=None
[2024-11-18T20:20:08.431+0000] {processor.py:183} INFO - Processing /home/airflow/.local/lib/python3.11/site-packages/airflow/example_dags/example_dag_decorator.py took 0.209 seconds
[2024-11-18T20:20:38.757+0000] {processor.py:161} INFO - Started process (PID=240) to work on /home/airflow/.local/lib/python3.11/site-packages/airflow/example_dags/example_dag_decorator.py
[2024-11-18T20:20:38.758+0000] {processor.py:830} INFO - Processing file /home/airflow/.local/lib/python3.11/site-packages/airflow/example_dags/example_dag_decorator.py for tasks to queue
[2024-11-18T20:20:38.760+0000] {logging_mixin.py:188} INFO - [2024-11-18T20:20:38.759+0000] {dagbag.py:545} INFO - Filling up the DagBag from /home/airflow/.local/lib/python3.11/site-packages/airflow/example_dags/example_dag_decorator.py
[2024-11-18T20:20:38.860+0000] {processor.py:840} INFO - DAG(s) 'example_dag_decorator' retrieved from /home/airflow/.local/lib/python3.11/site-packages/airflow/example_dags/example_dag_decorator.py
[2024-11-18T20:20:38.966+0000] {logging_mixin.py:188} INFO - [2024-11-18T20:20:38.966+0000] {dag.py:3089} INFO - Sync 1 DAGs
[2024-11-18T20:20:38.982+0000] {logging_mixin.py:188} INFO - [2024-11-18T20:20:38.981+0000] {dag.py:3947} INFO - Setting next_dagrun for example_dag_decorator to None, run_after=None
[2024-11-18T20:20:39.007+0000] {processor.py:183} INFO - Processing /home/airflow/.local/lib/python3.11/site-packages/airflow/example_dags/example_dag_decorator.py took 0.255 seconds
[2024-11-18T20:21:09.921+0000] {processor.py:161} INFO - Started process (PID=300) to work on /home/airflow/.local/lib/python3.11/site-packages/airflow/example_dags/example_dag_decorator.py
[2024-11-18T20:21:09.922+0000] {processor.py:830} INFO - Processing file /home/airflow/.local/lib/python3.11/site-packages/airflow/example_dags/example_dag_decorator.py for tasks to queue
[2024-11-18T20:21:09.925+0000] {logging_mixin.py:188} INFO - [2024-11-18T20:21:09.924+0000] {dagbag.py:545} INFO - Filling up the DagBag from /home/airflow/.local/lib/python3.11/site-packages/airflow/example_dags/example_dag_decorator.py
[2024-11-18T20:21:10.014+0000] {processor.py:840} INFO - DAG(s) 'example_dag_decorator' retrieved from /home/airflow/.local/lib/python3.11/site-packages/airflow/example_dags/example_dag_decorator.py
[2024-11-18T20:21:10.106+0000] {logging_mixin.py:188} INFO - [2024-11-18T20:21:10.105+0000] {dag.py:3089} INFO - Sync 1 DAGs
[2024-11-18T20:21:10.115+0000] {logging_mixin.py:188} INFO - [2024-11-18T20:21:10.115+0000] {dag.py:3947} INFO - Setting next_dagrun for example_dag_decorator to None, run_after=None
[2024-11-18T20:21:10.145+0000] {processor.py:183} INFO - Processing /home/airflow/.local/lib/python3.11/site-packages/airflow/example_dags/example_dag_decorator.py took 0.229 seconds
[2024-11-18T20:21:40.238+0000] {processor.py:161} INFO - Started process (PID=360) to work on /home/airflow/.local/lib/python3.11/site-packages/airflow/example_dags/example_dag_decorator.py
[2024-11-18T20:21:40.239+0000] {processor.py:830} INFO - Processing file /home/airflow/.local/lib/python3.11/site-packages/airflow/example_dags/example_dag_decorator.py for tasks to queue
[2024-11-18T20:21:40.240+0000] {logging_mixin.py:188} INFO - [2024-11-18T20:21:40.240+0000] {dagbag.py:545} INFO - Filling up the DagBag from /home/airflow/.local/lib/python3.11/site-packages/airflow/example_dags/example_dag_decorator.py
[2024-11-18T20:21:40.326+0000] {processor.py:840} INFO - DAG(s) 'example_dag_decorator' retrieved from /home/airflow/.local/lib/python3.11/site-packages/airflow/example_dags/example_dag_decorator.py
[2024-11-18T20:21:40.414+0000] {logging_mixin.py:188} INFO - [2024-11-18T20:21:40.414+0000] {dag.py:3089} INFO - Sync 1 DAGs
[2024-11-18T20:21:40.423+0000] {logging_mixin.py:188} INFO - [2024-11-18T20:21:40.423+0000] {dag.py:3947} INFO - Setting next_dagrun for example_dag_decorator to None, run_after=None
[2024-11-18T20:21:40.443+0000] {processor.py:183} INFO - Processing /home/airflow/.local/lib/python3.11/site-packages/airflow/example_dags/example_dag_decorator.py took 0.210 seconds
[2024-11-18T20:22:10.706+0000] {processor.py:161} INFO - Started process (PID=415) to work on /home/airflow/.local/lib/python3.11/site-packages/airflow/example_dags/example_dag_decorator.py
[2024-11-18T20:22:10.707+0000] {processor.py:830} INFO - Processing file /home/airflow/.local/lib/python3.11/site-packages/airflow/example_dags/example_dag_decorator.py for tasks to queue
[2024-11-18T20:22:10.708+0000] {logging_mixin.py:188} INFO - [2024-11-18T20:22:10.708+0000] {dagbag.py:545} INFO - Filling up the DagBag from /home/airflow/.local/lib/python3.11/site-packages/airflow/example_dags/example_dag_decorator.py
[2024-11-18T20:22:10.778+0000] {processor.py:840} INFO - DAG(s) 'example_dag_decorator' retrieved from /home/airflow/.local/lib/python3.11/site-packages/airflow/example_dags/example_dag_decorator.py
[2024-11-18T20:22:10.796+0000] {logging_mixin.py:188} INFO - [2024-11-18T20:22:10.795+0000] {dag.py:3089} INFO - Sync 1 DAGs
[2024-11-18T20:22:10.807+0000] {logging_mixin.py:188} INFO - [2024-11-18T20:22:10.806+0000] {dag.py:3947} INFO - Setting next_dagrun for example_dag_decorator to None, run_after=None
[2024-11-18T20:22:10.822+0000] {processor.py:183} INFO - Processing /home/airflow/.local/lib/python3.11/site-packages/airflow/example_dags/example_dag_decorator.py took 0.121 seconds
[2024-11-18T20:22:41.079+0000] {processor.py:161} INFO - Started process (PID=474) to work on /home/airflow/.local/lib/python3.11/site-packages/airflow/example_dags/example_dag_decorator.py
[2024-11-18T20:22:41.080+0000] {processor.py:830} INFO - Processing file /home/airflow/.local/lib/python3.11/site-packages/airflow/example_dags/example_dag_decorator.py for tasks to queue
[2024-11-18T20:22:41.085+0000] {logging_mixin.py:188} INFO - [2024-11-18T20:22:41.084+0000] {dagbag.py:545} INFO - Filling up the DagBag from /home/airflow/.local/lib/python3.11/site-packages/airflow/example_dags/example_dag_decorator.py
[2024-11-18T20:22:41.176+0000] {processor.py:840} INFO - DAG(s) 'example_dag_decorator' retrieved from /home/airflow/.local/lib/python3.11/site-packages/airflow/example_dags/example_dag_decorator.py
[2024-11-18T20:22:41.198+0000] {logging_mixin.py:188} INFO - [2024-11-18T20:22:41.197+0000] {dag.py:3089} INFO - Sync 1 DAGs
[2024-11-18T20:22:41.209+0000] {logging_mixin.py:188} INFO - [2024-11-18T20:22:41.209+0000] {dag.py:3947} INFO - Setting next_dagrun for example_dag_decorator to None, run_after=None
[2024-11-18T20:22:41.232+0000] {processor.py:183} INFO - Processing /home/airflow/.local/lib/python3.11/site-packages/airflow/example_dags/example_dag_decorator.py took 0.159 seconds
[2024-11-18T20:23:11.389+0000] {processor.py:161} INFO - Started process (PID=533) to work on /home/airflow/.local/lib/python3.11/site-packages/airflow/example_dags/example_dag_decorator.py
[2024-11-18T20:23:11.391+0000] {processor.py:830} INFO - Processing file /home/airflow/.local/lib/python3.11/site-packages/airflow/example_dags/example_dag_decorator.py for tasks to queue
[2024-11-18T20:23:11.394+0000] {logging_mixin.py:188} INFO - [2024-11-18T20:23:11.393+0000] {dagbag.py:545} INFO - Filling up the DagBag from /home/airflow/.local/lib/python3.11/site-packages/airflow/example_dags/example_dag_decorator.py
[2024-11-18T20:23:11.495+0000] {processor.py:840} INFO - DAG(s) 'example_dag_decorator' retrieved from /home/airflow/.local/lib/python3.11/site-packages/airflow/example_dags/example_dag_decorator.py
[2024-11-18T20:23:11.597+0000] {logging_mixin.py:188} INFO - [2024-11-18T20:23:11.597+0000] {dag.py:3089} INFO - Sync 1 DAGs
[2024-11-18T20:23:11.611+0000] {logging_mixin.py:188} INFO - [2024-11-18T20:23:11.610+0000] {dag.py:3947} INFO - Setting next_dagrun for example_dag_decorator to None, run_after=None
[2024-11-18T20:23:11.638+0000] {processor.py:183} INFO - Processing /home/airflow/.local/lib/python3.11/site-packages/airflow/example_dags/example_dag_decorator.py took 0.255 seconds
[2024-11-18T20:23:42.515+0000] {processor.py:161} INFO - Started process (PID=591) to work on /home/airflow/.local/lib/python3.11/site-packages/airflow/example_dags/example_dag_decorator.py
[2024-11-18T20:23:42.515+0000] {processor.py:830} INFO - Processing file /home/airflow/.local/lib/python3.11/site-packages/airflow/example_dags/example_dag_decorator.py for tasks to queue
[2024-11-18T20:23:42.518+0000] {logging_mixin.py:188} INFO - [2024-11-18T20:23:42.517+0000] {dagbag.py:545} INFO - Filling up the DagBag from /home/airflow/.local/lib/python3.11/site-packages/airflow/example_dags/example_dag_decorator.py
[2024-11-18T20:23:42.595+0000] {processor.py:840} INFO - DAG(s) 'example_dag_decorator' retrieved from /home/airflow/.local/lib/python3.11/site-packages/airflow/example_dags/example_dag_decorator.py
[2024-11-18T20:23:42.677+0000] {logging_mixin.py:188} INFO - [2024-11-18T20:23:42.677+0000] {dag.py:3089} INFO - Sync 1 DAGs
[2024-11-18T20:23:42.686+0000] {logging_mixin.py:188} INFO - [2024-11-18T20:23:42.685+0000] {dag.py:3947} INFO - Setting next_dagrun for example_dag_decorator to None, run_after=None
[2024-11-18T20:23:42.704+0000] {processor.py:183} INFO - Processing /home/airflow/.local/lib/python3.11/site-packages/airflow/example_dags/example_dag_decorator.py took 0.194 seconds
[2024-11-18T20:24:13.082+0000] {processor.py:161} INFO - Started process (PID=651) to work on /home/airflow/.local/lib/python3.11/site-packages/airflow/example_dags/example_dag_decorator.py
[2024-11-18T20:24:13.083+0000] {processor.py:830} INFO - Processing file /home/airflow/.local/lib/python3.11/site-packages/airflow/example_dags/example_dag_decorator.py for tasks to queue
[2024-11-18T20:24:13.085+0000] {logging_mixin.py:188} INFO - [2024-11-18T20:24:13.084+0000] {dagbag.py:545} INFO - Filling up the DagBag from /home/airflow/.local/lib/python3.11/site-packages/airflow/example_dags/example_dag_decorator.py
[2024-11-18T20:24:13.163+0000] {processor.py:840} INFO - DAG(s) 'example_dag_decorator' retrieved from /home/airflow/.local/lib/python3.11/site-packages/airflow/example_dags/example_dag_decorator.py
[2024-11-18T20:24:13.246+0000] {logging_mixin.py:188} INFO - [2024-11-18T20:24:13.246+0000] {dag.py:3089} INFO - Sync 1 DAGs
[2024-11-18T20:24:13.255+0000] {logging_mixin.py:188} INFO - [2024-11-18T20:24:13.255+0000] {dag.py:3947} INFO - Setting next_dagrun for example_dag_decorator to None, run_after=None
[2024-11-18T20:24:13.274+0000] {processor.py:183} INFO - Processing /home/airflow/.local/lib/python3.11/site-packages/airflow/example_dags/example_dag_decorator.py took 0.197 seconds
[2024-11-18T20:24:43.687+0000] {processor.py:161} INFO - Started process (PID=710) to work on /home/airflow/.local/lib/python3.11/site-packages/airflow/example_dags/example_dag_decorator.py
[2024-11-18T20:24:43.689+0000] {processor.py:830} INFO - Processing file /home/airflow/.local/lib/python3.11/site-packages/airflow/example_dags/example_dag_decorator.py for tasks to queue
[2024-11-18T20:24:43.690+0000] {logging_mixin.py:188} INFO - [2024-11-18T20:24:43.690+0000] {dagbag.py:545} INFO - Filling up the DagBag from /home/airflow/.local/lib/python3.11/site-packages/airflow/example_dags/example_dag_decorator.py
[2024-11-18T20:24:43.779+0000] {processor.py:840} INFO - DAG(s) 'example_dag_decorator' retrieved from /home/airflow/.local/lib/python3.11/site-packages/airflow/example_dags/example_dag_decorator.py
[2024-11-18T20:24:43.859+0000] {logging_mixin.py:188} INFO - [2024-11-18T20:24:43.859+0000] {dag.py:3089} INFO - Sync 1 DAGs
[2024-11-18T20:24:43.870+0000] {logging_mixin.py:188} INFO - [2024-11-18T20:24:43.870+0000] {dag.py:3947} INFO - Setting next_dagrun for example_dag_decorator to None, run_after=None
[2024-11-18T20:24:43.888+0000] {processor.py:183} INFO - Processing /home/airflow/.local/lib/python3.11/site-packages/airflow/example_dags/example_dag_decorator.py took 0.207 seconds
[2024-11-18T20:25:14.006+0000] {processor.py:161} INFO - Started process (PID=769) to work on /home/airflow/.local/lib/python3.11/site-packages/airflow/example_dags/example_dag_decorator.py
[2024-11-18T20:25:14.007+0000] {processor.py:830} INFO - Processing file /home/airflow/.local/lib/python3.11/site-packages/airflow/example_dags/example_dag_decorator.py for tasks to queue
[2024-11-18T20:25:14.009+0000] {logging_mixin.py:188} INFO - [2024-11-18T20:25:14.008+0000] {dagbag.py:545} INFO - Filling up the DagBag from /home/airflow/.local/lib/python3.11/site-packages/airflow/example_dags/example_dag_decorator.py
[2024-11-18T20:25:14.084+0000] {processor.py:840} INFO - DAG(s) 'example_dag_decorator' retrieved from /home/airflow/.local/lib/python3.11/site-packages/airflow/example_dags/example_dag_decorator.py
[2024-11-18T20:25:14.161+0000] {logging_mixin.py:188} INFO - [2024-11-18T20:25:14.161+0000] {dag.py:3089} INFO - Sync 1 DAGs
[2024-11-18T20:25:14.170+0000] {logging_mixin.py:188} INFO - [2024-11-18T20:25:14.170+0000] {dag.py:3947} INFO - Setting next_dagrun for example_dag_decorator to None, run_after=None
[2024-11-18T20:25:14.190+0000] {processor.py:183} INFO - Processing /home/airflow/.local/lib/python3.11/site-packages/airflow/example_dags/example_dag_decorator.py took 0.189 seconds
[2024-11-18T20:25:44.800+0000] {processor.py:161} INFO - Started process (PID=828) to work on /home/airflow/.local/lib/python3.11/site-packages/airflow/example_dags/example_dag_decorator.py
[2024-11-18T20:25:44.800+0000] {processor.py:830} INFO - Processing file /home/airflow/.local/lib/python3.11/site-packages/airflow/example_dags/example_dag_decorator.py for tasks to queue
[2024-11-18T20:25:44.802+0000] {logging_mixin.py:188} INFO - [2024-11-18T20:25:44.802+0000] {dagbag.py:545} INFO - Filling up the DagBag from /home/airflow/.local/lib/python3.11/site-packages/airflow/example_dags/example_dag_decorator.py
[2024-11-18T20:25:44.890+0000] {processor.py:840} INFO - DAG(s) 'example_dag_decorator' retrieved from /home/airflow/.local/lib/python3.11/site-packages/airflow/example_dags/example_dag_decorator.py
[2024-11-18T20:25:44.920+0000] {logging_mixin.py:188} INFO - [2024-11-18T20:25:44.919+0000] {dag.py:3089} INFO - Sync 1 DAGs
[2024-11-18T20:25:44.930+0000] {logging_mixin.py:188} INFO - [2024-11-18T20:25:44.930+0000] {dag.py:3947} INFO - Setting next_dagrun for example_dag_decorator to None, run_after=None
[2024-11-18T20:25:44.948+0000] {processor.py:183} INFO - Processing /home/airflow/.local/lib/python3.11/site-packages/airflow/example_dags/example_dag_decorator.py took 0.153 seconds
[2024-11-18T20:26:15.405+0000] {processor.py:161} INFO - Started process (PID=887) to work on /home/airflow/.local/lib/python3.11/site-packages/airflow/example_dags/example_dag_decorator.py
[2024-11-18T20:26:15.406+0000] {processor.py:830} INFO - Processing file /home/airflow/.local/lib/python3.11/site-packages/airflow/example_dags/example_dag_decorator.py for tasks to queue
[2024-11-18T20:26:15.408+0000] {logging_mixin.py:188} INFO - [2024-11-18T20:26:15.408+0000] {dagbag.py:545} INFO - Filling up the DagBag from /home/airflow/.local/lib/python3.11/site-packages/airflow/example_dags/example_dag_decorator.py
[2024-11-18T20:26:15.480+0000] {processor.py:840} INFO - DAG(s) 'example_dag_decorator' retrieved from /home/airflow/.local/lib/python3.11/site-packages/airflow/example_dags/example_dag_decorator.py
[2024-11-18T20:26:15.502+0000] {logging_mixin.py:188} INFO - [2024-11-18T20:26:15.502+0000] {dag.py:3089} INFO - Sync 1 DAGs
[2024-11-18T20:26:15.512+0000] {logging_mixin.py:188} INFO - [2024-11-18T20:26:15.512+0000] {dag.py:3947} INFO - Setting next_dagrun for example_dag_decorator to None, run_after=None
[2024-11-18T20:26:15.536+0000] {processor.py:183} INFO - Processing /home/airflow/.local/lib/python3.11/site-packages/airflow/example_dags/example_dag_decorator.py took 0.136 seconds
[2024-11-18T20:26:45.807+0000] {processor.py:161} INFO - Started process (PID=946) to work on /home/airflow/.local/lib/python3.11/site-packages/airflow/example_dags/example_dag_decorator.py
[2024-11-18T20:26:45.808+0000] {processor.py:830} INFO - Processing file /home/airflow/.local/lib/python3.11/site-packages/airflow/example_dags/example_dag_decorator.py for tasks to queue
[2024-11-18T20:26:45.810+0000] {logging_mixin.py:188} INFO - [2024-11-18T20:26:45.810+0000] {dagbag.py:545} INFO - Filling up the DagBag from /home/airflow/.local/lib/python3.11/site-packages/airflow/example_dags/example_dag_decorator.py
[2024-11-18T20:26:45.910+0000] {processor.py:840} INFO - DAG(s) 'example_dag_decorator' retrieved from /home/airflow/.local/lib/python3.11/site-packages/airflow/example_dags/example_dag_decorator.py
[2024-11-18T20:26:45.930+0000] {logging_mixin.py:188} INFO - [2024-11-18T20:26:45.930+0000] {dag.py:3089} INFO - Sync 1 DAGs
[2024-11-18T20:26:45.942+0000] {logging_mixin.py:188} INFO - [2024-11-18T20:26:45.942+0000] {dag.py:3947} INFO - Setting next_dagrun for example_dag_decorator to None, run_after=None
[2024-11-18T20:26:45.962+0000] {processor.py:183} INFO - Processing /home/airflow/.local/lib/python3.11/site-packages/airflow/example_dags/example_dag_decorator.py took 0.160 seconds
[2024-11-18T20:27:16.727+0000] {processor.py:161} INFO - Started process (PID=1005) to work on /home/airflow/.local/lib/python3.11/site-packages/airflow/example_dags/example_dag_decorator.py
[2024-11-18T20:27:16.730+0000] {processor.py:830} INFO - Processing file /home/airflow/.local/lib/python3.11/site-packages/airflow/example_dags/example_dag_decorator.py for tasks to queue
[2024-11-18T20:27:16.734+0000] {logging_mixin.py:188} INFO - [2024-11-18T20:27:16.734+0000] {dagbag.py:545} INFO - Filling up the DagBag from /home/airflow/.local/lib/python3.11/site-packages/airflow/example_dags/example_dag_decorator.py
[2024-11-18T20:27:16.972+0000] {processor.py:840} INFO - DAG(s) 'example_dag_decorator' retrieved from /home/airflow/.local/lib/python3.11/site-packages/airflow/example_dags/example_dag_decorator.py
[2024-11-18T20:27:17.279+0000] {logging_mixin.py:188} INFO - [2024-11-18T20:27:17.278+0000] {dag.py:3089} INFO - Sync 1 DAGs
[2024-11-18T20:27:17.326+0000] {logging_mixin.py:188} INFO - [2024-11-18T20:27:17.325+0000] {dag.py:3947} INFO - Setting next_dagrun for example_dag_decorator to None, run_after=None
[2024-11-18T20:27:17.384+0000] {processor.py:183} INFO - Processing /home/airflow/.local/lib/python3.11/site-packages/airflow/example_dags/example_dag_decorator.py took 0.670 seconds
[2024-11-18T20:27:47.788+0000] {processor.py:161} INFO - Started process (PID=1064) to work on /home/airflow/.local/lib/python3.11/site-packages/airflow/example_dags/example_dag_decorator.py
[2024-11-18T20:27:47.790+0000] {processor.py:830} INFO - Processing file /home/airflow/.local/lib/python3.11/site-packages/airflow/example_dags/example_dag_decorator.py for tasks to queue
[2024-11-18T20:27:47.793+0000] {logging_mixin.py:188} INFO - [2024-11-18T20:27:47.792+0000] {dagbag.py:545} INFO - Filling up the DagBag from /home/airflow/.local/lib/python3.11/site-packages/airflow/example_dags/example_dag_decorator.py
[2024-11-18T20:27:47.952+0000] {processor.py:840} INFO - DAG(s) 'example_dag_decorator' retrieved from /home/airflow/.local/lib/python3.11/site-packages/airflow/example_dags/example_dag_decorator.py
[2024-11-18T20:27:48.119+0000] {logging_mixin.py:188} INFO - [2024-11-18T20:27:48.119+0000] {dag.py:3089} INFO - Sync 1 DAGs
[2024-11-18T20:27:48.137+0000] {logging_mixin.py:188} INFO - [2024-11-18T20:27:48.137+0000] {dag.py:3947} INFO - Setting next_dagrun for example_dag_decorator to None, run_after=None
[2024-11-18T20:27:48.171+0000] {processor.py:183} INFO - Processing /home/airflow/.local/lib/python3.11/site-packages/airflow/example_dags/example_dag_decorator.py took 0.392 seconds
[2024-11-18T20:28:19.073+0000] {processor.py:161} INFO - Started process (PID=1125) to work on /home/airflow/.local/lib/python3.11/site-packages/airflow/example_dags/example_dag_decorator.py
[2024-11-18T20:28:19.074+0000] {processor.py:830} INFO - Processing file /home/airflow/.local/lib/python3.11/site-packages/airflow/example_dags/example_dag_decorator.py for tasks to queue
[2024-11-18T20:28:19.076+0000] {logging_mixin.py:188} INFO - [2024-11-18T20:28:19.075+0000] {dagbag.py:545} INFO - Filling up the DagBag from /home/airflow/.local/lib/python3.11/site-packages/airflow/example_dags/example_dag_decorator.py
[2024-11-18T20:28:19.180+0000] {processor.py:840} INFO - DAG(s) 'example_dag_decorator' retrieved from /home/airflow/.local/lib/python3.11/site-packages/airflow/example_dags/example_dag_decorator.py
[2024-11-18T20:28:19.284+0000] {logging_mixin.py:188} INFO - [2024-11-18T20:28:19.284+0000] {dag.py:3089} INFO - Sync 1 DAGs
[2024-11-18T20:28:19.298+0000] {logging_mixin.py:188} INFO - [2024-11-18T20:28:19.298+0000] {dag.py:3947} INFO - Setting next_dagrun for example_dag_decorator to None, run_after=None
[2024-11-18T20:28:19.320+0000] {processor.py:183} INFO - Processing /home/airflow/.local/lib/python3.11/site-packages/airflow/example_dags/example_dag_decorator.py took 0.253 seconds
[2024-11-18T20:28:49.384+0000] {processor.py:161} INFO - Started process (PID=1184) to work on /home/airflow/.local/lib/python3.11/site-packages/airflow/example_dags/example_dag_decorator.py
[2024-11-18T20:28:49.385+0000] {processor.py:830} INFO - Processing file /home/airflow/.local/lib/python3.11/site-packages/airflow/example_dags/example_dag_decorator.py for tasks to queue
[2024-11-18T20:28:49.387+0000] {logging_mixin.py:188} INFO - [2024-11-18T20:28:49.386+0000] {dagbag.py:545} INFO - Filling up the DagBag from /home/airflow/.local/lib/python3.11/site-packages/airflow/example_dags/example_dag_decorator.py
[2024-11-18T20:28:49.487+0000] {processor.py:840} INFO - DAG(s) 'example_dag_decorator' retrieved from /home/airflow/.local/lib/python3.11/site-packages/airflow/example_dags/example_dag_decorator.py
[2024-11-18T20:28:49.508+0000] {logging_mixin.py:188} INFO - [2024-11-18T20:28:49.508+0000] {dag.py:3089} INFO - Sync 1 DAGs
[2024-11-18T20:28:49.521+0000] {logging_mixin.py:188} INFO - [2024-11-18T20:28:49.520+0000] {dag.py:3947} INFO - Setting next_dagrun for example_dag_decorator to None, run_after=None
[2024-11-18T20:28:49.544+0000] {processor.py:183} INFO - Processing /home/airflow/.local/lib/python3.11/site-packages/airflow/example_dags/example_dag_decorator.py took 0.165 seconds
[2024-11-18T20:29:19.707+0000] {processor.py:161} INFO - Started process (PID=1243) to work on /home/airflow/.local/lib/python3.11/site-packages/airflow/example_dags/example_dag_decorator.py
[2024-11-18T20:29:19.708+0000] {processor.py:830} INFO - Processing file /home/airflow/.local/lib/python3.11/site-packages/airflow/example_dags/example_dag_decorator.py for tasks to queue
[2024-11-18T20:29:19.710+0000] {logging_mixin.py:188} INFO - [2024-11-18T20:29:19.710+0000] {dagbag.py:545} INFO - Filling up the DagBag from /home/airflow/.local/lib/python3.11/site-packages/airflow/example_dags/example_dag_decorator.py
[2024-11-18T20:29:19.815+0000] {processor.py:840} INFO - DAG(s) 'example_dag_decorator' retrieved from /home/airflow/.local/lib/python3.11/site-packages/airflow/example_dags/example_dag_decorator.py
[2024-11-18T20:29:19.926+0000] {logging_mixin.py:188} INFO - [2024-11-18T20:29:19.926+0000] {dag.py:3089} INFO - Sync 1 DAGs
[2024-11-18T20:29:19.941+0000] {logging_mixin.py:188} INFO - [2024-11-18T20:29:19.941+0000] {dag.py:3947} INFO - Setting next_dagrun for example_dag_decorator to None, run_after=None
[2024-11-18T20:29:19.971+0000] {processor.py:183} INFO - Processing /home/airflow/.local/lib/python3.11/site-packages/airflow/example_dags/example_dag_decorator.py took 0.273 seconds
[2024-11-18T20:29:50.095+0000] {processor.py:161} INFO - Started process (PID=1302) to work on /home/airflow/.local/lib/python3.11/site-packages/airflow/example_dags/example_dag_decorator.py
[2024-11-18T20:29:50.096+0000] {processor.py:830} INFO - Processing file /home/airflow/.local/lib/python3.11/site-packages/airflow/example_dags/example_dag_decorator.py for tasks to queue
[2024-11-18T20:29:50.097+0000] {logging_mixin.py:188} INFO - [2024-11-18T20:29:50.097+0000] {dagbag.py:545} INFO - Filling up the DagBag from /home/airflow/.local/lib/python3.11/site-packages/airflow/example_dags/example_dag_decorator.py
[2024-11-18T20:29:50.174+0000] {processor.py:840} INFO - DAG(s) 'example_dag_decorator' retrieved from /home/airflow/.local/lib/python3.11/site-packages/airflow/example_dags/example_dag_decorator.py
[2024-11-18T20:29:50.259+0000] {logging_mixin.py:188} INFO - [2024-11-18T20:29:50.259+0000] {dag.py:3089} INFO - Sync 1 DAGs
[2024-11-18T20:29:50.268+0000] {logging_mixin.py:188} INFO - [2024-11-18T20:29:50.268+0000] {dag.py:3947} INFO - Setting next_dagrun for example_dag_decorator to None, run_after=None
[2024-11-18T20:29:50.289+0000] {processor.py:183} INFO - Processing /home/airflow/.local/lib/python3.11/site-packages/airflow/example_dags/example_dag_decorator.py took 0.199 seconds
[2024-11-18T20:30:20.334+0000] {processor.py:161} INFO - Started process (PID=1362) to work on /home/airflow/.local/lib/python3.11/site-packages/airflow/example_dags/example_dag_decorator.py
[2024-11-18T20:30:20.335+0000] {processor.py:830} INFO - Processing file /home/airflow/.local/lib/python3.11/site-packages/airflow/example_dags/example_dag_decorator.py for tasks to queue
[2024-11-18T20:30:20.336+0000] {logging_mixin.py:188} INFO - [2024-11-18T20:30:20.336+0000] {dagbag.py:545} INFO - Filling up the DagBag from /home/airflow/.local/lib/python3.11/site-packages/airflow/example_dags/example_dag_decorator.py
[2024-11-18T20:30:20.444+0000] {processor.py:840} INFO - DAG(s) 'example_dag_decorator' retrieved from /home/airflow/.local/lib/python3.11/site-packages/airflow/example_dags/example_dag_decorator.py
[2024-11-18T20:30:20.564+0000] {logging_mixin.py:188} INFO - [2024-11-18T20:30:20.563+0000] {dag.py:3089} INFO - Sync 1 DAGs
[2024-11-18T20:30:20.574+0000] {logging_mixin.py:188} INFO - [2024-11-18T20:30:20.574+0000] {dag.py:3947} INFO - Setting next_dagrun for example_dag_decorator to None, run_after=None
[2024-11-18T20:30:20.601+0000] {processor.py:183} INFO - Processing /home/airflow/.local/lib/python3.11/site-packages/airflow/example_dags/example_dag_decorator.py took 0.274 seconds
[2024-11-18T20:30:50.648+0000] {processor.py:161} INFO - Started process (PID=1423) to work on /home/airflow/.local/lib/python3.11/site-packages/airflow/example_dags/example_dag_decorator.py
[2024-11-18T20:30:50.649+0000] {processor.py:830} INFO - Processing file /home/airflow/.local/lib/python3.11/site-packages/airflow/example_dags/example_dag_decorator.py for tasks to queue
[2024-11-18T20:30:50.652+0000] {logging_mixin.py:188} INFO - [2024-11-18T20:30:50.652+0000] {dagbag.py:545} INFO - Filling up the DagBag from /home/airflow/.local/lib/python3.11/site-packages/airflow/example_dags/example_dag_decorator.py
[2024-11-18T20:30:50.767+0000] {processor.py:840} INFO - DAG(s) 'example_dag_decorator' retrieved from /home/airflow/.local/lib/python3.11/site-packages/airflow/example_dags/example_dag_decorator.py
[2024-11-18T20:30:50.789+0000] {logging_mixin.py:188} INFO - [2024-11-18T20:30:50.789+0000] {dag.py:3089} INFO - Sync 1 DAGs
[2024-11-18T20:30:50.803+0000] {logging_mixin.py:188} INFO - [2024-11-18T20:30:50.802+0000] {dag.py:3947} INFO - Setting next_dagrun for example_dag_decorator to None, run_after=None
[2024-11-18T20:30:50.821+0000] {processor.py:183} INFO - Processing /home/airflow/.local/lib/python3.11/site-packages/airflow/example_dags/example_dag_decorator.py took 0.179 seconds
[2024-11-18T20:31:20.858+0000] {processor.py:161} INFO - Started process (PID=1482) to work on /home/airflow/.local/lib/python3.11/site-packages/airflow/example_dags/example_dag_decorator.py
[2024-11-18T20:31:20.859+0000] {processor.py:830} INFO - Processing file /home/airflow/.local/lib/python3.11/site-packages/airflow/example_dags/example_dag_decorator.py for tasks to queue
[2024-11-18T20:31:20.861+0000] {logging_mixin.py:188} INFO - [2024-11-18T20:31:20.861+0000] {dagbag.py:545} INFO - Filling up the DagBag from /home/airflow/.local/lib/python3.11/site-packages/airflow/example_dags/example_dag_decorator.py
[2024-11-18T20:31:20.970+0000] {processor.py:840} INFO - DAG(s) 'example_dag_decorator' retrieved from /home/airflow/.local/lib/python3.11/site-packages/airflow/example_dags/example_dag_decorator.py
[2024-11-18T20:31:20.997+0000] {logging_mixin.py:188} INFO - [2024-11-18T20:31:20.995+0000] {dag.py:3089} INFO - Sync 1 DAGs
[2024-11-18T20:31:21.011+0000] {logging_mixin.py:188} INFO - [2024-11-18T20:31:21.011+0000] {dag.py:3947} INFO - Setting next_dagrun for example_dag_decorator to None, run_after=None
[2024-11-18T20:31:21.034+0000] {processor.py:183} INFO - Processing /home/airflow/.local/lib/python3.11/site-packages/airflow/example_dags/example_dag_decorator.py took 0.182 seconds
[2024-11-18T20:31:51.113+0000] {processor.py:161} INFO - Started process (PID=1542) to work on /home/airflow/.local/lib/python3.11/site-packages/airflow/example_dags/example_dag_decorator.py
[2024-11-18T20:31:51.114+0000] {processor.py:830} INFO - Processing file /home/airflow/.local/lib/python3.11/site-packages/airflow/example_dags/example_dag_decorator.py for tasks to queue
[2024-11-18T20:31:51.116+0000] {logging_mixin.py:188} INFO - [2024-11-18T20:31:51.115+0000] {dagbag.py:545} INFO - Filling up the DagBag from /home/airflow/.local/lib/python3.11/site-packages/airflow/example_dags/example_dag_decorator.py
[2024-11-18T20:31:51.198+0000] {processor.py:840} INFO - DAG(s) 'example_dag_decorator' retrieved from /home/airflow/.local/lib/python3.11/site-packages/airflow/example_dags/example_dag_decorator.py
[2024-11-18T20:31:51.289+0000] {logging_mixin.py:188} INFO - [2024-11-18T20:31:51.289+0000] {dag.py:3089} INFO - Sync 1 DAGs
[2024-11-18T20:31:51.298+0000] {logging_mixin.py:188} INFO - [2024-11-18T20:31:51.297+0000] {dag.py:3947} INFO - Setting next_dagrun for example_dag_decorator to None, run_after=None
[2024-11-18T20:31:51.315+0000] {processor.py:183} INFO - Processing /home/airflow/.local/lib/python3.11/site-packages/airflow/example_dags/example_dag_decorator.py took 0.208 seconds
[2024-11-18T20:32:21.592+0000] {processor.py:161} INFO - Started process (PID=1598) to work on /home/airflow/.local/lib/python3.11/site-packages/airflow/example_dags/example_dag_decorator.py
[2024-11-18T20:32:21.593+0000] {processor.py:830} INFO - Processing file /home/airflow/.local/lib/python3.11/site-packages/airflow/example_dags/example_dag_decorator.py for tasks to queue
[2024-11-18T20:32:21.594+0000] {logging_mixin.py:188} INFO - [2024-11-18T20:32:21.594+0000] {dagbag.py:545} INFO - Filling up the DagBag from /home/airflow/.local/lib/python3.11/site-packages/airflow/example_dags/example_dag_decorator.py
[2024-11-18T20:32:21.676+0000] {processor.py:840} INFO - DAG(s) 'example_dag_decorator' retrieved from /home/airflow/.local/lib/python3.11/site-packages/airflow/example_dags/example_dag_decorator.py
[2024-11-18T20:32:21.768+0000] {logging_mixin.py:188} INFO - [2024-11-18T20:32:21.768+0000] {dag.py:3089} INFO - Sync 1 DAGs
[2024-11-18T20:32:21.778+0000] {logging_mixin.py:188} INFO - [2024-11-18T20:32:21.778+0000] {dag.py:3947} INFO - Setting next_dagrun for example_dag_decorator to None, run_after=None
[2024-11-18T20:32:21.798+0000] {processor.py:183} INFO - Processing /home/airflow/.local/lib/python3.11/site-packages/airflow/example_dags/example_dag_decorator.py took 0.212 seconds
[2024-11-18T20:32:52.327+0000] {processor.py:161} INFO - Started process (PID=1657) to work on /home/airflow/.local/lib/python3.11/site-packages/airflow/example_dags/example_dag_decorator.py
[2024-11-18T20:32:52.330+0000] {processor.py:830} INFO - Processing file /home/airflow/.local/lib/python3.11/site-packages/airflow/example_dags/example_dag_decorator.py for tasks to queue
[2024-11-18T20:32:52.332+0000] {logging_mixin.py:188} INFO - [2024-11-18T20:32:52.332+0000] {dagbag.py:545} INFO - Filling up the DagBag from /home/airflow/.local/lib/python3.11/site-packages/airflow/example_dags/example_dag_decorator.py
[2024-11-18T20:32:52.621+0000] {processor.py:840} INFO - DAG(s) 'example_dag_decorator' retrieved from /home/airflow/.local/lib/python3.11/site-packages/airflow/example_dags/example_dag_decorator.py
[2024-11-18T20:32:52.941+0000] {logging_mixin.py:188} INFO - [2024-11-18T20:32:52.940+0000] {dag.py:3089} INFO - Sync 1 DAGs
[2024-11-18T20:32:52.962+0000] {logging_mixin.py:188} INFO - [2024-11-18T20:32:52.962+0000] {dag.py:3947} INFO - Setting next_dagrun for example_dag_decorator to None, run_after=None
[2024-11-18T20:32:53.029+0000] {processor.py:183} INFO - Processing /home/airflow/.local/lib/python3.11/site-packages/airflow/example_dags/example_dag_decorator.py took 0.715 seconds
[2024-11-18T20:33:23.113+0000] {processor.py:161} INFO - Started process (PID=1717) to work on /home/airflow/.local/lib/python3.11/site-packages/airflow/example_dags/example_dag_decorator.py
[2024-11-18T20:33:23.116+0000] {processor.py:830} INFO - Processing file /home/airflow/.local/lib/python3.11/site-packages/airflow/example_dags/example_dag_decorator.py for tasks to queue
[2024-11-18T20:33:23.123+0000] {logging_mixin.py:188} INFO - [2024-11-18T20:33:23.122+0000] {dagbag.py:545} INFO - Filling up the DagBag from /home/airflow/.local/lib/python3.11/site-packages/airflow/example_dags/example_dag_decorator.py
[2024-11-18T20:33:23.349+0000] {processor.py:840} INFO - DAG(s) 'example_dag_decorator' retrieved from /home/airflow/.local/lib/python3.11/site-packages/airflow/example_dags/example_dag_decorator.py
[2024-11-18T20:33:23.541+0000] {logging_mixin.py:188} INFO - [2024-11-18T20:33:23.541+0000] {dag.py:3089} INFO - Sync 1 DAGs
[2024-11-18T20:33:23.570+0000] {logging_mixin.py:188} INFO - [2024-11-18T20:33:23.560+0000] {dag.py:3947} INFO - Setting next_dagrun for example_dag_decorator to None, run_after=None
[2024-11-18T20:33:23.653+0000] {processor.py:183} INFO - Processing /home/airflow/.local/lib/python3.11/site-packages/airflow/example_dags/example_dag_decorator.py took 0.550 seconds
[2024-11-18T20:33:54.338+0000] {processor.py:161} INFO - Started process (PID=1776) to work on /home/airflow/.local/lib/python3.11/site-packages/airflow/example_dags/example_dag_decorator.py
[2024-11-18T20:33:54.340+0000] {processor.py:830} INFO - Processing file /home/airflow/.local/lib/python3.11/site-packages/airflow/example_dags/example_dag_decorator.py for tasks to queue
[2024-11-18T20:33:54.356+0000] {logging_mixin.py:188} INFO - [2024-11-18T20:33:54.355+0000] {dagbag.py:545} INFO - Filling up the DagBag from /home/airflow/.local/lib/python3.11/site-packages/airflow/example_dags/example_dag_decorator.py
[2024-11-18T20:33:54.577+0000] {processor.py:840} INFO - DAG(s) 'example_dag_decorator' retrieved from /home/airflow/.local/lib/python3.11/site-packages/airflow/example_dags/example_dag_decorator.py
[2024-11-18T20:33:54.782+0000] {logging_mixin.py:188} INFO - [2024-11-18T20:33:54.781+0000] {dag.py:3089} INFO - Sync 1 DAGs
[2024-11-18T20:33:54.802+0000] {logging_mixin.py:188} INFO - [2024-11-18T20:33:54.801+0000] {dag.py:3947} INFO - Setting next_dagrun for example_dag_decorator to None, run_after=None
[2024-11-18T20:33:54.872+0000] {processor.py:183} INFO - Processing /home/airflow/.local/lib/python3.11/site-packages/airflow/example_dags/example_dag_decorator.py took 0.552 seconds
[2024-11-18T20:34:25.651+0000] {processor.py:161} INFO - Started process (PID=1836) to work on /home/airflow/.local/lib/python3.11/site-packages/airflow/example_dags/example_dag_decorator.py
[2024-11-18T20:34:25.652+0000] {processor.py:830} INFO - Processing file /home/airflow/.local/lib/python3.11/site-packages/airflow/example_dags/example_dag_decorator.py for tasks to queue
[2024-11-18T20:34:25.654+0000] {logging_mixin.py:188} INFO - [2024-11-18T20:34:25.653+0000] {dagbag.py:545} INFO - Filling up the DagBag from /home/airflow/.local/lib/python3.11/site-packages/airflow/example_dags/example_dag_decorator.py
[2024-11-18T20:34:25.736+0000] {processor.py:840} INFO - DAG(s) 'example_dag_decorator' retrieved from /home/airflow/.local/lib/python3.11/site-packages/airflow/example_dags/example_dag_decorator.py
[2024-11-18T20:34:25.822+0000] {logging_mixin.py:188} INFO - [2024-11-18T20:34:25.822+0000] {dag.py:3089} INFO - Sync 1 DAGs
[2024-11-18T20:34:25.831+0000] {logging_mixin.py:188} INFO - [2024-11-18T20:34:25.831+0000] {dag.py:3947} INFO - Setting next_dagrun for example_dag_decorator to None, run_after=None
[2024-11-18T20:34:25.848+0000] {processor.py:183} INFO - Processing /home/airflow/.local/lib/python3.11/site-packages/airflow/example_dags/example_dag_decorator.py took 0.201 seconds
[2024-11-18T20:34:56.116+0000] {processor.py:161} INFO - Started process (PID=1895) to work on /home/airflow/.local/lib/python3.11/site-packages/airflow/example_dags/example_dag_decorator.py
[2024-11-18T20:34:56.117+0000] {processor.py:830} INFO - Processing file /home/airflow/.local/lib/python3.11/site-packages/airflow/example_dags/example_dag_decorator.py for tasks to queue
[2024-11-18T20:34:56.119+0000] {logging_mixin.py:188} INFO - [2024-11-18T20:34:56.119+0000] {dagbag.py:545} INFO - Filling up the DagBag from /home/airflow/.local/lib/python3.11/site-packages/airflow/example_dags/example_dag_decorator.py
[2024-11-18T20:34:56.194+0000] {processor.py:840} INFO - DAG(s) 'example_dag_decorator' retrieved from /home/airflow/.local/lib/python3.11/site-packages/airflow/example_dags/example_dag_decorator.py
[2024-11-18T20:34:56.285+0000] {logging_mixin.py:188} INFO - [2024-11-18T20:34:56.284+0000] {dag.py:3089} INFO - Sync 1 DAGs
[2024-11-18T20:34:56.294+0000] {logging_mixin.py:188} INFO - [2024-11-18T20:34:56.294+0000] {dag.py:3947} INFO - Setting next_dagrun for example_dag_decorator to None, run_after=None
[2024-11-18T20:34:56.313+0000] {processor.py:183} INFO - Processing /home/airflow/.local/lib/python3.11/site-packages/airflow/example_dags/example_dag_decorator.py took 0.201 seconds
[2024-11-18T20:35:26.432+0000] {processor.py:161} INFO - Started process (PID=1954) to work on /home/airflow/.local/lib/python3.11/site-packages/airflow/example_dags/example_dag_decorator.py
[2024-11-18T20:35:26.433+0000] {processor.py:830} INFO - Processing file /home/airflow/.local/lib/python3.11/site-packages/airflow/example_dags/example_dag_decorator.py for tasks to queue
[2024-11-18T20:35:26.434+0000] {logging_mixin.py:188} INFO - [2024-11-18T20:35:26.434+0000] {dagbag.py:545} INFO - Filling up the DagBag from /home/airflow/.local/lib/python3.11/site-packages/airflow/example_dags/example_dag_decorator.py
[2024-11-18T20:35:26.516+0000] {processor.py:840} INFO - DAG(s) 'example_dag_decorator' retrieved from /home/airflow/.local/lib/python3.11/site-packages/airflow/example_dags/example_dag_decorator.py
[2024-11-18T20:35:26.603+0000] {logging_mixin.py:188} INFO - [2024-11-18T20:35:26.603+0000] {dag.py:3089} INFO - Sync 1 DAGs
[2024-11-18T20:35:26.614+0000] {logging_mixin.py:188} INFO - [2024-11-18T20:35:26.613+0000] {dag.py:3947} INFO - Setting next_dagrun for example_dag_decorator to None, run_after=None
[2024-11-18T20:35:26.634+0000] {processor.py:183} INFO - Processing /home/airflow/.local/lib/python3.11/site-packages/airflow/example_dags/example_dag_decorator.py took 0.207 seconds
[2024-11-18T20:35:57.238+0000] {processor.py:161} INFO - Started process (PID=2013) to work on /home/airflow/.local/lib/python3.11/site-packages/airflow/example_dags/example_dag_decorator.py
[2024-11-18T20:35:57.241+0000] {processor.py:830} INFO - Processing file /home/airflow/.local/lib/python3.11/site-packages/airflow/example_dags/example_dag_decorator.py for tasks to queue
[2024-11-18T20:35:57.264+0000] {logging_mixin.py:188} INFO - [2024-11-18T20:35:57.263+0000] {dagbag.py:545} INFO - Filling up the DagBag from /home/airflow/.local/lib/python3.11/site-packages/airflow/example_dags/example_dag_decorator.py
[2024-11-18T20:35:57.560+0000] {processor.py:840} INFO - DAG(s) 'example_dag_decorator' retrieved from /home/airflow/.local/lib/python3.11/site-packages/airflow/example_dags/example_dag_decorator.py
[2024-11-18T20:35:57.735+0000] {logging_mixin.py:188} INFO - [2024-11-18T20:35:57.735+0000] {dag.py:3089} INFO - Sync 1 DAGs
[2024-11-18T20:35:57.763+0000] {logging_mixin.py:188} INFO - [2024-11-18T20:35:57.763+0000] {dag.py:3947} INFO - Setting next_dagrun for example_dag_decorator to None, run_after=None
[2024-11-18T20:35:57.820+0000] {processor.py:183} INFO - Processing /home/airflow/.local/lib/python3.11/site-packages/airflow/example_dags/example_dag_decorator.py took 0.593 seconds
[2024-11-18T20:36:27.957+0000] {processor.py:161} INFO - Started process (PID=2074) to work on /home/airflow/.local/lib/python3.11/site-packages/airflow/example_dags/example_dag_decorator.py
[2024-11-18T20:36:27.958+0000] {processor.py:830} INFO - Processing file /home/airflow/.local/lib/python3.11/site-packages/airflow/example_dags/example_dag_decorator.py for tasks to queue
[2024-11-18T20:36:27.962+0000] {logging_mixin.py:188} INFO - [2024-11-18T20:36:27.961+0000] {dagbag.py:545} INFO - Filling up the DagBag from /home/airflow/.local/lib/python3.11/site-packages/airflow/example_dags/example_dag_decorator.py
[2024-11-18T20:36:28.284+0000] {processor.py:840} INFO - DAG(s) 'example_dag_decorator' retrieved from /home/airflow/.local/lib/python3.11/site-packages/airflow/example_dags/example_dag_decorator.py
[2024-11-18T20:36:28.578+0000] {logging_mixin.py:188} INFO - [2024-11-18T20:36:28.577+0000] {dag.py:3089} INFO - Sync 1 DAGs
[2024-11-18T20:36:28.598+0000] {logging_mixin.py:188} INFO - [2024-11-18T20:36:28.597+0000] {dag.py:3947} INFO - Setting next_dagrun for example_dag_decorator to None, run_after=None
[2024-11-18T20:36:28.636+0000] {processor.py:183} INFO - Processing /home/airflow/.local/lib/python3.11/site-packages/airflow/example_dags/example_dag_decorator.py took 0.686 seconds
[2024-11-18T20:36:59.271+0000] {processor.py:161} INFO - Started process (PID=2134) to work on /home/airflow/.local/lib/python3.11/site-packages/airflow/example_dags/example_dag_decorator.py
[2024-11-18T20:36:59.272+0000] {processor.py:830} INFO - Processing file /home/airflow/.local/lib/python3.11/site-packages/airflow/example_dags/example_dag_decorator.py for tasks to queue
[2024-11-18T20:36:59.275+0000] {logging_mixin.py:188} INFO - [2024-11-18T20:36:59.274+0000] {dagbag.py:545} INFO - Filling up the DagBag from /home/airflow/.local/lib/python3.11/site-packages/airflow/example_dags/example_dag_decorator.py
[2024-11-18T20:36:59.373+0000] {processor.py:840} INFO - DAG(s) 'example_dag_decorator' retrieved from /home/airflow/.local/lib/python3.11/site-packages/airflow/example_dags/example_dag_decorator.py
[2024-11-18T20:36:59.397+0000] {logging_mixin.py:188} INFO - [2024-11-18T20:36:59.397+0000] {dag.py:3089} INFO - Sync 1 DAGs
[2024-11-18T20:36:59.408+0000] {logging_mixin.py:188} INFO - [2024-11-18T20:36:59.408+0000] {dag.py:3947} INFO - Setting next_dagrun for example_dag_decorator to None, run_after=None
[2024-11-18T20:36:59.431+0000] {processor.py:183} INFO - Processing /home/airflow/.local/lib/python3.11/site-packages/airflow/example_dags/example_dag_decorator.py took 0.166 seconds
[2024-11-18T20:37:30.338+0000] {processor.py:161} INFO - Started process (PID=2193) to work on /home/airflow/.local/lib/python3.11/site-packages/airflow/example_dags/example_dag_decorator.py
[2024-11-18T20:37:30.338+0000] {processor.py:830} INFO - Processing file /home/airflow/.local/lib/python3.11/site-packages/airflow/example_dags/example_dag_decorator.py for tasks to queue
[2024-11-18T20:37:30.340+0000] {logging_mixin.py:188} INFO - [2024-11-18T20:37:30.340+0000] {dagbag.py:545} INFO - Filling up the DagBag from /home/airflow/.local/lib/python3.11/site-packages/airflow/example_dags/example_dag_decorator.py
[2024-11-18T20:37:30.433+0000] {processor.py:840} INFO - DAG(s) 'example_dag_decorator' retrieved from /home/airflow/.local/lib/python3.11/site-packages/airflow/example_dags/example_dag_decorator.py
[2024-11-18T20:37:30.524+0000] {logging_mixin.py:188} INFO - [2024-11-18T20:37:30.524+0000] {dag.py:3089} INFO - Sync 1 DAGs
[2024-11-18T20:37:30.536+0000] {logging_mixin.py:188} INFO - [2024-11-18T20:37:30.536+0000] {dag.py:3947} INFO - Setting next_dagrun for example_dag_decorator to None, run_after=None
[2024-11-18T20:37:30.561+0000] {processor.py:183} INFO - Processing /home/airflow/.local/lib/python3.11/site-packages/airflow/example_dags/example_dag_decorator.py took 0.230 seconds
[2024-11-18T20:38:00.725+0000] {processor.py:161} INFO - Started process (PID=2252) to work on /home/airflow/.local/lib/python3.11/site-packages/airflow/example_dags/example_dag_decorator.py
[2024-11-18T20:38:00.726+0000] {processor.py:830} INFO - Processing file /home/airflow/.local/lib/python3.11/site-packages/airflow/example_dags/example_dag_decorator.py for tasks to queue
[2024-11-18T20:38:00.728+0000] {logging_mixin.py:188} INFO - [2024-11-18T20:38:00.727+0000] {dagbag.py:545} INFO - Filling up the DagBag from /home/airflow/.local/lib/python3.11/site-packages/airflow/example_dags/example_dag_decorator.py
[2024-11-18T20:38:00.849+0000] {processor.py:840} INFO - DAG(s) 'example_dag_decorator' retrieved from /home/airflow/.local/lib/python3.11/site-packages/airflow/example_dags/example_dag_decorator.py
[2024-11-18T20:38:00.881+0000] {logging_mixin.py:188} INFO - [2024-11-18T20:38:00.881+0000] {dag.py:3089} INFO - Sync 1 DAGs
[2024-11-18T20:38:00.903+0000] {logging_mixin.py:188} INFO - [2024-11-18T20:38:00.902+0000] {dag.py:3947} INFO - Setting next_dagrun for example_dag_decorator to None, run_after=None
[2024-11-18T20:38:00.929+0000] {processor.py:183} INFO - Processing /home/airflow/.local/lib/python3.11/site-packages/airflow/example_dags/example_dag_decorator.py took 0.211 seconds
[2024-11-18T20:38:30.988+0000] {processor.py:161} INFO - Started process (PID=2316) to work on /home/airflow/.local/lib/python3.11/site-packages/airflow/example_dags/example_dag_decorator.py
[2024-11-18T20:38:30.989+0000] {processor.py:830} INFO - Processing file /home/airflow/.local/lib/python3.11/site-packages/airflow/example_dags/example_dag_decorator.py for tasks to queue
[2024-11-18T20:38:30.991+0000] {logging_mixin.py:188} INFO - [2024-11-18T20:38:30.990+0000] {dagbag.py:545} INFO - Filling up the DagBag from /home/airflow/.local/lib/python3.11/site-packages/airflow/example_dags/example_dag_decorator.py
[2024-11-18T20:38:31.083+0000] {processor.py:840} INFO - DAG(s) 'example_dag_decorator' retrieved from /home/airflow/.local/lib/python3.11/site-packages/airflow/example_dags/example_dag_decorator.py
[2024-11-18T20:38:31.194+0000] {logging_mixin.py:188} INFO - [2024-11-18T20:38:31.193+0000] {dag.py:3089} INFO - Sync 1 DAGs
[2024-11-18T20:38:31.204+0000] {logging_mixin.py:188} INFO - [2024-11-18T20:38:31.204+0000] {dag.py:3947} INFO - Setting next_dagrun for example_dag_decorator to None, run_after=None
[2024-11-18T20:38:31.227+0000] {processor.py:183} INFO - Processing /home/airflow/.local/lib/python3.11/site-packages/airflow/example_dags/example_dag_decorator.py took 0.245 seconds
[2024-11-18T20:39:01.275+0000] {processor.py:161} INFO - Started process (PID=2383) to work on /home/airflow/.local/lib/python3.11/site-packages/airflow/example_dags/example_dag_decorator.py
[2024-11-18T20:39:01.276+0000] {processor.py:830} INFO - Processing file /home/airflow/.local/lib/python3.11/site-packages/airflow/example_dags/example_dag_decorator.py for tasks to queue
[2024-11-18T20:39:01.278+0000] {logging_mixin.py:188} INFO - [2024-11-18T20:39:01.277+0000] {dagbag.py:545} INFO - Filling up the DagBag from /home/airflow/.local/lib/python3.11/site-packages/airflow/example_dags/example_dag_decorator.py
[2024-11-18T20:39:01.388+0000] {processor.py:840} INFO - DAG(s) 'example_dag_decorator' retrieved from /home/airflow/.local/lib/python3.11/site-packages/airflow/example_dags/example_dag_decorator.py
[2024-11-18T20:39:01.501+0000] {logging_mixin.py:188} INFO - [2024-11-18T20:39:01.501+0000] {dag.py:3089} INFO - Sync 1 DAGs
[2024-11-18T20:39:01.514+0000] {logging_mixin.py:188} INFO - [2024-11-18T20:39:01.513+0000] {dag.py:3947} INFO - Setting next_dagrun for example_dag_decorator to None, run_after=None
[2024-11-18T20:39:01.540+0000] {processor.py:183} INFO - Processing /home/airflow/.local/lib/python3.11/site-packages/airflow/example_dags/example_dag_decorator.py took 0.272 seconds
[2024-11-18T20:39:32.051+0000] {processor.py:161} INFO - Started process (PID=2441) to work on /home/airflow/.local/lib/python3.11/site-packages/airflow/example_dags/example_dag_decorator.py
[2024-11-18T20:39:32.052+0000] {processor.py:830} INFO - Processing file /home/airflow/.local/lib/python3.11/site-packages/airflow/example_dags/example_dag_decorator.py for tasks to queue
[2024-11-18T20:39:32.054+0000] {logging_mixin.py:188} INFO - [2024-11-18T20:39:32.054+0000] {dagbag.py:545} INFO - Filling up the DagBag from /home/airflow/.local/lib/python3.11/site-packages/airflow/example_dags/example_dag_decorator.py
[2024-11-18T20:39:32.140+0000] {processor.py:840} INFO - DAG(s) 'example_dag_decorator' retrieved from /home/airflow/.local/lib/python3.11/site-packages/airflow/example_dags/example_dag_decorator.py
[2024-11-18T20:39:32.241+0000] {logging_mixin.py:188} INFO - [2024-11-18T20:39:32.241+0000] {dag.py:3089} INFO - Sync 1 DAGs
[2024-11-18T20:39:32.250+0000] {logging_mixin.py:188} INFO - [2024-11-18T20:39:32.250+0000] {dag.py:3947} INFO - Setting next_dagrun for example_dag_decorator to None, run_after=None
[2024-11-18T20:39:32.267+0000] {processor.py:183} INFO - Processing /home/airflow/.local/lib/python3.11/site-packages/airflow/example_dags/example_dag_decorator.py took 0.222 seconds
[2024-11-18T20:40:02.882+0000] {processor.py:161} INFO - Started process (PID=2500) to work on /home/airflow/.local/lib/python3.11/site-packages/airflow/example_dags/example_dag_decorator.py
[2024-11-18T20:40:02.883+0000] {processor.py:830} INFO - Processing file /home/airflow/.local/lib/python3.11/site-packages/airflow/example_dags/example_dag_decorator.py for tasks to queue
[2024-11-18T20:40:02.889+0000] {logging_mixin.py:188} INFO - [2024-11-18T20:40:02.888+0000] {dagbag.py:545} INFO - Filling up the DagBag from /home/airflow/.local/lib/python3.11/site-packages/airflow/example_dags/example_dag_decorator.py
[2024-11-18T20:40:02.992+0000] {processor.py:840} INFO - DAG(s) 'example_dag_decorator' retrieved from /home/airflow/.local/lib/python3.11/site-packages/airflow/example_dags/example_dag_decorator.py
[2024-11-18T20:40:03.110+0000] {logging_mixin.py:188} INFO - [2024-11-18T20:40:03.110+0000] {dag.py:3089} INFO - Sync 1 DAGs
[2024-11-18T20:40:03.129+0000] {logging_mixin.py:188} INFO - [2024-11-18T20:40:03.129+0000] {dag.py:3947} INFO - Setting next_dagrun for example_dag_decorator to None, run_after=None
[2024-11-18T20:40:03.168+0000] {processor.py:183} INFO - Processing /home/airflow/.local/lib/python3.11/site-packages/airflow/example_dags/example_dag_decorator.py took 0.293 seconds
[2024-11-18T20:40:33.427+0000] {processor.py:161} INFO - Started process (PID=2560) to work on /home/airflow/.local/lib/python3.11/site-packages/airflow/example_dags/example_dag_decorator.py
[2024-11-18T20:40:33.429+0000] {processor.py:830} INFO - Processing file /home/airflow/.local/lib/python3.11/site-packages/airflow/example_dags/example_dag_decorator.py for tasks to queue
[2024-11-18T20:40:33.434+0000] {logging_mixin.py:188} INFO - [2024-11-18T20:40:33.431+0000] {dagbag.py:545} INFO - Filling up the DagBag from /home/airflow/.local/lib/python3.11/site-packages/airflow/example_dags/example_dag_decorator.py
[2024-11-18T20:40:35.231+0000] {processor.py:840} INFO - DAG(s) 'example_dag_decorator' retrieved from /home/airflow/.local/lib/python3.11/site-packages/airflow/example_dags/example_dag_decorator.py
[2024-11-18T20:40:38.474+0000] {logging_mixin.py:188} INFO - [2024-11-18T20:40:38.472+0000] {dag.py:3089} INFO - Sync 1 DAGs
[2024-11-18T20:40:38.494+0000] {logging_mixin.py:188} INFO - [2024-11-18T20:40:38.494+0000] {dag.py:3947} INFO - Setting next_dagrun for example_dag_decorator to None, run_after=None
[2024-11-18T20:40:38.557+0000] {processor.py:183} INFO - Processing /home/airflow/.local/lib/python3.11/site-packages/airflow/example_dags/example_dag_decorator.py took 5.162 seconds
[2024-11-18T20:43:55.235+0000] {processor.py:161} INFO - Started process (PID=67) to work on /home/airflow/.local/lib/python3.11/site-packages/airflow/example_dags/example_dag_decorator.py
[2024-11-18T20:43:55.236+0000] {processor.py:830} INFO - Processing file /home/airflow/.local/lib/python3.11/site-packages/airflow/example_dags/example_dag_decorator.py for tasks to queue
[2024-11-18T20:43:55.239+0000] {logging_mixin.py:188} INFO - [2024-11-18T20:43:55.239+0000] {dagbag.py:545} INFO - Filling up the DagBag from /home/airflow/.local/lib/python3.11/site-packages/airflow/example_dags/example_dag_decorator.py
[2024-11-18T20:43:55.512+0000] {processor.py:840} INFO - DAG(s) 'example_dag_decorator' retrieved from /home/airflow/.local/lib/python3.11/site-packages/airflow/example_dags/example_dag_decorator.py
[2024-11-18T20:43:55.619+0000] {logging_mixin.py:188} INFO - [2024-11-18T20:43:55.619+0000] {dag.py:3089} INFO - Sync 1 DAGs
[2024-11-18T20:43:55.632+0000] {logging_mixin.py:188} INFO - [2024-11-18T20:43:55.632+0000] {dag.py:3947} INFO - Setting next_dagrun for example_dag_decorator to None, run_after=None
[2024-11-18T20:43:55.654+0000] {processor.py:183} INFO - Processing /home/airflow/.local/lib/python3.11/site-packages/airflow/example_dags/example_dag_decorator.py took 0.427 seconds
[2024-11-18T20:44:26.386+0000] {processor.py:161} INFO - Started process (PID=127) to work on /home/airflow/.local/lib/python3.11/site-packages/airflow/example_dags/example_dag_decorator.py
[2024-11-18T20:44:26.387+0000] {processor.py:830} INFO - Processing file /home/airflow/.local/lib/python3.11/site-packages/airflow/example_dags/example_dag_decorator.py for tasks to queue
[2024-11-18T20:44:26.389+0000] {logging_mixin.py:188} INFO - [2024-11-18T20:44:26.389+0000] {dagbag.py:545} INFO - Filling up the DagBag from /home/airflow/.local/lib/python3.11/site-packages/airflow/example_dags/example_dag_decorator.py
[2024-11-18T20:44:26.533+0000] {processor.py:840} INFO - DAG(s) 'example_dag_decorator' retrieved from /home/airflow/.local/lib/python3.11/site-packages/airflow/example_dags/example_dag_decorator.py
[2024-11-18T20:44:26.673+0000] {logging_mixin.py:188} INFO - [2024-11-18T20:44:26.673+0000] {dag.py:3089} INFO - Sync 1 DAGs
[2024-11-18T20:44:26.691+0000] {logging_mixin.py:188} INFO - [2024-11-18T20:44:26.690+0000] {dag.py:3947} INFO - Setting next_dagrun for example_dag_decorator to None, run_after=None
[2024-11-18T20:44:26.767+0000] {processor.py:183} INFO - Processing /home/airflow/.local/lib/python3.11/site-packages/airflow/example_dags/example_dag_decorator.py took 0.389 seconds
[2024-11-18T20:44:56.861+0000] {processor.py:161} INFO - Started process (PID=187) to work on /home/airflow/.local/lib/python3.11/site-packages/airflow/example_dags/example_dag_decorator.py
[2024-11-18T20:44:56.861+0000] {processor.py:830} INFO - Processing file /home/airflow/.local/lib/python3.11/site-packages/airflow/example_dags/example_dag_decorator.py for tasks to queue
[2024-11-18T20:44:56.864+0000] {logging_mixin.py:188} INFO - [2024-11-18T20:44:56.863+0000] {dagbag.py:545} INFO - Filling up the DagBag from /home/airflow/.local/lib/python3.11/site-packages/airflow/example_dags/example_dag_decorator.py
[2024-11-18T20:44:56.977+0000] {processor.py:840} INFO - DAG(s) 'example_dag_decorator' retrieved from /home/airflow/.local/lib/python3.11/site-packages/airflow/example_dags/example_dag_decorator.py
[2024-11-18T20:44:57.061+0000] {logging_mixin.py:188} INFO - [2024-11-18T20:44:57.060+0000] {dag.py:3089} INFO - Sync 1 DAGs
[2024-11-18T20:44:57.071+0000] {logging_mixin.py:188} INFO - [2024-11-18T20:44:57.071+0000] {dag.py:3947} INFO - Setting next_dagrun for example_dag_decorator to None, run_after=None
[2024-11-18T20:44:57.089+0000] {processor.py:183} INFO - Processing /home/airflow/.local/lib/python3.11/site-packages/airflow/example_dags/example_dag_decorator.py took 0.233 seconds
[2024-11-18T20:45:27.488+0000] {processor.py:161} INFO - Started process (PID=246) to work on /home/airflow/.local/lib/python3.11/site-packages/airflow/example_dags/example_dag_decorator.py
[2024-11-18T20:45:27.489+0000] {processor.py:830} INFO - Processing file /home/airflow/.local/lib/python3.11/site-packages/airflow/example_dags/example_dag_decorator.py for tasks to queue
[2024-11-18T20:45:27.491+0000] {logging_mixin.py:188} INFO - [2024-11-18T20:45:27.490+0000] {dagbag.py:545} INFO - Filling up the DagBag from /home/airflow/.local/lib/python3.11/site-packages/airflow/example_dags/example_dag_decorator.py
[2024-11-18T20:45:27.585+0000] {processor.py:840} INFO - DAG(s) 'example_dag_decorator' retrieved from /home/airflow/.local/lib/python3.11/site-packages/airflow/example_dags/example_dag_decorator.py
[2024-11-18T20:45:27.677+0000] {logging_mixin.py:188} INFO - [2024-11-18T20:45:27.677+0000] {dag.py:3089} INFO - Sync 1 DAGs
[2024-11-18T20:45:27.687+0000] {logging_mixin.py:188} INFO - [2024-11-18T20:45:27.686+0000] {dag.py:3947} INFO - Setting next_dagrun for example_dag_decorator to None, run_after=None
[2024-11-18T20:45:27.703+0000] {processor.py:183} INFO - Processing /home/airflow/.local/lib/python3.11/site-packages/airflow/example_dags/example_dag_decorator.py took 0.220 seconds
[2024-11-18T20:45:57.871+0000] {processor.py:161} INFO - Started process (PID=305) to work on /home/airflow/.local/lib/python3.11/site-packages/airflow/example_dags/example_dag_decorator.py
[2024-11-18T20:45:57.872+0000] {processor.py:830} INFO - Processing file /home/airflow/.local/lib/python3.11/site-packages/airflow/example_dags/example_dag_decorator.py for tasks to queue
[2024-11-18T20:45:57.875+0000] {logging_mixin.py:188} INFO - [2024-11-18T20:45:57.874+0000] {dagbag.py:545} INFO - Filling up the DagBag from /home/airflow/.local/lib/python3.11/site-packages/airflow/example_dags/example_dag_decorator.py
[2024-11-18T20:45:57.953+0000] {processor.py:840} INFO - DAG(s) 'example_dag_decorator' retrieved from /home/airflow/.local/lib/python3.11/site-packages/airflow/example_dags/example_dag_decorator.py
[2024-11-18T20:45:58.032+0000] {logging_mixin.py:188} INFO - [2024-11-18T20:45:58.032+0000] {dag.py:3089} INFO - Sync 1 DAGs
[2024-11-18T20:45:58.041+0000] {logging_mixin.py:188} INFO - [2024-11-18T20:45:58.040+0000] {dag.py:3947} INFO - Setting next_dagrun for example_dag_decorator to None, run_after=None
[2024-11-18T20:45:58.062+0000] {processor.py:183} INFO - Processing /home/airflow/.local/lib/python3.11/site-packages/airflow/example_dags/example_dag_decorator.py took 0.196 seconds
[2024-11-18T20:46:28.109+0000] {processor.py:161} INFO - Started process (PID=362) to work on /home/airflow/.local/lib/python3.11/site-packages/airflow/example_dags/example_dag_decorator.py
[2024-11-18T20:46:28.114+0000] {processor.py:830} INFO - Processing file /home/airflow/.local/lib/python3.11/site-packages/airflow/example_dags/example_dag_decorator.py for tasks to queue
[2024-11-18T20:46:28.116+0000] {logging_mixin.py:188} INFO - [2024-11-18T20:46:28.116+0000] {dagbag.py:545} INFO - Filling up the DagBag from /home/airflow/.local/lib/python3.11/site-packages/airflow/example_dags/example_dag_decorator.py
[2024-11-18T20:46:28.234+0000] {processor.py:840} INFO - DAG(s) 'example_dag_decorator' retrieved from /home/airflow/.local/lib/python3.11/site-packages/airflow/example_dags/example_dag_decorator.py
[2024-11-18T20:46:28.320+0000] {logging_mixin.py:188} INFO - [2024-11-18T20:46:28.320+0000] {dag.py:3089} INFO - Sync 1 DAGs
[2024-11-18T20:46:28.330+0000] {logging_mixin.py:188} INFO - [2024-11-18T20:46:28.330+0000] {dag.py:3947} INFO - Setting next_dagrun for example_dag_decorator to None, run_after=None
[2024-11-18T20:46:28.350+0000] {processor.py:183} INFO - Processing /home/airflow/.local/lib/python3.11/site-packages/airflow/example_dags/example_dag_decorator.py took 0.251 seconds
[2024-11-18T20:46:58.403+0000] {processor.py:161} INFO - Started process (PID=423) to work on /home/airflow/.local/lib/python3.11/site-packages/airflow/example_dags/example_dag_decorator.py
[2024-11-18T20:46:58.404+0000] {processor.py:830} INFO - Processing file /home/airflow/.local/lib/python3.11/site-packages/airflow/example_dags/example_dag_decorator.py for tasks to queue
[2024-11-18T20:46:58.406+0000] {logging_mixin.py:188} INFO - [2024-11-18T20:46:58.406+0000] {dagbag.py:545} INFO - Filling up the DagBag from /home/airflow/.local/lib/python3.11/site-packages/airflow/example_dags/example_dag_decorator.py
[2024-11-18T20:46:58.484+0000] {processor.py:840} INFO - DAG(s) 'example_dag_decorator' retrieved from /home/airflow/.local/lib/python3.11/site-packages/airflow/example_dags/example_dag_decorator.py
[2024-11-18T20:46:58.573+0000] {logging_mixin.py:188} INFO - [2024-11-18T20:46:58.573+0000] {dag.py:3089} INFO - Sync 1 DAGs
[2024-11-18T20:46:58.582+0000] {logging_mixin.py:188} INFO - [2024-11-18T20:46:58.582+0000] {dag.py:3947} INFO - Setting next_dagrun for example_dag_decorator to None, run_after=None
[2024-11-18T20:46:58.599+0000] {processor.py:183} INFO - Processing /home/airflow/.local/lib/python3.11/site-packages/airflow/example_dags/example_dag_decorator.py took 0.200 seconds
[2024-11-18T20:48:16.250+0000] {processor.py:161} INFO - Started process (PID=56) to work on /home/airflow/.local/lib/python3.11/site-packages/airflow/example_dags/example_dag_decorator.py
[2024-11-18T20:48:16.252+0000] {processor.py:830} INFO - Processing file /home/airflow/.local/lib/python3.11/site-packages/airflow/example_dags/example_dag_decorator.py for tasks to queue
[2024-11-18T20:48:16.254+0000] {logging_mixin.py:188} INFO - [2024-11-18T20:48:16.254+0000] {dagbag.py:545} INFO - Filling up the DagBag from /home/airflow/.local/lib/python3.11/site-packages/airflow/example_dags/example_dag_decorator.py
[2024-11-18T20:48:16.348+0000] {processor.py:840} INFO - DAG(s) 'example_dag_decorator' retrieved from /home/airflow/.local/lib/python3.11/site-packages/airflow/example_dags/example_dag_decorator.py
[2024-11-18T20:48:16.359+0000] {logging_mixin.py:188} INFO - [2024-11-18T20:48:16.359+0000] {dag.py:3089} INFO - Sync 1 DAGs
[2024-11-18T20:48:16.370+0000] {logging_mixin.py:188} INFO - [2024-11-18T20:48:16.369+0000] {dag.py:3947} INFO - Setting next_dagrun for example_dag_decorator to None, run_after=None
[2024-11-18T20:48:16.388+0000] {processor.py:183} INFO - Processing /home/airflow/.local/lib/python3.11/site-packages/airflow/example_dags/example_dag_decorator.py took 0.142 seconds
[2024-11-18T20:48:46.893+0000] {processor.py:161} INFO - Started process (PID=115) to work on /home/airflow/.local/lib/python3.11/site-packages/airflow/example_dags/example_dag_decorator.py
[2024-11-18T20:48:46.894+0000] {processor.py:830} INFO - Processing file /home/airflow/.local/lib/python3.11/site-packages/airflow/example_dags/example_dag_decorator.py for tasks to queue
[2024-11-18T20:48:46.896+0000] {logging_mixin.py:188} INFO - [2024-11-18T20:48:46.896+0000] {dagbag.py:545} INFO - Filling up the DagBag from /home/airflow/.local/lib/python3.11/site-packages/airflow/example_dags/example_dag_decorator.py
[2024-11-18T20:48:46.992+0000] {processor.py:840} INFO - DAG(s) 'example_dag_decorator' retrieved from /home/airflow/.local/lib/python3.11/site-packages/airflow/example_dags/example_dag_decorator.py
[2024-11-18T20:48:47.124+0000] {logging_mixin.py:188} INFO - [2024-11-18T20:48:47.124+0000] {dag.py:3089} INFO - Sync 1 DAGs
[2024-11-18T20:48:47.133+0000] {logging_mixin.py:188} INFO - [2024-11-18T20:48:47.133+0000] {dag.py:3947} INFO - Setting next_dagrun for example_dag_decorator to None, run_after=None
[2024-11-18T20:48:47.150+0000] {processor.py:183} INFO - Processing /home/airflow/.local/lib/python3.11/site-packages/airflow/example_dags/example_dag_decorator.py took 0.262 seconds
[2024-11-18T20:49:17.298+0000] {processor.py:161} INFO - Started process (PID=174) to work on /home/airflow/.local/lib/python3.11/site-packages/airflow/example_dags/example_dag_decorator.py
[2024-11-18T20:49:17.299+0000] {processor.py:830} INFO - Processing file /home/airflow/.local/lib/python3.11/site-packages/airflow/example_dags/example_dag_decorator.py for tasks to queue
[2024-11-18T20:49:17.300+0000] {logging_mixin.py:188} INFO - [2024-11-18T20:49:17.300+0000] {dagbag.py:545} INFO - Filling up the DagBag from /home/airflow/.local/lib/python3.11/site-packages/airflow/example_dags/example_dag_decorator.py
[2024-11-18T20:49:17.388+0000] {processor.py:840} INFO - DAG(s) 'example_dag_decorator' retrieved from /home/airflow/.local/lib/python3.11/site-packages/airflow/example_dags/example_dag_decorator.py
[2024-11-18T20:49:17.492+0000] {logging_mixin.py:188} INFO - [2024-11-18T20:49:17.491+0000] {dag.py:3089} INFO - Sync 1 DAGs
[2024-11-18T20:49:17.501+0000] {logging_mixin.py:188} INFO - [2024-11-18T20:49:17.500+0000] {dag.py:3947} INFO - Setting next_dagrun for example_dag_decorator to None, run_after=None
[2024-11-18T20:49:17.522+0000] {processor.py:183} INFO - Processing /home/airflow/.local/lib/python3.11/site-packages/airflow/example_dags/example_dag_decorator.py took 0.229 seconds
[2024-11-18T20:50:38.013+0000] {processor.py:161} INFO - Started process (PID=61) to work on /home/airflow/.local/lib/python3.11/site-packages/airflow/example_dags/example_dag_decorator.py
[2024-11-18T20:50:38.014+0000] {processor.py:830} INFO - Processing file /home/airflow/.local/lib/python3.11/site-packages/airflow/example_dags/example_dag_decorator.py for tasks to queue
[2024-11-18T20:50:38.017+0000] {logging_mixin.py:188} INFO - [2024-11-18T20:50:38.016+0000] {dagbag.py:545} INFO - Filling up the DagBag from /home/airflow/.local/lib/python3.11/site-packages/airflow/example_dags/example_dag_decorator.py
[2024-11-18T20:50:38.372+0000] {processor.py:840} INFO - DAG(s) 'example_dag_decorator' retrieved from /home/airflow/.local/lib/python3.11/site-packages/airflow/example_dags/example_dag_decorator.py
[2024-11-18T20:50:38.385+0000] {logging_mixin.py:188} INFO - [2024-11-18T20:50:38.385+0000] {dag.py:3089} INFO - Sync 1 DAGs
[2024-11-18T20:50:38.398+0000] {logging_mixin.py:188} INFO - [2024-11-18T20:50:38.398+0000] {dag.py:3947} INFO - Setting next_dagrun for example_dag_decorator to None, run_after=None
[2024-11-18T20:50:38.424+0000] {processor.py:183} INFO - Processing /home/airflow/.local/lib/python3.11/site-packages/airflow/example_dags/example_dag_decorator.py took 0.419 seconds
[2024-11-18T20:51:10.142+0000] {processor.py:161} INFO - Started process (PID=126) to work on /home/airflow/.local/lib/python3.11/site-packages/airflow/example_dags/example_dag_decorator.py
[2024-11-18T20:51:10.143+0000] {processor.py:830} INFO - Processing file /home/airflow/.local/lib/python3.11/site-packages/airflow/example_dags/example_dag_decorator.py for tasks to queue
[2024-11-18T20:51:10.145+0000] {logging_mixin.py:188} INFO - [2024-11-18T20:51:10.145+0000] {dagbag.py:545} INFO - Filling up the DagBag from /home/airflow/.local/lib/python3.11/site-packages/airflow/example_dags/example_dag_decorator.py
[2024-11-18T20:51:10.236+0000] {processor.py:840} INFO - DAG(s) 'example_dag_decorator' retrieved from /home/airflow/.local/lib/python3.11/site-packages/airflow/example_dags/example_dag_decorator.py
[2024-11-18T20:51:10.333+0000] {logging_mixin.py:188} INFO - [2024-11-18T20:51:10.333+0000] {dag.py:3089} INFO - Sync 1 DAGs
[2024-11-18T20:51:10.344+0000] {logging_mixin.py:188} INFO - [2024-11-18T20:51:10.344+0000] {dag.py:3947} INFO - Setting next_dagrun for example_dag_decorator to None, run_after=None
[2024-11-18T20:51:10.365+0000] {processor.py:183} INFO - Processing /home/airflow/.local/lib/python3.11/site-packages/airflow/example_dags/example_dag_decorator.py took 0.230 seconds
[2024-11-18T20:51:40.577+0000] {processor.py:161} INFO - Started process (PID=185) to work on /home/airflow/.local/lib/python3.11/site-packages/airflow/example_dags/example_dag_decorator.py
[2024-11-18T20:51:40.578+0000] {processor.py:830} INFO - Processing file /home/airflow/.local/lib/python3.11/site-packages/airflow/example_dags/example_dag_decorator.py for tasks to queue
[2024-11-18T20:51:40.580+0000] {logging_mixin.py:188} INFO - [2024-11-18T20:51:40.579+0000] {dagbag.py:545} INFO - Filling up the DagBag from /home/airflow/.local/lib/python3.11/site-packages/airflow/example_dags/example_dag_decorator.py
[2024-11-18T20:51:40.704+0000] {processor.py:840} INFO - DAG(s) 'example_dag_decorator' retrieved from /home/airflow/.local/lib/python3.11/site-packages/airflow/example_dags/example_dag_decorator.py
[2024-11-18T20:51:40.811+0000] {logging_mixin.py:188} INFO - [2024-11-18T20:51:40.811+0000] {dag.py:3089} INFO - Sync 1 DAGs
[2024-11-18T20:51:40.821+0000] {logging_mixin.py:188} INFO - [2024-11-18T20:51:40.821+0000] {dag.py:3947} INFO - Setting next_dagrun for example_dag_decorator to None, run_after=None
[2024-11-18T20:51:40.848+0000] {processor.py:183} INFO - Processing /home/airflow/.local/lib/python3.11/site-packages/airflow/example_dags/example_dag_decorator.py took 0.279 seconds
[2024-11-18T20:52:11.056+0000] {processor.py:161} INFO - Started process (PID=244) to work on /home/airflow/.local/lib/python3.11/site-packages/airflow/example_dags/example_dag_decorator.py
[2024-11-18T20:52:11.057+0000] {processor.py:830} INFO - Processing file /home/airflow/.local/lib/python3.11/site-packages/airflow/example_dags/example_dag_decorator.py for tasks to queue
[2024-11-18T20:52:11.060+0000] {logging_mixin.py:188} INFO - [2024-11-18T20:52:11.059+0000] {dagbag.py:545} INFO - Filling up the DagBag from /home/airflow/.local/lib/python3.11/site-packages/airflow/example_dags/example_dag_decorator.py
[2024-11-18T20:52:11.188+0000] {processor.py:840} INFO - DAG(s) 'example_dag_decorator' retrieved from /home/airflow/.local/lib/python3.11/site-packages/airflow/example_dags/example_dag_decorator.py
[2024-11-18T20:52:11.213+0000] {logging_mixin.py:188} INFO - [2024-11-18T20:52:11.213+0000] {dag.py:3089} INFO - Sync 1 DAGs
[2024-11-18T20:52:11.225+0000] {logging_mixin.py:188} INFO - [2024-11-18T20:52:11.225+0000] {dag.py:3947} INFO - Setting next_dagrun for example_dag_decorator to None, run_after=None
[2024-11-18T20:52:11.248+0000] {processor.py:183} INFO - Processing /home/airflow/.local/lib/python3.11/site-packages/airflow/example_dags/example_dag_decorator.py took 0.200 seconds
[2024-11-18T20:52:41.828+0000] {processor.py:161} INFO - Started process (PID=302) to work on /home/airflow/.local/lib/python3.11/site-packages/airflow/example_dags/example_dag_decorator.py
[2024-11-18T20:52:41.829+0000] {processor.py:830} INFO - Processing file /home/airflow/.local/lib/python3.11/site-packages/airflow/example_dags/example_dag_decorator.py for tasks to queue
[2024-11-18T20:52:41.833+0000] {logging_mixin.py:188} INFO - [2024-11-18T20:52:41.832+0000] {dagbag.py:545} INFO - Filling up the DagBag from /home/airflow/.local/lib/python3.11/site-packages/airflow/example_dags/example_dag_decorator.py
[2024-11-18T20:52:42.019+0000] {processor.py:840} INFO - DAG(s) 'example_dag_decorator' retrieved from /home/airflow/.local/lib/python3.11/site-packages/airflow/example_dags/example_dag_decorator.py
[2024-11-18T20:52:42.213+0000] {logging_mixin.py:188} INFO - [2024-11-18T20:52:42.213+0000] {dag.py:3089} INFO - Sync 1 DAGs
[2024-11-18T20:52:42.233+0000] {logging_mixin.py:188} INFO - [2024-11-18T20:52:42.232+0000] {dag.py:3947} INFO - Setting next_dagrun for example_dag_decorator to None, run_after=None
[2024-11-18T20:52:42.269+0000] {processor.py:183} INFO - Processing /home/airflow/.local/lib/python3.11/site-packages/airflow/example_dags/example_dag_decorator.py took 0.450 seconds
[2024-11-18T20:53:12.497+0000] {processor.py:161} INFO - Started process (PID=362) to work on /home/airflow/.local/lib/python3.11/site-packages/airflow/example_dags/example_dag_decorator.py
[2024-11-18T20:53:12.499+0000] {processor.py:830} INFO - Processing file /home/airflow/.local/lib/python3.11/site-packages/airflow/example_dags/example_dag_decorator.py for tasks to queue
[2024-11-18T20:53:12.503+0000] {logging_mixin.py:188} INFO - [2024-11-18T20:53:12.503+0000] {dagbag.py:545} INFO - Filling up the DagBag from /home/airflow/.local/lib/python3.11/site-packages/airflow/example_dags/example_dag_decorator.py
[2024-11-18T20:53:12.662+0000] {processor.py:840} INFO - DAG(s) 'example_dag_decorator' retrieved from /home/airflow/.local/lib/python3.11/site-packages/airflow/example_dags/example_dag_decorator.py
[2024-11-18T20:53:12.869+0000] {logging_mixin.py:188} INFO - [2024-11-18T20:53:12.868+0000] {dag.py:3089} INFO - Sync 1 DAGs
[2024-11-18T20:53:12.887+0000] {logging_mixin.py:188} INFO - [2024-11-18T20:53:12.886+0000] {dag.py:3947} INFO - Setting next_dagrun for example_dag_decorator to None, run_after=None
[2024-11-18T20:53:12.927+0000] {processor.py:183} INFO - Processing /home/airflow/.local/lib/python3.11/site-packages/airflow/example_dags/example_dag_decorator.py took 0.439 seconds
[2024-11-18T20:53:42.971+0000] {processor.py:161} INFO - Started process (PID=421) to work on /home/airflow/.local/lib/python3.11/site-packages/airflow/example_dags/example_dag_decorator.py
[2024-11-18T20:53:42.972+0000] {processor.py:830} INFO - Processing file /home/airflow/.local/lib/python3.11/site-packages/airflow/example_dags/example_dag_decorator.py for tasks to queue
[2024-11-18T20:53:42.973+0000] {logging_mixin.py:188} INFO - [2024-11-18T20:53:42.973+0000] {dagbag.py:545} INFO - Filling up the DagBag from /home/airflow/.local/lib/python3.11/site-packages/airflow/example_dags/example_dag_decorator.py
[2024-11-18T20:53:43.046+0000] {processor.py:840} INFO - DAG(s) 'example_dag_decorator' retrieved from /home/airflow/.local/lib/python3.11/site-packages/airflow/example_dags/example_dag_decorator.py
[2024-11-18T20:53:43.128+0000] {logging_mixin.py:188} INFO - [2024-11-18T20:53:43.128+0000] {dag.py:3089} INFO - Sync 1 DAGs
[2024-11-18T20:53:43.137+0000] {logging_mixin.py:188} INFO - [2024-11-18T20:53:43.137+0000] {dag.py:3947} INFO - Setting next_dagrun for example_dag_decorator to None, run_after=None
[2024-11-18T20:53:43.155+0000] {processor.py:183} INFO - Processing /home/airflow/.local/lib/python3.11/site-packages/airflow/example_dags/example_dag_decorator.py took 0.189 seconds
[2024-11-18T20:54:13.481+0000] {processor.py:161} INFO - Started process (PID=481) to work on /home/airflow/.local/lib/python3.11/site-packages/airflow/example_dags/example_dag_decorator.py
[2024-11-18T20:54:13.482+0000] {processor.py:830} INFO - Processing file /home/airflow/.local/lib/python3.11/site-packages/airflow/example_dags/example_dag_decorator.py for tasks to queue
[2024-11-18T20:54:13.484+0000] {logging_mixin.py:188} INFO - [2024-11-18T20:54:13.484+0000] {dagbag.py:545} INFO - Filling up the DagBag from /home/airflow/.local/lib/python3.11/site-packages/airflow/example_dags/example_dag_decorator.py
[2024-11-18T20:54:13.563+0000] {processor.py:840} INFO - DAG(s) 'example_dag_decorator' retrieved from /home/airflow/.local/lib/python3.11/site-packages/airflow/example_dags/example_dag_decorator.py
[2024-11-18T20:54:13.645+0000] {logging_mixin.py:188} INFO - [2024-11-18T20:54:13.645+0000] {dag.py:3089} INFO - Sync 1 DAGs
[2024-11-18T20:54:13.655+0000] {logging_mixin.py:188} INFO - [2024-11-18T20:54:13.654+0000] {dag.py:3947} INFO - Setting next_dagrun for example_dag_decorator to None, run_after=None
[2024-11-18T20:54:13.676+0000] {processor.py:183} INFO - Processing /home/airflow/.local/lib/python3.11/site-packages/airflow/example_dags/example_dag_decorator.py took 0.201 seconds
[2024-11-18T20:54:43.846+0000] {processor.py:161} INFO - Started process (PID=538) to work on /home/airflow/.local/lib/python3.11/site-packages/airflow/example_dags/example_dag_decorator.py
[2024-11-18T20:54:43.847+0000] {processor.py:830} INFO - Processing file /home/airflow/.local/lib/python3.11/site-packages/airflow/example_dags/example_dag_decorator.py for tasks to queue
[2024-11-18T20:54:43.849+0000] {logging_mixin.py:188} INFO - [2024-11-18T20:54:43.849+0000] {dagbag.py:545} INFO - Filling up the DagBag from /home/airflow/.local/lib/python3.11/site-packages/airflow/example_dags/example_dag_decorator.py
[2024-11-18T20:54:43.932+0000] {processor.py:840} INFO - DAG(s) 'example_dag_decorator' retrieved from /home/airflow/.local/lib/python3.11/site-packages/airflow/example_dags/example_dag_decorator.py
[2024-11-18T20:54:44.021+0000] {logging_mixin.py:188} INFO - [2024-11-18T20:54:44.021+0000] {dag.py:3089} INFO - Sync 1 DAGs
[2024-11-18T20:54:44.033+0000] {logging_mixin.py:188} INFO - [2024-11-18T20:54:44.032+0000] {dag.py:3947} INFO - Setting next_dagrun for example_dag_decorator to None, run_after=None
[2024-11-18T20:54:44.070+0000] {processor.py:183} INFO - Processing /home/airflow/.local/lib/python3.11/site-packages/airflow/example_dags/example_dag_decorator.py took 0.228 seconds
[2024-11-18T20:55:14.308+0000] {processor.py:161} INFO - Started process (PID=598) to work on /home/airflow/.local/lib/python3.11/site-packages/airflow/example_dags/example_dag_decorator.py
[2024-11-18T20:55:14.309+0000] {processor.py:830} INFO - Processing file /home/airflow/.local/lib/python3.11/site-packages/airflow/example_dags/example_dag_decorator.py for tasks to queue
[2024-11-18T20:55:14.311+0000] {logging_mixin.py:188} INFO - [2024-11-18T20:55:14.311+0000] {dagbag.py:545} INFO - Filling up the DagBag from /home/airflow/.local/lib/python3.11/site-packages/airflow/example_dags/example_dag_decorator.py
[2024-11-18T20:55:14.407+0000] {processor.py:840} INFO - DAG(s) 'example_dag_decorator' retrieved from /home/airflow/.local/lib/python3.11/site-packages/airflow/example_dags/example_dag_decorator.py
[2024-11-18T20:55:14.515+0000] {logging_mixin.py:188} INFO - [2024-11-18T20:55:14.515+0000] {dag.py:3089} INFO - Sync 1 DAGs
[2024-11-18T20:55:14.525+0000] {logging_mixin.py:188} INFO - [2024-11-18T20:55:14.525+0000] {dag.py:3947} INFO - Setting next_dagrun for example_dag_decorator to None, run_after=None
[2024-11-18T20:55:14.548+0000] {processor.py:183} INFO - Processing /home/airflow/.local/lib/python3.11/site-packages/airflow/example_dags/example_dag_decorator.py took 0.245 seconds
[2024-11-18T20:55:45.261+0000] {processor.py:161} INFO - Started process (PID=656) to work on /home/airflow/.local/lib/python3.11/site-packages/airflow/example_dags/example_dag_decorator.py
[2024-11-18T20:55:45.262+0000] {processor.py:830} INFO - Processing file /home/airflow/.local/lib/python3.11/site-packages/airflow/example_dags/example_dag_decorator.py for tasks to queue
[2024-11-18T20:55:45.266+0000] {logging_mixin.py:188} INFO - [2024-11-18T20:55:45.265+0000] {dagbag.py:545} INFO - Filling up the DagBag from /home/airflow/.local/lib/python3.11/site-packages/airflow/example_dags/example_dag_decorator.py
[2024-11-18T20:55:45.361+0000] {processor.py:840} INFO - DAG(s) 'example_dag_decorator' retrieved from /home/airflow/.local/lib/python3.11/site-packages/airflow/example_dags/example_dag_decorator.py
[2024-11-18T20:55:45.458+0000] {logging_mixin.py:188} INFO - [2024-11-18T20:55:45.457+0000] {dag.py:3089} INFO - Sync 1 DAGs
[2024-11-18T20:55:45.470+0000] {logging_mixin.py:188} INFO - [2024-11-18T20:55:45.470+0000] {dag.py:3947} INFO - Setting next_dagrun for example_dag_decorator to None, run_after=None
[2024-11-18T20:55:45.498+0000] {processor.py:183} INFO - Processing /home/airflow/.local/lib/python3.11/site-packages/airflow/example_dags/example_dag_decorator.py took 0.243 seconds
[2024-11-18T20:56:15.873+0000] {processor.py:161} INFO - Started process (PID=716) to work on /home/airflow/.local/lib/python3.11/site-packages/airflow/example_dags/example_dag_decorator.py
[2024-11-18T20:56:15.874+0000] {processor.py:830} INFO - Processing file /home/airflow/.local/lib/python3.11/site-packages/airflow/example_dags/example_dag_decorator.py for tasks to queue
[2024-11-18T20:56:15.876+0000] {logging_mixin.py:188} INFO - [2024-11-18T20:56:15.876+0000] {dagbag.py:545} INFO - Filling up the DagBag from /home/airflow/.local/lib/python3.11/site-packages/airflow/example_dags/example_dag_decorator.py
[2024-11-18T20:56:15.973+0000] {processor.py:840} INFO - DAG(s) 'example_dag_decorator' retrieved from /home/airflow/.local/lib/python3.11/site-packages/airflow/example_dags/example_dag_decorator.py
[2024-11-18T20:56:15.998+0000] {logging_mixin.py:188} INFO - [2024-11-18T20:56:15.997+0000] {dag.py:3089} INFO - Sync 1 DAGs
[2024-11-18T20:56:16.017+0000] {logging_mixin.py:188} INFO - [2024-11-18T20:56:16.016+0000] {dag.py:3947} INFO - Setting next_dagrun for example_dag_decorator to None, run_after=None
[2024-11-18T20:56:16.039+0000] {processor.py:183} INFO - Processing /home/airflow/.local/lib/python3.11/site-packages/airflow/example_dags/example_dag_decorator.py took 0.174 seconds
[2024-11-18T20:56:46.393+0000] {processor.py:161} INFO - Started process (PID=776) to work on /home/airflow/.local/lib/python3.11/site-packages/airflow/example_dags/example_dag_decorator.py
[2024-11-18T20:56:46.394+0000] {processor.py:830} INFO - Processing file /home/airflow/.local/lib/python3.11/site-packages/airflow/example_dags/example_dag_decorator.py for tasks to queue
[2024-11-18T20:56:46.395+0000] {logging_mixin.py:188} INFO - [2024-11-18T20:56:46.395+0000] {dagbag.py:545} INFO - Filling up the DagBag from /home/airflow/.local/lib/python3.11/site-packages/airflow/example_dags/example_dag_decorator.py
[2024-11-18T20:56:46.501+0000] {processor.py:840} INFO - DAG(s) 'example_dag_decorator' retrieved from /home/airflow/.local/lib/python3.11/site-packages/airflow/example_dags/example_dag_decorator.py
[2024-11-18T20:56:46.587+0000] {logging_mixin.py:188} INFO - [2024-11-18T20:56:46.587+0000] {dag.py:3089} INFO - Sync 1 DAGs
[2024-11-18T20:56:46.596+0000] {logging_mixin.py:188} INFO - [2024-11-18T20:56:46.595+0000] {dag.py:3947} INFO - Setting next_dagrun for example_dag_decorator to None, run_after=None
[2024-11-18T20:56:46.615+0000] {processor.py:183} INFO - Processing /home/airflow/.local/lib/python3.11/site-packages/airflow/example_dags/example_dag_decorator.py took 0.229 seconds
[2024-11-18T20:57:16.745+0000] {processor.py:161} INFO - Started process (PID=834) to work on /home/airflow/.local/lib/python3.11/site-packages/airflow/example_dags/example_dag_decorator.py
[2024-11-18T20:57:16.746+0000] {processor.py:830} INFO - Processing file /home/airflow/.local/lib/python3.11/site-packages/airflow/example_dags/example_dag_decorator.py for tasks to queue
[2024-11-18T20:57:16.747+0000] {logging_mixin.py:188} INFO - [2024-11-18T20:57:16.747+0000] {dagbag.py:545} INFO - Filling up the DagBag from /home/airflow/.local/lib/python3.11/site-packages/airflow/example_dags/example_dag_decorator.py
[2024-11-18T20:57:16.853+0000] {processor.py:840} INFO - DAG(s) 'example_dag_decorator' retrieved from /home/airflow/.local/lib/python3.11/site-packages/airflow/example_dags/example_dag_decorator.py
[2024-11-18T20:57:16.882+0000] {logging_mixin.py:188} INFO - [2024-11-18T20:57:16.881+0000] {dag.py:3089} INFO - Sync 1 DAGs
[2024-11-18T20:57:16.898+0000] {logging_mixin.py:188} INFO - [2024-11-18T20:57:16.897+0000] {dag.py:3947} INFO - Setting next_dagrun for example_dag_decorator to None, run_after=None
[2024-11-18T20:57:16.918+0000] {processor.py:183} INFO - Processing /home/airflow/.local/lib/python3.11/site-packages/airflow/example_dags/example_dag_decorator.py took 0.180 seconds
[2024-11-18T20:57:47.021+0000] {processor.py:161} INFO - Started process (PID=892) to work on /home/airflow/.local/lib/python3.11/site-packages/airflow/example_dags/example_dag_decorator.py
[2024-11-18T20:57:47.022+0000] {processor.py:830} INFO - Processing file /home/airflow/.local/lib/python3.11/site-packages/airflow/example_dags/example_dag_decorator.py for tasks to queue
[2024-11-18T20:57:47.024+0000] {logging_mixin.py:188} INFO - [2024-11-18T20:57:47.024+0000] {dagbag.py:545} INFO - Filling up the DagBag from /home/airflow/.local/lib/python3.11/site-packages/airflow/example_dags/example_dag_decorator.py
[2024-11-18T20:57:47.110+0000] {processor.py:840} INFO - DAG(s) 'example_dag_decorator' retrieved from /home/airflow/.local/lib/python3.11/site-packages/airflow/example_dags/example_dag_decorator.py
[2024-11-18T20:57:47.217+0000] {logging_mixin.py:188} INFO - [2024-11-18T20:57:47.217+0000] {dag.py:3089} INFO - Sync 1 DAGs
[2024-11-18T20:57:47.244+0000] {logging_mixin.py:188} INFO - [2024-11-18T20:57:47.243+0000] {dag.py:3947} INFO - Setting next_dagrun for example_dag_decorator to None, run_after=None
[2024-11-18T20:57:47.286+0000] {processor.py:183} INFO - Processing /home/airflow/.local/lib/python3.11/site-packages/airflow/example_dags/example_dag_decorator.py took 0.272 seconds
[2024-11-18T20:58:17.411+0000] {processor.py:161} INFO - Started process (PID=953) to work on /home/airflow/.local/lib/python3.11/site-packages/airflow/example_dags/example_dag_decorator.py
[2024-11-18T20:58:17.412+0000] {processor.py:830} INFO - Processing file /home/airflow/.local/lib/python3.11/site-packages/airflow/example_dags/example_dag_decorator.py for tasks to queue
[2024-11-18T20:58:17.413+0000] {logging_mixin.py:188} INFO - [2024-11-18T20:58:17.413+0000] {dagbag.py:545} INFO - Filling up the DagBag from /home/airflow/.local/lib/python3.11/site-packages/airflow/example_dags/example_dag_decorator.py
[2024-11-18T20:58:17.491+0000] {processor.py:840} INFO - DAG(s) 'example_dag_decorator' retrieved from /home/airflow/.local/lib/python3.11/site-packages/airflow/example_dags/example_dag_decorator.py
[2024-11-18T20:58:17.575+0000] {logging_mixin.py:188} INFO - [2024-11-18T20:58:17.574+0000] {dag.py:3089} INFO - Sync 1 DAGs
[2024-11-18T20:58:17.585+0000] {logging_mixin.py:188} INFO - [2024-11-18T20:58:17.585+0000] {dag.py:3947} INFO - Setting next_dagrun for example_dag_decorator to None, run_after=None
[2024-11-18T20:58:17.605+0000] {processor.py:183} INFO - Processing /home/airflow/.local/lib/python3.11/site-packages/airflow/example_dags/example_dag_decorator.py took 0.200 seconds
[2024-11-18T20:58:47.703+0000] {processor.py:161} INFO - Started process (PID=1010) to work on /home/airflow/.local/lib/python3.11/site-packages/airflow/example_dags/example_dag_decorator.py
[2024-11-18T20:58:47.704+0000] {processor.py:830} INFO - Processing file /home/airflow/.local/lib/python3.11/site-packages/airflow/example_dags/example_dag_decorator.py for tasks to queue
[2024-11-18T20:58:47.706+0000] {logging_mixin.py:188} INFO - [2024-11-18T20:58:47.706+0000] {dagbag.py:545} INFO - Filling up the DagBag from /home/airflow/.local/lib/python3.11/site-packages/airflow/example_dags/example_dag_decorator.py
[2024-11-18T20:58:47.815+0000] {processor.py:840} INFO - DAG(s) 'example_dag_decorator' retrieved from /home/airflow/.local/lib/python3.11/site-packages/airflow/example_dags/example_dag_decorator.py
[2024-11-18T20:58:47.955+0000] {logging_mixin.py:188} INFO - [2024-11-18T20:58:47.955+0000] {dag.py:3089} INFO - Sync 1 DAGs
[2024-11-18T20:58:47.971+0000] {logging_mixin.py:188} INFO - [2024-11-18T20:58:47.971+0000] {dag.py:3947} INFO - Setting next_dagrun for example_dag_decorator to None, run_after=None
[2024-11-18T20:58:48.022+0000] {processor.py:183} INFO - Processing /home/airflow/.local/lib/python3.11/site-packages/airflow/example_dags/example_dag_decorator.py took 0.325 seconds
