[2024-11-18T20:19:06.707+0000] {processor.py:161} INFO - Started process (PID=68) to work on /home/airflow/.local/lib/python3.11/site-packages/airflow/example_dags/example_bash_operator.py
[2024-11-18T20:19:06.708+0000] {processor.py:830} INFO - Processing file /home/airflow/.local/lib/python3.11/site-packages/airflow/example_dags/example_bash_operator.py for tasks to queue
[2024-11-18T20:19:06.710+0000] {logging_mixin.py:188} INFO - [2024-11-18T20:19:06.709+0000] {dagbag.py:545} INFO - Filling up the DagBag from /home/airflow/.local/lib/python3.11/site-packages/airflow/example_dags/example_bash_operator.py
[2024-11-18T20:19:06.721+0000] {processor.py:840} INFO - DAG(s) 'example_bash_operator' retrieved from /home/airflow/.local/lib/python3.11/site-packages/airflow/example_dags/example_bash_operator.py
[2024-11-18T20:19:06.826+0000] {logging_mixin.py:188} INFO - [2024-11-18T20:19:06.825+0000] {override.py:1858} INFO - Created Permission View: can edit on DAG:example_bash_operator
[2024-11-18T20:19:06.839+0000] {logging_mixin.py:188} INFO - [2024-11-18T20:19:06.839+0000] {override.py:1858} INFO - Created Permission View: can delete on DAG:example_bash_operator
[2024-11-18T20:19:06.847+0000] {logging_mixin.py:188} INFO - [2024-11-18T20:19:06.847+0000] {override.py:1858} INFO - Created Permission View: can read on DAG:example_bash_operator
[2024-11-18T20:19:06.848+0000] {logging_mixin.py:188} INFO - [2024-11-18T20:19:06.848+0000] {dag.py:3089} INFO - Sync 1 DAGs
[2024-11-18T20:19:06.860+0000] {logging_mixin.py:188} INFO - [2024-11-18T20:19:06.860+0000] {dag.py:3111} INFO - Creating ORM DAG for example_bash_operator
[2024-11-18T20:19:06.869+0000] {logging_mixin.py:188} INFO - [2024-11-18T20:19:06.869+0000] {dag.py:3947} INFO - Setting next_dagrun for example_bash_operator to 2024-11-17 00:00:00+00:00, run_after=2024-11-18 00:00:00+00:00
[2024-11-18T20:19:06.888+0000] {processor.py:183} INFO - Processing /home/airflow/.local/lib/python3.11/site-packages/airflow/example_dags/example_bash_operator.py took 0.187 seconds
[2024-11-18T20:19:37.328+0000] {processor.py:161} INFO - Started process (PID=126) to work on /home/airflow/.local/lib/python3.11/site-packages/airflow/example_dags/example_bash_operator.py
[2024-11-18T20:19:37.330+0000] {processor.py:830} INFO - Processing file /home/airflow/.local/lib/python3.11/site-packages/airflow/example_dags/example_bash_operator.py for tasks to queue
[2024-11-18T20:19:37.331+0000] {logging_mixin.py:188} INFO - [2024-11-18T20:19:37.331+0000] {dagbag.py:545} INFO - Filling up the DagBag from /home/airflow/.local/lib/python3.11/site-packages/airflow/example_dags/example_bash_operator.py
[2024-11-18T20:19:37.348+0000] {processor.py:840} INFO - DAG(s) 'example_bash_operator' retrieved from /home/airflow/.local/lib/python3.11/site-packages/airflow/example_dags/example_bash_operator.py
[2024-11-18T20:19:37.380+0000] {logging_mixin.py:188} INFO - [2024-11-18T20:19:37.380+0000] {dag.py:3089} INFO - Sync 1 DAGs
[2024-11-18T20:19:37.414+0000] {logging_mixin.py:188} INFO - [2024-11-18T20:19:37.412+0000] {dag.py:3947} INFO - Setting next_dagrun for example_bash_operator to 2024-11-17 00:00:00+00:00, run_after=2024-11-18 00:00:00+00:00
[2024-11-18T20:19:37.446+0000] {processor.py:183} INFO - Processing /home/airflow/.local/lib/python3.11/site-packages/airflow/example_dags/example_bash_operator.py took 0.124 seconds
[2024-11-18T20:20:08.340+0000] {processor.py:161} INFO - Started process (PID=184) to work on /home/airflow/.local/lib/python3.11/site-packages/airflow/example_dags/example_bash_operator.py
[2024-11-18T20:20:08.341+0000] {processor.py:830} INFO - Processing file /home/airflow/.local/lib/python3.11/site-packages/airflow/example_dags/example_bash_operator.py for tasks to queue
[2024-11-18T20:20:08.343+0000] {logging_mixin.py:188} INFO - [2024-11-18T20:20:08.343+0000] {dagbag.py:545} INFO - Filling up the DagBag from /home/airflow/.local/lib/python3.11/site-packages/airflow/example_dags/example_bash_operator.py
[2024-11-18T20:20:08.353+0000] {processor.py:840} INFO - DAG(s) 'example_bash_operator' retrieved from /home/airflow/.local/lib/python3.11/site-packages/airflow/example_dags/example_bash_operator.py
[2024-11-18T20:20:08.374+0000] {logging_mixin.py:188} INFO - [2024-11-18T20:20:08.374+0000] {dag.py:3089} INFO - Sync 1 DAGs
[2024-11-18T20:20:08.392+0000] {logging_mixin.py:188} INFO - [2024-11-18T20:20:08.391+0000] {dag.py:3947} INFO - Setting next_dagrun for example_bash_operator to 2024-11-17 00:00:00+00:00, run_after=2024-11-18 00:00:00+00:00
[2024-11-18T20:20:08.407+0000] {processor.py:183} INFO - Processing /home/airflow/.local/lib/python3.11/site-packages/airflow/example_dags/example_bash_operator.py took 0.073 seconds
[2024-11-18T20:20:38.895+0000] {processor.py:161} INFO - Started process (PID=242) to work on /home/airflow/.local/lib/python3.11/site-packages/airflow/example_dags/example_bash_operator.py
[2024-11-18T20:20:38.896+0000] {processor.py:830} INFO - Processing file /home/airflow/.local/lib/python3.11/site-packages/airflow/example_dags/example_bash_operator.py for tasks to queue
[2024-11-18T20:20:38.898+0000] {logging_mixin.py:188} INFO - [2024-11-18T20:20:38.897+0000] {dagbag.py:545} INFO - Filling up the DagBag from /home/airflow/.local/lib/python3.11/site-packages/airflow/example_dags/example_bash_operator.py
[2024-11-18T20:20:38.907+0000] {processor.py:840} INFO - DAG(s) 'example_bash_operator' retrieved from /home/airflow/.local/lib/python3.11/site-packages/airflow/example_dags/example_bash_operator.py
[2024-11-18T20:20:38.937+0000] {logging_mixin.py:188} INFO - [2024-11-18T20:20:38.937+0000] {dag.py:3089} INFO - Sync 1 DAGs
[2024-11-18T20:20:38.964+0000] {logging_mixin.py:188} INFO - [2024-11-18T20:20:38.964+0000] {dag.py:3947} INFO - Setting next_dagrun for example_bash_operator to 2024-11-17 00:00:00+00:00, run_after=2024-11-18 00:00:00+00:00
[2024-11-18T20:20:38.994+0000] {processor.py:183} INFO - Processing /home/airflow/.local/lib/python3.11/site-packages/airflow/example_dags/example_bash_operator.py took 0.105 seconds
[2024-11-18T20:21:09.923+0000] {processor.py:161} INFO - Started process (PID=301) to work on /home/airflow/.local/lib/python3.11/site-packages/airflow/example_dags/example_bash_operator.py
[2024-11-18T20:21:09.924+0000] {processor.py:830} INFO - Processing file /home/airflow/.local/lib/python3.11/site-packages/airflow/example_dags/example_bash_operator.py for tasks to queue
[2024-11-18T20:21:09.926+0000] {logging_mixin.py:188} INFO - [2024-11-18T20:21:09.925+0000] {dagbag.py:545} INFO - Filling up the DagBag from /home/airflow/.local/lib/python3.11/site-packages/airflow/example_dags/example_bash_operator.py
[2024-11-18T20:21:09.937+0000] {processor.py:840} INFO - DAG(s) 'example_bash_operator' retrieved from /home/airflow/.local/lib/python3.11/site-packages/airflow/example_dags/example_bash_operator.py
[2024-11-18T20:21:09.963+0000] {logging_mixin.py:188} INFO - [2024-11-18T20:21:09.962+0000] {dag.py:3089} INFO - Sync 1 DAGs
[2024-11-18T20:21:09.986+0000] {logging_mixin.py:188} INFO - [2024-11-18T20:21:09.986+0000] {dag.py:3947} INFO - Setting next_dagrun for example_bash_operator to 2024-11-17 00:00:00+00:00, run_after=2024-11-18 00:00:00+00:00
[2024-11-18T20:21:10.009+0000] {processor.py:183} INFO - Processing /home/airflow/.local/lib/python3.11/site-packages/airflow/example_dags/example_bash_operator.py took 0.091 seconds
[2024-11-18T20:21:40.062+0000] {processor.py:161} INFO - Started process (PID=358) to work on /home/airflow/.local/lib/python3.11/site-packages/airflow/example_dags/example_bash_operator.py
[2024-11-18T20:21:40.063+0000] {processor.py:830} INFO - Processing file /home/airflow/.local/lib/python3.11/site-packages/airflow/example_dags/example_bash_operator.py for tasks to queue
[2024-11-18T20:21:40.065+0000] {logging_mixin.py:188} INFO - [2024-11-18T20:21:40.064+0000] {dagbag.py:545} INFO - Filling up the DagBag from /home/airflow/.local/lib/python3.11/site-packages/airflow/example_dags/example_bash_operator.py
[2024-11-18T20:21:40.073+0000] {processor.py:840} INFO - DAG(s) 'example_bash_operator' retrieved from /home/airflow/.local/lib/python3.11/site-packages/airflow/example_dags/example_bash_operator.py
[2024-11-18T20:21:40.094+0000] {logging_mixin.py:188} INFO - [2024-11-18T20:21:40.094+0000] {dag.py:3089} INFO - Sync 1 DAGs
[2024-11-18T20:21:40.113+0000] {logging_mixin.py:188} INFO - [2024-11-18T20:21:40.113+0000] {dag.py:3947} INFO - Setting next_dagrun for example_bash_operator to 2024-11-17 00:00:00+00:00, run_after=2024-11-18 00:00:00+00:00
[2024-11-18T20:21:40.131+0000] {processor.py:183} INFO - Processing /home/airflow/.local/lib/python3.11/site-packages/airflow/example_dags/example_bash_operator.py took 0.074 seconds
[2024-11-18T20:22:10.851+0000] {processor.py:161} INFO - Started process (PID=417) to work on /home/airflow/.local/lib/python3.11/site-packages/airflow/example_dags/example_bash_operator.py
[2024-11-18T20:22:10.851+0000] {processor.py:830} INFO - Processing file /home/airflow/.local/lib/python3.11/site-packages/airflow/example_dags/example_bash_operator.py for tasks to queue
[2024-11-18T20:22:10.853+0000] {logging_mixin.py:188} INFO - [2024-11-18T20:22:10.853+0000] {dagbag.py:545} INFO - Filling up the DagBag from /home/airflow/.local/lib/python3.11/site-packages/airflow/example_dags/example_bash_operator.py
[2024-11-18T20:22:10.862+0000] {processor.py:840} INFO - DAG(s) 'example_bash_operator' retrieved from /home/airflow/.local/lib/python3.11/site-packages/airflow/example_dags/example_bash_operator.py
[2024-11-18T20:22:10.883+0000] {logging_mixin.py:188} INFO - [2024-11-18T20:22:10.882+0000] {dag.py:3089} INFO - Sync 1 DAGs
[2024-11-18T20:22:10.902+0000] {logging_mixin.py:188} INFO - [2024-11-18T20:22:10.902+0000] {dag.py:3947} INFO - Setting next_dagrun for example_bash_operator to 2024-11-17 00:00:00+00:00, run_after=2024-11-18 00:00:00+00:00
[2024-11-18T20:22:10.923+0000] {processor.py:183} INFO - Processing /home/airflow/.local/lib/python3.11/site-packages/airflow/example_dags/example_bash_operator.py took 0.077 seconds
[2024-11-18T20:22:41.208+0000] {processor.py:161} INFO - Started process (PID=476) to work on /home/airflow/.local/lib/python3.11/site-packages/airflow/example_dags/example_bash_operator.py
[2024-11-18T20:22:41.209+0000] {processor.py:830} INFO - Processing file /home/airflow/.local/lib/python3.11/site-packages/airflow/example_dags/example_bash_operator.py for tasks to queue
[2024-11-18T20:22:41.210+0000] {logging_mixin.py:188} INFO - [2024-11-18T20:22:41.210+0000] {dagbag.py:545} INFO - Filling up the DagBag from /home/airflow/.local/lib/python3.11/site-packages/airflow/example_dags/example_bash_operator.py
[2024-11-18T20:22:41.219+0000] {processor.py:840} INFO - DAG(s) 'example_bash_operator' retrieved from /home/airflow/.local/lib/python3.11/site-packages/airflow/example_dags/example_bash_operator.py
[2024-11-18T20:22:41.247+0000] {logging_mixin.py:188} INFO - [2024-11-18T20:22:41.247+0000] {dag.py:3089} INFO - Sync 1 DAGs
[2024-11-18T20:22:41.272+0000] {logging_mixin.py:188} INFO - [2024-11-18T20:22:41.272+0000] {dag.py:3947} INFO - Setting next_dagrun for example_bash_operator to 2024-11-17 00:00:00+00:00, run_after=2024-11-18 00:00:00+00:00
[2024-11-18T20:22:41.296+0000] {processor.py:183} INFO - Processing /home/airflow/.local/lib/python3.11/site-packages/airflow/example_dags/example_bash_operator.py took 0.093 seconds
[2024-11-18T20:23:11.480+0000] {processor.py:161} INFO - Started process (PID=534) to work on /home/airflow/.local/lib/python3.11/site-packages/airflow/example_dags/example_bash_operator.py
[2024-11-18T20:23:11.481+0000] {processor.py:830} INFO - Processing file /home/airflow/.local/lib/python3.11/site-packages/airflow/example_dags/example_bash_operator.py for tasks to queue
[2024-11-18T20:23:11.484+0000] {logging_mixin.py:188} INFO - [2024-11-18T20:23:11.484+0000] {dagbag.py:545} INFO - Filling up the DagBag from /home/airflow/.local/lib/python3.11/site-packages/airflow/example_dags/example_bash_operator.py
[2024-11-18T20:23:11.495+0000] {processor.py:840} INFO - DAG(s) 'example_bash_operator' retrieved from /home/airflow/.local/lib/python3.11/site-packages/airflow/example_dags/example_bash_operator.py
[2024-11-18T20:23:11.520+0000] {logging_mixin.py:188} INFO - [2024-11-18T20:23:11.520+0000] {dag.py:3089} INFO - Sync 1 DAGs
[2024-11-18T20:23:11.547+0000] {logging_mixin.py:188} INFO - [2024-11-18T20:23:11.547+0000] {dag.py:3947} INFO - Setting next_dagrun for example_bash_operator to 2024-11-17 00:00:00+00:00, run_after=2024-11-18 00:00:00+00:00
[2024-11-18T20:23:11.571+0000] {processor.py:183} INFO - Processing /home/airflow/.local/lib/python3.11/site-packages/airflow/example_dags/example_bash_operator.py took 0.096 seconds
[2024-11-18T20:23:42.517+0000] {processor.py:161} INFO - Started process (PID=592) to work on /home/airflow/.local/lib/python3.11/site-packages/airflow/example_dags/example_bash_operator.py
[2024-11-18T20:23:42.518+0000] {processor.py:830} INFO - Processing file /home/airflow/.local/lib/python3.11/site-packages/airflow/example_dags/example_bash_operator.py for tasks to queue
[2024-11-18T20:23:42.519+0000] {logging_mixin.py:188} INFO - [2024-11-18T20:23:42.519+0000] {dagbag.py:545} INFO - Filling up the DagBag from /home/airflow/.local/lib/python3.11/site-packages/airflow/example_dags/example_bash_operator.py
[2024-11-18T20:23:42.528+0000] {processor.py:840} INFO - DAG(s) 'example_bash_operator' retrieved from /home/airflow/.local/lib/python3.11/site-packages/airflow/example_dags/example_bash_operator.py
[2024-11-18T20:23:42.549+0000] {logging_mixin.py:188} INFO - [2024-11-18T20:23:42.549+0000] {dag.py:3089} INFO - Sync 1 DAGs
[2024-11-18T20:23:42.570+0000] {logging_mixin.py:188} INFO - [2024-11-18T20:23:42.570+0000] {dag.py:3947} INFO - Setting next_dagrun for example_bash_operator to 2024-11-17 00:00:00+00:00, run_after=2024-11-18 00:00:00+00:00
[2024-11-18T20:23:42.611+0000] {processor.py:183} INFO - Processing /home/airflow/.local/lib/python3.11/site-packages/airflow/example_dags/example_bash_operator.py took 0.099 seconds
[2024-11-18T20:24:13.084+0000] {processor.py:161} INFO - Started process (PID=652) to work on /home/airflow/.local/lib/python3.11/site-packages/airflow/example_dags/example_bash_operator.py
[2024-11-18T20:24:13.085+0000] {processor.py:830} INFO - Processing file /home/airflow/.local/lib/python3.11/site-packages/airflow/example_dags/example_bash_operator.py for tasks to queue
[2024-11-18T20:24:13.086+0000] {logging_mixin.py:188} INFO - [2024-11-18T20:24:13.086+0000] {dagbag.py:545} INFO - Filling up the DagBag from /home/airflow/.local/lib/python3.11/site-packages/airflow/example_dags/example_bash_operator.py
[2024-11-18T20:24:13.095+0000] {processor.py:840} INFO - DAG(s) 'example_bash_operator' retrieved from /home/airflow/.local/lib/python3.11/site-packages/airflow/example_dags/example_bash_operator.py
[2024-11-18T20:24:13.117+0000] {logging_mixin.py:188} INFO - [2024-11-18T20:24:13.116+0000] {dag.py:3089} INFO - Sync 1 DAGs
[2024-11-18T20:24:13.136+0000] {logging_mixin.py:188} INFO - [2024-11-18T20:24:13.136+0000] {dag.py:3947} INFO - Setting next_dagrun for example_bash_operator to 2024-11-17 00:00:00+00:00, run_after=2024-11-18 00:00:00+00:00
[2024-11-18T20:24:13.166+0000] {processor.py:183} INFO - Processing /home/airflow/.local/lib/python3.11/site-packages/airflow/example_dags/example_bash_operator.py took 0.086 seconds
[2024-11-18T20:24:43.692+0000] {processor.py:161} INFO - Started process (PID=711) to work on /home/airflow/.local/lib/python3.11/site-packages/airflow/example_dags/example_bash_operator.py
[2024-11-18T20:24:43.693+0000] {processor.py:830} INFO - Processing file /home/airflow/.local/lib/python3.11/site-packages/airflow/example_dags/example_bash_operator.py for tasks to queue
[2024-11-18T20:24:43.696+0000] {logging_mixin.py:188} INFO - [2024-11-18T20:24:43.695+0000] {dagbag.py:545} INFO - Filling up the DagBag from /home/airflow/.local/lib/python3.11/site-packages/airflow/example_dags/example_bash_operator.py
[2024-11-18T20:24:43.712+0000] {processor.py:840} INFO - DAG(s) 'example_bash_operator' retrieved from /home/airflow/.local/lib/python3.11/site-packages/airflow/example_dags/example_bash_operator.py
[2024-11-18T20:24:43.743+0000] {logging_mixin.py:188} INFO - [2024-11-18T20:24:43.742+0000] {dag.py:3089} INFO - Sync 1 DAGs
[2024-11-18T20:24:43.762+0000] {logging_mixin.py:188} INFO - [2024-11-18T20:24:43.762+0000] {dag.py:3947} INFO - Setting next_dagrun for example_bash_operator to 2024-11-17 00:00:00+00:00, run_after=2024-11-18 00:00:00+00:00
[2024-11-18T20:24:43.780+0000] {processor.py:183} INFO - Processing /home/airflow/.local/lib/python3.11/site-packages/airflow/example_dags/example_bash_operator.py took 0.096 seconds
[2024-11-18T20:25:14.007+0000] {processor.py:161} INFO - Started process (PID=770) to work on /home/airflow/.local/lib/python3.11/site-packages/airflow/example_dags/example_bash_operator.py
[2024-11-18T20:25:14.008+0000] {processor.py:830} INFO - Processing file /home/airflow/.local/lib/python3.11/site-packages/airflow/example_dags/example_bash_operator.py for tasks to queue
[2024-11-18T20:25:14.009+0000] {logging_mixin.py:188} INFO - [2024-11-18T20:25:14.009+0000] {dagbag.py:545} INFO - Filling up the DagBag from /home/airflow/.local/lib/python3.11/site-packages/airflow/example_dags/example_bash_operator.py
[2024-11-18T20:25:14.018+0000] {processor.py:840} INFO - DAG(s) 'example_bash_operator' retrieved from /home/airflow/.local/lib/python3.11/site-packages/airflow/example_dags/example_bash_operator.py
[2024-11-18T20:25:14.040+0000] {logging_mixin.py:188} INFO - [2024-11-18T20:25:14.040+0000] {dag.py:3089} INFO - Sync 1 DAGs
[2024-11-18T20:25:14.060+0000] {logging_mixin.py:188} INFO - [2024-11-18T20:25:14.059+0000] {dag.py:3947} INFO - Setting next_dagrun for example_bash_operator to 2024-11-17 00:00:00+00:00, run_after=2024-11-18 00:00:00+00:00
[2024-11-18T20:25:14.078+0000] {processor.py:183} INFO - Processing /home/airflow/.local/lib/python3.11/site-packages/airflow/example_dags/example_bash_operator.py took 0.076 seconds
[2024-11-18T20:25:44.801+0000] {processor.py:161} INFO - Started process (PID=829) to work on /home/airflow/.local/lib/python3.11/site-packages/airflow/example_dags/example_bash_operator.py
[2024-11-18T20:25:44.802+0000] {processor.py:830} INFO - Processing file /home/airflow/.local/lib/python3.11/site-packages/airflow/example_dags/example_bash_operator.py for tasks to queue
[2024-11-18T20:25:44.803+0000] {logging_mixin.py:188} INFO - [2024-11-18T20:25:44.803+0000] {dagbag.py:545} INFO - Filling up the DagBag from /home/airflow/.local/lib/python3.11/site-packages/airflow/example_dags/example_bash_operator.py
[2024-11-18T20:25:44.811+0000] {processor.py:840} INFO - DAG(s) 'example_bash_operator' retrieved from /home/airflow/.local/lib/python3.11/site-packages/airflow/example_dags/example_bash_operator.py
[2024-11-18T20:25:44.834+0000] {logging_mixin.py:188} INFO - [2024-11-18T20:25:44.834+0000] {dag.py:3089} INFO - Sync 1 DAGs
[2024-11-18T20:25:44.858+0000] {logging_mixin.py:188} INFO - [2024-11-18T20:25:44.858+0000] {dag.py:3947} INFO - Setting next_dagrun for example_bash_operator to 2024-11-17 00:00:00+00:00, run_after=2024-11-18 00:00:00+00:00
[2024-11-18T20:25:44.892+0000] {processor.py:183} INFO - Processing /home/airflow/.local/lib/python3.11/site-packages/airflow/example_dags/example_bash_operator.py took 0.096 seconds
[2024-11-18T20:26:15.408+0000] {processor.py:161} INFO - Started process (PID=888) to work on /home/airflow/.local/lib/python3.11/site-packages/airflow/example_dags/example_bash_operator.py
[2024-11-18T20:26:15.408+0000] {processor.py:830} INFO - Processing file /home/airflow/.local/lib/python3.11/site-packages/airflow/example_dags/example_bash_operator.py for tasks to queue
[2024-11-18T20:26:15.410+0000] {logging_mixin.py:188} INFO - [2024-11-18T20:26:15.409+0000] {dagbag.py:545} INFO - Filling up the DagBag from /home/airflow/.local/lib/python3.11/site-packages/airflow/example_dags/example_bash_operator.py
[2024-11-18T20:26:15.419+0000] {processor.py:840} INFO - DAG(s) 'example_bash_operator' retrieved from /home/airflow/.local/lib/python3.11/site-packages/airflow/example_dags/example_bash_operator.py
[2024-11-18T20:26:15.439+0000] {logging_mixin.py:188} INFO - [2024-11-18T20:26:15.439+0000] {dag.py:3089} INFO - Sync 1 DAGs
[2024-11-18T20:26:15.460+0000] {logging_mixin.py:188} INFO - [2024-11-18T20:26:15.459+0000] {dag.py:3947} INFO - Setting next_dagrun for example_bash_operator to 2024-11-17 00:00:00+00:00, run_after=2024-11-18 00:00:00+00:00
[2024-11-18T20:26:15.486+0000] {processor.py:183} INFO - Processing /home/airflow/.local/lib/python3.11/site-packages/airflow/example_dags/example_bash_operator.py took 0.084 seconds
[2024-11-18T20:26:45.811+0000] {processor.py:161} INFO - Started process (PID=947) to work on /home/airflow/.local/lib/python3.11/site-packages/airflow/example_dags/example_bash_operator.py
[2024-11-18T20:26:45.812+0000] {processor.py:830} INFO - Processing file /home/airflow/.local/lib/python3.11/site-packages/airflow/example_dags/example_bash_operator.py for tasks to queue
[2024-11-18T20:26:45.814+0000] {logging_mixin.py:188} INFO - [2024-11-18T20:26:45.813+0000] {dagbag.py:545} INFO - Filling up the DagBag from /home/airflow/.local/lib/python3.11/site-packages/airflow/example_dags/example_bash_operator.py
[2024-11-18T20:26:45.829+0000] {processor.py:840} INFO - DAG(s) 'example_bash_operator' retrieved from /home/airflow/.local/lib/python3.11/site-packages/airflow/example_dags/example_bash_operator.py
[2024-11-18T20:26:45.865+0000] {logging_mixin.py:188} INFO - [2024-11-18T20:26:45.865+0000] {dag.py:3089} INFO - Sync 1 DAGs
[2024-11-18T20:26:45.887+0000] {logging_mixin.py:188} INFO - [2024-11-18T20:26:45.886+0000] {dag.py:3947} INFO - Setting next_dagrun for example_bash_operator to 2024-11-17 00:00:00+00:00, run_after=2024-11-18 00:00:00+00:00
[2024-11-18T20:26:45.916+0000] {processor.py:183} INFO - Processing /home/airflow/.local/lib/python3.11/site-packages/airflow/example_dags/example_bash_operator.py took 0.111 seconds
[2024-11-18T20:27:16.772+0000] {processor.py:161} INFO - Started process (PID=1006) to work on /home/airflow/.local/lib/python3.11/site-packages/airflow/example_dags/example_bash_operator.py
[2024-11-18T20:27:16.773+0000] {processor.py:830} INFO - Processing file /home/airflow/.local/lib/python3.11/site-packages/airflow/example_dags/example_bash_operator.py for tasks to queue
[2024-11-18T20:27:16.780+0000] {logging_mixin.py:188} INFO - [2024-11-18T20:27:16.780+0000] {dagbag.py:545} INFO - Filling up the DagBag from /home/airflow/.local/lib/python3.11/site-packages/airflow/example_dags/example_bash_operator.py
[2024-11-18T20:27:16.806+0000] {processor.py:840} INFO - DAG(s) 'example_bash_operator' retrieved from /home/airflow/.local/lib/python3.11/site-packages/airflow/example_dags/example_bash_operator.py
[2024-11-18T20:27:16.874+0000] {logging_mixin.py:188} INFO - [2024-11-18T20:27:16.874+0000] {dag.py:3089} INFO - Sync 1 DAGs
[2024-11-18T20:27:16.931+0000] {logging_mixin.py:188} INFO - [2024-11-18T20:27:16.931+0000] {dag.py:3947} INFO - Setting next_dagrun for example_bash_operator to 2024-11-17 00:00:00+00:00, run_after=2024-11-18 00:00:00+00:00
[2024-11-18T20:27:16.970+0000] {processor.py:183} INFO - Processing /home/airflow/.local/lib/python3.11/site-packages/airflow/example_dags/example_bash_operator.py took 0.232 seconds
[2024-11-18T20:27:47.793+0000] {processor.py:161} INFO - Started process (PID=1065) to work on /home/airflow/.local/lib/python3.11/site-packages/airflow/example_dags/example_bash_operator.py
[2024-11-18T20:27:47.794+0000] {processor.py:830} INFO - Processing file /home/airflow/.local/lib/python3.11/site-packages/airflow/example_dags/example_bash_operator.py for tasks to queue
[2024-11-18T20:27:47.801+0000] {logging_mixin.py:188} INFO - [2024-11-18T20:27:47.800+0000] {dagbag.py:545} INFO - Filling up the DagBag from /home/airflow/.local/lib/python3.11/site-packages/airflow/example_dags/example_bash_operator.py
[2024-11-18T20:27:47.824+0000] {processor.py:840} INFO - DAG(s) 'example_bash_operator' retrieved from /home/airflow/.local/lib/python3.11/site-packages/airflow/example_dags/example_bash_operator.py
[2024-11-18T20:27:47.874+0000] {logging_mixin.py:188} INFO - [2024-11-18T20:27:47.871+0000] {dag.py:3089} INFO - Sync 1 DAGs
[2024-11-18T20:27:47.914+0000] {logging_mixin.py:188} INFO - [2024-11-18T20:27:47.913+0000] {dag.py:3947} INFO - Setting next_dagrun for example_bash_operator to 2024-11-17 00:00:00+00:00, run_after=2024-11-18 00:00:00+00:00
[2024-11-18T20:27:47.966+0000] {processor.py:183} INFO - Processing /home/airflow/.local/lib/python3.11/site-packages/airflow/example_dags/example_bash_operator.py took 0.182 seconds
[2024-11-18T20:28:18.063+0000] {processor.py:161} INFO - Started process (PID=1124) to work on /home/airflow/.local/lib/python3.11/site-packages/airflow/example_dags/example_bash_operator.py
[2024-11-18T20:28:18.063+0000] {processor.py:830} INFO - Processing file /home/airflow/.local/lib/python3.11/site-packages/airflow/example_dags/example_bash_operator.py for tasks to queue
[2024-11-18T20:28:18.065+0000] {logging_mixin.py:188} INFO - [2024-11-18T20:28:18.065+0000] {dagbag.py:545} INFO - Filling up the DagBag from /home/airflow/.local/lib/python3.11/site-packages/airflow/example_dags/example_bash_operator.py
[2024-11-18T20:28:18.075+0000] {processor.py:840} INFO - DAG(s) 'example_bash_operator' retrieved from /home/airflow/.local/lib/python3.11/site-packages/airflow/example_dags/example_bash_operator.py
[2024-11-18T20:28:18.099+0000] {logging_mixin.py:188} INFO - [2024-11-18T20:28:18.099+0000] {dag.py:3089} INFO - Sync 1 DAGs
[2024-11-18T20:28:18.119+0000] {logging_mixin.py:188} INFO - [2024-11-18T20:28:18.118+0000] {dag.py:3947} INFO - Setting next_dagrun for example_bash_operator to 2024-11-17 00:00:00+00:00, run_after=2024-11-18 00:00:00+00:00
[2024-11-18T20:28:18.138+0000] {processor.py:183} INFO - Processing /home/airflow/.local/lib/python3.11/site-packages/airflow/example_dags/example_bash_operator.py took 0.082 seconds
[2024-11-18T20:28:48.256+0000] {processor.py:161} INFO - Started process (PID=1183) to work on /home/airflow/.local/lib/python3.11/site-packages/airflow/example_dags/example_bash_operator.py
[2024-11-18T20:28:48.257+0000] {processor.py:830} INFO - Processing file /home/airflow/.local/lib/python3.11/site-packages/airflow/example_dags/example_bash_operator.py for tasks to queue
[2024-11-18T20:28:48.260+0000] {logging_mixin.py:188} INFO - [2024-11-18T20:28:48.260+0000] {dagbag.py:545} INFO - Filling up the DagBag from /home/airflow/.local/lib/python3.11/site-packages/airflow/example_dags/example_bash_operator.py
[2024-11-18T20:28:48.274+0000] {processor.py:840} INFO - DAG(s) 'example_bash_operator' retrieved from /home/airflow/.local/lib/python3.11/site-packages/airflow/example_dags/example_bash_operator.py
[2024-11-18T20:28:48.308+0000] {logging_mixin.py:188} INFO - [2024-11-18T20:28:48.307+0000] {dag.py:3089} INFO - Sync 1 DAGs
[2024-11-18T20:28:48.337+0000] {logging_mixin.py:188} INFO - [2024-11-18T20:28:48.337+0000] {dag.py:3947} INFO - Setting next_dagrun for example_bash_operator to 2024-11-17 00:00:00+00:00, run_after=2024-11-18 00:00:00+00:00
[2024-11-18T20:28:48.361+0000] {processor.py:183} INFO - Processing /home/airflow/.local/lib/python3.11/site-packages/airflow/example_dags/example_bash_operator.py took 0.115 seconds
[2024-11-18T20:29:18.589+0000] {processor.py:161} INFO - Started process (PID=1242) to work on /home/airflow/.local/lib/python3.11/site-packages/airflow/example_dags/example_bash_operator.py
[2024-11-18T20:29:18.590+0000] {processor.py:830} INFO - Processing file /home/airflow/.local/lib/python3.11/site-packages/airflow/example_dags/example_bash_operator.py for tasks to queue
[2024-11-18T20:29:18.593+0000] {logging_mixin.py:188} INFO - [2024-11-18T20:29:18.592+0000] {dagbag.py:545} INFO - Filling up the DagBag from /home/airflow/.local/lib/python3.11/site-packages/airflow/example_dags/example_bash_operator.py
[2024-11-18T20:29:18.605+0000] {processor.py:840} INFO - DAG(s) 'example_bash_operator' retrieved from /home/airflow/.local/lib/python3.11/site-packages/airflow/example_dags/example_bash_operator.py
[2024-11-18T20:29:18.635+0000] {logging_mixin.py:188} INFO - [2024-11-18T20:29:18.634+0000] {dag.py:3089} INFO - Sync 1 DAGs
[2024-11-18T20:29:18.660+0000] {logging_mixin.py:188} INFO - [2024-11-18T20:29:18.659+0000] {dag.py:3947} INFO - Setting next_dagrun for example_bash_operator to 2024-11-17 00:00:00+00:00, run_after=2024-11-18 00:00:00+00:00
[2024-11-18T20:29:18.682+0000] {processor.py:183} INFO - Processing /home/airflow/.local/lib/python3.11/site-packages/airflow/example_dags/example_bash_operator.py took 0.099 seconds
[2024-11-18T20:29:48.956+0000] {processor.py:161} INFO - Started process (PID=1301) to work on /home/airflow/.local/lib/python3.11/site-packages/airflow/example_dags/example_bash_operator.py
[2024-11-18T20:29:48.956+0000] {processor.py:830} INFO - Processing file /home/airflow/.local/lib/python3.11/site-packages/airflow/example_dags/example_bash_operator.py for tasks to queue
[2024-11-18T20:29:48.961+0000] {logging_mixin.py:188} INFO - [2024-11-18T20:29:48.960+0000] {dagbag.py:545} INFO - Filling up the DagBag from /home/airflow/.local/lib/python3.11/site-packages/airflow/example_dags/example_bash_operator.py
[2024-11-18T20:29:48.976+0000] {processor.py:840} INFO - DAG(s) 'example_bash_operator' retrieved from /home/airflow/.local/lib/python3.11/site-packages/airflow/example_dags/example_bash_operator.py
[2024-11-18T20:29:49.015+0000] {logging_mixin.py:188} INFO - [2024-11-18T20:29:49.014+0000] {dag.py:3089} INFO - Sync 1 DAGs
[2024-11-18T20:29:49.045+0000] {logging_mixin.py:188} INFO - [2024-11-18T20:29:49.044+0000] {dag.py:3947} INFO - Setting next_dagrun for example_bash_operator to 2024-11-17 00:00:00+00:00, run_after=2024-11-18 00:00:00+00:00
[2024-11-18T20:29:49.066+0000] {processor.py:183} INFO - Processing /home/airflow/.local/lib/python3.11/site-packages/airflow/example_dags/example_bash_operator.py took 0.117 seconds
[2024-11-18T20:30:19.224+0000] {processor.py:161} INFO - Started process (PID=1360) to work on /home/airflow/.local/lib/python3.11/site-packages/airflow/example_dags/example_bash_operator.py
[2024-11-18T20:30:19.226+0000] {processor.py:830} INFO - Processing file /home/airflow/.local/lib/python3.11/site-packages/airflow/example_dags/example_bash_operator.py for tasks to queue
[2024-11-18T20:30:19.228+0000] {logging_mixin.py:188} INFO - [2024-11-18T20:30:19.228+0000] {dagbag.py:545} INFO - Filling up the DagBag from /home/airflow/.local/lib/python3.11/site-packages/airflow/example_dags/example_bash_operator.py
[2024-11-18T20:30:19.240+0000] {processor.py:840} INFO - DAG(s) 'example_bash_operator' retrieved from /home/airflow/.local/lib/python3.11/site-packages/airflow/example_dags/example_bash_operator.py
[2024-11-18T20:30:19.269+0000] {logging_mixin.py:188} INFO - [2024-11-18T20:30:19.269+0000] {dag.py:3089} INFO - Sync 1 DAGs
[2024-11-18T20:30:19.294+0000] {logging_mixin.py:188} INFO - [2024-11-18T20:30:19.294+0000] {dag.py:3947} INFO - Setting next_dagrun for example_bash_operator to 2024-11-17 00:00:00+00:00, run_after=2024-11-18 00:00:00+00:00
[2024-11-18T20:30:19.317+0000] {processor.py:183} INFO - Processing /home/airflow/.local/lib/python3.11/site-packages/airflow/example_dags/example_bash_operator.py took 0.098 seconds
[2024-11-18T20:30:49.430+0000] {processor.py:161} INFO - Started process (PID=1420) to work on /home/airflow/.local/lib/python3.11/site-packages/airflow/example_dags/example_bash_operator.py
[2024-11-18T20:30:49.432+0000] {processor.py:830} INFO - Processing file /home/airflow/.local/lib/python3.11/site-packages/airflow/example_dags/example_bash_operator.py for tasks to queue
[2024-11-18T20:30:49.434+0000] {logging_mixin.py:188} INFO - [2024-11-18T20:30:49.433+0000] {dagbag.py:545} INFO - Filling up the DagBag from /home/airflow/.local/lib/python3.11/site-packages/airflow/example_dags/example_bash_operator.py
[2024-11-18T20:30:49.446+0000] {processor.py:840} INFO - DAG(s) 'example_bash_operator' retrieved from /home/airflow/.local/lib/python3.11/site-packages/airflow/example_dags/example_bash_operator.py
[2024-11-18T20:30:49.471+0000] {logging_mixin.py:188} INFO - [2024-11-18T20:30:49.470+0000] {dag.py:3089} INFO - Sync 1 DAGs
[2024-11-18T20:30:49.495+0000] {logging_mixin.py:188} INFO - [2024-11-18T20:30:49.495+0000] {dag.py:3947} INFO - Setting next_dagrun for example_bash_operator to 2024-11-17 00:00:00+00:00, run_after=2024-11-18 00:00:00+00:00
[2024-11-18T20:30:49.515+0000] {processor.py:183} INFO - Processing /home/airflow/.local/lib/python3.11/site-packages/airflow/example_dags/example_bash_operator.py took 0.092 seconds
[2024-11-18T20:31:19.610+0000] {processor.py:161} INFO - Started process (PID=1479) to work on /home/airflow/.local/lib/python3.11/site-packages/airflow/example_dags/example_bash_operator.py
[2024-11-18T20:31:19.611+0000] {processor.py:830} INFO - Processing file /home/airflow/.local/lib/python3.11/site-packages/airflow/example_dags/example_bash_operator.py for tasks to queue
[2024-11-18T20:31:19.612+0000] {logging_mixin.py:188} INFO - [2024-11-18T20:31:19.612+0000] {dagbag.py:545} INFO - Filling up the DagBag from /home/airflow/.local/lib/python3.11/site-packages/airflow/example_dags/example_bash_operator.py
[2024-11-18T20:31:19.622+0000] {processor.py:840} INFO - DAG(s) 'example_bash_operator' retrieved from /home/airflow/.local/lib/python3.11/site-packages/airflow/example_dags/example_bash_operator.py
[2024-11-18T20:31:19.649+0000] {logging_mixin.py:188} INFO - [2024-11-18T20:31:19.648+0000] {dag.py:3089} INFO - Sync 1 DAGs
[2024-11-18T20:31:19.673+0000] {logging_mixin.py:188} INFO - [2024-11-18T20:31:19.673+0000] {dag.py:3947} INFO - Setting next_dagrun for example_bash_operator to 2024-11-17 00:00:00+00:00, run_after=2024-11-18 00:00:00+00:00
[2024-11-18T20:31:19.698+0000] {processor.py:183} INFO - Processing /home/airflow/.local/lib/python3.11/site-packages/airflow/example_dags/example_bash_operator.py took 0.093 seconds
[2024-11-18T20:31:49.797+0000] {processor.py:161} INFO - Started process (PID=1538) to work on /home/airflow/.local/lib/python3.11/site-packages/airflow/example_dags/example_bash_operator.py
[2024-11-18T20:31:49.798+0000] {processor.py:830} INFO - Processing file /home/airflow/.local/lib/python3.11/site-packages/airflow/example_dags/example_bash_operator.py for tasks to queue
[2024-11-18T20:31:49.800+0000] {logging_mixin.py:188} INFO - [2024-11-18T20:31:49.799+0000] {dagbag.py:545} INFO - Filling up the DagBag from /home/airflow/.local/lib/python3.11/site-packages/airflow/example_dags/example_bash_operator.py
[2024-11-18T20:31:49.809+0000] {processor.py:840} INFO - DAG(s) 'example_bash_operator' retrieved from /home/airflow/.local/lib/python3.11/site-packages/airflow/example_dags/example_bash_operator.py
[2024-11-18T20:31:49.832+0000] {logging_mixin.py:188} INFO - [2024-11-18T20:31:49.832+0000] {dag.py:3089} INFO - Sync 1 DAGs
[2024-11-18T20:31:49.855+0000] {logging_mixin.py:188} INFO - [2024-11-18T20:31:49.855+0000] {dag.py:3947} INFO - Setting next_dagrun for example_bash_operator to 2024-11-17 00:00:00+00:00, run_after=2024-11-18 00:00:00+00:00
[2024-11-18T20:31:49.874+0000] {processor.py:183} INFO - Processing /home/airflow/.local/lib/python3.11/site-packages/airflow/example_dags/example_bash_operator.py took 0.082 seconds
[2024-11-18T20:32:20.506+0000] {processor.py:161} INFO - Started process (PID=1597) to work on /home/airflow/.local/lib/python3.11/site-packages/airflow/example_dags/example_bash_operator.py
[2024-11-18T20:32:20.507+0000] {processor.py:830} INFO - Processing file /home/airflow/.local/lib/python3.11/site-packages/airflow/example_dags/example_bash_operator.py for tasks to queue
[2024-11-18T20:32:20.509+0000] {logging_mixin.py:188} INFO - [2024-11-18T20:32:20.509+0000] {dagbag.py:545} INFO - Filling up the DagBag from /home/airflow/.local/lib/python3.11/site-packages/airflow/example_dags/example_bash_operator.py
[2024-11-18T20:32:20.520+0000] {processor.py:840} INFO - DAG(s) 'example_bash_operator' retrieved from /home/airflow/.local/lib/python3.11/site-packages/airflow/example_dags/example_bash_operator.py
[2024-11-18T20:32:20.548+0000] {logging_mixin.py:188} INFO - [2024-11-18T20:32:20.547+0000] {dag.py:3089} INFO - Sync 1 DAGs
[2024-11-18T20:32:20.568+0000] {logging_mixin.py:188} INFO - [2024-11-18T20:32:20.568+0000] {dag.py:3947} INFO - Setting next_dagrun for example_bash_operator to 2024-11-17 00:00:00+00:00, run_after=2024-11-18 00:00:00+00:00
[2024-11-18T20:32:20.585+0000] {processor.py:183} INFO - Processing /home/airflow/.local/lib/python3.11/site-packages/airflow/example_dags/example_bash_operator.py took 0.084 seconds
[2024-11-18T20:32:51.136+0000] {processor.py:161} INFO - Started process (PID=1656) to work on /home/airflow/.local/lib/python3.11/site-packages/airflow/example_dags/example_bash_operator.py
[2024-11-18T20:32:51.138+0000] {processor.py:830} INFO - Processing file /home/airflow/.local/lib/python3.11/site-packages/airflow/example_dags/example_bash_operator.py for tasks to queue
[2024-11-18T20:32:51.142+0000] {logging_mixin.py:188} INFO - [2024-11-18T20:32:51.141+0000] {dagbag.py:545} INFO - Filling up the DagBag from /home/airflow/.local/lib/python3.11/site-packages/airflow/example_dags/example_bash_operator.py
[2024-11-18T20:32:51.166+0000] {processor.py:840} INFO - DAG(s) 'example_bash_operator' retrieved from /home/airflow/.local/lib/python3.11/site-packages/airflow/example_dags/example_bash_operator.py
[2024-11-18T20:32:51.208+0000] {logging_mixin.py:188} INFO - [2024-11-18T20:32:51.207+0000] {dag.py:3089} INFO - Sync 1 DAGs
[2024-11-18T20:32:51.251+0000] {logging_mixin.py:188} INFO - [2024-11-18T20:32:51.250+0000] {dag.py:3947} INFO - Setting next_dagrun for example_bash_operator to 2024-11-17 00:00:00+00:00, run_after=2024-11-18 00:00:00+00:00
[2024-11-18T20:32:51.290+0000] {processor.py:183} INFO - Processing /home/airflow/.local/lib/python3.11/site-packages/airflow/example_dags/example_bash_operator.py took 0.161 seconds
[2024-11-18T20:33:21.696+0000] {processor.py:161} INFO - Started process (PID=1715) to work on /home/airflow/.local/lib/python3.11/site-packages/airflow/example_dags/example_bash_operator.py
[2024-11-18T20:33:21.710+0000] {processor.py:830} INFO - Processing file /home/airflow/.local/lib/python3.11/site-packages/airflow/example_dags/example_bash_operator.py for tasks to queue
[2024-11-18T20:33:21.713+0000] {logging_mixin.py:188} INFO - [2024-11-18T20:33:21.712+0000] {dagbag.py:545} INFO - Filling up the DagBag from /home/airflow/.local/lib/python3.11/site-packages/airflow/example_dags/example_bash_operator.py
[2024-11-18T20:33:21.734+0000] {processor.py:840} INFO - DAG(s) 'example_bash_operator' retrieved from /home/airflow/.local/lib/python3.11/site-packages/airflow/example_dags/example_bash_operator.py
[2024-11-18T20:33:21.806+0000] {logging_mixin.py:188} INFO - [2024-11-18T20:33:21.806+0000] {dag.py:3089} INFO - Sync 1 DAGs
[2024-11-18T20:33:21.852+0000] {logging_mixin.py:188} INFO - [2024-11-18T20:33:21.852+0000] {dag.py:3947} INFO - Setting next_dagrun for example_bash_operator to 2024-11-17 00:00:00+00:00, run_after=2024-11-18 00:00:00+00:00
[2024-11-18T20:33:21.894+0000] {processor.py:183} INFO - Processing /home/airflow/.local/lib/python3.11/site-packages/airflow/example_dags/example_bash_operator.py took 0.207 seconds
[2024-11-18T20:33:52.132+0000] {processor.py:161} INFO - Started process (PID=1774) to work on /home/airflow/.local/lib/python3.11/site-packages/airflow/example_dags/example_bash_operator.py
[2024-11-18T20:33:52.133+0000] {processor.py:830} INFO - Processing file /home/airflow/.local/lib/python3.11/site-packages/airflow/example_dags/example_bash_operator.py for tasks to queue
[2024-11-18T20:33:52.135+0000] {logging_mixin.py:188} INFO - [2024-11-18T20:33:52.135+0000] {dagbag.py:545} INFO - Filling up the DagBag from /home/airflow/.local/lib/python3.11/site-packages/airflow/example_dags/example_bash_operator.py
[2024-11-18T20:33:52.150+0000] {processor.py:840} INFO - DAG(s) 'example_bash_operator' retrieved from /home/airflow/.local/lib/python3.11/site-packages/airflow/example_dags/example_bash_operator.py
[2024-11-18T20:33:52.182+0000] {logging_mixin.py:188} INFO - [2024-11-18T20:33:52.181+0000] {dag.py:3089} INFO - Sync 1 DAGs
[2024-11-18T20:33:52.212+0000] {logging_mixin.py:188} INFO - [2024-11-18T20:33:52.212+0000] {dag.py:3947} INFO - Setting next_dagrun for example_bash_operator to 2024-11-17 00:00:00+00:00, run_after=2024-11-18 00:00:00+00:00
[2024-11-18T20:33:52.234+0000] {processor.py:183} INFO - Processing /home/airflow/.local/lib/python3.11/site-packages/airflow/example_dags/example_bash_operator.py took 0.109 seconds
[2024-11-18T20:34:22.475+0000] {processor.py:161} INFO - Started process (PID=1833) to work on /home/airflow/.local/lib/python3.11/site-packages/airflow/example_dags/example_bash_operator.py
[2024-11-18T20:34:22.476+0000] {processor.py:830} INFO - Processing file /home/airflow/.local/lib/python3.11/site-packages/airflow/example_dags/example_bash_operator.py for tasks to queue
[2024-11-18T20:34:22.478+0000] {logging_mixin.py:188} INFO - [2024-11-18T20:34:22.478+0000] {dagbag.py:545} INFO - Filling up the DagBag from /home/airflow/.local/lib/python3.11/site-packages/airflow/example_dags/example_bash_operator.py
[2024-11-18T20:34:22.489+0000] {processor.py:840} INFO - DAG(s) 'example_bash_operator' retrieved from /home/airflow/.local/lib/python3.11/site-packages/airflow/example_dags/example_bash_operator.py
[2024-11-18T20:34:22.513+0000] {logging_mixin.py:188} INFO - [2024-11-18T20:34:22.513+0000] {dag.py:3089} INFO - Sync 1 DAGs
[2024-11-18T20:34:22.535+0000] {logging_mixin.py:188} INFO - [2024-11-18T20:34:22.535+0000] {dag.py:3947} INFO - Setting next_dagrun for example_bash_operator to 2024-11-17 00:00:00+00:00, run_after=2024-11-18 00:00:00+00:00
[2024-11-18T20:34:22.550+0000] {processor.py:183} INFO - Processing /home/airflow/.local/lib/python3.11/site-packages/airflow/example_dags/example_bash_operator.py took 0.079 seconds
[2024-11-18T20:34:52.942+0000] {processor.py:161} INFO - Started process (PID=1892) to work on /home/airflow/.local/lib/python3.11/site-packages/airflow/example_dags/example_bash_operator.py
[2024-11-18T20:34:52.943+0000] {processor.py:830} INFO - Processing file /home/airflow/.local/lib/python3.11/site-packages/airflow/example_dags/example_bash_operator.py for tasks to queue
[2024-11-18T20:34:52.945+0000] {logging_mixin.py:188} INFO - [2024-11-18T20:34:52.945+0000] {dagbag.py:545} INFO - Filling up the DagBag from /home/airflow/.local/lib/python3.11/site-packages/airflow/example_dags/example_bash_operator.py
[2024-11-18T20:34:52.954+0000] {processor.py:840} INFO - DAG(s) 'example_bash_operator' retrieved from /home/airflow/.local/lib/python3.11/site-packages/airflow/example_dags/example_bash_operator.py
[2024-11-18T20:34:52.977+0000] {logging_mixin.py:188} INFO - [2024-11-18T20:34:52.977+0000] {dag.py:3089} INFO - Sync 1 DAGs
[2024-11-18T20:34:52.999+0000] {logging_mixin.py:188} INFO - [2024-11-18T20:34:52.999+0000] {dag.py:3947} INFO - Setting next_dagrun for example_bash_operator to 2024-11-17 00:00:00+00:00, run_after=2024-11-18 00:00:00+00:00
[2024-11-18T20:34:53.016+0000] {processor.py:183} INFO - Processing /home/airflow/.local/lib/python3.11/site-packages/airflow/example_dags/example_bash_operator.py took 0.078 seconds
[2024-11-18T20:35:23.248+0000] {processor.py:161} INFO - Started process (PID=1951) to work on /home/airflow/.local/lib/python3.11/site-packages/airflow/example_dags/example_bash_operator.py
[2024-11-18T20:35:23.249+0000] {processor.py:830} INFO - Processing file /home/airflow/.local/lib/python3.11/site-packages/airflow/example_dags/example_bash_operator.py for tasks to queue
[2024-11-18T20:35:23.251+0000] {logging_mixin.py:188} INFO - [2024-11-18T20:35:23.250+0000] {dagbag.py:545} INFO - Filling up the DagBag from /home/airflow/.local/lib/python3.11/site-packages/airflow/example_dags/example_bash_operator.py
[2024-11-18T20:35:23.261+0000] {processor.py:840} INFO - DAG(s) 'example_bash_operator' retrieved from /home/airflow/.local/lib/python3.11/site-packages/airflow/example_dags/example_bash_operator.py
[2024-11-18T20:35:23.285+0000] {logging_mixin.py:188} INFO - [2024-11-18T20:35:23.284+0000] {dag.py:3089} INFO - Sync 1 DAGs
[2024-11-18T20:35:23.308+0000] {logging_mixin.py:188} INFO - [2024-11-18T20:35:23.308+0000] {dag.py:3947} INFO - Setting next_dagrun for example_bash_operator to 2024-11-17 00:00:00+00:00, run_after=2024-11-18 00:00:00+00:00
[2024-11-18T20:35:23.326+0000] {processor.py:183} INFO - Processing /home/airflow/.local/lib/python3.11/site-packages/airflow/example_dags/example_bash_operator.py took 0.083 seconds
[2024-11-18T20:35:54.647+0000] {processor.py:161} INFO - Started process (PID=2010) to work on /home/airflow/.local/lib/python3.11/site-packages/airflow/example_dags/example_bash_operator.py
[2024-11-18T20:35:54.648+0000] {processor.py:830} INFO - Processing file /home/airflow/.local/lib/python3.11/site-packages/airflow/example_dags/example_bash_operator.py for tasks to queue
[2024-11-18T20:35:54.651+0000] {logging_mixin.py:188} INFO - [2024-11-18T20:35:54.650+0000] {dagbag.py:545} INFO - Filling up the DagBag from /home/airflow/.local/lib/python3.11/site-packages/airflow/example_dags/example_bash_operator.py
[2024-11-18T20:35:54.675+0000] {processor.py:840} INFO - DAG(s) 'example_bash_operator' retrieved from /home/airflow/.local/lib/python3.11/site-packages/airflow/example_dags/example_bash_operator.py
[2024-11-18T20:35:54.747+0000] {logging_mixin.py:188} INFO - [2024-11-18T20:35:54.746+0000] {dag.py:3089} INFO - Sync 1 DAGs
[2024-11-18T20:35:54.799+0000] {logging_mixin.py:188} INFO - [2024-11-18T20:35:54.798+0000] {dag.py:3947} INFO - Setting next_dagrun for example_bash_operator to 2024-11-17 00:00:00+00:00, run_after=2024-11-18 00:00:00+00:00
[2024-11-18T20:35:54.854+0000] {processor.py:183} INFO - Processing /home/airflow/.local/lib/python3.11/site-packages/airflow/example_dags/example_bash_operator.py took 0.215 seconds
[2024-11-18T20:36:25.492+0000] {processor.py:161} INFO - Started process (PID=2069) to work on /home/airflow/.local/lib/python3.11/site-packages/airflow/example_dags/example_bash_operator.py
[2024-11-18T20:36:25.493+0000] {processor.py:830} INFO - Processing file /home/airflow/.local/lib/python3.11/site-packages/airflow/example_dags/example_bash_operator.py for tasks to queue
[2024-11-18T20:36:25.500+0000] {logging_mixin.py:188} INFO - [2024-11-18T20:36:25.499+0000] {dagbag.py:545} INFO - Filling up the DagBag from /home/airflow/.local/lib/python3.11/site-packages/airflow/example_dags/example_bash_operator.py
[2024-11-18T20:36:25.517+0000] {processor.py:840} INFO - DAG(s) 'example_bash_operator' retrieved from /home/airflow/.local/lib/python3.11/site-packages/airflow/example_dags/example_bash_operator.py
[2024-11-18T20:36:25.560+0000] {logging_mixin.py:188} INFO - [2024-11-18T20:36:25.560+0000] {dag.py:3089} INFO - Sync 1 DAGs
[2024-11-18T20:36:25.599+0000] {logging_mixin.py:188} INFO - [2024-11-18T20:36:25.599+0000] {dag.py:3947} INFO - Setting next_dagrun for example_bash_operator to 2024-11-17 00:00:00+00:00, run_after=2024-11-18 00:00:00+00:00
[2024-11-18T20:36:25.632+0000] {processor.py:183} INFO - Processing /home/airflow/.local/lib/python3.11/site-packages/airflow/example_dags/example_bash_operator.py took 0.151 seconds
[2024-11-18T20:36:55.804+0000] {processor.py:161} INFO - Started process (PID=2129) to work on /home/airflow/.local/lib/python3.11/site-packages/airflow/example_dags/example_bash_operator.py
[2024-11-18T20:36:55.806+0000] {processor.py:830} INFO - Processing file /home/airflow/.local/lib/python3.11/site-packages/airflow/example_dags/example_bash_operator.py for tasks to queue
[2024-11-18T20:36:55.812+0000] {logging_mixin.py:188} INFO - [2024-11-18T20:36:55.811+0000] {dagbag.py:545} INFO - Filling up the DagBag from /home/airflow/.local/lib/python3.11/site-packages/airflow/example_dags/example_bash_operator.py
[2024-11-18T20:36:55.833+0000] {processor.py:840} INFO - DAG(s) 'example_bash_operator' retrieved from /home/airflow/.local/lib/python3.11/site-packages/airflow/example_dags/example_bash_operator.py
[2024-11-18T20:36:55.893+0000] {logging_mixin.py:188} INFO - [2024-11-18T20:36:55.892+0000] {dag.py:3089} INFO - Sync 1 DAGs
[2024-11-18T20:36:55.946+0000] {logging_mixin.py:188} INFO - [2024-11-18T20:36:55.946+0000] {dag.py:3947} INFO - Setting next_dagrun for example_bash_operator to 2024-11-17 00:00:00+00:00, run_after=2024-11-18 00:00:00+00:00
[2024-11-18T20:36:55.998+0000] {processor.py:183} INFO - Processing /home/airflow/.local/lib/python3.11/site-packages/airflow/example_dags/example_bash_operator.py took 0.202 seconds
[2024-11-18T20:37:26.975+0000] {processor.py:161} INFO - Started process (PID=2188) to work on /home/airflow/.local/lib/python3.11/site-packages/airflow/example_dags/example_bash_operator.py
[2024-11-18T20:37:26.976+0000] {processor.py:830} INFO - Processing file /home/airflow/.local/lib/python3.11/site-packages/airflow/example_dags/example_bash_operator.py for tasks to queue
[2024-11-18T20:37:26.978+0000] {logging_mixin.py:188} INFO - [2024-11-18T20:37:26.977+0000] {dagbag.py:545} INFO - Filling up the DagBag from /home/airflow/.local/lib/python3.11/site-packages/airflow/example_dags/example_bash_operator.py
[2024-11-18T20:37:26.990+0000] {processor.py:840} INFO - DAG(s) 'example_bash_operator' retrieved from /home/airflow/.local/lib/python3.11/site-packages/airflow/example_dags/example_bash_operator.py
[2024-11-18T20:37:27.016+0000] {logging_mixin.py:188} INFO - [2024-11-18T20:37:27.016+0000] {dag.py:3089} INFO - Sync 1 DAGs
[2024-11-18T20:37:27.048+0000] {logging_mixin.py:188} INFO - [2024-11-18T20:37:27.048+0000] {dag.py:3947} INFO - Setting next_dagrun for example_bash_operator to 2024-11-17 00:00:00+00:00, run_after=2024-11-18 00:00:00+00:00
[2024-11-18T20:37:27.075+0000] {processor.py:183} INFO - Processing /home/airflow/.local/lib/python3.11/site-packages/airflow/example_dags/example_bash_operator.py took 0.106 seconds
[2024-11-18T20:37:57.175+0000] {processor.py:161} INFO - Started process (PID=2247) to work on /home/airflow/.local/lib/python3.11/site-packages/airflow/example_dags/example_bash_operator.py
[2024-11-18T20:37:57.176+0000] {processor.py:830} INFO - Processing file /home/airflow/.local/lib/python3.11/site-packages/airflow/example_dags/example_bash_operator.py for tasks to queue
[2024-11-18T20:37:57.180+0000] {logging_mixin.py:188} INFO - [2024-11-18T20:37:57.179+0000] {dagbag.py:545} INFO - Filling up the DagBag from /home/airflow/.local/lib/python3.11/site-packages/airflow/example_dags/example_bash_operator.py
[2024-11-18T20:37:57.212+0000] {processor.py:840} INFO - DAG(s) 'example_bash_operator' retrieved from /home/airflow/.local/lib/python3.11/site-packages/airflow/example_dags/example_bash_operator.py
[2024-11-18T20:37:57.294+0000] {logging_mixin.py:188} INFO - [2024-11-18T20:37:57.294+0000] {dag.py:3089} INFO - Sync 1 DAGs
[2024-11-18T20:37:57.387+0000] {logging_mixin.py:188} INFO - [2024-11-18T20:37:57.387+0000] {dag.py:3947} INFO - Setting next_dagrun for example_bash_operator to 2024-11-17 00:00:00+00:00, run_after=2024-11-18 00:00:00+00:00
[2024-11-18T20:37:57.471+0000] {processor.py:183} INFO - Processing /home/airflow/.local/lib/python3.11/site-packages/airflow/example_dags/example_bash_operator.py took 0.308 seconds
[2024-11-18T20:38:27.519+0000] {processor.py:161} INFO - Started process (PID=2308) to work on /home/airflow/.local/lib/python3.11/site-packages/airflow/example_dags/example_bash_operator.py
[2024-11-18T20:38:27.520+0000] {processor.py:830} INFO - Processing file /home/airflow/.local/lib/python3.11/site-packages/airflow/example_dags/example_bash_operator.py for tasks to queue
[2024-11-18T20:38:27.521+0000] {logging_mixin.py:188} INFO - [2024-11-18T20:38:27.521+0000] {dagbag.py:545} INFO - Filling up the DagBag from /home/airflow/.local/lib/python3.11/site-packages/airflow/example_dags/example_bash_operator.py
[2024-11-18T20:38:27.530+0000] {processor.py:840} INFO - DAG(s) 'example_bash_operator' retrieved from /home/airflow/.local/lib/python3.11/site-packages/airflow/example_dags/example_bash_operator.py
[2024-11-18T20:38:27.552+0000] {logging_mixin.py:188} INFO - [2024-11-18T20:38:27.552+0000] {dag.py:3089} INFO - Sync 1 DAGs
[2024-11-18T20:38:27.573+0000] {logging_mixin.py:188} INFO - [2024-11-18T20:38:27.572+0000] {dag.py:3947} INFO - Setting next_dagrun for example_bash_operator to 2024-11-17 00:00:00+00:00, run_after=2024-11-18 00:00:00+00:00
[2024-11-18T20:38:27.595+0000] {processor.py:183} INFO - Processing /home/airflow/.local/lib/python3.11/site-packages/airflow/example_dags/example_bash_operator.py took 0.081 seconds
[2024-11-18T20:38:57.693+0000] {processor.py:161} INFO - Started process (PID=2375) to work on /home/airflow/.local/lib/python3.11/site-packages/airflow/example_dags/example_bash_operator.py
[2024-11-18T20:38:57.694+0000] {processor.py:830} INFO - Processing file /home/airflow/.local/lib/python3.11/site-packages/airflow/example_dags/example_bash_operator.py for tasks to queue
[2024-11-18T20:38:57.698+0000] {logging_mixin.py:188} INFO - [2024-11-18T20:38:57.697+0000] {dagbag.py:545} INFO - Filling up the DagBag from /home/airflow/.local/lib/python3.11/site-packages/airflow/example_dags/example_bash_operator.py
[2024-11-18T20:38:57.709+0000] {processor.py:840} INFO - DAG(s) 'example_bash_operator' retrieved from /home/airflow/.local/lib/python3.11/site-packages/airflow/example_dags/example_bash_operator.py
[2024-11-18T20:38:57.740+0000] {logging_mixin.py:188} INFO - [2024-11-18T20:38:57.739+0000] {dag.py:3089} INFO - Sync 1 DAGs
[2024-11-18T20:38:57.771+0000] {logging_mixin.py:188} INFO - [2024-11-18T20:38:57.771+0000] {dag.py:3947} INFO - Setting next_dagrun for example_bash_operator to 2024-11-17 00:00:00+00:00, run_after=2024-11-18 00:00:00+00:00
[2024-11-18T20:38:57.799+0000] {processor.py:183} INFO - Processing /home/airflow/.local/lib/python3.11/site-packages/airflow/example_dags/example_bash_operator.py took 0.111 seconds
[2024-11-18T20:39:28.701+0000] {processor.py:161} INFO - Started process (PID=2436) to work on /home/airflow/.local/lib/python3.11/site-packages/airflow/example_dags/example_bash_operator.py
[2024-11-18T20:39:28.702+0000] {processor.py:830} INFO - Processing file /home/airflow/.local/lib/python3.11/site-packages/airflow/example_dags/example_bash_operator.py for tasks to queue
[2024-11-18T20:39:28.703+0000] {logging_mixin.py:188} INFO - [2024-11-18T20:39:28.703+0000] {dagbag.py:545} INFO - Filling up the DagBag from /home/airflow/.local/lib/python3.11/site-packages/airflow/example_dags/example_bash_operator.py
[2024-11-18T20:39:28.717+0000] {processor.py:840} INFO - DAG(s) 'example_bash_operator' retrieved from /home/airflow/.local/lib/python3.11/site-packages/airflow/example_dags/example_bash_operator.py
[2024-11-18T20:39:28.741+0000] {logging_mixin.py:188} INFO - [2024-11-18T20:39:28.741+0000] {dag.py:3089} INFO - Sync 1 DAGs
[2024-11-18T20:39:28.768+0000] {logging_mixin.py:188} INFO - [2024-11-18T20:39:28.768+0000] {dag.py:3947} INFO - Setting next_dagrun for example_bash_operator to 2024-11-17 00:00:00+00:00, run_after=2024-11-18 00:00:00+00:00
[2024-11-18T20:39:28.799+0000] {processor.py:183} INFO - Processing /home/airflow/.local/lib/python3.11/site-packages/airflow/example_dags/example_bash_operator.py took 0.104 seconds
[2024-11-18T20:39:59.598+0000] {processor.py:161} INFO - Started process (PID=2495) to work on /home/airflow/.local/lib/python3.11/site-packages/airflow/example_dags/example_bash_operator.py
[2024-11-18T20:39:59.599+0000] {processor.py:830} INFO - Processing file /home/airflow/.local/lib/python3.11/site-packages/airflow/example_dags/example_bash_operator.py for tasks to queue
[2024-11-18T20:39:59.600+0000] {logging_mixin.py:188} INFO - [2024-11-18T20:39:59.600+0000] {dagbag.py:545} INFO - Filling up the DagBag from /home/airflow/.local/lib/python3.11/site-packages/airflow/example_dags/example_bash_operator.py
[2024-11-18T20:39:59.611+0000] {processor.py:840} INFO - DAG(s) 'example_bash_operator' retrieved from /home/airflow/.local/lib/python3.11/site-packages/airflow/example_dags/example_bash_operator.py
[2024-11-18T20:39:59.634+0000] {logging_mixin.py:188} INFO - [2024-11-18T20:39:59.633+0000] {dag.py:3089} INFO - Sync 1 DAGs
[2024-11-18T20:39:59.655+0000] {logging_mixin.py:188} INFO - [2024-11-18T20:39:59.655+0000] {dag.py:3947} INFO - Setting next_dagrun for example_bash_operator to 2024-11-17 00:00:00+00:00, run_after=2024-11-18 00:00:00+00:00
[2024-11-18T20:39:59.674+0000] {processor.py:183} INFO - Processing /home/airflow/.local/lib/python3.11/site-packages/airflow/example_dags/example_bash_operator.py took 0.081 seconds
[2024-11-18T20:40:30.331+0000] {processor.py:161} INFO - Started process (PID=2554) to work on /home/airflow/.local/lib/python3.11/site-packages/airflow/example_dags/example_bash_operator.py
[2024-11-18T20:40:30.345+0000] {processor.py:830} INFO - Processing file /home/airflow/.local/lib/python3.11/site-packages/airflow/example_dags/example_bash_operator.py for tasks to queue
[2024-11-18T20:40:30.352+0000] {logging_mixin.py:188} INFO - [2024-11-18T20:40:30.352+0000] {dagbag.py:545} INFO - Filling up the DagBag from /home/airflow/.local/lib/python3.11/site-packages/airflow/example_dags/example_bash_operator.py
[2024-11-18T20:40:30.374+0000] {processor.py:840} INFO - DAG(s) 'example_bash_operator' retrieved from /home/airflow/.local/lib/python3.11/site-packages/airflow/example_dags/example_bash_operator.py
[2024-11-18T20:40:30.430+0000] {logging_mixin.py:188} INFO - [2024-11-18T20:40:30.429+0000] {dag.py:3089} INFO - Sync 1 DAGs
[2024-11-18T20:40:30.478+0000] {logging_mixin.py:188} INFO - [2024-11-18T20:40:30.477+0000] {dag.py:3947} INFO - Setting next_dagrun for example_bash_operator to 2024-11-17 00:00:00+00:00, run_after=2024-11-18 00:00:00+00:00
[2024-11-18T20:40:30.568+0000] {processor.py:183} INFO - Processing /home/airflow/.local/lib/python3.11/site-packages/airflow/example_dags/example_bash_operator.py took 0.249 seconds
[2024-11-18T20:43:55.522+0000] {processor.py:161} INFO - Started process (PID=69) to work on /home/airflow/.local/lib/python3.11/site-packages/airflow/example_dags/example_bash_operator.py
[2024-11-18T20:43:55.524+0000] {processor.py:830} INFO - Processing file /home/airflow/.local/lib/python3.11/site-packages/airflow/example_dags/example_bash_operator.py for tasks to queue
[2024-11-18T20:43:55.527+0000] {logging_mixin.py:188} INFO - [2024-11-18T20:43:55.526+0000] {dagbag.py:545} INFO - Filling up the DagBag from /home/airflow/.local/lib/python3.11/site-packages/airflow/example_dags/example_bash_operator.py
[2024-11-18T20:43:55.542+0000] {processor.py:840} INFO - DAG(s) 'example_bash_operator' retrieved from /home/airflow/.local/lib/python3.11/site-packages/airflow/example_dags/example_bash_operator.py
[2024-11-18T20:43:55.572+0000] {logging_mixin.py:188} INFO - [2024-11-18T20:43:55.571+0000] {dag.py:3089} INFO - Sync 1 DAGs
[2024-11-18T20:43:55.594+0000] {logging_mixin.py:188} INFO - [2024-11-18T20:43:55.594+0000] {dag.py:3947} INFO - Setting next_dagrun for example_bash_operator to 2024-11-17 00:00:00+00:00, run_after=2024-11-18 00:00:00+00:00
[2024-11-18T20:43:55.614+0000] {processor.py:183} INFO - Processing /home/airflow/.local/lib/python3.11/site-packages/airflow/example_dags/example_bash_operator.py took 0.098 seconds
[2024-11-18T20:44:26.390+0000] {processor.py:161} INFO - Started process (PID=128) to work on /home/airflow/.local/lib/python3.11/site-packages/airflow/example_dags/example_bash_operator.py
[2024-11-18T20:44:26.392+0000] {processor.py:830} INFO - Processing file /home/airflow/.local/lib/python3.11/site-packages/airflow/example_dags/example_bash_operator.py for tasks to queue
[2024-11-18T20:44:26.394+0000] {logging_mixin.py:188} INFO - [2024-11-18T20:44:26.394+0000] {dagbag.py:545} INFO - Filling up the DagBag from /home/airflow/.local/lib/python3.11/site-packages/airflow/example_dags/example_bash_operator.py
[2024-11-18T20:44:26.408+0000] {processor.py:840} INFO - DAG(s) 'example_bash_operator' retrieved from /home/airflow/.local/lib/python3.11/site-packages/airflow/example_dags/example_bash_operator.py
[2024-11-18T20:44:26.446+0000] {logging_mixin.py:188} INFO - [2024-11-18T20:44:26.446+0000] {dag.py:3089} INFO - Sync 1 DAGs
[2024-11-18T20:44:26.478+0000] {logging_mixin.py:188} INFO - [2024-11-18T20:44:26.478+0000] {dag.py:3947} INFO - Setting next_dagrun for example_bash_operator to 2024-11-17 00:00:00+00:00, run_after=2024-11-18 00:00:00+00:00
[2024-11-18T20:44:26.508+0000] {processor.py:183} INFO - Processing /home/airflow/.local/lib/python3.11/site-packages/airflow/example_dags/example_bash_operator.py took 0.124 seconds
[2024-11-18T20:44:56.740+0000] {processor.py:161} INFO - Started process (PID=185) to work on /home/airflow/.local/lib/python3.11/site-packages/airflow/example_dags/example_bash_operator.py
[2024-11-18T20:44:56.741+0000] {processor.py:830} INFO - Processing file /home/airflow/.local/lib/python3.11/site-packages/airflow/example_dags/example_bash_operator.py for tasks to queue
[2024-11-18T20:44:56.743+0000] {logging_mixin.py:188} INFO - [2024-11-18T20:44:56.742+0000] {dagbag.py:545} INFO - Filling up the DagBag from /home/airflow/.local/lib/python3.11/site-packages/airflow/example_dags/example_bash_operator.py
[2024-11-18T20:44:56.758+0000] {processor.py:840} INFO - DAG(s) 'example_bash_operator' retrieved from /home/airflow/.local/lib/python3.11/site-packages/airflow/example_dags/example_bash_operator.py
[2024-11-18T20:44:56.786+0000] {logging_mixin.py:188} INFO - [2024-11-18T20:44:56.786+0000] {dag.py:3089} INFO - Sync 1 DAGs
[2024-11-18T20:44:56.806+0000] {logging_mixin.py:188} INFO - [2024-11-18T20:44:56.806+0000] {dag.py:3947} INFO - Setting next_dagrun for example_bash_operator to 2024-11-17 00:00:00+00:00, run_after=2024-11-18 00:00:00+00:00
[2024-11-18T20:44:56.825+0000] {processor.py:183} INFO - Processing /home/airflow/.local/lib/python3.11/site-packages/airflow/example_dags/example_bash_operator.py took 0.092 seconds
[2024-11-18T20:45:27.362+0000] {processor.py:161} INFO - Started process (PID=244) to work on /home/airflow/.local/lib/python3.11/site-packages/airflow/example_dags/example_bash_operator.py
[2024-11-18T20:45:27.363+0000] {processor.py:830} INFO - Processing file /home/airflow/.local/lib/python3.11/site-packages/airflow/example_dags/example_bash_operator.py for tasks to queue
[2024-11-18T20:45:27.365+0000] {logging_mixin.py:188} INFO - [2024-11-18T20:45:27.365+0000] {dagbag.py:545} INFO - Filling up the DagBag from /home/airflow/.local/lib/python3.11/site-packages/airflow/example_dags/example_bash_operator.py
[2024-11-18T20:45:27.378+0000] {processor.py:840} INFO - DAG(s) 'example_bash_operator' retrieved from /home/airflow/.local/lib/python3.11/site-packages/airflow/example_dags/example_bash_operator.py
[2024-11-18T20:45:27.405+0000] {logging_mixin.py:188} INFO - [2024-11-18T20:45:27.405+0000] {dag.py:3089} INFO - Sync 1 DAGs
[2024-11-18T20:45:27.424+0000] {logging_mixin.py:188} INFO - [2024-11-18T20:45:27.424+0000] {dag.py:3947} INFO - Setting next_dagrun for example_bash_operator to 2024-11-17 00:00:00+00:00, run_after=2024-11-18 00:00:00+00:00
[2024-11-18T20:45:27.447+0000] {processor.py:183} INFO - Processing /home/airflow/.local/lib/python3.11/site-packages/airflow/example_dags/example_bash_operator.py took 0.093 seconds
[2024-11-18T20:45:57.753+0000] {processor.py:161} INFO - Started process (PID=303) to work on /home/airflow/.local/lib/python3.11/site-packages/airflow/example_dags/example_bash_operator.py
[2024-11-18T20:45:57.754+0000] {processor.py:830} INFO - Processing file /home/airflow/.local/lib/python3.11/site-packages/airflow/example_dags/example_bash_operator.py for tasks to queue
[2024-11-18T20:45:57.757+0000] {logging_mixin.py:188} INFO - [2024-11-18T20:45:57.756+0000] {dagbag.py:545} INFO - Filling up the DagBag from /home/airflow/.local/lib/python3.11/site-packages/airflow/example_dags/example_bash_operator.py
[2024-11-18T20:45:57.770+0000] {processor.py:840} INFO - DAG(s) 'example_bash_operator' retrieved from /home/airflow/.local/lib/python3.11/site-packages/airflow/example_dags/example_bash_operator.py
[2024-11-18T20:45:57.799+0000] {logging_mixin.py:188} INFO - [2024-11-18T20:45:57.799+0000] {dag.py:3089} INFO - Sync 1 DAGs
[2024-11-18T20:45:57.822+0000] {logging_mixin.py:188} INFO - [2024-11-18T20:45:57.822+0000] {dag.py:3947} INFO - Setting next_dagrun for example_bash_operator to 2024-11-17 00:00:00+00:00, run_after=2024-11-18 00:00:00+00:00
[2024-11-18T20:45:57.842+0000] {processor.py:183} INFO - Processing /home/airflow/.local/lib/python3.11/site-packages/airflow/example_dags/example_bash_operator.py took 0.095 seconds
[2024-11-18T20:46:28.117+0000] {processor.py:161} INFO - Started process (PID=363) to work on /home/airflow/.local/lib/python3.11/site-packages/airflow/example_dags/example_bash_operator.py
[2024-11-18T20:46:28.118+0000] {processor.py:830} INFO - Processing file /home/airflow/.local/lib/python3.11/site-packages/airflow/example_dags/example_bash_operator.py for tasks to queue
[2024-11-18T20:46:28.122+0000] {logging_mixin.py:188} INFO - [2024-11-18T20:46:28.121+0000] {dagbag.py:545} INFO - Filling up the DagBag from /home/airflow/.local/lib/python3.11/site-packages/airflow/example_dags/example_bash_operator.py
[2024-11-18T20:46:28.138+0000] {processor.py:840} INFO - DAG(s) 'example_bash_operator' retrieved from /home/airflow/.local/lib/python3.11/site-packages/airflow/example_dags/example_bash_operator.py
[2024-11-18T20:46:28.178+0000] {logging_mixin.py:188} INFO - [2024-11-18T20:46:28.176+0000] {dag.py:3089} INFO - Sync 1 DAGs
[2024-11-18T20:46:28.215+0000] {logging_mixin.py:188} INFO - [2024-11-18T20:46:28.214+0000] {dag.py:3947} INFO - Setting next_dagrun for example_bash_operator to 2024-11-17 00:00:00+00:00, run_after=2024-11-18 00:00:00+00:00
[2024-11-18T20:46:28.236+0000] {processor.py:183} INFO - Processing /home/airflow/.local/lib/python3.11/site-packages/airflow/example_dags/example_bash_operator.py took 0.128 seconds
[2024-11-18T20:46:58.274+0000] {processor.py:161} INFO - Started process (PID=421) to work on /home/airflow/.local/lib/python3.11/site-packages/airflow/example_dags/example_bash_operator.py
[2024-11-18T20:46:58.275+0000] {processor.py:830} INFO - Processing file /home/airflow/.local/lib/python3.11/site-packages/airflow/example_dags/example_bash_operator.py for tasks to queue
[2024-11-18T20:46:58.276+0000] {logging_mixin.py:188} INFO - [2024-11-18T20:46:58.276+0000] {dagbag.py:545} INFO - Filling up the DagBag from /home/airflow/.local/lib/python3.11/site-packages/airflow/example_dags/example_bash_operator.py
[2024-11-18T20:46:58.286+0000] {processor.py:840} INFO - DAG(s) 'example_bash_operator' retrieved from /home/airflow/.local/lib/python3.11/site-packages/airflow/example_dags/example_bash_operator.py
[2024-11-18T20:46:58.311+0000] {logging_mixin.py:188} INFO - [2024-11-18T20:46:58.311+0000] {dag.py:3089} INFO - Sync 1 DAGs
[2024-11-18T20:46:58.333+0000] {logging_mixin.py:188} INFO - [2024-11-18T20:46:58.333+0000] {dag.py:3947} INFO - Setting next_dagrun for example_bash_operator to 2024-11-17 00:00:00+00:00, run_after=2024-11-18 00:00:00+00:00
[2024-11-18T20:46:58.358+0000] {processor.py:183} INFO - Processing /home/airflow/.local/lib/python3.11/site-packages/airflow/example_dags/example_bash_operator.py took 0.089 seconds
[2024-11-18T20:48:16.427+0000] {processor.py:161} INFO - Started process (PID=58) to work on /home/airflow/.local/lib/python3.11/site-packages/airflow/example_dags/example_bash_operator.py
[2024-11-18T20:48:16.428+0000] {processor.py:830} INFO - Processing file /home/airflow/.local/lib/python3.11/site-packages/airflow/example_dags/example_bash_operator.py for tasks to queue
[2024-11-18T20:48:16.430+0000] {logging_mixin.py:188} INFO - [2024-11-18T20:48:16.430+0000] {dagbag.py:545} INFO - Filling up the DagBag from /home/airflow/.local/lib/python3.11/site-packages/airflow/example_dags/example_bash_operator.py
[2024-11-18T20:48:16.444+0000] {processor.py:840} INFO - DAG(s) 'example_bash_operator' retrieved from /home/airflow/.local/lib/python3.11/site-packages/airflow/example_dags/example_bash_operator.py
[2024-11-18T20:48:16.457+0000] {logging_mixin.py:188} INFO - [2024-11-18T20:48:16.457+0000] {dag.py:3089} INFO - Sync 1 DAGs
[2024-11-18T20:48:16.480+0000] {logging_mixin.py:188} INFO - [2024-11-18T20:48:16.479+0000] {dag.py:3947} INFO - Setting next_dagrun for example_bash_operator to 2024-11-17 00:00:00+00:00, run_after=2024-11-18 00:00:00+00:00
[2024-11-18T20:48:16.502+0000] {processor.py:183} INFO - Processing /home/airflow/.local/lib/python3.11/site-packages/airflow/example_dags/example_bash_operator.py took 0.081 seconds
[2024-11-18T20:48:47.178+0000] {processor.py:161} INFO - Started process (PID=117) to work on /home/airflow/.local/lib/python3.11/site-packages/airflow/example_dags/example_bash_operator.py
[2024-11-18T20:48:47.178+0000] {processor.py:830} INFO - Processing file /home/airflow/.local/lib/python3.11/site-packages/airflow/example_dags/example_bash_operator.py for tasks to queue
[2024-11-18T20:48:47.180+0000] {logging_mixin.py:188} INFO - [2024-11-18T20:48:47.180+0000] {dagbag.py:545} INFO - Filling up the DagBag from /home/airflow/.local/lib/python3.11/site-packages/airflow/example_dags/example_bash_operator.py
[2024-11-18T20:48:47.190+0000] {processor.py:840} INFO - DAG(s) 'example_bash_operator' retrieved from /home/airflow/.local/lib/python3.11/site-packages/airflow/example_dags/example_bash_operator.py
[2024-11-18T20:48:47.283+0000] {logging_mixin.py:188} INFO - [2024-11-18T20:48:47.282+0000] {dag.py:3089} INFO - Sync 1 DAGs
[2024-11-18T20:48:47.300+0000] {logging_mixin.py:188} INFO - [2024-11-18T20:48:47.300+0000] {dag.py:3947} INFO - Setting next_dagrun for example_bash_operator to 2024-11-17 00:00:00+00:00, run_after=2024-11-18 00:00:00+00:00
[2024-11-18T20:48:47.319+0000] {processor.py:183} INFO - Processing /home/airflow/.local/lib/python3.11/site-packages/airflow/example_dags/example_bash_operator.py took 0.146 seconds
[2024-11-18T20:49:17.448+0000] {processor.py:161} INFO - Started process (PID=176) to work on /home/airflow/.local/lib/python3.11/site-packages/airflow/example_dags/example_bash_operator.py
[2024-11-18T20:49:17.449+0000] {processor.py:830} INFO - Processing file /home/airflow/.local/lib/python3.11/site-packages/airflow/example_dags/example_bash_operator.py for tasks to queue
[2024-11-18T20:49:17.451+0000] {logging_mixin.py:188} INFO - [2024-11-18T20:49:17.450+0000] {dagbag.py:545} INFO - Filling up the DagBag from /home/airflow/.local/lib/python3.11/site-packages/airflow/example_dags/example_bash_operator.py
[2024-11-18T20:49:17.460+0000] {processor.py:840} INFO - DAG(s) 'example_bash_operator' retrieved from /home/airflow/.local/lib/python3.11/site-packages/airflow/example_dags/example_bash_operator.py
[2024-11-18T20:49:17.484+0000] {logging_mixin.py:188} INFO - [2024-11-18T20:49:17.483+0000] {dag.py:3089} INFO - Sync 1 DAGs
[2024-11-18T20:49:17.505+0000] {logging_mixin.py:188} INFO - [2024-11-18T20:49:17.505+0000] {dag.py:3947} INFO - Setting next_dagrun for example_bash_operator to 2024-11-17 00:00:00+00:00, run_after=2024-11-18 00:00:00+00:00
[2024-11-18T20:49:17.525+0000] {processor.py:183} INFO - Processing /home/airflow/.local/lib/python3.11/site-packages/airflow/example_dags/example_bash_operator.py took 0.082 seconds
[2024-11-18T20:50:38.195+0000] {processor.py:161} INFO - Started process (PID=63) to work on /home/airflow/.local/lib/python3.11/site-packages/airflow/example_dags/example_bash_operator.py
[2024-11-18T20:50:38.196+0000] {processor.py:830} INFO - Processing file /home/airflow/.local/lib/python3.11/site-packages/airflow/example_dags/example_bash_operator.py for tasks to queue
[2024-11-18T20:50:38.198+0000] {logging_mixin.py:188} INFO - [2024-11-18T20:50:38.198+0000] {dagbag.py:545} INFO - Filling up the DagBag from /home/airflow/.local/lib/python3.11/site-packages/airflow/example_dags/example_bash_operator.py
[2024-11-18T20:50:38.212+0000] {processor.py:840} INFO - DAG(s) 'example_bash_operator' retrieved from /home/airflow/.local/lib/python3.11/site-packages/airflow/example_dags/example_bash_operator.py
[2024-11-18T20:50:38.225+0000] {logging_mixin.py:188} INFO - [2024-11-18T20:50:38.224+0000] {dag.py:3089} INFO - Sync 1 DAGs
[2024-11-18T20:50:38.255+0000] {logging_mixin.py:188} INFO - [2024-11-18T20:50:38.254+0000] {dag.py:3947} INFO - Setting next_dagrun for example_bash_operator to 2024-11-17 00:00:00+00:00, run_after=2024-11-18 00:00:00+00:00
[2024-11-18T20:50:38.277+0000] {processor.py:183} INFO - Processing /home/airflow/.local/lib/python3.11/site-packages/airflow/example_dags/example_bash_operator.py took 0.087 seconds
[2024-11-18T20:51:10.333+0000] {processor.py:161} INFO - Started process (PID=128) to work on /home/airflow/.local/lib/python3.11/site-packages/airflow/example_dags/example_bash_operator.py
[2024-11-18T20:51:10.334+0000] {processor.py:830} INFO - Processing file /home/airflow/.local/lib/python3.11/site-packages/airflow/example_dags/example_bash_operator.py for tasks to queue
[2024-11-18T20:51:10.338+0000] {logging_mixin.py:188} INFO - [2024-11-18T20:51:10.337+0000] {dagbag.py:545} INFO - Filling up the DagBag from /home/airflow/.local/lib/python3.11/site-packages/airflow/example_dags/example_bash_operator.py
[2024-11-18T20:51:10.349+0000] {processor.py:840} INFO - DAG(s) 'example_bash_operator' retrieved from /home/airflow/.local/lib/python3.11/site-packages/airflow/example_dags/example_bash_operator.py
[2024-11-18T20:51:10.482+0000] {logging_mixin.py:188} INFO - [2024-11-18T20:51:10.481+0000] {dag.py:3089} INFO - Sync 1 DAGs
[2024-11-18T20:51:10.498+0000] {logging_mixin.py:188} INFO - [2024-11-18T20:51:10.498+0000] {dag.py:3947} INFO - Setting next_dagrun for example_bash_operator to 2024-11-17 00:00:00+00:00, run_after=2024-11-18 00:00:00+00:00
[2024-11-18T20:51:10.516+0000] {processor.py:183} INFO - Processing /home/airflow/.local/lib/python3.11/site-packages/airflow/example_dags/example_bash_operator.py took 0.187 seconds
[2024-11-18T20:51:40.721+0000] {processor.py:161} INFO - Started process (PID=187) to work on /home/airflow/.local/lib/python3.11/site-packages/airflow/example_dags/example_bash_operator.py
[2024-11-18T20:51:40.722+0000] {processor.py:830} INFO - Processing file /home/airflow/.local/lib/python3.11/site-packages/airflow/example_dags/example_bash_operator.py for tasks to queue
[2024-11-18T20:51:40.725+0000] {logging_mixin.py:188} INFO - [2024-11-18T20:51:40.724+0000] {dagbag.py:545} INFO - Filling up the DagBag from /home/airflow/.local/lib/python3.11/site-packages/airflow/example_dags/example_bash_operator.py
[2024-11-18T20:51:40.735+0000] {processor.py:840} INFO - DAG(s) 'example_bash_operator' retrieved from /home/airflow/.local/lib/python3.11/site-packages/airflow/example_dags/example_bash_operator.py
[2024-11-18T20:51:40.763+0000] {logging_mixin.py:188} INFO - [2024-11-18T20:51:40.762+0000] {dag.py:3089} INFO - Sync 1 DAGs
[2024-11-18T20:51:40.791+0000] {logging_mixin.py:188} INFO - [2024-11-18T20:51:40.791+0000] {dag.py:3947} INFO - Setting next_dagrun for example_bash_operator to 2024-11-17 00:00:00+00:00, run_after=2024-11-18 00:00:00+00:00
[2024-11-18T20:51:40.814+0000] {processor.py:183} INFO - Processing /home/airflow/.local/lib/python3.11/site-packages/airflow/example_dags/example_bash_operator.py took 0.099 seconds
[2024-11-18T20:52:11.205+0000] {processor.py:161} INFO - Started process (PID=246) to work on /home/airflow/.local/lib/python3.11/site-packages/airflow/example_dags/example_bash_operator.py
[2024-11-18T20:52:11.206+0000] {processor.py:830} INFO - Processing file /home/airflow/.local/lib/python3.11/site-packages/airflow/example_dags/example_bash_operator.py for tasks to queue
[2024-11-18T20:52:11.208+0000] {logging_mixin.py:188} INFO - [2024-11-18T20:52:11.207+0000] {dagbag.py:545} INFO - Filling up the DagBag from /home/airflow/.local/lib/python3.11/site-packages/airflow/example_dags/example_bash_operator.py
[2024-11-18T20:52:11.219+0000] {processor.py:840} INFO - DAG(s) 'example_bash_operator' retrieved from /home/airflow/.local/lib/python3.11/site-packages/airflow/example_dags/example_bash_operator.py
[2024-11-18T20:52:11.248+0000] {logging_mixin.py:188} INFO - [2024-11-18T20:52:11.248+0000] {dag.py:3089} INFO - Sync 1 DAGs
[2024-11-18T20:52:11.273+0000] {logging_mixin.py:188} INFO - [2024-11-18T20:52:11.273+0000] {dag.py:3947} INFO - Setting next_dagrun for example_bash_operator to 2024-11-17 00:00:00+00:00, run_after=2024-11-18 00:00:00+00:00
[2024-11-18T20:52:11.292+0000] {processor.py:183} INFO - Processing /home/airflow/.local/lib/python3.11/site-packages/airflow/example_dags/example_bash_operator.py took 0.092 seconds
[2024-11-18T20:52:42.054+0000] {processor.py:161} INFO - Started process (PID=304) to work on /home/airflow/.local/lib/python3.11/site-packages/airflow/example_dags/example_bash_operator.py
[2024-11-18T20:52:42.057+0000] {processor.py:830} INFO - Processing file /home/airflow/.local/lib/python3.11/site-packages/airflow/example_dags/example_bash_operator.py for tasks to queue
[2024-11-18T20:52:42.060+0000] {logging_mixin.py:188} INFO - [2024-11-18T20:52:42.059+0000] {dagbag.py:545} INFO - Filling up the DagBag from /home/airflow/.local/lib/python3.11/site-packages/airflow/example_dags/example_bash_operator.py
[2024-11-18T20:52:42.078+0000] {processor.py:840} INFO - DAG(s) 'example_bash_operator' retrieved from /home/airflow/.local/lib/python3.11/site-packages/airflow/example_dags/example_bash_operator.py
[2024-11-18T20:52:42.122+0000] {logging_mixin.py:188} INFO - [2024-11-18T20:52:42.122+0000] {dag.py:3089} INFO - Sync 1 DAGs
[2024-11-18T20:52:42.151+0000] {logging_mixin.py:188} INFO - [2024-11-18T20:52:42.151+0000] {dag.py:3947} INFO - Setting next_dagrun for example_bash_operator to 2024-11-17 00:00:00+00:00, run_after=2024-11-18 00:00:00+00:00
[2024-11-18T20:52:42.181+0000] {processor.py:183} INFO - Processing /home/airflow/.local/lib/python3.11/site-packages/airflow/example_dags/example_bash_operator.py took 0.136 seconds
[2024-11-18T20:53:12.684+0000] {processor.py:161} INFO - Started process (PID=363) to work on /home/airflow/.local/lib/python3.11/site-packages/airflow/example_dags/example_bash_operator.py
[2024-11-18T20:53:12.688+0000] {processor.py:830} INFO - Processing file /home/airflow/.local/lib/python3.11/site-packages/airflow/example_dags/example_bash_operator.py for tasks to queue
[2024-11-18T20:53:12.691+0000] {logging_mixin.py:188} INFO - [2024-11-18T20:53:12.691+0000] {dagbag.py:545} INFO - Filling up the DagBag from /home/airflow/.local/lib/python3.11/site-packages/airflow/example_dags/example_bash_operator.py
[2024-11-18T20:53:12.711+0000] {processor.py:840} INFO - DAG(s) 'example_bash_operator' retrieved from /home/airflow/.local/lib/python3.11/site-packages/airflow/example_dags/example_bash_operator.py
[2024-11-18T20:53:12.788+0000] {logging_mixin.py:188} INFO - [2024-11-18T20:53:12.788+0000] {dag.py:3089} INFO - Sync 1 DAGs
[2024-11-18T20:53:12.837+0000] {logging_mixin.py:188} INFO - [2024-11-18T20:53:12.836+0000] {dag.py:3947} INFO - Setting next_dagrun for example_bash_operator to 2024-11-17 00:00:00+00:00, run_after=2024-11-18 00:00:00+00:00
[2024-11-18T20:53:12.885+0000] {processor.py:183} INFO - Processing /home/airflow/.local/lib/python3.11/site-packages/airflow/example_dags/example_bash_operator.py took 0.211 seconds
[2024-11-18T20:53:43.039+0000] {processor.py:161} INFO - Started process (PID=422) to work on /home/airflow/.local/lib/python3.11/site-packages/airflow/example_dags/example_bash_operator.py
[2024-11-18T20:53:43.039+0000] {processor.py:830} INFO - Processing file /home/airflow/.local/lib/python3.11/site-packages/airflow/example_dags/example_bash_operator.py for tasks to queue
[2024-11-18T20:53:43.041+0000] {logging_mixin.py:188} INFO - [2024-11-18T20:53:43.041+0000] {dagbag.py:545} INFO - Filling up the DagBag from /home/airflow/.local/lib/python3.11/site-packages/airflow/example_dags/example_bash_operator.py
[2024-11-18T20:53:43.050+0000] {processor.py:840} INFO - DAG(s) 'example_bash_operator' retrieved from /home/airflow/.local/lib/python3.11/site-packages/airflow/example_dags/example_bash_operator.py
[2024-11-18T20:53:43.074+0000] {logging_mixin.py:188} INFO - [2024-11-18T20:53:43.074+0000] {dag.py:3089} INFO - Sync 1 DAGs
[2024-11-18T20:53:43.093+0000] {logging_mixin.py:188} INFO - [2024-11-18T20:53:43.093+0000] {dag.py:3947} INFO - Setting next_dagrun for example_bash_operator to 2024-11-17 00:00:00+00:00, run_after=2024-11-18 00:00:00+00:00
[2024-11-18T20:53:43.110+0000] {processor.py:183} INFO - Processing /home/airflow/.local/lib/python3.11/site-packages/airflow/example_dags/example_bash_operator.py took 0.076 seconds
[2024-11-18T20:54:13.407+0000] {processor.py:161} INFO - Started process (PID=480) to work on /home/airflow/.local/lib/python3.11/site-packages/airflow/example_dags/example_bash_operator.py
[2024-11-18T20:54:13.408+0000] {processor.py:830} INFO - Processing file /home/airflow/.local/lib/python3.11/site-packages/airflow/example_dags/example_bash_operator.py for tasks to queue
[2024-11-18T20:54:13.411+0000] {logging_mixin.py:188} INFO - [2024-11-18T20:54:13.410+0000] {dagbag.py:545} INFO - Filling up the DagBag from /home/airflow/.local/lib/python3.11/site-packages/airflow/example_dags/example_bash_operator.py
[2024-11-18T20:54:13.423+0000] {processor.py:840} INFO - DAG(s) 'example_bash_operator' retrieved from /home/airflow/.local/lib/python3.11/site-packages/airflow/example_dags/example_bash_operator.py
[2024-11-18T20:54:13.450+0000] {logging_mixin.py:188} INFO - [2024-11-18T20:54:13.450+0000] {dag.py:3089} INFO - Sync 1 DAGs
[2024-11-18T20:54:13.474+0000] {logging_mixin.py:188} INFO - [2024-11-18T20:54:13.474+0000] {dag.py:3947} INFO - Setting next_dagrun for example_bash_operator to 2024-11-17 00:00:00+00:00, run_after=2024-11-18 00:00:00+00:00
[2024-11-18T20:54:13.492+0000] {processor.py:183} INFO - Processing /home/airflow/.local/lib/python3.11/site-packages/airflow/example_dags/example_bash_operator.py took 0.090 seconds
[2024-11-18T20:54:43.941+0000] {processor.py:161} INFO - Started process (PID=540) to work on /home/airflow/.local/lib/python3.11/site-packages/airflow/example_dags/example_bash_operator.py
[2024-11-18T20:54:43.942+0000] {processor.py:830} INFO - Processing file /home/airflow/.local/lib/python3.11/site-packages/airflow/example_dags/example_bash_operator.py for tasks to queue
[2024-11-18T20:54:43.944+0000] {logging_mixin.py:188} INFO - [2024-11-18T20:54:43.943+0000] {dagbag.py:545} INFO - Filling up the DagBag from /home/airflow/.local/lib/python3.11/site-packages/airflow/example_dags/example_bash_operator.py
[2024-11-18T20:54:43.955+0000] {processor.py:840} INFO - DAG(s) 'example_bash_operator' retrieved from /home/airflow/.local/lib/python3.11/site-packages/airflow/example_dags/example_bash_operator.py
[2024-11-18T20:54:43.982+0000] {logging_mixin.py:188} INFO - [2024-11-18T20:54:43.982+0000] {dag.py:3089} INFO - Sync 1 DAGs
[2024-11-18T20:54:44.003+0000] {logging_mixin.py:188} INFO - [2024-11-18T20:54:44.003+0000] {dag.py:3947} INFO - Setting next_dagrun for example_bash_operator to 2024-11-17 00:00:00+00:00, run_after=2024-11-18 00:00:00+00:00
[2024-11-18T20:54:44.021+0000] {processor.py:183} INFO - Processing /home/airflow/.local/lib/python3.11/site-packages/airflow/example_dags/example_bash_operator.py took 0.085 seconds
[2024-11-18T20:55:14.375+0000] {processor.py:161} INFO - Started process (PID=599) to work on /home/airflow/.local/lib/python3.11/site-packages/airflow/example_dags/example_bash_operator.py
[2024-11-18T20:55:14.376+0000] {processor.py:830} INFO - Processing file /home/airflow/.local/lib/python3.11/site-packages/airflow/example_dags/example_bash_operator.py for tasks to queue
[2024-11-18T20:55:14.378+0000] {logging_mixin.py:188} INFO - [2024-11-18T20:55:14.378+0000] {dagbag.py:545} INFO - Filling up the DagBag from /home/airflow/.local/lib/python3.11/site-packages/airflow/example_dags/example_bash_operator.py
[2024-11-18T20:55:14.391+0000] {processor.py:840} INFO - DAG(s) 'example_bash_operator' retrieved from /home/airflow/.local/lib/python3.11/site-packages/airflow/example_dags/example_bash_operator.py
[2024-11-18T20:55:14.418+0000] {logging_mixin.py:188} INFO - [2024-11-18T20:55:14.418+0000] {dag.py:3089} INFO - Sync 1 DAGs
[2024-11-18T20:55:14.444+0000] {logging_mixin.py:188} INFO - [2024-11-18T20:55:14.444+0000] {dag.py:3947} INFO - Setting next_dagrun for example_bash_operator to 2024-11-17 00:00:00+00:00, run_after=2024-11-18 00:00:00+00:00
[2024-11-18T20:55:14.467+0000] {processor.py:183} INFO - Processing /home/airflow/.local/lib/python3.11/site-packages/airflow/example_dags/example_bash_operator.py took 0.099 seconds
[2024-11-18T20:55:45.495+0000] {processor.py:161} INFO - Started process (PID=658) to work on /home/airflow/.local/lib/python3.11/site-packages/airflow/example_dags/example_bash_operator.py
[2024-11-18T20:55:45.496+0000] {processor.py:830} INFO - Processing file /home/airflow/.local/lib/python3.11/site-packages/airflow/example_dags/example_bash_operator.py for tasks to queue
[2024-11-18T20:55:45.499+0000] {logging_mixin.py:188} INFO - [2024-11-18T20:55:45.498+0000] {dagbag.py:545} INFO - Filling up the DagBag from /home/airflow/.local/lib/python3.11/site-packages/airflow/example_dags/example_bash_operator.py
[2024-11-18T20:55:45.512+0000] {processor.py:840} INFO - DAG(s) 'example_bash_operator' retrieved from /home/airflow/.local/lib/python3.11/site-packages/airflow/example_dags/example_bash_operator.py
[2024-11-18T20:55:45.546+0000] {logging_mixin.py:188} INFO - [2024-11-18T20:55:45.545+0000] {dag.py:3089} INFO - Sync 1 DAGs
[2024-11-18T20:55:45.571+0000] {logging_mixin.py:188} INFO - [2024-11-18T20:55:45.571+0000] {dag.py:3947} INFO - Setting next_dagrun for example_bash_operator to 2024-11-17 00:00:00+00:00, run_after=2024-11-18 00:00:00+00:00
[2024-11-18T20:55:45.595+0000] {processor.py:183} INFO - Processing /home/airflow/.local/lib/python3.11/site-packages/airflow/example_dags/example_bash_operator.py took 0.107 seconds
[2024-11-18T20:56:15.892+0000] {processor.py:161} INFO - Started process (PID=717) to work on /home/airflow/.local/lib/python3.11/site-packages/airflow/example_dags/example_bash_operator.py
[2024-11-18T20:56:15.894+0000] {processor.py:830} INFO - Processing file /home/airflow/.local/lib/python3.11/site-packages/airflow/example_dags/example_bash_operator.py for tasks to queue
[2024-11-18T20:56:15.896+0000] {logging_mixin.py:188} INFO - [2024-11-18T20:56:15.896+0000] {dagbag.py:545} INFO - Filling up the DagBag from /home/airflow/.local/lib/python3.11/site-packages/airflow/example_dags/example_bash_operator.py
[2024-11-18T20:56:15.911+0000] {processor.py:840} INFO - DAG(s) 'example_bash_operator' retrieved from /home/airflow/.local/lib/python3.11/site-packages/airflow/example_dags/example_bash_operator.py
[2024-11-18T20:56:15.940+0000] {logging_mixin.py:188} INFO - [2024-11-18T20:56:15.940+0000] {dag.py:3089} INFO - Sync 1 DAGs
[2024-11-18T20:56:15.964+0000] {logging_mixin.py:188} INFO - [2024-11-18T20:56:15.964+0000] {dag.py:3947} INFO - Setting next_dagrun for example_bash_operator to 2024-11-17 00:00:00+00:00, run_after=2024-11-18 00:00:00+00:00
[2024-11-18T20:56:15.986+0000] {processor.py:183} INFO - Processing /home/airflow/.local/lib/python3.11/site-packages/airflow/example_dags/example_bash_operator.py took 0.100 seconds
[2024-11-18T20:56:46.327+0000] {processor.py:161} INFO - Started process (PID=775) to work on /home/airflow/.local/lib/python3.11/site-packages/airflow/example_dags/example_bash_operator.py
[2024-11-18T20:56:46.328+0000] {processor.py:830} INFO - Processing file /home/airflow/.local/lib/python3.11/site-packages/airflow/example_dags/example_bash_operator.py for tasks to queue
[2024-11-18T20:56:46.330+0000] {logging_mixin.py:188} INFO - [2024-11-18T20:56:46.330+0000] {dagbag.py:545} INFO - Filling up the DagBag from /home/airflow/.local/lib/python3.11/site-packages/airflow/example_dags/example_bash_operator.py
[2024-11-18T20:56:46.341+0000] {processor.py:840} INFO - DAG(s) 'example_bash_operator' retrieved from /home/airflow/.local/lib/python3.11/site-packages/airflow/example_dags/example_bash_operator.py
[2024-11-18T20:56:46.367+0000] {logging_mixin.py:188} INFO - [2024-11-18T20:56:46.366+0000] {dag.py:3089} INFO - Sync 1 DAGs
[2024-11-18T20:56:46.391+0000] {logging_mixin.py:188} INFO - [2024-11-18T20:56:46.391+0000] {dag.py:3947} INFO - Setting next_dagrun for example_bash_operator to 2024-11-17 00:00:00+00:00, run_after=2024-11-18 00:00:00+00:00
[2024-11-18T20:56:46.410+0000] {processor.py:183} INFO - Processing /home/airflow/.local/lib/python3.11/site-packages/airflow/example_dags/example_bash_operator.py took 0.090 seconds
[2024-11-18T20:57:16.822+0000] {processor.py:161} INFO - Started process (PID=835) to work on /home/airflow/.local/lib/python3.11/site-packages/airflow/example_dags/example_bash_operator.py
[2024-11-18T20:57:16.823+0000] {processor.py:830} INFO - Processing file /home/airflow/.local/lib/python3.11/site-packages/airflow/example_dags/example_bash_operator.py for tasks to queue
[2024-11-18T20:57:16.824+0000] {logging_mixin.py:188} INFO - [2024-11-18T20:57:16.824+0000] {dagbag.py:545} INFO - Filling up the DagBag from /home/airflow/.local/lib/python3.11/site-packages/airflow/example_dags/example_bash_operator.py
[2024-11-18T20:57:16.837+0000] {processor.py:840} INFO - DAG(s) 'example_bash_operator' retrieved from /home/airflow/.local/lib/python3.11/site-packages/airflow/example_dags/example_bash_operator.py
[2024-11-18T20:57:16.869+0000] {logging_mixin.py:188} INFO - [2024-11-18T20:57:16.868+0000] {dag.py:3089} INFO - Sync 1 DAGs
[2024-11-18T20:57:16.896+0000] {logging_mixin.py:188} INFO - [2024-11-18T20:57:16.896+0000] {dag.py:3947} INFO - Setting next_dagrun for example_bash_operator to 2024-11-17 00:00:00+00:00, run_after=2024-11-18 00:00:00+00:00
[2024-11-18T20:57:16.919+0000] {processor.py:183} INFO - Processing /home/airflow/.local/lib/python3.11/site-packages/airflow/example_dags/example_bash_operator.py took 0.103 seconds
[2024-11-18T20:57:47.126+0000] {processor.py:161} INFO - Started process (PID=894) to work on /home/airflow/.local/lib/python3.11/site-packages/airflow/example_dags/example_bash_operator.py
[2024-11-18T20:57:47.127+0000] {processor.py:830} INFO - Processing file /home/airflow/.local/lib/python3.11/site-packages/airflow/example_dags/example_bash_operator.py for tasks to queue
[2024-11-18T20:57:47.129+0000] {logging_mixin.py:188} INFO - [2024-11-18T20:57:47.129+0000] {dagbag.py:545} INFO - Filling up the DagBag from /home/airflow/.local/lib/python3.11/site-packages/airflow/example_dags/example_bash_operator.py
[2024-11-18T20:57:47.139+0000] {processor.py:840} INFO - DAG(s) 'example_bash_operator' retrieved from /home/airflow/.local/lib/python3.11/site-packages/airflow/example_dags/example_bash_operator.py
[2024-11-18T20:57:47.168+0000] {logging_mixin.py:188} INFO - [2024-11-18T20:57:47.167+0000] {dag.py:3089} INFO - Sync 1 DAGs
[2024-11-18T20:57:47.191+0000] {logging_mixin.py:188} INFO - [2024-11-18T20:57:47.190+0000] {dag.py:3947} INFO - Setting next_dagrun for example_bash_operator to 2024-11-17 00:00:00+00:00, run_after=2024-11-18 00:00:00+00:00
[2024-11-18T20:57:47.221+0000] {processor.py:183} INFO - Processing /home/airflow/.local/lib/python3.11/site-packages/airflow/example_dags/example_bash_operator.py took 0.101 seconds
[2024-11-18T20:58:17.307+0000] {processor.py:161} INFO - Started process (PID=952) to work on /home/airflow/.local/lib/python3.11/site-packages/airflow/example_dags/example_bash_operator.py
[2024-11-18T20:58:17.307+0000] {processor.py:830} INFO - Processing file /home/airflow/.local/lib/python3.11/site-packages/airflow/example_dags/example_bash_operator.py for tasks to queue
[2024-11-18T20:58:17.309+0000] {logging_mixin.py:188} INFO - [2024-11-18T20:58:17.309+0000] {dagbag.py:545} INFO - Filling up the DagBag from /home/airflow/.local/lib/python3.11/site-packages/airflow/example_dags/example_bash_operator.py
[2024-11-18T20:58:17.318+0000] {processor.py:840} INFO - DAG(s) 'example_bash_operator' retrieved from /home/airflow/.local/lib/python3.11/site-packages/airflow/example_dags/example_bash_operator.py
[2024-11-18T20:58:17.339+0000] {logging_mixin.py:188} INFO - [2024-11-18T20:58:17.339+0000] {dag.py:3089} INFO - Sync 1 DAGs
[2024-11-18T20:58:17.359+0000] {logging_mixin.py:188} INFO - [2024-11-18T20:58:17.358+0000] {dag.py:3947} INFO - Setting next_dagrun for example_bash_operator to 2024-11-17 00:00:00+00:00, run_after=2024-11-18 00:00:00+00:00
[2024-11-18T20:58:17.378+0000] {processor.py:183} INFO - Processing /home/airflow/.local/lib/python3.11/site-packages/airflow/example_dags/example_bash_operator.py took 0.076 seconds
[2024-11-18T20:58:47.847+0000] {processor.py:161} INFO - Started process (PID=1012) to work on /home/airflow/.local/lib/python3.11/site-packages/airflow/example_dags/example_bash_operator.py
[2024-11-18T20:58:47.848+0000] {processor.py:830} INFO - Processing file /home/airflow/.local/lib/python3.11/site-packages/airflow/example_dags/example_bash_operator.py for tasks to queue
[2024-11-18T20:58:47.851+0000] {logging_mixin.py:188} INFO - [2024-11-18T20:58:47.850+0000] {dagbag.py:545} INFO - Filling up the DagBag from /home/airflow/.local/lib/python3.11/site-packages/airflow/example_dags/example_bash_operator.py
[2024-11-18T20:58:47.866+0000] {processor.py:840} INFO - DAG(s) 'example_bash_operator' retrieved from /home/airflow/.local/lib/python3.11/site-packages/airflow/example_dags/example_bash_operator.py
[2024-11-18T20:58:47.897+0000] {logging_mixin.py:188} INFO - [2024-11-18T20:58:47.896+0000] {dag.py:3089} INFO - Sync 1 DAGs
[2024-11-18T20:58:47.926+0000] {logging_mixin.py:188} INFO - [2024-11-18T20:58:47.925+0000] {dag.py:3947} INFO - Setting next_dagrun for example_bash_operator to 2024-11-17 00:00:00+00:00, run_after=2024-11-18 00:00:00+00:00
[2024-11-18T20:58:47.966+0000] {processor.py:183} INFO - Processing /home/airflow/.local/lib/python3.11/site-packages/airflow/example_dags/example_bash_operator.py took 0.130 seconds
