[2024-11-18T20:19:03.883+0000] {processor.py:161} INFO - Started process (PID=48) to work on /home/airflow/.local/lib/python3.11/site-packages/airflow/example_dags/example_trigger_target_dag.py
[2024-11-18T20:19:03.885+0000] {processor.py:830} INFO - Processing file /home/airflow/.local/lib/python3.11/site-packages/airflow/example_dags/example_trigger_target_dag.py for tasks to queue
[2024-11-18T20:19:03.889+0000] {logging_mixin.py:188} INFO - [2024-11-18T20:19:03.888+0000] {dagbag.py:545} INFO - Filling up the DagBag from /home/airflow/.local/lib/python3.11/site-packages/airflow/example_dags/example_trigger_target_dag.py
[2024-11-18T20:19:03.911+0000] {processor.py:840} INFO - DAG(s) 'example_trigger_target_dag' retrieved from /home/airflow/.local/lib/python3.11/site-packages/airflow/example_dags/example_trigger_target_dag.py
[2024-11-18T20:19:04.380+0000] {logging_mixin.py:188} INFO - [2024-11-18T20:19:04.379+0000] {override.py:1858} INFO - Created Permission View: can edit on DAG:example_trigger_target_dag
[2024-11-18T20:19:04.392+0000] {logging_mixin.py:188} INFO - [2024-11-18T20:19:04.392+0000] {override.py:1858} INFO - Created Permission View: can delete on DAG:example_trigger_target_dag
[2024-11-18T20:19:04.401+0000] {logging_mixin.py:188} INFO - [2024-11-18T20:19:04.400+0000] {override.py:1858} INFO - Created Permission View: can read on DAG:example_trigger_target_dag
[2024-11-18T20:19:04.401+0000] {logging_mixin.py:188} INFO - [2024-11-18T20:19:04.401+0000] {dag.py:3089} INFO - Sync 1 DAGs
[2024-11-18T20:19:04.412+0000] {logging_mixin.py:188} INFO - [2024-11-18T20:19:04.412+0000] {dag.py:3111} INFO - Creating ORM DAG for example_trigger_target_dag
[2024-11-18T20:19:04.413+0000] {logging_mixin.py:188} INFO - [2024-11-18T20:19:04.413+0000] {dag.py:3947} INFO - Setting next_dagrun for example_trigger_target_dag to None, run_after=None
[2024-11-18T20:19:04.434+0000] {processor.py:183} INFO - Processing /home/airflow/.local/lib/python3.11/site-packages/airflow/example_dags/example_trigger_target_dag.py took 0.560 seconds
[2024-11-18T20:19:34.502+0000] {processor.py:161} INFO - Started process (PID=106) to work on /home/airflow/.local/lib/python3.11/site-packages/airflow/example_dags/example_trigger_target_dag.py
[2024-11-18T20:19:34.504+0000] {processor.py:830} INFO - Processing file /home/airflow/.local/lib/python3.11/site-packages/airflow/example_dags/example_trigger_target_dag.py for tasks to queue
[2024-11-18T20:19:34.507+0000] {logging_mixin.py:188} INFO - [2024-11-18T20:19:34.506+0000] {dagbag.py:545} INFO - Filling up the DagBag from /home/airflow/.local/lib/python3.11/site-packages/airflow/example_dags/example_trigger_target_dag.py
[2024-11-18T20:19:34.515+0000] {processor.py:840} INFO - DAG(s) 'example_trigger_target_dag' retrieved from /home/airflow/.local/lib/python3.11/site-packages/airflow/example_dags/example_trigger_target_dag.py
[2024-11-18T20:19:34.537+0000] {logging_mixin.py:188} INFO - [2024-11-18T20:19:34.537+0000] {dag.py:3089} INFO - Sync 1 DAGs
[2024-11-18T20:19:34.551+0000] {logging_mixin.py:188} INFO - [2024-11-18T20:19:34.551+0000] {dag.py:3947} INFO - Setting next_dagrun for example_trigger_target_dag to None, run_after=None
[2024-11-18T20:19:34.573+0000] {processor.py:183} INFO - Processing /home/airflow/.local/lib/python3.11/site-packages/airflow/example_dags/example_trigger_target_dag.py took 0.076 seconds
[2024-11-18T20:20:04.619+0000] {processor.py:161} INFO - Started process (PID=164) to work on /home/airflow/.local/lib/python3.11/site-packages/airflow/example_dags/example_trigger_target_dag.py
[2024-11-18T20:20:04.620+0000] {processor.py:830} INFO - Processing file /home/airflow/.local/lib/python3.11/site-packages/airflow/example_dags/example_trigger_target_dag.py for tasks to queue
[2024-11-18T20:20:04.622+0000] {logging_mixin.py:188} INFO - [2024-11-18T20:20:04.621+0000] {dagbag.py:545} INFO - Filling up the DagBag from /home/airflow/.local/lib/python3.11/site-packages/airflow/example_dags/example_trigger_target_dag.py
[2024-11-18T20:20:04.632+0000] {processor.py:840} INFO - DAG(s) 'example_trigger_target_dag' retrieved from /home/airflow/.local/lib/python3.11/site-packages/airflow/example_dags/example_trigger_target_dag.py
[2024-11-18T20:20:04.650+0000] {logging_mixin.py:188} INFO - [2024-11-18T20:20:04.650+0000] {dag.py:3089} INFO - Sync 1 DAGs
[2024-11-18T20:20:04.663+0000] {logging_mixin.py:188} INFO - [2024-11-18T20:20:04.662+0000] {dag.py:3947} INFO - Setting next_dagrun for example_trigger_target_dag to None, run_after=None
[2024-11-18T20:20:04.679+0000] {processor.py:183} INFO - Processing /home/airflow/.local/lib/python3.11/site-packages/airflow/example_dags/example_trigger_target_dag.py took 0.067 seconds
[2024-11-18T20:20:35.105+0000] {processor.py:161} INFO - Started process (PID=222) to work on /home/airflow/.local/lib/python3.11/site-packages/airflow/example_dags/example_trigger_target_dag.py
[2024-11-18T20:20:35.106+0000] {processor.py:830} INFO - Processing file /home/airflow/.local/lib/python3.11/site-packages/airflow/example_dags/example_trigger_target_dag.py for tasks to queue
[2024-11-18T20:20:35.109+0000] {logging_mixin.py:188} INFO - [2024-11-18T20:20:35.109+0000] {dagbag.py:545} INFO - Filling up the DagBag from /home/airflow/.local/lib/python3.11/site-packages/airflow/example_dags/example_trigger_target_dag.py
[2024-11-18T20:20:35.115+0000] {processor.py:840} INFO - DAG(s) 'example_trigger_target_dag' retrieved from /home/airflow/.local/lib/python3.11/site-packages/airflow/example_dags/example_trigger_target_dag.py
[2024-11-18T20:20:35.138+0000] {logging_mixin.py:188} INFO - [2024-11-18T20:20:35.138+0000] {dag.py:3089} INFO - Sync 1 DAGs
[2024-11-18T20:20:35.150+0000] {logging_mixin.py:188} INFO - [2024-11-18T20:20:35.149+0000] {dag.py:3947} INFO - Setting next_dagrun for example_trigger_target_dag to None, run_after=None
[2024-11-18T20:20:35.174+0000] {processor.py:183} INFO - Processing /home/airflow/.local/lib/python3.11/site-packages/airflow/example_dags/example_trigger_target_dag.py took 0.078 seconds
[2024-11-18T20:21:05.241+0000] {processor.py:161} INFO - Started process (PID=280) to work on /home/airflow/.local/lib/python3.11/site-packages/airflow/example_dags/example_trigger_target_dag.py
[2024-11-18T20:21:05.243+0000] {processor.py:830} INFO - Processing file /home/airflow/.local/lib/python3.11/site-packages/airflow/example_dags/example_trigger_target_dag.py for tasks to queue
[2024-11-18T20:21:05.245+0000] {logging_mixin.py:188} INFO - [2024-11-18T20:21:05.244+0000] {dagbag.py:545} INFO - Filling up the DagBag from /home/airflow/.local/lib/python3.11/site-packages/airflow/example_dags/example_trigger_target_dag.py
[2024-11-18T20:21:05.252+0000] {processor.py:840} INFO - DAG(s) 'example_trigger_target_dag' retrieved from /home/airflow/.local/lib/python3.11/site-packages/airflow/example_dags/example_trigger_target_dag.py
[2024-11-18T20:21:05.273+0000] {logging_mixin.py:188} INFO - [2024-11-18T20:21:05.273+0000] {dag.py:3089} INFO - Sync 1 DAGs
[2024-11-18T20:21:05.284+0000] {logging_mixin.py:188} INFO - [2024-11-18T20:21:05.284+0000] {dag.py:3947} INFO - Setting next_dagrun for example_trigger_target_dag to None, run_after=None
[2024-11-18T20:21:05.303+0000] {processor.py:183} INFO - Processing /home/airflow/.local/lib/python3.11/site-packages/airflow/example_dags/example_trigger_target_dag.py took 0.069 seconds
[2024-11-18T20:21:35.389+0000] {processor.py:161} INFO - Started process (PID=339) to work on /home/airflow/.local/lib/python3.11/site-packages/airflow/example_dags/example_trigger_target_dag.py
[2024-11-18T20:21:35.389+0000] {processor.py:830} INFO - Processing file /home/airflow/.local/lib/python3.11/site-packages/airflow/example_dags/example_trigger_target_dag.py for tasks to queue
[2024-11-18T20:21:35.391+0000] {logging_mixin.py:188} INFO - [2024-11-18T20:21:35.391+0000] {dagbag.py:545} INFO - Filling up the DagBag from /home/airflow/.local/lib/python3.11/site-packages/airflow/example_dags/example_trigger_target_dag.py
[2024-11-18T20:21:35.398+0000] {processor.py:840} INFO - DAG(s) 'example_trigger_target_dag' retrieved from /home/airflow/.local/lib/python3.11/site-packages/airflow/example_dags/example_trigger_target_dag.py
[2024-11-18T20:21:35.417+0000] {logging_mixin.py:188} INFO - [2024-11-18T20:21:35.417+0000] {dag.py:3089} INFO - Sync 1 DAGs
[2024-11-18T20:21:35.428+0000] {logging_mixin.py:188} INFO - [2024-11-18T20:21:35.428+0000] {dag.py:3947} INFO - Setting next_dagrun for example_trigger_target_dag to None, run_after=None
[2024-11-18T20:21:35.466+0000] {processor.py:183} INFO - Processing /home/airflow/.local/lib/python3.11/site-packages/airflow/example_dags/example_trigger_target_dag.py took 0.083 seconds
[2024-11-18T20:22:06.154+0000] {processor.py:161} INFO - Started process (PID=403) to work on /home/airflow/.local/lib/python3.11/site-packages/airflow/example_dags/example_trigger_target_dag.py
[2024-11-18T20:22:06.155+0000] {processor.py:830} INFO - Processing file /home/airflow/.local/lib/python3.11/site-packages/airflow/example_dags/example_trigger_target_dag.py for tasks to queue
[2024-11-18T20:22:06.157+0000] {logging_mixin.py:188} INFO - [2024-11-18T20:22:06.157+0000] {dagbag.py:545} INFO - Filling up the DagBag from /home/airflow/.local/lib/python3.11/site-packages/airflow/example_dags/example_trigger_target_dag.py
[2024-11-18T20:22:06.162+0000] {processor.py:840} INFO - DAG(s) 'example_trigger_target_dag' retrieved from /home/airflow/.local/lib/python3.11/site-packages/airflow/example_dags/example_trigger_target_dag.py
[2024-11-18T20:22:06.180+0000] {logging_mixin.py:188} INFO - [2024-11-18T20:22:06.180+0000] {dag.py:3089} INFO - Sync 1 DAGs
[2024-11-18T20:22:06.192+0000] {logging_mixin.py:188} INFO - [2024-11-18T20:22:06.192+0000] {dag.py:3947} INFO - Setting next_dagrun for example_trigger_target_dag to None, run_after=None
[2024-11-18T20:22:06.235+0000] {processor.py:183} INFO - Processing /home/airflow/.local/lib/python3.11/site-packages/airflow/example_dags/example_trigger_target_dag.py took 0.086 seconds
[2024-11-18T20:22:36.535+0000] {processor.py:161} INFO - Started process (PID=462) to work on /home/airflow/.local/lib/python3.11/site-packages/airflow/example_dags/example_trigger_target_dag.py
[2024-11-18T20:22:36.536+0000] {processor.py:830} INFO - Processing file /home/airflow/.local/lib/python3.11/site-packages/airflow/example_dags/example_trigger_target_dag.py for tasks to queue
[2024-11-18T20:22:36.537+0000] {logging_mixin.py:188} INFO - [2024-11-18T20:22:36.537+0000] {dagbag.py:545} INFO - Filling up the DagBag from /home/airflow/.local/lib/python3.11/site-packages/airflow/example_dags/example_trigger_target_dag.py
[2024-11-18T20:22:36.542+0000] {processor.py:840} INFO - DAG(s) 'example_trigger_target_dag' retrieved from /home/airflow/.local/lib/python3.11/site-packages/airflow/example_dags/example_trigger_target_dag.py
[2024-11-18T20:22:36.559+0000] {logging_mixin.py:188} INFO - [2024-11-18T20:22:36.559+0000] {dag.py:3089} INFO - Sync 1 DAGs
[2024-11-18T20:22:36.569+0000] {logging_mixin.py:188} INFO - [2024-11-18T20:22:36.569+0000] {dag.py:3947} INFO - Setting next_dagrun for example_trigger_target_dag to None, run_after=None
[2024-11-18T20:22:36.588+0000] {processor.py:183} INFO - Processing /home/airflow/.local/lib/python3.11/site-packages/airflow/example_dags/example_trigger_target_dag.py took 0.058 seconds
[2024-11-18T20:23:06.796+0000] {processor.py:161} INFO - Started process (PID=520) to work on /home/airflow/.local/lib/python3.11/site-packages/airflow/example_dags/example_trigger_target_dag.py
[2024-11-18T20:23:06.801+0000] {processor.py:830} INFO - Processing file /home/airflow/.local/lib/python3.11/site-packages/airflow/example_dags/example_trigger_target_dag.py for tasks to queue
[2024-11-18T20:23:06.803+0000] {logging_mixin.py:188} INFO - [2024-11-18T20:23:06.802+0000] {dagbag.py:545} INFO - Filling up the DagBag from /home/airflow/.local/lib/python3.11/site-packages/airflow/example_dags/example_trigger_target_dag.py
[2024-11-18T20:23:06.808+0000] {processor.py:840} INFO - DAG(s) 'example_trigger_target_dag' retrieved from /home/airflow/.local/lib/python3.11/site-packages/airflow/example_dags/example_trigger_target_dag.py
[2024-11-18T20:23:06.825+0000] {logging_mixin.py:188} INFO - [2024-11-18T20:23:06.824+0000] {dag.py:3089} INFO - Sync 1 DAGs
[2024-11-18T20:23:06.834+0000] {logging_mixin.py:188} INFO - [2024-11-18T20:23:06.834+0000] {dag.py:3947} INFO - Setting next_dagrun for example_trigger_target_dag to None, run_after=None
[2024-11-18T20:23:06.852+0000] {processor.py:183} INFO - Processing /home/airflow/.local/lib/python3.11/site-packages/airflow/example_dags/example_trigger_target_dag.py took 0.064 seconds
[2024-11-18T20:23:36.940+0000] {processor.py:161} INFO - Started process (PID=578) to work on /home/airflow/.local/lib/python3.11/site-packages/airflow/example_dags/example_trigger_target_dag.py
[2024-11-18T20:23:36.941+0000] {processor.py:830} INFO - Processing file /home/airflow/.local/lib/python3.11/site-packages/airflow/example_dags/example_trigger_target_dag.py for tasks to queue
[2024-11-18T20:23:36.943+0000] {logging_mixin.py:188} INFO - [2024-11-18T20:23:36.942+0000] {dagbag.py:545} INFO - Filling up the DagBag from /home/airflow/.local/lib/python3.11/site-packages/airflow/example_dags/example_trigger_target_dag.py
[2024-11-18T20:23:36.949+0000] {processor.py:840} INFO - DAG(s) 'example_trigger_target_dag' retrieved from /home/airflow/.local/lib/python3.11/site-packages/airflow/example_dags/example_trigger_target_dag.py
[2024-11-18T20:23:36.970+0000] {logging_mixin.py:188} INFO - [2024-11-18T20:23:36.969+0000] {dag.py:3089} INFO - Sync 1 DAGs
[2024-11-18T20:23:36.981+0000] {logging_mixin.py:188} INFO - [2024-11-18T20:23:36.981+0000] {dag.py:3947} INFO - Setting next_dagrun for example_trigger_target_dag to None, run_after=None
[2024-11-18T20:23:37.008+0000] {processor.py:183} INFO - Processing /home/airflow/.local/lib/python3.11/site-packages/airflow/example_dags/example_trigger_target_dag.py took 0.076 seconds
[2024-11-18T20:24:07.511+0000] {processor.py:161} INFO - Started process (PID=638) to work on /home/airflow/.local/lib/python3.11/site-packages/airflow/example_dags/example_trigger_target_dag.py
[2024-11-18T20:24:07.512+0000] {processor.py:830} INFO - Processing file /home/airflow/.local/lib/python3.11/site-packages/airflow/example_dags/example_trigger_target_dag.py for tasks to queue
[2024-11-18T20:24:07.515+0000] {logging_mixin.py:188} INFO - [2024-11-18T20:24:07.514+0000] {dagbag.py:545} INFO - Filling up the DagBag from /home/airflow/.local/lib/python3.11/site-packages/airflow/example_dags/example_trigger_target_dag.py
[2024-11-18T20:24:07.520+0000] {processor.py:840} INFO - DAG(s) 'example_trigger_target_dag' retrieved from /home/airflow/.local/lib/python3.11/site-packages/airflow/example_dags/example_trigger_target_dag.py
[2024-11-18T20:24:07.540+0000] {logging_mixin.py:188} INFO - [2024-11-18T20:24:07.539+0000] {dag.py:3089} INFO - Sync 1 DAGs
[2024-11-18T20:24:07.553+0000] {logging_mixin.py:188} INFO - [2024-11-18T20:24:07.552+0000] {dag.py:3947} INFO - Setting next_dagrun for example_trigger_target_dag to None, run_after=None
[2024-11-18T20:24:07.578+0000] {processor.py:183} INFO - Processing /home/airflow/.local/lib/python3.11/site-packages/airflow/example_dags/example_trigger_target_dag.py took 0.074 seconds
[2024-11-18T20:24:38.137+0000] {processor.py:161} INFO - Started process (PID=697) to work on /home/airflow/.local/lib/python3.11/site-packages/airflow/example_dags/example_trigger_target_dag.py
[2024-11-18T20:24:38.137+0000] {processor.py:830} INFO - Processing file /home/airflow/.local/lib/python3.11/site-packages/airflow/example_dags/example_trigger_target_dag.py for tasks to queue
[2024-11-18T20:24:38.139+0000] {logging_mixin.py:188} INFO - [2024-11-18T20:24:38.139+0000] {dagbag.py:545} INFO - Filling up the DagBag from /home/airflow/.local/lib/python3.11/site-packages/airflow/example_dags/example_trigger_target_dag.py
[2024-11-18T20:24:38.144+0000] {processor.py:840} INFO - DAG(s) 'example_trigger_target_dag' retrieved from /home/airflow/.local/lib/python3.11/site-packages/airflow/example_dags/example_trigger_target_dag.py
[2024-11-18T20:24:38.159+0000] {logging_mixin.py:188} INFO - [2024-11-18T20:24:38.159+0000] {dag.py:3089} INFO - Sync 1 DAGs
[2024-11-18T20:24:38.169+0000] {logging_mixin.py:188} INFO - [2024-11-18T20:24:38.169+0000] {dag.py:3947} INFO - Setting next_dagrun for example_trigger_target_dag to None, run_after=None
[2024-11-18T20:24:38.184+0000] {processor.py:183} INFO - Processing /home/airflow/.local/lib/python3.11/site-packages/airflow/example_dags/example_trigger_target_dag.py took 0.053 seconds
[2024-11-18T20:25:08.524+0000] {processor.py:161} INFO - Started process (PID=756) to work on /home/airflow/.local/lib/python3.11/site-packages/airflow/example_dags/example_trigger_target_dag.py
[2024-11-18T20:25:08.525+0000] {processor.py:830} INFO - Processing file /home/airflow/.local/lib/python3.11/site-packages/airflow/example_dags/example_trigger_target_dag.py for tasks to queue
[2024-11-18T20:25:08.527+0000] {logging_mixin.py:188} INFO - [2024-11-18T20:25:08.527+0000] {dagbag.py:545} INFO - Filling up the DagBag from /home/airflow/.local/lib/python3.11/site-packages/airflow/example_dags/example_trigger_target_dag.py
[2024-11-18T20:25:08.532+0000] {processor.py:840} INFO - DAG(s) 'example_trigger_target_dag' retrieved from /home/airflow/.local/lib/python3.11/site-packages/airflow/example_dags/example_trigger_target_dag.py
[2024-11-18T20:25:08.547+0000] {logging_mixin.py:188} INFO - [2024-11-18T20:25:08.547+0000] {dag.py:3089} INFO - Sync 1 DAGs
[2024-11-18T20:25:08.557+0000] {logging_mixin.py:188} INFO - [2024-11-18T20:25:08.557+0000] {dag.py:3947} INFO - Setting next_dagrun for example_trigger_target_dag to None, run_after=None
[2024-11-18T20:25:08.590+0000] {processor.py:183} INFO - Processing /home/airflow/.local/lib/python3.11/site-packages/airflow/example_dags/example_trigger_target_dag.py took 0.070 seconds
[2024-11-18T20:25:39.186+0000] {processor.py:161} INFO - Started process (PID=815) to work on /home/airflow/.local/lib/python3.11/site-packages/airflow/example_dags/example_trigger_target_dag.py
[2024-11-18T20:25:39.187+0000] {processor.py:830} INFO - Processing file /home/airflow/.local/lib/python3.11/site-packages/airflow/example_dags/example_trigger_target_dag.py for tasks to queue
[2024-11-18T20:25:39.189+0000] {logging_mixin.py:188} INFO - [2024-11-18T20:25:39.188+0000] {dagbag.py:545} INFO - Filling up the DagBag from /home/airflow/.local/lib/python3.11/site-packages/airflow/example_dags/example_trigger_target_dag.py
[2024-11-18T20:25:39.194+0000] {processor.py:840} INFO - DAG(s) 'example_trigger_target_dag' retrieved from /home/airflow/.local/lib/python3.11/site-packages/airflow/example_dags/example_trigger_target_dag.py
[2024-11-18T20:25:39.211+0000] {logging_mixin.py:188} INFO - [2024-11-18T20:25:39.211+0000] {dag.py:3089} INFO - Sync 1 DAGs
[2024-11-18T20:25:39.223+0000] {logging_mixin.py:188} INFO - [2024-11-18T20:25:39.223+0000] {dag.py:3947} INFO - Setting next_dagrun for example_trigger_target_dag to None, run_after=None
[2024-11-18T20:25:39.243+0000] {processor.py:183} INFO - Processing /home/airflow/.local/lib/python3.11/site-packages/airflow/example_dags/example_trigger_target_dag.py took 0.062 seconds
[2024-11-18T20:26:09.835+0000] {processor.py:161} INFO - Started process (PID=874) to work on /home/airflow/.local/lib/python3.11/site-packages/airflow/example_dags/example_trigger_target_dag.py
[2024-11-18T20:26:09.836+0000] {processor.py:830} INFO - Processing file /home/airflow/.local/lib/python3.11/site-packages/airflow/example_dags/example_trigger_target_dag.py for tasks to queue
[2024-11-18T20:26:09.838+0000] {logging_mixin.py:188} INFO - [2024-11-18T20:26:09.838+0000] {dagbag.py:545} INFO - Filling up the DagBag from /home/airflow/.local/lib/python3.11/site-packages/airflow/example_dags/example_trigger_target_dag.py
[2024-11-18T20:26:09.843+0000] {processor.py:840} INFO - DAG(s) 'example_trigger_target_dag' retrieved from /home/airflow/.local/lib/python3.11/site-packages/airflow/example_dags/example_trigger_target_dag.py
[2024-11-18T20:26:09.859+0000] {logging_mixin.py:188} INFO - [2024-11-18T20:26:09.859+0000] {dag.py:3089} INFO - Sync 1 DAGs
[2024-11-18T20:26:09.869+0000] {logging_mixin.py:188} INFO - [2024-11-18T20:26:09.869+0000] {dag.py:3947} INFO - Setting next_dagrun for example_trigger_target_dag to None, run_after=None
[2024-11-18T20:26:09.887+0000] {processor.py:183} INFO - Processing /home/airflow/.local/lib/python3.11/site-packages/airflow/example_dags/example_trigger_target_dag.py took 0.056 seconds
[2024-11-18T20:26:40.202+0000] {processor.py:161} INFO - Started process (PID=933) to work on /home/airflow/.local/lib/python3.11/site-packages/airflow/example_dags/example_trigger_target_dag.py
[2024-11-18T20:26:40.203+0000] {processor.py:830} INFO - Processing file /home/airflow/.local/lib/python3.11/site-packages/airflow/example_dags/example_trigger_target_dag.py for tasks to queue
[2024-11-18T20:26:40.204+0000] {logging_mixin.py:188} INFO - [2024-11-18T20:26:40.204+0000] {dagbag.py:545} INFO - Filling up the DagBag from /home/airflow/.local/lib/python3.11/site-packages/airflow/example_dags/example_trigger_target_dag.py
[2024-11-18T20:26:40.209+0000] {processor.py:840} INFO - DAG(s) 'example_trigger_target_dag' retrieved from /home/airflow/.local/lib/python3.11/site-packages/airflow/example_dags/example_trigger_target_dag.py
[2024-11-18T20:26:40.229+0000] {logging_mixin.py:188} INFO - [2024-11-18T20:26:40.228+0000] {dag.py:3089} INFO - Sync 1 DAGs
[2024-11-18T20:26:40.239+0000] {logging_mixin.py:188} INFO - [2024-11-18T20:26:40.239+0000] {dag.py:3947} INFO - Setting next_dagrun for example_trigger_target_dag to None, run_after=None
[2024-11-18T20:26:40.257+0000] {processor.py:183} INFO - Processing /home/airflow/.local/lib/python3.11/site-packages/airflow/example_dags/example_trigger_target_dag.py took 0.060 seconds
[2024-11-18T20:27:11.120+0000] {processor.py:161} INFO - Started process (PID=992) to work on /home/airflow/.local/lib/python3.11/site-packages/airflow/example_dags/example_trigger_target_dag.py
[2024-11-18T20:27:11.131+0000] {processor.py:830} INFO - Processing file /home/airflow/.local/lib/python3.11/site-packages/airflow/example_dags/example_trigger_target_dag.py for tasks to queue
[2024-11-18T20:27:11.135+0000] {logging_mixin.py:188} INFO - [2024-11-18T20:27:11.134+0000] {dagbag.py:545} INFO - Filling up the DagBag from /home/airflow/.local/lib/python3.11/site-packages/airflow/example_dags/example_trigger_target_dag.py
[2024-11-18T20:27:11.147+0000] {processor.py:840} INFO - DAG(s) 'example_trigger_target_dag' retrieved from /home/airflow/.local/lib/python3.11/site-packages/airflow/example_dags/example_trigger_target_dag.py
[2024-11-18T20:27:11.200+0000] {logging_mixin.py:188} INFO - [2024-11-18T20:27:11.200+0000] {dag.py:3089} INFO - Sync 1 DAGs
[2024-11-18T20:27:11.223+0000] {logging_mixin.py:188} INFO - [2024-11-18T20:27:11.223+0000] {dag.py:3947} INFO - Setting next_dagrun for example_trigger_target_dag to None, run_after=None
[2024-11-18T20:27:11.271+0000] {processor.py:183} INFO - Processing /home/airflow/.local/lib/python3.11/site-packages/airflow/example_dags/example_trigger_target_dag.py took 0.163 seconds
[2024-11-18T20:27:41.769+0000] {processor.py:161} INFO - Started process (PID=1051) to work on /home/airflow/.local/lib/python3.11/site-packages/airflow/example_dags/example_trigger_target_dag.py
[2024-11-18T20:27:41.772+0000] {processor.py:830} INFO - Processing file /home/airflow/.local/lib/python3.11/site-packages/airflow/example_dags/example_trigger_target_dag.py for tasks to queue
[2024-11-18T20:27:41.778+0000] {logging_mixin.py:188} INFO - [2024-11-18T20:27:41.777+0000] {dagbag.py:545} INFO - Filling up the DagBag from /home/airflow/.local/lib/python3.11/site-packages/airflow/example_dags/example_trigger_target_dag.py
[2024-11-18T20:27:41.801+0000] {processor.py:840} INFO - DAG(s) 'example_trigger_target_dag' retrieved from /home/airflow/.local/lib/python3.11/site-packages/airflow/example_dags/example_trigger_target_dag.py
[2024-11-18T20:27:41.834+0000] {logging_mixin.py:188} INFO - [2024-11-18T20:27:41.833+0000] {dag.py:3089} INFO - Sync 1 DAGs
[2024-11-18T20:27:41.854+0000] {logging_mixin.py:188} INFO - [2024-11-18T20:27:41.854+0000] {dag.py:3947} INFO - Setting next_dagrun for example_trigger_target_dag to None, run_after=None
[2024-11-18T20:27:41.894+0000] {processor.py:183} INFO - Processing /home/airflow/.local/lib/python3.11/site-packages/airflow/example_dags/example_trigger_target_dag.py took 0.138 seconds
[2024-11-18T20:28:12.330+0000] {processor.py:161} INFO - Started process (PID=1111) to work on /home/airflow/.local/lib/python3.11/site-packages/airflow/example_dags/example_trigger_target_dag.py
[2024-11-18T20:28:12.331+0000] {processor.py:830} INFO - Processing file /home/airflow/.local/lib/python3.11/site-packages/airflow/example_dags/example_trigger_target_dag.py for tasks to queue
[2024-11-18T20:28:12.333+0000] {logging_mixin.py:188} INFO - [2024-11-18T20:28:12.333+0000] {dagbag.py:545} INFO - Filling up the DagBag from /home/airflow/.local/lib/python3.11/site-packages/airflow/example_dags/example_trigger_target_dag.py
[2024-11-18T20:28:12.340+0000] {processor.py:840} INFO - DAG(s) 'example_trigger_target_dag' retrieved from /home/airflow/.local/lib/python3.11/site-packages/airflow/example_dags/example_trigger_target_dag.py
[2024-11-18T20:28:12.359+0000] {logging_mixin.py:188} INFO - [2024-11-18T20:28:12.359+0000] {dag.py:3089} INFO - Sync 1 DAGs
[2024-11-18T20:28:12.371+0000] {logging_mixin.py:188} INFO - [2024-11-18T20:28:12.371+0000] {dag.py:3947} INFO - Setting next_dagrun for example_trigger_target_dag to None, run_after=None
[2024-11-18T20:28:12.395+0000] {processor.py:183} INFO - Processing /home/airflow/.local/lib/python3.11/site-packages/airflow/example_dags/example_trigger_target_dag.py took 0.070 seconds
[2024-11-18T20:28:42.688+0000] {processor.py:161} INFO - Started process (PID=1170) to work on /home/airflow/.local/lib/python3.11/site-packages/airflow/example_dags/example_trigger_target_dag.py
[2024-11-18T20:28:42.689+0000] {processor.py:830} INFO - Processing file /home/airflow/.local/lib/python3.11/site-packages/airflow/example_dags/example_trigger_target_dag.py for tasks to queue
[2024-11-18T20:28:42.690+0000] {logging_mixin.py:188} INFO - [2024-11-18T20:28:42.690+0000] {dagbag.py:545} INFO - Filling up the DagBag from /home/airflow/.local/lib/python3.11/site-packages/airflow/example_dags/example_trigger_target_dag.py
[2024-11-18T20:28:42.697+0000] {processor.py:840} INFO - DAG(s) 'example_trigger_target_dag' retrieved from /home/airflow/.local/lib/python3.11/site-packages/airflow/example_dags/example_trigger_target_dag.py
[2024-11-18T20:28:42.723+0000] {logging_mixin.py:188} INFO - [2024-11-18T20:28:42.722+0000] {dag.py:3089} INFO - Sync 1 DAGs
[2024-11-18T20:28:42.739+0000] {logging_mixin.py:188} INFO - [2024-11-18T20:28:42.738+0000] {dag.py:3947} INFO - Setting next_dagrun for example_trigger_target_dag to None, run_after=None
[2024-11-18T20:28:42.762+0000] {processor.py:183} INFO - Processing /home/airflow/.local/lib/python3.11/site-packages/airflow/example_dags/example_trigger_target_dag.py took 0.081 seconds
[2024-11-18T20:29:12.985+0000] {processor.py:161} INFO - Started process (PID=1229) to work on /home/airflow/.local/lib/python3.11/site-packages/airflow/example_dags/example_trigger_target_dag.py
[2024-11-18T20:29:12.986+0000] {processor.py:830} INFO - Processing file /home/airflow/.local/lib/python3.11/site-packages/airflow/example_dags/example_trigger_target_dag.py for tasks to queue
[2024-11-18T20:29:12.988+0000] {logging_mixin.py:188} INFO - [2024-11-18T20:29:12.988+0000] {dagbag.py:545} INFO - Filling up the DagBag from /home/airflow/.local/lib/python3.11/site-packages/airflow/example_dags/example_trigger_target_dag.py
[2024-11-18T20:29:12.994+0000] {processor.py:840} INFO - DAG(s) 'example_trigger_target_dag' retrieved from /home/airflow/.local/lib/python3.11/site-packages/airflow/example_dags/example_trigger_target_dag.py
[2024-11-18T20:29:13.014+0000] {logging_mixin.py:188} INFO - [2024-11-18T20:29:13.013+0000] {dag.py:3089} INFO - Sync 1 DAGs
[2024-11-18T20:29:13.027+0000] {logging_mixin.py:188} INFO - [2024-11-18T20:29:13.027+0000] {dag.py:3947} INFO - Setting next_dagrun for example_trigger_target_dag to None, run_after=None
[2024-11-18T20:29:13.051+0000] {processor.py:183} INFO - Processing /home/airflow/.local/lib/python3.11/site-packages/airflow/example_dags/example_trigger_target_dag.py took 0.072 seconds
[2024-11-18T20:29:43.099+0000] {processor.py:161} INFO - Started process (PID=1288) to work on /home/airflow/.local/lib/python3.11/site-packages/airflow/example_dags/example_trigger_target_dag.py
[2024-11-18T20:29:43.100+0000] {processor.py:830} INFO - Processing file /home/airflow/.local/lib/python3.11/site-packages/airflow/example_dags/example_trigger_target_dag.py for tasks to queue
[2024-11-18T20:29:43.103+0000] {logging_mixin.py:188} INFO - [2024-11-18T20:29:43.102+0000] {dagbag.py:545} INFO - Filling up the DagBag from /home/airflow/.local/lib/python3.11/site-packages/airflow/example_dags/example_trigger_target_dag.py
[2024-11-18T20:29:43.108+0000] {processor.py:840} INFO - DAG(s) 'example_trigger_target_dag' retrieved from /home/airflow/.local/lib/python3.11/site-packages/airflow/example_dags/example_trigger_target_dag.py
[2024-11-18T20:29:43.126+0000] {logging_mixin.py:188} INFO - [2024-11-18T20:29:43.126+0000] {dag.py:3089} INFO - Sync 1 DAGs
[2024-11-18T20:29:43.139+0000] {logging_mixin.py:188} INFO - [2024-11-18T20:29:43.139+0000] {dag.py:3947} INFO - Setting next_dagrun for example_trigger_target_dag to None, run_after=None
[2024-11-18T20:29:43.159+0000] {processor.py:183} INFO - Processing /home/airflow/.local/lib/python3.11/site-packages/airflow/example_dags/example_trigger_target_dag.py took 0.065 seconds
[2024-11-18T20:30:13.386+0000] {processor.py:161} INFO - Started process (PID=1347) to work on /home/airflow/.local/lib/python3.11/site-packages/airflow/example_dags/example_trigger_target_dag.py
[2024-11-18T20:30:13.388+0000] {processor.py:830} INFO - Processing file /home/airflow/.local/lib/python3.11/site-packages/airflow/example_dags/example_trigger_target_dag.py for tasks to queue
[2024-11-18T20:30:13.389+0000] {logging_mixin.py:188} INFO - [2024-11-18T20:30:13.389+0000] {dagbag.py:545} INFO - Filling up the DagBag from /home/airflow/.local/lib/python3.11/site-packages/airflow/example_dags/example_trigger_target_dag.py
[2024-11-18T20:30:13.395+0000] {processor.py:840} INFO - DAG(s) 'example_trigger_target_dag' retrieved from /home/airflow/.local/lib/python3.11/site-packages/airflow/example_dags/example_trigger_target_dag.py
[2024-11-18T20:30:13.416+0000] {logging_mixin.py:188} INFO - [2024-11-18T20:30:13.416+0000] {dag.py:3089} INFO - Sync 1 DAGs
[2024-11-18T20:30:13.430+0000] {logging_mixin.py:188} INFO - [2024-11-18T20:30:13.430+0000] {dag.py:3947} INFO - Setting next_dagrun for example_trigger_target_dag to None, run_after=None
[2024-11-18T20:30:13.455+0000] {processor.py:183} INFO - Processing /home/airflow/.local/lib/python3.11/site-packages/airflow/example_dags/example_trigger_target_dag.py took 0.074 seconds
[2024-11-18T20:30:43.582+0000] {processor.py:161} INFO - Started process (PID=1407) to work on /home/airflow/.local/lib/python3.11/site-packages/airflow/example_dags/example_trigger_target_dag.py
[2024-11-18T20:30:43.584+0000] {processor.py:830} INFO - Processing file /home/airflow/.local/lib/python3.11/site-packages/airflow/example_dags/example_trigger_target_dag.py for tasks to queue
[2024-11-18T20:30:43.585+0000] {logging_mixin.py:188} INFO - [2024-11-18T20:30:43.585+0000] {dagbag.py:545} INFO - Filling up the DagBag from /home/airflow/.local/lib/python3.11/site-packages/airflow/example_dags/example_trigger_target_dag.py
[2024-11-18T20:30:43.591+0000] {processor.py:840} INFO - DAG(s) 'example_trigger_target_dag' retrieved from /home/airflow/.local/lib/python3.11/site-packages/airflow/example_dags/example_trigger_target_dag.py
[2024-11-18T20:30:43.619+0000] {logging_mixin.py:188} INFO - [2024-11-18T20:30:43.618+0000] {dag.py:3089} INFO - Sync 1 DAGs
[2024-11-18T20:30:43.634+0000] {logging_mixin.py:188} INFO - [2024-11-18T20:30:43.634+0000] {dag.py:3947} INFO - Setting next_dagrun for example_trigger_target_dag to None, run_after=None
[2024-11-18T20:30:43.660+0000] {processor.py:183} INFO - Processing /home/airflow/.local/lib/python3.11/site-packages/airflow/example_dags/example_trigger_target_dag.py took 0.083 seconds
[2024-11-18T20:31:13.817+0000] {processor.py:161} INFO - Started process (PID=1466) to work on /home/airflow/.local/lib/python3.11/site-packages/airflow/example_dags/example_trigger_target_dag.py
[2024-11-18T20:31:13.818+0000] {processor.py:830} INFO - Processing file /home/airflow/.local/lib/python3.11/site-packages/airflow/example_dags/example_trigger_target_dag.py for tasks to queue
[2024-11-18T20:31:13.819+0000] {logging_mixin.py:188} INFO - [2024-11-18T20:31:13.819+0000] {dagbag.py:545} INFO - Filling up the DagBag from /home/airflow/.local/lib/python3.11/site-packages/airflow/example_dags/example_trigger_target_dag.py
[2024-11-18T20:31:13.824+0000] {processor.py:840} INFO - DAG(s) 'example_trigger_target_dag' retrieved from /home/airflow/.local/lib/python3.11/site-packages/airflow/example_dags/example_trigger_target_dag.py
[2024-11-18T20:31:13.846+0000] {logging_mixin.py:188} INFO - [2024-11-18T20:31:13.846+0000] {dag.py:3089} INFO - Sync 1 DAGs
[2024-11-18T20:31:13.859+0000] {logging_mixin.py:188} INFO - [2024-11-18T20:31:13.858+0000] {dag.py:3947} INFO - Setting next_dagrun for example_trigger_target_dag to None, run_after=None
[2024-11-18T20:31:13.878+0000] {processor.py:183} INFO - Processing /home/airflow/.local/lib/python3.11/site-packages/airflow/example_dags/example_trigger_target_dag.py took 0.066 seconds
[2024-11-18T20:31:44.128+0000] {processor.py:161} INFO - Started process (PID=1525) to work on /home/airflow/.local/lib/python3.11/site-packages/airflow/example_dags/example_trigger_target_dag.py
[2024-11-18T20:31:44.129+0000] {processor.py:830} INFO - Processing file /home/airflow/.local/lib/python3.11/site-packages/airflow/example_dags/example_trigger_target_dag.py for tasks to queue
[2024-11-18T20:31:44.132+0000] {logging_mixin.py:188} INFO - [2024-11-18T20:31:44.131+0000] {dagbag.py:545} INFO - Filling up the DagBag from /home/airflow/.local/lib/python3.11/site-packages/airflow/example_dags/example_trigger_target_dag.py
[2024-11-18T20:31:44.138+0000] {processor.py:840} INFO - DAG(s) 'example_trigger_target_dag' retrieved from /home/airflow/.local/lib/python3.11/site-packages/airflow/example_dags/example_trigger_target_dag.py
[2024-11-18T20:31:44.157+0000] {logging_mixin.py:188} INFO - [2024-11-18T20:31:44.157+0000] {dag.py:3089} INFO - Sync 1 DAGs
[2024-11-18T20:31:44.174+0000] {logging_mixin.py:188} INFO - [2024-11-18T20:31:44.173+0000] {dag.py:3947} INFO - Setting next_dagrun for example_trigger_target_dag to None, run_after=None
[2024-11-18T20:31:44.198+0000] {processor.py:183} INFO - Processing /home/airflow/.local/lib/python3.11/site-packages/airflow/example_dags/example_trigger_target_dag.py took 0.074 seconds
[2024-11-18T20:32:14.843+0000] {processor.py:161} INFO - Started process (PID=1584) to work on /home/airflow/.local/lib/python3.11/site-packages/airflow/example_dags/example_trigger_target_dag.py
[2024-11-18T20:32:14.844+0000] {processor.py:830} INFO - Processing file /home/airflow/.local/lib/python3.11/site-packages/airflow/example_dags/example_trigger_target_dag.py for tasks to queue
[2024-11-18T20:32:14.846+0000] {logging_mixin.py:188} INFO - [2024-11-18T20:32:14.845+0000] {dagbag.py:545} INFO - Filling up the DagBag from /home/airflow/.local/lib/python3.11/site-packages/airflow/example_dags/example_trigger_target_dag.py
[2024-11-18T20:32:14.852+0000] {processor.py:840} INFO - DAG(s) 'example_trigger_target_dag' retrieved from /home/airflow/.local/lib/python3.11/site-packages/airflow/example_dags/example_trigger_target_dag.py
[2024-11-18T20:32:14.877+0000] {logging_mixin.py:188} INFO - [2024-11-18T20:32:14.877+0000] {dag.py:3089} INFO - Sync 1 DAGs
[2024-11-18T20:32:14.891+0000] {logging_mixin.py:188} INFO - [2024-11-18T20:32:14.891+0000] {dag.py:3947} INFO - Setting next_dagrun for example_trigger_target_dag to None, run_after=None
[2024-11-18T20:32:14.930+0000] {processor.py:183} INFO - Processing /home/airflow/.local/lib/python3.11/site-packages/airflow/example_dags/example_trigger_target_dag.py took 0.098 seconds
[2024-11-18T20:32:45.078+0000] {processor.py:161} INFO - Started process (PID=1643) to work on /home/airflow/.local/lib/python3.11/site-packages/airflow/example_dags/example_trigger_target_dag.py
[2024-11-18T20:32:45.082+0000] {processor.py:830} INFO - Processing file /home/airflow/.local/lib/python3.11/site-packages/airflow/example_dags/example_trigger_target_dag.py for tasks to queue
[2024-11-18T20:32:45.085+0000] {logging_mixin.py:188} INFO - [2024-11-18T20:32:45.084+0000] {dagbag.py:545} INFO - Filling up the DagBag from /home/airflow/.local/lib/python3.11/site-packages/airflow/example_dags/example_trigger_target_dag.py
[2024-11-18T20:32:45.096+0000] {processor.py:840} INFO - DAG(s) 'example_trigger_target_dag' retrieved from /home/airflow/.local/lib/python3.11/site-packages/airflow/example_dags/example_trigger_target_dag.py
[2024-11-18T20:32:45.143+0000] {logging_mixin.py:188} INFO - [2024-11-18T20:32:45.143+0000] {dag.py:3089} INFO - Sync 1 DAGs
[2024-11-18T20:32:45.164+0000] {logging_mixin.py:188} INFO - [2024-11-18T20:32:45.164+0000] {dag.py:3947} INFO - Setting next_dagrun for example_trigger_target_dag to None, run_after=None
[2024-11-18T20:32:45.201+0000] {processor.py:183} INFO - Processing /home/airflow/.local/lib/python3.11/site-packages/airflow/example_dags/example_trigger_target_dag.py took 0.137 seconds
[2024-11-18T20:33:16.054+0000] {processor.py:161} INFO - Started process (PID=1702) to work on /home/airflow/.local/lib/python3.11/site-packages/airflow/example_dags/example_trigger_target_dag.py
[2024-11-18T20:33:16.058+0000] {processor.py:830} INFO - Processing file /home/airflow/.local/lib/python3.11/site-packages/airflow/example_dags/example_trigger_target_dag.py for tasks to queue
[2024-11-18T20:33:16.067+0000] {logging_mixin.py:188} INFO - [2024-11-18T20:33:16.065+0000] {dagbag.py:545} INFO - Filling up the DagBag from /home/airflow/.local/lib/python3.11/site-packages/airflow/example_dags/example_trigger_target_dag.py
[2024-11-18T20:33:16.084+0000] {processor.py:840} INFO - DAG(s) 'example_trigger_target_dag' retrieved from /home/airflow/.local/lib/python3.11/site-packages/airflow/example_dags/example_trigger_target_dag.py
[2024-11-18T20:33:16.139+0000] {logging_mixin.py:188} INFO - [2024-11-18T20:33:16.138+0000] {dag.py:3089} INFO - Sync 1 DAGs
[2024-11-18T20:33:16.168+0000] {logging_mixin.py:188} INFO - [2024-11-18T20:33:16.167+0000] {dag.py:3947} INFO - Setting next_dagrun for example_trigger_target_dag to None, run_after=None
[2024-11-18T20:33:16.226+0000] {processor.py:183} INFO - Processing /home/airflow/.local/lib/python3.11/site-packages/airflow/example_dags/example_trigger_target_dag.py took 0.190 seconds
[2024-11-18T20:33:46.386+0000] {processor.py:161} INFO - Started process (PID=1761) to work on /home/airflow/.local/lib/python3.11/site-packages/airflow/example_dags/example_trigger_target_dag.py
[2024-11-18T20:33:46.390+0000] {processor.py:830} INFO - Processing file /home/airflow/.local/lib/python3.11/site-packages/airflow/example_dags/example_trigger_target_dag.py for tasks to queue
[2024-11-18T20:33:46.394+0000] {logging_mixin.py:188} INFO - [2024-11-18T20:33:46.394+0000] {dagbag.py:545} INFO - Filling up the DagBag from /home/airflow/.local/lib/python3.11/site-packages/airflow/example_dags/example_trigger_target_dag.py
[2024-11-18T20:33:46.403+0000] {processor.py:840} INFO - DAG(s) 'example_trigger_target_dag' retrieved from /home/airflow/.local/lib/python3.11/site-packages/airflow/example_dags/example_trigger_target_dag.py
[2024-11-18T20:33:46.435+0000] {logging_mixin.py:188} INFO - [2024-11-18T20:33:46.435+0000] {dag.py:3089} INFO - Sync 1 DAGs
[2024-11-18T20:33:46.454+0000] {logging_mixin.py:188} INFO - [2024-11-18T20:33:46.453+0000] {dag.py:3947} INFO - Setting next_dagrun for example_trigger_target_dag to None, run_after=None
[2024-11-18T20:33:46.494+0000] {processor.py:183} INFO - Processing /home/airflow/.local/lib/python3.11/site-packages/airflow/example_dags/example_trigger_target_dag.py took 0.117 seconds
[2024-11-18T20:34:16.883+0000] {processor.py:161} INFO - Started process (PID=1820) to work on /home/airflow/.local/lib/python3.11/site-packages/airflow/example_dags/example_trigger_target_dag.py
[2024-11-18T20:34:16.884+0000] {processor.py:830} INFO - Processing file /home/airflow/.local/lib/python3.11/site-packages/airflow/example_dags/example_trigger_target_dag.py for tasks to queue
[2024-11-18T20:34:16.886+0000] {logging_mixin.py:188} INFO - [2024-11-18T20:34:16.886+0000] {dagbag.py:545} INFO - Filling up the DagBag from /home/airflow/.local/lib/python3.11/site-packages/airflow/example_dags/example_trigger_target_dag.py
[2024-11-18T20:34:16.891+0000] {processor.py:840} INFO - DAG(s) 'example_trigger_target_dag' retrieved from /home/airflow/.local/lib/python3.11/site-packages/airflow/example_dags/example_trigger_target_dag.py
[2024-11-18T20:34:16.908+0000] {logging_mixin.py:188} INFO - [2024-11-18T20:34:16.908+0000] {dag.py:3089} INFO - Sync 1 DAGs
[2024-11-18T20:34:16.919+0000] {logging_mixin.py:188} INFO - [2024-11-18T20:34:16.919+0000] {dag.py:3947} INFO - Setting next_dagrun for example_trigger_target_dag to None, run_after=None
[2024-11-18T20:34:16.935+0000] {processor.py:183} INFO - Processing /home/airflow/.local/lib/python3.11/site-packages/airflow/example_dags/example_trigger_target_dag.py took 0.058 seconds
[2024-11-18T20:34:47.413+0000] {processor.py:161} INFO - Started process (PID=1879) to work on /home/airflow/.local/lib/python3.11/site-packages/airflow/example_dags/example_trigger_target_dag.py
[2024-11-18T20:34:47.414+0000] {processor.py:830} INFO - Processing file /home/airflow/.local/lib/python3.11/site-packages/airflow/example_dags/example_trigger_target_dag.py for tasks to queue
[2024-11-18T20:34:47.416+0000] {logging_mixin.py:188} INFO - [2024-11-18T20:34:47.416+0000] {dagbag.py:545} INFO - Filling up the DagBag from /home/airflow/.local/lib/python3.11/site-packages/airflow/example_dags/example_trigger_target_dag.py
[2024-11-18T20:34:47.421+0000] {processor.py:840} INFO - DAG(s) 'example_trigger_target_dag' retrieved from /home/airflow/.local/lib/python3.11/site-packages/airflow/example_dags/example_trigger_target_dag.py
[2024-11-18T20:34:47.438+0000] {logging_mixin.py:188} INFO - [2024-11-18T20:34:47.437+0000] {dag.py:3089} INFO - Sync 1 DAGs
[2024-11-18T20:34:47.449+0000] {logging_mixin.py:188} INFO - [2024-11-18T20:34:47.448+0000] {dag.py:3947} INFO - Setting next_dagrun for example_trigger_target_dag to None, run_after=None
[2024-11-18T20:34:47.467+0000] {processor.py:183} INFO - Processing /home/airflow/.local/lib/python3.11/site-packages/airflow/example_dags/example_trigger_target_dag.py took 0.059 seconds
[2024-11-18T20:35:17.605+0000] {processor.py:161} INFO - Started process (PID=1938) to work on /home/airflow/.local/lib/python3.11/site-packages/airflow/example_dags/example_trigger_target_dag.py
[2024-11-18T20:35:17.606+0000] {processor.py:830} INFO - Processing file /home/airflow/.local/lib/python3.11/site-packages/airflow/example_dags/example_trigger_target_dag.py for tasks to queue
[2024-11-18T20:35:17.609+0000] {logging_mixin.py:188} INFO - [2024-11-18T20:35:17.608+0000] {dagbag.py:545} INFO - Filling up the DagBag from /home/airflow/.local/lib/python3.11/site-packages/airflow/example_dags/example_trigger_target_dag.py
[2024-11-18T20:35:17.616+0000] {processor.py:840} INFO - DAG(s) 'example_trigger_target_dag' retrieved from /home/airflow/.local/lib/python3.11/site-packages/airflow/example_dags/example_trigger_target_dag.py
[2024-11-18T20:35:17.641+0000] {logging_mixin.py:188} INFO - [2024-11-18T20:35:17.641+0000] {dag.py:3089} INFO - Sync 1 DAGs
[2024-11-18T20:35:17.660+0000] {logging_mixin.py:188} INFO - [2024-11-18T20:35:17.659+0000] {dag.py:3947} INFO - Setting next_dagrun for example_trigger_target_dag to None, run_after=None
[2024-11-18T20:35:17.683+0000] {processor.py:183} INFO - Processing /home/airflow/.local/lib/python3.11/site-packages/airflow/example_dags/example_trigger_target_dag.py took 0.085 seconds
[2024-11-18T20:35:48.645+0000] {processor.py:161} INFO - Started process (PID=1997) to work on /home/airflow/.local/lib/python3.11/site-packages/airflow/example_dags/example_trigger_target_dag.py
[2024-11-18T20:35:48.650+0000] {processor.py:830} INFO - Processing file /home/airflow/.local/lib/python3.11/site-packages/airflow/example_dags/example_trigger_target_dag.py for tasks to queue
[2024-11-18T20:35:48.659+0000] {logging_mixin.py:188} INFO - [2024-11-18T20:35:48.659+0000] {dagbag.py:545} INFO - Filling up the DagBag from /home/airflow/.local/lib/python3.11/site-packages/airflow/example_dags/example_trigger_target_dag.py
[2024-11-18T20:35:48.671+0000] {processor.py:840} INFO - DAG(s) 'example_trigger_target_dag' retrieved from /home/airflow/.local/lib/python3.11/site-packages/airflow/example_dags/example_trigger_target_dag.py
[2024-11-18T20:35:48.717+0000] {logging_mixin.py:188} INFO - [2024-11-18T20:35:48.717+0000] {dag.py:3089} INFO - Sync 1 DAGs
[2024-11-18T20:35:48.749+0000] {logging_mixin.py:188} INFO - [2024-11-18T20:35:48.749+0000] {dag.py:3947} INFO - Setting next_dagrun for example_trigger_target_dag to None, run_after=None
[2024-11-18T20:35:48.808+0000] {processor.py:183} INFO - Processing /home/airflow/.local/lib/python3.11/site-packages/airflow/example_dags/example_trigger_target_dag.py took 0.180 seconds
[2024-11-18T20:36:19.049+0000] {processor.py:161} INFO - Started process (PID=2056) to work on /home/airflow/.local/lib/python3.11/site-packages/airflow/example_dags/example_trigger_target_dag.py
[2024-11-18T20:36:19.052+0000] {processor.py:830} INFO - Processing file /home/airflow/.local/lib/python3.11/site-packages/airflow/example_dags/example_trigger_target_dag.py for tasks to queue
[2024-11-18T20:36:19.061+0000] {logging_mixin.py:188} INFO - [2024-11-18T20:36:19.061+0000] {dagbag.py:545} INFO - Filling up the DagBag from /home/airflow/.local/lib/python3.11/site-packages/airflow/example_dags/example_trigger_target_dag.py
[2024-11-18T20:36:19.083+0000] {processor.py:840} INFO - DAG(s) 'example_trigger_target_dag' retrieved from /home/airflow/.local/lib/python3.11/site-packages/airflow/example_dags/example_trigger_target_dag.py
[2024-11-18T20:36:19.119+0000] {logging_mixin.py:188} INFO - [2024-11-18T20:36:19.118+0000] {dag.py:3089} INFO - Sync 1 DAGs
[2024-11-18T20:36:19.137+0000] {logging_mixin.py:188} INFO - [2024-11-18T20:36:19.136+0000] {dag.py:3947} INFO - Setting next_dagrun for example_trigger_target_dag to None, run_after=None
[2024-11-18T20:36:19.171+0000] {processor.py:183} INFO - Processing /home/airflow/.local/lib/python3.11/site-packages/airflow/example_dags/example_trigger_target_dag.py took 0.131 seconds
[2024-11-18T20:36:49.643+0000] {processor.py:161} INFO - Started process (PID=2116) to work on /home/airflow/.local/lib/python3.11/site-packages/airflow/example_dags/example_trigger_target_dag.py
[2024-11-18T20:36:49.644+0000] {processor.py:830} INFO - Processing file /home/airflow/.local/lib/python3.11/site-packages/airflow/example_dags/example_trigger_target_dag.py for tasks to queue
[2024-11-18T20:36:49.647+0000] {logging_mixin.py:188} INFO - [2024-11-18T20:36:49.646+0000] {dagbag.py:545} INFO - Filling up the DagBag from /home/airflow/.local/lib/python3.11/site-packages/airflow/example_dags/example_trigger_target_dag.py
[2024-11-18T20:36:49.657+0000] {processor.py:840} INFO - DAG(s) 'example_trigger_target_dag' retrieved from /home/airflow/.local/lib/python3.11/site-packages/airflow/example_dags/example_trigger_target_dag.py
[2024-11-18T20:36:49.685+0000] {logging_mixin.py:188} INFO - [2024-11-18T20:36:49.684+0000] {dag.py:3089} INFO - Sync 1 DAGs
[2024-11-18T20:36:49.700+0000] {logging_mixin.py:188} INFO - [2024-11-18T20:36:49.700+0000] {dag.py:3947} INFO - Setting next_dagrun for example_trigger_target_dag to None, run_after=None
[2024-11-18T20:36:49.730+0000] {processor.py:183} INFO - Processing /home/airflow/.local/lib/python3.11/site-packages/airflow/example_dags/example_trigger_target_dag.py took 0.093 seconds
[2024-11-18T20:37:20.311+0000] {processor.py:161} INFO - Started process (PID=2175) to work on /home/airflow/.local/lib/python3.11/site-packages/airflow/example_dags/example_trigger_target_dag.py
[2024-11-18T20:37:20.312+0000] {processor.py:830} INFO - Processing file /home/airflow/.local/lib/python3.11/site-packages/airflow/example_dags/example_trigger_target_dag.py for tasks to queue
[2024-11-18T20:37:20.314+0000] {logging_mixin.py:188} INFO - [2024-11-18T20:37:20.314+0000] {dagbag.py:545} INFO - Filling up the DagBag from /home/airflow/.local/lib/python3.11/site-packages/airflow/example_dags/example_trigger_target_dag.py
[2024-11-18T20:37:20.320+0000] {processor.py:840} INFO - DAG(s) 'example_trigger_target_dag' retrieved from /home/airflow/.local/lib/python3.11/site-packages/airflow/example_dags/example_trigger_target_dag.py
[2024-11-18T20:37:20.337+0000] {logging_mixin.py:188} INFO - [2024-11-18T20:37:20.337+0000] {dag.py:3089} INFO - Sync 1 DAGs
[2024-11-18T20:37:20.348+0000] {logging_mixin.py:188} INFO - [2024-11-18T20:37:20.348+0000] {dag.py:3947} INFO - Setting next_dagrun for example_trigger_target_dag to None, run_after=None
[2024-11-18T20:37:20.366+0000] {processor.py:183} INFO - Processing /home/airflow/.local/lib/python3.11/site-packages/airflow/example_dags/example_trigger_target_dag.py took 0.060 seconds
[2024-11-18T20:37:50.466+0000] {processor.py:161} INFO - Started process (PID=2234) to work on /home/airflow/.local/lib/python3.11/site-packages/airflow/example_dags/example_trigger_target_dag.py
[2024-11-18T20:37:50.467+0000] {processor.py:830} INFO - Processing file /home/airflow/.local/lib/python3.11/site-packages/airflow/example_dags/example_trigger_target_dag.py for tasks to queue
[2024-11-18T20:37:50.469+0000] {logging_mixin.py:188} INFO - [2024-11-18T20:37:50.469+0000] {dagbag.py:545} INFO - Filling up the DagBag from /home/airflow/.local/lib/python3.11/site-packages/airflow/example_dags/example_trigger_target_dag.py
[2024-11-18T20:37:50.474+0000] {processor.py:840} INFO - DAG(s) 'example_trigger_target_dag' retrieved from /home/airflow/.local/lib/python3.11/site-packages/airflow/example_dags/example_trigger_target_dag.py
[2024-11-18T20:37:50.493+0000] {logging_mixin.py:188} INFO - [2024-11-18T20:37:50.492+0000] {dag.py:3089} INFO - Sync 1 DAGs
[2024-11-18T20:37:50.503+0000] {logging_mixin.py:188} INFO - [2024-11-18T20:37:50.503+0000] {dag.py:3947} INFO - Setting next_dagrun for example_trigger_target_dag to None, run_after=None
[2024-11-18T20:37:50.524+0000] {processor.py:183} INFO - Processing /home/airflow/.local/lib/python3.11/site-packages/airflow/example_dags/example_trigger_target_dag.py took 0.063 seconds
[2024-11-18T20:38:20.735+0000] {processor.py:161} INFO - Started process (PID=2294) to work on /home/airflow/.local/lib/python3.11/site-packages/airflow/example_dags/example_trigger_target_dag.py
[2024-11-18T20:38:20.736+0000] {processor.py:830} INFO - Processing file /home/airflow/.local/lib/python3.11/site-packages/airflow/example_dags/example_trigger_target_dag.py for tasks to queue
[2024-11-18T20:38:20.737+0000] {logging_mixin.py:188} INFO - [2024-11-18T20:38:20.737+0000] {dagbag.py:545} INFO - Filling up the DagBag from /home/airflow/.local/lib/python3.11/site-packages/airflow/example_dags/example_trigger_target_dag.py
[2024-11-18T20:38:20.743+0000] {processor.py:840} INFO - DAG(s) 'example_trigger_target_dag' retrieved from /home/airflow/.local/lib/python3.11/site-packages/airflow/example_dags/example_trigger_target_dag.py
[2024-11-18T20:38:20.760+0000] {logging_mixin.py:188} INFO - [2024-11-18T20:38:20.760+0000] {dag.py:3089} INFO - Sync 1 DAGs
[2024-11-18T20:38:20.771+0000] {logging_mixin.py:188} INFO - [2024-11-18T20:38:20.771+0000] {dag.py:3947} INFO - Setting next_dagrun for example_trigger_target_dag to None, run_after=None
[2024-11-18T20:38:20.789+0000] {processor.py:183} INFO - Processing /home/airflow/.local/lib/python3.11/site-packages/airflow/example_dags/example_trigger_target_dag.py took 0.060 seconds
[2024-11-18T20:38:50.882+0000] {processor.py:161} INFO - Started process (PID=2361) to work on /home/airflow/.local/lib/python3.11/site-packages/airflow/example_dags/example_trigger_target_dag.py
[2024-11-18T20:38:50.883+0000] {processor.py:830} INFO - Processing file /home/airflow/.local/lib/python3.11/site-packages/airflow/example_dags/example_trigger_target_dag.py for tasks to queue
[2024-11-18T20:38:50.885+0000] {logging_mixin.py:188} INFO - [2024-11-18T20:38:50.884+0000] {dagbag.py:545} INFO - Filling up the DagBag from /home/airflow/.local/lib/python3.11/site-packages/airflow/example_dags/example_trigger_target_dag.py
[2024-11-18T20:38:50.890+0000] {processor.py:840} INFO - DAG(s) 'example_trigger_target_dag' retrieved from /home/airflow/.local/lib/python3.11/site-packages/airflow/example_dags/example_trigger_target_dag.py
[2024-11-18T20:38:50.910+0000] {logging_mixin.py:188} INFO - [2024-11-18T20:38:50.910+0000] {dag.py:3089} INFO - Sync 1 DAGs
[2024-11-18T20:38:50.921+0000] {logging_mixin.py:188} INFO - [2024-11-18T20:38:50.921+0000] {dag.py:3947} INFO - Setting next_dagrun for example_trigger_target_dag to None, run_after=None
[2024-11-18T20:38:50.954+0000] {processor.py:183} INFO - Processing /home/airflow/.local/lib/python3.11/site-packages/airflow/example_dags/example_trigger_target_dag.py took 0.076 seconds
[2024-11-18T20:39:21.375+0000] {processor.py:161} INFO - Started process (PID=2422) to work on /home/airflow/.local/lib/python3.11/site-packages/airflow/example_dags/example_trigger_target_dag.py
[2024-11-18T20:39:21.378+0000] {processor.py:830} INFO - Processing file /home/airflow/.local/lib/python3.11/site-packages/airflow/example_dags/example_trigger_target_dag.py for tasks to queue
[2024-11-18T20:39:21.381+0000] {logging_mixin.py:188} INFO - [2024-11-18T20:39:21.381+0000] {dagbag.py:545} INFO - Filling up the DagBag from /home/airflow/.local/lib/python3.11/site-packages/airflow/example_dags/example_trigger_target_dag.py
[2024-11-18T20:39:21.392+0000] {processor.py:840} INFO - DAG(s) 'example_trigger_target_dag' retrieved from /home/airflow/.local/lib/python3.11/site-packages/airflow/example_dags/example_trigger_target_dag.py
[2024-11-18T20:39:21.431+0000] {logging_mixin.py:188} INFO - [2024-11-18T20:39:21.431+0000] {dag.py:3089} INFO - Sync 1 DAGs
[2024-11-18T20:39:21.465+0000] {logging_mixin.py:188} INFO - [2024-11-18T20:39:21.465+0000] {dag.py:3947} INFO - Setting next_dagrun for example_trigger_target_dag to None, run_after=None
[2024-11-18T20:39:21.531+0000] {processor.py:183} INFO - Processing /home/airflow/.local/lib/python3.11/site-packages/airflow/example_dags/example_trigger_target_dag.py took 0.164 seconds
[2024-11-18T20:39:51.963+0000] {processor.py:161} INFO - Started process (PID=2481) to work on /home/airflow/.local/lib/python3.11/site-packages/airflow/example_dags/example_trigger_target_dag.py
[2024-11-18T20:39:51.964+0000] {processor.py:830} INFO - Processing file /home/airflow/.local/lib/python3.11/site-packages/airflow/example_dags/example_trigger_target_dag.py for tasks to queue
[2024-11-18T20:39:51.966+0000] {logging_mixin.py:188} INFO - [2024-11-18T20:39:51.965+0000] {dagbag.py:545} INFO - Filling up the DagBag from /home/airflow/.local/lib/python3.11/site-packages/airflow/example_dags/example_trigger_target_dag.py
[2024-11-18T20:39:51.971+0000] {processor.py:840} INFO - DAG(s) 'example_trigger_target_dag' retrieved from /home/airflow/.local/lib/python3.11/site-packages/airflow/example_dags/example_trigger_target_dag.py
[2024-11-18T20:39:51.988+0000] {logging_mixin.py:188} INFO - [2024-11-18T20:39:51.988+0000] {dag.py:3089} INFO - Sync 1 DAGs
[2024-11-18T20:39:51.999+0000] {logging_mixin.py:188} INFO - [2024-11-18T20:39:51.999+0000] {dag.py:3947} INFO - Setting next_dagrun for example_trigger_target_dag to None, run_after=None
[2024-11-18T20:39:52.029+0000] {processor.py:183} INFO - Processing /home/airflow/.local/lib/python3.11/site-packages/airflow/example_dags/example_trigger_target_dag.py took 0.071 seconds
[2024-11-18T20:40:22.383+0000] {processor.py:161} INFO - Started process (PID=2540) to work on /home/airflow/.local/lib/python3.11/site-packages/airflow/example_dags/example_trigger_target_dag.py
[2024-11-18T20:40:22.385+0000] {processor.py:830} INFO - Processing file /home/airflow/.local/lib/python3.11/site-packages/airflow/example_dags/example_trigger_target_dag.py for tasks to queue
[2024-11-18T20:40:22.389+0000] {logging_mixin.py:188} INFO - [2024-11-18T20:40:22.388+0000] {dagbag.py:545} INFO - Filling up the DagBag from /home/airflow/.local/lib/python3.11/site-packages/airflow/example_dags/example_trigger_target_dag.py
[2024-11-18T20:40:22.413+0000] {processor.py:840} INFO - DAG(s) 'example_trigger_target_dag' retrieved from /home/airflow/.local/lib/python3.11/site-packages/airflow/example_dags/example_trigger_target_dag.py
[2024-11-18T20:40:22.453+0000] {logging_mixin.py:188} INFO - [2024-11-18T20:40:22.453+0000] {dag.py:3089} INFO - Sync 1 DAGs
[2024-11-18T20:40:22.491+0000] {logging_mixin.py:188} INFO - [2024-11-18T20:40:22.491+0000] {dag.py:3947} INFO - Setting next_dagrun for example_trigger_target_dag to None, run_after=None
[2024-11-18T20:40:22.557+0000] {processor.py:183} INFO - Processing /home/airflow/.local/lib/python3.11/site-packages/airflow/example_dags/example_trigger_target_dag.py took 0.186 seconds
[2024-11-18T20:41:45.861+0000] {processor.py:161} INFO - Started process (PID=2599) to work on /home/airflow/.local/lib/python3.11/site-packages/airflow/example_dags/example_trigger_target_dag.py
[2024-11-18T20:41:45.863+0000] {processor.py:830} INFO - Processing file /home/airflow/.local/lib/python3.11/site-packages/airflow/example_dags/example_trigger_target_dag.py for tasks to queue
[2024-11-18T20:41:45.866+0000] {logging_mixin.py:188} INFO - [2024-11-18T20:41:45.865+0000] {dagbag.py:545} INFO - Filling up the DagBag from /home/airflow/.local/lib/python3.11/site-packages/airflow/example_dags/example_trigger_target_dag.py
[2024-11-18T20:41:45.880+0000] {processor.py:840} INFO - DAG(s) 'example_trigger_target_dag' retrieved from /home/airflow/.local/lib/python3.11/site-packages/airflow/example_dags/example_trigger_target_dag.py
[2024-11-18T20:41:45.996+0000] {logging_mixin.py:188} INFO - [2024-11-18T20:41:45.996+0000] {dag.py:3089} INFO - Sync 1 DAGs
[2024-11-18T20:41:46.017+0000] {logging_mixin.py:188} INFO - [2024-11-18T20:41:46.017+0000] {dag.py:3947} INFO - Setting next_dagrun for example_trigger_target_dag to None, run_after=None
[2024-11-18T20:41:46.066+0000] {processor.py:183} INFO - Processing /home/airflow/.local/lib/python3.11/site-packages/airflow/example_dags/example_trigger_target_dag.py took 0.221 seconds
[2024-11-18T20:43:52.697+0000] {processor.py:161} INFO - Started process (PID=49) to work on /home/airflow/.local/lib/python3.11/site-packages/airflow/example_dags/example_trigger_target_dag.py
[2024-11-18T20:43:52.699+0000] {processor.py:830} INFO - Processing file /home/airflow/.local/lib/python3.11/site-packages/airflow/example_dags/example_trigger_target_dag.py for tasks to queue
[2024-11-18T20:43:52.701+0000] {logging_mixin.py:188} INFO - [2024-11-18T20:43:52.700+0000] {dagbag.py:545} INFO - Filling up the DagBag from /home/airflow/.local/lib/python3.11/site-packages/airflow/example_dags/example_trigger_target_dag.py
[2024-11-18T20:43:52.710+0000] {processor.py:840} INFO - DAG(s) 'example_trigger_target_dag' retrieved from /home/airflow/.local/lib/python3.11/site-packages/airflow/example_dags/example_trigger_target_dag.py
[2024-11-18T20:43:52.929+0000] {logging_mixin.py:188} INFO - [2024-11-18T20:43:52.929+0000] {dag.py:3089} INFO - Sync 1 DAGs
[2024-11-18T20:43:52.940+0000] {logging_mixin.py:188} INFO - [2024-11-18T20:43:52.940+0000] {dag.py:3947} INFO - Setting next_dagrun for example_trigger_target_dag to None, run_after=None
[2024-11-18T20:43:52.965+0000] {processor.py:183} INFO - Processing /home/airflow/.local/lib/python3.11/site-packages/airflow/example_dags/example_trigger_target_dag.py took 0.273 seconds
[2024-11-18T20:44:23.174+0000] {processor.py:161} INFO - Started process (PID=114) to work on /home/airflow/.local/lib/python3.11/site-packages/airflow/example_dags/example_trigger_target_dag.py
[2024-11-18T20:44:23.174+0000] {processor.py:830} INFO - Processing file /home/airflow/.local/lib/python3.11/site-packages/airflow/example_dags/example_trigger_target_dag.py for tasks to queue
[2024-11-18T20:44:23.176+0000] {logging_mixin.py:188} INFO - [2024-11-18T20:44:23.176+0000] {dagbag.py:545} INFO - Filling up the DagBag from /home/airflow/.local/lib/python3.11/site-packages/airflow/example_dags/example_trigger_target_dag.py
[2024-11-18T20:44:23.182+0000] {processor.py:840} INFO - DAG(s) 'example_trigger_target_dag' retrieved from /home/airflow/.local/lib/python3.11/site-packages/airflow/example_dags/example_trigger_target_dag.py
[2024-11-18T20:44:23.200+0000] {logging_mixin.py:188} INFO - [2024-11-18T20:44:23.200+0000] {dag.py:3089} INFO - Sync 1 DAGs
[2024-11-18T20:44:23.210+0000] {logging_mixin.py:188} INFO - [2024-11-18T20:44:23.210+0000] {dag.py:3947} INFO - Setting next_dagrun for example_trigger_target_dag to None, run_after=None
[2024-11-18T20:44:23.232+0000] {processor.py:183} INFO - Processing /home/airflow/.local/lib/python3.11/site-packages/airflow/example_dags/example_trigger_target_dag.py took 0.064 seconds
[2024-11-18T20:44:53.333+0000] {processor.py:161} INFO - Started process (PID=172) to work on /home/airflow/.local/lib/python3.11/site-packages/airflow/example_dags/example_trigger_target_dag.py
[2024-11-18T20:44:53.334+0000] {processor.py:830} INFO - Processing file /home/airflow/.local/lib/python3.11/site-packages/airflow/example_dags/example_trigger_target_dag.py for tasks to queue
[2024-11-18T20:44:53.336+0000] {logging_mixin.py:188} INFO - [2024-11-18T20:44:53.335+0000] {dagbag.py:545} INFO - Filling up the DagBag from /home/airflow/.local/lib/python3.11/site-packages/airflow/example_dags/example_trigger_target_dag.py
[2024-11-18T20:44:53.346+0000] {processor.py:840} INFO - DAG(s) 'example_trigger_target_dag' retrieved from /home/airflow/.local/lib/python3.11/site-packages/airflow/example_dags/example_trigger_target_dag.py
[2024-11-18T20:44:53.381+0000] {logging_mixin.py:188} INFO - [2024-11-18T20:44:53.381+0000] {dag.py:3089} INFO - Sync 1 DAGs
[2024-11-18T20:44:53.407+0000] {logging_mixin.py:188} INFO - [2024-11-18T20:44:53.406+0000] {dag.py:3947} INFO - Setting next_dagrun for example_trigger_target_dag to None, run_after=None
[2024-11-18T20:44:53.449+0000] {processor.py:183} INFO - Processing /home/airflow/.local/lib/python3.11/site-packages/airflow/example_dags/example_trigger_target_dag.py took 0.124 seconds
[2024-11-18T20:45:23.690+0000] {processor.py:161} INFO - Started process (PID=231) to work on /home/airflow/.local/lib/python3.11/site-packages/airflow/example_dags/example_trigger_target_dag.py
[2024-11-18T20:45:23.691+0000] {processor.py:830} INFO - Processing file /home/airflow/.local/lib/python3.11/site-packages/airflow/example_dags/example_trigger_target_dag.py for tasks to queue
[2024-11-18T20:45:23.693+0000] {logging_mixin.py:188} INFO - [2024-11-18T20:45:23.693+0000] {dagbag.py:545} INFO - Filling up the DagBag from /home/airflow/.local/lib/python3.11/site-packages/airflow/example_dags/example_trigger_target_dag.py
[2024-11-18T20:45:23.698+0000] {processor.py:840} INFO - DAG(s) 'example_trigger_target_dag' retrieved from /home/airflow/.local/lib/python3.11/site-packages/airflow/example_dags/example_trigger_target_dag.py
[2024-11-18T20:45:23.714+0000] {logging_mixin.py:188} INFO - [2024-11-18T20:45:23.714+0000] {dag.py:3089} INFO - Sync 1 DAGs
[2024-11-18T20:45:23.725+0000] {logging_mixin.py:188} INFO - [2024-11-18T20:45:23.725+0000] {dag.py:3947} INFO - Setting next_dagrun for example_trigger_target_dag to None, run_after=None
[2024-11-18T20:45:23.757+0000] {processor.py:183} INFO - Processing /home/airflow/.local/lib/python3.11/site-packages/airflow/example_dags/example_trigger_target_dag.py took 0.072 seconds
[2024-11-18T20:45:53.962+0000] {processor.py:161} INFO - Started process (PID=290) to work on /home/airflow/.local/lib/python3.11/site-packages/airflow/example_dags/example_trigger_target_dag.py
[2024-11-18T20:45:53.962+0000] {processor.py:830} INFO - Processing file /home/airflow/.local/lib/python3.11/site-packages/airflow/example_dags/example_trigger_target_dag.py for tasks to queue
[2024-11-18T20:45:53.964+0000] {logging_mixin.py:188} INFO - [2024-11-18T20:45:53.964+0000] {dagbag.py:545} INFO - Filling up the DagBag from /home/airflow/.local/lib/python3.11/site-packages/airflow/example_dags/example_trigger_target_dag.py
[2024-11-18T20:45:53.969+0000] {processor.py:840} INFO - DAG(s) 'example_trigger_target_dag' retrieved from /home/airflow/.local/lib/python3.11/site-packages/airflow/example_dags/example_trigger_target_dag.py
[2024-11-18T20:45:53.986+0000] {logging_mixin.py:188} INFO - [2024-11-18T20:45:53.985+0000] {dag.py:3089} INFO - Sync 1 DAGs
[2024-11-18T20:45:53.996+0000] {logging_mixin.py:188} INFO - [2024-11-18T20:45:53.996+0000] {dag.py:3947} INFO - Setting next_dagrun for example_trigger_target_dag to None, run_after=None
[2024-11-18T20:45:54.017+0000] {processor.py:183} INFO - Processing /home/airflow/.local/lib/python3.11/site-packages/airflow/example_dags/example_trigger_target_dag.py took 0.061 seconds
[2024-11-18T20:46:24.184+0000] {processor.py:161} INFO - Started process (PID=349) to work on /home/airflow/.local/lib/python3.11/site-packages/airflow/example_dags/example_trigger_target_dag.py
[2024-11-18T20:46:24.186+0000] {processor.py:830} INFO - Processing file /home/airflow/.local/lib/python3.11/site-packages/airflow/example_dags/example_trigger_target_dag.py for tasks to queue
[2024-11-18T20:46:24.188+0000] {logging_mixin.py:188} INFO - [2024-11-18T20:46:24.187+0000] {dagbag.py:545} INFO - Filling up the DagBag from /home/airflow/.local/lib/python3.11/site-packages/airflow/example_dags/example_trigger_target_dag.py
[2024-11-18T20:46:24.195+0000] {processor.py:840} INFO - DAG(s) 'example_trigger_target_dag' retrieved from /home/airflow/.local/lib/python3.11/site-packages/airflow/example_dags/example_trigger_target_dag.py
[2024-11-18T20:46:24.213+0000] {logging_mixin.py:188} INFO - [2024-11-18T20:46:24.213+0000] {dag.py:3089} INFO - Sync 1 DAGs
[2024-11-18T20:46:24.227+0000] {logging_mixin.py:188} INFO - [2024-11-18T20:46:24.227+0000] {dag.py:3947} INFO - Setting next_dagrun for example_trigger_target_dag to None, run_after=None
[2024-11-18T20:46:24.248+0000] {processor.py:183} INFO - Processing /home/airflow/.local/lib/python3.11/site-packages/airflow/example_dags/example_trigger_target_dag.py took 0.069 seconds
[2024-11-18T20:46:54.487+0000] {processor.py:161} INFO - Started process (PID=408) to work on /home/airflow/.local/lib/python3.11/site-packages/airflow/example_dags/example_trigger_target_dag.py
[2024-11-18T20:46:54.488+0000] {processor.py:830} INFO - Processing file /home/airflow/.local/lib/python3.11/site-packages/airflow/example_dags/example_trigger_target_dag.py for tasks to queue
[2024-11-18T20:46:54.490+0000] {logging_mixin.py:188} INFO - [2024-11-18T20:46:54.489+0000] {dagbag.py:545} INFO - Filling up the DagBag from /home/airflow/.local/lib/python3.11/site-packages/airflow/example_dags/example_trigger_target_dag.py
[2024-11-18T20:46:54.495+0000] {processor.py:840} INFO - DAG(s) 'example_trigger_target_dag' retrieved from /home/airflow/.local/lib/python3.11/site-packages/airflow/example_dags/example_trigger_target_dag.py
[2024-11-18T20:46:54.512+0000] {logging_mixin.py:188} INFO - [2024-11-18T20:46:54.511+0000] {dag.py:3089} INFO - Sync 1 DAGs
[2024-11-18T20:46:54.526+0000] {logging_mixin.py:188} INFO - [2024-11-18T20:46:54.526+0000] {dag.py:3947} INFO - Setting next_dagrun for example_trigger_target_dag to None, run_after=None
[2024-11-18T20:46:54.550+0000] {processor.py:183} INFO - Processing /home/airflow/.local/lib/python3.11/site-packages/airflow/example_dags/example_trigger_target_dag.py took 0.068 seconds
[2024-11-18T20:48:14.731+0000] {processor.py:161} INFO - Started process (PID=44) to work on /home/airflow/.local/lib/python3.11/site-packages/airflow/example_dags/example_trigger_target_dag.py
[2024-11-18T20:48:14.732+0000] {processor.py:830} INFO - Processing file /home/airflow/.local/lib/python3.11/site-packages/airflow/example_dags/example_trigger_target_dag.py for tasks to queue
[2024-11-18T20:48:14.734+0000] {logging_mixin.py:188} INFO - [2024-11-18T20:48:14.734+0000] {dagbag.py:545} INFO - Filling up the DagBag from /home/airflow/.local/lib/python3.11/site-packages/airflow/example_dags/example_trigger_target_dag.py
[2024-11-18T20:48:14.742+0000] {processor.py:840} INFO - DAG(s) 'example_trigger_target_dag' retrieved from /home/airflow/.local/lib/python3.11/site-packages/airflow/example_dags/example_trigger_target_dag.py
[2024-11-18T20:48:14.773+0000] {logging_mixin.py:188} INFO - [2024-11-18T20:48:14.773+0000] {dag.py:3089} INFO - Sync 1 DAGs
[2024-11-18T20:48:14.945+0000] {logging_mixin.py:188} INFO - [2024-11-18T20:48:14.945+0000] {dag.py:3947} INFO - Setting next_dagrun for example_trigger_target_dag to None, run_after=None
[2024-11-18T20:48:14.967+0000] {processor.py:183} INFO - Processing /home/airflow/.local/lib/python3.11/site-packages/airflow/example_dags/example_trigger_target_dag.py took 0.241 seconds
[2024-11-18T20:48:45.893+0000] {processor.py:161} INFO - Started process (PID=103) to work on /home/airflow/.local/lib/python3.11/site-packages/airflow/example_dags/example_trigger_target_dag.py
[2024-11-18T20:48:45.894+0000] {processor.py:830} INFO - Processing file /home/airflow/.local/lib/python3.11/site-packages/airflow/example_dags/example_trigger_target_dag.py for tasks to queue
[2024-11-18T20:48:45.896+0000] {logging_mixin.py:188} INFO - [2024-11-18T20:48:45.895+0000] {dagbag.py:545} INFO - Filling up the DagBag from /home/airflow/.local/lib/python3.11/site-packages/airflow/example_dags/example_trigger_target_dag.py
[2024-11-18T20:48:45.902+0000] {processor.py:840} INFO - DAG(s) 'example_trigger_target_dag' retrieved from /home/airflow/.local/lib/python3.11/site-packages/airflow/example_dags/example_trigger_target_dag.py
[2024-11-18T20:48:45.989+0000] {logging_mixin.py:188} INFO - [2024-11-18T20:48:45.988+0000] {dag.py:3089} INFO - Sync 1 DAGs
[2024-11-18T20:48:46.003+0000] {logging_mixin.py:188} INFO - [2024-11-18T20:48:46.003+0000] {dag.py:3947} INFO - Setting next_dagrun for example_trigger_target_dag to None, run_after=None
[2024-11-18T20:48:46.027+0000] {processor.py:183} INFO - Processing /home/airflow/.local/lib/python3.11/site-packages/airflow/example_dags/example_trigger_target_dag.py took 0.139 seconds
[2024-11-18T20:49:16.602+0000] {processor.py:161} INFO - Started process (PID=162) to work on /home/airflow/.local/lib/python3.11/site-packages/airflow/example_dags/example_trigger_target_dag.py
[2024-11-18T20:49:16.603+0000] {processor.py:830} INFO - Processing file /home/airflow/.local/lib/python3.11/site-packages/airflow/example_dags/example_trigger_target_dag.py for tasks to queue
[2024-11-18T20:49:16.605+0000] {logging_mixin.py:188} INFO - [2024-11-18T20:49:16.605+0000] {dagbag.py:545} INFO - Filling up the DagBag from /home/airflow/.local/lib/python3.11/site-packages/airflow/example_dags/example_trigger_target_dag.py
[2024-11-18T20:49:16.610+0000] {processor.py:840} INFO - DAG(s) 'example_trigger_target_dag' retrieved from /home/airflow/.local/lib/python3.11/site-packages/airflow/example_dags/example_trigger_target_dag.py
[2024-11-18T20:49:16.629+0000] {logging_mixin.py:188} INFO - [2024-11-18T20:49:16.629+0000] {dag.py:3089} INFO - Sync 1 DAGs
[2024-11-18T20:49:16.641+0000] {logging_mixin.py:188} INFO - [2024-11-18T20:49:16.640+0000] {dag.py:3947} INFO - Setting next_dagrun for example_trigger_target_dag to None, run_after=None
[2024-11-18T20:49:16.670+0000] {processor.py:183} INFO - Processing /home/airflow/.local/lib/python3.11/site-packages/airflow/example_dags/example_trigger_target_dag.py took 0.073 seconds
[2024-11-18T20:50:36.936+0000] {processor.py:161} INFO - Started process (PID=49) to work on /home/airflow/.local/lib/python3.11/site-packages/airflow/example_dags/example_trigger_target_dag.py
[2024-11-18T20:50:36.937+0000] {processor.py:830} INFO - Processing file /home/airflow/.local/lib/python3.11/site-packages/airflow/example_dags/example_trigger_target_dag.py for tasks to queue
[2024-11-18T20:50:36.940+0000] {logging_mixin.py:188} INFO - [2024-11-18T20:50:36.939+0000] {dagbag.py:545} INFO - Filling up the DagBag from /home/airflow/.local/lib/python3.11/site-packages/airflow/example_dags/example_trigger_target_dag.py
[2024-11-18T20:50:36.953+0000] {processor.py:840} INFO - DAG(s) 'example_trigger_target_dag' retrieved from /home/airflow/.local/lib/python3.11/site-packages/airflow/example_dags/example_trigger_target_dag.py
[2024-11-18T20:50:37.149+0000] {logging_mixin.py:188} INFO - [2024-11-18T20:50:37.149+0000] {dag.py:3089} INFO - Sync 1 DAGs
[2024-11-18T20:50:37.162+0000] {logging_mixin.py:188} INFO - [2024-11-18T20:50:37.162+0000] {dag.py:3947} INFO - Setting next_dagrun for example_trigger_target_dag to None, run_after=None
[2024-11-18T20:50:37.187+0000] {processor.py:183} INFO - Processing /home/airflow/.local/lib/python3.11/site-packages/airflow/example_dags/example_trigger_target_dag.py took 0.256 seconds
[2024-11-18T20:51:08.154+0000] {processor.py:161} INFO - Started process (PID=108) to work on /home/airflow/.local/lib/python3.11/site-packages/airflow/example_dags/example_trigger_target_dag.py
[2024-11-18T20:51:08.157+0000] {processor.py:830} INFO - Processing file /home/airflow/.local/lib/python3.11/site-packages/airflow/example_dags/example_trigger_target_dag.py for tasks to queue
[2024-11-18T20:51:08.163+0000] {logging_mixin.py:188} INFO - [2024-11-18T20:51:08.163+0000] {dagbag.py:545} INFO - Filling up the DagBag from /home/airflow/.local/lib/python3.11/site-packages/airflow/example_dags/example_trigger_target_dag.py
[2024-11-18T20:51:08.179+0000] {processor.py:840} INFO - DAG(s) 'example_trigger_target_dag' retrieved from /home/airflow/.local/lib/python3.11/site-packages/airflow/example_dags/example_trigger_target_dag.py
[2024-11-18T20:51:08.455+0000] {logging_mixin.py:188} INFO - [2024-11-18T20:51:08.454+0000] {dag.py:3089} INFO - Sync 1 DAGs
[2024-11-18T20:51:08.476+0000] {logging_mixin.py:188} INFO - [2024-11-18T20:51:08.476+0000] {dag.py:3947} INFO - Setting next_dagrun for example_trigger_target_dag to None, run_after=None
[2024-11-18T20:51:08.534+0000] {processor.py:183} INFO - Processing /home/airflow/.local/lib/python3.11/site-packages/airflow/example_dags/example_trigger_target_dag.py took 0.394 seconds
[2024-11-18T20:51:38.762+0000] {processor.py:161} INFO - Started process (PID=167) to work on /home/airflow/.local/lib/python3.11/site-packages/airflow/example_dags/example_trigger_target_dag.py
[2024-11-18T20:51:38.762+0000] {processor.py:830} INFO - Processing file /home/airflow/.local/lib/python3.11/site-packages/airflow/example_dags/example_trigger_target_dag.py for tasks to queue
[2024-11-18T20:51:38.764+0000] {logging_mixin.py:188} INFO - [2024-11-18T20:51:38.764+0000] {dagbag.py:545} INFO - Filling up the DagBag from /home/airflow/.local/lib/python3.11/site-packages/airflow/example_dags/example_trigger_target_dag.py
[2024-11-18T20:51:38.770+0000] {processor.py:840} INFO - DAG(s) 'example_trigger_target_dag' retrieved from /home/airflow/.local/lib/python3.11/site-packages/airflow/example_dags/example_trigger_target_dag.py
[2024-11-18T20:51:38.788+0000] {logging_mixin.py:188} INFO - [2024-11-18T20:51:38.787+0000] {dag.py:3089} INFO - Sync 1 DAGs
[2024-11-18T20:51:38.800+0000] {logging_mixin.py:188} INFO - [2024-11-18T20:51:38.799+0000] {dag.py:3947} INFO - Setting next_dagrun for example_trigger_target_dag to None, run_after=None
[2024-11-18T20:51:38.830+0000] {processor.py:183} INFO - Processing /home/airflow/.local/lib/python3.11/site-packages/airflow/example_dags/example_trigger_target_dag.py took 0.076 seconds
[2024-11-18T20:52:08.921+0000] {processor.py:161} INFO - Started process (PID=226) to work on /home/airflow/.local/lib/python3.11/site-packages/airflow/example_dags/example_trigger_target_dag.py
[2024-11-18T20:52:08.922+0000] {processor.py:830} INFO - Processing file /home/airflow/.local/lib/python3.11/site-packages/airflow/example_dags/example_trigger_target_dag.py for tasks to queue
[2024-11-18T20:52:08.926+0000] {logging_mixin.py:188} INFO - [2024-11-18T20:52:08.925+0000] {dagbag.py:545} INFO - Filling up the DagBag from /home/airflow/.local/lib/python3.11/site-packages/airflow/example_dags/example_trigger_target_dag.py
[2024-11-18T20:52:08.934+0000] {processor.py:840} INFO - DAG(s) 'example_trigger_target_dag' retrieved from /home/airflow/.local/lib/python3.11/site-packages/airflow/example_dags/example_trigger_target_dag.py
[2024-11-18T20:52:08.976+0000] {logging_mixin.py:188} INFO - [2024-11-18T20:52:08.976+0000] {dag.py:3089} INFO - Sync 1 DAGs
[2024-11-18T20:52:08.997+0000] {logging_mixin.py:188} INFO - [2024-11-18T20:52:08.997+0000] {dag.py:3947} INFO - Setting next_dagrun for example_trigger_target_dag to None, run_after=None
[2024-11-18T20:52:09.021+0000] {processor.py:183} INFO - Processing /home/airflow/.local/lib/python3.11/site-packages/airflow/example_dags/example_trigger_target_dag.py took 0.109 seconds
[2024-11-18T20:52:39.563+0000] {processor.py:161} INFO - Started process (PID=285) to work on /home/airflow/.local/lib/python3.11/site-packages/airflow/example_dags/example_trigger_target_dag.py
[2024-11-18T20:52:39.564+0000] {processor.py:830} INFO - Processing file /home/airflow/.local/lib/python3.11/site-packages/airflow/example_dags/example_trigger_target_dag.py for tasks to queue
[2024-11-18T20:52:39.567+0000] {logging_mixin.py:188} INFO - [2024-11-18T20:52:39.566+0000] {dagbag.py:545} INFO - Filling up the DagBag from /home/airflow/.local/lib/python3.11/site-packages/airflow/example_dags/example_trigger_target_dag.py
[2024-11-18T20:52:39.577+0000] {processor.py:840} INFO - DAG(s) 'example_trigger_target_dag' retrieved from /home/airflow/.local/lib/python3.11/site-packages/airflow/example_dags/example_trigger_target_dag.py
[2024-11-18T20:52:39.606+0000] {logging_mixin.py:188} INFO - [2024-11-18T20:52:39.605+0000] {dag.py:3089} INFO - Sync 1 DAGs
[2024-11-18T20:52:39.629+0000] {logging_mixin.py:188} INFO - [2024-11-18T20:52:39.629+0000] {dag.py:3947} INFO - Setting next_dagrun for example_trigger_target_dag to None, run_after=None
[2024-11-18T20:52:39.658+0000] {processor.py:183} INFO - Processing /home/airflow/.local/lib/python3.11/site-packages/airflow/example_dags/example_trigger_target_dag.py took 0.102 seconds
[2024-11-18T20:53:10.369+0000] {processor.py:161} INFO - Started process (PID=349) to work on /home/airflow/.local/lib/python3.11/site-packages/airflow/example_dags/example_trigger_target_dag.py
[2024-11-18T20:53:10.388+0000] {processor.py:830} INFO - Processing file /home/airflow/.local/lib/python3.11/site-packages/airflow/example_dags/example_trigger_target_dag.py for tasks to queue
[2024-11-18T20:53:10.397+0000] {logging_mixin.py:188} INFO - [2024-11-18T20:53:10.396+0000] {dagbag.py:545} INFO - Filling up the DagBag from /home/airflow/.local/lib/python3.11/site-packages/airflow/example_dags/example_trigger_target_dag.py
[2024-11-18T20:53:10.424+0000] {processor.py:840} INFO - DAG(s) 'example_trigger_target_dag' retrieved from /home/airflow/.local/lib/python3.11/site-packages/airflow/example_dags/example_trigger_target_dag.py
[2024-11-18T20:53:10.531+0000] {logging_mixin.py:188} INFO - [2024-11-18T20:53:10.531+0000] {dag.py:3089} INFO - Sync 1 DAGs
[2024-11-18T20:53:10.568+0000] {logging_mixin.py:188} INFO - [2024-11-18T20:53:10.567+0000] {dag.py:3947} INFO - Setting next_dagrun for example_trigger_target_dag to None, run_after=None
[2024-11-18T20:53:10.657+0000] {processor.py:183} INFO - Processing /home/airflow/.local/lib/python3.11/site-packages/airflow/example_dags/example_trigger_target_dag.py took 0.300 seconds
[2024-11-18T20:53:41.299+0000] {processor.py:161} INFO - Started process (PID=408) to work on /home/airflow/.local/lib/python3.11/site-packages/airflow/example_dags/example_trigger_target_dag.py
[2024-11-18T20:53:41.299+0000] {processor.py:830} INFO - Processing file /home/airflow/.local/lib/python3.11/site-packages/airflow/example_dags/example_trigger_target_dag.py for tasks to queue
[2024-11-18T20:53:41.303+0000] {logging_mixin.py:188} INFO - [2024-11-18T20:53:41.303+0000] {dagbag.py:545} INFO - Filling up the DagBag from /home/airflow/.local/lib/python3.11/site-packages/airflow/example_dags/example_trigger_target_dag.py
[2024-11-18T20:53:41.310+0000] {processor.py:840} INFO - DAG(s) 'example_trigger_target_dag' retrieved from /home/airflow/.local/lib/python3.11/site-packages/airflow/example_dags/example_trigger_target_dag.py
[2024-11-18T20:53:41.330+0000] {logging_mixin.py:188} INFO - [2024-11-18T20:53:41.330+0000] {dag.py:3089} INFO - Sync 1 DAGs
[2024-11-18T20:53:41.343+0000] {logging_mixin.py:188} INFO - [2024-11-18T20:53:41.342+0000] {dag.py:3947} INFO - Setting next_dagrun for example_trigger_target_dag to None, run_after=None
[2024-11-18T20:53:41.365+0000] {processor.py:183} INFO - Processing /home/airflow/.local/lib/python3.11/site-packages/airflow/example_dags/example_trigger_target_dag.py took 0.072 seconds
[2024-11-18T20:54:11.575+0000] {processor.py:161} INFO - Started process (PID=467) to work on /home/airflow/.local/lib/python3.11/site-packages/airflow/example_dags/example_trigger_target_dag.py
[2024-11-18T20:54:11.576+0000] {processor.py:830} INFO - Processing file /home/airflow/.local/lib/python3.11/site-packages/airflow/example_dags/example_trigger_target_dag.py for tasks to queue
[2024-11-18T20:54:11.579+0000] {logging_mixin.py:188} INFO - [2024-11-18T20:54:11.578+0000] {dagbag.py:545} INFO - Filling up the DagBag from /home/airflow/.local/lib/python3.11/site-packages/airflow/example_dags/example_trigger_target_dag.py
[2024-11-18T20:54:11.589+0000] {processor.py:840} INFO - DAG(s) 'example_trigger_target_dag' retrieved from /home/airflow/.local/lib/python3.11/site-packages/airflow/example_dags/example_trigger_target_dag.py
[2024-11-18T20:54:11.611+0000] {logging_mixin.py:188} INFO - [2024-11-18T20:54:11.611+0000] {dag.py:3089} INFO - Sync 1 DAGs
[2024-11-18T20:54:11.625+0000] {logging_mixin.py:188} INFO - [2024-11-18T20:54:11.625+0000] {dag.py:3947} INFO - Setting next_dagrun for example_trigger_target_dag to None, run_after=None
[2024-11-18T20:54:11.657+0000] {processor.py:183} INFO - Processing /home/airflow/.local/lib/python3.11/site-packages/airflow/example_dags/example_trigger_target_dag.py took 0.098 seconds
[2024-11-18T20:54:41.798+0000] {processor.py:161} INFO - Started process (PID=526) to work on /home/airflow/.local/lib/python3.11/site-packages/airflow/example_dags/example_trigger_target_dag.py
[2024-11-18T20:54:41.799+0000] {processor.py:830} INFO - Processing file /home/airflow/.local/lib/python3.11/site-packages/airflow/example_dags/example_trigger_target_dag.py for tasks to queue
[2024-11-18T20:54:41.801+0000] {logging_mixin.py:188} INFO - [2024-11-18T20:54:41.800+0000] {dagbag.py:545} INFO - Filling up the DagBag from /home/airflow/.local/lib/python3.11/site-packages/airflow/example_dags/example_trigger_target_dag.py
[2024-11-18T20:54:41.807+0000] {processor.py:840} INFO - DAG(s) 'example_trigger_target_dag' retrieved from /home/airflow/.local/lib/python3.11/site-packages/airflow/example_dags/example_trigger_target_dag.py
[2024-11-18T20:54:41.828+0000] {logging_mixin.py:188} INFO - [2024-11-18T20:54:41.827+0000] {dag.py:3089} INFO - Sync 1 DAGs
[2024-11-18T20:54:41.843+0000] {logging_mixin.py:188} INFO - [2024-11-18T20:54:41.843+0000] {dag.py:3947} INFO - Setting next_dagrun for example_trigger_target_dag to None, run_after=None
[2024-11-18T20:54:41.868+0000] {processor.py:183} INFO - Processing /home/airflow/.local/lib/python3.11/site-packages/airflow/example_dags/example_trigger_target_dag.py took 0.078 seconds
[2024-11-18T20:55:12.370+0000] {processor.py:161} INFO - Started process (PID=585) to work on /home/airflow/.local/lib/python3.11/site-packages/airflow/example_dags/example_trigger_target_dag.py
[2024-11-18T20:55:12.373+0000] {processor.py:830} INFO - Processing file /home/airflow/.local/lib/python3.11/site-packages/airflow/example_dags/example_trigger_target_dag.py for tasks to queue
[2024-11-18T20:55:12.377+0000] {logging_mixin.py:188} INFO - [2024-11-18T20:55:12.376+0000] {dagbag.py:545} INFO - Filling up the DagBag from /home/airflow/.local/lib/python3.11/site-packages/airflow/example_dags/example_trigger_target_dag.py
[2024-11-18T20:55:12.387+0000] {processor.py:840} INFO - DAG(s) 'example_trigger_target_dag' retrieved from /home/airflow/.local/lib/python3.11/site-packages/airflow/example_dags/example_trigger_target_dag.py
[2024-11-18T20:55:12.412+0000] {logging_mixin.py:188} INFO - [2024-11-18T20:55:12.412+0000] {dag.py:3089} INFO - Sync 1 DAGs
[2024-11-18T20:55:12.432+0000] {logging_mixin.py:188} INFO - [2024-11-18T20:55:12.431+0000] {dag.py:3947} INFO - Setting next_dagrun for example_trigger_target_dag to None, run_after=None
[2024-11-18T20:55:12.473+0000] {processor.py:183} INFO - Processing /home/airflow/.local/lib/python3.11/site-packages/airflow/example_dags/example_trigger_target_dag.py took 0.111 seconds
[2024-11-18T20:55:42.572+0000] {processor.py:161} INFO - Started process (PID=644) to work on /home/airflow/.local/lib/python3.11/site-packages/airflow/example_dags/example_trigger_target_dag.py
[2024-11-18T20:55:42.573+0000] {processor.py:830} INFO - Processing file /home/airflow/.local/lib/python3.11/site-packages/airflow/example_dags/example_trigger_target_dag.py for tasks to queue
[2024-11-18T20:55:42.575+0000] {logging_mixin.py:188} INFO - [2024-11-18T20:55:42.574+0000] {dagbag.py:545} INFO - Filling up the DagBag from /home/airflow/.local/lib/python3.11/site-packages/airflow/example_dags/example_trigger_target_dag.py
[2024-11-18T20:55:42.580+0000] {processor.py:840} INFO - DAG(s) 'example_trigger_target_dag' retrieved from /home/airflow/.local/lib/python3.11/site-packages/airflow/example_dags/example_trigger_target_dag.py
[2024-11-18T20:55:42.596+0000] {logging_mixin.py:188} INFO - [2024-11-18T20:55:42.596+0000] {dag.py:3089} INFO - Sync 1 DAGs
[2024-11-18T20:55:42.607+0000] {logging_mixin.py:188} INFO - [2024-11-18T20:55:42.607+0000] {dag.py:3947} INFO - Setting next_dagrun for example_trigger_target_dag to None, run_after=None
[2024-11-18T20:55:42.636+0000] {processor.py:183} INFO - Processing /home/airflow/.local/lib/python3.11/site-packages/airflow/example_dags/example_trigger_target_dag.py took 0.070 seconds
[2024-11-18T20:56:12.918+0000] {processor.py:161} INFO - Started process (PID=703) to work on /home/airflow/.local/lib/python3.11/site-packages/airflow/example_dags/example_trigger_target_dag.py
[2024-11-18T20:56:12.919+0000] {processor.py:830} INFO - Processing file /home/airflow/.local/lib/python3.11/site-packages/airflow/example_dags/example_trigger_target_dag.py for tasks to queue
[2024-11-18T20:56:12.922+0000] {logging_mixin.py:188} INFO - [2024-11-18T20:56:12.921+0000] {dagbag.py:545} INFO - Filling up the DagBag from /home/airflow/.local/lib/python3.11/site-packages/airflow/example_dags/example_trigger_target_dag.py
[2024-11-18T20:56:12.929+0000] {processor.py:840} INFO - DAG(s) 'example_trigger_target_dag' retrieved from /home/airflow/.local/lib/python3.11/site-packages/airflow/example_dags/example_trigger_target_dag.py
[2024-11-18T20:56:12.957+0000] {logging_mixin.py:188} INFO - [2024-11-18T20:56:12.957+0000] {dag.py:3089} INFO - Sync 1 DAGs
[2024-11-18T20:56:12.972+0000] {logging_mixin.py:188} INFO - [2024-11-18T20:56:12.972+0000] {dag.py:3947} INFO - Setting next_dagrun for example_trigger_target_dag to None, run_after=None
[2024-11-18T20:56:12.994+0000] {processor.py:183} INFO - Processing /home/airflow/.local/lib/python3.11/site-packages/airflow/example_dags/example_trigger_target_dag.py took 0.085 seconds
[2024-11-18T20:56:43.660+0000] {processor.py:161} INFO - Started process (PID=762) to work on /home/airflow/.local/lib/python3.11/site-packages/airflow/example_dags/example_trigger_target_dag.py
[2024-11-18T20:56:43.661+0000] {processor.py:830} INFO - Processing file /home/airflow/.local/lib/python3.11/site-packages/airflow/example_dags/example_trigger_target_dag.py for tasks to queue
[2024-11-18T20:56:43.663+0000] {logging_mixin.py:188} INFO - [2024-11-18T20:56:43.662+0000] {dagbag.py:545} INFO - Filling up the DagBag from /home/airflow/.local/lib/python3.11/site-packages/airflow/example_dags/example_trigger_target_dag.py
[2024-11-18T20:56:43.670+0000] {processor.py:840} INFO - DAG(s) 'example_trigger_target_dag' retrieved from /home/airflow/.local/lib/python3.11/site-packages/airflow/example_dags/example_trigger_target_dag.py
[2024-11-18T20:56:43.691+0000] {logging_mixin.py:188} INFO - [2024-11-18T20:56:43.691+0000] {dag.py:3089} INFO - Sync 1 DAGs
[2024-11-18T20:56:43.705+0000] {logging_mixin.py:188} INFO - [2024-11-18T20:56:43.705+0000] {dag.py:3947} INFO - Setting next_dagrun for example_trigger_target_dag to None, run_after=None
[2024-11-18T20:56:43.729+0000] {processor.py:183} INFO - Processing /home/airflow/.local/lib/python3.11/site-packages/airflow/example_dags/example_trigger_target_dag.py took 0.074 seconds
[2024-11-18T20:57:13.839+0000] {processor.py:161} INFO - Started process (PID=821) to work on /home/airflow/.local/lib/python3.11/site-packages/airflow/example_dags/example_trigger_target_dag.py
[2024-11-18T20:57:13.840+0000] {processor.py:830} INFO - Processing file /home/airflow/.local/lib/python3.11/site-packages/airflow/example_dags/example_trigger_target_dag.py for tasks to queue
[2024-11-18T20:57:13.842+0000] {logging_mixin.py:188} INFO - [2024-11-18T20:57:13.841+0000] {dagbag.py:545} INFO - Filling up the DagBag from /home/airflow/.local/lib/python3.11/site-packages/airflow/example_dags/example_trigger_target_dag.py
[2024-11-18T20:57:13.849+0000] {processor.py:840} INFO - DAG(s) 'example_trigger_target_dag' retrieved from /home/airflow/.local/lib/python3.11/site-packages/airflow/example_dags/example_trigger_target_dag.py
[2024-11-18T20:57:13.870+0000] {logging_mixin.py:188} INFO - [2024-11-18T20:57:13.870+0000] {dag.py:3089} INFO - Sync 1 DAGs
[2024-11-18T20:57:13.886+0000] {logging_mixin.py:188} INFO - [2024-11-18T20:57:13.886+0000] {dag.py:3947} INFO - Setting next_dagrun for example_trigger_target_dag to None, run_after=None
[2024-11-18T20:57:13.913+0000] {processor.py:183} INFO - Processing /home/airflow/.local/lib/python3.11/site-packages/airflow/example_dags/example_trigger_target_dag.py took 0.080 seconds
[2024-11-18T20:57:44.226+0000] {processor.py:161} INFO - Started process (PID=880) to work on /home/airflow/.local/lib/python3.11/site-packages/airflow/example_dags/example_trigger_target_dag.py
[2024-11-18T20:57:44.227+0000] {processor.py:830} INFO - Processing file /home/airflow/.local/lib/python3.11/site-packages/airflow/example_dags/example_trigger_target_dag.py for tasks to queue
[2024-11-18T20:57:44.229+0000] {logging_mixin.py:188} INFO - [2024-11-18T20:57:44.228+0000] {dagbag.py:545} INFO - Filling up the DagBag from /home/airflow/.local/lib/python3.11/site-packages/airflow/example_dags/example_trigger_target_dag.py
[2024-11-18T20:57:44.235+0000] {processor.py:840} INFO - DAG(s) 'example_trigger_target_dag' retrieved from /home/airflow/.local/lib/python3.11/site-packages/airflow/example_dags/example_trigger_target_dag.py
[2024-11-18T20:57:44.256+0000] {logging_mixin.py:188} INFO - [2024-11-18T20:57:44.255+0000] {dag.py:3089} INFO - Sync 1 DAGs
[2024-11-18T20:57:44.269+0000] {logging_mixin.py:188} INFO - [2024-11-18T20:57:44.268+0000] {dag.py:3947} INFO - Setting next_dagrun for example_trigger_target_dag to None, run_after=None
[2024-11-18T20:57:44.301+0000] {processor.py:183} INFO - Processing /home/airflow/.local/lib/python3.11/site-packages/airflow/example_dags/example_trigger_target_dag.py took 0.081 seconds
[2024-11-18T20:58:14.489+0000] {processor.py:161} INFO - Started process (PID=939) to work on /home/airflow/.local/lib/python3.11/site-packages/airflow/example_dags/example_trigger_target_dag.py
[2024-11-18T20:58:14.490+0000] {processor.py:830} INFO - Processing file /home/airflow/.local/lib/python3.11/site-packages/airflow/example_dags/example_trigger_target_dag.py for tasks to queue
[2024-11-18T20:58:14.492+0000] {logging_mixin.py:188} INFO - [2024-11-18T20:58:14.492+0000] {dagbag.py:545} INFO - Filling up the DagBag from /home/airflow/.local/lib/python3.11/site-packages/airflow/example_dags/example_trigger_target_dag.py
[2024-11-18T20:58:14.497+0000] {processor.py:840} INFO - DAG(s) 'example_trigger_target_dag' retrieved from /home/airflow/.local/lib/python3.11/site-packages/airflow/example_dags/example_trigger_target_dag.py
[2024-11-18T20:58:14.514+0000] {logging_mixin.py:188} INFO - [2024-11-18T20:58:14.514+0000] {dag.py:3089} INFO - Sync 1 DAGs
[2024-11-18T20:58:14.527+0000] {logging_mixin.py:188} INFO - [2024-11-18T20:58:14.527+0000] {dag.py:3947} INFO - Setting next_dagrun for example_trigger_target_dag to None, run_after=None
[2024-11-18T20:58:14.548+0000] {processor.py:183} INFO - Processing /home/airflow/.local/lib/python3.11/site-packages/airflow/example_dags/example_trigger_target_dag.py took 0.064 seconds
[2024-11-18T20:58:44.767+0000] {processor.py:161} INFO - Started process (PID=998) to work on /home/airflow/.local/lib/python3.11/site-packages/airflow/example_dags/example_trigger_target_dag.py
[2024-11-18T20:58:44.768+0000] {processor.py:830} INFO - Processing file /home/airflow/.local/lib/python3.11/site-packages/airflow/example_dags/example_trigger_target_dag.py for tasks to queue
[2024-11-18T20:58:44.769+0000] {logging_mixin.py:188} INFO - [2024-11-18T20:58:44.769+0000] {dagbag.py:545} INFO - Filling up the DagBag from /home/airflow/.local/lib/python3.11/site-packages/airflow/example_dags/example_trigger_target_dag.py
[2024-11-18T20:58:44.774+0000] {processor.py:840} INFO - DAG(s) 'example_trigger_target_dag' retrieved from /home/airflow/.local/lib/python3.11/site-packages/airflow/example_dags/example_trigger_target_dag.py
[2024-11-18T20:58:44.790+0000] {logging_mixin.py:188} INFO - [2024-11-18T20:58:44.790+0000] {dag.py:3089} INFO - Sync 1 DAGs
[2024-11-18T20:58:44.802+0000] {logging_mixin.py:188} INFO - [2024-11-18T20:58:44.801+0000] {dag.py:3947} INFO - Setting next_dagrun for example_trigger_target_dag to None, run_after=None
[2024-11-18T20:58:44.840+0000] {processor.py:183} INFO - Processing /home/airflow/.local/lib/python3.11/site-packages/airflow/example_dags/example_trigger_target_dag.py took 0.079 seconds
