[2024-11-18T20:19:07.144+0000] {processor.py:161} INFO - Started process (PID=71) to work on /home/airflow/.local/lib/python3.11/site-packages/airflow/example_dags/example_branch_labels.py
[2024-11-18T20:19:07.145+0000] {processor.py:830} INFO - Processing file /home/airflow/.local/lib/python3.11/site-packages/airflow/example_dags/example_branch_labels.py for tasks to queue
[2024-11-18T20:19:07.147+0000] {logging_mixin.py:188} INFO - [2024-11-18T20:19:07.146+0000] {dagbag.py:545} INFO - Filling up the DagBag from /home/airflow/.local/lib/python3.11/site-packages/airflow/example_dags/example_branch_labels.py
[2024-11-18T20:19:07.156+0000] {processor.py:840} INFO - DAG(s) 'example_branch_labels' retrieved from /home/airflow/.local/lib/python3.11/site-packages/airflow/example_dags/example_branch_labels.py
[2024-11-18T20:19:07.249+0000] {logging_mixin.py:188} INFO - [2024-11-18T20:19:07.248+0000] {override.py:1858} INFO - Created Permission View: can edit on DAG:example_branch_labels
[2024-11-18T20:19:07.259+0000] {logging_mixin.py:188} INFO - [2024-11-18T20:19:07.258+0000] {override.py:1858} INFO - Created Permission View: can delete on DAG:example_branch_labels
[2024-11-18T20:19:07.266+0000] {logging_mixin.py:188} INFO - [2024-11-18T20:19:07.266+0000] {override.py:1858} INFO - Created Permission View: can read on DAG:example_branch_labels
[2024-11-18T20:19:07.266+0000] {logging_mixin.py:188} INFO - [2024-11-18T20:19:07.266+0000] {dag.py:3089} INFO - Sync 1 DAGs
[2024-11-18T20:19:07.278+0000] {logging_mixin.py:188} INFO - [2024-11-18T20:19:07.277+0000] {dag.py:3111} INFO - Creating ORM DAG for example_branch_labels
[2024-11-18T20:19:07.287+0000] {logging_mixin.py:188} INFO - [2024-11-18T20:19:07.287+0000] {dag.py:3947} INFO - Setting next_dagrun for example_branch_labels to 2024-11-17 00:00:00+00:00, run_after=2024-11-18 00:00:00+00:00
[2024-11-18T20:19:07.301+0000] {processor.py:183} INFO - Processing /home/airflow/.local/lib/python3.11/site-packages/airflow/example_dags/example_branch_labels.py took 0.162 seconds
[2024-11-18T20:19:37.608+0000] {processor.py:161} INFO - Started process (PID=129) to work on /home/airflow/.local/lib/python3.11/site-packages/airflow/example_dags/example_branch_labels.py
[2024-11-18T20:19:37.610+0000] {processor.py:830} INFO - Processing file /home/airflow/.local/lib/python3.11/site-packages/airflow/example_dags/example_branch_labels.py for tasks to queue
[2024-11-18T20:19:37.612+0000] {logging_mixin.py:188} INFO - [2024-11-18T20:19:37.612+0000] {dagbag.py:545} INFO - Filling up the DagBag from /home/airflow/.local/lib/python3.11/site-packages/airflow/example_dags/example_branch_labels.py
[2024-11-18T20:19:37.621+0000] {processor.py:840} INFO - DAG(s) 'example_branch_labels' retrieved from /home/airflow/.local/lib/python3.11/site-packages/airflow/example_dags/example_branch_labels.py
[2024-11-18T20:19:37.646+0000] {logging_mixin.py:188} INFO - [2024-11-18T20:19:37.645+0000] {dag.py:3089} INFO - Sync 1 DAGs
[2024-11-18T20:19:37.681+0000] {logging_mixin.py:188} INFO - [2024-11-18T20:19:37.681+0000] {dag.py:3947} INFO - Setting next_dagrun for example_branch_labels to 2024-11-17 00:00:00+00:00, run_after=2024-11-18 00:00:00+00:00
[2024-11-18T20:19:37.721+0000] {processor.py:183} INFO - Processing /home/airflow/.local/lib/python3.11/site-packages/airflow/example_dags/example_branch_labels.py took 0.118 seconds
[2024-11-18T20:20:08.504+0000] {processor.py:161} INFO - Started process (PID=187) to work on /home/airflow/.local/lib/python3.11/site-packages/airflow/example_dags/example_branch_labels.py
[2024-11-18T20:20:08.505+0000] {processor.py:830} INFO - Processing file /home/airflow/.local/lib/python3.11/site-packages/airflow/example_dags/example_branch_labels.py for tasks to queue
[2024-11-18T20:20:08.506+0000] {logging_mixin.py:188} INFO - [2024-11-18T20:20:08.506+0000] {dagbag.py:545} INFO - Filling up the DagBag from /home/airflow/.local/lib/python3.11/site-packages/airflow/example_dags/example_branch_labels.py
[2024-11-18T20:20:08.513+0000] {processor.py:840} INFO - DAG(s) 'example_branch_labels' retrieved from /home/airflow/.local/lib/python3.11/site-packages/airflow/example_dags/example_branch_labels.py
[2024-11-18T20:20:08.530+0000] {logging_mixin.py:188} INFO - [2024-11-18T20:20:08.529+0000] {dag.py:3089} INFO - Sync 1 DAGs
[2024-11-18T20:20:08.548+0000] {logging_mixin.py:188} INFO - [2024-11-18T20:20:08.548+0000] {dag.py:3947} INFO - Setting next_dagrun for example_branch_labels to 2024-11-17 00:00:00+00:00, run_after=2024-11-18 00:00:00+00:00
[2024-11-18T20:20:08.563+0000] {processor.py:183} INFO - Processing /home/airflow/.local/lib/python3.11/site-packages/airflow/example_dags/example_branch_labels.py took 0.064 seconds
[2024-11-18T20:20:39.132+0000] {processor.py:161} INFO - Started process (PID=245) to work on /home/airflow/.local/lib/python3.11/site-packages/airflow/example_dags/example_branch_labels.py
[2024-11-18T20:20:39.133+0000] {processor.py:830} INFO - Processing file /home/airflow/.local/lib/python3.11/site-packages/airflow/example_dags/example_branch_labels.py for tasks to queue
[2024-11-18T20:20:39.135+0000] {logging_mixin.py:188} INFO - [2024-11-18T20:20:39.135+0000] {dagbag.py:545} INFO - Filling up the DagBag from /home/airflow/.local/lib/python3.11/site-packages/airflow/example_dags/example_branch_labels.py
[2024-11-18T20:20:39.143+0000] {processor.py:840} INFO - DAG(s) 'example_branch_labels' retrieved from /home/airflow/.local/lib/python3.11/site-packages/airflow/example_dags/example_branch_labels.py
[2024-11-18T20:20:39.177+0000] {logging_mixin.py:188} INFO - [2024-11-18T20:20:39.176+0000] {dag.py:3089} INFO - Sync 1 DAGs
[2024-11-18T20:20:39.200+0000] {logging_mixin.py:188} INFO - [2024-11-18T20:20:39.200+0000] {dag.py:3947} INFO - Setting next_dagrun for example_branch_labels to 2024-11-17 00:00:00+00:00, run_after=2024-11-18 00:00:00+00:00
[2024-11-18T20:20:39.224+0000] {processor.py:183} INFO - Processing /home/airflow/.local/lib/python3.11/site-packages/airflow/example_dags/example_branch_labels.py took 0.099 seconds
[2024-11-18T20:21:10.170+0000] {processor.py:161} INFO - Started process (PID=304) to work on /home/airflow/.local/lib/python3.11/site-packages/airflow/example_dags/example_branch_labels.py
[2024-11-18T20:21:10.172+0000] {processor.py:830} INFO - Processing file /home/airflow/.local/lib/python3.11/site-packages/airflow/example_dags/example_branch_labels.py for tasks to queue
[2024-11-18T20:21:10.174+0000] {logging_mixin.py:188} INFO - [2024-11-18T20:21:10.173+0000] {dagbag.py:545} INFO - Filling up the DagBag from /home/airflow/.local/lib/python3.11/site-packages/airflow/example_dags/example_branch_labels.py
[2024-11-18T20:21:10.181+0000] {processor.py:840} INFO - DAG(s) 'example_branch_labels' retrieved from /home/airflow/.local/lib/python3.11/site-packages/airflow/example_dags/example_branch_labels.py
[2024-11-18T20:21:10.200+0000] {logging_mixin.py:188} INFO - [2024-11-18T20:21:10.200+0000] {dag.py:3089} INFO - Sync 1 DAGs
[2024-11-18T20:21:10.226+0000] {logging_mixin.py:188} INFO - [2024-11-18T20:21:10.225+0000] {dag.py:3947} INFO - Setting next_dagrun for example_branch_labels to 2024-11-17 00:00:00+00:00, run_after=2024-11-18 00:00:00+00:00
[2024-11-18T20:21:10.244+0000] {processor.py:183} INFO - Processing /home/airflow/.local/lib/python3.11/site-packages/airflow/example_dags/example_branch_labels.py took 0.079 seconds
[2024-11-18T20:21:40.354+0000] {processor.py:161} INFO - Started process (PID=362) to work on /home/airflow/.local/lib/python3.11/site-packages/airflow/example_dags/example_branch_labels.py
[2024-11-18T20:21:40.355+0000] {processor.py:830} INFO - Processing file /home/airflow/.local/lib/python3.11/site-packages/airflow/example_dags/example_branch_labels.py for tasks to queue
[2024-11-18T20:21:40.356+0000] {logging_mixin.py:188} INFO - [2024-11-18T20:21:40.356+0000] {dagbag.py:545} INFO - Filling up the DagBag from /home/airflow/.local/lib/python3.11/site-packages/airflow/example_dags/example_branch_labels.py
[2024-11-18T20:21:40.363+0000] {processor.py:840} INFO - DAG(s) 'example_branch_labels' retrieved from /home/airflow/.local/lib/python3.11/site-packages/airflow/example_dags/example_branch_labels.py
[2024-11-18T20:21:40.381+0000] {logging_mixin.py:188} INFO - [2024-11-18T20:21:40.381+0000] {dag.py:3089} INFO - Sync 1 DAGs
[2024-11-18T20:21:40.403+0000] {logging_mixin.py:188} INFO - [2024-11-18T20:21:40.402+0000] {dag.py:3947} INFO - Setting next_dagrun for example_branch_labels to 2024-11-17 00:00:00+00:00, run_after=2024-11-18 00:00:00+00:00
[2024-11-18T20:21:40.420+0000] {processor.py:183} INFO - Processing /home/airflow/.local/lib/python3.11/site-packages/airflow/example_dags/example_branch_labels.py took 0.072 seconds
[2024-11-18T20:22:11.035+0000] {processor.py:161} INFO - Started process (PID=420) to work on /home/airflow/.local/lib/python3.11/site-packages/airflow/example_dags/example_branch_labels.py
[2024-11-18T20:22:11.036+0000] {processor.py:830} INFO - Processing file /home/airflow/.local/lib/python3.11/site-packages/airflow/example_dags/example_branch_labels.py for tasks to queue
[2024-11-18T20:22:11.037+0000] {logging_mixin.py:188} INFO - [2024-11-18T20:22:11.037+0000] {dagbag.py:545} INFO - Filling up the DagBag from /home/airflow/.local/lib/python3.11/site-packages/airflow/example_dags/example_branch_labels.py
[2024-11-18T20:22:11.043+0000] {processor.py:840} INFO - DAG(s) 'example_branch_labels' retrieved from /home/airflow/.local/lib/python3.11/site-packages/airflow/example_dags/example_branch_labels.py
[2024-11-18T20:22:11.061+0000] {logging_mixin.py:188} INFO - [2024-11-18T20:22:11.061+0000] {dag.py:3089} INFO - Sync 1 DAGs
[2024-11-18T20:22:11.081+0000] {logging_mixin.py:188} INFO - [2024-11-18T20:22:11.081+0000] {dag.py:3947} INFO - Setting next_dagrun for example_branch_labels to 2024-11-17 00:00:00+00:00, run_after=2024-11-18 00:00:00+00:00
[2024-11-18T20:22:11.097+0000] {processor.py:183} INFO - Processing /home/airflow/.local/lib/python3.11/site-packages/airflow/example_dags/example_branch_labels.py took 0.069 seconds
[2024-11-18T20:22:41.362+0000] {processor.py:161} INFO - Started process (PID=479) to work on /home/airflow/.local/lib/python3.11/site-packages/airflow/example_dags/example_branch_labels.py
[2024-11-18T20:22:41.363+0000] {processor.py:830} INFO - Processing file /home/airflow/.local/lib/python3.11/site-packages/airflow/example_dags/example_branch_labels.py for tasks to queue
[2024-11-18T20:22:41.365+0000] {logging_mixin.py:188} INFO - [2024-11-18T20:22:41.365+0000] {dagbag.py:545} INFO - Filling up the DagBag from /home/airflow/.local/lib/python3.11/site-packages/airflow/example_dags/example_branch_labels.py
[2024-11-18T20:22:41.372+0000] {processor.py:840} INFO - DAG(s) 'example_branch_labels' retrieved from /home/airflow/.local/lib/python3.11/site-packages/airflow/example_dags/example_branch_labels.py
[2024-11-18T20:22:41.393+0000] {logging_mixin.py:188} INFO - [2024-11-18T20:22:41.393+0000] {dag.py:3089} INFO - Sync 1 DAGs
[2024-11-18T20:22:41.415+0000] {logging_mixin.py:188} INFO - [2024-11-18T20:22:41.415+0000] {dag.py:3947} INFO - Setting next_dagrun for example_branch_labels to 2024-11-17 00:00:00+00:00, run_after=2024-11-18 00:00:00+00:00
[2024-11-18T20:22:41.438+0000] {processor.py:183} INFO - Processing /home/airflow/.local/lib/python3.11/site-packages/airflow/example_dags/example_branch_labels.py took 0.081 seconds
[2024-11-18T20:23:11.715+0000] {processor.py:161} INFO - Started process (PID=537) to work on /home/airflow/.local/lib/python3.11/site-packages/airflow/example_dags/example_branch_labels.py
[2024-11-18T20:23:11.716+0000] {processor.py:830} INFO - Processing file /home/airflow/.local/lib/python3.11/site-packages/airflow/example_dags/example_branch_labels.py for tasks to queue
[2024-11-18T20:23:11.718+0000] {logging_mixin.py:188} INFO - [2024-11-18T20:23:11.718+0000] {dagbag.py:545} INFO - Filling up the DagBag from /home/airflow/.local/lib/python3.11/site-packages/airflow/example_dags/example_branch_labels.py
[2024-11-18T20:23:11.724+0000] {processor.py:840} INFO - DAG(s) 'example_branch_labels' retrieved from /home/airflow/.local/lib/python3.11/site-packages/airflow/example_dags/example_branch_labels.py
[2024-11-18T20:23:11.743+0000] {logging_mixin.py:188} INFO - [2024-11-18T20:23:11.743+0000] {dag.py:3089} INFO - Sync 1 DAGs
[2024-11-18T20:23:11.762+0000] {logging_mixin.py:188} INFO - [2024-11-18T20:23:11.762+0000] {dag.py:3947} INFO - Setting next_dagrun for example_branch_labels to 2024-11-17 00:00:00+00:00, run_after=2024-11-18 00:00:00+00:00
[2024-11-18T20:23:11.780+0000] {processor.py:183} INFO - Processing /home/airflow/.local/lib/python3.11/site-packages/airflow/example_dags/example_branch_labels.py took 0.070 seconds
[2024-11-18T20:23:42.732+0000] {processor.py:161} INFO - Started process (PID=595) to work on /home/airflow/.local/lib/python3.11/site-packages/airflow/example_dags/example_branch_labels.py
[2024-11-18T20:23:42.733+0000] {processor.py:830} INFO - Processing file /home/airflow/.local/lib/python3.11/site-packages/airflow/example_dags/example_branch_labels.py for tasks to queue
[2024-11-18T20:23:42.735+0000] {logging_mixin.py:188} INFO - [2024-11-18T20:23:42.734+0000] {dagbag.py:545} INFO - Filling up the DagBag from /home/airflow/.local/lib/python3.11/site-packages/airflow/example_dags/example_branch_labels.py
[2024-11-18T20:23:42.741+0000] {processor.py:840} INFO - DAG(s) 'example_branch_labels' retrieved from /home/airflow/.local/lib/python3.11/site-packages/airflow/example_dags/example_branch_labels.py
[2024-11-18T20:23:42.759+0000] {logging_mixin.py:188} INFO - [2024-11-18T20:23:42.759+0000] {dag.py:3089} INFO - Sync 1 DAGs
[2024-11-18T20:23:42.778+0000] {logging_mixin.py:188} INFO - [2024-11-18T20:23:42.778+0000] {dag.py:3947} INFO - Setting next_dagrun for example_branch_labels to 2024-11-17 00:00:00+00:00, run_after=2024-11-18 00:00:00+00:00
[2024-11-18T20:23:42.795+0000] {processor.py:183} INFO - Processing /home/airflow/.local/lib/python3.11/site-packages/airflow/example_dags/example_branch_labels.py took 0.067 seconds
[2024-11-18T20:24:13.300+0000] {processor.py:161} INFO - Started process (PID=655) to work on /home/airflow/.local/lib/python3.11/site-packages/airflow/example_dags/example_branch_labels.py
[2024-11-18T20:24:13.300+0000] {processor.py:830} INFO - Processing file /home/airflow/.local/lib/python3.11/site-packages/airflow/example_dags/example_branch_labels.py for tasks to queue
[2024-11-18T20:24:13.302+0000] {logging_mixin.py:188} INFO - [2024-11-18T20:24:13.302+0000] {dagbag.py:545} INFO - Filling up the DagBag from /home/airflow/.local/lib/python3.11/site-packages/airflow/example_dags/example_branch_labels.py
[2024-11-18T20:24:13.308+0000] {processor.py:840} INFO - DAG(s) 'example_branch_labels' retrieved from /home/airflow/.local/lib/python3.11/site-packages/airflow/example_dags/example_branch_labels.py
[2024-11-18T20:24:13.326+0000] {logging_mixin.py:188} INFO - [2024-11-18T20:24:13.325+0000] {dag.py:3089} INFO - Sync 1 DAGs
[2024-11-18T20:24:13.347+0000] {logging_mixin.py:188} INFO - [2024-11-18T20:24:13.346+0000] {dag.py:3947} INFO - Setting next_dagrun for example_branch_labels to 2024-11-17 00:00:00+00:00, run_after=2024-11-18 00:00:00+00:00
[2024-11-18T20:24:13.365+0000] {processor.py:183} INFO - Processing /home/airflow/.local/lib/python3.11/site-packages/airflow/example_dags/example_branch_labels.py took 0.071 seconds
[2024-11-18T20:24:43.913+0000] {processor.py:161} INFO - Started process (PID=714) to work on /home/airflow/.local/lib/python3.11/site-packages/airflow/example_dags/example_branch_labels.py
[2024-11-18T20:24:43.914+0000] {processor.py:830} INFO - Processing file /home/airflow/.local/lib/python3.11/site-packages/airflow/example_dags/example_branch_labels.py for tasks to queue
[2024-11-18T20:24:43.915+0000] {logging_mixin.py:188} INFO - [2024-11-18T20:24:43.915+0000] {dagbag.py:545} INFO - Filling up the DagBag from /home/airflow/.local/lib/python3.11/site-packages/airflow/example_dags/example_branch_labels.py
[2024-11-18T20:24:43.921+0000] {processor.py:840} INFO - DAG(s) 'example_branch_labels' retrieved from /home/airflow/.local/lib/python3.11/site-packages/airflow/example_dags/example_branch_labels.py
[2024-11-18T20:24:43.937+0000] {logging_mixin.py:188} INFO - [2024-11-18T20:24:43.937+0000] {dag.py:3089} INFO - Sync 1 DAGs
[2024-11-18T20:24:43.957+0000] {logging_mixin.py:188} INFO - [2024-11-18T20:24:43.957+0000] {dag.py:3947} INFO - Setting next_dagrun for example_branch_labels to 2024-11-17 00:00:00+00:00, run_after=2024-11-18 00:00:00+00:00
[2024-11-18T20:24:43.975+0000] {processor.py:183} INFO - Processing /home/airflow/.local/lib/python3.11/site-packages/airflow/example_dags/example_branch_labels.py took 0.066 seconds
[2024-11-18T20:25:14.215+0000] {processor.py:161} INFO - Started process (PID=773) to work on /home/airflow/.local/lib/python3.11/site-packages/airflow/example_dags/example_branch_labels.py
[2024-11-18T20:25:14.216+0000] {processor.py:830} INFO - Processing file /home/airflow/.local/lib/python3.11/site-packages/airflow/example_dags/example_branch_labels.py for tasks to queue
[2024-11-18T20:25:14.217+0000] {logging_mixin.py:188} INFO - [2024-11-18T20:25:14.217+0000] {dagbag.py:545} INFO - Filling up the DagBag from /home/airflow/.local/lib/python3.11/site-packages/airflow/example_dags/example_branch_labels.py
[2024-11-18T20:25:14.223+0000] {processor.py:840} INFO - DAG(s) 'example_branch_labels' retrieved from /home/airflow/.local/lib/python3.11/site-packages/airflow/example_dags/example_branch_labels.py
[2024-11-18T20:25:14.241+0000] {logging_mixin.py:188} INFO - [2024-11-18T20:25:14.240+0000] {dag.py:3089} INFO - Sync 1 DAGs
[2024-11-18T20:25:14.259+0000] {logging_mixin.py:188} INFO - [2024-11-18T20:25:14.258+0000] {dag.py:3947} INFO - Setting next_dagrun for example_branch_labels to 2024-11-17 00:00:00+00:00, run_after=2024-11-18 00:00:00+00:00
[2024-11-18T20:25:14.277+0000] {processor.py:183} INFO - Processing /home/airflow/.local/lib/python3.11/site-packages/airflow/example_dags/example_branch_labels.py took 0.067 seconds
[2024-11-18T20:25:45.010+0000] {processor.py:161} INFO - Started process (PID=832) to work on /home/airflow/.local/lib/python3.11/site-packages/airflow/example_dags/example_branch_labels.py
[2024-11-18T20:25:45.011+0000] {processor.py:830} INFO - Processing file /home/airflow/.local/lib/python3.11/site-packages/airflow/example_dags/example_branch_labels.py for tasks to queue
[2024-11-18T20:25:45.012+0000] {logging_mixin.py:188} INFO - [2024-11-18T20:25:45.012+0000] {dagbag.py:545} INFO - Filling up the DagBag from /home/airflow/.local/lib/python3.11/site-packages/airflow/example_dags/example_branch_labels.py
[2024-11-18T20:25:45.018+0000] {processor.py:840} INFO - DAG(s) 'example_branch_labels' retrieved from /home/airflow/.local/lib/python3.11/site-packages/airflow/example_dags/example_branch_labels.py
[2024-11-18T20:25:45.036+0000] {logging_mixin.py:188} INFO - [2024-11-18T20:25:45.035+0000] {dag.py:3089} INFO - Sync 1 DAGs
[2024-11-18T20:25:45.054+0000] {logging_mixin.py:188} INFO - [2024-11-18T20:25:45.054+0000] {dag.py:3947} INFO - Setting next_dagrun for example_branch_labels to 2024-11-17 00:00:00+00:00, run_after=2024-11-18 00:00:00+00:00
[2024-11-18T20:25:45.071+0000] {processor.py:183} INFO - Processing /home/airflow/.local/lib/python3.11/site-packages/airflow/example_dags/example_branch_labels.py took 0.066 seconds
[2024-11-18T20:26:15.588+0000] {processor.py:161} INFO - Started process (PID=891) to work on /home/airflow/.local/lib/python3.11/site-packages/airflow/example_dags/example_branch_labels.py
[2024-11-18T20:26:15.589+0000] {processor.py:830} INFO - Processing file /home/airflow/.local/lib/python3.11/site-packages/airflow/example_dags/example_branch_labels.py for tasks to queue
[2024-11-18T20:26:15.590+0000] {logging_mixin.py:188} INFO - [2024-11-18T20:26:15.590+0000] {dagbag.py:545} INFO - Filling up the DagBag from /home/airflow/.local/lib/python3.11/site-packages/airflow/example_dags/example_branch_labels.py
[2024-11-18T20:26:15.596+0000] {processor.py:840} INFO - DAG(s) 'example_branch_labels' retrieved from /home/airflow/.local/lib/python3.11/site-packages/airflow/example_dags/example_branch_labels.py
[2024-11-18T20:26:15.613+0000] {logging_mixin.py:188} INFO - [2024-11-18T20:26:15.612+0000] {dag.py:3089} INFO - Sync 1 DAGs
[2024-11-18T20:26:15.632+0000] {logging_mixin.py:188} INFO - [2024-11-18T20:26:15.632+0000] {dag.py:3947} INFO - Setting next_dagrun for example_branch_labels to 2024-11-17 00:00:00+00:00, run_after=2024-11-18 00:00:00+00:00
[2024-11-18T20:26:15.649+0000] {processor.py:183} INFO - Processing /home/airflow/.local/lib/python3.11/site-packages/airflow/example_dags/example_branch_labels.py took 0.066 seconds
[2024-11-18T20:26:46.032+0000] {processor.py:161} INFO - Started process (PID=950) to work on /home/airflow/.local/lib/python3.11/site-packages/airflow/example_dags/example_branch_labels.py
[2024-11-18T20:26:46.033+0000] {processor.py:830} INFO - Processing file /home/airflow/.local/lib/python3.11/site-packages/airflow/example_dags/example_branch_labels.py for tasks to queue
[2024-11-18T20:26:46.035+0000] {logging_mixin.py:188} INFO - [2024-11-18T20:26:46.035+0000] {dagbag.py:545} INFO - Filling up the DagBag from /home/airflow/.local/lib/python3.11/site-packages/airflow/example_dags/example_branch_labels.py
[2024-11-18T20:26:46.043+0000] {processor.py:840} INFO - DAG(s) 'example_branch_labels' retrieved from /home/airflow/.local/lib/python3.11/site-packages/airflow/example_dags/example_branch_labels.py
[2024-11-18T20:26:46.060+0000] {logging_mixin.py:188} INFO - [2024-11-18T20:26:46.060+0000] {dag.py:3089} INFO - Sync 1 DAGs
[2024-11-18T20:26:46.079+0000] {logging_mixin.py:188} INFO - [2024-11-18T20:26:46.079+0000] {dag.py:3947} INFO - Setting next_dagrun for example_branch_labels to 2024-11-17 00:00:00+00:00, run_after=2024-11-18 00:00:00+00:00
[2024-11-18T20:26:46.098+0000] {processor.py:183} INFO - Processing /home/airflow/.local/lib/python3.11/site-packages/airflow/example_dags/example_branch_labels.py took 0.070 seconds
[2024-11-18T20:27:17.468+0000] {processor.py:161} INFO - Started process (PID=1009) to work on /home/airflow/.local/lib/python3.11/site-packages/airflow/example_dags/example_branch_labels.py
[2024-11-18T20:27:17.474+0000] {processor.py:830} INFO - Processing file /home/airflow/.local/lib/python3.11/site-packages/airflow/example_dags/example_branch_labels.py for tasks to queue
[2024-11-18T20:27:17.477+0000] {logging_mixin.py:188} INFO - [2024-11-18T20:27:17.476+0000] {dagbag.py:545} INFO - Filling up the DagBag from /home/airflow/.local/lib/python3.11/site-packages/airflow/example_dags/example_branch_labels.py
[2024-11-18T20:27:17.493+0000] {processor.py:840} INFO - DAG(s) 'example_branch_labels' retrieved from /home/airflow/.local/lib/python3.11/site-packages/airflow/example_dags/example_branch_labels.py
[2024-11-18T20:27:17.532+0000] {logging_mixin.py:188} INFO - [2024-11-18T20:27:17.531+0000] {dag.py:3089} INFO - Sync 1 DAGs
[2024-11-18T20:27:17.585+0000] {logging_mixin.py:188} INFO - [2024-11-18T20:27:17.584+0000] {dag.py:3947} INFO - Setting next_dagrun for example_branch_labels to 2024-11-17 00:00:00+00:00, run_after=2024-11-18 00:00:00+00:00
[2024-11-18T20:27:17.666+0000] {processor.py:183} INFO - Processing /home/airflow/.local/lib/python3.11/site-packages/airflow/example_dags/example_branch_labels.py took 0.208 seconds
[2024-11-18T20:27:48.239+0000] {processor.py:161} INFO - Started process (PID=1068) to work on /home/airflow/.local/lib/python3.11/site-packages/airflow/example_dags/example_branch_labels.py
[2024-11-18T20:27:48.240+0000] {processor.py:830} INFO - Processing file /home/airflow/.local/lib/python3.11/site-packages/airflow/example_dags/example_branch_labels.py for tasks to queue
[2024-11-18T20:27:48.245+0000] {logging_mixin.py:188} INFO - [2024-11-18T20:27:48.244+0000] {dagbag.py:545} INFO - Filling up the DagBag from /home/airflow/.local/lib/python3.11/site-packages/airflow/example_dags/example_branch_labels.py
[2024-11-18T20:27:48.276+0000] {processor.py:840} INFO - DAG(s) 'example_branch_labels' retrieved from /home/airflow/.local/lib/python3.11/site-packages/airflow/example_dags/example_branch_labels.py
[2024-11-18T20:27:48.326+0000] {logging_mixin.py:188} INFO - [2024-11-18T20:27:48.326+0000] {dag.py:3089} INFO - Sync 1 DAGs
[2024-11-18T20:27:48.369+0000] {logging_mixin.py:188} INFO - [2024-11-18T20:27:48.369+0000] {dag.py:3947} INFO - Setting next_dagrun for example_branch_labels to 2024-11-17 00:00:00+00:00, run_after=2024-11-18 00:00:00+00:00
[2024-11-18T20:27:48.424+0000] {processor.py:183} INFO - Processing /home/airflow/.local/lib/python3.11/site-packages/airflow/example_dags/example_branch_labels.py took 0.197 seconds
[2024-11-18T20:28:19.302+0000] {processor.py:161} INFO - Started process (PID=1128) to work on /home/airflow/.local/lib/python3.11/site-packages/airflow/example_dags/example_branch_labels.py
[2024-11-18T20:28:19.303+0000] {processor.py:830} INFO - Processing file /home/airflow/.local/lib/python3.11/site-packages/airflow/example_dags/example_branch_labels.py for tasks to queue
[2024-11-18T20:28:19.305+0000] {logging_mixin.py:188} INFO - [2024-11-18T20:28:19.305+0000] {dagbag.py:545} INFO - Filling up the DagBag from /home/airflow/.local/lib/python3.11/site-packages/airflow/example_dags/example_branch_labels.py
[2024-11-18T20:28:19.313+0000] {processor.py:840} INFO - DAG(s) 'example_branch_labels' retrieved from /home/airflow/.local/lib/python3.11/site-packages/airflow/example_dags/example_branch_labels.py
[2024-11-18T20:28:19.335+0000] {logging_mixin.py:188} INFO - [2024-11-18T20:28:19.334+0000] {dag.py:3089} INFO - Sync 1 DAGs
[2024-11-18T20:28:19.358+0000] {logging_mixin.py:188} INFO - [2024-11-18T20:28:19.358+0000] {dag.py:3947} INFO - Setting next_dagrun for example_branch_labels to 2024-11-17 00:00:00+00:00, run_after=2024-11-18 00:00:00+00:00
[2024-11-18T20:28:19.378+0000] {processor.py:183} INFO - Processing /home/airflow/.local/lib/python3.11/site-packages/airflow/example_dags/example_branch_labels.py took 0.081 seconds
[2024-11-18T20:28:49.578+0000] {processor.py:161} INFO - Started process (PID=1187) to work on /home/airflow/.local/lib/python3.11/site-packages/airflow/example_dags/example_branch_labels.py
[2024-11-18T20:28:49.579+0000] {processor.py:830} INFO - Processing file /home/airflow/.local/lib/python3.11/site-packages/airflow/example_dags/example_branch_labels.py for tasks to queue
[2024-11-18T20:28:49.580+0000] {logging_mixin.py:188} INFO - [2024-11-18T20:28:49.580+0000] {dagbag.py:545} INFO - Filling up the DagBag from /home/airflow/.local/lib/python3.11/site-packages/airflow/example_dags/example_branch_labels.py
[2024-11-18T20:28:49.587+0000] {processor.py:840} INFO - DAG(s) 'example_branch_labels' retrieved from /home/airflow/.local/lib/python3.11/site-packages/airflow/example_dags/example_branch_labels.py
[2024-11-18T20:28:49.610+0000] {logging_mixin.py:188} INFO - [2024-11-18T20:28:49.609+0000] {dag.py:3089} INFO - Sync 1 DAGs
[2024-11-18T20:28:49.633+0000] {logging_mixin.py:188} INFO - [2024-11-18T20:28:49.633+0000] {dag.py:3947} INFO - Setting next_dagrun for example_branch_labels to 2024-11-17 00:00:00+00:00, run_after=2024-11-18 00:00:00+00:00
[2024-11-18T20:28:49.655+0000] {processor.py:183} INFO - Processing /home/airflow/.local/lib/python3.11/site-packages/airflow/example_dags/example_branch_labels.py took 0.084 seconds
[2024-11-18T20:29:19.948+0000] {processor.py:161} INFO - Started process (PID=1246) to work on /home/airflow/.local/lib/python3.11/site-packages/airflow/example_dags/example_branch_labels.py
[2024-11-18T20:29:19.949+0000] {processor.py:830} INFO - Processing file /home/airflow/.local/lib/python3.11/site-packages/airflow/example_dags/example_branch_labels.py for tasks to queue
[2024-11-18T20:29:19.951+0000] {logging_mixin.py:188} INFO - [2024-11-18T20:29:19.951+0000] {dagbag.py:545} INFO - Filling up the DagBag from /home/airflow/.local/lib/python3.11/site-packages/airflow/example_dags/example_branch_labels.py
[2024-11-18T20:29:19.961+0000] {processor.py:840} INFO - DAG(s) 'example_branch_labels' retrieved from /home/airflow/.local/lib/python3.11/site-packages/airflow/example_dags/example_branch_labels.py
[2024-11-18T20:29:19.992+0000] {logging_mixin.py:188} INFO - [2024-11-18T20:29:19.991+0000] {dag.py:3089} INFO - Sync 1 DAGs
[2024-11-18T20:29:20.025+0000] {logging_mixin.py:188} INFO - [2024-11-18T20:29:20.024+0000] {dag.py:3947} INFO - Setting next_dagrun for example_branch_labels to 2024-11-17 00:00:00+00:00, run_after=2024-11-18 00:00:00+00:00
[2024-11-18T20:29:20.049+0000] {processor.py:183} INFO - Processing /home/airflow/.local/lib/python3.11/site-packages/airflow/example_dags/example_branch_labels.py took 0.108 seconds
[2024-11-18T20:29:50.288+0000] {processor.py:161} INFO - Started process (PID=1305) to work on /home/airflow/.local/lib/python3.11/site-packages/airflow/example_dags/example_branch_labels.py
[2024-11-18T20:29:50.289+0000] {processor.py:830} INFO - Processing file /home/airflow/.local/lib/python3.11/site-packages/airflow/example_dags/example_branch_labels.py for tasks to queue
[2024-11-18T20:29:50.293+0000] {logging_mixin.py:188} INFO - [2024-11-18T20:29:50.292+0000] {dagbag.py:545} INFO - Filling up the DagBag from /home/airflow/.local/lib/python3.11/site-packages/airflow/example_dags/example_branch_labels.py
[2024-11-18T20:29:50.300+0000] {processor.py:840} INFO - DAG(s) 'example_branch_labels' retrieved from /home/airflow/.local/lib/python3.11/site-packages/airflow/example_dags/example_branch_labels.py
[2024-11-18T20:29:50.320+0000] {logging_mixin.py:188} INFO - [2024-11-18T20:29:50.320+0000] {dag.py:3089} INFO - Sync 1 DAGs
[2024-11-18T20:29:50.338+0000] {logging_mixin.py:188} INFO - [2024-11-18T20:29:50.338+0000] {dag.py:3947} INFO - Setting next_dagrun for example_branch_labels to 2024-11-17 00:00:00+00:00, run_after=2024-11-18 00:00:00+00:00
[2024-11-18T20:29:50.355+0000] {processor.py:183} INFO - Processing /home/airflow/.local/lib/python3.11/site-packages/airflow/example_dags/example_branch_labels.py took 0.073 seconds
[2024-11-18T20:30:20.480+0000] {processor.py:161} INFO - Started process (PID=1364) to work on /home/airflow/.local/lib/python3.11/site-packages/airflow/example_dags/example_branch_labels.py
[2024-11-18T20:30:20.481+0000] {processor.py:830} INFO - Processing file /home/airflow/.local/lib/python3.11/site-packages/airflow/example_dags/example_branch_labels.py for tasks to queue
[2024-11-18T20:30:20.485+0000] {logging_mixin.py:188} INFO - [2024-11-18T20:30:20.484+0000] {dagbag.py:545} INFO - Filling up the DagBag from /home/airflow/.local/lib/python3.11/site-packages/airflow/example_dags/example_branch_labels.py
[2024-11-18T20:30:20.494+0000] {processor.py:840} INFO - DAG(s) 'example_branch_labels' retrieved from /home/airflow/.local/lib/python3.11/site-packages/airflow/example_dags/example_branch_labels.py
[2024-11-18T20:30:20.520+0000] {logging_mixin.py:188} INFO - [2024-11-18T20:30:20.519+0000] {dag.py:3089} INFO - Sync 1 DAGs
[2024-11-18T20:30:20.546+0000] {logging_mixin.py:188} INFO - [2024-11-18T20:30:20.546+0000] {dag.py:3947} INFO - Setting next_dagrun for example_branch_labels to 2024-11-17 00:00:00+00:00, run_after=2024-11-18 00:00:00+00:00
[2024-11-18T20:30:20.570+0000] {processor.py:183} INFO - Processing /home/airflow/.local/lib/python3.11/site-packages/airflow/example_dags/example_branch_labels.py took 0.097 seconds
[2024-11-18T20:30:50.651+0000] {processor.py:161} INFO - Started process (PID=1424) to work on /home/airflow/.local/lib/python3.11/site-packages/airflow/example_dags/example_branch_labels.py
[2024-11-18T20:30:50.653+0000] {processor.py:830} INFO - Processing file /home/airflow/.local/lib/python3.11/site-packages/airflow/example_dags/example_branch_labels.py for tasks to queue
[2024-11-18T20:30:50.655+0000] {logging_mixin.py:188} INFO - [2024-11-18T20:30:50.654+0000] {dagbag.py:545} INFO - Filling up the DagBag from /home/airflow/.local/lib/python3.11/site-packages/airflow/example_dags/example_branch_labels.py
[2024-11-18T20:30:50.662+0000] {processor.py:840} INFO - DAG(s) 'example_branch_labels' retrieved from /home/airflow/.local/lib/python3.11/site-packages/airflow/example_dags/example_branch_labels.py
[2024-11-18T20:30:50.693+0000] {logging_mixin.py:188} INFO - [2024-11-18T20:30:50.693+0000] {dag.py:3089} INFO - Sync 1 DAGs
[2024-11-18T20:30:50.721+0000] {logging_mixin.py:188} INFO - [2024-11-18T20:30:50.721+0000] {dag.py:3947} INFO - Setting next_dagrun for example_branch_labels to 2024-11-17 00:00:00+00:00, run_after=2024-11-18 00:00:00+00:00
[2024-11-18T20:30:50.743+0000] {processor.py:183} INFO - Processing /home/airflow/.local/lib/python3.11/site-packages/airflow/example_dags/example_branch_labels.py took 0.098 seconds
[2024-11-18T20:31:20.862+0000] {processor.py:161} INFO - Started process (PID=1483) to work on /home/airflow/.local/lib/python3.11/site-packages/airflow/example_dags/example_branch_labels.py
[2024-11-18T20:31:20.864+0000] {processor.py:830} INFO - Processing file /home/airflow/.local/lib/python3.11/site-packages/airflow/example_dags/example_branch_labels.py for tasks to queue
[2024-11-18T20:31:20.866+0000] {logging_mixin.py:188} INFO - [2024-11-18T20:31:20.866+0000] {dagbag.py:545} INFO - Filling up the DagBag from /home/airflow/.local/lib/python3.11/site-packages/airflow/example_dags/example_branch_labels.py
[2024-11-18T20:31:20.874+0000] {processor.py:840} INFO - DAG(s) 'example_branch_labels' retrieved from /home/airflow/.local/lib/python3.11/site-packages/airflow/example_dags/example_branch_labels.py
[2024-11-18T20:31:20.901+0000] {logging_mixin.py:188} INFO - [2024-11-18T20:31:20.901+0000] {dag.py:3089} INFO - Sync 1 DAGs
[2024-11-18T20:31:20.927+0000] {logging_mixin.py:188} INFO - [2024-11-18T20:31:20.927+0000] {dag.py:3947} INFO - Setting next_dagrun for example_branch_labels to 2024-11-17 00:00:00+00:00, run_after=2024-11-18 00:00:00+00:00
[2024-11-18T20:31:20.951+0000] {processor.py:183} INFO - Processing /home/airflow/.local/lib/python3.11/site-packages/airflow/example_dags/example_branch_labels.py took 0.094 seconds
[2024-11-18T20:31:51.018+0000] {processor.py:161} INFO - Started process (PID=1541) to work on /home/airflow/.local/lib/python3.11/site-packages/airflow/example_dags/example_branch_labels.py
[2024-11-18T20:31:51.019+0000] {processor.py:830} INFO - Processing file /home/airflow/.local/lib/python3.11/site-packages/airflow/example_dags/example_branch_labels.py for tasks to queue
[2024-11-18T20:31:51.020+0000] {logging_mixin.py:188} INFO - [2024-11-18T20:31:51.020+0000] {dagbag.py:545} INFO - Filling up the DagBag from /home/airflow/.local/lib/python3.11/site-packages/airflow/example_dags/example_branch_labels.py
[2024-11-18T20:31:51.027+0000] {processor.py:840} INFO - DAG(s) 'example_branch_labels' retrieved from /home/airflow/.local/lib/python3.11/site-packages/airflow/example_dags/example_branch_labels.py
[2024-11-18T20:31:51.045+0000] {logging_mixin.py:188} INFO - [2024-11-18T20:31:51.045+0000] {dag.py:3089} INFO - Sync 1 DAGs
[2024-11-18T20:31:51.064+0000] {logging_mixin.py:188} INFO - [2024-11-18T20:31:51.064+0000] {dag.py:3947} INFO - Setting next_dagrun for example_branch_labels to 2024-11-17 00:00:00+00:00, run_after=2024-11-18 00:00:00+00:00
[2024-11-18T20:31:51.085+0000] {processor.py:183} INFO - Processing /home/airflow/.local/lib/python3.11/site-packages/airflow/example_dags/example_branch_labels.py took 0.072 seconds
[2024-11-18T20:32:21.789+0000] {processor.py:161} INFO - Started process (PID=1601) to work on /home/airflow/.local/lib/python3.11/site-packages/airflow/example_dags/example_branch_labels.py
[2024-11-18T20:32:21.790+0000] {processor.py:830} INFO - Processing file /home/airflow/.local/lib/python3.11/site-packages/airflow/example_dags/example_branch_labels.py for tasks to queue
[2024-11-18T20:32:21.792+0000] {logging_mixin.py:188} INFO - [2024-11-18T20:32:21.792+0000] {dagbag.py:545} INFO - Filling up the DagBag from /home/airflow/.local/lib/python3.11/site-packages/airflow/example_dags/example_branch_labels.py
[2024-11-18T20:32:21.798+0000] {processor.py:840} INFO - DAG(s) 'example_branch_labels' retrieved from /home/airflow/.local/lib/python3.11/site-packages/airflow/example_dags/example_branch_labels.py
[2024-11-18T20:32:21.818+0000] {logging_mixin.py:188} INFO - [2024-11-18T20:32:21.817+0000] {dag.py:3089} INFO - Sync 1 DAGs
[2024-11-18T20:32:21.838+0000] {logging_mixin.py:188} INFO - [2024-11-18T20:32:21.837+0000] {dag.py:3947} INFO - Setting next_dagrun for example_branch_labels to 2024-11-17 00:00:00+00:00, run_after=2024-11-18 00:00:00+00:00
[2024-11-18T20:32:21.853+0000] {processor.py:183} INFO - Processing /home/airflow/.local/lib/python3.11/site-packages/airflow/example_dags/example_branch_labels.py took 0.069 seconds
[2024-11-18T20:32:53.121+0000] {processor.py:161} INFO - Started process (PID=1660) to work on /home/airflow/.local/lib/python3.11/site-packages/airflow/example_dags/example_branch_labels.py
[2024-11-18T20:32:53.137+0000] {processor.py:830} INFO - Processing file /home/airflow/.local/lib/python3.11/site-packages/airflow/example_dags/example_branch_labels.py for tasks to queue
[2024-11-18T20:32:53.140+0000] {logging_mixin.py:188} INFO - [2024-11-18T20:32:53.139+0000] {dagbag.py:545} INFO - Filling up the DagBag from /home/airflow/.local/lib/python3.11/site-packages/airflow/example_dags/example_branch_labels.py
[2024-11-18T20:32:53.159+0000] {processor.py:840} INFO - DAG(s) 'example_branch_labels' retrieved from /home/airflow/.local/lib/python3.11/site-packages/airflow/example_dags/example_branch_labels.py
[2024-11-18T20:32:53.241+0000] {logging_mixin.py:188} INFO - [2024-11-18T20:32:53.240+0000] {dag.py:3089} INFO - Sync 1 DAGs
[2024-11-18T20:32:53.298+0000] {logging_mixin.py:188} INFO - [2024-11-18T20:32:53.297+0000] {dag.py:3947} INFO - Setting next_dagrun for example_branch_labels to 2024-11-17 00:00:00+00:00, run_after=2024-11-18 00:00:00+00:00
[2024-11-18T20:32:53.365+0000] {processor.py:183} INFO - Processing /home/airflow/.local/lib/python3.11/site-packages/airflow/example_dags/example_branch_labels.py took 0.262 seconds
[2024-11-18T20:33:23.782+0000] {processor.py:161} INFO - Started process (PID=1719) to work on /home/airflow/.local/lib/python3.11/site-packages/airflow/example_dags/example_branch_labels.py
[2024-11-18T20:33:23.784+0000] {processor.py:830} INFO - Processing file /home/airflow/.local/lib/python3.11/site-packages/airflow/example_dags/example_branch_labels.py for tasks to queue
[2024-11-18T20:33:23.788+0000] {logging_mixin.py:188} INFO - [2024-11-18T20:33:23.788+0000] {dagbag.py:545} INFO - Filling up the DagBag from /home/airflow/.local/lib/python3.11/site-packages/airflow/example_dags/example_branch_labels.py
[2024-11-18T20:33:23.834+0000] {processor.py:840} INFO - DAG(s) 'example_branch_labels' retrieved from /home/airflow/.local/lib/python3.11/site-packages/airflow/example_dags/example_branch_labels.py
[2024-11-18T20:33:23.897+0000] {logging_mixin.py:188} INFO - [2024-11-18T20:33:23.897+0000] {dag.py:3089} INFO - Sync 1 DAGs
[2024-11-18T20:33:23.942+0000] {logging_mixin.py:188} INFO - [2024-11-18T20:33:23.942+0000] {dag.py:3947} INFO - Setting next_dagrun for example_branch_labels to 2024-11-17 00:00:00+00:00, run_after=2024-11-18 00:00:00+00:00
[2024-11-18T20:33:23.977+0000] {processor.py:183} INFO - Processing /home/airflow/.local/lib/python3.11/site-packages/airflow/example_dags/example_branch_labels.py took 0.204 seconds
[2024-11-18T20:33:54.600+0000] {processor.py:161} INFO - Started process (PID=1778) to work on /home/airflow/.local/lib/python3.11/site-packages/airflow/example_dags/example_branch_labels.py
[2024-11-18T20:33:54.601+0000] {processor.py:830} INFO - Processing file /home/airflow/.local/lib/python3.11/site-packages/airflow/example_dags/example_branch_labels.py for tasks to queue
[2024-11-18T20:33:54.604+0000] {logging_mixin.py:188} INFO - [2024-11-18T20:33:54.604+0000] {dagbag.py:545} INFO - Filling up the DagBag from /home/airflow/.local/lib/python3.11/site-packages/airflow/example_dags/example_branch_labels.py
[2024-11-18T20:33:54.614+0000] {processor.py:840} INFO - DAG(s) 'example_branch_labels' retrieved from /home/airflow/.local/lib/python3.11/site-packages/airflow/example_dags/example_branch_labels.py
[2024-11-18T20:33:54.656+0000] {logging_mixin.py:188} INFO - [2024-11-18T20:33:54.655+0000] {dag.py:3089} INFO - Sync 1 DAGs
[2024-11-18T20:33:54.697+0000] {logging_mixin.py:188} INFO - [2024-11-18T20:33:54.697+0000] {dag.py:3947} INFO - Setting next_dagrun for example_branch_labels to 2024-11-17 00:00:00+00:00, run_after=2024-11-18 00:00:00+00:00
[2024-11-18T20:33:54.749+0000] {processor.py:183} INFO - Processing /home/airflow/.local/lib/python3.11/site-packages/airflow/example_dags/example_branch_labels.py took 0.163 seconds
[2024-11-18T20:34:25.652+0000] {processor.py:161} INFO - Started process (PID=1837) to work on /home/airflow/.local/lib/python3.11/site-packages/airflow/example_dags/example_branch_labels.py
[2024-11-18T20:34:25.653+0000] {processor.py:830} INFO - Processing file /home/airflow/.local/lib/python3.11/site-packages/airflow/example_dags/example_branch_labels.py for tasks to queue
[2024-11-18T20:34:25.655+0000] {logging_mixin.py:188} INFO - [2024-11-18T20:34:25.655+0000] {dagbag.py:545} INFO - Filling up the DagBag from /home/airflow/.local/lib/python3.11/site-packages/airflow/example_dags/example_branch_labels.py
[2024-11-18T20:34:25.661+0000] {processor.py:840} INFO - DAG(s) 'example_branch_labels' retrieved from /home/airflow/.local/lib/python3.11/site-packages/airflow/example_dags/example_branch_labels.py
[2024-11-18T20:34:25.679+0000] {logging_mixin.py:188} INFO - [2024-11-18T20:34:25.679+0000] {dag.py:3089} INFO - Sync 1 DAGs
[2024-11-18T20:34:25.698+0000] {logging_mixin.py:188} INFO - [2024-11-18T20:34:25.698+0000] {dag.py:3947} INFO - Setting next_dagrun for example_branch_labels to 2024-11-17 00:00:00+00:00, run_after=2024-11-18 00:00:00+00:00
[2024-11-18T20:34:25.719+0000] {processor.py:183} INFO - Processing /home/airflow/.local/lib/python3.11/site-packages/airflow/example_dags/example_branch_labels.py took 0.071 seconds
[2024-11-18T20:34:56.118+0000] {processor.py:161} INFO - Started process (PID=1896) to work on /home/airflow/.local/lib/python3.11/site-packages/airflow/example_dags/example_branch_labels.py
[2024-11-18T20:34:56.119+0000] {processor.py:830} INFO - Processing file /home/airflow/.local/lib/python3.11/site-packages/airflow/example_dags/example_branch_labels.py for tasks to queue
[2024-11-18T20:34:56.120+0000] {logging_mixin.py:188} INFO - [2024-11-18T20:34:56.120+0000] {dagbag.py:545} INFO - Filling up the DagBag from /home/airflow/.local/lib/python3.11/site-packages/airflow/example_dags/example_branch_labels.py
[2024-11-18T20:34:56.126+0000] {processor.py:840} INFO - DAG(s) 'example_branch_labels' retrieved from /home/airflow/.local/lib/python3.11/site-packages/airflow/example_dags/example_branch_labels.py
[2024-11-18T20:34:56.145+0000] {logging_mixin.py:188} INFO - [2024-11-18T20:34:56.145+0000] {dag.py:3089} INFO - Sync 1 DAGs
[2024-11-18T20:34:56.163+0000] {logging_mixin.py:188} INFO - [2024-11-18T20:34:56.163+0000] {dag.py:3947} INFO - Setting next_dagrun for example_branch_labels to 2024-11-17 00:00:00+00:00, run_after=2024-11-18 00:00:00+00:00
[2024-11-18T20:34:56.192+0000] {processor.py:183} INFO - Processing /home/airflow/.local/lib/python3.11/site-packages/airflow/example_dags/example_branch_labels.py took 0.080 seconds
[2024-11-18T20:35:26.435+0000] {processor.py:161} INFO - Started process (PID=1955) to work on /home/airflow/.local/lib/python3.11/site-packages/airflow/example_dags/example_branch_labels.py
[2024-11-18T20:35:26.436+0000] {processor.py:830} INFO - Processing file /home/airflow/.local/lib/python3.11/site-packages/airflow/example_dags/example_branch_labels.py for tasks to queue
[2024-11-18T20:35:26.438+0000] {logging_mixin.py:188} INFO - [2024-11-18T20:35:26.437+0000] {dagbag.py:545} INFO - Filling up the DagBag from /home/airflow/.local/lib/python3.11/site-packages/airflow/example_dags/example_branch_labels.py
[2024-11-18T20:35:26.444+0000] {processor.py:840} INFO - DAG(s) 'example_branch_labels' retrieved from /home/airflow/.local/lib/python3.11/site-packages/airflow/example_dags/example_branch_labels.py
[2024-11-18T20:35:26.464+0000] {logging_mixin.py:188} INFO - [2024-11-18T20:35:26.464+0000] {dag.py:3089} INFO - Sync 1 DAGs
[2024-11-18T20:35:26.484+0000] {logging_mixin.py:188} INFO - [2024-11-18T20:35:26.484+0000] {dag.py:3947} INFO - Setting next_dagrun for example_branch_labels to 2024-11-17 00:00:00+00:00, run_after=2024-11-18 00:00:00+00:00
[2024-11-18T20:35:26.509+0000] {processor.py:183} INFO - Processing /home/airflow/.local/lib/python3.11/site-packages/airflow/example_dags/example_branch_labels.py took 0.079 seconds
[2024-11-18T20:35:57.257+0000] {processor.py:161} INFO - Started process (PID=2014) to work on /home/airflow/.local/lib/python3.11/site-packages/airflow/example_dags/example_branch_labels.py
[2024-11-18T20:35:57.259+0000] {processor.py:830} INFO - Processing file /home/airflow/.local/lib/python3.11/site-packages/airflow/example_dags/example_branch_labels.py for tasks to queue
[2024-11-18T20:35:57.265+0000] {logging_mixin.py:188} INFO - [2024-11-18T20:35:57.265+0000] {dagbag.py:545} INFO - Filling up the DagBag from /home/airflow/.local/lib/python3.11/site-packages/airflow/example_dags/example_branch_labels.py
[2024-11-18T20:35:57.299+0000] {processor.py:840} INFO - DAG(s) 'example_branch_labels' retrieved from /home/airflow/.local/lib/python3.11/site-packages/airflow/example_dags/example_branch_labels.py
[2024-11-18T20:35:57.383+0000] {logging_mixin.py:188} INFO - [2024-11-18T20:35:57.375+0000] {dag.py:3089} INFO - Sync 1 DAGs
[2024-11-18T20:35:57.455+0000] {logging_mixin.py:188} INFO - [2024-11-18T20:35:57.454+0000] {dag.py:3947} INFO - Setting next_dagrun for example_branch_labels to 2024-11-17 00:00:00+00:00, run_after=2024-11-18 00:00:00+00:00
[2024-11-18T20:35:57.507+0000] {processor.py:183} INFO - Processing /home/airflow/.local/lib/python3.11/site-packages/airflow/example_dags/example_branch_labels.py took 0.264 seconds
[2024-11-18T20:36:27.821+0000] {processor.py:161} INFO - Started process (PID=2072) to work on /home/airflow/.local/lib/python3.11/site-packages/airflow/example_dags/example_branch_labels.py
[2024-11-18T20:36:27.822+0000] {processor.py:830} INFO - Processing file /home/airflow/.local/lib/python3.11/site-packages/airflow/example_dags/example_branch_labels.py for tasks to queue
[2024-11-18T20:36:27.825+0000] {logging_mixin.py:188} INFO - [2024-11-18T20:36:27.824+0000] {dagbag.py:545} INFO - Filling up the DagBag from /home/airflow/.local/lib/python3.11/site-packages/airflow/example_dags/example_branch_labels.py
[2024-11-18T20:36:27.834+0000] {processor.py:840} INFO - DAG(s) 'example_branch_labels' retrieved from /home/airflow/.local/lib/python3.11/site-packages/airflow/example_dags/example_branch_labels.py
[2024-11-18T20:36:27.861+0000] {logging_mixin.py:188} INFO - [2024-11-18T20:36:27.861+0000] {dag.py:3089} INFO - Sync 1 DAGs
[2024-11-18T20:36:27.896+0000] {logging_mixin.py:188} INFO - [2024-11-18T20:36:27.895+0000] {dag.py:3947} INFO - Setting next_dagrun for example_branch_labels to 2024-11-17 00:00:00+00:00, run_after=2024-11-18 00:00:00+00:00
[2024-11-18T20:36:27.925+0000] {processor.py:183} INFO - Processing /home/airflow/.local/lib/python3.11/site-packages/airflow/example_dags/example_branch_labels.py took 0.113 seconds
[2024-11-18T20:36:58.246+0000] {processor.py:161} INFO - Started process (PID=2132) to work on /home/airflow/.local/lib/python3.11/site-packages/airflow/example_dags/example_branch_labels.py
[2024-11-18T20:36:58.247+0000] {processor.py:830} INFO - Processing file /home/airflow/.local/lib/python3.11/site-packages/airflow/example_dags/example_branch_labels.py for tasks to queue
[2024-11-18T20:36:58.251+0000] {logging_mixin.py:188} INFO - [2024-11-18T20:36:58.250+0000] {dagbag.py:545} INFO - Filling up the DagBag from /home/airflow/.local/lib/python3.11/site-packages/airflow/example_dags/example_branch_labels.py
[2024-11-18T20:36:58.262+0000] {processor.py:840} INFO - DAG(s) 'example_branch_labels' retrieved from /home/airflow/.local/lib/python3.11/site-packages/airflow/example_dags/example_branch_labels.py
[2024-11-18T20:36:58.293+0000] {logging_mixin.py:188} INFO - [2024-11-18T20:36:58.292+0000] {dag.py:3089} INFO - Sync 1 DAGs
[2024-11-18T20:36:58.328+0000] {logging_mixin.py:188} INFO - [2024-11-18T20:36:58.327+0000] {dag.py:3947} INFO - Setting next_dagrun for example_branch_labels to 2024-11-17 00:00:00+00:00, run_after=2024-11-18 00:00:00+00:00
[2024-11-18T20:36:58.363+0000] {processor.py:183} INFO - Processing /home/airflow/.local/lib/python3.11/site-packages/airflow/example_dags/example_branch_labels.py took 0.122 seconds
[2024-11-18T20:37:29.242+0000] {processor.py:161} INFO - Started process (PID=2191) to work on /home/airflow/.local/lib/python3.11/site-packages/airflow/example_dags/example_branch_labels.py
[2024-11-18T20:37:29.244+0000] {processor.py:830} INFO - Processing file /home/airflow/.local/lib/python3.11/site-packages/airflow/example_dags/example_branch_labels.py for tasks to queue
[2024-11-18T20:37:29.245+0000] {logging_mixin.py:188} INFO - [2024-11-18T20:37:29.245+0000] {dagbag.py:545} INFO - Filling up the DagBag from /home/airflow/.local/lib/python3.11/site-packages/airflow/example_dags/example_branch_labels.py
[2024-11-18T20:37:29.253+0000] {processor.py:840} INFO - DAG(s) 'example_branch_labels' retrieved from /home/airflow/.local/lib/python3.11/site-packages/airflow/example_dags/example_branch_labels.py
[2024-11-18T20:37:29.271+0000] {logging_mixin.py:188} INFO - [2024-11-18T20:37:29.270+0000] {dag.py:3089} INFO - Sync 1 DAGs
[2024-11-18T20:37:29.290+0000] {logging_mixin.py:188} INFO - [2024-11-18T20:37:29.290+0000] {dag.py:3947} INFO - Setting next_dagrun for example_branch_labels to 2024-11-17 00:00:00+00:00, run_after=2024-11-18 00:00:00+00:00
[2024-11-18T20:37:29.310+0000] {processor.py:183} INFO - Processing /home/airflow/.local/lib/python3.11/site-packages/airflow/example_dags/example_branch_labels.py took 0.073 seconds
[2024-11-18T20:37:59.600+0000] {processor.py:161} INFO - Started process (PID=2250) to work on /home/airflow/.local/lib/python3.11/site-packages/airflow/example_dags/example_branch_labels.py
[2024-11-18T20:37:59.601+0000] {processor.py:830} INFO - Processing file /home/airflow/.local/lib/python3.11/site-packages/airflow/example_dags/example_branch_labels.py for tasks to queue
[2024-11-18T20:37:59.603+0000] {logging_mixin.py:188} INFO - [2024-11-18T20:37:59.603+0000] {dagbag.py:545} INFO - Filling up the DagBag from /home/airflow/.local/lib/python3.11/site-packages/airflow/example_dags/example_branch_labels.py
[2024-11-18T20:37:59.613+0000] {processor.py:840} INFO - DAG(s) 'example_branch_labels' retrieved from /home/airflow/.local/lib/python3.11/site-packages/airflow/example_dags/example_branch_labels.py
[2024-11-18T20:37:59.641+0000] {logging_mixin.py:188} INFO - [2024-11-18T20:37:59.640+0000] {dag.py:3089} INFO - Sync 1 DAGs
[2024-11-18T20:37:59.669+0000] {logging_mixin.py:188} INFO - [2024-11-18T20:37:59.669+0000] {dag.py:3947} INFO - Setting next_dagrun for example_branch_labels to 2024-11-17 00:00:00+00:00, run_after=2024-11-18 00:00:00+00:00
[2024-11-18T20:37:59.699+0000] {processor.py:183} INFO - Processing /home/airflow/.local/lib/python3.11/site-packages/airflow/example_dags/example_branch_labels.py took 0.106 seconds
[2024-11-18T20:38:29.752+0000] {processor.py:161} INFO - Started process (PID=2312) to work on /home/airflow/.local/lib/python3.11/site-packages/airflow/example_dags/example_branch_labels.py
[2024-11-18T20:38:29.753+0000] {processor.py:830} INFO - Processing file /home/airflow/.local/lib/python3.11/site-packages/airflow/example_dags/example_branch_labels.py for tasks to queue
[2024-11-18T20:38:29.755+0000] {logging_mixin.py:188} INFO - [2024-11-18T20:38:29.755+0000] {dagbag.py:545} INFO - Filling up the DagBag from /home/airflow/.local/lib/python3.11/site-packages/airflow/example_dags/example_branch_labels.py
[2024-11-18T20:38:29.763+0000] {processor.py:840} INFO - DAG(s) 'example_branch_labels' retrieved from /home/airflow/.local/lib/python3.11/site-packages/airflow/example_dags/example_branch_labels.py
[2024-11-18T20:38:29.787+0000] {logging_mixin.py:188} INFO - [2024-11-18T20:38:29.787+0000] {dag.py:3089} INFO - Sync 1 DAGs
[2024-11-18T20:38:29.811+0000] {logging_mixin.py:188} INFO - [2024-11-18T20:38:29.811+0000] {dag.py:3947} INFO - Setting next_dagrun for example_branch_labels to 2024-11-17 00:00:00+00:00, run_after=2024-11-18 00:00:00+00:00
[2024-11-18T20:38:29.834+0000] {processor.py:183} INFO - Processing /home/airflow/.local/lib/python3.11/site-packages/airflow/example_dags/example_branch_labels.py took 0.090 seconds
[2024-11-18T20:38:59.942+0000] {processor.py:161} INFO - Started process (PID=2379) to work on /home/airflow/.local/lib/python3.11/site-packages/airflow/example_dags/example_branch_labels.py
[2024-11-18T20:38:59.943+0000] {processor.py:830} INFO - Processing file /home/airflow/.local/lib/python3.11/site-packages/airflow/example_dags/example_branch_labels.py for tasks to queue
[2024-11-18T20:38:59.945+0000] {logging_mixin.py:188} INFO - [2024-11-18T20:38:59.944+0000] {dagbag.py:545} INFO - Filling up the DagBag from /home/airflow/.local/lib/python3.11/site-packages/airflow/example_dags/example_branch_labels.py
[2024-11-18T20:38:59.952+0000] {processor.py:840} INFO - DAG(s) 'example_branch_labels' retrieved from /home/airflow/.local/lib/python3.11/site-packages/airflow/example_dags/example_branch_labels.py
[2024-11-18T20:38:59.971+0000] {logging_mixin.py:188} INFO - [2024-11-18T20:38:59.970+0000] {dag.py:3089} INFO - Sync 1 DAGs
[2024-11-18T20:38:59.995+0000] {logging_mixin.py:188} INFO - [2024-11-18T20:38:59.995+0000] {dag.py:3947} INFO - Setting next_dagrun for example_branch_labels to 2024-11-17 00:00:00+00:00, run_after=2024-11-18 00:00:00+00:00
[2024-11-18T20:39:00.025+0000] {processor.py:183} INFO - Processing /home/airflow/.local/lib/python3.11/site-packages/airflow/example_dags/example_branch_labels.py took 0.088 seconds
[2024-11-18T20:39:30.957+0000] {processor.py:161} INFO - Started process (PID=2439) to work on /home/airflow/.local/lib/python3.11/site-packages/airflow/example_dags/example_branch_labels.py
[2024-11-18T20:39:30.958+0000] {processor.py:830} INFO - Processing file /home/airflow/.local/lib/python3.11/site-packages/airflow/example_dags/example_branch_labels.py for tasks to queue
[2024-11-18T20:39:30.960+0000] {logging_mixin.py:188} INFO - [2024-11-18T20:39:30.960+0000] {dagbag.py:545} INFO - Filling up the DagBag from /home/airflow/.local/lib/python3.11/site-packages/airflow/example_dags/example_branch_labels.py
[2024-11-18T20:39:30.967+0000] {processor.py:840} INFO - DAG(s) 'example_branch_labels' retrieved from /home/airflow/.local/lib/python3.11/site-packages/airflow/example_dags/example_branch_labels.py
[2024-11-18T20:39:30.985+0000] {logging_mixin.py:188} INFO - [2024-11-18T20:39:30.984+0000] {dag.py:3089} INFO - Sync 1 DAGs
[2024-11-18T20:39:31.004+0000] {logging_mixin.py:188} INFO - [2024-11-18T20:39:31.004+0000] {dag.py:3947} INFO - Setting next_dagrun for example_branch_labels to 2024-11-17 00:00:00+00:00, run_after=2024-11-18 00:00:00+00:00
[2024-11-18T20:39:31.023+0000] {processor.py:183} INFO - Processing /home/airflow/.local/lib/python3.11/site-packages/airflow/example_dags/example_branch_labels.py took 0.070 seconds
[2024-11-18T20:40:01.786+0000] {processor.py:161} INFO - Started process (PID=2498) to work on /home/airflow/.local/lib/python3.11/site-packages/airflow/example_dags/example_branch_labels.py
[2024-11-18T20:40:01.787+0000] {processor.py:830} INFO - Processing file /home/airflow/.local/lib/python3.11/site-packages/airflow/example_dags/example_branch_labels.py for tasks to queue
[2024-11-18T20:40:01.789+0000] {logging_mixin.py:188} INFO - [2024-11-18T20:40:01.788+0000] {dagbag.py:545} INFO - Filling up the DagBag from /home/airflow/.local/lib/python3.11/site-packages/airflow/example_dags/example_branch_labels.py
[2024-11-18T20:40:01.795+0000] {processor.py:840} INFO - DAG(s) 'example_branch_labels' retrieved from /home/airflow/.local/lib/python3.11/site-packages/airflow/example_dags/example_branch_labels.py
[2024-11-18T20:40:01.812+0000] {logging_mixin.py:188} INFO - [2024-11-18T20:40:01.812+0000] {dag.py:3089} INFO - Sync 1 DAGs
[2024-11-18T20:40:01.830+0000] {logging_mixin.py:188} INFO - [2024-11-18T20:40:01.830+0000] {dag.py:3947} INFO - Setting next_dagrun for example_branch_labels to 2024-11-17 00:00:00+00:00, run_after=2024-11-18 00:00:00+00:00
[2024-11-18T20:40:01.848+0000] {processor.py:183} INFO - Processing /home/airflow/.local/lib/python3.11/site-packages/airflow/example_dags/example_branch_labels.py took 0.066 seconds
[2024-11-18T20:40:32.837+0000] {processor.py:161} INFO - Started process (PID=2557) to work on /home/airflow/.local/lib/python3.11/site-packages/airflow/example_dags/example_branch_labels.py
[2024-11-18T20:40:32.844+0000] {processor.py:830} INFO - Processing file /home/airflow/.local/lib/python3.11/site-packages/airflow/example_dags/example_branch_labels.py for tasks to queue
[2024-11-18T20:40:32.846+0000] {logging_mixin.py:188} INFO - [2024-11-18T20:40:32.846+0000] {dagbag.py:545} INFO - Filling up the DagBag from /home/airflow/.local/lib/python3.11/site-packages/airflow/example_dags/example_branch_labels.py
[2024-11-18T20:40:32.870+0000] {processor.py:840} INFO - DAG(s) 'example_branch_labels' retrieved from /home/airflow/.local/lib/python3.11/site-packages/airflow/example_dags/example_branch_labels.py
[2024-11-18T20:40:32.913+0000] {logging_mixin.py:188} INFO - [2024-11-18T20:40:32.912+0000] {dag.py:3089} INFO - Sync 1 DAGs
[2024-11-18T20:40:32.957+0000] {logging_mixin.py:188} INFO - [2024-11-18T20:40:32.956+0000] {dag.py:3947} INFO - Setting next_dagrun for example_branch_labels to 2024-11-17 00:00:00+00:00, run_after=2024-11-18 00:00:00+00:00
[2024-11-18T20:40:32.999+0000] {processor.py:183} INFO - Processing /home/airflow/.local/lib/python3.11/site-packages/airflow/example_dags/example_branch_labels.py took 0.183 seconds
[2024-11-18T20:43:55.816+0000] {processor.py:161} INFO - Started process (PID=72) to work on /home/airflow/.local/lib/python3.11/site-packages/airflow/example_dags/example_branch_labels.py
[2024-11-18T20:43:55.817+0000] {processor.py:830} INFO - Processing file /home/airflow/.local/lib/python3.11/site-packages/airflow/example_dags/example_branch_labels.py for tasks to queue
[2024-11-18T20:43:55.819+0000] {logging_mixin.py:188} INFO - [2024-11-18T20:43:55.819+0000] {dagbag.py:545} INFO - Filling up the DagBag from /home/airflow/.local/lib/python3.11/site-packages/airflow/example_dags/example_branch_labels.py
[2024-11-18T20:43:55.827+0000] {processor.py:840} INFO - DAG(s) 'example_branch_labels' retrieved from /home/airflow/.local/lib/python3.11/site-packages/airflow/example_dags/example_branch_labels.py
[2024-11-18T20:43:55.851+0000] {logging_mixin.py:188} INFO - [2024-11-18T20:43:55.851+0000] {dag.py:3089} INFO - Sync 1 DAGs
[2024-11-18T20:43:55.886+0000] {logging_mixin.py:188} INFO - [2024-11-18T20:43:55.885+0000] {dag.py:3947} INFO - Setting next_dagrun for example_branch_labels to 2024-11-17 00:00:00+00:00, run_after=2024-11-18 00:00:00+00:00
[2024-11-18T20:43:55.907+0000] {processor.py:183} INFO - Processing /home/airflow/.local/lib/python3.11/site-packages/airflow/example_dags/example_branch_labels.py took 0.089 seconds
[2024-11-18T20:44:26.830+0000] {processor.py:161} INFO - Started process (PID=131) to work on /home/airflow/.local/lib/python3.11/site-packages/airflow/example_dags/example_branch_labels.py
[2024-11-18T20:44:26.831+0000] {processor.py:830} INFO - Processing file /home/airflow/.local/lib/python3.11/site-packages/airflow/example_dags/example_branch_labels.py for tasks to queue
[2024-11-18T20:44:26.834+0000] {logging_mixin.py:188} INFO - [2024-11-18T20:44:26.833+0000] {dagbag.py:545} INFO - Filling up the DagBag from /home/airflow/.local/lib/python3.11/site-packages/airflow/example_dags/example_branch_labels.py
[2024-11-18T20:44:26.842+0000] {processor.py:840} INFO - DAG(s) 'example_branch_labels' retrieved from /home/airflow/.local/lib/python3.11/site-packages/airflow/example_dags/example_branch_labels.py
[2024-11-18T20:44:26.868+0000] {logging_mixin.py:188} INFO - [2024-11-18T20:44:26.868+0000] {dag.py:3089} INFO - Sync 1 DAGs
[2024-11-18T20:44:26.903+0000] {logging_mixin.py:188} INFO - [2024-11-18T20:44:26.903+0000] {dag.py:3947} INFO - Setting next_dagrun for example_branch_labels to 2024-11-17 00:00:00+00:00, run_after=2024-11-18 00:00:00+00:00
[2024-11-18T20:44:26.934+0000] {processor.py:183} INFO - Processing /home/airflow/.local/lib/python3.11/site-packages/airflow/example_dags/example_branch_labels.py took 0.111 seconds
[2024-11-18T20:44:57.067+0000] {processor.py:161} INFO - Started process (PID=189) to work on /home/airflow/.local/lib/python3.11/site-packages/airflow/example_dags/example_branch_labels.py
[2024-11-18T20:44:57.068+0000] {processor.py:830} INFO - Processing file /home/airflow/.local/lib/python3.11/site-packages/airflow/example_dags/example_branch_labels.py for tasks to queue
[2024-11-18T20:44:57.070+0000] {logging_mixin.py:188} INFO - [2024-11-18T20:44:57.070+0000] {dagbag.py:545} INFO - Filling up the DagBag from /home/airflow/.local/lib/python3.11/site-packages/airflow/example_dags/example_branch_labels.py
[2024-11-18T20:44:57.077+0000] {processor.py:840} INFO - DAG(s) 'example_branch_labels' retrieved from /home/airflow/.local/lib/python3.11/site-packages/airflow/example_dags/example_branch_labels.py
[2024-11-18T20:44:57.096+0000] {logging_mixin.py:188} INFO - [2024-11-18T20:44:57.096+0000] {dag.py:3089} INFO - Sync 1 DAGs
[2024-11-18T20:44:57.120+0000] {logging_mixin.py:188} INFO - [2024-11-18T20:44:57.119+0000] {dag.py:3947} INFO - Setting next_dagrun for example_branch_labels to 2024-11-17 00:00:00+00:00, run_after=2024-11-18 00:00:00+00:00
[2024-11-18T20:44:57.141+0000] {processor.py:183} INFO - Processing /home/airflow/.local/lib/python3.11/site-packages/airflow/example_dags/example_branch_labels.py took 0.078 seconds
[2024-11-18T20:45:27.741+0000] {processor.py:161} INFO - Started process (PID=248) to work on /home/airflow/.local/lib/python3.11/site-packages/airflow/example_dags/example_branch_labels.py
[2024-11-18T20:45:27.742+0000] {processor.py:830} INFO - Processing file /home/airflow/.local/lib/python3.11/site-packages/airflow/example_dags/example_branch_labels.py for tasks to queue
[2024-11-18T20:45:27.744+0000] {logging_mixin.py:188} INFO - [2024-11-18T20:45:27.744+0000] {dagbag.py:545} INFO - Filling up the DagBag from /home/airflow/.local/lib/python3.11/site-packages/airflow/example_dags/example_branch_labels.py
[2024-11-18T20:45:27.750+0000] {processor.py:840} INFO - DAG(s) 'example_branch_labels' retrieved from /home/airflow/.local/lib/python3.11/site-packages/airflow/example_dags/example_branch_labels.py
[2024-11-18T20:45:27.771+0000] {logging_mixin.py:188} INFO - [2024-11-18T20:45:27.771+0000] {dag.py:3089} INFO - Sync 1 DAGs
[2024-11-18T20:45:27.791+0000] {logging_mixin.py:188} INFO - [2024-11-18T20:45:27.791+0000] {dag.py:3947} INFO - Setting next_dagrun for example_branch_labels to 2024-11-17 00:00:00+00:00, run_after=2024-11-18 00:00:00+00:00
[2024-11-18T20:45:27.809+0000] {processor.py:183} INFO - Processing /home/airflow/.local/lib/python3.11/site-packages/airflow/example_dags/example_branch_labels.py took 0.074 seconds
[2024-11-18T20:45:58.102+0000] {processor.py:161} INFO - Started process (PID=307) to work on /home/airflow/.local/lib/python3.11/site-packages/airflow/example_dags/example_branch_labels.py
[2024-11-18T20:45:58.103+0000] {processor.py:830} INFO - Processing file /home/airflow/.local/lib/python3.11/site-packages/airflow/example_dags/example_branch_labels.py for tasks to queue
[2024-11-18T20:45:58.105+0000] {logging_mixin.py:188} INFO - [2024-11-18T20:45:58.104+0000] {dagbag.py:545} INFO - Filling up the DagBag from /home/airflow/.local/lib/python3.11/site-packages/airflow/example_dags/example_branch_labels.py
[2024-11-18T20:45:58.111+0000] {processor.py:840} INFO - DAG(s) 'example_branch_labels' retrieved from /home/airflow/.local/lib/python3.11/site-packages/airflow/example_dags/example_branch_labels.py
[2024-11-18T20:45:58.130+0000] {logging_mixin.py:188} INFO - [2024-11-18T20:45:58.130+0000] {dag.py:3089} INFO - Sync 1 DAGs
[2024-11-18T20:45:58.152+0000] {logging_mixin.py:188} INFO - [2024-11-18T20:45:58.152+0000] {dag.py:3947} INFO - Setting next_dagrun for example_branch_labels to 2024-11-17 00:00:00+00:00, run_after=2024-11-18 00:00:00+00:00
[2024-11-18T20:45:58.173+0000] {processor.py:183} INFO - Processing /home/airflow/.local/lib/python3.11/site-packages/airflow/example_dags/example_branch_labels.py took 0.076 seconds
[2024-11-18T20:46:28.381+0000] {processor.py:161} INFO - Started process (PID=366) to work on /home/airflow/.local/lib/python3.11/site-packages/airflow/example_dags/example_branch_labels.py
[2024-11-18T20:46:28.382+0000] {processor.py:830} INFO - Processing file /home/airflow/.local/lib/python3.11/site-packages/airflow/example_dags/example_branch_labels.py for tasks to queue
[2024-11-18T20:46:28.383+0000] {logging_mixin.py:188} INFO - [2024-11-18T20:46:28.383+0000] {dagbag.py:545} INFO - Filling up the DagBag from /home/airflow/.local/lib/python3.11/site-packages/airflow/example_dags/example_branch_labels.py
[2024-11-18T20:46:28.390+0000] {processor.py:840} INFO - DAG(s) 'example_branch_labels' retrieved from /home/airflow/.local/lib/python3.11/site-packages/airflow/example_dags/example_branch_labels.py
[2024-11-18T20:46:28.409+0000] {logging_mixin.py:188} INFO - [2024-11-18T20:46:28.408+0000] {dag.py:3089} INFO - Sync 1 DAGs
[2024-11-18T20:46:28.428+0000] {logging_mixin.py:188} INFO - [2024-11-18T20:46:28.428+0000] {dag.py:3947} INFO - Setting next_dagrun for example_branch_labels to 2024-11-17 00:00:00+00:00, run_after=2024-11-18 00:00:00+00:00
[2024-11-18T20:46:28.448+0000] {processor.py:183} INFO - Processing /home/airflow/.local/lib/python3.11/site-packages/airflow/example_dags/example_branch_labels.py took 0.072 seconds
[2024-11-18T20:46:58.583+0000] {processor.py:161} INFO - Started process (PID=425) to work on /home/airflow/.local/lib/python3.11/site-packages/airflow/example_dags/example_branch_labels.py
[2024-11-18T20:46:58.584+0000] {processor.py:830} INFO - Processing file /home/airflow/.local/lib/python3.11/site-packages/airflow/example_dags/example_branch_labels.py for tasks to queue
[2024-11-18T20:46:58.585+0000] {logging_mixin.py:188} INFO - [2024-11-18T20:46:58.585+0000] {dagbag.py:545} INFO - Filling up the DagBag from /home/airflow/.local/lib/python3.11/site-packages/airflow/example_dags/example_branch_labels.py
[2024-11-18T20:46:58.592+0000] {processor.py:840} INFO - DAG(s) 'example_branch_labels' retrieved from /home/airflow/.local/lib/python3.11/site-packages/airflow/example_dags/example_branch_labels.py
[2024-11-18T20:46:58.610+0000] {logging_mixin.py:188} INFO - [2024-11-18T20:46:58.610+0000] {dag.py:3089} INFO - Sync 1 DAGs
[2024-11-18T20:46:58.631+0000] {logging_mixin.py:188} INFO - [2024-11-18T20:46:58.631+0000] {dag.py:3947} INFO - Setting next_dagrun for example_branch_labels to 2024-11-17 00:00:00+00:00, run_after=2024-11-18 00:00:00+00:00
[2024-11-18T20:46:58.647+0000] {processor.py:183} INFO - Processing /home/airflow/.local/lib/python3.11/site-packages/airflow/example_dags/example_branch_labels.py took 0.070 seconds
[2024-11-18T20:48:16.655+0000] {processor.py:161} INFO - Started process (PID=61) to work on /home/airflow/.local/lib/python3.11/site-packages/airflow/example_dags/example_branch_labels.py
[2024-11-18T20:48:16.656+0000] {processor.py:830} INFO - Processing file /home/airflow/.local/lib/python3.11/site-packages/airflow/example_dags/example_branch_labels.py for tasks to queue
[2024-11-18T20:48:16.658+0000] {logging_mixin.py:188} INFO - [2024-11-18T20:48:16.658+0000] {dagbag.py:545} INFO - Filling up the DagBag from /home/airflow/.local/lib/python3.11/site-packages/airflow/example_dags/example_branch_labels.py
[2024-11-18T20:48:16.669+0000] {processor.py:840} INFO - DAG(s) 'example_branch_labels' retrieved from /home/airflow/.local/lib/python3.11/site-packages/airflow/example_dags/example_branch_labels.py
[2024-11-18T20:48:16.682+0000] {logging_mixin.py:188} INFO - [2024-11-18T20:48:16.681+0000] {dag.py:3089} INFO - Sync 1 DAGs
[2024-11-18T20:48:16.705+0000] {logging_mixin.py:188} INFO - [2024-11-18T20:48:16.705+0000] {dag.py:3947} INFO - Setting next_dagrun for example_branch_labels to 2024-11-17 00:00:00+00:00, run_after=2024-11-18 00:00:00+00:00
[2024-11-18T20:48:16.726+0000] {processor.py:183} INFO - Processing /home/airflow/.local/lib/python3.11/site-packages/airflow/example_dags/example_branch_labels.py took 0.076 seconds
[2024-11-18T20:48:47.396+0000] {processor.py:161} INFO - Started process (PID=120) to work on /home/airflow/.local/lib/python3.11/site-packages/airflow/example_dags/example_branch_labels.py
[2024-11-18T20:48:47.398+0000] {processor.py:830} INFO - Processing file /home/airflow/.local/lib/python3.11/site-packages/airflow/example_dags/example_branch_labels.py for tasks to queue
[2024-11-18T20:48:47.399+0000] {logging_mixin.py:188} INFO - [2024-11-18T20:48:47.399+0000] {dagbag.py:545} INFO - Filling up the DagBag from /home/airflow/.local/lib/python3.11/site-packages/airflow/example_dags/example_branch_labels.py
[2024-11-18T20:48:47.407+0000] {processor.py:840} INFO - DAG(s) 'example_branch_labels' retrieved from /home/airflow/.local/lib/python3.11/site-packages/airflow/example_dags/example_branch_labels.py
[2024-11-18T20:48:47.500+0000] {logging_mixin.py:188} INFO - [2024-11-18T20:48:47.499+0000] {dag.py:3089} INFO - Sync 1 DAGs
[2024-11-18T20:48:47.519+0000] {logging_mixin.py:188} INFO - [2024-11-18T20:48:47.519+0000] {dag.py:3947} INFO - Setting next_dagrun for example_branch_labels to 2024-11-17 00:00:00+00:00, run_after=2024-11-18 00:00:00+00:00
[2024-11-18T20:48:47.541+0000] {processor.py:183} INFO - Processing /home/airflow/.local/lib/python3.11/site-packages/airflow/example_dags/example_branch_labels.py took 0.150 seconds
[2024-11-18T20:49:17.656+0000] {processor.py:161} INFO - Started process (PID=179) to work on /home/airflow/.local/lib/python3.11/site-packages/airflow/example_dags/example_branch_labels.py
[2024-11-18T20:49:17.657+0000] {processor.py:830} INFO - Processing file /home/airflow/.local/lib/python3.11/site-packages/airflow/example_dags/example_branch_labels.py for tasks to queue
[2024-11-18T20:49:17.659+0000] {logging_mixin.py:188} INFO - [2024-11-18T20:49:17.658+0000] {dagbag.py:545} INFO - Filling up the DagBag from /home/airflow/.local/lib/python3.11/site-packages/airflow/example_dags/example_branch_labels.py
[2024-11-18T20:49:17.667+0000] {processor.py:840} INFO - DAG(s) 'example_branch_labels' retrieved from /home/airflow/.local/lib/python3.11/site-packages/airflow/example_dags/example_branch_labels.py
[2024-11-18T20:49:17.690+0000] {logging_mixin.py:188} INFO - [2024-11-18T20:49:17.690+0000] {dag.py:3089} INFO - Sync 1 DAGs
[2024-11-18T20:49:17.710+0000] {logging_mixin.py:188} INFO - [2024-11-18T20:49:17.709+0000] {dag.py:3947} INFO - Setting next_dagrun for example_branch_labels to 2024-11-17 00:00:00+00:00, run_after=2024-11-18 00:00:00+00:00
[2024-11-18T20:49:17.729+0000] {processor.py:183} INFO - Processing /home/airflow/.local/lib/python3.11/site-packages/airflow/example_dags/example_branch_labels.py took 0.079 seconds
[2024-11-18T20:50:38.544+0000] {processor.py:161} INFO - Started process (PID=66) to work on /home/airflow/.local/lib/python3.11/site-packages/airflow/example_dags/example_branch_labels.py
[2024-11-18T20:50:38.545+0000] {processor.py:830} INFO - Processing file /home/airflow/.local/lib/python3.11/site-packages/airflow/example_dags/example_branch_labels.py for tasks to queue
[2024-11-18T20:50:38.547+0000] {logging_mixin.py:188} INFO - [2024-11-18T20:50:38.547+0000] {dagbag.py:545} INFO - Filling up the DagBag from /home/airflow/.local/lib/python3.11/site-packages/airflow/example_dags/example_branch_labels.py
[2024-11-18T20:50:38.560+0000] {processor.py:840} INFO - DAG(s) 'example_branch_labels' retrieved from /home/airflow/.local/lib/python3.11/site-packages/airflow/example_dags/example_branch_labels.py
[2024-11-18T20:50:38.574+0000] {logging_mixin.py:188} INFO - [2024-11-18T20:50:38.574+0000] {dag.py:3089} INFO - Sync 1 DAGs
[2024-11-18T20:50:38.604+0000] {logging_mixin.py:188} INFO - [2024-11-18T20:50:38.604+0000] {dag.py:3947} INFO - Setting next_dagrun for example_branch_labels to 2024-11-17 00:00:00+00:00, run_after=2024-11-18 00:00:00+00:00
[2024-11-18T20:50:38.629+0000] {processor.py:183} INFO - Processing /home/airflow/.local/lib/python3.11/site-packages/airflow/example_dags/example_branch_labels.py took 0.092 seconds
[2024-11-18T20:51:10.583+0000] {processor.py:161} INFO - Started process (PID=131) to work on /home/airflow/.local/lib/python3.11/site-packages/airflow/example_dags/example_branch_labels.py
[2024-11-18T20:51:10.584+0000] {processor.py:830} INFO - Processing file /home/airflow/.local/lib/python3.11/site-packages/airflow/example_dags/example_branch_labels.py for tasks to queue
[2024-11-18T20:51:10.587+0000] {logging_mixin.py:188} INFO - [2024-11-18T20:51:10.587+0000] {dagbag.py:545} INFO - Filling up the DagBag from /home/airflow/.local/lib/python3.11/site-packages/airflow/example_dags/example_branch_labels.py
[2024-11-18T20:51:10.596+0000] {processor.py:840} INFO - DAG(s) 'example_branch_labels' retrieved from /home/airflow/.local/lib/python3.11/site-packages/airflow/example_dags/example_branch_labels.py
[2024-11-18T20:51:10.698+0000] {logging_mixin.py:188} INFO - [2024-11-18T20:51:10.698+0000] {dag.py:3089} INFO - Sync 1 DAGs
[2024-11-18T20:51:10.719+0000] {logging_mixin.py:188} INFO - [2024-11-18T20:51:10.719+0000] {dag.py:3947} INFO - Setting next_dagrun for example_branch_labels to 2024-11-17 00:00:00+00:00, run_after=2024-11-18 00:00:00+00:00
[2024-11-18T20:51:10.740+0000] {processor.py:183} INFO - Processing /home/airflow/.local/lib/python3.11/site-packages/airflow/example_dags/example_branch_labels.py took 0.165 seconds
[2024-11-18T20:51:40.938+0000] {processor.py:161} INFO - Started process (PID=190) to work on /home/airflow/.local/lib/python3.11/site-packages/airflow/example_dags/example_branch_labels.py
[2024-11-18T20:51:40.939+0000] {processor.py:830} INFO - Processing file /home/airflow/.local/lib/python3.11/site-packages/airflow/example_dags/example_branch_labels.py for tasks to queue
[2024-11-18T20:51:40.941+0000] {logging_mixin.py:188} INFO - [2024-11-18T20:51:40.941+0000] {dagbag.py:545} INFO - Filling up the DagBag from /home/airflow/.local/lib/python3.11/site-packages/airflow/example_dags/example_branch_labels.py
[2024-11-18T20:51:40.948+0000] {processor.py:840} INFO - DAG(s) 'example_branch_labels' retrieved from /home/airflow/.local/lib/python3.11/site-packages/airflow/example_dags/example_branch_labels.py
[2024-11-18T20:51:40.969+0000] {logging_mixin.py:188} INFO - [2024-11-18T20:51:40.968+0000] {dag.py:3089} INFO - Sync 1 DAGs
[2024-11-18T20:51:40.991+0000] {logging_mixin.py:188} INFO - [2024-11-18T20:51:40.990+0000] {dag.py:3947} INFO - Setting next_dagrun for example_branch_labels to 2024-11-17 00:00:00+00:00, run_after=2024-11-18 00:00:00+00:00
[2024-11-18T20:51:41.012+0000] {processor.py:183} INFO - Processing /home/airflow/.local/lib/python3.11/site-packages/airflow/example_dags/example_branch_labels.py took 0.079 seconds
[2024-11-18T20:52:11.394+0000] {processor.py:161} INFO - Started process (PID=249) to work on /home/airflow/.local/lib/python3.11/site-packages/airflow/example_dags/example_branch_labels.py
[2024-11-18T20:52:11.395+0000] {processor.py:830} INFO - Processing file /home/airflow/.local/lib/python3.11/site-packages/airflow/example_dags/example_branch_labels.py for tasks to queue
[2024-11-18T20:52:11.397+0000] {logging_mixin.py:188} INFO - [2024-11-18T20:52:11.397+0000] {dagbag.py:545} INFO - Filling up the DagBag from /home/airflow/.local/lib/python3.11/site-packages/airflow/example_dags/example_branch_labels.py
[2024-11-18T20:52:11.404+0000] {processor.py:840} INFO - DAG(s) 'example_branch_labels' retrieved from /home/airflow/.local/lib/python3.11/site-packages/airflow/example_dags/example_branch_labels.py
[2024-11-18T20:52:11.425+0000] {logging_mixin.py:188} INFO - [2024-11-18T20:52:11.425+0000] {dag.py:3089} INFO - Sync 1 DAGs
[2024-11-18T20:52:11.452+0000] {logging_mixin.py:188} INFO - [2024-11-18T20:52:11.451+0000] {dag.py:3947} INFO - Setting next_dagrun for example_branch_labels to 2024-11-17 00:00:00+00:00, run_after=2024-11-18 00:00:00+00:00
[2024-11-18T20:52:11.469+0000] {processor.py:183} INFO - Processing /home/airflow/.local/lib/python3.11/site-packages/airflow/example_dags/example_branch_labels.py took 0.081 seconds
[2024-11-18T20:52:42.425+0000] {processor.py:161} INFO - Started process (PID=307) to work on /home/airflow/.local/lib/python3.11/site-packages/airflow/example_dags/example_branch_labels.py
[2024-11-18T20:52:42.426+0000] {processor.py:830} INFO - Processing file /home/airflow/.local/lib/python3.11/site-packages/airflow/example_dags/example_branch_labels.py for tasks to queue
[2024-11-18T20:52:42.429+0000] {logging_mixin.py:188} INFO - [2024-11-18T20:52:42.428+0000] {dagbag.py:545} INFO - Filling up the DagBag from /home/airflow/.local/lib/python3.11/site-packages/airflow/example_dags/example_branch_labels.py
[2024-11-18T20:52:42.442+0000] {processor.py:840} INFO - DAG(s) 'example_branch_labels' retrieved from /home/airflow/.local/lib/python3.11/site-packages/airflow/example_dags/example_branch_labels.py
[2024-11-18T20:52:42.484+0000] {logging_mixin.py:188} INFO - [2024-11-18T20:52:42.484+0000] {dag.py:3089} INFO - Sync 1 DAGs
[2024-11-18T20:52:42.520+0000] {logging_mixin.py:188} INFO - [2024-11-18T20:52:42.519+0000] {dag.py:3947} INFO - Setting next_dagrun for example_branch_labels to 2024-11-17 00:00:00+00:00, run_after=2024-11-18 00:00:00+00:00
[2024-11-18T20:52:42.578+0000] {processor.py:183} INFO - Processing /home/airflow/.local/lib/python3.11/site-packages/airflow/example_dags/example_branch_labels.py took 0.162 seconds
[2024-11-18T20:53:13.138+0000] {processor.py:161} INFO - Started process (PID=366) to work on /home/airflow/.local/lib/python3.11/site-packages/airflow/example_dags/example_branch_labels.py
[2024-11-18T20:53:13.145+0000] {processor.py:830} INFO - Processing file /home/airflow/.local/lib/python3.11/site-packages/airflow/example_dags/example_branch_labels.py for tasks to queue
[2024-11-18T20:53:13.151+0000] {logging_mixin.py:188} INFO - [2024-11-18T20:53:13.150+0000] {dagbag.py:545} INFO - Filling up the DagBag from /home/airflow/.local/lib/python3.11/site-packages/airflow/example_dags/example_branch_labels.py
[2024-11-18T20:53:13.170+0000] {processor.py:840} INFO - DAG(s) 'example_branch_labels' retrieved from /home/airflow/.local/lib/python3.11/site-packages/airflow/example_dags/example_branch_labels.py
[2024-11-18T20:53:13.216+0000] {logging_mixin.py:188} INFO - [2024-11-18T20:53:13.215+0000] {dag.py:3089} INFO - Sync 1 DAGs
[2024-11-18T20:53:13.297+0000] {logging_mixin.py:188} INFO - [2024-11-18T20:53:13.297+0000] {dag.py:3947} INFO - Setting next_dagrun for example_branch_labels to 2024-11-17 00:00:00+00:00, run_after=2024-11-18 00:00:00+00:00
[2024-11-18T20:53:13.354+0000] {processor.py:183} INFO - Processing /home/airflow/.local/lib/python3.11/site-packages/airflow/example_dags/example_branch_labels.py took 0.230 seconds
[2024-11-18T20:53:44.198+0000] {processor.py:161} INFO - Started process (PID=425) to work on /home/airflow/.local/lib/python3.11/site-packages/airflow/example_dags/example_branch_labels.py
[2024-11-18T20:53:44.199+0000] {processor.py:830} INFO - Processing file /home/airflow/.local/lib/python3.11/site-packages/airflow/example_dags/example_branch_labels.py for tasks to queue
[2024-11-18T20:53:44.201+0000] {logging_mixin.py:188} INFO - [2024-11-18T20:53:44.201+0000] {dagbag.py:545} INFO - Filling up the DagBag from /home/airflow/.local/lib/python3.11/site-packages/airflow/example_dags/example_branch_labels.py
[2024-11-18T20:53:44.210+0000] {processor.py:840} INFO - DAG(s) 'example_branch_labels' retrieved from /home/airflow/.local/lib/python3.11/site-packages/airflow/example_dags/example_branch_labels.py
[2024-11-18T20:53:44.233+0000] {logging_mixin.py:188} INFO - [2024-11-18T20:53:44.233+0000] {dag.py:3089} INFO - Sync 1 DAGs
[2024-11-18T20:53:44.257+0000] {logging_mixin.py:188} INFO - [2024-11-18T20:53:44.257+0000] {dag.py:3947} INFO - Setting next_dagrun for example_branch_labels to 2024-11-17 00:00:00+00:00, run_after=2024-11-18 00:00:00+00:00
[2024-11-18T20:53:44.279+0000] {processor.py:183} INFO - Processing /home/airflow/.local/lib/python3.11/site-packages/airflow/example_dags/example_branch_labels.py took 0.087 seconds
[2024-11-18T20:54:14.618+0000] {processor.py:161} INFO - Started process (PID=484) to work on /home/airflow/.local/lib/python3.11/site-packages/airflow/example_dags/example_branch_labels.py
[2024-11-18T20:54:14.619+0000] {processor.py:830} INFO - Processing file /home/airflow/.local/lib/python3.11/site-packages/airflow/example_dags/example_branch_labels.py for tasks to queue
[2024-11-18T20:54:14.620+0000] {logging_mixin.py:188} INFO - [2024-11-18T20:54:14.620+0000] {dagbag.py:545} INFO - Filling up the DagBag from /home/airflow/.local/lib/python3.11/site-packages/airflow/example_dags/example_branch_labels.py
[2024-11-18T20:54:14.627+0000] {processor.py:840} INFO - DAG(s) 'example_branch_labels' retrieved from /home/airflow/.local/lib/python3.11/site-packages/airflow/example_dags/example_branch_labels.py
[2024-11-18T20:54:14.645+0000] {logging_mixin.py:188} INFO - [2024-11-18T20:54:14.645+0000] {dag.py:3089} INFO - Sync 1 DAGs
[2024-11-18T20:54:14.667+0000] {logging_mixin.py:188} INFO - [2024-11-18T20:54:14.667+0000] {dag.py:3947} INFO - Setting next_dagrun for example_branch_labels to 2024-11-17 00:00:00+00:00, run_after=2024-11-18 00:00:00+00:00
[2024-11-18T20:54:14.689+0000] {processor.py:183} INFO - Processing /home/airflow/.local/lib/python3.11/site-packages/airflow/example_dags/example_branch_labels.py took 0.076 seconds
[2024-11-18T20:54:45.116+0000] {processor.py:161} INFO - Started process (PID=543) to work on /home/airflow/.local/lib/python3.11/site-packages/airflow/example_dags/example_branch_labels.py
[2024-11-18T20:54:45.117+0000] {processor.py:830} INFO - Processing file /home/airflow/.local/lib/python3.11/site-packages/airflow/example_dags/example_branch_labels.py for tasks to queue
[2024-11-18T20:54:45.118+0000] {logging_mixin.py:188} INFO - [2024-11-18T20:54:45.118+0000] {dagbag.py:545} INFO - Filling up the DagBag from /home/airflow/.local/lib/python3.11/site-packages/airflow/example_dags/example_branch_labels.py
[2024-11-18T20:54:45.126+0000] {processor.py:840} INFO - DAG(s) 'example_branch_labels' retrieved from /home/airflow/.local/lib/python3.11/site-packages/airflow/example_dags/example_branch_labels.py
[2024-11-18T20:54:45.148+0000] {logging_mixin.py:188} INFO - [2024-11-18T20:54:45.148+0000] {dag.py:3089} INFO - Sync 1 DAGs
[2024-11-18T20:54:45.169+0000] {logging_mixin.py:188} INFO - [2024-11-18T20:54:45.169+0000] {dag.py:3947} INFO - Setting next_dagrun for example_branch_labels to 2024-11-17 00:00:00+00:00, run_after=2024-11-18 00:00:00+00:00
[2024-11-18T20:54:45.191+0000] {processor.py:183} INFO - Processing /home/airflow/.local/lib/python3.11/site-packages/airflow/example_dags/example_branch_labels.py took 0.080 seconds
[2024-11-18T20:55:15.613+0000] {processor.py:161} INFO - Started process (PID=602) to work on /home/airflow/.local/lib/python3.11/site-packages/airflow/example_dags/example_branch_labels.py
[2024-11-18T20:55:15.614+0000] {processor.py:830} INFO - Processing file /home/airflow/.local/lib/python3.11/site-packages/airflow/example_dags/example_branch_labels.py for tasks to queue
[2024-11-18T20:55:15.615+0000] {logging_mixin.py:188} INFO - [2024-11-18T20:55:15.615+0000] {dagbag.py:545} INFO - Filling up the DagBag from /home/airflow/.local/lib/python3.11/site-packages/airflow/example_dags/example_branch_labels.py
[2024-11-18T20:55:15.624+0000] {processor.py:840} INFO - DAG(s) 'example_branch_labels' retrieved from /home/airflow/.local/lib/python3.11/site-packages/airflow/example_dags/example_branch_labels.py
[2024-11-18T20:55:15.649+0000] {logging_mixin.py:188} INFO - [2024-11-18T20:55:15.648+0000] {dag.py:3089} INFO - Sync 1 DAGs
[2024-11-18T20:55:15.674+0000] {logging_mixin.py:188} INFO - [2024-11-18T20:55:15.674+0000] {dag.py:3947} INFO - Setting next_dagrun for example_branch_labels to 2024-11-17 00:00:00+00:00, run_after=2024-11-18 00:00:00+00:00
[2024-11-18T20:55:15.696+0000] {processor.py:183} INFO - Processing /home/airflow/.local/lib/python3.11/site-packages/airflow/example_dags/example_branch_labels.py took 0.089 seconds
[2024-11-18T20:55:46.644+0000] {processor.py:161} INFO - Started process (PID=661) to work on /home/airflow/.local/lib/python3.11/site-packages/airflow/example_dags/example_branch_labels.py
[2024-11-18T20:55:46.645+0000] {processor.py:830} INFO - Processing file /home/airflow/.local/lib/python3.11/site-packages/airflow/example_dags/example_branch_labels.py for tasks to queue
[2024-11-18T20:55:46.647+0000] {logging_mixin.py:188} INFO - [2024-11-18T20:55:46.646+0000] {dagbag.py:545} INFO - Filling up the DagBag from /home/airflow/.local/lib/python3.11/site-packages/airflow/example_dags/example_branch_labels.py
[2024-11-18T20:55:46.654+0000] {processor.py:840} INFO - DAG(s) 'example_branch_labels' retrieved from /home/airflow/.local/lib/python3.11/site-packages/airflow/example_dags/example_branch_labels.py
[2024-11-18T20:55:46.673+0000] {logging_mixin.py:188} INFO - [2024-11-18T20:55:46.673+0000] {dag.py:3089} INFO - Sync 1 DAGs
[2024-11-18T20:55:46.693+0000] {logging_mixin.py:188} INFO - [2024-11-18T20:55:46.693+0000] {dag.py:3947} INFO - Setting next_dagrun for example_branch_labels to 2024-11-17 00:00:00+00:00, run_after=2024-11-18 00:00:00+00:00
[2024-11-18T20:55:46.723+0000] {processor.py:183} INFO - Processing /home/airflow/.local/lib/python3.11/site-packages/airflow/example_dags/example_branch_labels.py took 0.084 seconds
[2024-11-18T20:56:17.109+0000] {processor.py:161} INFO - Started process (PID=720) to work on /home/airflow/.local/lib/python3.11/site-packages/airflow/example_dags/example_branch_labels.py
[2024-11-18T20:56:17.110+0000] {processor.py:830} INFO - Processing file /home/airflow/.local/lib/python3.11/site-packages/airflow/example_dags/example_branch_labels.py for tasks to queue
[2024-11-18T20:56:17.112+0000] {logging_mixin.py:188} INFO - [2024-11-18T20:56:17.112+0000] {dagbag.py:545} INFO - Filling up the DagBag from /home/airflow/.local/lib/python3.11/site-packages/airflow/example_dags/example_branch_labels.py
[2024-11-18T20:56:17.126+0000] {processor.py:840} INFO - DAG(s) 'example_branch_labels' retrieved from /home/airflow/.local/lib/python3.11/site-packages/airflow/example_dags/example_branch_labels.py
[2024-11-18T20:56:17.163+0000] {logging_mixin.py:188} INFO - [2024-11-18T20:56:17.163+0000] {dag.py:3089} INFO - Sync 1 DAGs
[2024-11-18T20:56:17.189+0000] {logging_mixin.py:188} INFO - [2024-11-18T20:56:17.189+0000] {dag.py:3947} INFO - Setting next_dagrun for example_branch_labels to 2024-11-17 00:00:00+00:00, run_after=2024-11-18 00:00:00+00:00
[2024-11-18T20:56:17.212+0000] {processor.py:183} INFO - Processing /home/airflow/.local/lib/python3.11/site-packages/airflow/example_dags/example_branch_labels.py took 0.109 seconds
[2024-11-18T20:56:47.564+0000] {processor.py:161} INFO - Started process (PID=779) to work on /home/airflow/.local/lib/python3.11/site-packages/airflow/example_dags/example_branch_labels.py
[2024-11-18T20:56:47.565+0000] {processor.py:830} INFO - Processing file /home/airflow/.local/lib/python3.11/site-packages/airflow/example_dags/example_branch_labels.py for tasks to queue
[2024-11-18T20:56:47.567+0000] {logging_mixin.py:188} INFO - [2024-11-18T20:56:47.566+0000] {dagbag.py:545} INFO - Filling up the DagBag from /home/airflow/.local/lib/python3.11/site-packages/airflow/example_dags/example_branch_labels.py
[2024-11-18T20:56:47.575+0000] {processor.py:840} INFO - DAG(s) 'example_branch_labels' retrieved from /home/airflow/.local/lib/python3.11/site-packages/airflow/example_dags/example_branch_labels.py
[2024-11-18T20:56:47.596+0000] {logging_mixin.py:188} INFO - [2024-11-18T20:56:47.595+0000] {dag.py:3089} INFO - Sync 1 DAGs
[2024-11-18T20:56:47.617+0000] {logging_mixin.py:188} INFO - [2024-11-18T20:56:47.617+0000] {dag.py:3947} INFO - Setting next_dagrun for example_branch_labels to 2024-11-17 00:00:00+00:00, run_after=2024-11-18 00:00:00+00:00
[2024-11-18T20:56:47.637+0000] {processor.py:183} INFO - Processing /home/airflow/.local/lib/python3.11/site-packages/airflow/example_dags/example_branch_labels.py took 0.079 seconds
[2024-11-18T20:57:17.969+0000] {processor.py:161} INFO - Started process (PID=838) to work on /home/airflow/.local/lib/python3.11/site-packages/airflow/example_dags/example_branch_labels.py
[2024-11-18T20:57:17.970+0000] {processor.py:830} INFO - Processing file /home/airflow/.local/lib/python3.11/site-packages/airflow/example_dags/example_branch_labels.py for tasks to queue
[2024-11-18T20:57:17.971+0000] {logging_mixin.py:188} INFO - [2024-11-18T20:57:17.971+0000] {dagbag.py:545} INFO - Filling up the DagBag from /home/airflow/.local/lib/python3.11/site-packages/airflow/example_dags/example_branch_labels.py
[2024-11-18T20:57:17.977+0000] {processor.py:840} INFO - DAG(s) 'example_branch_labels' retrieved from /home/airflow/.local/lib/python3.11/site-packages/airflow/example_dags/example_branch_labels.py
[2024-11-18T20:57:17.995+0000] {logging_mixin.py:188} INFO - [2024-11-18T20:57:17.995+0000] {dag.py:3089} INFO - Sync 1 DAGs
[2024-11-18T20:57:18.016+0000] {logging_mixin.py:188} INFO - [2024-11-18T20:57:18.016+0000] {dag.py:3947} INFO - Setting next_dagrun for example_branch_labels to 2024-11-17 00:00:00+00:00, run_after=2024-11-18 00:00:00+00:00
[2024-11-18T20:57:18.035+0000] {processor.py:183} INFO - Processing /home/airflow/.local/lib/python3.11/site-packages/airflow/example_dags/example_branch_labels.py took 0.071 seconds
[2024-11-18T20:57:48.336+0000] {processor.py:161} INFO - Started process (PID=897) to work on /home/airflow/.local/lib/python3.11/site-packages/airflow/example_dags/example_branch_labels.py
[2024-11-18T20:57:48.337+0000] {processor.py:830} INFO - Processing file /home/airflow/.local/lib/python3.11/site-packages/airflow/example_dags/example_branch_labels.py for tasks to queue
[2024-11-18T20:57:48.339+0000] {logging_mixin.py:188} INFO - [2024-11-18T20:57:48.339+0000] {dagbag.py:545} INFO - Filling up the DagBag from /home/airflow/.local/lib/python3.11/site-packages/airflow/example_dags/example_branch_labels.py
[2024-11-18T20:57:48.349+0000] {processor.py:840} INFO - DAG(s) 'example_branch_labels' retrieved from /home/airflow/.local/lib/python3.11/site-packages/airflow/example_dags/example_branch_labels.py
[2024-11-18T20:57:48.370+0000] {logging_mixin.py:188} INFO - [2024-11-18T20:57:48.369+0000] {dag.py:3089} INFO - Sync 1 DAGs
[2024-11-18T20:57:48.394+0000] {logging_mixin.py:188} INFO - [2024-11-18T20:57:48.393+0000] {dag.py:3947} INFO - Setting next_dagrun for example_branch_labels to 2024-11-17 00:00:00+00:00, run_after=2024-11-18 00:00:00+00:00
[2024-11-18T20:57:48.426+0000] {processor.py:183} INFO - Processing /home/airflow/.local/lib/python3.11/site-packages/airflow/example_dags/example_branch_labels.py took 0.096 seconds
[2024-11-18T20:58:18.513+0000] {processor.py:161} INFO - Started process (PID=956) to work on /home/airflow/.local/lib/python3.11/site-packages/airflow/example_dags/example_branch_labels.py
[2024-11-18T20:58:18.514+0000] {processor.py:830} INFO - Processing file /home/airflow/.local/lib/python3.11/site-packages/airflow/example_dags/example_branch_labels.py for tasks to queue
[2024-11-18T20:58:18.515+0000] {logging_mixin.py:188} INFO - [2024-11-18T20:58:18.515+0000] {dagbag.py:545} INFO - Filling up the DagBag from /home/airflow/.local/lib/python3.11/site-packages/airflow/example_dags/example_branch_labels.py
[2024-11-18T20:58:18.522+0000] {processor.py:840} INFO - DAG(s) 'example_branch_labels' retrieved from /home/airflow/.local/lib/python3.11/site-packages/airflow/example_dags/example_branch_labels.py
[2024-11-18T20:58:18.546+0000] {logging_mixin.py:188} INFO - [2024-11-18T20:58:18.546+0000] {dag.py:3089} INFO - Sync 1 DAGs
[2024-11-18T20:58:18.567+0000] {logging_mixin.py:188} INFO - [2024-11-18T20:58:18.567+0000] {dag.py:3947} INFO - Setting next_dagrun for example_branch_labels to 2024-11-17 00:00:00+00:00, run_after=2024-11-18 00:00:00+00:00
[2024-11-18T20:58:18.588+0000] {processor.py:183} INFO - Processing /home/airflow/.local/lib/python3.11/site-packages/airflow/example_dags/example_branch_labels.py took 0.082 seconds
[2024-11-18T20:58:49.087+0000] {processor.py:161} INFO - Started process (PID=1015) to work on /home/airflow/.local/lib/python3.11/site-packages/airflow/example_dags/example_branch_labels.py
[2024-11-18T20:58:49.088+0000] {processor.py:830} INFO - Processing file /home/airflow/.local/lib/python3.11/site-packages/airflow/example_dags/example_branch_labels.py for tasks to queue
[2024-11-18T20:58:49.091+0000] {logging_mixin.py:188} INFO - [2024-11-18T20:58:49.090+0000] {dagbag.py:545} INFO - Filling up the DagBag from /home/airflow/.local/lib/python3.11/site-packages/airflow/example_dags/example_branch_labels.py
[2024-11-18T20:58:49.101+0000] {processor.py:840} INFO - DAG(s) 'example_branch_labels' retrieved from /home/airflow/.local/lib/python3.11/site-packages/airflow/example_dags/example_branch_labels.py
[2024-11-18T20:58:49.126+0000] {logging_mixin.py:188} INFO - [2024-11-18T20:58:49.126+0000] {dag.py:3089} INFO - Sync 1 DAGs
[2024-11-18T20:58:49.148+0000] {logging_mixin.py:188} INFO - [2024-11-18T20:58:49.148+0000] {dag.py:3947} INFO - Setting next_dagrun for example_branch_labels to 2024-11-17 00:00:00+00:00, run_after=2024-11-18 00:00:00+00:00
[2024-11-18T20:58:49.169+0000] {processor.py:183} INFO - Processing /home/airflow/.local/lib/python3.11/site-packages/airflow/example_dags/example_branch_labels.py took 0.092 seconds
