[2024-11-18T20:19:08.061+0000] {processor.py:161} INFO - Started process (PID=80) to work on /home/airflow/.local/lib/python3.11/site-packages/airflow/example_dags/example_xcom.py
[2024-11-18T20:19:08.062+0000] {processor.py:830} INFO - Processing file /home/airflow/.local/lib/python3.11/site-packages/airflow/example_dags/example_xcom.py for tasks to queue
[2024-11-18T20:19:08.063+0000] {logging_mixin.py:188} INFO - [2024-11-18T20:19:08.063+0000] {dagbag.py:545} INFO - Filling up the DagBag from /home/airflow/.local/lib/python3.11/site-packages/airflow/example_dags/example_xcom.py
[2024-11-18T20:19:08.072+0000] {processor.py:840} INFO - DAG(s) 'example_xcom' retrieved from /home/airflow/.local/lib/python3.11/site-packages/airflow/example_dags/example_xcom.py
[2024-11-18T20:19:08.158+0000] {logging_mixin.py:188} INFO - [2024-11-18T20:19:08.157+0000] {override.py:1858} INFO - Created Permission View: can edit on DAG:example_xcom
[2024-11-18T20:19:08.167+0000] {logging_mixin.py:188} INFO - [2024-11-18T20:19:08.167+0000] {override.py:1858} INFO - Created Permission View: can delete on DAG:example_xcom
[2024-11-18T20:19:08.173+0000] {logging_mixin.py:188} INFO - [2024-11-18T20:19:08.173+0000] {override.py:1858} INFO - Created Permission View: can read on DAG:example_xcom
[2024-11-18T20:19:08.174+0000] {logging_mixin.py:188} INFO - [2024-11-18T20:19:08.173+0000] {dag.py:3089} INFO - Sync 1 DAGs
[2024-11-18T20:19:08.182+0000] {logging_mixin.py:188} INFO - [2024-11-18T20:19:08.182+0000] {dag.py:3111} INFO - Creating ORM DAG for example_xcom
[2024-11-18T20:19:08.191+0000] {logging_mixin.py:188} INFO - [2024-11-18T20:19:08.191+0000] {dag.py:3947} INFO - Setting next_dagrun for example_xcom to 2021-01-01 00:00:00+00:00, run_after=2021-01-01 00:00:00+00:00
[2024-11-18T20:19:08.206+0000] {processor.py:183} INFO - Processing /home/airflow/.local/lib/python3.11/site-packages/airflow/example_dags/example_xcom.py took 0.151 seconds
[2024-11-18T20:19:38.281+0000] {processor.py:161} INFO - Started process (PID=138) to work on /home/airflow/.local/lib/python3.11/site-packages/airflow/example_dags/example_xcom.py
[2024-11-18T20:19:38.282+0000] {processor.py:830} INFO - Processing file /home/airflow/.local/lib/python3.11/site-packages/airflow/example_dags/example_xcom.py for tasks to queue
[2024-11-18T20:19:38.284+0000] {logging_mixin.py:188} INFO - [2024-11-18T20:19:38.284+0000] {dagbag.py:545} INFO - Filling up the DagBag from /home/airflow/.local/lib/python3.11/site-packages/airflow/example_dags/example_xcom.py
[2024-11-18T20:19:38.290+0000] {processor.py:840} INFO - DAG(s) 'example_xcom' retrieved from /home/airflow/.local/lib/python3.11/site-packages/airflow/example_dags/example_xcom.py
[2024-11-18T20:19:38.309+0000] {logging_mixin.py:188} INFO - [2024-11-18T20:19:38.308+0000] {dag.py:3089} INFO - Sync 1 DAGs
[2024-11-18T20:19:38.326+0000] {logging_mixin.py:188} INFO - [2024-11-18T20:19:38.326+0000] {dag.py:3947} INFO - Setting next_dagrun for example_xcom to 2021-01-01 00:00:00+00:00, run_after=2021-01-01 00:00:00+00:00
[2024-11-18T20:19:38.343+0000] {processor.py:183} INFO - Processing /home/airflow/.local/lib/python3.11/site-packages/airflow/example_dags/example_xcom.py took 0.066 seconds
[2024-11-18T20:20:08.878+0000] {processor.py:161} INFO - Started process (PID=196) to work on /home/airflow/.local/lib/python3.11/site-packages/airflow/example_dags/example_xcom.py
[2024-11-18T20:20:08.879+0000] {processor.py:830} INFO - Processing file /home/airflow/.local/lib/python3.11/site-packages/airflow/example_dags/example_xcom.py for tasks to queue
[2024-11-18T20:20:08.881+0000] {logging_mixin.py:188} INFO - [2024-11-18T20:20:08.881+0000] {dagbag.py:545} INFO - Filling up the DagBag from /home/airflow/.local/lib/python3.11/site-packages/airflow/example_dags/example_xcom.py
[2024-11-18T20:20:08.887+0000] {processor.py:840} INFO - DAG(s) 'example_xcom' retrieved from /home/airflow/.local/lib/python3.11/site-packages/airflow/example_dags/example_xcom.py
[2024-11-18T20:20:08.902+0000] {logging_mixin.py:188} INFO - [2024-11-18T20:20:08.902+0000] {dag.py:3089} INFO - Sync 1 DAGs
[2024-11-18T20:20:08.920+0000] {logging_mixin.py:188} INFO - [2024-11-18T20:20:08.920+0000] {dag.py:3947} INFO - Setting next_dagrun for example_xcom to 2021-01-01 00:00:00+00:00, run_after=2021-01-01 00:00:00+00:00
[2024-11-18T20:20:08.935+0000] {processor.py:183} INFO - Processing /home/airflow/.local/lib/python3.11/site-packages/airflow/example_dags/example_xcom.py took 0.063 seconds
[2024-11-18T20:20:39.623+0000] {processor.py:161} INFO - Started process (PID=254) to work on /home/airflow/.local/lib/python3.11/site-packages/airflow/example_dags/example_xcom.py
[2024-11-18T20:20:39.624+0000] {processor.py:830} INFO - Processing file /home/airflow/.local/lib/python3.11/site-packages/airflow/example_dags/example_xcom.py for tasks to queue
[2024-11-18T20:20:39.626+0000] {logging_mixin.py:188} INFO - [2024-11-18T20:20:39.626+0000] {dagbag.py:545} INFO - Filling up the DagBag from /home/airflow/.local/lib/python3.11/site-packages/airflow/example_dags/example_xcom.py
[2024-11-18T20:20:39.634+0000] {processor.py:840} INFO - DAG(s) 'example_xcom' retrieved from /home/airflow/.local/lib/python3.11/site-packages/airflow/example_dags/example_xcom.py
[2024-11-18T20:20:39.660+0000] {logging_mixin.py:188} INFO - [2024-11-18T20:20:39.659+0000] {dag.py:3089} INFO - Sync 1 DAGs
[2024-11-18T20:20:39.683+0000] {logging_mixin.py:188} INFO - [2024-11-18T20:20:39.683+0000] {dag.py:3947} INFO - Setting next_dagrun for example_xcom to 2021-01-01 00:00:00+00:00, run_after=2021-01-01 00:00:00+00:00
[2024-11-18T20:20:39.705+0000] {processor.py:183} INFO - Processing /home/airflow/.local/lib/python3.11/site-packages/airflow/example_dags/example_xcom.py took 0.087 seconds
[2024-11-18T20:21:10.630+0000] {processor.py:161} INFO - Started process (PID=313) to work on /home/airflow/.local/lib/python3.11/site-packages/airflow/example_dags/example_xcom.py
[2024-11-18T20:21:10.631+0000] {processor.py:830} INFO - Processing file /home/airflow/.local/lib/python3.11/site-packages/airflow/example_dags/example_xcom.py for tasks to queue
[2024-11-18T20:21:10.632+0000] {logging_mixin.py:188} INFO - [2024-11-18T20:21:10.632+0000] {dagbag.py:545} INFO - Filling up the DagBag from /home/airflow/.local/lib/python3.11/site-packages/airflow/example_dags/example_xcom.py
[2024-11-18T20:21:10.640+0000] {processor.py:840} INFO - DAG(s) 'example_xcom' retrieved from /home/airflow/.local/lib/python3.11/site-packages/airflow/example_dags/example_xcom.py
[2024-11-18T20:21:10.658+0000] {logging_mixin.py:188} INFO - [2024-11-18T20:21:10.658+0000] {dag.py:3089} INFO - Sync 1 DAGs
[2024-11-18T20:21:10.682+0000] {logging_mixin.py:188} INFO - [2024-11-18T20:21:10.681+0000] {dag.py:3947} INFO - Setting next_dagrun for example_xcom to 2021-01-01 00:00:00+00:00, run_after=2021-01-01 00:00:00+00:00
[2024-11-18T20:21:10.699+0000] {processor.py:183} INFO - Processing /home/airflow/.local/lib/python3.11/site-packages/airflow/example_dags/example_xcom.py took 0.074 seconds
[2024-11-18T20:21:40.802+0000] {processor.py:161} INFO - Started process (PID=371) to work on /home/airflow/.local/lib/python3.11/site-packages/airflow/example_dags/example_xcom.py
[2024-11-18T20:21:40.803+0000] {processor.py:830} INFO - Processing file /home/airflow/.local/lib/python3.11/site-packages/airflow/example_dags/example_xcom.py for tasks to queue
[2024-11-18T20:21:40.804+0000] {logging_mixin.py:188} INFO - [2024-11-18T20:21:40.804+0000] {dagbag.py:545} INFO - Filling up the DagBag from /home/airflow/.local/lib/python3.11/site-packages/airflow/example_dags/example_xcom.py
[2024-11-18T20:21:40.812+0000] {processor.py:840} INFO - DAG(s) 'example_xcom' retrieved from /home/airflow/.local/lib/python3.11/site-packages/airflow/example_dags/example_xcom.py
[2024-11-18T20:21:40.832+0000] {logging_mixin.py:188} INFO - [2024-11-18T20:21:40.832+0000] {dag.py:3089} INFO - Sync 1 DAGs
[2024-11-18T20:21:40.852+0000] {logging_mixin.py:188} INFO - [2024-11-18T20:21:40.851+0000] {dag.py:3947} INFO - Setting next_dagrun for example_xcom to 2021-01-01 00:00:00+00:00, run_after=2021-01-01 00:00:00+00:00
[2024-11-18T20:21:40.869+0000] {processor.py:183} INFO - Processing /home/airflow/.local/lib/python3.11/site-packages/airflow/example_dags/example_xcom.py took 0.073 seconds
[2024-11-18T20:22:11.397+0000] {processor.py:161} INFO - Started process (PID=429) to work on /home/airflow/.local/lib/python3.11/site-packages/airflow/example_dags/example_xcom.py
[2024-11-18T20:22:11.398+0000] {processor.py:830} INFO - Processing file /home/airflow/.local/lib/python3.11/site-packages/airflow/example_dags/example_xcom.py for tasks to queue
[2024-11-18T20:22:11.399+0000] {logging_mixin.py:188} INFO - [2024-11-18T20:22:11.399+0000] {dagbag.py:545} INFO - Filling up the DagBag from /home/airflow/.local/lib/python3.11/site-packages/airflow/example_dags/example_xcom.py
[2024-11-18T20:22:11.406+0000] {processor.py:840} INFO - DAG(s) 'example_xcom' retrieved from /home/airflow/.local/lib/python3.11/site-packages/airflow/example_dags/example_xcom.py
[2024-11-18T20:22:11.424+0000] {logging_mixin.py:188} INFO - [2024-11-18T20:22:11.423+0000] {dag.py:3089} INFO - Sync 1 DAGs
[2024-11-18T20:22:11.441+0000] {logging_mixin.py:188} INFO - [2024-11-18T20:22:11.441+0000] {dag.py:3947} INFO - Setting next_dagrun for example_xcom to 2021-01-01 00:00:00+00:00, run_after=2021-01-01 00:00:00+00:00
[2024-11-18T20:22:11.460+0000] {processor.py:183} INFO - Processing /home/airflow/.local/lib/python3.11/site-packages/airflow/example_dags/example_xcom.py took 0.067 seconds
[2024-11-18T20:22:41.861+0000] {processor.py:161} INFO - Started process (PID=488) to work on /home/airflow/.local/lib/python3.11/site-packages/airflow/example_dags/example_xcom.py
[2024-11-18T20:22:41.862+0000] {processor.py:830} INFO - Processing file /home/airflow/.local/lib/python3.11/site-packages/airflow/example_dags/example_xcom.py for tasks to queue
[2024-11-18T20:22:41.865+0000] {logging_mixin.py:188} INFO - [2024-11-18T20:22:41.864+0000] {dagbag.py:545} INFO - Filling up the DagBag from /home/airflow/.local/lib/python3.11/site-packages/airflow/example_dags/example_xcom.py
[2024-11-18T20:22:41.876+0000] {processor.py:840} INFO - DAG(s) 'example_xcom' retrieved from /home/airflow/.local/lib/python3.11/site-packages/airflow/example_dags/example_xcom.py
[2024-11-18T20:22:41.899+0000] {logging_mixin.py:188} INFO - [2024-11-18T20:22:41.899+0000] {dag.py:3089} INFO - Sync 1 DAGs
[2024-11-18T20:22:41.926+0000] {logging_mixin.py:188} INFO - [2024-11-18T20:22:41.926+0000] {dag.py:3947} INFO - Setting next_dagrun for example_xcom to 2021-01-01 00:00:00+00:00, run_after=2021-01-01 00:00:00+00:00
[2024-11-18T20:22:41.947+0000] {processor.py:183} INFO - Processing /home/airflow/.local/lib/python3.11/site-packages/airflow/example_dags/example_xcom.py took 0.092 seconds
[2024-11-18T20:23:12.163+0000] {processor.py:161} INFO - Started process (PID=546) to work on /home/airflow/.local/lib/python3.11/site-packages/airflow/example_dags/example_xcom.py
[2024-11-18T20:23:12.164+0000] {processor.py:830} INFO - Processing file /home/airflow/.local/lib/python3.11/site-packages/airflow/example_dags/example_xcom.py for tasks to queue
[2024-11-18T20:23:12.167+0000] {logging_mixin.py:188} INFO - [2024-11-18T20:23:12.167+0000] {dagbag.py:545} INFO - Filling up the DagBag from /home/airflow/.local/lib/python3.11/site-packages/airflow/example_dags/example_xcom.py
[2024-11-18T20:23:12.177+0000] {processor.py:840} INFO - DAG(s) 'example_xcom' retrieved from /home/airflow/.local/lib/python3.11/site-packages/airflow/example_dags/example_xcom.py
[2024-11-18T20:23:12.214+0000] {logging_mixin.py:188} INFO - [2024-11-18T20:23:12.214+0000] {dag.py:3089} INFO - Sync 1 DAGs
[2024-11-18T20:23:12.238+0000] {logging_mixin.py:188} INFO - [2024-11-18T20:23:12.238+0000] {dag.py:3947} INFO - Setting next_dagrun for example_xcom to 2021-01-01 00:00:00+00:00, run_after=2021-01-01 00:00:00+00:00
[2024-11-18T20:23:12.270+0000] {processor.py:183} INFO - Processing /home/airflow/.local/lib/python3.11/site-packages/airflow/example_dags/example_xcom.py took 0.112 seconds
[2024-11-18T20:23:43.256+0000] {processor.py:161} INFO - Started process (PID=604) to work on /home/airflow/.local/lib/python3.11/site-packages/airflow/example_dags/example_xcom.py
[2024-11-18T20:23:43.257+0000] {processor.py:830} INFO - Processing file /home/airflow/.local/lib/python3.11/site-packages/airflow/example_dags/example_xcom.py for tasks to queue
[2024-11-18T20:23:43.259+0000] {logging_mixin.py:188} INFO - [2024-11-18T20:23:43.258+0000] {dagbag.py:545} INFO - Filling up the DagBag from /home/airflow/.local/lib/python3.11/site-packages/airflow/example_dags/example_xcom.py
[2024-11-18T20:23:43.265+0000] {processor.py:840} INFO - DAG(s) 'example_xcom' retrieved from /home/airflow/.local/lib/python3.11/site-packages/airflow/example_dags/example_xcom.py
[2024-11-18T20:23:43.286+0000] {logging_mixin.py:188} INFO - [2024-11-18T20:23:43.286+0000] {dag.py:3089} INFO - Sync 1 DAGs
[2024-11-18T20:23:43.303+0000] {logging_mixin.py:188} INFO - [2024-11-18T20:23:43.303+0000] {dag.py:3947} INFO - Setting next_dagrun for example_xcom to 2021-01-01 00:00:00+00:00, run_after=2021-01-01 00:00:00+00:00
[2024-11-18T20:23:43.322+0000] {processor.py:183} INFO - Processing /home/airflow/.local/lib/python3.11/site-packages/airflow/example_dags/example_xcom.py took 0.071 seconds
[2024-11-18T20:24:13.749+0000] {processor.py:161} INFO - Started process (PID=664) to work on /home/airflow/.local/lib/python3.11/site-packages/airflow/example_dags/example_xcom.py
[2024-11-18T20:24:13.751+0000] {processor.py:830} INFO - Processing file /home/airflow/.local/lib/python3.11/site-packages/airflow/example_dags/example_xcom.py for tasks to queue
[2024-11-18T20:24:13.752+0000] {logging_mixin.py:188} INFO - [2024-11-18T20:24:13.752+0000] {dagbag.py:545} INFO - Filling up the DagBag from /home/airflow/.local/lib/python3.11/site-packages/airflow/example_dags/example_xcom.py
[2024-11-18T20:24:13.759+0000] {processor.py:840} INFO - DAG(s) 'example_xcom' retrieved from /home/airflow/.local/lib/python3.11/site-packages/airflow/example_dags/example_xcom.py
[2024-11-18T20:24:13.779+0000] {logging_mixin.py:188} INFO - [2024-11-18T20:24:13.779+0000] {dag.py:3089} INFO - Sync 1 DAGs
[2024-11-18T20:24:13.809+0000] {logging_mixin.py:188} INFO - [2024-11-18T20:24:13.809+0000] {dag.py:3947} INFO - Setting next_dagrun for example_xcom to 2021-01-01 00:00:00+00:00, run_after=2021-01-01 00:00:00+00:00
[2024-11-18T20:24:13.827+0000] {processor.py:183} INFO - Processing /home/airflow/.local/lib/python3.11/site-packages/airflow/example_dags/example_xcom.py took 0.083 seconds
[2024-11-18T20:24:44.320+0000] {processor.py:161} INFO - Started process (PID=723) to work on /home/airflow/.local/lib/python3.11/site-packages/airflow/example_dags/example_xcom.py
[2024-11-18T20:24:44.321+0000] {processor.py:830} INFO - Processing file /home/airflow/.local/lib/python3.11/site-packages/airflow/example_dags/example_xcom.py for tasks to queue
[2024-11-18T20:24:44.323+0000] {logging_mixin.py:188} INFO - [2024-11-18T20:24:44.323+0000] {dagbag.py:545} INFO - Filling up the DagBag from /home/airflow/.local/lib/python3.11/site-packages/airflow/example_dags/example_xcom.py
[2024-11-18T20:24:44.329+0000] {processor.py:840} INFO - DAG(s) 'example_xcom' retrieved from /home/airflow/.local/lib/python3.11/site-packages/airflow/example_dags/example_xcom.py
[2024-11-18T20:24:44.347+0000] {logging_mixin.py:188} INFO - [2024-11-18T20:24:44.347+0000] {dag.py:3089} INFO - Sync 1 DAGs
[2024-11-18T20:24:44.364+0000] {logging_mixin.py:188} INFO - [2024-11-18T20:24:44.364+0000] {dag.py:3947} INFO - Setting next_dagrun for example_xcom to 2021-01-01 00:00:00+00:00, run_after=2021-01-01 00:00:00+00:00
[2024-11-18T20:24:44.381+0000] {processor.py:183} INFO - Processing /home/airflow/.local/lib/python3.11/site-packages/airflow/example_dags/example_xcom.py took 0.066 seconds
[2024-11-18T20:25:14.633+0000] {processor.py:161} INFO - Started process (PID=782) to work on /home/airflow/.local/lib/python3.11/site-packages/airflow/example_dags/example_xcom.py
[2024-11-18T20:25:14.634+0000] {processor.py:830} INFO - Processing file /home/airflow/.local/lib/python3.11/site-packages/airflow/example_dags/example_xcom.py for tasks to queue
[2024-11-18T20:25:14.635+0000] {logging_mixin.py:188} INFO - [2024-11-18T20:25:14.635+0000] {dagbag.py:545} INFO - Filling up the DagBag from /home/airflow/.local/lib/python3.11/site-packages/airflow/example_dags/example_xcom.py
[2024-11-18T20:25:14.642+0000] {processor.py:840} INFO - DAG(s) 'example_xcom' retrieved from /home/airflow/.local/lib/python3.11/site-packages/airflow/example_dags/example_xcom.py
[2024-11-18T20:25:14.661+0000] {logging_mixin.py:188} INFO - [2024-11-18T20:25:14.660+0000] {dag.py:3089} INFO - Sync 1 DAGs
[2024-11-18T20:25:14.680+0000] {logging_mixin.py:188} INFO - [2024-11-18T20:25:14.680+0000] {dag.py:3947} INFO - Setting next_dagrun for example_xcom to 2021-01-01 00:00:00+00:00, run_after=2021-01-01 00:00:00+00:00
[2024-11-18T20:25:14.698+0000] {processor.py:183} INFO - Processing /home/airflow/.local/lib/python3.11/site-packages/airflow/example_dags/example_xcom.py took 0.069 seconds
[2024-11-18T20:25:45.474+0000] {processor.py:161} INFO - Started process (PID=841) to work on /home/airflow/.local/lib/python3.11/site-packages/airflow/example_dags/example_xcom.py
[2024-11-18T20:25:45.475+0000] {processor.py:830} INFO - Processing file /home/airflow/.local/lib/python3.11/site-packages/airflow/example_dags/example_xcom.py for tasks to queue
[2024-11-18T20:25:45.476+0000] {logging_mixin.py:188} INFO - [2024-11-18T20:25:45.476+0000] {dagbag.py:545} INFO - Filling up the DagBag from /home/airflow/.local/lib/python3.11/site-packages/airflow/example_dags/example_xcom.py
[2024-11-18T20:25:45.482+0000] {processor.py:840} INFO - DAG(s) 'example_xcom' retrieved from /home/airflow/.local/lib/python3.11/site-packages/airflow/example_dags/example_xcom.py
[2024-11-18T20:25:45.502+0000] {logging_mixin.py:188} INFO - [2024-11-18T20:25:45.502+0000] {dag.py:3089} INFO - Sync 1 DAGs
[2024-11-18T20:25:45.520+0000] {logging_mixin.py:188} INFO - [2024-11-18T20:25:45.520+0000] {dag.py:3947} INFO - Setting next_dagrun for example_xcom to 2021-01-01 00:00:00+00:00, run_after=2021-01-01 00:00:00+00:00
[2024-11-18T20:25:45.538+0000] {processor.py:183} INFO - Processing /home/airflow/.local/lib/python3.11/site-packages/airflow/example_dags/example_xcom.py took 0.069 seconds
[2024-11-18T20:26:16.012+0000] {processor.py:161} INFO - Started process (PID=900) to work on /home/airflow/.local/lib/python3.11/site-packages/airflow/example_dags/example_xcom.py
[2024-11-18T20:26:16.013+0000] {processor.py:830} INFO - Processing file /home/airflow/.local/lib/python3.11/site-packages/airflow/example_dags/example_xcom.py for tasks to queue
[2024-11-18T20:26:16.014+0000] {logging_mixin.py:188} INFO - [2024-11-18T20:26:16.014+0000] {dagbag.py:545} INFO - Filling up the DagBag from /home/airflow/.local/lib/python3.11/site-packages/airflow/example_dags/example_xcom.py
[2024-11-18T20:26:16.021+0000] {processor.py:840} INFO - DAG(s) 'example_xcom' retrieved from /home/airflow/.local/lib/python3.11/site-packages/airflow/example_dags/example_xcom.py
[2024-11-18T20:26:16.039+0000] {logging_mixin.py:188} INFO - [2024-11-18T20:26:16.039+0000] {dag.py:3089} INFO - Sync 1 DAGs
[2024-11-18T20:26:16.061+0000] {logging_mixin.py:188} INFO - [2024-11-18T20:26:16.061+0000] {dag.py:3947} INFO - Setting next_dagrun for example_xcom to 2021-01-01 00:00:00+00:00, run_after=2021-01-01 00:00:00+00:00
[2024-11-18T20:26:16.080+0000] {processor.py:183} INFO - Processing /home/airflow/.local/lib/python3.11/site-packages/airflow/example_dags/example_xcom.py took 0.073 seconds
[2024-11-18T20:26:46.489+0000] {processor.py:161} INFO - Started process (PID=959) to work on /home/airflow/.local/lib/python3.11/site-packages/airflow/example_dags/example_xcom.py
[2024-11-18T20:26:46.489+0000] {processor.py:830} INFO - Processing file /home/airflow/.local/lib/python3.11/site-packages/airflow/example_dags/example_xcom.py for tasks to queue
[2024-11-18T20:26:46.491+0000] {logging_mixin.py:188} INFO - [2024-11-18T20:26:46.491+0000] {dagbag.py:545} INFO - Filling up the DagBag from /home/airflow/.local/lib/python3.11/site-packages/airflow/example_dags/example_xcom.py
[2024-11-18T20:26:46.498+0000] {processor.py:840} INFO - DAG(s) 'example_xcom' retrieved from /home/airflow/.local/lib/python3.11/site-packages/airflow/example_dags/example_xcom.py
[2024-11-18T20:26:46.528+0000] {logging_mixin.py:188} INFO - [2024-11-18T20:26:46.528+0000] {dag.py:3089} INFO - Sync 1 DAGs
[2024-11-18T20:26:46.555+0000] {logging_mixin.py:188} INFO - [2024-11-18T20:26:46.555+0000] {dag.py:3947} INFO - Setting next_dagrun for example_xcom to 2021-01-01 00:00:00+00:00, run_after=2021-01-01 00:00:00+00:00
[2024-11-18T20:26:46.575+0000] {processor.py:183} INFO - Processing /home/airflow/.local/lib/python3.11/site-packages/airflow/example_dags/example_xcom.py took 0.091 seconds
[2024-11-18T20:27:19.333+0000] {processor.py:161} INFO - Started process (PID=1018) to work on /home/airflow/.local/lib/python3.11/site-packages/airflow/example_dags/example_xcom.py
[2024-11-18T20:27:19.337+0000] {processor.py:830} INFO - Processing file /home/airflow/.local/lib/python3.11/site-packages/airflow/example_dags/example_xcom.py for tasks to queue
[2024-11-18T20:27:19.340+0000] {logging_mixin.py:188} INFO - [2024-11-18T20:27:19.339+0000] {dagbag.py:545} INFO - Filling up the DagBag from /home/airflow/.local/lib/python3.11/site-packages/airflow/example_dags/example_xcom.py
[2024-11-18T20:27:19.376+0000] {processor.py:840} INFO - DAG(s) 'example_xcom' retrieved from /home/airflow/.local/lib/python3.11/site-packages/airflow/example_dags/example_xcom.py
[2024-11-18T20:27:19.481+0000] {logging_mixin.py:188} INFO - [2024-11-18T20:27:19.480+0000] {dag.py:3089} INFO - Sync 1 DAGs
[2024-11-18T20:27:19.549+0000] {logging_mixin.py:188} INFO - [2024-11-18T20:27:19.548+0000] {dag.py:3947} INFO - Setting next_dagrun for example_xcom to 2021-01-01 00:00:00+00:00, run_after=2021-01-01 00:00:00+00:00
[2024-11-18T20:27:19.635+0000] {processor.py:183} INFO - Processing /home/airflow/.local/lib/python3.11/site-packages/airflow/example_dags/example_xcom.py took 0.325 seconds
[2024-11-18T20:27:50.180+0000] {processor.py:161} INFO - Started process (PID=1077) to work on /home/airflow/.local/lib/python3.11/site-packages/airflow/example_dags/example_xcom.py
[2024-11-18T20:27:50.181+0000] {processor.py:830} INFO - Processing file /home/airflow/.local/lib/python3.11/site-packages/airflow/example_dags/example_xcom.py for tasks to queue
[2024-11-18T20:27:50.184+0000] {logging_mixin.py:188} INFO - [2024-11-18T20:27:50.183+0000] {dagbag.py:545} INFO - Filling up the DagBag from /home/airflow/.local/lib/python3.11/site-packages/airflow/example_dags/example_xcom.py
[2024-11-18T20:27:50.193+0000] {processor.py:840} INFO - DAG(s) 'example_xcom' retrieved from /home/airflow/.local/lib/python3.11/site-packages/airflow/example_dags/example_xcom.py
[2024-11-18T20:27:50.216+0000] {logging_mixin.py:188} INFO - [2024-11-18T20:27:50.216+0000] {dag.py:3089} INFO - Sync 1 DAGs
[2024-11-18T20:27:50.242+0000] {logging_mixin.py:188} INFO - [2024-11-18T20:27:50.242+0000] {dag.py:3947} INFO - Setting next_dagrun for example_xcom to 2021-01-01 00:00:00+00:00, run_after=2021-01-01 00:00:00+00:00
[2024-11-18T20:27:50.266+0000] {processor.py:183} INFO - Processing /home/airflow/.local/lib/python3.11/site-packages/airflow/example_dags/example_xcom.py took 0.093 seconds
[2024-11-18T20:28:20.814+0000] {processor.py:161} INFO - Started process (PID=1137) to work on /home/airflow/.local/lib/python3.11/site-packages/airflow/example_dags/example_xcom.py
[2024-11-18T20:28:20.816+0000] {processor.py:830} INFO - Processing file /home/airflow/.local/lib/python3.11/site-packages/airflow/example_dags/example_xcom.py for tasks to queue
[2024-11-18T20:28:20.818+0000] {logging_mixin.py:188} INFO - [2024-11-18T20:28:20.818+0000] {dagbag.py:545} INFO - Filling up the DagBag from /home/airflow/.local/lib/python3.11/site-packages/airflow/example_dags/example_xcom.py
[2024-11-18T20:28:20.825+0000] {processor.py:840} INFO - DAG(s) 'example_xcom' retrieved from /home/airflow/.local/lib/python3.11/site-packages/airflow/example_dags/example_xcom.py
[2024-11-18T20:28:20.845+0000] {logging_mixin.py:188} INFO - [2024-11-18T20:28:20.845+0000] {dag.py:3089} INFO - Sync 1 DAGs
[2024-11-18T20:28:20.865+0000] {logging_mixin.py:188} INFO - [2024-11-18T20:28:20.864+0000] {dag.py:3947} INFO - Setting next_dagrun for example_xcom to 2021-01-01 00:00:00+00:00, run_after=2021-01-01 00:00:00+00:00
[2024-11-18T20:28:20.886+0000] {processor.py:183} INFO - Processing /home/airflow/.local/lib/python3.11/site-packages/airflow/example_dags/example_xcom.py took 0.076 seconds
[2024-11-18T20:28:51.075+0000] {processor.py:161} INFO - Started process (PID=1196) to work on /home/airflow/.local/lib/python3.11/site-packages/airflow/example_dags/example_xcom.py
[2024-11-18T20:28:51.076+0000] {processor.py:830} INFO - Processing file /home/airflow/.local/lib/python3.11/site-packages/airflow/example_dags/example_xcom.py for tasks to queue
[2024-11-18T20:28:51.078+0000] {logging_mixin.py:188} INFO - [2024-11-18T20:28:51.077+0000] {dagbag.py:545} INFO - Filling up the DagBag from /home/airflow/.local/lib/python3.11/site-packages/airflow/example_dags/example_xcom.py
[2024-11-18T20:28:51.085+0000] {processor.py:840} INFO - DAG(s) 'example_xcom' retrieved from /home/airflow/.local/lib/python3.11/site-packages/airflow/example_dags/example_xcom.py
[2024-11-18T20:28:51.107+0000] {logging_mixin.py:188} INFO - [2024-11-18T20:28:51.107+0000] {dag.py:3089} INFO - Sync 1 DAGs
[2024-11-18T20:28:51.127+0000] {logging_mixin.py:188} INFO - [2024-11-18T20:28:51.127+0000] {dag.py:3947} INFO - Setting next_dagrun for example_xcom to 2021-01-01 00:00:00+00:00, run_after=2021-01-01 00:00:00+00:00
[2024-11-18T20:28:51.150+0000] {processor.py:183} INFO - Processing /home/airflow/.local/lib/python3.11/site-packages/airflow/example_dags/example_xcom.py took 0.080 seconds
[2024-11-18T20:29:21.486+0000] {processor.py:161} INFO - Started process (PID=1255) to work on /home/airflow/.local/lib/python3.11/site-packages/airflow/example_dags/example_xcom.py
[2024-11-18T20:29:21.487+0000] {processor.py:830} INFO - Processing file /home/airflow/.local/lib/python3.11/site-packages/airflow/example_dags/example_xcom.py for tasks to queue
[2024-11-18T20:29:21.489+0000] {logging_mixin.py:188} INFO - [2024-11-18T20:29:21.489+0000] {dagbag.py:545} INFO - Filling up the DagBag from /home/airflow/.local/lib/python3.11/site-packages/airflow/example_dags/example_xcom.py
[2024-11-18T20:29:21.496+0000] {processor.py:840} INFO - DAG(s) 'example_xcom' retrieved from /home/airflow/.local/lib/python3.11/site-packages/airflow/example_dags/example_xcom.py
[2024-11-18T20:29:21.518+0000] {logging_mixin.py:188} INFO - [2024-11-18T20:29:21.518+0000] {dag.py:3089} INFO - Sync 1 DAGs
[2024-11-18T20:29:21.540+0000] {logging_mixin.py:188} INFO - [2024-11-18T20:29:21.539+0000] {dag.py:3947} INFO - Setting next_dagrun for example_xcom to 2021-01-01 00:00:00+00:00, run_after=2021-01-01 00:00:00+00:00
[2024-11-18T20:29:21.562+0000] {processor.py:183} INFO - Processing /home/airflow/.local/lib/python3.11/site-packages/airflow/example_dags/example_xcom.py took 0.082 seconds
[2024-11-18T20:29:51.772+0000] {processor.py:161} INFO - Started process (PID=1315) to work on /home/airflow/.local/lib/python3.11/site-packages/airflow/example_dags/example_xcom.py
[2024-11-18T20:29:51.772+0000] {processor.py:830} INFO - Processing file /home/airflow/.local/lib/python3.11/site-packages/airflow/example_dags/example_xcom.py for tasks to queue
[2024-11-18T20:29:51.774+0000] {logging_mixin.py:188} INFO - [2024-11-18T20:29:51.774+0000] {dagbag.py:545} INFO - Filling up the DagBag from /home/airflow/.local/lib/python3.11/site-packages/airflow/example_dags/example_xcom.py
[2024-11-18T20:29:51.781+0000] {processor.py:840} INFO - DAG(s) 'example_xcom' retrieved from /home/airflow/.local/lib/python3.11/site-packages/airflow/example_dags/example_xcom.py
[2024-11-18T20:29:51.798+0000] {logging_mixin.py:188} INFO - [2024-11-18T20:29:51.798+0000] {dag.py:3089} INFO - Sync 1 DAGs
[2024-11-18T20:29:51.816+0000] {logging_mixin.py:188} INFO - [2024-11-18T20:29:51.816+0000] {dag.py:3947} INFO - Setting next_dagrun for example_xcom to 2021-01-01 00:00:00+00:00, run_after=2021-01-01 00:00:00+00:00
[2024-11-18T20:29:51.835+0000] {processor.py:183} INFO - Processing /home/airflow/.local/lib/python3.11/site-packages/airflow/example_dags/example_xcom.py took 0.068 seconds
[2024-11-18T20:30:22.140+0000] {processor.py:161} INFO - Started process (PID=1373) to work on /home/airflow/.local/lib/python3.11/site-packages/airflow/example_dags/example_xcom.py
[2024-11-18T20:30:22.143+0000] {processor.py:830} INFO - Processing file /home/airflow/.local/lib/python3.11/site-packages/airflow/example_dags/example_xcom.py for tasks to queue
[2024-11-18T20:30:22.147+0000] {logging_mixin.py:188} INFO - [2024-11-18T20:30:22.147+0000] {dagbag.py:545} INFO - Filling up the DagBag from /home/airflow/.local/lib/python3.11/site-packages/airflow/example_dags/example_xcom.py
[2024-11-18T20:30:22.161+0000] {processor.py:840} INFO - DAG(s) 'example_xcom' retrieved from /home/airflow/.local/lib/python3.11/site-packages/airflow/example_dags/example_xcom.py
[2024-11-18T20:30:22.191+0000] {logging_mixin.py:188} INFO - [2024-11-18T20:30:22.191+0000] {dag.py:3089} INFO - Sync 1 DAGs
[2024-11-18T20:30:22.224+0000] {logging_mixin.py:188} INFO - [2024-11-18T20:30:22.224+0000] {dag.py:3947} INFO - Setting next_dagrun for example_xcom to 2021-01-01 00:00:00+00:00, run_after=2021-01-01 00:00:00+00:00
[2024-11-18T20:30:22.249+0000] {processor.py:183} INFO - Processing /home/airflow/.local/lib/python3.11/site-packages/airflow/example_dags/example_xcom.py took 0.116 seconds
[2024-11-18T20:30:52.300+0000] {processor.py:161} INFO - Started process (PID=1433) to work on /home/airflow/.local/lib/python3.11/site-packages/airflow/example_dags/example_xcom.py
[2024-11-18T20:30:52.301+0000] {processor.py:830} INFO - Processing file /home/airflow/.local/lib/python3.11/site-packages/airflow/example_dags/example_xcom.py for tasks to queue
[2024-11-18T20:30:52.306+0000] {logging_mixin.py:188} INFO - [2024-11-18T20:30:52.304+0000] {dagbag.py:545} INFO - Filling up the DagBag from /home/airflow/.local/lib/python3.11/site-packages/airflow/example_dags/example_xcom.py
[2024-11-18T20:30:52.314+0000] {processor.py:840} INFO - DAG(s) 'example_xcom' retrieved from /home/airflow/.local/lib/python3.11/site-packages/airflow/example_dags/example_xcom.py
[2024-11-18T20:30:52.335+0000] {logging_mixin.py:188} INFO - [2024-11-18T20:30:52.335+0000] {dag.py:3089} INFO - Sync 1 DAGs
[2024-11-18T20:30:52.359+0000] {logging_mixin.py:188} INFO - [2024-11-18T20:30:52.358+0000] {dag.py:3947} INFO - Setting next_dagrun for example_xcom to 2021-01-01 00:00:00+00:00, run_after=2021-01-01 00:00:00+00:00
[2024-11-18T20:30:52.380+0000] {processor.py:183} INFO - Processing /home/airflow/.local/lib/python3.11/site-packages/airflow/example_dags/example_xcom.py took 0.086 seconds
[2024-11-18T20:31:22.472+0000] {processor.py:161} INFO - Started process (PID=1492) to work on /home/airflow/.local/lib/python3.11/site-packages/airflow/example_dags/example_xcom.py
[2024-11-18T20:31:22.473+0000] {processor.py:830} INFO - Processing file /home/airflow/.local/lib/python3.11/site-packages/airflow/example_dags/example_xcom.py for tasks to queue
[2024-11-18T20:31:22.475+0000] {logging_mixin.py:188} INFO - [2024-11-18T20:31:22.475+0000] {dagbag.py:545} INFO - Filling up the DagBag from /home/airflow/.local/lib/python3.11/site-packages/airflow/example_dags/example_xcom.py
[2024-11-18T20:31:22.483+0000] {processor.py:840} INFO - DAG(s) 'example_xcom' retrieved from /home/airflow/.local/lib/python3.11/site-packages/airflow/example_dags/example_xcom.py
[2024-11-18T20:31:22.507+0000] {logging_mixin.py:188} INFO - [2024-11-18T20:31:22.507+0000] {dag.py:3089} INFO - Sync 1 DAGs
[2024-11-18T20:31:22.528+0000] {logging_mixin.py:188} INFO - [2024-11-18T20:31:22.527+0000] {dag.py:3947} INFO - Setting next_dagrun for example_xcom to 2021-01-01 00:00:00+00:00, run_after=2021-01-01 00:00:00+00:00
[2024-11-18T20:31:22.551+0000] {processor.py:183} INFO - Processing /home/airflow/.local/lib/python3.11/site-packages/airflow/example_dags/example_xcom.py took 0.084 seconds
[2024-11-18T20:31:52.894+0000] {processor.py:161} INFO - Started process (PID=1551) to work on /home/airflow/.local/lib/python3.11/site-packages/airflow/example_dags/example_xcom.py
[2024-11-18T20:31:52.895+0000] {processor.py:830} INFO - Processing file /home/airflow/.local/lib/python3.11/site-packages/airflow/example_dags/example_xcom.py for tasks to queue
[2024-11-18T20:31:52.896+0000] {logging_mixin.py:188} INFO - [2024-11-18T20:31:52.896+0000] {dagbag.py:545} INFO - Filling up the DagBag from /home/airflow/.local/lib/python3.11/site-packages/airflow/example_dags/example_xcom.py
[2024-11-18T20:31:52.905+0000] {processor.py:840} INFO - DAG(s) 'example_xcom' retrieved from /home/airflow/.local/lib/python3.11/site-packages/airflow/example_dags/example_xcom.py
[2024-11-18T20:31:52.928+0000] {logging_mixin.py:188} INFO - [2024-11-18T20:31:52.928+0000] {dag.py:3089} INFO - Sync 1 DAGs
[2024-11-18T20:31:52.954+0000] {logging_mixin.py:188} INFO - [2024-11-18T20:31:52.954+0000] {dag.py:3947} INFO - Setting next_dagrun for example_xcom to 2021-01-01 00:00:00+00:00, run_after=2021-01-01 00:00:00+00:00
[2024-11-18T20:31:52.979+0000] {processor.py:183} INFO - Processing /home/airflow/.local/lib/python3.11/site-packages/airflow/example_dags/example_xcom.py took 0.092 seconds
[2024-11-18T20:32:23.190+0000] {processor.py:161} INFO - Started process (PID=1610) to work on /home/airflow/.local/lib/python3.11/site-packages/airflow/example_dags/example_xcom.py
[2024-11-18T20:32:23.190+0000] {processor.py:830} INFO - Processing file /home/airflow/.local/lib/python3.11/site-packages/airflow/example_dags/example_xcom.py for tasks to queue
[2024-11-18T20:32:23.192+0000] {logging_mixin.py:188} INFO - [2024-11-18T20:32:23.192+0000] {dagbag.py:545} INFO - Filling up the DagBag from /home/airflow/.local/lib/python3.11/site-packages/airflow/example_dags/example_xcom.py
[2024-11-18T20:32:23.198+0000] {processor.py:840} INFO - DAG(s) 'example_xcom' retrieved from /home/airflow/.local/lib/python3.11/site-packages/airflow/example_dags/example_xcom.py
[2024-11-18T20:32:23.220+0000] {logging_mixin.py:188} INFO - [2024-11-18T20:32:23.219+0000] {dag.py:3089} INFO - Sync 1 DAGs
[2024-11-18T20:32:23.240+0000] {logging_mixin.py:188} INFO - [2024-11-18T20:32:23.240+0000] {dag.py:3947} INFO - Setting next_dagrun for example_xcom to 2021-01-01 00:00:00+00:00, run_after=2021-01-01 00:00:00+00:00
[2024-11-18T20:32:23.259+0000] {processor.py:183} INFO - Processing /home/airflow/.local/lib/python3.11/site-packages/airflow/example_dags/example_xcom.py took 0.074 seconds
[2024-11-18T20:32:54.537+0000] {processor.py:161} INFO - Started process (PID=1669) to work on /home/airflow/.local/lib/python3.11/site-packages/airflow/example_dags/example_xcom.py
[2024-11-18T20:32:54.540+0000] {processor.py:830} INFO - Processing file /home/airflow/.local/lib/python3.11/site-packages/airflow/example_dags/example_xcom.py for tasks to queue
[2024-11-18T20:32:54.542+0000] {logging_mixin.py:188} INFO - [2024-11-18T20:32:54.542+0000] {dagbag.py:545} INFO - Filling up the DagBag from /home/airflow/.local/lib/python3.11/site-packages/airflow/example_dags/example_xcom.py
[2024-11-18T20:32:54.554+0000] {processor.py:840} INFO - DAG(s) 'example_xcom' retrieved from /home/airflow/.local/lib/python3.11/site-packages/airflow/example_dags/example_xcom.py
[2024-11-18T20:32:54.588+0000] {logging_mixin.py:188} INFO - [2024-11-18T20:32:54.587+0000] {dag.py:3089} INFO - Sync 1 DAGs
[2024-11-18T20:32:54.626+0000] {logging_mixin.py:188} INFO - [2024-11-18T20:32:54.626+0000] {dag.py:3947} INFO - Setting next_dagrun for example_xcom to 2021-01-01 00:00:00+00:00, run_after=2021-01-01 00:00:00+00:00
[2024-11-18T20:32:54.666+0000] {processor.py:183} INFO - Processing /home/airflow/.local/lib/python3.11/site-packages/airflow/example_dags/example_xcom.py took 0.137 seconds
[2024-11-18T20:33:25.162+0000] {processor.py:161} INFO - Started process (PID=1728) to work on /home/airflow/.local/lib/python3.11/site-packages/airflow/example_dags/example_xcom.py
[2024-11-18T20:33:25.165+0000] {processor.py:830} INFO - Processing file /home/airflow/.local/lib/python3.11/site-packages/airflow/example_dags/example_xcom.py for tasks to queue
[2024-11-18T20:33:25.170+0000] {logging_mixin.py:188} INFO - [2024-11-18T20:33:25.169+0000] {dagbag.py:545} INFO - Filling up the DagBag from /home/airflow/.local/lib/python3.11/site-packages/airflow/example_dags/example_xcom.py
[2024-11-18T20:33:25.181+0000] {processor.py:840} INFO - DAG(s) 'example_xcom' retrieved from /home/airflow/.local/lib/python3.11/site-packages/airflow/example_dags/example_xcom.py
[2024-11-18T20:33:25.237+0000] {logging_mixin.py:188} INFO - [2024-11-18T20:33:25.236+0000] {dag.py:3089} INFO - Sync 1 DAGs
[2024-11-18T20:33:25.323+0000] {logging_mixin.py:188} INFO - [2024-11-18T20:33:25.323+0000] {dag.py:3947} INFO - Setting next_dagrun for example_xcom to 2021-01-01 00:00:00+00:00, run_after=2021-01-01 00:00:00+00:00
[2024-11-18T20:33:25.391+0000] {processor.py:183} INFO - Processing /home/airflow/.local/lib/python3.11/site-packages/airflow/example_dags/example_xcom.py took 0.244 seconds
[2024-11-18T20:33:55.663+0000] {processor.py:161} INFO - Started process (PID=1787) to work on /home/airflow/.local/lib/python3.11/site-packages/airflow/example_dags/example_xcom.py
[2024-11-18T20:33:55.666+0000] {processor.py:830} INFO - Processing file /home/airflow/.local/lib/python3.11/site-packages/airflow/example_dags/example_xcom.py for tasks to queue
[2024-11-18T20:33:55.669+0000] {logging_mixin.py:188} INFO - [2024-11-18T20:33:55.668+0000] {dagbag.py:545} INFO - Filling up the DagBag from /home/airflow/.local/lib/python3.11/site-packages/airflow/example_dags/example_xcom.py
[2024-11-18T20:33:55.678+0000] {processor.py:840} INFO - DAG(s) 'example_xcom' retrieved from /home/airflow/.local/lib/python3.11/site-packages/airflow/example_dags/example_xcom.py
[2024-11-18T20:33:55.709+0000] {logging_mixin.py:188} INFO - [2024-11-18T20:33:55.709+0000] {dag.py:3089} INFO - Sync 1 DAGs
[2024-11-18T20:33:55.736+0000] {logging_mixin.py:188} INFO - [2024-11-18T20:33:55.735+0000] {dag.py:3947} INFO - Setting next_dagrun for example_xcom to 2021-01-01 00:00:00+00:00, run_after=2021-01-01 00:00:00+00:00
[2024-11-18T20:33:55.777+0000] {processor.py:183} INFO - Processing /home/airflow/.local/lib/python3.11/site-packages/airflow/example_dags/example_xcom.py took 0.123 seconds
[2024-11-18T20:34:26.155+0000] {processor.py:161} INFO - Started process (PID=1846) to work on /home/airflow/.local/lib/python3.11/site-packages/airflow/example_dags/example_xcom.py
[2024-11-18T20:34:26.156+0000] {processor.py:830} INFO - Processing file /home/airflow/.local/lib/python3.11/site-packages/airflow/example_dags/example_xcom.py for tasks to queue
[2024-11-18T20:34:26.157+0000] {logging_mixin.py:188} INFO - [2024-11-18T20:34:26.157+0000] {dagbag.py:545} INFO - Filling up the DagBag from /home/airflow/.local/lib/python3.11/site-packages/airflow/example_dags/example_xcom.py
[2024-11-18T20:34:26.164+0000] {processor.py:840} INFO - DAG(s) 'example_xcom' retrieved from /home/airflow/.local/lib/python3.11/site-packages/airflow/example_dags/example_xcom.py
[2024-11-18T20:34:26.184+0000] {logging_mixin.py:188} INFO - [2024-11-18T20:34:26.184+0000] {dag.py:3089} INFO - Sync 1 DAGs
[2024-11-18T20:34:26.202+0000] {logging_mixin.py:188} INFO - [2024-11-18T20:34:26.202+0000] {dag.py:3947} INFO - Setting next_dagrun for example_xcom to 2021-01-01 00:00:00+00:00, run_after=2021-01-01 00:00:00+00:00
[2024-11-18T20:34:26.227+0000] {processor.py:183} INFO - Processing /home/airflow/.local/lib/python3.11/site-packages/airflow/example_dags/example_xcom.py took 0.077 seconds
[2024-11-18T20:34:56.657+0000] {processor.py:161} INFO - Started process (PID=1905) to work on /home/airflow/.local/lib/python3.11/site-packages/airflow/example_dags/example_xcom.py
[2024-11-18T20:34:56.659+0000] {processor.py:830} INFO - Processing file /home/airflow/.local/lib/python3.11/site-packages/airflow/example_dags/example_xcom.py for tasks to queue
[2024-11-18T20:34:56.661+0000] {logging_mixin.py:188} INFO - [2024-11-18T20:34:56.660+0000] {dagbag.py:545} INFO - Filling up the DagBag from /home/airflow/.local/lib/python3.11/site-packages/airflow/example_dags/example_xcom.py
[2024-11-18T20:34:56.670+0000] {processor.py:840} INFO - DAG(s) 'example_xcom' retrieved from /home/airflow/.local/lib/python3.11/site-packages/airflow/example_dags/example_xcom.py
[2024-11-18T20:34:56.703+0000] {logging_mixin.py:188} INFO - [2024-11-18T20:34:56.702+0000] {dag.py:3089} INFO - Sync 1 DAGs
[2024-11-18T20:34:56.729+0000] {logging_mixin.py:188} INFO - [2024-11-18T20:34:56.728+0000] {dag.py:3947} INFO - Setting next_dagrun for example_xcom to 2021-01-01 00:00:00+00:00, run_after=2021-01-01 00:00:00+00:00
[2024-11-18T20:34:56.757+0000] {processor.py:183} INFO - Processing /home/airflow/.local/lib/python3.11/site-packages/airflow/example_dags/example_xcom.py took 0.106 seconds
[2024-11-18T20:35:27.013+0000] {processor.py:161} INFO - Started process (PID=1964) to work on /home/airflow/.local/lib/python3.11/site-packages/airflow/example_dags/example_xcom.py
[2024-11-18T20:35:27.014+0000] {processor.py:830} INFO - Processing file /home/airflow/.local/lib/python3.11/site-packages/airflow/example_dags/example_xcom.py for tasks to queue
[2024-11-18T20:35:27.015+0000] {logging_mixin.py:188} INFO - [2024-11-18T20:35:27.015+0000] {dagbag.py:545} INFO - Filling up the DagBag from /home/airflow/.local/lib/python3.11/site-packages/airflow/example_dags/example_xcom.py
[2024-11-18T20:35:27.023+0000] {processor.py:840} INFO - DAG(s) 'example_xcom' retrieved from /home/airflow/.local/lib/python3.11/site-packages/airflow/example_dags/example_xcom.py
[2024-11-18T20:35:27.054+0000] {logging_mixin.py:188} INFO - [2024-11-18T20:35:27.053+0000] {dag.py:3089} INFO - Sync 1 DAGs
[2024-11-18T20:35:27.079+0000] {logging_mixin.py:188} INFO - [2024-11-18T20:35:27.079+0000] {dag.py:3947} INFO - Setting next_dagrun for example_xcom to 2021-01-01 00:00:00+00:00, run_after=2021-01-01 00:00:00+00:00
[2024-11-18T20:35:27.099+0000] {processor.py:183} INFO - Processing /home/airflow/.local/lib/python3.11/site-packages/airflow/example_dags/example_xcom.py took 0.093 seconds
[2024-11-18T20:35:58.502+0000] {processor.py:161} INFO - Started process (PID=2023) to work on /home/airflow/.local/lib/python3.11/site-packages/airflow/example_dags/example_xcom.py
[2024-11-18T20:35:58.511+0000] {processor.py:830} INFO - Processing file /home/airflow/.local/lib/python3.11/site-packages/airflow/example_dags/example_xcom.py for tasks to queue
[2024-11-18T20:35:58.515+0000] {logging_mixin.py:188} INFO - [2024-11-18T20:35:58.515+0000] {dagbag.py:545} INFO - Filling up the DagBag from /home/airflow/.local/lib/python3.11/site-packages/airflow/example_dags/example_xcom.py
[2024-11-18T20:35:58.528+0000] {processor.py:840} INFO - DAG(s) 'example_xcom' retrieved from /home/airflow/.local/lib/python3.11/site-packages/airflow/example_dags/example_xcom.py
[2024-11-18T20:35:58.567+0000] {logging_mixin.py:188} INFO - [2024-11-18T20:35:58.567+0000] {dag.py:3089} INFO - Sync 1 DAGs
[2024-11-18T20:35:58.605+0000] {logging_mixin.py:188} INFO - [2024-11-18T20:35:58.605+0000] {dag.py:3947} INFO - Setting next_dagrun for example_xcom to 2021-01-01 00:00:00+00:00, run_after=2021-01-01 00:00:00+00:00
[2024-11-18T20:35:58.641+0000] {processor.py:183} INFO - Processing /home/airflow/.local/lib/python3.11/site-packages/airflow/example_dags/example_xcom.py took 0.146 seconds
[2024-11-18T20:36:29.328+0000] {processor.py:161} INFO - Started process (PID=2082) to work on /home/airflow/.local/lib/python3.11/site-packages/airflow/example_dags/example_xcom.py
[2024-11-18T20:36:29.330+0000] {processor.py:830} INFO - Processing file /home/airflow/.local/lib/python3.11/site-packages/airflow/example_dags/example_xcom.py for tasks to queue
[2024-11-18T20:36:29.332+0000] {logging_mixin.py:188} INFO - [2024-11-18T20:36:29.332+0000] {dagbag.py:545} INFO - Filling up the DagBag from /home/airflow/.local/lib/python3.11/site-packages/airflow/example_dags/example_xcom.py
[2024-11-18T20:36:29.348+0000] {processor.py:840} INFO - DAG(s) 'example_xcom' retrieved from /home/airflow/.local/lib/python3.11/site-packages/airflow/example_dags/example_xcom.py
[2024-11-18T20:36:29.386+0000] {logging_mixin.py:188} INFO - [2024-11-18T20:36:29.386+0000] {dag.py:3089} INFO - Sync 1 DAGs
[2024-11-18T20:36:29.420+0000] {logging_mixin.py:188} INFO - [2024-11-18T20:36:29.420+0000] {dag.py:3947} INFO - Setting next_dagrun for example_xcom to 2021-01-01 00:00:00+00:00, run_after=2021-01-01 00:00:00+00:00
[2024-11-18T20:36:29.495+0000] {processor.py:183} INFO - Processing /home/airflow/.local/lib/python3.11/site-packages/airflow/example_dags/example_xcom.py took 0.176 seconds
[2024-11-18T20:36:59.740+0000] {processor.py:161} INFO - Started process (PID=2142) to work on /home/airflow/.local/lib/python3.11/site-packages/airflow/example_dags/example_xcom.py
[2024-11-18T20:36:59.741+0000] {processor.py:830} INFO - Processing file /home/airflow/.local/lib/python3.11/site-packages/airflow/example_dags/example_xcom.py for tasks to queue
[2024-11-18T20:36:59.744+0000] {logging_mixin.py:188} INFO - [2024-11-18T20:36:59.743+0000] {dagbag.py:545} INFO - Filling up the DagBag from /home/airflow/.local/lib/python3.11/site-packages/airflow/example_dags/example_xcom.py
[2024-11-18T20:36:59.754+0000] {processor.py:840} INFO - DAG(s) 'example_xcom' retrieved from /home/airflow/.local/lib/python3.11/site-packages/airflow/example_dags/example_xcom.py
[2024-11-18T20:36:59.783+0000] {logging_mixin.py:188} INFO - [2024-11-18T20:36:59.783+0000] {dag.py:3089} INFO - Sync 1 DAGs
[2024-11-18T20:36:59.818+0000] {logging_mixin.py:188} INFO - [2024-11-18T20:36:59.818+0000] {dag.py:3947} INFO - Setting next_dagrun for example_xcom to 2021-01-01 00:00:00+00:00, run_after=2021-01-01 00:00:00+00:00
[2024-11-18T20:36:59.849+0000] {processor.py:183} INFO - Processing /home/airflow/.local/lib/python3.11/site-packages/airflow/example_dags/example_xcom.py took 0.116 seconds
[2024-11-18T20:37:30.803+0000] {processor.py:161} INFO - Started process (PID=2201) to work on /home/airflow/.local/lib/python3.11/site-packages/airflow/example_dags/example_xcom.py
[2024-11-18T20:37:30.803+0000] {processor.py:830} INFO - Processing file /home/airflow/.local/lib/python3.11/site-packages/airflow/example_dags/example_xcom.py for tasks to queue
[2024-11-18T20:37:30.805+0000] {logging_mixin.py:188} INFO - [2024-11-18T20:37:30.805+0000] {dagbag.py:545} INFO - Filling up the DagBag from /home/airflow/.local/lib/python3.11/site-packages/airflow/example_dags/example_xcom.py
[2024-11-18T20:37:30.813+0000] {processor.py:840} INFO - DAG(s) 'example_xcom' retrieved from /home/airflow/.local/lib/python3.11/site-packages/airflow/example_dags/example_xcom.py
[2024-11-18T20:37:30.833+0000] {logging_mixin.py:188} INFO - [2024-11-18T20:37:30.833+0000] {dag.py:3089} INFO - Sync 1 DAGs
[2024-11-18T20:37:30.854+0000] {logging_mixin.py:188} INFO - [2024-11-18T20:37:30.853+0000] {dag.py:3947} INFO - Setting next_dagrun for example_xcom to 2021-01-01 00:00:00+00:00, run_after=2021-01-01 00:00:00+00:00
[2024-11-18T20:37:30.872+0000] {processor.py:183} INFO - Processing /home/airflow/.local/lib/python3.11/site-packages/airflow/example_dags/example_xcom.py took 0.075 seconds
[2024-11-18T20:38:01.207+0000] {processor.py:161} INFO - Started process (PID=2260) to work on /home/airflow/.local/lib/python3.11/site-packages/airflow/example_dags/example_xcom.py
[2024-11-18T20:38:01.208+0000] {processor.py:830} INFO - Processing file /home/airflow/.local/lib/python3.11/site-packages/airflow/example_dags/example_xcom.py for tasks to queue
[2024-11-18T20:38:01.209+0000] {logging_mixin.py:188} INFO - [2024-11-18T20:38:01.209+0000] {dagbag.py:545} INFO - Filling up the DagBag from /home/airflow/.local/lib/python3.11/site-packages/airflow/example_dags/example_xcom.py
[2024-11-18T20:38:01.217+0000] {processor.py:840} INFO - DAG(s) 'example_xcom' retrieved from /home/airflow/.local/lib/python3.11/site-packages/airflow/example_dags/example_xcom.py
[2024-11-18T20:38:01.235+0000] {logging_mixin.py:188} INFO - [2024-11-18T20:38:01.235+0000] {dag.py:3089} INFO - Sync 1 DAGs
[2024-11-18T20:38:01.256+0000] {logging_mixin.py:188} INFO - [2024-11-18T20:38:01.256+0000] {dag.py:3947} INFO - Setting next_dagrun for example_xcom to 2021-01-01 00:00:00+00:00, run_after=2021-01-01 00:00:00+00:00
[2024-11-18T20:38:01.276+0000] {processor.py:183} INFO - Processing /home/airflow/.local/lib/python3.11/site-packages/airflow/example_dags/example_xcom.py took 0.075 seconds
[2024-11-18T20:38:31.432+0000] {processor.py:161} INFO - Started process (PID=2323) to work on /home/airflow/.local/lib/python3.11/site-packages/airflow/example_dags/example_xcom.py
[2024-11-18T20:38:31.433+0000] {processor.py:830} INFO - Processing file /home/airflow/.local/lib/python3.11/site-packages/airflow/example_dags/example_xcom.py for tasks to queue
[2024-11-18T20:38:31.435+0000] {logging_mixin.py:188} INFO - [2024-11-18T20:38:31.434+0000] {dagbag.py:545} INFO - Filling up the DagBag from /home/airflow/.local/lib/python3.11/site-packages/airflow/example_dags/example_xcom.py
[2024-11-18T20:38:31.442+0000] {processor.py:840} INFO - DAG(s) 'example_xcom' retrieved from /home/airflow/.local/lib/python3.11/site-packages/airflow/example_dags/example_xcom.py
[2024-11-18T20:38:31.468+0000] {logging_mixin.py:188} INFO - [2024-11-18T20:38:31.468+0000] {dag.py:3089} INFO - Sync 1 DAGs
[2024-11-18T20:38:31.487+0000] {logging_mixin.py:188} INFO - [2024-11-18T20:38:31.487+0000] {dag.py:3947} INFO - Setting next_dagrun for example_xcom to 2021-01-01 00:00:00+00:00, run_after=2021-01-01 00:00:00+00:00
[2024-11-18T20:38:31.506+0000] {processor.py:183} INFO - Processing /home/airflow/.local/lib/python3.11/site-packages/airflow/example_dags/example_xcom.py took 0.080 seconds
[2024-11-18T20:39:01.691+0000] {processor.py:161} INFO - Started process (PID=2389) to work on /home/airflow/.local/lib/python3.11/site-packages/airflow/example_dags/example_xcom.py
[2024-11-18T20:39:01.692+0000] {processor.py:830} INFO - Processing file /home/airflow/.local/lib/python3.11/site-packages/airflow/example_dags/example_xcom.py for tasks to queue
[2024-11-18T20:39:01.694+0000] {logging_mixin.py:188} INFO - [2024-11-18T20:39:01.694+0000] {dagbag.py:545} INFO - Filling up the DagBag from /home/airflow/.local/lib/python3.11/site-packages/airflow/example_dags/example_xcom.py
[2024-11-18T20:39:01.703+0000] {processor.py:840} INFO - DAG(s) 'example_xcom' retrieved from /home/airflow/.local/lib/python3.11/site-packages/airflow/example_dags/example_xcom.py
[2024-11-18T20:39:01.732+0000] {logging_mixin.py:188} INFO - [2024-11-18T20:39:01.732+0000] {dag.py:3089} INFO - Sync 1 DAGs
[2024-11-18T20:39:01.759+0000] {logging_mixin.py:188} INFO - [2024-11-18T20:39:01.759+0000] {dag.py:3947} INFO - Setting next_dagrun for example_xcom to 2021-01-01 00:00:00+00:00, run_after=2021-01-01 00:00:00+00:00
[2024-11-18T20:39:01.792+0000] {processor.py:183} INFO - Processing /home/airflow/.local/lib/python3.11/site-packages/airflow/example_dags/example_xcom.py took 0.108 seconds
[2024-11-18T20:39:32.485+0000] {processor.py:161} INFO - Started process (PID=2449) to work on /home/airflow/.local/lib/python3.11/site-packages/airflow/example_dags/example_xcom.py
[2024-11-18T20:39:32.486+0000] {processor.py:830} INFO - Processing file /home/airflow/.local/lib/python3.11/site-packages/airflow/example_dags/example_xcom.py for tasks to queue
[2024-11-18T20:39:32.487+0000] {logging_mixin.py:188} INFO - [2024-11-18T20:39:32.487+0000] {dagbag.py:545} INFO - Filling up the DagBag from /home/airflow/.local/lib/python3.11/site-packages/airflow/example_dags/example_xcom.py
[2024-11-18T20:39:32.495+0000] {processor.py:840} INFO - DAG(s) 'example_xcom' retrieved from /home/airflow/.local/lib/python3.11/site-packages/airflow/example_dags/example_xcom.py
[2024-11-18T20:39:32.517+0000] {logging_mixin.py:188} INFO - [2024-11-18T20:39:32.517+0000] {dag.py:3089} INFO - Sync 1 DAGs
[2024-11-18T20:39:32.536+0000] {logging_mixin.py:188} INFO - [2024-11-18T20:39:32.536+0000] {dag.py:3947} INFO - Setting next_dagrun for example_xcom to 2021-01-01 00:00:00+00:00, run_after=2021-01-01 00:00:00+00:00
[2024-11-18T20:39:32.555+0000] {processor.py:183} INFO - Processing /home/airflow/.local/lib/python3.11/site-packages/airflow/example_dags/example_xcom.py took 0.075 seconds
[2024-11-18T20:40:03.663+0000] {processor.py:161} INFO - Started process (PID=2508) to work on /home/airflow/.local/lib/python3.11/site-packages/airflow/example_dags/example_xcom.py
[2024-11-18T20:40:03.664+0000] {processor.py:830} INFO - Processing file /home/airflow/.local/lib/python3.11/site-packages/airflow/example_dags/example_xcom.py for tasks to queue
[2024-11-18T20:40:03.667+0000] {logging_mixin.py:188} INFO - [2024-11-18T20:40:03.666+0000] {dagbag.py:545} INFO - Filling up the DagBag from /home/airflow/.local/lib/python3.11/site-packages/airflow/example_dags/example_xcom.py
[2024-11-18T20:40:03.689+0000] {processor.py:840} INFO - DAG(s) 'example_xcom' retrieved from /home/airflow/.local/lib/python3.11/site-packages/airflow/example_dags/example_xcom.py
[2024-11-18T20:40:03.716+0000] {logging_mixin.py:188} INFO - [2024-11-18T20:40:03.716+0000] {dag.py:3089} INFO - Sync 1 DAGs
[2024-11-18T20:40:03.748+0000] {logging_mixin.py:188} INFO - [2024-11-18T20:40:03.747+0000] {dag.py:3947} INFO - Setting next_dagrun for example_xcom to 2021-01-01 00:00:00+00:00, run_after=2021-01-01 00:00:00+00:00
[2024-11-18T20:40:03.770+0000] {processor.py:183} INFO - Processing /home/airflow/.local/lib/python3.11/site-packages/airflow/example_dags/example_xcom.py took 0.114 seconds
[2024-11-18T20:40:38.998+0000] {processor.py:161} INFO - Started process (PID=2573) to work on /home/airflow/.local/lib/python3.11/site-packages/airflow/example_dags/example_xcom.py
[2024-11-18T20:40:39.001+0000] {processor.py:830} INFO - Processing file /home/airflow/.local/lib/python3.11/site-packages/airflow/example_dags/example_xcom.py for tasks to queue
[2024-11-18T20:40:39.004+0000] {logging_mixin.py:188} INFO - [2024-11-18T20:40:39.003+0000] {dagbag.py:545} INFO - Filling up the DagBag from /home/airflow/.local/lib/python3.11/site-packages/airflow/example_dags/example_xcom.py
[2024-11-18T20:40:39.022+0000] {processor.py:840} INFO - DAG(s) 'example_xcom' retrieved from /home/airflow/.local/lib/python3.11/site-packages/airflow/example_dags/example_xcom.py
[2024-11-18T20:40:39.122+0000] {logging_mixin.py:188} INFO - [2024-11-18T20:40:39.122+0000] {dag.py:3089} INFO - Sync 1 DAGs
[2024-11-18T20:40:39.189+0000] {logging_mixin.py:188} INFO - [2024-11-18T20:40:39.188+0000] {dag.py:3947} INFO - Setting next_dagrun for example_xcom to 2021-01-01 00:00:00+00:00, run_after=2021-01-01 00:00:00+00:00
[2024-11-18T20:40:39.259+0000] {processor.py:183} INFO - Processing /home/airflow/.local/lib/python3.11/site-packages/airflow/example_dags/example_xcom.py took 0.273 seconds
[2024-11-18T20:43:56.582+0000] {processor.py:161} INFO - Started process (PID=81) to work on /home/airflow/.local/lib/python3.11/site-packages/airflow/example_dags/example_xcom.py
[2024-11-18T20:43:56.584+0000] {processor.py:830} INFO - Processing file /home/airflow/.local/lib/python3.11/site-packages/airflow/example_dags/example_xcom.py for tasks to queue
[2024-11-18T20:43:56.586+0000] {logging_mixin.py:188} INFO - [2024-11-18T20:43:56.586+0000] {dagbag.py:545} INFO - Filling up the DagBag from /home/airflow/.local/lib/python3.11/site-packages/airflow/example_dags/example_xcom.py
[2024-11-18T20:43:56.598+0000] {processor.py:840} INFO - DAG(s) 'example_xcom' retrieved from /home/airflow/.local/lib/python3.11/site-packages/airflow/example_dags/example_xcom.py
[2024-11-18T20:43:56.625+0000] {logging_mixin.py:188} INFO - [2024-11-18T20:43:56.625+0000] {dag.py:3089} INFO - Sync 1 DAGs
[2024-11-18T20:43:56.658+0000] {logging_mixin.py:188} INFO - [2024-11-18T20:43:56.657+0000] {dag.py:3947} INFO - Setting next_dagrun for example_xcom to 2021-01-01 00:00:00+00:00, run_after=2021-01-01 00:00:00+00:00
[2024-11-18T20:43:56.684+0000] {processor.py:183} INFO - Processing /home/airflow/.local/lib/python3.11/site-packages/airflow/example_dags/example_xcom.py took 0.108 seconds
[2024-11-18T20:44:27.785+0000] {processor.py:161} INFO - Started process (PID=140) to work on /home/airflow/.local/lib/python3.11/site-packages/airflow/example_dags/example_xcom.py
[2024-11-18T20:44:27.786+0000] {processor.py:830} INFO - Processing file /home/airflow/.local/lib/python3.11/site-packages/airflow/example_dags/example_xcom.py for tasks to queue
[2024-11-18T20:44:27.791+0000] {logging_mixin.py:188} INFO - [2024-11-18T20:44:27.790+0000] {dagbag.py:545} INFO - Filling up the DagBag from /home/airflow/.local/lib/python3.11/site-packages/airflow/example_dags/example_xcom.py
[2024-11-18T20:44:27.818+0000] {processor.py:840} INFO - DAG(s) 'example_xcom' retrieved from /home/airflow/.local/lib/python3.11/site-packages/airflow/example_dags/example_xcom.py
[2024-11-18T20:44:27.861+0000] {logging_mixin.py:188} INFO - [2024-11-18T20:44:27.861+0000] {dag.py:3089} INFO - Sync 1 DAGs
[2024-11-18T20:44:27.895+0000] {logging_mixin.py:188} INFO - [2024-11-18T20:44:27.894+0000] {dag.py:3947} INFO - Setting next_dagrun for example_xcom to 2021-01-01 00:00:00+00:00, run_after=2021-01-01 00:00:00+00:00
[2024-11-18T20:44:27.936+0000] {processor.py:183} INFO - Processing /home/airflow/.local/lib/python3.11/site-packages/airflow/example_dags/example_xcom.py took 0.165 seconds
[2024-11-18T20:44:58.052+0000] {processor.py:161} INFO - Started process (PID=198) to work on /home/airflow/.local/lib/python3.11/site-packages/airflow/example_dags/example_xcom.py
[2024-11-18T20:44:58.053+0000] {processor.py:830} INFO - Processing file /home/airflow/.local/lib/python3.11/site-packages/airflow/example_dags/example_xcom.py for tasks to queue
[2024-11-18T20:44:58.055+0000] {logging_mixin.py:188} INFO - [2024-11-18T20:44:58.055+0000] {dagbag.py:545} INFO - Filling up the DagBag from /home/airflow/.local/lib/python3.11/site-packages/airflow/example_dags/example_xcom.py
[2024-11-18T20:44:58.062+0000] {processor.py:840} INFO - DAG(s) 'example_xcom' retrieved from /home/airflow/.local/lib/python3.11/site-packages/airflow/example_dags/example_xcom.py
[2024-11-18T20:44:58.082+0000] {logging_mixin.py:188} INFO - [2024-11-18T20:44:58.081+0000] {dag.py:3089} INFO - Sync 1 DAGs
[2024-11-18T20:44:58.103+0000] {logging_mixin.py:188} INFO - [2024-11-18T20:44:58.102+0000] {dag.py:3947} INFO - Setting next_dagrun for example_xcom to 2021-01-01 00:00:00+00:00, run_after=2021-01-01 00:00:00+00:00
[2024-11-18T20:44:58.122+0000] {processor.py:183} INFO - Processing /home/airflow/.local/lib/python3.11/site-packages/airflow/example_dags/example_xcom.py took 0.075 seconds
[2024-11-18T20:45:28.329+0000] {processor.py:161} INFO - Started process (PID=257) to work on /home/airflow/.local/lib/python3.11/site-packages/airflow/example_dags/example_xcom.py
[2024-11-18T20:45:28.330+0000] {processor.py:830} INFO - Processing file /home/airflow/.local/lib/python3.11/site-packages/airflow/example_dags/example_xcom.py for tasks to queue
[2024-11-18T20:45:28.331+0000] {logging_mixin.py:188} INFO - [2024-11-18T20:45:28.331+0000] {dagbag.py:545} INFO - Filling up the DagBag from /home/airflow/.local/lib/python3.11/site-packages/airflow/example_dags/example_xcom.py
[2024-11-18T20:45:28.339+0000] {processor.py:840} INFO - DAG(s) 'example_xcom' retrieved from /home/airflow/.local/lib/python3.11/site-packages/airflow/example_dags/example_xcom.py
[2024-11-18T20:45:28.356+0000] {logging_mixin.py:188} INFO - [2024-11-18T20:45:28.356+0000] {dag.py:3089} INFO - Sync 1 DAGs
[2024-11-18T20:45:28.376+0000] {logging_mixin.py:188} INFO - [2024-11-18T20:45:28.376+0000] {dag.py:3947} INFO - Setting next_dagrun for example_xcom to 2021-01-01 00:00:00+00:00, run_after=2021-01-01 00:00:00+00:00
[2024-11-18T20:45:28.392+0000] {processor.py:183} INFO - Processing /home/airflow/.local/lib/python3.11/site-packages/airflow/example_dags/example_xcom.py took 0.070 seconds
[2024-11-18T20:45:58.592+0000] {processor.py:161} INFO - Started process (PID=316) to work on /home/airflow/.local/lib/python3.11/site-packages/airflow/example_dags/example_xcom.py
[2024-11-18T20:45:58.593+0000] {processor.py:830} INFO - Processing file /home/airflow/.local/lib/python3.11/site-packages/airflow/example_dags/example_xcom.py for tasks to queue
[2024-11-18T20:45:58.595+0000] {logging_mixin.py:188} INFO - [2024-11-18T20:45:58.594+0000] {dagbag.py:545} INFO - Filling up the DagBag from /home/airflow/.local/lib/python3.11/site-packages/airflow/example_dags/example_xcom.py
[2024-11-18T20:45:58.602+0000] {processor.py:840} INFO - DAG(s) 'example_xcom' retrieved from /home/airflow/.local/lib/python3.11/site-packages/airflow/example_dags/example_xcom.py
[2024-11-18T20:45:58.624+0000] {logging_mixin.py:188} INFO - [2024-11-18T20:45:58.624+0000] {dag.py:3089} INFO - Sync 1 DAGs
[2024-11-18T20:45:58.646+0000] {logging_mixin.py:188} INFO - [2024-11-18T20:45:58.646+0000] {dag.py:3947} INFO - Setting next_dagrun for example_xcom to 2021-01-01 00:00:00+00:00, run_after=2021-01-01 00:00:00+00:00
[2024-11-18T20:45:58.669+0000] {processor.py:183} INFO - Processing /home/airflow/.local/lib/python3.11/site-packages/airflow/example_dags/example_xcom.py took 0.082 seconds
[2024-11-18T20:46:28.864+0000] {processor.py:161} INFO - Started process (PID=375) to work on /home/airflow/.local/lib/python3.11/site-packages/airflow/example_dags/example_xcom.py
[2024-11-18T20:46:28.865+0000] {processor.py:830} INFO - Processing file /home/airflow/.local/lib/python3.11/site-packages/airflow/example_dags/example_xcom.py for tasks to queue
[2024-11-18T20:46:28.868+0000] {logging_mixin.py:188} INFO - [2024-11-18T20:46:28.867+0000] {dagbag.py:545} INFO - Filling up the DagBag from /home/airflow/.local/lib/python3.11/site-packages/airflow/example_dags/example_xcom.py
[2024-11-18T20:46:28.879+0000] {processor.py:840} INFO - DAG(s) 'example_xcom' retrieved from /home/airflow/.local/lib/python3.11/site-packages/airflow/example_dags/example_xcom.py
[2024-11-18T20:46:28.912+0000] {logging_mixin.py:188} INFO - [2024-11-18T20:46:28.912+0000] {dag.py:3089} INFO - Sync 1 DAGs
[2024-11-18T20:46:28.946+0000] {logging_mixin.py:188} INFO - [2024-11-18T20:46:28.946+0000] {dag.py:3947} INFO - Setting next_dagrun for example_xcom to 2021-01-01 00:00:00+00:00, run_after=2021-01-01 00:00:00+00:00
[2024-11-18T20:46:28.963+0000] {processor.py:183} INFO - Processing /home/airflow/.local/lib/python3.11/site-packages/airflow/example_dags/example_xcom.py took 0.112 seconds
[2024-11-18T20:46:59.072+0000] {processor.py:161} INFO - Started process (PID=434) to work on /home/airflow/.local/lib/python3.11/site-packages/airflow/example_dags/example_xcom.py
[2024-11-18T20:46:59.073+0000] {processor.py:830} INFO - Processing file /home/airflow/.local/lib/python3.11/site-packages/airflow/example_dags/example_xcom.py for tasks to queue
[2024-11-18T20:46:59.075+0000] {logging_mixin.py:188} INFO - [2024-11-18T20:46:59.074+0000] {dagbag.py:545} INFO - Filling up the DagBag from /home/airflow/.local/lib/python3.11/site-packages/airflow/example_dags/example_xcom.py
[2024-11-18T20:46:59.081+0000] {processor.py:840} INFO - DAG(s) 'example_xcom' retrieved from /home/airflow/.local/lib/python3.11/site-packages/airflow/example_dags/example_xcom.py
[2024-11-18T20:46:59.100+0000] {logging_mixin.py:188} INFO - [2024-11-18T20:46:59.100+0000] {dag.py:3089} INFO - Sync 1 DAGs
[2024-11-18T20:46:59.123+0000] {logging_mixin.py:188} INFO - [2024-11-18T20:46:59.123+0000] {dag.py:3947} INFO - Setting next_dagrun for example_xcom to 2021-01-01 00:00:00+00:00, run_after=2021-01-01 00:00:00+00:00
[2024-11-18T20:46:59.141+0000] {processor.py:183} INFO - Processing /home/airflow/.local/lib/python3.11/site-packages/airflow/example_dags/example_xcom.py took 0.075 seconds
[2024-11-18T20:48:17.166+0000] {processor.py:161} INFO - Started process (PID=70) to work on /home/airflow/.local/lib/python3.11/site-packages/airflow/example_dags/example_xcom.py
[2024-11-18T20:48:17.168+0000] {processor.py:830} INFO - Processing file /home/airflow/.local/lib/python3.11/site-packages/airflow/example_dags/example_xcom.py for tasks to queue
[2024-11-18T20:48:17.170+0000] {logging_mixin.py:188} INFO - [2024-11-18T20:48:17.170+0000] {dagbag.py:545} INFO - Filling up the DagBag from /home/airflow/.local/lib/python3.11/site-packages/airflow/example_dags/example_xcom.py
[2024-11-18T20:48:17.179+0000] {processor.py:840} INFO - DAG(s) 'example_xcom' retrieved from /home/airflow/.local/lib/python3.11/site-packages/airflow/example_dags/example_xcom.py
[2024-11-18T20:48:17.190+0000] {logging_mixin.py:188} INFO - [2024-11-18T20:48:17.190+0000] {dag.py:3089} INFO - Sync 1 DAGs
[2024-11-18T20:48:17.212+0000] {logging_mixin.py:188} INFO - [2024-11-18T20:48:17.212+0000] {dag.py:3947} INFO - Setting next_dagrun for example_xcom to 2021-01-01 00:00:00+00:00, run_after=2021-01-01 00:00:00+00:00
[2024-11-18T20:48:17.234+0000] {processor.py:183} INFO - Processing /home/airflow/.local/lib/python3.11/site-packages/airflow/example_dags/example_xcom.py took 0.075 seconds
[2024-11-18T20:48:48.258+0000] {processor.py:161} INFO - Started process (PID=135) to work on /home/airflow/.local/lib/python3.11/site-packages/airflow/example_dags/example_xcom.py
[2024-11-18T20:48:48.258+0000] {processor.py:830} INFO - Processing file /home/airflow/.local/lib/python3.11/site-packages/airflow/example_dags/example_xcom.py for tasks to queue
[2024-11-18T20:48:48.260+0000] {logging_mixin.py:188} INFO - [2024-11-18T20:48:48.260+0000] {dagbag.py:545} INFO - Filling up the DagBag from /home/airflow/.local/lib/python3.11/site-packages/airflow/example_dags/example_xcom.py
[2024-11-18T20:48:48.267+0000] {processor.py:840} INFO - DAG(s) 'example_xcom' retrieved from /home/airflow/.local/lib/python3.11/site-packages/airflow/example_dags/example_xcom.py
[2024-11-18T20:48:48.371+0000] {logging_mixin.py:188} INFO - [2024-11-18T20:48:48.370+0000] {dag.py:3089} INFO - Sync 1 DAGs
[2024-11-18T20:48:48.389+0000] {logging_mixin.py:188} INFO - [2024-11-18T20:48:48.389+0000] {dag.py:3947} INFO - Setting next_dagrun for example_xcom to 2021-01-01 00:00:00+00:00, run_after=2021-01-01 00:00:00+00:00
[2024-11-18T20:48:48.409+0000] {processor.py:183} INFO - Processing /home/airflow/.local/lib/python3.11/site-packages/airflow/example_dags/example_xcom.py took 0.157 seconds
[2024-11-18T20:49:19.221+0000] {processor.py:161} INFO - Started process (PID=194) to work on /home/airflow/.local/lib/python3.11/site-packages/airflow/example_dags/example_xcom.py
[2024-11-18T20:49:19.222+0000] {processor.py:830} INFO - Processing file /home/airflow/.local/lib/python3.11/site-packages/airflow/example_dags/example_xcom.py for tasks to queue
[2024-11-18T20:49:19.225+0000] {logging_mixin.py:188} INFO - [2024-11-18T20:49:19.224+0000] {dagbag.py:545} INFO - Filling up the DagBag from /home/airflow/.local/lib/python3.11/site-packages/airflow/example_dags/example_xcom.py
[2024-11-18T20:49:19.233+0000] {processor.py:840} INFO - DAG(s) 'example_xcom' retrieved from /home/airflow/.local/lib/python3.11/site-packages/airflow/example_dags/example_xcom.py
[2024-11-18T20:49:19.254+0000] {logging_mixin.py:188} INFO - [2024-11-18T20:49:19.254+0000] {dag.py:3089} INFO - Sync 1 DAGs
[2024-11-18T20:49:19.279+0000] {logging_mixin.py:188} INFO - [2024-11-18T20:49:19.278+0000] {dag.py:3947} INFO - Setting next_dagrun for example_xcom to 2021-01-01 00:00:00+00:00, run_after=2021-01-01 00:00:00+00:00
[2024-11-18T20:49:19.305+0000] {processor.py:183} INFO - Processing /home/airflow/.local/lib/python3.11/site-packages/airflow/example_dags/example_xcom.py took 0.090 seconds
[2024-11-18T20:50:39.100+0000] {processor.py:161} INFO - Started process (PID=75) to work on /home/airflow/.local/lib/python3.11/site-packages/airflow/example_dags/example_xcom.py
[2024-11-18T20:50:39.101+0000] {processor.py:830} INFO - Processing file /home/airflow/.local/lib/python3.11/site-packages/airflow/example_dags/example_xcom.py for tasks to queue
[2024-11-18T20:50:39.103+0000] {logging_mixin.py:188} INFO - [2024-11-18T20:50:39.102+0000] {dagbag.py:545} INFO - Filling up the DagBag from /home/airflow/.local/lib/python3.11/site-packages/airflow/example_dags/example_xcom.py
[2024-11-18T20:50:39.118+0000] {processor.py:840} INFO - DAG(s) 'example_xcom' retrieved from /home/airflow/.local/lib/python3.11/site-packages/airflow/example_dags/example_xcom.py
[2024-11-18T20:50:39.132+0000] {logging_mixin.py:188} INFO - [2024-11-18T20:50:39.132+0000] {dag.py:3089} INFO - Sync 1 DAGs
[2024-11-18T20:50:39.161+0000] {logging_mixin.py:188} INFO - [2024-11-18T20:50:39.161+0000] {dag.py:3947} INFO - Setting next_dagrun for example_xcom to 2021-01-01 00:00:00+00:00, run_after=2021-01-01 00:00:00+00:00
[2024-11-18T20:50:39.186+0000] {processor.py:183} INFO - Processing /home/airflow/.local/lib/python3.11/site-packages/airflow/example_dags/example_xcom.py took 0.093 seconds
[2024-11-18T20:51:12.436+0000] {processor.py:161} INFO - Started process (PID=140) to work on /home/airflow/.local/lib/python3.11/site-packages/airflow/example_dags/example_xcom.py
[2024-11-18T20:51:12.437+0000] {processor.py:830} INFO - Processing file /home/airflow/.local/lib/python3.11/site-packages/airflow/example_dags/example_xcom.py for tasks to queue
[2024-11-18T20:51:12.439+0000] {logging_mixin.py:188} INFO - [2024-11-18T20:51:12.438+0000] {dagbag.py:545} INFO - Filling up the DagBag from /home/airflow/.local/lib/python3.11/site-packages/airflow/example_dags/example_xcom.py
[2024-11-18T20:51:12.447+0000] {processor.py:840} INFO - DAG(s) 'example_xcom' retrieved from /home/airflow/.local/lib/python3.11/site-packages/airflow/example_dags/example_xcom.py
[2024-11-18T20:51:12.545+0000] {logging_mixin.py:188} INFO - [2024-11-18T20:51:12.545+0000] {dag.py:3089} INFO - Sync 1 DAGs
[2024-11-18T20:51:12.563+0000] {logging_mixin.py:188} INFO - [2024-11-18T20:51:12.563+0000] {dag.py:3947} INFO - Setting next_dagrun for example_xcom to 2021-01-01 00:00:00+00:00, run_after=2021-01-01 00:00:00+00:00
[2024-11-18T20:51:12.583+0000] {processor.py:183} INFO - Processing /home/airflow/.local/lib/python3.11/site-packages/airflow/example_dags/example_xcom.py took 0.154 seconds
[2024-11-18T20:51:43.408+0000] {processor.py:161} INFO - Started process (PID=199) to work on /home/airflow/.local/lib/python3.11/site-packages/airflow/example_dags/example_xcom.py
[2024-11-18T20:51:43.409+0000] {processor.py:830} INFO - Processing file /home/airflow/.local/lib/python3.11/site-packages/airflow/example_dags/example_xcom.py for tasks to queue
[2024-11-18T20:51:43.411+0000] {logging_mixin.py:188} INFO - [2024-11-18T20:51:43.411+0000] {dagbag.py:545} INFO - Filling up the DagBag from /home/airflow/.local/lib/python3.11/site-packages/airflow/example_dags/example_xcom.py
[2024-11-18T20:51:43.418+0000] {processor.py:840} INFO - DAG(s) 'example_xcom' retrieved from /home/airflow/.local/lib/python3.11/site-packages/airflow/example_dags/example_xcom.py
[2024-11-18T20:51:43.436+0000] {logging_mixin.py:188} INFO - [2024-11-18T20:51:43.436+0000] {dag.py:3089} INFO - Sync 1 DAGs
[2024-11-18T20:51:43.454+0000] {logging_mixin.py:188} INFO - [2024-11-18T20:51:43.454+0000] {dag.py:3947} INFO - Setting next_dagrun for example_xcom to 2021-01-01 00:00:00+00:00, run_after=2021-01-01 00:00:00+00:00
[2024-11-18T20:51:43.474+0000] {processor.py:183} INFO - Processing /home/airflow/.local/lib/python3.11/site-packages/airflow/example_dags/example_xcom.py took 0.072 seconds
[2024-11-18T20:52:14.191+0000] {processor.py:161} INFO - Started process (PID=258) to work on /home/airflow/.local/lib/python3.11/site-packages/airflow/example_dags/example_xcom.py
[2024-11-18T20:52:14.192+0000] {processor.py:830} INFO - Processing file /home/airflow/.local/lib/python3.11/site-packages/airflow/example_dags/example_xcom.py for tasks to queue
[2024-11-18T20:52:14.195+0000] {logging_mixin.py:188} INFO - [2024-11-18T20:52:14.195+0000] {dagbag.py:545} INFO - Filling up the DagBag from /home/airflow/.local/lib/python3.11/site-packages/airflow/example_dags/example_xcom.py
[2024-11-18T20:52:14.208+0000] {processor.py:840} INFO - DAG(s) 'example_xcom' retrieved from /home/airflow/.local/lib/python3.11/site-packages/airflow/example_dags/example_xcom.py
[2024-11-18T20:52:14.241+0000] {logging_mixin.py:188} INFO - [2024-11-18T20:52:14.240+0000] {dag.py:3089} INFO - Sync 1 DAGs
[2024-11-18T20:52:14.281+0000] {logging_mixin.py:188} INFO - [2024-11-18T20:52:14.281+0000] {dag.py:3947} INFO - Setting next_dagrun for example_xcom to 2021-01-01 00:00:00+00:00, run_after=2021-01-01 00:00:00+00:00
[2024-11-18T20:52:14.320+0000] {processor.py:183} INFO - Processing /home/airflow/.local/lib/python3.11/site-packages/airflow/example_dags/example_xcom.py took 0.135 seconds
[2024-11-18T20:52:44.612+0000] {processor.py:161} INFO - Started process (PID=316) to work on /home/airflow/.local/lib/python3.11/site-packages/airflow/example_dags/example_xcom.py
[2024-11-18T20:52:44.620+0000] {processor.py:830} INFO - Processing file /home/airflow/.local/lib/python3.11/site-packages/airflow/example_dags/example_xcom.py for tasks to queue
[2024-11-18T20:52:44.624+0000] {logging_mixin.py:188} INFO - [2024-11-18T20:52:44.623+0000] {dagbag.py:545} INFO - Filling up the DagBag from /home/airflow/.local/lib/python3.11/site-packages/airflow/example_dags/example_xcom.py
[2024-11-18T20:52:44.644+0000] {processor.py:840} INFO - DAG(s) 'example_xcom' retrieved from /home/airflow/.local/lib/python3.11/site-packages/airflow/example_dags/example_xcom.py
[2024-11-18T20:52:44.698+0000] {logging_mixin.py:188} INFO - [2024-11-18T20:52:44.698+0000] {dag.py:3089} INFO - Sync 1 DAGs
[2024-11-18T20:52:44.749+0000] {logging_mixin.py:188} INFO - [2024-11-18T20:52:44.748+0000] {dag.py:3947} INFO - Setting next_dagrun for example_xcom to 2021-01-01 00:00:00+00:00, run_after=2021-01-01 00:00:00+00:00
[2024-11-18T20:52:44.798+0000] {processor.py:183} INFO - Processing /home/airflow/.local/lib/python3.11/site-packages/airflow/example_dags/example_xcom.py took 0.196 seconds
[2024-11-18T20:53:15.645+0000] {processor.py:161} INFO - Started process (PID=375) to work on /home/airflow/.local/lib/python3.11/site-packages/airflow/example_dags/example_xcom.py
[2024-11-18T20:53:15.658+0000] {processor.py:830} INFO - Processing file /home/airflow/.local/lib/python3.11/site-packages/airflow/example_dags/example_xcom.py for tasks to queue
[2024-11-18T20:53:15.661+0000] {logging_mixin.py:188} INFO - [2024-11-18T20:53:15.660+0000] {dagbag.py:545} INFO - Filling up the DagBag from /home/airflow/.local/lib/python3.11/site-packages/airflow/example_dags/example_xcom.py
[2024-11-18T20:53:15.693+0000] {processor.py:840} INFO - DAG(s) 'example_xcom' retrieved from /home/airflow/.local/lib/python3.11/site-packages/airflow/example_dags/example_xcom.py
[2024-11-18T20:53:15.738+0000] {logging_mixin.py:188} INFO - [2024-11-18T20:53:15.738+0000] {dag.py:3089} INFO - Sync 1 DAGs
[2024-11-18T20:53:15.800+0000] {logging_mixin.py:188} INFO - [2024-11-18T20:53:15.799+0000] {dag.py:3947} INFO - Setting next_dagrun for example_xcom to 2021-01-01 00:00:00+00:00, run_after=2021-01-01 00:00:00+00:00
[2024-11-18T20:53:15.876+0000] {processor.py:183} INFO - Processing /home/airflow/.local/lib/python3.11/site-packages/airflow/example_dags/example_xcom.py took 0.252 seconds
[2024-11-18T20:53:46.732+0000] {processor.py:161} INFO - Started process (PID=434) to work on /home/airflow/.local/lib/python3.11/site-packages/airflow/example_dags/example_xcom.py
[2024-11-18T20:53:46.736+0000] {processor.py:830} INFO - Processing file /home/airflow/.local/lib/python3.11/site-packages/airflow/example_dags/example_xcom.py for tasks to queue
[2024-11-18T20:53:46.738+0000] {logging_mixin.py:188} INFO - [2024-11-18T20:53:46.737+0000] {dagbag.py:545} INFO - Filling up the DagBag from /home/airflow/.local/lib/python3.11/site-packages/airflow/example_dags/example_xcom.py
[2024-11-18T20:53:46.754+0000] {processor.py:840} INFO - DAG(s) 'example_xcom' retrieved from /home/airflow/.local/lib/python3.11/site-packages/airflow/example_dags/example_xcom.py
[2024-11-18T20:53:46.788+0000] {logging_mixin.py:188} INFO - [2024-11-18T20:53:46.788+0000] {dag.py:3089} INFO - Sync 1 DAGs
[2024-11-18T20:53:46.822+0000] {logging_mixin.py:188} INFO - [2024-11-18T20:53:46.822+0000] {dag.py:3947} INFO - Setting next_dagrun for example_xcom to 2021-01-01 00:00:00+00:00, run_after=2021-01-01 00:00:00+00:00
[2024-11-18T20:53:46.856+0000] {processor.py:183} INFO - Processing /home/airflow/.local/lib/python3.11/site-packages/airflow/example_dags/example_xcom.py took 0.133 seconds
[2024-11-18T20:54:17.156+0000] {processor.py:161} INFO - Started process (PID=493) to work on /home/airflow/.local/lib/python3.11/site-packages/airflow/example_dags/example_xcom.py
[2024-11-18T20:54:17.157+0000] {processor.py:830} INFO - Processing file /home/airflow/.local/lib/python3.11/site-packages/airflow/example_dags/example_xcom.py for tasks to queue
[2024-11-18T20:54:17.159+0000] {logging_mixin.py:188} INFO - [2024-11-18T20:54:17.158+0000] {dagbag.py:545} INFO - Filling up the DagBag from /home/airflow/.local/lib/python3.11/site-packages/airflow/example_dags/example_xcom.py
[2024-11-18T20:54:17.166+0000] {processor.py:840} INFO - DAG(s) 'example_xcom' retrieved from /home/airflow/.local/lib/python3.11/site-packages/airflow/example_dags/example_xcom.py
[2024-11-18T20:54:17.192+0000] {logging_mixin.py:188} INFO - [2024-11-18T20:54:17.192+0000] {dag.py:3089} INFO - Sync 1 DAGs
[2024-11-18T20:54:17.217+0000] {logging_mixin.py:188} INFO - [2024-11-18T20:54:17.216+0000] {dag.py:3947} INFO - Setting next_dagrun for example_xcom to 2021-01-01 00:00:00+00:00, run_after=2021-01-01 00:00:00+00:00
[2024-11-18T20:54:17.235+0000] {processor.py:183} INFO - Processing /home/airflow/.local/lib/python3.11/site-packages/airflow/example_dags/example_xcom.py took 0.085 seconds
[2024-11-18T20:54:47.679+0000] {processor.py:161} INFO - Started process (PID=552) to work on /home/airflow/.local/lib/python3.11/site-packages/airflow/example_dags/example_xcom.py
[2024-11-18T20:54:47.680+0000] {processor.py:830} INFO - Processing file /home/airflow/.local/lib/python3.11/site-packages/airflow/example_dags/example_xcom.py for tasks to queue
[2024-11-18T20:54:47.683+0000] {logging_mixin.py:188} INFO - [2024-11-18T20:54:47.682+0000] {dagbag.py:545} INFO - Filling up the DagBag from /home/airflow/.local/lib/python3.11/site-packages/airflow/example_dags/example_xcom.py
[2024-11-18T20:54:47.692+0000] {processor.py:840} INFO - DAG(s) 'example_xcom' retrieved from /home/airflow/.local/lib/python3.11/site-packages/airflow/example_dags/example_xcom.py
[2024-11-18T20:54:47.715+0000] {logging_mixin.py:188} INFO - [2024-11-18T20:54:47.715+0000] {dag.py:3089} INFO - Sync 1 DAGs
[2024-11-18T20:54:47.743+0000] {logging_mixin.py:188} INFO - [2024-11-18T20:54:47.743+0000] {dag.py:3947} INFO - Setting next_dagrun for example_xcom to 2021-01-01 00:00:00+00:00, run_after=2021-01-01 00:00:00+00:00
[2024-11-18T20:54:47.778+0000] {processor.py:183} INFO - Processing /home/airflow/.local/lib/python3.11/site-packages/airflow/example_dags/example_xcom.py took 0.113 seconds
[2024-11-18T20:55:18.119+0000] {processor.py:161} INFO - Started process (PID=611) to work on /home/airflow/.local/lib/python3.11/site-packages/airflow/example_dags/example_xcom.py
[2024-11-18T20:55:18.120+0000] {processor.py:830} INFO - Processing file /home/airflow/.local/lib/python3.11/site-packages/airflow/example_dags/example_xcom.py for tasks to queue
[2024-11-18T20:55:18.122+0000] {logging_mixin.py:188} INFO - [2024-11-18T20:55:18.122+0000] {dagbag.py:545} INFO - Filling up the DagBag from /home/airflow/.local/lib/python3.11/site-packages/airflow/example_dags/example_xcom.py
[2024-11-18T20:55:18.129+0000] {processor.py:840} INFO - DAG(s) 'example_xcom' retrieved from /home/airflow/.local/lib/python3.11/site-packages/airflow/example_dags/example_xcom.py
[2024-11-18T20:55:18.150+0000] {logging_mixin.py:188} INFO - [2024-11-18T20:55:18.150+0000] {dag.py:3089} INFO - Sync 1 DAGs
[2024-11-18T20:55:18.173+0000] {logging_mixin.py:188} INFO - [2024-11-18T20:55:18.173+0000] {dag.py:3947} INFO - Setting next_dagrun for example_xcom to 2021-01-01 00:00:00+00:00, run_after=2021-01-01 00:00:00+00:00
[2024-11-18T20:55:18.198+0000] {processor.py:183} INFO - Processing /home/airflow/.local/lib/python3.11/site-packages/airflow/example_dags/example_xcom.py took 0.084 seconds
[2024-11-18T20:55:48.244+0000] {processor.py:161} INFO - Started process (PID=670) to work on /home/airflow/.local/lib/python3.11/site-packages/airflow/example_dags/example_xcom.py
[2024-11-18T20:55:48.245+0000] {processor.py:830} INFO - Processing file /home/airflow/.local/lib/python3.11/site-packages/airflow/example_dags/example_xcom.py for tasks to queue
[2024-11-18T20:55:48.248+0000] {logging_mixin.py:188} INFO - [2024-11-18T20:55:48.247+0000] {dagbag.py:545} INFO - Filling up the DagBag from /home/airflow/.local/lib/python3.11/site-packages/airflow/example_dags/example_xcom.py
[2024-11-18T20:55:48.256+0000] {processor.py:840} INFO - DAG(s) 'example_xcom' retrieved from /home/airflow/.local/lib/python3.11/site-packages/airflow/example_dags/example_xcom.py
[2024-11-18T20:55:48.278+0000] {logging_mixin.py:188} INFO - [2024-11-18T20:55:48.278+0000] {dag.py:3089} INFO - Sync 1 DAGs
[2024-11-18T20:55:48.299+0000] {logging_mixin.py:188} INFO - [2024-11-18T20:55:48.299+0000] {dag.py:3947} INFO - Setting next_dagrun for example_xcom to 2021-01-01 00:00:00+00:00, run_after=2021-01-01 00:00:00+00:00
[2024-11-18T20:55:48.331+0000] {processor.py:183} INFO - Processing /home/airflow/.local/lib/python3.11/site-packages/airflow/example_dags/example_xcom.py took 0.093 seconds
[2024-11-18T20:56:18.748+0000] {processor.py:161} INFO - Started process (PID=729) to work on /home/airflow/.local/lib/python3.11/site-packages/airflow/example_dags/example_xcom.py
[2024-11-18T20:56:18.749+0000] {processor.py:830} INFO - Processing file /home/airflow/.local/lib/python3.11/site-packages/airflow/example_dags/example_xcom.py for tasks to queue
[2024-11-18T20:56:18.751+0000] {logging_mixin.py:188} INFO - [2024-11-18T20:56:18.750+0000] {dagbag.py:545} INFO - Filling up the DagBag from /home/airflow/.local/lib/python3.11/site-packages/airflow/example_dags/example_xcom.py
[2024-11-18T20:56:18.759+0000] {processor.py:840} INFO - DAG(s) 'example_xcom' retrieved from /home/airflow/.local/lib/python3.11/site-packages/airflow/example_dags/example_xcom.py
[2024-11-18T20:56:18.786+0000] {logging_mixin.py:188} INFO - [2024-11-18T20:56:18.785+0000] {dag.py:3089} INFO - Sync 1 DAGs
[2024-11-18T20:56:18.812+0000] {logging_mixin.py:188} INFO - [2024-11-18T20:56:18.812+0000] {dag.py:3947} INFO - Setting next_dagrun for example_xcom to 2021-01-01 00:00:00+00:00, run_after=2021-01-01 00:00:00+00:00
[2024-11-18T20:56:18.854+0000] {processor.py:183} INFO - Processing /home/airflow/.local/lib/python3.11/site-packages/airflow/example_dags/example_xcom.py took 0.111 seconds
[2024-11-18T20:56:49.119+0000] {processor.py:161} INFO - Started process (PID=788) to work on /home/airflow/.local/lib/python3.11/site-packages/airflow/example_dags/example_xcom.py
[2024-11-18T20:56:49.120+0000] {processor.py:830} INFO - Processing file /home/airflow/.local/lib/python3.11/site-packages/airflow/example_dags/example_xcom.py for tasks to queue
[2024-11-18T20:56:49.122+0000] {logging_mixin.py:188} INFO - [2024-11-18T20:56:49.121+0000] {dagbag.py:545} INFO - Filling up the DagBag from /home/airflow/.local/lib/python3.11/site-packages/airflow/example_dags/example_xcom.py
[2024-11-18T20:56:49.130+0000] {processor.py:840} INFO - DAG(s) 'example_xcom' retrieved from /home/airflow/.local/lib/python3.11/site-packages/airflow/example_dags/example_xcom.py
[2024-11-18T20:56:49.151+0000] {logging_mixin.py:188} INFO - [2024-11-18T20:56:49.150+0000] {dag.py:3089} INFO - Sync 1 DAGs
[2024-11-18T20:56:49.171+0000] {logging_mixin.py:188} INFO - [2024-11-18T20:56:49.171+0000] {dag.py:3947} INFO - Setting next_dagrun for example_xcom to 2021-01-01 00:00:00+00:00, run_after=2021-01-01 00:00:00+00:00
[2024-11-18T20:56:49.195+0000] {processor.py:183} INFO - Processing /home/airflow/.local/lib/python3.11/site-packages/airflow/example_dags/example_xcom.py took 0.081 seconds
[2024-11-18T20:57:19.473+0000] {processor.py:161} INFO - Started process (PID=847) to work on /home/airflow/.local/lib/python3.11/site-packages/airflow/example_dags/example_xcom.py
[2024-11-18T20:57:19.474+0000] {processor.py:830} INFO - Processing file /home/airflow/.local/lib/python3.11/site-packages/airflow/example_dags/example_xcom.py for tasks to queue
[2024-11-18T20:57:19.476+0000] {logging_mixin.py:188} INFO - [2024-11-18T20:57:19.475+0000] {dagbag.py:545} INFO - Filling up the DagBag from /home/airflow/.local/lib/python3.11/site-packages/airflow/example_dags/example_xcom.py
[2024-11-18T20:57:19.483+0000] {processor.py:840} INFO - DAG(s) 'example_xcom' retrieved from /home/airflow/.local/lib/python3.11/site-packages/airflow/example_dags/example_xcom.py
[2024-11-18T20:57:19.504+0000] {logging_mixin.py:188} INFO - [2024-11-18T20:57:19.504+0000] {dag.py:3089} INFO - Sync 1 DAGs
[2024-11-18T20:57:19.525+0000] {logging_mixin.py:188} INFO - [2024-11-18T20:57:19.524+0000] {dag.py:3947} INFO - Setting next_dagrun for example_xcom to 2021-01-01 00:00:00+00:00, run_after=2021-01-01 00:00:00+00:00
[2024-11-18T20:57:19.547+0000] {processor.py:183} INFO - Processing /home/airflow/.local/lib/python3.11/site-packages/airflow/example_dags/example_xcom.py took 0.079 seconds
[2024-11-18T20:57:49.938+0000] {processor.py:161} INFO - Started process (PID=906) to work on /home/airflow/.local/lib/python3.11/site-packages/airflow/example_dags/example_xcom.py
[2024-11-18T20:57:49.939+0000] {processor.py:830} INFO - Processing file /home/airflow/.local/lib/python3.11/site-packages/airflow/example_dags/example_xcom.py for tasks to queue
[2024-11-18T20:57:49.941+0000] {logging_mixin.py:188} INFO - [2024-11-18T20:57:49.941+0000] {dagbag.py:545} INFO - Filling up the DagBag from /home/airflow/.local/lib/python3.11/site-packages/airflow/example_dags/example_xcom.py
[2024-11-18T20:57:49.949+0000] {processor.py:840} INFO - DAG(s) 'example_xcom' retrieved from /home/airflow/.local/lib/python3.11/site-packages/airflow/example_dags/example_xcom.py
[2024-11-18T20:57:49.971+0000] {logging_mixin.py:188} INFO - [2024-11-18T20:57:49.971+0000] {dag.py:3089} INFO - Sync 1 DAGs
[2024-11-18T20:57:49.991+0000] {logging_mixin.py:188} INFO - [2024-11-18T20:57:49.991+0000] {dag.py:3947} INFO - Setting next_dagrun for example_xcom to 2021-01-01 00:00:00+00:00, run_after=2021-01-01 00:00:00+00:00
[2024-11-18T20:57:50.016+0000] {processor.py:183} INFO - Processing /home/airflow/.local/lib/python3.11/site-packages/airflow/example_dags/example_xcom.py took 0.083 seconds
[2024-11-18T20:58:20.143+0000] {processor.py:161} INFO - Started process (PID=965) to work on /home/airflow/.local/lib/python3.11/site-packages/airflow/example_dags/example_xcom.py
[2024-11-18T20:58:20.145+0000] {processor.py:830} INFO - Processing file /home/airflow/.local/lib/python3.11/site-packages/airflow/example_dags/example_xcom.py for tasks to queue
[2024-11-18T20:58:20.147+0000] {logging_mixin.py:188} INFO - [2024-11-18T20:58:20.146+0000] {dagbag.py:545} INFO - Filling up the DagBag from /home/airflow/.local/lib/python3.11/site-packages/airflow/example_dags/example_xcom.py
[2024-11-18T20:58:20.154+0000] {processor.py:840} INFO - DAG(s) 'example_xcom' retrieved from /home/airflow/.local/lib/python3.11/site-packages/airflow/example_dags/example_xcom.py
[2024-11-18T20:58:20.178+0000] {logging_mixin.py:188} INFO - [2024-11-18T20:58:20.178+0000] {dag.py:3089} INFO - Sync 1 DAGs
[2024-11-18T20:58:20.198+0000] {logging_mixin.py:188} INFO - [2024-11-18T20:58:20.198+0000] {dag.py:3947} INFO - Setting next_dagrun for example_xcom to 2021-01-01 00:00:00+00:00, run_after=2021-01-01 00:00:00+00:00
[2024-11-18T20:58:20.218+0000] {processor.py:183} INFO - Processing /home/airflow/.local/lib/python3.11/site-packages/airflow/example_dags/example_xcom.py took 0.081 seconds
[2024-11-18T20:58:50.661+0000] {processor.py:161} INFO - Started process (PID=1024) to work on /home/airflow/.local/lib/python3.11/site-packages/airflow/example_dags/example_xcom.py
[2024-11-18T20:58:50.662+0000] {processor.py:830} INFO - Processing file /home/airflow/.local/lib/python3.11/site-packages/airflow/example_dags/example_xcom.py for tasks to queue
[2024-11-18T20:58:50.664+0000] {logging_mixin.py:188} INFO - [2024-11-18T20:58:50.664+0000] {dagbag.py:545} INFO - Filling up the DagBag from /home/airflow/.local/lib/python3.11/site-packages/airflow/example_dags/example_xcom.py
[2024-11-18T20:58:50.672+0000] {processor.py:840} INFO - DAG(s) 'example_xcom' retrieved from /home/airflow/.local/lib/python3.11/site-packages/airflow/example_dags/example_xcom.py
[2024-11-18T20:58:50.694+0000] {logging_mixin.py:188} INFO - [2024-11-18T20:58:50.694+0000] {dag.py:3089} INFO - Sync 1 DAGs
[2024-11-18T20:58:50.717+0000] {logging_mixin.py:188} INFO - [2024-11-18T20:58:50.717+0000] {dag.py:3947} INFO - Setting next_dagrun for example_xcom to 2021-01-01 00:00:00+00:00, run_after=2021-01-01 00:00:00+00:00
[2024-11-18T20:58:50.738+0000] {processor.py:183} INFO - Processing /home/airflow/.local/lib/python3.11/site-packages/airflow/example_dags/example_xcom.py took 0.083 seconds
