[2024-11-18T20:19:09.110+0000] {processor.py:161} INFO - Started process (PID=90) to work on /home/airflow/.local/lib/python3.11/site-packages/airflow/example_dags/example_kubernetes_executor.py
[2024-11-18T20:19:09.111+0000] {processor.py:830} INFO - Processing file /home/airflow/.local/lib/python3.11/site-packages/airflow/example_dags/example_kubernetes_executor.py for tasks to queue
[2024-11-18T20:19:09.113+0000] {logging_mixin.py:188} INFO - [2024-11-18T20:19:09.112+0000] {dagbag.py:545} INFO - Filling up the DagBag from /home/airflow/.local/lib/python3.11/site-packages/airflow/example_dags/example_kubernetes_executor.py
[2024-11-18T20:19:09.126+0000] {processor.py:840} INFO - DAG(s) 'example_kubernetes_executor' retrieved from /home/airflow/.local/lib/python3.11/site-packages/airflow/example_dags/example_kubernetes_executor.py
[2024-11-18T20:19:09.244+0000] {logging_mixin.py:188} INFO - [2024-11-18T20:19:09.243+0000] {override.py:1858} INFO - Created Permission View: can edit on DAG:example_kubernetes_executor
[2024-11-18T20:19:09.254+0000] {logging_mixin.py:188} INFO - [2024-11-18T20:19:09.254+0000] {override.py:1858} INFO - Created Permission View: can delete on DAG:example_kubernetes_executor
[2024-11-18T20:19:09.260+0000] {logging_mixin.py:188} INFO - [2024-11-18T20:19:09.260+0000] {override.py:1858} INFO - Created Permission View: can read on DAG:example_kubernetes_executor
[2024-11-18T20:19:09.261+0000] {logging_mixin.py:188} INFO - [2024-11-18T20:19:09.261+0000] {dag.py:3089} INFO - Sync 1 DAGs
[2024-11-18T20:19:09.270+0000] {logging_mixin.py:188} INFO - [2024-11-18T20:19:09.270+0000] {dag.py:3111} INFO - Creating ORM DAG for example_kubernetes_executor
[2024-11-18T20:19:09.271+0000] {logging_mixin.py:188} INFO - [2024-11-18T20:19:09.271+0000] {dag.py:3947} INFO - Setting next_dagrun for example_kubernetes_executor to None, run_after=None
[2024-11-18T20:19:09.286+0000] {processor.py:183} INFO - Processing /home/airflow/.local/lib/python3.11/site-packages/airflow/example_dags/example_kubernetes_executor.py took 0.181 seconds
[2024-11-18T20:19:39.617+0000] {processor.py:161} INFO - Started process (PID=148) to work on /home/airflow/.local/lib/python3.11/site-packages/airflow/example_dags/example_kubernetes_executor.py
[2024-11-18T20:19:39.618+0000] {processor.py:830} INFO - Processing file /home/airflow/.local/lib/python3.11/site-packages/airflow/example_dags/example_kubernetes_executor.py for tasks to queue
[2024-11-18T20:19:39.619+0000] {logging_mixin.py:188} INFO - [2024-11-18T20:19:39.619+0000] {dagbag.py:545} INFO - Filling up the DagBag from /home/airflow/.local/lib/python3.11/site-packages/airflow/example_dags/example_kubernetes_executor.py
[2024-11-18T20:19:39.629+0000] {processor.py:840} INFO - DAG(s) 'example_kubernetes_executor' retrieved from /home/airflow/.local/lib/python3.11/site-packages/airflow/example_dags/example_kubernetes_executor.py
[2024-11-18T20:19:39.658+0000] {logging_mixin.py:188} INFO - [2024-11-18T20:19:39.658+0000] {dag.py:3089} INFO - Sync 1 DAGs
[2024-11-18T20:19:39.668+0000] {logging_mixin.py:188} INFO - [2024-11-18T20:19:39.668+0000] {dag.py:3947} INFO - Setting next_dagrun for example_kubernetes_executor to None, run_after=None
[2024-11-18T20:19:39.684+0000] {processor.py:183} INFO - Processing /home/airflow/.local/lib/python3.11/site-packages/airflow/example_dags/example_kubernetes_executor.py took 0.072 seconds
[2024-11-18T20:20:10.330+0000] {processor.py:161} INFO - Started process (PID=206) to work on /home/airflow/.local/lib/python3.11/site-packages/airflow/example_dags/example_kubernetes_executor.py
[2024-11-18T20:20:10.331+0000] {processor.py:830} INFO - Processing file /home/airflow/.local/lib/python3.11/site-packages/airflow/example_dags/example_kubernetes_executor.py for tasks to queue
[2024-11-18T20:20:10.333+0000] {logging_mixin.py:188} INFO - [2024-11-18T20:20:10.332+0000] {dagbag.py:545} INFO - Filling up the DagBag from /home/airflow/.local/lib/python3.11/site-packages/airflow/example_dags/example_kubernetes_executor.py
[2024-11-18T20:20:10.346+0000] {processor.py:840} INFO - DAG(s) 'example_kubernetes_executor' retrieved from /home/airflow/.local/lib/python3.11/site-packages/airflow/example_dags/example_kubernetes_executor.py
[2024-11-18T20:20:10.380+0000] {logging_mixin.py:188} INFO - [2024-11-18T20:20:10.379+0000] {dag.py:3089} INFO - Sync 1 DAGs
[2024-11-18T20:20:10.389+0000] {logging_mixin.py:188} INFO - [2024-11-18T20:20:10.389+0000] {dag.py:3947} INFO - Setting next_dagrun for example_kubernetes_executor to None, run_after=None
[2024-11-18T20:20:10.406+0000] {processor.py:183} INFO - Processing /home/airflow/.local/lib/python3.11/site-packages/airflow/example_dags/example_kubernetes_executor.py took 0.084 seconds
[2024-11-18T20:20:41.385+0000] {processor.py:161} INFO - Started process (PID=264) to work on /home/airflow/.local/lib/python3.11/site-packages/airflow/example_dags/example_kubernetes_executor.py
[2024-11-18T20:20:41.386+0000] {processor.py:830} INFO - Processing file /home/airflow/.local/lib/python3.11/site-packages/airflow/example_dags/example_kubernetes_executor.py for tasks to queue
[2024-11-18T20:20:41.387+0000] {logging_mixin.py:188} INFO - [2024-11-18T20:20:41.387+0000] {dagbag.py:545} INFO - Filling up the DagBag from /home/airflow/.local/lib/python3.11/site-packages/airflow/example_dags/example_kubernetes_executor.py
[2024-11-18T20:20:41.399+0000] {processor.py:840} INFO - DAG(s) 'example_kubernetes_executor' retrieved from /home/airflow/.local/lib/python3.11/site-packages/airflow/example_dags/example_kubernetes_executor.py
[2024-11-18T20:20:41.431+0000] {logging_mixin.py:188} INFO - [2024-11-18T20:20:41.431+0000] {dag.py:3089} INFO - Sync 1 DAGs
[2024-11-18T20:20:41.443+0000] {logging_mixin.py:188} INFO - [2024-11-18T20:20:41.442+0000] {dag.py:3947} INFO - Setting next_dagrun for example_kubernetes_executor to None, run_after=None
[2024-11-18T20:20:41.467+0000] {processor.py:183} INFO - Processing /home/airflow/.local/lib/python3.11/site-packages/airflow/example_dags/example_kubernetes_executor.py took 0.089 seconds
[2024-11-18T20:21:12.194+0000] {processor.py:161} INFO - Started process (PID=323) to work on /home/airflow/.local/lib/python3.11/site-packages/airflow/example_dags/example_kubernetes_executor.py
[2024-11-18T20:21:12.195+0000] {processor.py:830} INFO - Processing file /home/airflow/.local/lib/python3.11/site-packages/airflow/example_dags/example_kubernetes_executor.py for tasks to queue
[2024-11-18T20:21:12.197+0000] {logging_mixin.py:188} INFO - [2024-11-18T20:21:12.196+0000] {dagbag.py:545} INFO - Filling up the DagBag from /home/airflow/.local/lib/python3.11/site-packages/airflow/example_dags/example_kubernetes_executor.py
[2024-11-18T20:21:12.211+0000] {processor.py:840} INFO - DAG(s) 'example_kubernetes_executor' retrieved from /home/airflow/.local/lib/python3.11/site-packages/airflow/example_dags/example_kubernetes_executor.py
[2024-11-18T20:21:12.251+0000] {logging_mixin.py:188} INFO - [2024-11-18T20:21:12.251+0000] {dag.py:3089} INFO - Sync 1 DAGs
[2024-11-18T20:21:12.264+0000] {logging_mixin.py:188} INFO - [2024-11-18T20:21:12.263+0000] {dag.py:3947} INFO - Setting next_dagrun for example_kubernetes_executor to None, run_after=None
[2024-11-18T20:21:12.284+0000] {processor.py:183} INFO - Processing /home/airflow/.local/lib/python3.11/site-packages/airflow/example_dags/example_kubernetes_executor.py took 0.095 seconds
[2024-11-18T20:21:42.320+0000] {processor.py:161} INFO - Started process (PID=381) to work on /home/airflow/.local/lib/python3.11/site-packages/airflow/example_dags/example_kubernetes_executor.py
[2024-11-18T20:21:42.320+0000] {processor.py:830} INFO - Processing file /home/airflow/.local/lib/python3.11/site-packages/airflow/example_dags/example_kubernetes_executor.py for tasks to queue
[2024-11-18T20:21:42.323+0000] {logging_mixin.py:188} INFO - [2024-11-18T20:21:42.322+0000] {dagbag.py:545} INFO - Filling up the DagBag from /home/airflow/.local/lib/python3.11/site-packages/airflow/example_dags/example_kubernetes_executor.py
[2024-11-18T20:21:42.333+0000] {processor.py:840} INFO - DAG(s) 'example_kubernetes_executor' retrieved from /home/airflow/.local/lib/python3.11/site-packages/airflow/example_dags/example_kubernetes_executor.py
[2024-11-18T20:21:42.362+0000] {logging_mixin.py:188} INFO - [2024-11-18T20:21:42.362+0000] {dag.py:3089} INFO - Sync 1 DAGs
[2024-11-18T20:21:42.373+0000] {logging_mixin.py:188} INFO - [2024-11-18T20:21:42.372+0000] {dag.py:3947} INFO - Setting next_dagrun for example_kubernetes_executor to None, run_after=None
[2024-11-18T20:21:42.390+0000] {processor.py:183} INFO - Processing /home/airflow/.local/lib/python3.11/site-packages/airflow/example_dags/example_kubernetes_executor.py took 0.076 seconds
[2024-11-18T20:22:12.833+0000] {processor.py:161} INFO - Started process (PID=439) to work on /home/airflow/.local/lib/python3.11/site-packages/airflow/example_dags/example_kubernetes_executor.py
[2024-11-18T20:22:12.834+0000] {processor.py:830} INFO - Processing file /home/airflow/.local/lib/python3.11/site-packages/airflow/example_dags/example_kubernetes_executor.py for tasks to queue
[2024-11-18T20:22:12.836+0000] {logging_mixin.py:188} INFO - [2024-11-18T20:22:12.835+0000] {dagbag.py:545} INFO - Filling up the DagBag from /home/airflow/.local/lib/python3.11/site-packages/airflow/example_dags/example_kubernetes_executor.py
[2024-11-18T20:22:12.845+0000] {processor.py:840} INFO - DAG(s) 'example_kubernetes_executor' retrieved from /home/airflow/.local/lib/python3.11/site-packages/airflow/example_dags/example_kubernetes_executor.py
[2024-11-18T20:22:12.875+0000] {logging_mixin.py:188} INFO - [2024-11-18T20:22:12.875+0000] {dag.py:3089} INFO - Sync 1 DAGs
[2024-11-18T20:22:12.887+0000] {logging_mixin.py:188} INFO - [2024-11-18T20:22:12.887+0000] {dag.py:3947} INFO - Setting next_dagrun for example_kubernetes_executor to None, run_after=None
[2024-11-18T20:22:12.903+0000] {processor.py:183} INFO - Processing /home/airflow/.local/lib/python3.11/site-packages/airflow/example_dags/example_kubernetes_executor.py took 0.074 seconds
[2024-11-18T20:22:43.547+0000] {processor.py:161} INFO - Started process (PID=498) to work on /home/airflow/.local/lib/python3.11/site-packages/airflow/example_dags/example_kubernetes_executor.py
[2024-11-18T20:22:43.548+0000] {processor.py:830} INFO - Processing file /home/airflow/.local/lib/python3.11/site-packages/airflow/example_dags/example_kubernetes_executor.py for tasks to queue
[2024-11-18T20:22:43.550+0000] {logging_mixin.py:188} INFO - [2024-11-18T20:22:43.549+0000] {dagbag.py:545} INFO - Filling up the DagBag from /home/airflow/.local/lib/python3.11/site-packages/airflow/example_dags/example_kubernetes_executor.py
[2024-11-18T20:22:43.569+0000] {processor.py:840} INFO - DAG(s) 'example_kubernetes_executor' retrieved from /home/airflow/.local/lib/python3.11/site-packages/airflow/example_dags/example_kubernetes_executor.py
[2024-11-18T20:22:43.618+0000] {logging_mixin.py:188} INFO - [2024-11-18T20:22:43.618+0000] {dag.py:3089} INFO - Sync 1 DAGs
[2024-11-18T20:22:43.640+0000] {logging_mixin.py:188} INFO - [2024-11-18T20:22:43.639+0000] {dag.py:3947} INFO - Setting next_dagrun for example_kubernetes_executor to None, run_after=None
[2024-11-18T20:22:43.662+0000] {processor.py:183} INFO - Processing /home/airflow/.local/lib/python3.11/site-packages/airflow/example_dags/example_kubernetes_executor.py took 0.120 seconds
[2024-11-18T20:23:13.890+0000] {processor.py:161} INFO - Started process (PID=556) to work on /home/airflow/.local/lib/python3.11/site-packages/airflow/example_dags/example_kubernetes_executor.py
[2024-11-18T20:23:13.891+0000] {processor.py:830} INFO - Processing file /home/airflow/.local/lib/python3.11/site-packages/airflow/example_dags/example_kubernetes_executor.py for tasks to queue
[2024-11-18T20:23:13.892+0000] {logging_mixin.py:188} INFO - [2024-11-18T20:23:13.892+0000] {dagbag.py:545} INFO - Filling up the DagBag from /home/airflow/.local/lib/python3.11/site-packages/airflow/example_dags/example_kubernetes_executor.py
[2024-11-18T20:23:13.907+0000] {processor.py:840} INFO - DAG(s) 'example_kubernetes_executor' retrieved from /home/airflow/.local/lib/python3.11/site-packages/airflow/example_dags/example_kubernetes_executor.py
[2024-11-18T20:23:13.948+0000] {logging_mixin.py:188} INFO - [2024-11-18T20:23:13.948+0000] {dag.py:3089} INFO - Sync 1 DAGs
[2024-11-18T20:23:13.962+0000] {logging_mixin.py:188} INFO - [2024-11-18T20:23:13.962+0000] {dag.py:3947} INFO - Setting next_dagrun for example_kubernetes_executor to None, run_after=None
[2024-11-18T20:23:13.986+0000] {processor.py:183} INFO - Processing /home/airflow/.local/lib/python3.11/site-packages/airflow/example_dags/example_kubernetes_executor.py took 0.103 seconds
[2024-11-18T20:23:44.718+0000] {processor.py:161} INFO - Started process (PID=614) to work on /home/airflow/.local/lib/python3.11/site-packages/airflow/example_dags/example_kubernetes_executor.py
[2024-11-18T20:23:44.719+0000] {processor.py:830} INFO - Processing file /home/airflow/.local/lib/python3.11/site-packages/airflow/example_dags/example_kubernetes_executor.py for tasks to queue
[2024-11-18T20:23:44.721+0000] {logging_mixin.py:188} INFO - [2024-11-18T20:23:44.720+0000] {dagbag.py:545} INFO - Filling up the DagBag from /home/airflow/.local/lib/python3.11/site-packages/airflow/example_dags/example_kubernetes_executor.py
[2024-11-18T20:23:44.730+0000] {processor.py:840} INFO - DAG(s) 'example_kubernetes_executor' retrieved from /home/airflow/.local/lib/python3.11/site-packages/airflow/example_dags/example_kubernetes_executor.py
[2024-11-18T20:23:44.763+0000] {logging_mixin.py:188} INFO - [2024-11-18T20:23:44.762+0000] {dag.py:3089} INFO - Sync 1 DAGs
[2024-11-18T20:23:44.773+0000] {logging_mixin.py:188} INFO - [2024-11-18T20:23:44.773+0000] {dag.py:3947} INFO - Setting next_dagrun for example_kubernetes_executor to None, run_after=None
[2024-11-18T20:23:44.789+0000] {processor.py:183} INFO - Processing /home/airflow/.local/lib/python3.11/site-packages/airflow/example_dags/example_kubernetes_executor.py took 0.076 seconds
[2024-11-18T20:24:15.349+0000] {processor.py:161} INFO - Started process (PID=674) to work on /home/airflow/.local/lib/python3.11/site-packages/airflow/example_dags/example_kubernetes_executor.py
[2024-11-18T20:24:15.350+0000] {processor.py:830} INFO - Processing file /home/airflow/.local/lib/python3.11/site-packages/airflow/example_dags/example_kubernetes_executor.py for tasks to queue
[2024-11-18T20:24:15.352+0000] {logging_mixin.py:188} INFO - [2024-11-18T20:24:15.352+0000] {dagbag.py:545} INFO - Filling up the DagBag from /home/airflow/.local/lib/python3.11/site-packages/airflow/example_dags/example_kubernetes_executor.py
[2024-11-18T20:24:15.361+0000] {processor.py:840} INFO - DAG(s) 'example_kubernetes_executor' retrieved from /home/airflow/.local/lib/python3.11/site-packages/airflow/example_dags/example_kubernetes_executor.py
[2024-11-18T20:24:15.392+0000] {logging_mixin.py:188} INFO - [2024-11-18T20:24:15.392+0000] {dag.py:3089} INFO - Sync 1 DAGs
[2024-11-18T20:24:15.404+0000] {logging_mixin.py:188} INFO - [2024-11-18T20:24:15.404+0000] {dag.py:3947} INFO - Setting next_dagrun for example_kubernetes_executor to None, run_after=None
[2024-11-18T20:24:15.423+0000] {processor.py:183} INFO - Processing /home/airflow/.local/lib/python3.11/site-packages/airflow/example_dags/example_kubernetes_executor.py took 0.078 seconds
[2024-11-18T20:24:45.772+0000] {processor.py:161} INFO - Started process (PID=733) to work on /home/airflow/.local/lib/python3.11/site-packages/airflow/example_dags/example_kubernetes_executor.py
[2024-11-18T20:24:45.773+0000] {processor.py:830} INFO - Processing file /home/airflow/.local/lib/python3.11/site-packages/airflow/example_dags/example_kubernetes_executor.py for tasks to queue
[2024-11-18T20:24:45.775+0000] {logging_mixin.py:188} INFO - [2024-11-18T20:24:45.775+0000] {dagbag.py:545} INFO - Filling up the DagBag from /home/airflow/.local/lib/python3.11/site-packages/airflow/example_dags/example_kubernetes_executor.py
[2024-11-18T20:24:45.784+0000] {processor.py:840} INFO - DAG(s) 'example_kubernetes_executor' retrieved from /home/airflow/.local/lib/python3.11/site-packages/airflow/example_dags/example_kubernetes_executor.py
[2024-11-18T20:24:45.818+0000] {logging_mixin.py:188} INFO - [2024-11-18T20:24:45.818+0000] {dag.py:3089} INFO - Sync 1 DAGs
[2024-11-18T20:24:45.828+0000] {logging_mixin.py:188} INFO - [2024-11-18T20:24:45.828+0000] {dag.py:3947} INFO - Setting next_dagrun for example_kubernetes_executor to None, run_after=None
[2024-11-18T20:24:45.843+0000] {processor.py:183} INFO - Processing /home/airflow/.local/lib/python3.11/site-packages/airflow/example_dags/example_kubernetes_executor.py took 0.076 seconds
[2024-11-18T20:25:16.238+0000] {processor.py:161} INFO - Started process (PID=792) to work on /home/airflow/.local/lib/python3.11/site-packages/airflow/example_dags/example_kubernetes_executor.py
[2024-11-18T20:25:16.239+0000] {processor.py:830} INFO - Processing file /home/airflow/.local/lib/python3.11/site-packages/airflow/example_dags/example_kubernetes_executor.py for tasks to queue
[2024-11-18T20:25:16.241+0000] {logging_mixin.py:188} INFO - [2024-11-18T20:25:16.241+0000] {dagbag.py:545} INFO - Filling up the DagBag from /home/airflow/.local/lib/python3.11/site-packages/airflow/example_dags/example_kubernetes_executor.py
[2024-11-18T20:25:16.252+0000] {processor.py:840} INFO - DAG(s) 'example_kubernetes_executor' retrieved from /home/airflow/.local/lib/python3.11/site-packages/airflow/example_dags/example_kubernetes_executor.py
[2024-11-18T20:25:16.326+0000] {logging_mixin.py:188} INFO - [2024-11-18T20:25:16.326+0000] {dag.py:3089} INFO - Sync 1 DAGs
[2024-11-18T20:25:16.348+0000] {logging_mixin.py:188} INFO - [2024-11-18T20:25:16.347+0000] {dag.py:3947} INFO - Setting next_dagrun for example_kubernetes_executor to None, run_after=None
[2024-11-18T20:25:16.383+0000] {processor.py:183} INFO - Processing /home/airflow/.local/lib/python3.11/site-packages/airflow/example_dags/example_kubernetes_executor.py took 0.151 seconds
[2024-11-18T20:25:47.040+0000] {processor.py:161} INFO - Started process (PID=851) to work on /home/airflow/.local/lib/python3.11/site-packages/airflow/example_dags/example_kubernetes_executor.py
[2024-11-18T20:25:47.041+0000] {processor.py:830} INFO - Processing file /home/airflow/.local/lib/python3.11/site-packages/airflow/example_dags/example_kubernetes_executor.py for tasks to queue
[2024-11-18T20:25:47.043+0000] {logging_mixin.py:188} INFO - [2024-11-18T20:25:47.043+0000] {dagbag.py:545} INFO - Filling up the DagBag from /home/airflow/.local/lib/python3.11/site-packages/airflow/example_dags/example_kubernetes_executor.py
[2024-11-18T20:25:47.052+0000] {processor.py:840} INFO - DAG(s) 'example_kubernetes_executor' retrieved from /home/airflow/.local/lib/python3.11/site-packages/airflow/example_dags/example_kubernetes_executor.py
[2024-11-18T20:25:47.082+0000] {logging_mixin.py:188} INFO - [2024-11-18T20:25:47.081+0000] {dag.py:3089} INFO - Sync 1 DAGs
[2024-11-18T20:25:47.092+0000] {logging_mixin.py:188} INFO - [2024-11-18T20:25:47.092+0000] {dag.py:3947} INFO - Setting next_dagrun for example_kubernetes_executor to None, run_after=None
[2024-11-18T20:25:47.109+0000] {processor.py:183} INFO - Processing /home/airflow/.local/lib/python3.11/site-packages/airflow/example_dags/example_kubernetes_executor.py took 0.073 seconds
[2024-11-18T20:26:17.469+0000] {processor.py:161} INFO - Started process (PID=910) to work on /home/airflow/.local/lib/python3.11/site-packages/airflow/example_dags/example_kubernetes_executor.py
[2024-11-18T20:26:17.471+0000] {processor.py:830} INFO - Processing file /home/airflow/.local/lib/python3.11/site-packages/airflow/example_dags/example_kubernetes_executor.py for tasks to queue
[2024-11-18T20:26:17.473+0000] {logging_mixin.py:188} INFO - [2024-11-18T20:26:17.472+0000] {dagbag.py:545} INFO - Filling up the DagBag from /home/airflow/.local/lib/python3.11/site-packages/airflow/example_dags/example_kubernetes_executor.py
[2024-11-18T20:26:17.484+0000] {processor.py:840} INFO - DAG(s) 'example_kubernetes_executor' retrieved from /home/airflow/.local/lib/python3.11/site-packages/airflow/example_dags/example_kubernetes_executor.py
[2024-11-18T20:26:17.518+0000] {logging_mixin.py:188} INFO - [2024-11-18T20:26:17.518+0000] {dag.py:3089} INFO - Sync 1 DAGs
[2024-11-18T20:26:17.531+0000] {logging_mixin.py:188} INFO - [2024-11-18T20:26:17.531+0000] {dag.py:3947} INFO - Setting next_dagrun for example_kubernetes_executor to None, run_after=None
[2024-11-18T20:26:17.547+0000] {processor.py:183} INFO - Processing /home/airflow/.local/lib/python3.11/site-packages/airflow/example_dags/example_kubernetes_executor.py took 0.083 seconds
[2024-11-18T20:26:48.085+0000] {processor.py:161} INFO - Started process (PID=969) to work on /home/airflow/.local/lib/python3.11/site-packages/airflow/example_dags/example_kubernetes_executor.py
[2024-11-18T20:26:48.086+0000] {processor.py:830} INFO - Processing file /home/airflow/.local/lib/python3.11/site-packages/airflow/example_dags/example_kubernetes_executor.py for tasks to queue
[2024-11-18T20:26:48.087+0000] {logging_mixin.py:188} INFO - [2024-11-18T20:26:48.087+0000] {dagbag.py:545} INFO - Filling up the DagBag from /home/airflow/.local/lib/python3.11/site-packages/airflow/example_dags/example_kubernetes_executor.py
[2024-11-18T20:26:48.096+0000] {processor.py:840} INFO - DAG(s) 'example_kubernetes_executor' retrieved from /home/airflow/.local/lib/python3.11/site-packages/airflow/example_dags/example_kubernetes_executor.py
[2024-11-18T20:26:48.126+0000] {logging_mixin.py:188} INFO - [2024-11-18T20:26:48.125+0000] {dag.py:3089} INFO - Sync 1 DAGs
[2024-11-18T20:26:48.135+0000] {logging_mixin.py:188} INFO - [2024-11-18T20:26:48.135+0000] {dag.py:3947} INFO - Setting next_dagrun for example_kubernetes_executor to None, run_after=None
[2024-11-18T20:26:48.151+0000] {processor.py:183} INFO - Processing /home/airflow/.local/lib/python3.11/site-packages/airflow/example_dags/example_kubernetes_executor.py took 0.070 seconds
[2024-11-18T20:27:21.573+0000] {processor.py:161} INFO - Started process (PID=1028) to work on /home/airflow/.local/lib/python3.11/site-packages/airflow/example_dags/example_kubernetes_executor.py
[2024-11-18T20:27:21.585+0000] {processor.py:830} INFO - Processing file /home/airflow/.local/lib/python3.11/site-packages/airflow/example_dags/example_kubernetes_executor.py for tasks to queue
[2024-11-18T20:27:21.596+0000] {logging_mixin.py:188} INFO - [2024-11-18T20:27:21.595+0000] {dagbag.py:545} INFO - Filling up the DagBag from /home/airflow/.local/lib/python3.11/site-packages/airflow/example_dags/example_kubernetes_executor.py
[2024-11-18T20:27:21.646+0000] {processor.py:840} INFO - DAG(s) 'example_kubernetes_executor' retrieved from /home/airflow/.local/lib/python3.11/site-packages/airflow/example_dags/example_kubernetes_executor.py
[2024-11-18T20:27:21.727+0000] {logging_mixin.py:188} INFO - [2024-11-18T20:27:21.727+0000] {dag.py:3089} INFO - Sync 1 DAGs
[2024-11-18T20:27:21.756+0000] {logging_mixin.py:188} INFO - [2024-11-18T20:27:21.754+0000] {dag.py:3947} INFO - Setting next_dagrun for example_kubernetes_executor to None, run_after=None
[2024-11-18T20:27:21.809+0000] {processor.py:183} INFO - Processing /home/airflow/.local/lib/python3.11/site-packages/airflow/example_dags/example_kubernetes_executor.py took 0.248 seconds
[2024-11-18T20:27:51.985+0000] {processor.py:161} INFO - Started process (PID=1087) to work on /home/airflow/.local/lib/python3.11/site-packages/airflow/example_dags/example_kubernetes_executor.py
[2024-11-18T20:27:51.986+0000] {processor.py:830} INFO - Processing file /home/airflow/.local/lib/python3.11/site-packages/airflow/example_dags/example_kubernetes_executor.py for tasks to queue
[2024-11-18T20:27:51.988+0000] {logging_mixin.py:188} INFO - [2024-11-18T20:27:51.987+0000] {dagbag.py:545} INFO - Filling up the DagBag from /home/airflow/.local/lib/python3.11/site-packages/airflow/example_dags/example_kubernetes_executor.py
[2024-11-18T20:27:52.004+0000] {processor.py:840} INFO - DAG(s) 'example_kubernetes_executor' retrieved from /home/airflow/.local/lib/python3.11/site-packages/airflow/example_dags/example_kubernetes_executor.py
[2024-11-18T20:27:52.060+0000] {logging_mixin.py:188} INFO - [2024-11-18T20:27:52.059+0000] {dag.py:3089} INFO - Sync 1 DAGs
[2024-11-18T20:27:52.072+0000] {logging_mixin.py:188} INFO - [2024-11-18T20:27:52.072+0000] {dag.py:3947} INFO - Setting next_dagrun for example_kubernetes_executor to None, run_after=None
[2024-11-18T20:27:52.102+0000] {processor.py:183} INFO - Processing /home/airflow/.local/lib/python3.11/site-packages/airflow/example_dags/example_kubernetes_executor.py took 0.123 seconds
[2024-11-18T20:28:22.421+0000] {processor.py:161} INFO - Started process (PID=1147) to work on /home/airflow/.local/lib/python3.11/site-packages/airflow/example_dags/example_kubernetes_executor.py
[2024-11-18T20:28:22.422+0000] {processor.py:830} INFO - Processing file /home/airflow/.local/lib/python3.11/site-packages/airflow/example_dags/example_kubernetes_executor.py for tasks to queue
[2024-11-18T20:28:22.424+0000] {logging_mixin.py:188} INFO - [2024-11-18T20:28:22.424+0000] {dagbag.py:545} INFO - Filling up the DagBag from /home/airflow/.local/lib/python3.11/site-packages/airflow/example_dags/example_kubernetes_executor.py
[2024-11-18T20:28:22.439+0000] {processor.py:840} INFO - DAG(s) 'example_kubernetes_executor' retrieved from /home/airflow/.local/lib/python3.11/site-packages/airflow/example_dags/example_kubernetes_executor.py
[2024-11-18T20:28:22.482+0000] {logging_mixin.py:188} INFO - [2024-11-18T20:28:22.481+0000] {dag.py:3089} INFO - Sync 1 DAGs
[2024-11-18T20:28:22.498+0000] {logging_mixin.py:188} INFO - [2024-11-18T20:28:22.498+0000] {dag.py:3947} INFO - Setting next_dagrun for example_kubernetes_executor to None, run_after=None
[2024-11-18T20:28:22.523+0000] {processor.py:183} INFO - Processing /home/airflow/.local/lib/python3.11/site-packages/airflow/example_dags/example_kubernetes_executor.py took 0.109 seconds
[2024-11-18T20:28:52.588+0000] {processor.py:161} INFO - Started process (PID=1206) to work on /home/airflow/.local/lib/python3.11/site-packages/airflow/example_dags/example_kubernetes_executor.py
[2024-11-18T20:28:52.589+0000] {processor.py:830} INFO - Processing file /home/airflow/.local/lib/python3.11/site-packages/airflow/example_dags/example_kubernetes_executor.py for tasks to queue
[2024-11-18T20:28:52.591+0000] {logging_mixin.py:188} INFO - [2024-11-18T20:28:52.590+0000] {dagbag.py:545} INFO - Filling up the DagBag from /home/airflow/.local/lib/python3.11/site-packages/airflow/example_dags/example_kubernetes_executor.py
[2024-11-18T20:28:52.604+0000] {processor.py:840} INFO - DAG(s) 'example_kubernetes_executor' retrieved from /home/airflow/.local/lib/python3.11/site-packages/airflow/example_dags/example_kubernetes_executor.py
[2024-11-18T20:28:52.639+0000] {logging_mixin.py:188} INFO - [2024-11-18T20:28:52.639+0000] {dag.py:3089} INFO - Sync 1 DAGs
[2024-11-18T20:28:52.652+0000] {logging_mixin.py:188} INFO - [2024-11-18T20:28:52.652+0000] {dag.py:3947} INFO - Setting next_dagrun for example_kubernetes_executor to None, run_after=None
[2024-11-18T20:28:52.672+0000] {processor.py:183} INFO - Processing /home/airflow/.local/lib/python3.11/site-packages/airflow/example_dags/example_kubernetes_executor.py took 0.090 seconds
[2024-11-18T20:29:23.058+0000] {processor.py:161} INFO - Started process (PID=1265) to work on /home/airflow/.local/lib/python3.11/site-packages/airflow/example_dags/example_kubernetes_executor.py
[2024-11-18T20:29:23.059+0000] {processor.py:830} INFO - Processing file /home/airflow/.local/lib/python3.11/site-packages/airflow/example_dags/example_kubernetes_executor.py for tasks to queue
[2024-11-18T20:29:23.061+0000] {logging_mixin.py:188} INFO - [2024-11-18T20:29:23.061+0000] {dagbag.py:545} INFO - Filling up the DagBag from /home/airflow/.local/lib/python3.11/site-packages/airflow/example_dags/example_kubernetes_executor.py
[2024-11-18T20:29:23.076+0000] {processor.py:840} INFO - DAG(s) 'example_kubernetes_executor' retrieved from /home/airflow/.local/lib/python3.11/site-packages/airflow/example_dags/example_kubernetes_executor.py
[2024-11-18T20:29:23.118+0000] {logging_mixin.py:188} INFO - [2024-11-18T20:29:23.117+0000] {dag.py:3089} INFO - Sync 1 DAGs
[2024-11-18T20:29:23.131+0000] {logging_mixin.py:188} INFO - [2024-11-18T20:29:23.131+0000] {dag.py:3947} INFO - Setting next_dagrun for example_kubernetes_executor to None, run_after=None
[2024-11-18T20:29:23.152+0000] {processor.py:183} INFO - Processing /home/airflow/.local/lib/python3.11/site-packages/airflow/example_dags/example_kubernetes_executor.py took 0.101 seconds
[2024-11-18T20:29:53.230+0000] {processor.py:161} INFO - Started process (PID=1324) to work on /home/airflow/.local/lib/python3.11/site-packages/airflow/example_dags/example_kubernetes_executor.py
[2024-11-18T20:29:53.231+0000] {processor.py:830} INFO - Processing file /home/airflow/.local/lib/python3.11/site-packages/airflow/example_dags/example_kubernetes_executor.py for tasks to queue
[2024-11-18T20:29:53.232+0000] {logging_mixin.py:188} INFO - [2024-11-18T20:29:53.232+0000] {dagbag.py:545} INFO - Filling up the DagBag from /home/airflow/.local/lib/python3.11/site-packages/airflow/example_dags/example_kubernetes_executor.py
[2024-11-18T20:29:53.244+0000] {processor.py:840} INFO - DAG(s) 'example_kubernetes_executor' retrieved from /home/airflow/.local/lib/python3.11/site-packages/airflow/example_dags/example_kubernetes_executor.py
[2024-11-18T20:29:53.277+0000] {logging_mixin.py:188} INFO - [2024-11-18T20:29:53.276+0000] {dag.py:3089} INFO - Sync 1 DAGs
[2024-11-18T20:29:53.287+0000] {logging_mixin.py:188} INFO - [2024-11-18T20:29:53.287+0000] {dag.py:3947} INFO - Setting next_dagrun for example_kubernetes_executor to None, run_after=None
[2024-11-18T20:29:53.304+0000] {processor.py:183} INFO - Processing /home/airflow/.local/lib/python3.11/site-packages/airflow/example_dags/example_kubernetes_executor.py took 0.079 seconds
[2024-11-18T20:30:23.772+0000] {processor.py:161} INFO - Started process (PID=1383) to work on /home/airflow/.local/lib/python3.11/site-packages/airflow/example_dags/example_kubernetes_executor.py
[2024-11-18T20:30:23.774+0000] {processor.py:830} INFO - Processing file /home/airflow/.local/lib/python3.11/site-packages/airflow/example_dags/example_kubernetes_executor.py for tasks to queue
[2024-11-18T20:30:23.776+0000] {logging_mixin.py:188} INFO - [2024-11-18T20:30:23.776+0000] {dagbag.py:545} INFO - Filling up the DagBag from /home/airflow/.local/lib/python3.11/site-packages/airflow/example_dags/example_kubernetes_executor.py
[2024-11-18T20:30:23.791+0000] {processor.py:840} INFO - DAG(s) 'example_kubernetes_executor' retrieved from /home/airflow/.local/lib/python3.11/site-packages/airflow/example_dags/example_kubernetes_executor.py
[2024-11-18T20:30:23.831+0000] {logging_mixin.py:188} INFO - [2024-11-18T20:30:23.830+0000] {dag.py:3089} INFO - Sync 1 DAGs
[2024-11-18T20:30:23.845+0000] {logging_mixin.py:188} INFO - [2024-11-18T20:30:23.845+0000] {dag.py:3947} INFO - Setting next_dagrun for example_kubernetes_executor to None, run_after=None
[2024-11-18T20:30:23.866+0000] {processor.py:183} INFO - Processing /home/airflow/.local/lib/python3.11/site-packages/airflow/example_dags/example_kubernetes_executor.py took 0.102 seconds
[2024-11-18T20:30:54.086+0000] {processor.py:161} INFO - Started process (PID=1443) to work on /home/airflow/.local/lib/python3.11/site-packages/airflow/example_dags/example_kubernetes_executor.py
[2024-11-18T20:30:54.087+0000] {processor.py:830} INFO - Processing file /home/airflow/.local/lib/python3.11/site-packages/airflow/example_dags/example_kubernetes_executor.py for tasks to queue
[2024-11-18T20:30:54.090+0000] {logging_mixin.py:188} INFO - [2024-11-18T20:30:54.090+0000] {dagbag.py:545} INFO - Filling up the DagBag from /home/airflow/.local/lib/python3.11/site-packages/airflow/example_dags/example_kubernetes_executor.py
[2024-11-18T20:30:54.107+0000] {processor.py:840} INFO - DAG(s) 'example_kubernetes_executor' retrieved from /home/airflow/.local/lib/python3.11/site-packages/airflow/example_dags/example_kubernetes_executor.py
[2024-11-18T20:30:54.146+0000] {logging_mixin.py:188} INFO - [2024-11-18T20:30:54.145+0000] {dag.py:3089} INFO - Sync 1 DAGs
[2024-11-18T20:30:54.157+0000] {logging_mixin.py:188} INFO - [2024-11-18T20:30:54.157+0000] {dag.py:3947} INFO - Setting next_dagrun for example_kubernetes_executor to None, run_after=None
[2024-11-18T20:30:54.176+0000] {processor.py:183} INFO - Processing /home/airflow/.local/lib/python3.11/site-packages/airflow/example_dags/example_kubernetes_executor.py took 0.096 seconds
[2024-11-18T20:31:24.345+0000] {processor.py:161} INFO - Started process (PID=1502) to work on /home/airflow/.local/lib/python3.11/site-packages/airflow/example_dags/example_kubernetes_executor.py
[2024-11-18T20:31:24.346+0000] {processor.py:830} INFO - Processing file /home/airflow/.local/lib/python3.11/site-packages/airflow/example_dags/example_kubernetes_executor.py for tasks to queue
[2024-11-18T20:31:24.347+0000] {logging_mixin.py:188} INFO - [2024-11-18T20:31:24.347+0000] {dagbag.py:545} INFO - Filling up the DagBag from /home/airflow/.local/lib/python3.11/site-packages/airflow/example_dags/example_kubernetes_executor.py
[2024-11-18T20:31:24.359+0000] {processor.py:840} INFO - DAG(s) 'example_kubernetes_executor' retrieved from /home/airflow/.local/lib/python3.11/site-packages/airflow/example_dags/example_kubernetes_executor.py
[2024-11-18T20:31:24.393+0000] {logging_mixin.py:188} INFO - [2024-11-18T20:31:24.393+0000] {dag.py:3089} INFO - Sync 1 DAGs
[2024-11-18T20:31:24.406+0000] {logging_mixin.py:188} INFO - [2024-11-18T20:31:24.405+0000] {dag.py:3947} INFO - Setting next_dagrun for example_kubernetes_executor to None, run_after=None
[2024-11-18T20:31:24.436+0000] {processor.py:183} INFO - Processing /home/airflow/.local/lib/python3.11/site-packages/airflow/example_dags/example_kubernetes_executor.py took 0.097 seconds
[2024-11-18T20:31:54.608+0000] {processor.py:161} INFO - Started process (PID=1561) to work on /home/airflow/.local/lib/python3.11/site-packages/airflow/example_dags/example_kubernetes_executor.py
[2024-11-18T20:31:54.609+0000] {processor.py:830} INFO - Processing file /home/airflow/.local/lib/python3.11/site-packages/airflow/example_dags/example_kubernetes_executor.py for tasks to queue
[2024-11-18T20:31:54.611+0000] {logging_mixin.py:188} INFO - [2024-11-18T20:31:54.610+0000] {dagbag.py:545} INFO - Filling up the DagBag from /home/airflow/.local/lib/python3.11/site-packages/airflow/example_dags/example_kubernetes_executor.py
[2024-11-18T20:31:54.624+0000] {processor.py:840} INFO - DAG(s) 'example_kubernetes_executor' retrieved from /home/airflow/.local/lib/python3.11/site-packages/airflow/example_dags/example_kubernetes_executor.py
[2024-11-18T20:31:54.662+0000] {logging_mixin.py:188} INFO - [2024-11-18T20:31:54.662+0000] {dag.py:3089} INFO - Sync 1 DAGs
[2024-11-18T20:31:54.673+0000] {logging_mixin.py:188} INFO - [2024-11-18T20:31:54.672+0000] {dag.py:3947} INFO - Setting next_dagrun for example_kubernetes_executor to None, run_after=None
[2024-11-18T20:31:54.692+0000] {processor.py:183} INFO - Processing /home/airflow/.local/lib/python3.11/site-packages/airflow/example_dags/example_kubernetes_executor.py took 0.090 seconds
[2024-11-18T20:32:24.792+0000] {processor.py:161} INFO - Started process (PID=1620) to work on /home/airflow/.local/lib/python3.11/site-packages/airflow/example_dags/example_kubernetes_executor.py
[2024-11-18T20:32:24.793+0000] {processor.py:830} INFO - Processing file /home/airflow/.local/lib/python3.11/site-packages/airflow/example_dags/example_kubernetes_executor.py for tasks to queue
[2024-11-18T20:32:24.795+0000] {logging_mixin.py:188} INFO - [2024-11-18T20:32:24.794+0000] {dagbag.py:545} INFO - Filling up the DagBag from /home/airflow/.local/lib/python3.11/site-packages/airflow/example_dags/example_kubernetes_executor.py
[2024-11-18T20:32:24.804+0000] {processor.py:840} INFO - DAG(s) 'example_kubernetes_executor' retrieved from /home/airflow/.local/lib/python3.11/site-packages/airflow/example_dags/example_kubernetes_executor.py
[2024-11-18T20:32:24.836+0000] {logging_mixin.py:188} INFO - [2024-11-18T20:32:24.836+0000] {dag.py:3089} INFO - Sync 1 DAGs
[2024-11-18T20:32:24.846+0000] {logging_mixin.py:188} INFO - [2024-11-18T20:32:24.846+0000] {dag.py:3947} INFO - Setting next_dagrun for example_kubernetes_executor to None, run_after=None
[2024-11-18T20:32:24.864+0000] {processor.py:183} INFO - Processing /home/airflow/.local/lib/python3.11/site-packages/airflow/example_dags/example_kubernetes_executor.py took 0.077 seconds
[2024-11-18T20:32:56.079+0000] {processor.py:161} INFO - Started process (PID=1679) to work on /home/airflow/.local/lib/python3.11/site-packages/airflow/example_dags/example_kubernetes_executor.py
[2024-11-18T20:32:56.081+0000] {processor.py:830} INFO - Processing file /home/airflow/.local/lib/python3.11/site-packages/airflow/example_dags/example_kubernetes_executor.py for tasks to queue
[2024-11-18T20:32:56.086+0000] {logging_mixin.py:188} INFO - [2024-11-18T20:32:56.085+0000] {dagbag.py:545} INFO - Filling up the DagBag from /home/airflow/.local/lib/python3.11/site-packages/airflow/example_dags/example_kubernetes_executor.py
[2024-11-18T20:32:56.107+0000] {processor.py:840} INFO - DAG(s) 'example_kubernetes_executor' retrieved from /home/airflow/.local/lib/python3.11/site-packages/airflow/example_dags/example_kubernetes_executor.py
[2024-11-18T20:32:56.163+0000] {logging_mixin.py:188} INFO - [2024-11-18T20:32:56.163+0000] {dag.py:3089} INFO - Sync 1 DAGs
[2024-11-18T20:32:56.183+0000] {logging_mixin.py:188} INFO - [2024-11-18T20:32:56.183+0000] {dag.py:3947} INFO - Setting next_dagrun for example_kubernetes_executor to None, run_after=None
[2024-11-18T20:32:56.230+0000] {processor.py:183} INFO - Processing /home/airflow/.local/lib/python3.11/site-packages/airflow/example_dags/example_kubernetes_executor.py took 0.163 seconds
[2024-11-18T20:33:27.243+0000] {processor.py:161} INFO - Started process (PID=1738) to work on /home/airflow/.local/lib/python3.11/site-packages/airflow/example_dags/example_kubernetes_executor.py
[2024-11-18T20:33:27.244+0000] {processor.py:830} INFO - Processing file /home/airflow/.local/lib/python3.11/site-packages/airflow/example_dags/example_kubernetes_executor.py for tasks to queue
[2024-11-18T20:33:27.263+0000] {logging_mixin.py:188} INFO - [2024-11-18T20:33:27.263+0000] {dagbag.py:545} INFO - Filling up the DagBag from /home/airflow/.local/lib/python3.11/site-packages/airflow/example_dags/example_kubernetes_executor.py
[2024-11-18T20:33:27.302+0000] {processor.py:840} INFO - DAG(s) 'example_kubernetes_executor' retrieved from /home/airflow/.local/lib/python3.11/site-packages/airflow/example_dags/example_kubernetes_executor.py
[2024-11-18T20:33:27.399+0000] {logging_mixin.py:188} INFO - [2024-11-18T20:33:27.398+0000] {dag.py:3089} INFO - Sync 1 DAGs
[2024-11-18T20:33:27.427+0000] {logging_mixin.py:188} INFO - [2024-11-18T20:33:27.427+0000] {dag.py:3947} INFO - Setting next_dagrun for example_kubernetes_executor to None, run_after=None
[2024-11-18T20:33:27.467+0000] {processor.py:183} INFO - Processing /home/airflow/.local/lib/python3.11/site-packages/airflow/example_dags/example_kubernetes_executor.py took 0.232 seconds
[2024-11-18T20:33:58.456+0000] {processor.py:161} INFO - Started process (PID=1797) to work on /home/airflow/.local/lib/python3.11/site-packages/airflow/example_dags/example_kubernetes_executor.py
[2024-11-18T20:33:58.457+0000] {processor.py:830} INFO - Processing file /home/airflow/.local/lib/python3.11/site-packages/airflow/example_dags/example_kubernetes_executor.py for tasks to queue
[2024-11-18T20:33:58.460+0000] {logging_mixin.py:188} INFO - [2024-11-18T20:33:58.460+0000] {dagbag.py:545} INFO - Filling up the DagBag from /home/airflow/.local/lib/python3.11/site-packages/airflow/example_dags/example_kubernetes_executor.py
[2024-11-18T20:33:58.477+0000] {processor.py:840} INFO - DAG(s) 'example_kubernetes_executor' retrieved from /home/airflow/.local/lib/python3.11/site-packages/airflow/example_dags/example_kubernetes_executor.py
[2024-11-18T20:33:58.529+0000] {logging_mixin.py:188} INFO - [2024-11-18T20:33:58.528+0000] {dag.py:3089} INFO - Sync 1 DAGs
[2024-11-18T20:33:58.543+0000] {logging_mixin.py:188} INFO - [2024-11-18T20:33:58.543+0000] {dag.py:3947} INFO - Setting next_dagrun for example_kubernetes_executor to None, run_after=None
[2024-11-18T20:33:58.568+0000] {processor.py:183} INFO - Processing /home/airflow/.local/lib/python3.11/site-packages/airflow/example_dags/example_kubernetes_executor.py took 0.119 seconds
[2024-11-18T20:34:28.633+0000] {processor.py:161} INFO - Started process (PID=1856) to work on /home/airflow/.local/lib/python3.11/site-packages/airflow/example_dags/example_kubernetes_executor.py
[2024-11-18T20:34:28.634+0000] {processor.py:830} INFO - Processing file /home/airflow/.local/lib/python3.11/site-packages/airflow/example_dags/example_kubernetes_executor.py for tasks to queue
[2024-11-18T20:34:28.636+0000] {logging_mixin.py:188} INFO - [2024-11-18T20:34:28.636+0000] {dagbag.py:545} INFO - Filling up the DagBag from /home/airflow/.local/lib/python3.11/site-packages/airflow/example_dags/example_kubernetes_executor.py
[2024-11-18T20:34:28.645+0000] {processor.py:840} INFO - DAG(s) 'example_kubernetes_executor' retrieved from /home/airflow/.local/lib/python3.11/site-packages/airflow/example_dags/example_kubernetes_executor.py
[2024-11-18T20:34:28.677+0000] {logging_mixin.py:188} INFO - [2024-11-18T20:34:28.677+0000] {dag.py:3089} INFO - Sync 1 DAGs
[2024-11-18T20:34:28.688+0000] {logging_mixin.py:188} INFO - [2024-11-18T20:34:28.688+0000] {dag.py:3947} INFO - Setting next_dagrun for example_kubernetes_executor to None, run_after=None
[2024-11-18T20:34:28.733+0000] {processor.py:183} INFO - Processing /home/airflow/.local/lib/python3.11/site-packages/airflow/example_dags/example_kubernetes_executor.py took 0.105 seconds
[2024-11-18T20:34:59.299+0000] {processor.py:161} INFO - Started process (PID=1915) to work on /home/airflow/.local/lib/python3.11/site-packages/airflow/example_dags/example_kubernetes_executor.py
[2024-11-18T20:34:59.299+0000] {processor.py:830} INFO - Processing file /home/airflow/.local/lib/python3.11/site-packages/airflow/example_dags/example_kubernetes_executor.py for tasks to queue
[2024-11-18T20:34:59.302+0000] {logging_mixin.py:188} INFO - [2024-11-18T20:34:59.302+0000] {dagbag.py:545} INFO - Filling up the DagBag from /home/airflow/.local/lib/python3.11/site-packages/airflow/example_dags/example_kubernetes_executor.py
[2024-11-18T20:34:59.313+0000] {processor.py:840} INFO - DAG(s) 'example_kubernetes_executor' retrieved from /home/airflow/.local/lib/python3.11/site-packages/airflow/example_dags/example_kubernetes_executor.py
[2024-11-18T20:34:59.356+0000] {logging_mixin.py:188} INFO - [2024-11-18T20:34:59.356+0000] {dag.py:3089} INFO - Sync 1 DAGs
[2024-11-18T20:34:59.372+0000] {logging_mixin.py:188} INFO - [2024-11-18T20:34:59.372+0000] {dag.py:3947} INFO - Setting next_dagrun for example_kubernetes_executor to None, run_after=None
[2024-11-18T20:34:59.398+0000] {processor.py:183} INFO - Processing /home/airflow/.local/lib/python3.11/site-packages/airflow/example_dags/example_kubernetes_executor.py took 0.104 seconds
[2024-11-18T20:35:29.558+0000] {processor.py:161} INFO - Started process (PID=1974) to work on /home/airflow/.local/lib/python3.11/site-packages/airflow/example_dags/example_kubernetes_executor.py
[2024-11-18T20:35:29.559+0000] {processor.py:830} INFO - Processing file /home/airflow/.local/lib/python3.11/site-packages/airflow/example_dags/example_kubernetes_executor.py for tasks to queue
[2024-11-18T20:35:29.560+0000] {logging_mixin.py:188} INFO - [2024-11-18T20:35:29.560+0000] {dagbag.py:545} INFO - Filling up the DagBag from /home/airflow/.local/lib/python3.11/site-packages/airflow/example_dags/example_kubernetes_executor.py
[2024-11-18T20:35:29.571+0000] {processor.py:840} INFO - DAG(s) 'example_kubernetes_executor' retrieved from /home/airflow/.local/lib/python3.11/site-packages/airflow/example_dags/example_kubernetes_executor.py
[2024-11-18T20:35:29.606+0000] {logging_mixin.py:188} INFO - [2024-11-18T20:35:29.606+0000] {dag.py:3089} INFO - Sync 1 DAGs
[2024-11-18T20:35:29.618+0000] {logging_mixin.py:188} INFO - [2024-11-18T20:35:29.617+0000] {dag.py:3947} INFO - Setting next_dagrun for example_kubernetes_executor to None, run_after=None
[2024-11-18T20:35:29.649+0000] {processor.py:183} INFO - Processing /home/airflow/.local/lib/python3.11/site-packages/airflow/example_dags/example_kubernetes_executor.py took 0.096 seconds
[2024-11-18T20:35:59.809+0000] {processor.py:161} INFO - Started process (PID=2033) to work on /home/airflow/.local/lib/python3.11/site-packages/airflow/example_dags/example_kubernetes_executor.py
[2024-11-18T20:35:59.813+0000] {processor.py:830} INFO - Processing file /home/airflow/.local/lib/python3.11/site-packages/airflow/example_dags/example_kubernetes_executor.py for tasks to queue
[2024-11-18T20:35:59.823+0000] {logging_mixin.py:188} INFO - [2024-11-18T20:35:59.821+0000] {dagbag.py:545} INFO - Filling up the DagBag from /home/airflow/.local/lib/python3.11/site-packages/airflow/example_dags/example_kubernetes_executor.py
[2024-11-18T20:35:59.852+0000] {processor.py:840} INFO - DAG(s) 'example_kubernetes_executor' retrieved from /home/airflow/.local/lib/python3.11/site-packages/airflow/example_dags/example_kubernetes_executor.py
[2024-11-18T20:35:59.915+0000] {logging_mixin.py:188} INFO - [2024-11-18T20:35:59.915+0000] {dag.py:3089} INFO - Sync 1 DAGs
[2024-11-18T20:35:59.939+0000] {logging_mixin.py:188} INFO - [2024-11-18T20:35:59.939+0000] {dag.py:3947} INFO - Setting next_dagrun for example_kubernetes_executor to None, run_after=None
[2024-11-18T20:35:59.984+0000] {processor.py:183} INFO - Processing /home/airflow/.local/lib/python3.11/site-packages/airflow/example_dags/example_kubernetes_executor.py took 0.186 seconds
[2024-11-18T20:36:30.300+0000] {processor.py:161} INFO - Started process (PID=2092) to work on /home/airflow/.local/lib/python3.11/site-packages/airflow/example_dags/example_kubernetes_executor.py
[2024-11-18T20:36:30.302+0000] {processor.py:830} INFO - Processing file /home/airflow/.local/lib/python3.11/site-packages/airflow/example_dags/example_kubernetes_executor.py for tasks to queue
[2024-11-18T20:36:30.307+0000] {logging_mixin.py:188} INFO - [2024-11-18T20:36:30.305+0000] {dagbag.py:545} INFO - Filling up the DagBag from /home/airflow/.local/lib/python3.11/site-packages/airflow/example_dags/example_kubernetes_executor.py
[2024-11-18T20:36:30.332+0000] {processor.py:840} INFO - DAG(s) 'example_kubernetes_executor' retrieved from /home/airflow/.local/lib/python3.11/site-packages/airflow/example_dags/example_kubernetes_executor.py
[2024-11-18T20:36:30.401+0000] {logging_mixin.py:188} INFO - [2024-11-18T20:36:30.401+0000] {dag.py:3089} INFO - Sync 1 DAGs
[2024-11-18T20:36:30.435+0000] {logging_mixin.py:188} INFO - [2024-11-18T20:36:30.434+0000] {dag.py:3947} INFO - Setting next_dagrun for example_kubernetes_executor to None, run_after=None
[2024-11-18T20:36:30.477+0000] {processor.py:183} INFO - Processing /home/airflow/.local/lib/python3.11/site-packages/airflow/example_dags/example_kubernetes_executor.py took 0.186 seconds
[2024-11-18T20:37:00.540+0000] {processor.py:161} INFO - Started process (PID=2152) to work on /home/airflow/.local/lib/python3.11/site-packages/airflow/example_dags/example_kubernetes_executor.py
[2024-11-18T20:37:00.541+0000] {processor.py:830} INFO - Processing file /home/airflow/.local/lib/python3.11/site-packages/airflow/example_dags/example_kubernetes_executor.py for tasks to queue
[2024-11-18T20:37:00.543+0000] {logging_mixin.py:188} INFO - [2024-11-18T20:37:00.543+0000] {dagbag.py:545} INFO - Filling up the DagBag from /home/airflow/.local/lib/python3.11/site-packages/airflow/example_dags/example_kubernetes_executor.py
[2024-11-18T20:37:00.555+0000] {processor.py:840} INFO - DAG(s) 'example_kubernetes_executor' retrieved from /home/airflow/.local/lib/python3.11/site-packages/airflow/example_dags/example_kubernetes_executor.py
[2024-11-18T20:37:00.589+0000] {logging_mixin.py:188} INFO - [2024-11-18T20:37:00.588+0000] {dag.py:3089} INFO - Sync 1 DAGs
[2024-11-18T20:37:00.600+0000] {logging_mixin.py:188} INFO - [2024-11-18T20:37:00.600+0000] {dag.py:3947} INFO - Setting next_dagrun for example_kubernetes_executor to None, run_after=None
[2024-11-18T20:37:00.622+0000] {processor.py:183} INFO - Processing /home/airflow/.local/lib/python3.11/site-packages/airflow/example_dags/example_kubernetes_executor.py took 0.088 seconds
[2024-11-18T20:37:31.381+0000] {processor.py:161} INFO - Started process (PID=2211) to work on /home/airflow/.local/lib/python3.11/site-packages/airflow/example_dags/example_kubernetes_executor.py
[2024-11-18T20:37:31.382+0000] {processor.py:830} INFO - Processing file /home/airflow/.local/lib/python3.11/site-packages/airflow/example_dags/example_kubernetes_executor.py for tasks to queue
[2024-11-18T20:37:31.385+0000] {logging_mixin.py:188} INFO - [2024-11-18T20:37:31.384+0000] {dagbag.py:545} INFO - Filling up the DagBag from /home/airflow/.local/lib/python3.11/site-packages/airflow/example_dags/example_kubernetes_executor.py
[2024-11-18T20:37:31.397+0000] {processor.py:840} INFO - DAG(s) 'example_kubernetes_executor' retrieved from /home/airflow/.local/lib/python3.11/site-packages/airflow/example_dags/example_kubernetes_executor.py
[2024-11-18T20:37:31.437+0000] {logging_mixin.py:188} INFO - [2024-11-18T20:37:31.437+0000] {dag.py:3089} INFO - Sync 1 DAGs
[2024-11-18T20:37:31.448+0000] {logging_mixin.py:188} INFO - [2024-11-18T20:37:31.448+0000] {dag.py:3947} INFO - Setting next_dagrun for example_kubernetes_executor to None, run_after=None
[2024-11-18T20:37:31.470+0000] {processor.py:183} INFO - Processing /home/airflow/.local/lib/python3.11/site-packages/airflow/example_dags/example_kubernetes_executor.py took 0.095 seconds
[2024-11-18T20:38:01.788+0000] {processor.py:161} INFO - Started process (PID=2270) to work on /home/airflow/.local/lib/python3.11/site-packages/airflow/example_dags/example_kubernetes_executor.py
[2024-11-18T20:38:01.789+0000] {processor.py:830} INFO - Processing file /home/airflow/.local/lib/python3.11/site-packages/airflow/example_dags/example_kubernetes_executor.py for tasks to queue
[2024-11-18T20:38:01.790+0000] {logging_mixin.py:188} INFO - [2024-11-18T20:38:01.790+0000] {dagbag.py:545} INFO - Filling up the DagBag from /home/airflow/.local/lib/python3.11/site-packages/airflow/example_dags/example_kubernetes_executor.py
[2024-11-18T20:38:01.804+0000] {processor.py:840} INFO - DAG(s) 'example_kubernetes_executor' retrieved from /home/airflow/.local/lib/python3.11/site-packages/airflow/example_dags/example_kubernetes_executor.py
[2024-11-18T20:38:01.834+0000] {logging_mixin.py:188} INFO - [2024-11-18T20:38:01.834+0000] {dag.py:3089} INFO - Sync 1 DAGs
[2024-11-18T20:38:01.845+0000] {logging_mixin.py:188} INFO - [2024-11-18T20:38:01.845+0000] {dag.py:3947} INFO - Setting next_dagrun for example_kubernetes_executor to None, run_after=None
[2024-11-18T20:38:01.862+0000] {processor.py:183} INFO - Processing /home/airflow/.local/lib/python3.11/site-packages/airflow/example_dags/example_kubernetes_executor.py took 0.079 seconds
[2024-11-18T20:38:32.001+0000] {processor.py:161} INFO - Started process (PID=2333) to work on /home/airflow/.local/lib/python3.11/site-packages/airflow/example_dags/example_kubernetes_executor.py
[2024-11-18T20:38:32.002+0000] {processor.py:830} INFO - Processing file /home/airflow/.local/lib/python3.11/site-packages/airflow/example_dags/example_kubernetes_executor.py for tasks to queue
[2024-11-18T20:38:32.004+0000] {logging_mixin.py:188} INFO - [2024-11-18T20:38:32.004+0000] {dagbag.py:545} INFO - Filling up the DagBag from /home/airflow/.local/lib/python3.11/site-packages/airflow/example_dags/example_kubernetes_executor.py
[2024-11-18T20:38:32.015+0000] {processor.py:840} INFO - DAG(s) 'example_kubernetes_executor' retrieved from /home/airflow/.local/lib/python3.11/site-packages/airflow/example_dags/example_kubernetes_executor.py
[2024-11-18T20:38:32.047+0000] {logging_mixin.py:188} INFO - [2024-11-18T20:38:32.047+0000] {dag.py:3089} INFO - Sync 1 DAGs
[2024-11-18T20:38:32.057+0000] {logging_mixin.py:188} INFO - [2024-11-18T20:38:32.057+0000] {dag.py:3947} INFO - Setting next_dagrun for example_kubernetes_executor to None, run_after=None
[2024-11-18T20:38:32.074+0000] {processor.py:183} INFO - Processing /home/airflow/.local/lib/python3.11/site-packages/airflow/example_dags/example_kubernetes_executor.py took 0.079 seconds
[2024-11-18T20:39:02.512+0000] {processor.py:161} INFO - Started process (PID=2399) to work on /home/airflow/.local/lib/python3.11/site-packages/airflow/example_dags/example_kubernetes_executor.py
[2024-11-18T20:39:02.514+0000] {processor.py:830} INFO - Processing file /home/airflow/.local/lib/python3.11/site-packages/airflow/example_dags/example_kubernetes_executor.py for tasks to queue
[2024-11-18T20:39:02.516+0000] {logging_mixin.py:188} INFO - [2024-11-18T20:39:02.515+0000] {dagbag.py:545} INFO - Filling up the DagBag from /home/airflow/.local/lib/python3.11/site-packages/airflow/example_dags/example_kubernetes_executor.py
[2024-11-18T20:39:02.533+0000] {processor.py:840} INFO - DAG(s) 'example_kubernetes_executor' retrieved from /home/airflow/.local/lib/python3.11/site-packages/airflow/example_dags/example_kubernetes_executor.py
[2024-11-18T20:39:02.579+0000] {logging_mixin.py:188} INFO - [2024-11-18T20:39:02.579+0000] {dag.py:3089} INFO - Sync 1 DAGs
[2024-11-18T20:39:02.596+0000] {logging_mixin.py:188} INFO - [2024-11-18T20:39:02.596+0000] {dag.py:3947} INFO - Setting next_dagrun for example_kubernetes_executor to None, run_after=None
[2024-11-18T20:39:02.631+0000] {processor.py:183} INFO - Processing /home/airflow/.local/lib/python3.11/site-packages/airflow/example_dags/example_kubernetes_executor.py took 0.126 seconds
[2024-11-18T20:39:33.080+0000] {processor.py:161} INFO - Started process (PID=2459) to work on /home/airflow/.local/lib/python3.11/site-packages/airflow/example_dags/example_kubernetes_executor.py
[2024-11-18T20:39:33.081+0000] {processor.py:830} INFO - Processing file /home/airflow/.local/lib/python3.11/site-packages/airflow/example_dags/example_kubernetes_executor.py for tasks to queue
[2024-11-18T20:39:33.084+0000] {logging_mixin.py:188} INFO - [2024-11-18T20:39:33.083+0000] {dagbag.py:545} INFO - Filling up the DagBag from /home/airflow/.local/lib/python3.11/site-packages/airflow/example_dags/example_kubernetes_executor.py
[2024-11-18T20:39:33.095+0000] {processor.py:840} INFO - DAG(s) 'example_kubernetes_executor' retrieved from /home/airflow/.local/lib/python3.11/site-packages/airflow/example_dags/example_kubernetes_executor.py
[2024-11-18T20:39:33.131+0000] {logging_mixin.py:188} INFO - [2024-11-18T20:39:33.131+0000] {dag.py:3089} INFO - Sync 1 DAGs
[2024-11-18T20:39:33.143+0000] {logging_mixin.py:188} INFO - [2024-11-18T20:39:33.143+0000] {dag.py:3947} INFO - Setting next_dagrun for example_kubernetes_executor to None, run_after=None
[2024-11-18T20:39:33.160+0000] {processor.py:183} INFO - Processing /home/airflow/.local/lib/python3.11/site-packages/airflow/example_dags/example_kubernetes_executor.py took 0.086 seconds
[2024-11-18T20:40:04.799+0000] {processor.py:161} INFO - Started process (PID=2518) to work on /home/airflow/.local/lib/python3.11/site-packages/airflow/example_dags/example_kubernetes_executor.py
[2024-11-18T20:40:04.800+0000] {processor.py:830} INFO - Processing file /home/airflow/.local/lib/python3.11/site-packages/airflow/example_dags/example_kubernetes_executor.py for tasks to queue
[2024-11-18T20:40:04.803+0000] {logging_mixin.py:188} INFO - [2024-11-18T20:40:04.802+0000] {dagbag.py:545} INFO - Filling up the DagBag from /home/airflow/.local/lib/python3.11/site-packages/airflow/example_dags/example_kubernetes_executor.py
[2024-11-18T20:40:04.821+0000] {processor.py:840} INFO - DAG(s) 'example_kubernetes_executor' retrieved from /home/airflow/.local/lib/python3.11/site-packages/airflow/example_dags/example_kubernetes_executor.py
[2024-11-18T20:40:04.884+0000] {logging_mixin.py:188} INFO - [2024-11-18T20:40:04.883+0000] {dag.py:3089} INFO - Sync 1 DAGs
[2024-11-18T20:40:04.901+0000] {logging_mixin.py:188} INFO - [2024-11-18T20:40:04.901+0000] {dag.py:3947} INFO - Setting next_dagrun for example_kubernetes_executor to None, run_after=None
[2024-11-18T20:40:04.940+0000] {processor.py:183} INFO - Processing /home/airflow/.local/lib/python3.11/site-packages/airflow/example_dags/example_kubernetes_executor.py took 0.148 seconds
[2024-11-18T20:41:44.297+0000] {processor.py:161} INFO - Started process (PID=2583) to work on /home/airflow/.local/lib/python3.11/site-packages/airflow/example_dags/example_kubernetes_executor.py
[2024-11-18T20:41:44.304+0000] {processor.py:830} INFO - Processing file /home/airflow/.local/lib/python3.11/site-packages/airflow/example_dags/example_kubernetes_executor.py for tasks to queue
[2024-11-18T20:41:44.309+0000] {logging_mixin.py:188} INFO - [2024-11-18T20:41:44.308+0000] {dagbag.py:545} INFO - Filling up the DagBag from /home/airflow/.local/lib/python3.11/site-packages/airflow/example_dags/example_kubernetes_executor.py
[2024-11-18T20:41:44.360+0000] {processor.py:840} INFO - DAG(s) 'example_kubernetes_executor' retrieved from /home/airflow/.local/lib/python3.11/site-packages/airflow/example_dags/example_kubernetes_executor.py
[2024-11-18T20:41:44.584+0000] {logging_mixin.py:188} INFO - [2024-11-18T20:41:44.583+0000] {dag.py:3089} INFO - Sync 1 DAGs
[2024-11-18T20:41:44.632+0000] {logging_mixin.py:188} INFO - [2024-11-18T20:41:44.631+0000] {dag.py:3947} INFO - Setting next_dagrun for example_kubernetes_executor to None, run_after=None
[2024-11-18T20:41:44.712+0000] {processor.py:183} INFO - Processing /home/airflow/.local/lib/python3.11/site-packages/airflow/example_dags/example_kubernetes_executor.py took 0.433 seconds
[2024-11-18T20:43:58.060+0000] {processor.py:161} INFO - Started process (PID=91) to work on /home/airflow/.local/lib/python3.11/site-packages/airflow/example_dags/example_kubernetes_executor.py
[2024-11-18T20:43:58.062+0000] {processor.py:830} INFO - Processing file /home/airflow/.local/lib/python3.11/site-packages/airflow/example_dags/example_kubernetes_executor.py for tasks to queue
[2024-11-18T20:43:58.065+0000] {logging_mixin.py:188} INFO - [2024-11-18T20:43:58.065+0000] {dagbag.py:545} INFO - Filling up the DagBag from /home/airflow/.local/lib/python3.11/site-packages/airflow/example_dags/example_kubernetes_executor.py
[2024-11-18T20:43:58.106+0000] {processor.py:840} INFO - DAG(s) 'example_kubernetes_executor' retrieved from /home/airflow/.local/lib/python3.11/site-packages/airflow/example_dags/example_kubernetes_executor.py
[2024-11-18T20:43:58.159+0000] {logging_mixin.py:188} INFO - [2024-11-18T20:43:58.159+0000] {dag.py:3089} INFO - Sync 1 DAGs
[2024-11-18T20:43:58.175+0000] {logging_mixin.py:188} INFO - [2024-11-18T20:43:58.175+0000] {dag.py:3947} INFO - Setting next_dagrun for example_kubernetes_executor to None, run_after=None
[2024-11-18T20:43:58.236+0000] {processor.py:183} INFO - Processing /home/airflow/.local/lib/python3.11/site-packages/airflow/example_dags/example_kubernetes_executor.py took 0.185 seconds
[2024-11-18T20:44:28.939+0000] {processor.py:161} INFO - Started process (PID=150) to work on /home/airflow/.local/lib/python3.11/site-packages/airflow/example_dags/example_kubernetes_executor.py
[2024-11-18T20:44:28.941+0000] {processor.py:830} INFO - Processing file /home/airflow/.local/lib/python3.11/site-packages/airflow/example_dags/example_kubernetes_executor.py for tasks to queue
[2024-11-18T20:44:28.942+0000] {logging_mixin.py:188} INFO - [2024-11-18T20:44:28.942+0000] {dagbag.py:545} INFO - Filling up the DagBag from /home/airflow/.local/lib/python3.11/site-packages/airflow/example_dags/example_kubernetes_executor.py
[2024-11-18T20:44:28.957+0000] {processor.py:840} INFO - DAG(s) 'example_kubernetes_executor' retrieved from /home/airflow/.local/lib/python3.11/site-packages/airflow/example_dags/example_kubernetes_executor.py
[2024-11-18T20:44:28.999+0000] {logging_mixin.py:188} INFO - [2024-11-18T20:44:28.999+0000] {dag.py:3089} INFO - Sync 1 DAGs
[2024-11-18T20:44:29.013+0000] {logging_mixin.py:188} INFO - [2024-11-18T20:44:29.012+0000] {dag.py:3947} INFO - Setting next_dagrun for example_kubernetes_executor to None, run_after=None
[2024-11-18T20:44:29.042+0000] {processor.py:183} INFO - Processing /home/airflow/.local/lib/python3.11/site-packages/airflow/example_dags/example_kubernetes_executor.py took 0.110 seconds
[2024-11-18T20:44:59.547+0000] {processor.py:161} INFO - Started process (PID=208) to work on /home/airflow/.local/lib/python3.11/site-packages/airflow/example_dags/example_kubernetes_executor.py
[2024-11-18T20:44:59.548+0000] {processor.py:830} INFO - Processing file /home/airflow/.local/lib/python3.11/site-packages/airflow/example_dags/example_kubernetes_executor.py for tasks to queue
[2024-11-18T20:44:59.564+0000] {logging_mixin.py:188} INFO - [2024-11-18T20:44:59.563+0000] {dagbag.py:545} INFO - Filling up the DagBag from /home/airflow/.local/lib/python3.11/site-packages/airflow/example_dags/example_kubernetes_executor.py
[2024-11-18T20:44:59.579+0000] {processor.py:840} INFO - DAG(s) 'example_kubernetes_executor' retrieved from /home/airflow/.local/lib/python3.11/site-packages/airflow/example_dags/example_kubernetes_executor.py
[2024-11-18T20:44:59.619+0000] {logging_mixin.py:188} INFO - [2024-11-18T20:44:59.619+0000] {dag.py:3089} INFO - Sync 1 DAGs
[2024-11-18T20:44:59.631+0000] {logging_mixin.py:188} INFO - [2024-11-18T20:44:59.630+0000] {dag.py:3947} INFO - Setting next_dagrun for example_kubernetes_executor to None, run_after=None
[2024-11-18T20:44:59.661+0000] {processor.py:183} INFO - Processing /home/airflow/.local/lib/python3.11/site-packages/airflow/example_dags/example_kubernetes_executor.py took 0.122 seconds
[2024-11-18T20:45:30.008+0000] {processor.py:161} INFO - Started process (PID=267) to work on /home/airflow/.local/lib/python3.11/site-packages/airflow/example_dags/example_kubernetes_executor.py
[2024-11-18T20:45:30.009+0000] {processor.py:830} INFO - Processing file /home/airflow/.local/lib/python3.11/site-packages/airflow/example_dags/example_kubernetes_executor.py for tasks to queue
[2024-11-18T20:45:30.011+0000] {logging_mixin.py:188} INFO - [2024-11-18T20:45:30.010+0000] {dagbag.py:545} INFO - Filling up the DagBag from /home/airflow/.local/lib/python3.11/site-packages/airflow/example_dags/example_kubernetes_executor.py
[2024-11-18T20:45:30.020+0000] {processor.py:840} INFO - DAG(s) 'example_kubernetes_executor' retrieved from /home/airflow/.local/lib/python3.11/site-packages/airflow/example_dags/example_kubernetes_executor.py
[2024-11-18T20:45:30.050+0000] {logging_mixin.py:188} INFO - [2024-11-18T20:45:30.050+0000] {dag.py:3089} INFO - Sync 1 DAGs
[2024-11-18T20:45:30.060+0000] {logging_mixin.py:188} INFO - [2024-11-18T20:45:30.059+0000] {dag.py:3947} INFO - Setting next_dagrun for example_kubernetes_executor to None, run_after=None
[2024-11-18T20:45:30.077+0000] {processor.py:183} INFO - Processing /home/airflow/.local/lib/python3.11/site-packages/airflow/example_dags/example_kubernetes_executor.py took 0.073 seconds
[2024-11-18T20:46:00.273+0000] {processor.py:161} INFO - Started process (PID=326) to work on /home/airflow/.local/lib/python3.11/site-packages/airflow/example_dags/example_kubernetes_executor.py
[2024-11-18T20:46:00.274+0000] {processor.py:830} INFO - Processing file /home/airflow/.local/lib/python3.11/site-packages/airflow/example_dags/example_kubernetes_executor.py for tasks to queue
[2024-11-18T20:46:00.276+0000] {logging_mixin.py:188} INFO - [2024-11-18T20:46:00.276+0000] {dagbag.py:545} INFO - Filling up the DagBag from /home/airflow/.local/lib/python3.11/site-packages/airflow/example_dags/example_kubernetes_executor.py
[2024-11-18T20:46:00.287+0000] {processor.py:840} INFO - DAG(s) 'example_kubernetes_executor' retrieved from /home/airflow/.local/lib/python3.11/site-packages/airflow/example_dags/example_kubernetes_executor.py
[2024-11-18T20:46:00.318+0000] {logging_mixin.py:188} INFO - [2024-11-18T20:46:00.317+0000] {dag.py:3089} INFO - Sync 1 DAGs
[2024-11-18T20:46:00.332+0000] {logging_mixin.py:188} INFO - [2024-11-18T20:46:00.332+0000] {dag.py:3947} INFO - Setting next_dagrun for example_kubernetes_executor to None, run_after=None
[2024-11-18T20:46:00.354+0000] {processor.py:183} INFO - Processing /home/airflow/.local/lib/python3.11/site-packages/airflow/example_dags/example_kubernetes_executor.py took 0.085 seconds
[2024-11-18T20:46:30.589+0000] {processor.py:161} INFO - Started process (PID=385) to work on /home/airflow/.local/lib/python3.11/site-packages/airflow/example_dags/example_kubernetes_executor.py
[2024-11-18T20:46:30.590+0000] {processor.py:830} INFO - Processing file /home/airflow/.local/lib/python3.11/site-packages/airflow/example_dags/example_kubernetes_executor.py for tasks to queue
[2024-11-18T20:46:30.591+0000] {logging_mixin.py:188} INFO - [2024-11-18T20:46:30.591+0000] {dagbag.py:545} INFO - Filling up the DagBag from /home/airflow/.local/lib/python3.11/site-packages/airflow/example_dags/example_kubernetes_executor.py
[2024-11-18T20:46:30.601+0000] {processor.py:840} INFO - DAG(s) 'example_kubernetes_executor' retrieved from /home/airflow/.local/lib/python3.11/site-packages/airflow/example_dags/example_kubernetes_executor.py
[2024-11-18T20:46:30.631+0000] {logging_mixin.py:188} INFO - [2024-11-18T20:46:30.631+0000] {dag.py:3089} INFO - Sync 1 DAGs
[2024-11-18T20:46:30.642+0000] {logging_mixin.py:188} INFO - [2024-11-18T20:46:30.642+0000] {dag.py:3947} INFO - Setting next_dagrun for example_kubernetes_executor to None, run_after=None
[2024-11-18T20:46:30.661+0000] {processor.py:183} INFO - Processing /home/airflow/.local/lib/python3.11/site-packages/airflow/example_dags/example_kubernetes_executor.py took 0.076 seconds
[2024-11-18T20:47:00.754+0000] {processor.py:161} INFO - Started process (PID=444) to work on /home/airflow/.local/lib/python3.11/site-packages/airflow/example_dags/example_kubernetes_executor.py
[2024-11-18T20:47:00.755+0000] {processor.py:830} INFO - Processing file /home/airflow/.local/lib/python3.11/site-packages/airflow/example_dags/example_kubernetes_executor.py for tasks to queue
[2024-11-18T20:47:00.757+0000] {logging_mixin.py:188} INFO - [2024-11-18T20:47:00.757+0000] {dagbag.py:545} INFO - Filling up the DagBag from /home/airflow/.local/lib/python3.11/site-packages/airflow/example_dags/example_kubernetes_executor.py
[2024-11-18T20:47:00.771+0000] {processor.py:840} INFO - DAG(s) 'example_kubernetes_executor' retrieved from /home/airflow/.local/lib/python3.11/site-packages/airflow/example_dags/example_kubernetes_executor.py
[2024-11-18T20:47:00.804+0000] {logging_mixin.py:188} INFO - [2024-11-18T20:47:00.804+0000] {dag.py:3089} INFO - Sync 1 DAGs
[2024-11-18T20:47:00.814+0000] {logging_mixin.py:188} INFO - [2024-11-18T20:47:00.814+0000] {dag.py:3947} INFO - Setting next_dagrun for example_kubernetes_executor to None, run_after=None
[2024-11-18T20:47:00.830+0000] {processor.py:183} INFO - Processing /home/airflow/.local/lib/python3.11/site-packages/airflow/example_dags/example_kubernetes_executor.py took 0.083 seconds
[2024-11-18T20:48:17.940+0000] {processor.py:161} INFO - Started process (PID=86) to work on /home/airflow/.local/lib/python3.11/site-packages/airflow/example_dags/example_kubernetes_executor.py
[2024-11-18T20:48:17.942+0000] {processor.py:830} INFO - Processing file /home/airflow/.local/lib/python3.11/site-packages/airflow/example_dags/example_kubernetes_executor.py for tasks to queue
[2024-11-18T20:48:17.944+0000] {logging_mixin.py:188} INFO - [2024-11-18T20:48:17.944+0000] {dagbag.py:545} INFO - Filling up the DagBag from /home/airflow/.local/lib/python3.11/site-packages/airflow/example_dags/example_kubernetes_executor.py
[2024-11-18T20:48:17.965+0000] {processor.py:840} INFO - DAG(s) 'example_kubernetes_executor' retrieved from /home/airflow/.local/lib/python3.11/site-packages/airflow/example_dags/example_kubernetes_executor.py
[2024-11-18T20:48:17.981+0000] {logging_mixin.py:188} INFO - [2024-11-18T20:48:17.980+0000] {dag.py:3089} INFO - Sync 1 DAGs
[2024-11-18T20:48:17.999+0000] {logging_mixin.py:188} INFO - [2024-11-18T20:48:17.999+0000] {dag.py:3947} INFO - Setting next_dagrun for example_kubernetes_executor to None, run_after=None
[2024-11-18T20:48:18.023+0000] {processor.py:183} INFO - Processing /home/airflow/.local/lib/python3.11/site-packages/airflow/example_dags/example_kubernetes_executor.py took 0.095 seconds
[2024-11-18T20:48:49.187+0000] {processor.py:161} INFO - Started process (PID=145) to work on /home/airflow/.local/lib/python3.11/site-packages/airflow/example_dags/example_kubernetes_executor.py
[2024-11-18T20:48:49.188+0000] {processor.py:830} INFO - Processing file /home/airflow/.local/lib/python3.11/site-packages/airflow/example_dags/example_kubernetes_executor.py for tasks to queue
[2024-11-18T20:48:49.190+0000] {logging_mixin.py:188} INFO - [2024-11-18T20:48:49.190+0000] {dagbag.py:545} INFO - Filling up the DagBag from /home/airflow/.local/lib/python3.11/site-packages/airflow/example_dags/example_kubernetes_executor.py
[2024-11-18T20:48:49.201+0000] {processor.py:840} INFO - DAG(s) 'example_kubernetes_executor' retrieved from /home/airflow/.local/lib/python3.11/site-packages/airflow/example_dags/example_kubernetes_executor.py
[2024-11-18T20:48:49.315+0000] {logging_mixin.py:188} INFO - [2024-11-18T20:48:49.315+0000] {dag.py:3089} INFO - Sync 1 DAGs
[2024-11-18T20:48:49.325+0000] {logging_mixin.py:188} INFO - [2024-11-18T20:48:49.324+0000] {dag.py:3947} INFO - Setting next_dagrun for example_kubernetes_executor to None, run_after=None
[2024-11-18T20:48:49.346+0000] {processor.py:183} INFO - Processing /home/airflow/.local/lib/python3.11/site-packages/airflow/example_dags/example_kubernetes_executor.py took 0.163 seconds
[2024-11-18T20:49:19.791+0000] {processor.py:161} INFO - Started process (PID=204) to work on /home/airflow/.local/lib/python3.11/site-packages/airflow/example_dags/example_kubernetes_executor.py
[2024-11-18T20:49:19.792+0000] {processor.py:830} INFO - Processing file /home/airflow/.local/lib/python3.11/site-packages/airflow/example_dags/example_kubernetes_executor.py for tasks to queue
[2024-11-18T20:49:19.794+0000] {logging_mixin.py:188} INFO - [2024-11-18T20:49:19.794+0000] {dagbag.py:545} INFO - Filling up the DagBag from /home/airflow/.local/lib/python3.11/site-packages/airflow/example_dags/example_kubernetes_executor.py
[2024-11-18T20:49:19.805+0000] {processor.py:840} INFO - DAG(s) 'example_kubernetes_executor' retrieved from /home/airflow/.local/lib/python3.11/site-packages/airflow/example_dags/example_kubernetes_executor.py
[2024-11-18T20:49:19.839+0000] {logging_mixin.py:188} INFO - [2024-11-18T20:49:19.839+0000] {dag.py:3089} INFO - Sync 1 DAGs
[2024-11-18T20:49:19.852+0000] {logging_mixin.py:188} INFO - [2024-11-18T20:49:19.852+0000] {dag.py:3947} INFO - Setting next_dagrun for example_kubernetes_executor to None, run_after=None
[2024-11-18T20:49:19.871+0000] {processor.py:183} INFO - Processing /home/airflow/.local/lib/python3.11/site-packages/airflow/example_dags/example_kubernetes_executor.py took 0.085 seconds
[2024-11-18T20:50:39.907+0000] {processor.py:161} INFO - Started process (PID=91) to work on /home/airflow/.local/lib/python3.11/site-packages/airflow/example_dags/example_kubernetes_executor.py
[2024-11-18T20:50:39.908+0000] {processor.py:830} INFO - Processing file /home/airflow/.local/lib/python3.11/site-packages/airflow/example_dags/example_kubernetes_executor.py for tasks to queue
[2024-11-18T20:50:39.910+0000] {logging_mixin.py:188} INFO - [2024-11-18T20:50:39.910+0000] {dagbag.py:545} INFO - Filling up the DagBag from /home/airflow/.local/lib/python3.11/site-packages/airflow/example_dags/example_kubernetes_executor.py
[2024-11-18T20:50:39.927+0000] {processor.py:840} INFO - DAG(s) 'example_kubernetes_executor' retrieved from /home/airflow/.local/lib/python3.11/site-packages/airflow/example_dags/example_kubernetes_executor.py
[2024-11-18T20:50:39.940+0000] {logging_mixin.py:188} INFO - [2024-11-18T20:50:39.938+0000] {dag.py:3089} INFO - Sync 1 DAGs
[2024-11-18T20:50:39.955+0000] {logging_mixin.py:188} INFO - [2024-11-18T20:50:39.954+0000] {dag.py:3947} INFO - Setting next_dagrun for example_kubernetes_executor to None, run_after=None
[2024-11-18T20:50:39.975+0000] {processor.py:183} INFO - Processing /home/airflow/.local/lib/python3.11/site-packages/airflow/example_dags/example_kubernetes_executor.py took 0.075 seconds
[2024-11-18T20:51:13.361+0000] {processor.py:161} INFO - Started process (PID=150) to work on /home/airflow/.local/lib/python3.11/site-packages/airflow/example_dags/example_kubernetes_executor.py
[2024-11-18T20:51:13.362+0000] {processor.py:830} INFO - Processing file /home/airflow/.local/lib/python3.11/site-packages/airflow/example_dags/example_kubernetes_executor.py for tasks to queue
[2024-11-18T20:51:13.364+0000] {logging_mixin.py:188} INFO - [2024-11-18T20:51:13.364+0000] {dagbag.py:545} INFO - Filling up the DagBag from /home/airflow/.local/lib/python3.11/site-packages/airflow/example_dags/example_kubernetes_executor.py
[2024-11-18T20:51:13.378+0000] {processor.py:840} INFO - DAG(s) 'example_kubernetes_executor' retrieved from /home/airflow/.local/lib/python3.11/site-packages/airflow/example_dags/example_kubernetes_executor.py
[2024-11-18T20:51:13.493+0000] {logging_mixin.py:188} INFO - [2024-11-18T20:51:13.493+0000] {dag.py:3089} INFO - Sync 1 DAGs
[2024-11-18T20:51:13.507+0000] {logging_mixin.py:188} INFO - [2024-11-18T20:51:13.507+0000] {dag.py:3947} INFO - Setting next_dagrun for example_kubernetes_executor to None, run_after=None
[2024-11-18T20:51:13.531+0000] {processor.py:183} INFO - Processing /home/airflow/.local/lib/python3.11/site-packages/airflow/example_dags/example_kubernetes_executor.py took 0.177 seconds
[2024-11-18T20:51:43.971+0000] {processor.py:161} INFO - Started process (PID=209) to work on /home/airflow/.local/lib/python3.11/site-packages/airflow/example_dags/example_kubernetes_executor.py
[2024-11-18T20:51:43.972+0000] {processor.py:830} INFO - Processing file /home/airflow/.local/lib/python3.11/site-packages/airflow/example_dags/example_kubernetes_executor.py for tasks to queue
[2024-11-18T20:51:43.974+0000] {logging_mixin.py:188} INFO - [2024-11-18T20:51:43.973+0000] {dagbag.py:545} INFO - Filling up the DagBag from /home/airflow/.local/lib/python3.11/site-packages/airflow/example_dags/example_kubernetes_executor.py
[2024-11-18T20:51:43.984+0000] {processor.py:840} INFO - DAG(s) 'example_kubernetes_executor' retrieved from /home/airflow/.local/lib/python3.11/site-packages/airflow/example_dags/example_kubernetes_executor.py
[2024-11-18T20:51:44.025+0000] {logging_mixin.py:188} INFO - [2024-11-18T20:51:44.025+0000] {dag.py:3089} INFO - Sync 1 DAGs
[2024-11-18T20:51:44.047+0000] {logging_mixin.py:188} INFO - [2024-11-18T20:51:44.047+0000] {dag.py:3947} INFO - Setting next_dagrun for example_kubernetes_executor to None, run_after=None
[2024-11-18T20:51:44.066+0000] {processor.py:183} INFO - Processing /home/airflow/.local/lib/python3.11/site-packages/airflow/example_dags/example_kubernetes_executor.py took 0.100 seconds
[2024-11-18T20:52:15.208+0000] {processor.py:161} INFO - Started process (PID=268) to work on /home/airflow/.local/lib/python3.11/site-packages/airflow/example_dags/example_kubernetes_executor.py
[2024-11-18T20:52:15.208+0000] {processor.py:830} INFO - Processing file /home/airflow/.local/lib/python3.11/site-packages/airflow/example_dags/example_kubernetes_executor.py for tasks to queue
[2024-11-18T20:52:15.210+0000] {logging_mixin.py:188} INFO - [2024-11-18T20:52:15.210+0000] {dagbag.py:545} INFO - Filling up the DagBag from /home/airflow/.local/lib/python3.11/site-packages/airflow/example_dags/example_kubernetes_executor.py
[2024-11-18T20:52:15.222+0000] {processor.py:840} INFO - DAG(s) 'example_kubernetes_executor' retrieved from /home/airflow/.local/lib/python3.11/site-packages/airflow/example_dags/example_kubernetes_executor.py
[2024-11-18T20:52:15.264+0000] {logging_mixin.py:188} INFO - [2024-11-18T20:52:15.264+0000] {dag.py:3089} INFO - Sync 1 DAGs
[2024-11-18T20:52:15.279+0000] {logging_mixin.py:188} INFO - [2024-11-18T20:52:15.279+0000] {dag.py:3947} INFO - Setting next_dagrun for example_kubernetes_executor to None, run_after=None
[2024-11-18T20:52:15.302+0000] {processor.py:183} INFO - Processing /home/airflow/.local/lib/python3.11/site-packages/airflow/example_dags/example_kubernetes_executor.py took 0.101 seconds
[2024-11-18T20:52:46.172+0000] {processor.py:161} INFO - Started process (PID=326) to work on /home/airflow/.local/lib/python3.11/site-packages/airflow/example_dags/example_kubernetes_executor.py
[2024-11-18T20:52:46.183+0000] {processor.py:830} INFO - Processing file /home/airflow/.local/lib/python3.11/site-packages/airflow/example_dags/example_kubernetes_executor.py for tasks to queue
[2024-11-18T20:52:46.188+0000] {logging_mixin.py:188} INFO - [2024-11-18T20:52:46.187+0000] {dagbag.py:545} INFO - Filling up the DagBag from /home/airflow/.local/lib/python3.11/site-packages/airflow/example_dags/example_kubernetes_executor.py
[2024-11-18T20:52:46.210+0000] {processor.py:840} INFO - DAG(s) 'example_kubernetes_executor' retrieved from /home/airflow/.local/lib/python3.11/site-packages/airflow/example_dags/example_kubernetes_executor.py
[2024-11-18T20:52:46.302+0000] {logging_mixin.py:188} INFO - [2024-11-18T20:52:46.300+0000] {dag.py:3089} INFO - Sync 1 DAGs
[2024-11-18T20:52:46.339+0000] {logging_mixin.py:188} INFO - [2024-11-18T20:52:46.338+0000] {dag.py:3947} INFO - Setting next_dagrun for example_kubernetes_executor to None, run_after=None
[2024-11-18T20:52:46.401+0000] {processor.py:183} INFO - Processing /home/airflow/.local/lib/python3.11/site-packages/airflow/example_dags/example_kubernetes_executor.py took 0.238 seconds
[2024-11-18T20:53:16.764+0000] {processor.py:161} INFO - Started process (PID=385) to work on /home/airflow/.local/lib/python3.11/site-packages/airflow/example_dags/example_kubernetes_executor.py
[2024-11-18T20:53:16.765+0000] {processor.py:830} INFO - Processing file /home/airflow/.local/lib/python3.11/site-packages/airflow/example_dags/example_kubernetes_executor.py for tasks to queue
[2024-11-18T20:53:16.768+0000] {logging_mixin.py:188} INFO - [2024-11-18T20:53:16.768+0000] {dagbag.py:545} INFO - Filling up the DagBag from /home/airflow/.local/lib/python3.11/site-packages/airflow/example_dags/example_kubernetes_executor.py
[2024-11-18T20:53:16.782+0000] {processor.py:840} INFO - DAG(s) 'example_kubernetes_executor' retrieved from /home/airflow/.local/lib/python3.11/site-packages/airflow/example_dags/example_kubernetes_executor.py
[2024-11-18T20:53:16.837+0000] {logging_mixin.py:188} INFO - [2024-11-18T20:53:16.835+0000] {dag.py:3089} INFO - Sync 1 DAGs
[2024-11-18T20:53:16.857+0000] {logging_mixin.py:188} INFO - [2024-11-18T20:53:16.856+0000] {dag.py:3947} INFO - Setting next_dagrun for example_kubernetes_executor to None, run_after=None
[2024-11-18T20:53:16.895+0000] {processor.py:183} INFO - Processing /home/airflow/.local/lib/python3.11/site-packages/airflow/example_dags/example_kubernetes_executor.py took 0.138 seconds
[2024-11-18T20:53:47.631+0000] {processor.py:161} INFO - Started process (PID=444) to work on /home/airflow/.local/lib/python3.11/site-packages/airflow/example_dags/example_kubernetes_executor.py
[2024-11-18T20:53:47.634+0000] {processor.py:830} INFO - Processing file /home/airflow/.local/lib/python3.11/site-packages/airflow/example_dags/example_kubernetes_executor.py for tasks to queue
[2024-11-18T20:53:47.636+0000] {logging_mixin.py:188} INFO - [2024-11-18T20:53:47.636+0000] {dagbag.py:545} INFO - Filling up the DagBag from /home/airflow/.local/lib/python3.11/site-packages/airflow/example_dags/example_kubernetes_executor.py
[2024-11-18T20:53:47.659+0000] {processor.py:840} INFO - DAG(s) 'example_kubernetes_executor' retrieved from /home/airflow/.local/lib/python3.11/site-packages/airflow/example_dags/example_kubernetes_executor.py
[2024-11-18T20:53:47.705+0000] {logging_mixin.py:188} INFO - [2024-11-18T20:53:47.705+0000] {dag.py:3089} INFO - Sync 1 DAGs
[2024-11-18T20:53:47.721+0000] {logging_mixin.py:188} INFO - [2024-11-18T20:53:47.721+0000] {dag.py:3947} INFO - Setting next_dagrun for example_kubernetes_executor to None, run_after=None
[2024-11-18T20:53:47.749+0000] {processor.py:183} INFO - Processing /home/airflow/.local/lib/python3.11/site-packages/airflow/example_dags/example_kubernetes_executor.py took 0.124 seconds
[2024-11-18T20:54:18.793+0000] {processor.py:161} INFO - Started process (PID=503) to work on /home/airflow/.local/lib/python3.11/site-packages/airflow/example_dags/example_kubernetes_executor.py
[2024-11-18T20:54:18.794+0000] {processor.py:830} INFO - Processing file /home/airflow/.local/lib/python3.11/site-packages/airflow/example_dags/example_kubernetes_executor.py for tasks to queue
[2024-11-18T20:54:18.797+0000] {logging_mixin.py:188} INFO - [2024-11-18T20:54:18.797+0000] {dagbag.py:545} INFO - Filling up the DagBag from /home/airflow/.local/lib/python3.11/site-packages/airflow/example_dags/example_kubernetes_executor.py
[2024-11-18T20:54:18.811+0000] {processor.py:840} INFO - DAG(s) 'example_kubernetes_executor' retrieved from /home/airflow/.local/lib/python3.11/site-packages/airflow/example_dags/example_kubernetes_executor.py
[2024-11-18T20:54:18.844+0000] {logging_mixin.py:188} INFO - [2024-11-18T20:54:18.844+0000] {dag.py:3089} INFO - Sync 1 DAGs
[2024-11-18T20:54:18.856+0000] {logging_mixin.py:188} INFO - [2024-11-18T20:54:18.856+0000] {dag.py:3947} INFO - Setting next_dagrun for example_kubernetes_executor to None, run_after=None
[2024-11-18T20:54:18.886+0000] {processor.py:183} INFO - Processing /home/airflow/.local/lib/python3.11/site-packages/airflow/example_dags/example_kubernetes_executor.py took 0.102 seconds
[2024-11-18T20:54:49.478+0000] {processor.py:161} INFO - Started process (PID=562) to work on /home/airflow/.local/lib/python3.11/site-packages/airflow/example_dags/example_kubernetes_executor.py
[2024-11-18T20:54:49.478+0000] {processor.py:830} INFO - Processing file /home/airflow/.local/lib/python3.11/site-packages/airflow/example_dags/example_kubernetes_executor.py for tasks to queue
[2024-11-18T20:54:49.481+0000] {logging_mixin.py:188} INFO - [2024-11-18T20:54:49.481+0000] {dagbag.py:545} INFO - Filling up the DagBag from /home/airflow/.local/lib/python3.11/site-packages/airflow/example_dags/example_kubernetes_executor.py
[2024-11-18T20:54:49.493+0000] {processor.py:840} INFO - DAG(s) 'example_kubernetes_executor' retrieved from /home/airflow/.local/lib/python3.11/site-packages/airflow/example_dags/example_kubernetes_executor.py
[2024-11-18T20:54:49.530+0000] {logging_mixin.py:188} INFO - [2024-11-18T20:54:49.530+0000] {dag.py:3089} INFO - Sync 1 DAGs
[2024-11-18T20:54:49.545+0000] {logging_mixin.py:188} INFO - [2024-11-18T20:54:49.545+0000] {dag.py:3947} INFO - Setting next_dagrun for example_kubernetes_executor to None, run_after=None
[2024-11-18T20:54:49.569+0000] {processor.py:183} INFO - Processing /home/airflow/.local/lib/python3.11/site-packages/airflow/example_dags/example_kubernetes_executor.py took 0.096 seconds
[2024-11-18T20:55:19.714+0000] {processor.py:161} INFO - Started process (PID=621) to work on /home/airflow/.local/lib/python3.11/site-packages/airflow/example_dags/example_kubernetes_executor.py
[2024-11-18T20:55:19.715+0000] {processor.py:830} INFO - Processing file /home/airflow/.local/lib/python3.11/site-packages/airflow/example_dags/example_kubernetes_executor.py for tasks to queue
[2024-11-18T20:55:19.716+0000] {logging_mixin.py:188} INFO - [2024-11-18T20:55:19.716+0000] {dagbag.py:545} INFO - Filling up the DagBag from /home/airflow/.local/lib/python3.11/site-packages/airflow/example_dags/example_kubernetes_executor.py
[2024-11-18T20:55:19.727+0000] {processor.py:840} INFO - DAG(s) 'example_kubernetes_executor' retrieved from /home/airflow/.local/lib/python3.11/site-packages/airflow/example_dags/example_kubernetes_executor.py
[2024-11-18T20:55:19.761+0000] {logging_mixin.py:188} INFO - [2024-11-18T20:55:19.761+0000] {dag.py:3089} INFO - Sync 1 DAGs
[2024-11-18T20:55:19.773+0000] {logging_mixin.py:188} INFO - [2024-11-18T20:55:19.772+0000] {dag.py:3947} INFO - Setting next_dagrun for example_kubernetes_executor to None, run_after=None
[2024-11-18T20:55:19.793+0000] {processor.py:183} INFO - Processing /home/airflow/.local/lib/python3.11/site-packages/airflow/example_dags/example_kubernetes_executor.py took 0.085 seconds
[2024-11-18T20:55:49.840+0000] {processor.py:161} INFO - Started process (PID=680) to work on /home/airflow/.local/lib/python3.11/site-packages/airflow/example_dags/example_kubernetes_executor.py
[2024-11-18T20:55:49.841+0000] {processor.py:830} INFO - Processing file /home/airflow/.local/lib/python3.11/site-packages/airflow/example_dags/example_kubernetes_executor.py for tasks to queue
[2024-11-18T20:55:49.843+0000] {logging_mixin.py:188} INFO - [2024-11-18T20:55:49.842+0000] {dagbag.py:545} INFO - Filling up the DagBag from /home/airflow/.local/lib/python3.11/site-packages/airflow/example_dags/example_kubernetes_executor.py
[2024-11-18T20:55:49.852+0000] {processor.py:840} INFO - DAG(s) 'example_kubernetes_executor' retrieved from /home/airflow/.local/lib/python3.11/site-packages/airflow/example_dags/example_kubernetes_executor.py
[2024-11-18T20:55:49.891+0000] {logging_mixin.py:188} INFO - [2024-11-18T20:55:49.890+0000] {dag.py:3089} INFO - Sync 1 DAGs
[2024-11-18T20:55:49.910+0000] {logging_mixin.py:188} INFO - [2024-11-18T20:55:49.910+0000] {dag.py:3947} INFO - Setting next_dagrun for example_kubernetes_executor to None, run_after=None
[2024-11-18T20:55:49.938+0000] {processor.py:183} INFO - Processing /home/airflow/.local/lib/python3.11/site-packages/airflow/example_dags/example_kubernetes_executor.py took 0.102 seconds
[2024-11-18T20:56:20.681+0000] {processor.py:161} INFO - Started process (PID=739) to work on /home/airflow/.local/lib/python3.11/site-packages/airflow/example_dags/example_kubernetes_executor.py
[2024-11-18T20:56:20.683+0000] {processor.py:830} INFO - Processing file /home/airflow/.local/lib/python3.11/site-packages/airflow/example_dags/example_kubernetes_executor.py for tasks to queue
[2024-11-18T20:56:20.685+0000] {logging_mixin.py:188} INFO - [2024-11-18T20:56:20.685+0000] {dagbag.py:545} INFO - Filling up the DagBag from /home/airflow/.local/lib/python3.11/site-packages/airflow/example_dags/example_kubernetes_executor.py
[2024-11-18T20:56:20.708+0000] {processor.py:840} INFO - DAG(s) 'example_kubernetes_executor' retrieved from /home/airflow/.local/lib/python3.11/site-packages/airflow/example_dags/example_kubernetes_executor.py
[2024-11-18T20:56:20.758+0000] {logging_mixin.py:188} INFO - [2024-11-18T20:56:20.757+0000] {dag.py:3089} INFO - Sync 1 DAGs
[2024-11-18T20:56:20.774+0000] {logging_mixin.py:188} INFO - [2024-11-18T20:56:20.774+0000] {dag.py:3947} INFO - Setting next_dagrun for example_kubernetes_executor to None, run_after=None
[2024-11-18T20:56:20.808+0000] {processor.py:183} INFO - Processing /home/airflow/.local/lib/python3.11/site-packages/airflow/example_dags/example_kubernetes_executor.py took 0.135 seconds
[2024-11-18T20:56:51.647+0000] {processor.py:161} INFO - Started process (PID=798) to work on /home/airflow/.local/lib/python3.11/site-packages/airflow/example_dags/example_kubernetes_executor.py
[2024-11-18T20:56:51.648+0000] {processor.py:830} INFO - Processing file /home/airflow/.local/lib/python3.11/site-packages/airflow/example_dags/example_kubernetes_executor.py for tasks to queue
[2024-11-18T20:56:51.650+0000] {logging_mixin.py:188} INFO - [2024-11-18T20:56:51.650+0000] {dagbag.py:545} INFO - Filling up the DagBag from /home/airflow/.local/lib/python3.11/site-packages/airflow/example_dags/example_kubernetes_executor.py
[2024-11-18T20:56:51.660+0000] {processor.py:840} INFO - DAG(s) 'example_kubernetes_executor' retrieved from /home/airflow/.local/lib/python3.11/site-packages/airflow/example_dags/example_kubernetes_executor.py
[2024-11-18T20:56:51.701+0000] {logging_mixin.py:188} INFO - [2024-11-18T20:56:51.701+0000] {dag.py:3089} INFO - Sync 1 DAGs
[2024-11-18T20:56:51.713+0000] {logging_mixin.py:188} INFO - [2024-11-18T20:56:51.713+0000] {dag.py:3947} INFO - Setting next_dagrun for example_kubernetes_executor to None, run_after=None
[2024-11-18T20:56:51.744+0000] {processor.py:183} INFO - Processing /home/airflow/.local/lib/python3.11/site-packages/airflow/example_dags/example_kubernetes_executor.py took 0.102 seconds
[2024-11-18T20:57:22.100+0000] {processor.py:161} INFO - Started process (PID=857) to work on /home/airflow/.local/lib/python3.11/site-packages/airflow/example_dags/example_kubernetes_executor.py
[2024-11-18T20:57:22.101+0000] {processor.py:830} INFO - Processing file /home/airflow/.local/lib/python3.11/site-packages/airflow/example_dags/example_kubernetes_executor.py for tasks to queue
[2024-11-18T20:57:22.103+0000] {logging_mixin.py:188} INFO - [2024-11-18T20:57:22.103+0000] {dagbag.py:545} INFO - Filling up the DagBag from /home/airflow/.local/lib/python3.11/site-packages/airflow/example_dags/example_kubernetes_executor.py
[2024-11-18T20:57:22.119+0000] {processor.py:840} INFO - DAG(s) 'example_kubernetes_executor' retrieved from /home/airflow/.local/lib/python3.11/site-packages/airflow/example_dags/example_kubernetes_executor.py
[2024-11-18T20:57:22.158+0000] {logging_mixin.py:188} INFO - [2024-11-18T20:57:22.158+0000] {dag.py:3089} INFO - Sync 1 DAGs
[2024-11-18T20:57:22.171+0000] {logging_mixin.py:188} INFO - [2024-11-18T20:57:22.171+0000] {dag.py:3947} INFO - Setting next_dagrun for example_kubernetes_executor to None, run_after=None
[2024-11-18T20:57:22.196+0000] {processor.py:183} INFO - Processing /home/airflow/.local/lib/python3.11/site-packages/airflow/example_dags/example_kubernetes_executor.py took 0.101 seconds
[2024-11-18T20:57:52.556+0000] {processor.py:161} INFO - Started process (PID=916) to work on /home/airflow/.local/lib/python3.11/site-packages/airflow/example_dags/example_kubernetes_executor.py
[2024-11-18T20:57:52.557+0000] {processor.py:830} INFO - Processing file /home/airflow/.local/lib/python3.11/site-packages/airflow/example_dags/example_kubernetes_executor.py for tasks to queue
[2024-11-18T20:57:52.558+0000] {logging_mixin.py:188} INFO - [2024-11-18T20:57:52.558+0000] {dagbag.py:545} INFO - Filling up the DagBag from /home/airflow/.local/lib/python3.11/site-packages/airflow/example_dags/example_kubernetes_executor.py
[2024-11-18T20:57:52.569+0000] {processor.py:840} INFO - DAG(s) 'example_kubernetes_executor' retrieved from /home/airflow/.local/lib/python3.11/site-packages/airflow/example_dags/example_kubernetes_executor.py
[2024-11-18T20:57:52.603+0000] {logging_mixin.py:188} INFO - [2024-11-18T20:57:52.603+0000] {dag.py:3089} INFO - Sync 1 DAGs
[2024-11-18T20:57:52.617+0000] {logging_mixin.py:188} INFO - [2024-11-18T20:57:52.616+0000] {dag.py:3947} INFO - Setting next_dagrun for example_kubernetes_executor to None, run_after=None
[2024-11-18T20:57:52.647+0000] {processor.py:183} INFO - Processing /home/airflow/.local/lib/python3.11/site-packages/airflow/example_dags/example_kubernetes_executor.py took 0.096 seconds
[2024-11-18T20:58:22.699+0000] {processor.py:161} INFO - Started process (PID=975) to work on /home/airflow/.local/lib/python3.11/site-packages/airflow/example_dags/example_kubernetes_executor.py
[2024-11-18T20:58:22.700+0000] {processor.py:830} INFO - Processing file /home/airflow/.local/lib/python3.11/site-packages/airflow/example_dags/example_kubernetes_executor.py for tasks to queue
[2024-11-18T20:58:22.703+0000] {logging_mixin.py:188} INFO - [2024-11-18T20:58:22.702+0000] {dagbag.py:545} INFO - Filling up the DagBag from /home/airflow/.local/lib/python3.11/site-packages/airflow/example_dags/example_kubernetes_executor.py
[2024-11-18T20:58:22.715+0000] {processor.py:840} INFO - DAG(s) 'example_kubernetes_executor' retrieved from /home/airflow/.local/lib/python3.11/site-packages/airflow/example_dags/example_kubernetes_executor.py
[2024-11-18T20:58:22.756+0000] {logging_mixin.py:188} INFO - [2024-11-18T20:58:22.755+0000] {dag.py:3089} INFO - Sync 1 DAGs
[2024-11-18T20:58:22.769+0000] {logging_mixin.py:188} INFO - [2024-11-18T20:58:22.769+0000] {dag.py:3947} INFO - Setting next_dagrun for example_kubernetes_executor to None, run_after=None
[2024-11-18T20:58:22.793+0000] {processor.py:183} INFO - Processing /home/airflow/.local/lib/python3.11/site-packages/airflow/example_dags/example_kubernetes_executor.py took 0.101 seconds
[2024-11-18T20:58:53.193+0000] {processor.py:161} INFO - Started process (PID=1034) to work on /home/airflow/.local/lib/python3.11/site-packages/airflow/example_dags/example_kubernetes_executor.py
[2024-11-18T20:58:53.194+0000] {processor.py:830} INFO - Processing file /home/airflow/.local/lib/python3.11/site-packages/airflow/example_dags/example_kubernetes_executor.py for tasks to queue
[2024-11-18T20:58:53.196+0000] {logging_mixin.py:188} INFO - [2024-11-18T20:58:53.195+0000] {dagbag.py:545} INFO - Filling up the DagBag from /home/airflow/.local/lib/python3.11/site-packages/airflow/example_dags/example_kubernetes_executor.py
[2024-11-18T20:58:53.207+0000] {processor.py:840} INFO - DAG(s) 'example_kubernetes_executor' retrieved from /home/airflow/.local/lib/python3.11/site-packages/airflow/example_dags/example_kubernetes_executor.py
[2024-11-18T20:58:53.242+0000] {logging_mixin.py:188} INFO - [2024-11-18T20:58:53.242+0000] {dag.py:3089} INFO - Sync 1 DAGs
[2024-11-18T20:58:53.252+0000] {logging_mixin.py:188} INFO - [2024-11-18T20:58:53.252+0000] {dag.py:3947} INFO - Setting next_dagrun for example_kubernetes_executor to None, run_after=None
[2024-11-18T20:58:53.284+0000] {processor.py:183} INFO - Processing /home/airflow/.local/lib/python3.11/site-packages/airflow/example_dags/example_kubernetes_executor.py took 0.097 seconds
