[2024-11-18T20:19:06.144+0000] {processor.py:161} INFO - Started process (PID=65) to work on /home/airflow/.local/lib/python3.11/site-packages/airflow/example_dags/example_params_trigger_ui.py
[2024-11-18T20:19:06.145+0000] {processor.py:830} INFO - Processing file /home/airflow/.local/lib/python3.11/site-packages/airflow/example_dags/example_params_trigger_ui.py for tasks to queue
[2024-11-18T20:19:06.148+0000] {logging_mixin.py:188} INFO - [2024-11-18T20:19:06.147+0000] {dagbag.py:545} INFO - Filling up the DagBag from /home/airflow/.local/lib/python3.11/site-packages/airflow/example_dags/example_params_trigger_ui.py
[2024-11-18T20:19:06.166+0000] {processor.py:840} INFO - DAG(s) 'example_params_trigger_ui' retrieved from /home/airflow/.local/lib/python3.11/site-packages/airflow/example_dags/example_params_trigger_ui.py
[2024-11-18T20:19:06.344+0000] {logging_mixin.py:188} INFO - [2024-11-18T20:19:06.343+0000] {override.py:1858} INFO - Created Permission View: can edit on DAG:example_params_trigger_ui
[2024-11-18T20:19:06.356+0000] {logging_mixin.py:188} INFO - [2024-11-18T20:19:06.355+0000] {override.py:1858} INFO - Created Permission View: can delete on DAG:example_params_trigger_ui
[2024-11-18T20:19:06.367+0000] {logging_mixin.py:188} INFO - [2024-11-18T20:19:06.366+0000] {override.py:1858} INFO - Created Permission View: can read on DAG:example_params_trigger_ui
[2024-11-18T20:19:06.368+0000] {logging_mixin.py:188} INFO - [2024-11-18T20:19:06.367+0000] {dag.py:3089} INFO - Sync 1 DAGs
[2024-11-18T20:19:06.386+0000] {logging_mixin.py:188} INFO - [2024-11-18T20:19:06.386+0000] {dag.py:3111} INFO - Creating ORM DAG for example_params_trigger_ui
[2024-11-18T20:19:06.387+0000] {logging_mixin.py:188} INFO - [2024-11-18T20:19:06.387+0000] {dag.py:3947} INFO - Setting next_dagrun for example_params_trigger_ui to None, run_after=None
[2024-11-18T20:19:06.408+0000] {processor.py:183} INFO - Processing /home/airflow/.local/lib/python3.11/site-packages/airflow/example_dags/example_params_trigger_ui.py took 0.271 seconds
[2024-11-18T20:19:37.027+0000] {processor.py:161} INFO - Started process (PID=123) to work on /home/airflow/.local/lib/python3.11/site-packages/airflow/example_dags/example_params_trigger_ui.py
[2024-11-18T20:19:37.030+0000] {processor.py:830} INFO - Processing file /home/airflow/.local/lib/python3.11/site-packages/airflow/example_dags/example_params_trigger_ui.py for tasks to queue
[2024-11-18T20:19:37.031+0000] {logging_mixin.py:188} INFO - [2024-11-18T20:19:37.031+0000] {dagbag.py:545} INFO - Filling up the DagBag from /home/airflow/.local/lib/python3.11/site-packages/airflow/example_dags/example_params_trigger_ui.py
[2024-11-18T20:19:37.043+0000] {processor.py:840} INFO - DAG(s) 'example_params_trigger_ui' retrieved from /home/airflow/.local/lib/python3.11/site-packages/airflow/example_dags/example_params_trigger_ui.py
[2024-11-18T20:19:37.101+0000] {logging_mixin.py:188} INFO - [2024-11-18T20:19:37.101+0000] {dag.py:3089} INFO - Sync 1 DAGs
[2024-11-18T20:19:37.118+0000] {logging_mixin.py:188} INFO - [2024-11-18T20:19:37.117+0000] {dag.py:3947} INFO - Setting next_dagrun for example_params_trigger_ui to None, run_after=None
[2024-11-18T20:19:37.149+0000] {processor.py:183} INFO - Processing /home/airflow/.local/lib/python3.11/site-packages/airflow/example_dags/example_params_trigger_ui.py took 0.131 seconds
[2024-11-18T20:20:08.122+0000] {processor.py:161} INFO - Started process (PID=181) to work on /home/airflow/.local/lib/python3.11/site-packages/airflow/example_dags/example_params_trigger_ui.py
[2024-11-18T20:20:08.123+0000] {processor.py:830} INFO - Processing file /home/airflow/.local/lib/python3.11/site-packages/airflow/example_dags/example_params_trigger_ui.py for tasks to queue
[2024-11-18T20:20:08.126+0000] {logging_mixin.py:188} INFO - [2024-11-18T20:20:08.126+0000] {dagbag.py:545} INFO - Filling up the DagBag from /home/airflow/.local/lib/python3.11/site-packages/airflow/example_dags/example_params_trigger_ui.py
[2024-11-18T20:20:08.138+0000] {processor.py:840} INFO - DAG(s) 'example_params_trigger_ui' retrieved from /home/airflow/.local/lib/python3.11/site-packages/airflow/example_dags/example_params_trigger_ui.py
[2024-11-18T20:20:08.188+0000] {logging_mixin.py:188} INFO - [2024-11-18T20:20:08.188+0000] {dag.py:3089} INFO - Sync 1 DAGs
[2024-11-18T20:20:08.203+0000] {logging_mixin.py:188} INFO - [2024-11-18T20:20:08.202+0000] {dag.py:3947} INFO - Setting next_dagrun for example_params_trigger_ui to None, run_after=None
[2024-11-18T20:20:08.222+0000] {processor.py:183} INFO - Processing /home/airflow/.local/lib/python3.11/site-packages/airflow/example_dags/example_params_trigger_ui.py took 0.106 seconds
[2024-11-18T20:20:38.651+0000] {processor.py:161} INFO - Started process (PID=239) to work on /home/airflow/.local/lib/python3.11/site-packages/airflow/example_dags/example_params_trigger_ui.py
[2024-11-18T20:20:38.653+0000] {processor.py:830} INFO - Processing file /home/airflow/.local/lib/python3.11/site-packages/airflow/example_dags/example_params_trigger_ui.py for tasks to queue
[2024-11-18T20:20:38.656+0000] {logging_mixin.py:188} INFO - [2024-11-18T20:20:38.655+0000] {dagbag.py:545} INFO - Filling up the DagBag from /home/airflow/.local/lib/python3.11/site-packages/airflow/example_dags/example_params_trigger_ui.py
[2024-11-18T20:20:38.672+0000] {processor.py:840} INFO - DAG(s) 'example_params_trigger_ui' retrieved from /home/airflow/.local/lib/python3.11/site-packages/airflow/example_dags/example_params_trigger_ui.py
[2024-11-18T20:20:38.722+0000] {logging_mixin.py:188} INFO - [2024-11-18T20:20:38.721+0000] {dag.py:3089} INFO - Sync 1 DAGs
[2024-11-18T20:20:38.737+0000] {logging_mixin.py:188} INFO - [2024-11-18T20:20:38.737+0000] {dag.py:3947} INFO - Setting next_dagrun for example_params_trigger_ui to None, run_after=None
[2024-11-18T20:20:38.760+0000] {processor.py:183} INFO - Processing /home/airflow/.local/lib/python3.11/site-packages/airflow/example_dags/example_params_trigger_ui.py took 0.117 seconds
[2024-11-18T20:21:08.810+0000] {processor.py:161} INFO - Started process (PID=298) to work on /home/airflow/.local/lib/python3.11/site-packages/airflow/example_dags/example_params_trigger_ui.py
[2024-11-18T20:21:08.811+0000] {processor.py:830} INFO - Processing file /home/airflow/.local/lib/python3.11/site-packages/airflow/example_dags/example_params_trigger_ui.py for tasks to queue
[2024-11-18T20:21:08.812+0000] {logging_mixin.py:188} INFO - [2024-11-18T20:21:08.812+0000] {dagbag.py:545} INFO - Filling up the DagBag from /home/airflow/.local/lib/python3.11/site-packages/airflow/example_dags/example_params_trigger_ui.py
[2024-11-18T20:21:08.820+0000] {processor.py:840} INFO - DAG(s) 'example_params_trigger_ui' retrieved from /home/airflow/.local/lib/python3.11/site-packages/airflow/example_dags/example_params_trigger_ui.py
[2024-11-18T20:21:08.854+0000] {logging_mixin.py:188} INFO - [2024-11-18T20:21:08.854+0000] {dag.py:3089} INFO - Sync 1 DAGs
[2024-11-18T20:21:08.865+0000] {logging_mixin.py:188} INFO - [2024-11-18T20:21:08.864+0000] {dag.py:3947} INFO - Setting next_dagrun for example_params_trigger_ui to None, run_after=None
[2024-11-18T20:21:08.886+0000] {processor.py:183} INFO - Processing /home/airflow/.local/lib/python3.11/site-packages/airflow/example_dags/example_params_trigger_ui.py took 0.081 seconds
[2024-11-18T20:21:39.873+0000] {processor.py:161} INFO - Started process (PID=356) to work on /home/airflow/.local/lib/python3.11/site-packages/airflow/example_dags/example_params_trigger_ui.py
[2024-11-18T20:21:39.874+0000] {processor.py:830} INFO - Processing file /home/airflow/.local/lib/python3.11/site-packages/airflow/example_dags/example_params_trigger_ui.py for tasks to queue
[2024-11-18T20:21:39.875+0000] {logging_mixin.py:188} INFO - [2024-11-18T20:21:39.875+0000] {dagbag.py:545} INFO - Filling up the DagBag from /home/airflow/.local/lib/python3.11/site-packages/airflow/example_dags/example_params_trigger_ui.py
[2024-11-18T20:21:39.883+0000] {processor.py:840} INFO - DAG(s) 'example_params_trigger_ui' retrieved from /home/airflow/.local/lib/python3.11/site-packages/airflow/example_dags/example_params_trigger_ui.py
[2024-11-18T20:21:39.921+0000] {logging_mixin.py:188} INFO - [2024-11-18T20:21:39.921+0000] {dag.py:3089} INFO - Sync 1 DAGs
[2024-11-18T20:21:39.939+0000] {logging_mixin.py:188} INFO - [2024-11-18T20:21:39.938+0000] {dag.py:3947} INFO - Setting next_dagrun for example_params_trigger_ui to None, run_after=None
[2024-11-18T20:21:39.965+0000] {processor.py:183} INFO - Processing /home/airflow/.local/lib/python3.11/site-packages/airflow/example_dags/example_params_trigger_ui.py took 0.096 seconds
[2024-11-18T20:22:10.614+0000] {processor.py:161} INFO - Started process (PID=414) to work on /home/airflow/.local/lib/python3.11/site-packages/airflow/example_dags/example_params_trigger_ui.py
[2024-11-18T20:22:10.615+0000] {processor.py:830} INFO - Processing file /home/airflow/.local/lib/python3.11/site-packages/airflow/example_dags/example_params_trigger_ui.py for tasks to queue
[2024-11-18T20:22:10.617+0000] {logging_mixin.py:188} INFO - [2024-11-18T20:22:10.616+0000] {dagbag.py:545} INFO - Filling up the DagBag from /home/airflow/.local/lib/python3.11/site-packages/airflow/example_dags/example_params_trigger_ui.py
[2024-11-18T20:22:10.624+0000] {processor.py:840} INFO - DAG(s) 'example_params_trigger_ui' retrieved from /home/airflow/.local/lib/python3.11/site-packages/airflow/example_dags/example_params_trigger_ui.py
[2024-11-18T20:22:10.657+0000] {logging_mixin.py:188} INFO - [2024-11-18T20:22:10.657+0000] {dag.py:3089} INFO - Sync 1 DAGs
[2024-11-18T20:22:10.667+0000] {logging_mixin.py:188} INFO - [2024-11-18T20:22:10.666+0000] {dag.py:3947} INFO - Setting next_dagrun for example_params_trigger_ui to None, run_after=None
[2024-11-18T20:22:10.682+0000] {processor.py:183} INFO - Processing /home/airflow/.local/lib/python3.11/site-packages/airflow/example_dags/example_params_trigger_ui.py took 0.073 seconds
[2024-11-18T20:22:40.980+0000] {processor.py:161} INFO - Started process (PID=473) to work on /home/airflow/.local/lib/python3.11/site-packages/airflow/example_dags/example_params_trigger_ui.py
[2024-11-18T20:22:40.981+0000] {processor.py:830} INFO - Processing file /home/airflow/.local/lib/python3.11/site-packages/airflow/example_dags/example_params_trigger_ui.py for tasks to queue
[2024-11-18T20:22:40.982+0000] {logging_mixin.py:188} INFO - [2024-11-18T20:22:40.982+0000] {dagbag.py:545} INFO - Filling up the DagBag from /home/airflow/.local/lib/python3.11/site-packages/airflow/example_dags/example_params_trigger_ui.py
[2024-11-18T20:22:40.991+0000] {processor.py:840} INFO - DAG(s) 'example_params_trigger_ui' retrieved from /home/airflow/.local/lib/python3.11/site-packages/airflow/example_dags/example_params_trigger_ui.py
[2024-11-18T20:22:41.037+0000] {logging_mixin.py:188} INFO - [2024-11-18T20:22:41.037+0000] {dag.py:3089} INFO - Sync 1 DAGs
[2024-11-18T20:22:41.048+0000] {logging_mixin.py:188} INFO - [2024-11-18T20:22:41.048+0000] {dag.py:3947} INFO - Setting next_dagrun for example_params_trigger_ui to None, run_after=None
[2024-11-18T20:22:41.075+0000] {processor.py:183} INFO - Processing /home/airflow/.local/lib/python3.11/site-packages/airflow/example_dags/example_params_trigger_ui.py took 0.100 seconds
[2024-11-18T20:23:11.254+0000] {processor.py:161} INFO - Started process (PID=531) to work on /home/airflow/.local/lib/python3.11/site-packages/airflow/example_dags/example_params_trigger_ui.py
[2024-11-18T20:23:11.255+0000] {processor.py:830} INFO - Processing file /home/airflow/.local/lib/python3.11/site-packages/airflow/example_dags/example_params_trigger_ui.py for tasks to queue
[2024-11-18T20:23:11.258+0000] {logging_mixin.py:188} INFO - [2024-11-18T20:23:11.256+0000] {dagbag.py:545} INFO - Filling up the DagBag from /home/airflow/.local/lib/python3.11/site-packages/airflow/example_dags/example_params_trigger_ui.py
[2024-11-18T20:23:11.268+0000] {processor.py:840} INFO - DAG(s) 'example_params_trigger_ui' retrieved from /home/airflow/.local/lib/python3.11/site-packages/airflow/example_dags/example_params_trigger_ui.py
[2024-11-18T20:23:11.305+0000] {logging_mixin.py:188} INFO - [2024-11-18T20:23:11.305+0000] {dag.py:3089} INFO - Sync 1 DAGs
[2024-11-18T20:23:11.320+0000] {logging_mixin.py:188} INFO - [2024-11-18T20:23:11.320+0000] {dag.py:3947} INFO - Setting next_dagrun for example_params_trigger_ui to None, run_after=None
[2024-11-18T20:23:11.350+0000] {processor.py:183} INFO - Processing /home/airflow/.local/lib/python3.11/site-packages/airflow/example_dags/example_params_trigger_ui.py took 0.100 seconds
[2024-11-18T20:23:41.397+0000] {processor.py:161} INFO - Started process (PID=589) to work on /home/airflow/.local/lib/python3.11/site-packages/airflow/example_dags/example_params_trigger_ui.py
[2024-11-18T20:23:41.398+0000] {processor.py:830} INFO - Processing file /home/airflow/.local/lib/python3.11/site-packages/airflow/example_dags/example_params_trigger_ui.py for tasks to queue
[2024-11-18T20:23:41.399+0000] {logging_mixin.py:188} INFO - [2024-11-18T20:23:41.399+0000] {dagbag.py:545} INFO - Filling up the DagBag from /home/airflow/.local/lib/python3.11/site-packages/airflow/example_dags/example_params_trigger_ui.py
[2024-11-18T20:23:41.409+0000] {processor.py:840} INFO - DAG(s) 'example_params_trigger_ui' retrieved from /home/airflow/.local/lib/python3.11/site-packages/airflow/example_dags/example_params_trigger_ui.py
[2024-11-18T20:23:41.448+0000] {logging_mixin.py:188} INFO - [2024-11-18T20:23:41.448+0000] {dag.py:3089} INFO - Sync 1 DAGs
[2024-11-18T20:23:41.460+0000] {logging_mixin.py:188} INFO - [2024-11-18T20:23:41.460+0000] {dag.py:3947} INFO - Setting next_dagrun for example_params_trigger_ui to None, run_after=None
[2024-11-18T20:23:41.482+0000] {processor.py:183} INFO - Processing /home/airflow/.local/lib/python3.11/site-packages/airflow/example_dags/example_params_trigger_ui.py took 0.091 seconds
[2024-11-18T20:24:11.969+0000] {processor.py:161} INFO - Started process (PID=649) to work on /home/airflow/.local/lib/python3.11/site-packages/airflow/example_dags/example_params_trigger_ui.py
[2024-11-18T20:24:11.969+0000] {processor.py:830} INFO - Processing file /home/airflow/.local/lib/python3.11/site-packages/airflow/example_dags/example_params_trigger_ui.py for tasks to queue
[2024-11-18T20:24:11.971+0000] {logging_mixin.py:188} INFO - [2024-11-18T20:24:11.971+0000] {dagbag.py:545} INFO - Filling up the DagBag from /home/airflow/.local/lib/python3.11/site-packages/airflow/example_dags/example_params_trigger_ui.py
[2024-11-18T20:24:11.979+0000] {processor.py:840} INFO - DAG(s) 'example_params_trigger_ui' retrieved from /home/airflow/.local/lib/python3.11/site-packages/airflow/example_dags/example_params_trigger_ui.py
[2024-11-18T20:24:12.014+0000] {logging_mixin.py:188} INFO - [2024-11-18T20:24:12.014+0000] {dag.py:3089} INFO - Sync 1 DAGs
[2024-11-18T20:24:12.024+0000] {logging_mixin.py:188} INFO - [2024-11-18T20:24:12.024+0000] {dag.py:3947} INFO - Setting next_dagrun for example_params_trigger_ui to None, run_after=None
[2024-11-18T20:24:12.047+0000] {processor.py:183} INFO - Processing /home/airflow/.local/lib/python3.11/site-packages/airflow/example_dags/example_params_trigger_ui.py took 0.084 seconds
[2024-11-18T20:24:42.580+0000] {processor.py:161} INFO - Started process (PID=708) to work on /home/airflow/.local/lib/python3.11/site-packages/airflow/example_dags/example_params_trigger_ui.py
[2024-11-18T20:24:42.580+0000] {processor.py:830} INFO - Processing file /home/airflow/.local/lib/python3.11/site-packages/airflow/example_dags/example_params_trigger_ui.py for tasks to queue
[2024-11-18T20:24:42.582+0000] {logging_mixin.py:188} INFO - [2024-11-18T20:24:42.582+0000] {dagbag.py:545} INFO - Filling up the DagBag from /home/airflow/.local/lib/python3.11/site-packages/airflow/example_dags/example_params_trigger_ui.py
[2024-11-18T20:24:42.590+0000] {processor.py:840} INFO - DAG(s) 'example_params_trigger_ui' retrieved from /home/airflow/.local/lib/python3.11/site-packages/airflow/example_dags/example_params_trigger_ui.py
[2024-11-18T20:24:42.624+0000] {logging_mixin.py:188} INFO - [2024-11-18T20:24:42.624+0000] {dag.py:3089} INFO - Sync 1 DAGs
[2024-11-18T20:24:42.635+0000] {logging_mixin.py:188} INFO - [2024-11-18T20:24:42.634+0000] {dag.py:3947} INFO - Setting next_dagrun for example_params_trigger_ui to None, run_after=None
[2024-11-18T20:24:42.650+0000] {processor.py:183} INFO - Processing /home/airflow/.local/lib/python3.11/site-packages/airflow/example_dags/example_params_trigger_ui.py took 0.075 seconds
[2024-11-18T20:25:12.903+0000] {processor.py:161} INFO - Started process (PID=767) to work on /home/airflow/.local/lib/python3.11/site-packages/airflow/example_dags/example_params_trigger_ui.py
[2024-11-18T20:25:12.904+0000] {processor.py:830} INFO - Processing file /home/airflow/.local/lib/python3.11/site-packages/airflow/example_dags/example_params_trigger_ui.py for tasks to queue
[2024-11-18T20:25:12.905+0000] {logging_mixin.py:188} INFO - [2024-11-18T20:25:12.905+0000] {dagbag.py:545} INFO - Filling up the DagBag from /home/airflow/.local/lib/python3.11/site-packages/airflow/example_dags/example_params_trigger_ui.py
[2024-11-18T20:25:12.913+0000] {processor.py:840} INFO - DAG(s) 'example_params_trigger_ui' retrieved from /home/airflow/.local/lib/python3.11/site-packages/airflow/example_dags/example_params_trigger_ui.py
[2024-11-18T20:25:12.946+0000] {logging_mixin.py:188} INFO - [2024-11-18T20:25:12.946+0000] {dag.py:3089} INFO - Sync 1 DAGs
[2024-11-18T20:25:12.957+0000] {logging_mixin.py:188} INFO - [2024-11-18T20:25:12.956+0000] {dag.py:3947} INFO - Setting next_dagrun for example_params_trigger_ui to None, run_after=None
[2024-11-18T20:25:12.975+0000] {processor.py:183} INFO - Processing /home/airflow/.local/lib/python3.11/site-packages/airflow/example_dags/example_params_trigger_ui.py took 0.076 seconds
[2024-11-18T20:25:43.663+0000] {processor.py:161} INFO - Started process (PID=826) to work on /home/airflow/.local/lib/python3.11/site-packages/airflow/example_dags/example_params_trigger_ui.py
[2024-11-18T20:25:43.664+0000] {processor.py:830} INFO - Processing file /home/airflow/.local/lib/python3.11/site-packages/airflow/example_dags/example_params_trigger_ui.py for tasks to queue
[2024-11-18T20:25:43.665+0000] {logging_mixin.py:188} INFO - [2024-11-18T20:25:43.665+0000] {dagbag.py:545} INFO - Filling up the DagBag from /home/airflow/.local/lib/python3.11/site-packages/airflow/example_dags/example_params_trigger_ui.py
[2024-11-18T20:25:43.674+0000] {processor.py:840} INFO - DAG(s) 'example_params_trigger_ui' retrieved from /home/airflow/.local/lib/python3.11/site-packages/airflow/example_dags/example_params_trigger_ui.py
[2024-11-18T20:25:43.714+0000] {logging_mixin.py:188} INFO - [2024-11-18T20:25:43.714+0000] {dag.py:3089} INFO - Sync 1 DAGs
[2024-11-18T20:25:43.732+0000] {logging_mixin.py:188} INFO - [2024-11-18T20:25:43.731+0000] {dag.py:3947} INFO - Setting next_dagrun for example_params_trigger_ui to None, run_after=None
[2024-11-18T20:25:43.761+0000] {processor.py:183} INFO - Processing /home/airflow/.local/lib/python3.11/site-packages/airflow/example_dags/example_params_trigger_ui.py took 0.103 seconds
[2024-11-18T20:26:14.305+0000] {processor.py:161} INFO - Started process (PID=885) to work on /home/airflow/.local/lib/python3.11/site-packages/airflow/example_dags/example_params_trigger_ui.py
[2024-11-18T20:26:14.306+0000] {processor.py:830} INFO - Processing file /home/airflow/.local/lib/python3.11/site-packages/airflow/example_dags/example_params_trigger_ui.py for tasks to queue
[2024-11-18T20:26:14.307+0000] {logging_mixin.py:188} INFO - [2024-11-18T20:26:14.307+0000] {dagbag.py:545} INFO - Filling up the DagBag from /home/airflow/.local/lib/python3.11/site-packages/airflow/example_dags/example_params_trigger_ui.py
[2024-11-18T20:26:14.315+0000] {processor.py:840} INFO - DAG(s) 'example_params_trigger_ui' retrieved from /home/airflow/.local/lib/python3.11/site-packages/airflow/example_dags/example_params_trigger_ui.py
[2024-11-18T20:26:14.349+0000] {logging_mixin.py:188} INFO - [2024-11-18T20:26:14.349+0000] {dag.py:3089} INFO - Sync 1 DAGs
[2024-11-18T20:26:14.359+0000] {logging_mixin.py:188} INFO - [2024-11-18T20:26:14.359+0000] {dag.py:3947} INFO - Setting next_dagrun for example_params_trigger_ui to None, run_after=None
[2024-11-18T20:26:14.375+0000] {processor.py:183} INFO - Processing /home/airflow/.local/lib/python3.11/site-packages/airflow/example_dags/example_params_trigger_ui.py took 0.075 seconds
[2024-11-18T20:26:44.669+0000] {processor.py:161} INFO - Started process (PID=944) to work on /home/airflow/.local/lib/python3.11/site-packages/airflow/example_dags/example_params_trigger_ui.py
[2024-11-18T20:26:44.671+0000] {processor.py:830} INFO - Processing file /home/airflow/.local/lib/python3.11/site-packages/airflow/example_dags/example_params_trigger_ui.py for tasks to queue
[2024-11-18T20:26:44.673+0000] {logging_mixin.py:188} INFO - [2024-11-18T20:26:44.672+0000] {dagbag.py:545} INFO - Filling up the DagBag from /home/airflow/.local/lib/python3.11/site-packages/airflow/example_dags/example_params_trigger_ui.py
[2024-11-18T20:26:44.682+0000] {processor.py:840} INFO - DAG(s) 'example_params_trigger_ui' retrieved from /home/airflow/.local/lib/python3.11/site-packages/airflow/example_dags/example_params_trigger_ui.py
[2024-11-18T20:26:44.726+0000] {logging_mixin.py:188} INFO - [2024-11-18T20:26:44.726+0000] {dag.py:3089} INFO - Sync 1 DAGs
[2024-11-18T20:26:44.741+0000] {logging_mixin.py:188} INFO - [2024-11-18T20:26:44.740+0000] {dag.py:3947} INFO - Setting next_dagrun for example_params_trigger_ui to None, run_after=None
[2024-11-18T20:26:44.768+0000] {processor.py:183} INFO - Processing /home/airflow/.local/lib/python3.11/site-packages/airflow/example_dags/example_params_trigger_ui.py took 0.104 seconds
[2024-11-18T20:27:15.363+0000] {processor.py:161} INFO - Started process (PID=1003) to work on /home/airflow/.local/lib/python3.11/site-packages/airflow/example_dags/example_params_trigger_ui.py
[2024-11-18T20:27:15.369+0000] {processor.py:830} INFO - Processing file /home/airflow/.local/lib/python3.11/site-packages/airflow/example_dags/example_params_trigger_ui.py for tasks to queue
[2024-11-18T20:27:15.374+0000] {logging_mixin.py:188} INFO - [2024-11-18T20:27:15.373+0000] {dagbag.py:545} INFO - Filling up the DagBag from /home/airflow/.local/lib/python3.11/site-packages/airflow/example_dags/example_params_trigger_ui.py
[2024-11-18T20:27:15.420+0000] {processor.py:840} INFO - DAG(s) 'example_params_trigger_ui' retrieved from /home/airflow/.local/lib/python3.11/site-packages/airflow/example_dags/example_params_trigger_ui.py
[2024-11-18T20:27:15.537+0000] {logging_mixin.py:188} INFO - [2024-11-18T20:27:15.536+0000] {dag.py:3089} INFO - Sync 1 DAGs
[2024-11-18T20:27:15.574+0000] {logging_mixin.py:188} INFO - [2024-11-18T20:27:15.574+0000] {dag.py:3947} INFO - Setting next_dagrun for example_params_trigger_ui to None, run_after=None
[2024-11-18T20:27:15.636+0000] {processor.py:183} INFO - Processing /home/airflow/.local/lib/python3.11/site-packages/airflow/example_dags/example_params_trigger_ui.py took 0.283 seconds
[2024-11-18T20:27:46.536+0000] {processor.py:161} INFO - Started process (PID=1062) to work on /home/airflow/.local/lib/python3.11/site-packages/airflow/example_dags/example_params_trigger_ui.py
[2024-11-18T20:27:46.537+0000] {processor.py:830} INFO - Processing file /home/airflow/.local/lib/python3.11/site-packages/airflow/example_dags/example_params_trigger_ui.py for tasks to queue
[2024-11-18T20:27:46.540+0000] {logging_mixin.py:188} INFO - [2024-11-18T20:27:46.539+0000] {dagbag.py:545} INFO - Filling up the DagBag from /home/airflow/.local/lib/python3.11/site-packages/airflow/example_dags/example_params_trigger_ui.py
[2024-11-18T20:27:46.554+0000] {processor.py:840} INFO - DAG(s) 'example_params_trigger_ui' retrieved from /home/airflow/.local/lib/python3.11/site-packages/airflow/example_dags/example_params_trigger_ui.py
[2024-11-18T20:27:46.645+0000] {logging_mixin.py:188} INFO - [2024-11-18T20:27:46.645+0000] {dag.py:3089} INFO - Sync 1 DAGs
[2024-11-18T20:27:46.672+0000] {logging_mixin.py:188} INFO - [2024-11-18T20:27:46.671+0000] {dag.py:3947} INFO - Setting next_dagrun for example_params_trigger_ui to None, run_after=None
[2024-11-18T20:27:46.713+0000] {processor.py:183} INFO - Processing /home/airflow/.local/lib/python3.11/site-packages/airflow/example_dags/example_params_trigger_ui.py took 0.186 seconds
[2024-11-18T20:28:16.851+0000] {processor.py:161} INFO - Started process (PID=1122) to work on /home/airflow/.local/lib/python3.11/site-packages/airflow/example_dags/example_params_trigger_ui.py
[2024-11-18T20:28:16.851+0000] {processor.py:830} INFO - Processing file /home/airflow/.local/lib/python3.11/site-packages/airflow/example_dags/example_params_trigger_ui.py for tasks to queue
[2024-11-18T20:28:16.853+0000] {logging_mixin.py:188} INFO - [2024-11-18T20:28:16.853+0000] {dagbag.py:545} INFO - Filling up the DagBag from /home/airflow/.local/lib/python3.11/site-packages/airflow/example_dags/example_params_trigger_ui.py
[2024-11-18T20:28:16.861+0000] {processor.py:840} INFO - DAG(s) 'example_params_trigger_ui' retrieved from /home/airflow/.local/lib/python3.11/site-packages/airflow/example_dags/example_params_trigger_ui.py
[2024-11-18T20:28:16.903+0000] {logging_mixin.py:188} INFO - [2024-11-18T20:28:16.902+0000] {dag.py:3089} INFO - Sync 1 DAGs
[2024-11-18T20:28:16.916+0000] {logging_mixin.py:188} INFO - [2024-11-18T20:28:16.916+0000] {dag.py:3947} INFO - Setting next_dagrun for example_params_trigger_ui to None, run_after=None
[2024-11-18T20:28:16.937+0000] {processor.py:183} INFO - Processing /home/airflow/.local/lib/python3.11/site-packages/airflow/example_dags/example_params_trigger_ui.py took 0.093 seconds
[2024-11-18T20:28:47.126+0000] {processor.py:161} INFO - Started process (PID=1181) to work on /home/airflow/.local/lib/python3.11/site-packages/airflow/example_dags/example_params_trigger_ui.py
[2024-11-18T20:28:47.126+0000] {processor.py:830} INFO - Processing file /home/airflow/.local/lib/python3.11/site-packages/airflow/example_dags/example_params_trigger_ui.py for tasks to queue
[2024-11-18T20:28:47.129+0000] {logging_mixin.py:188} INFO - [2024-11-18T20:28:47.128+0000] {dagbag.py:545} INFO - Filling up the DagBag from /home/airflow/.local/lib/python3.11/site-packages/airflow/example_dags/example_params_trigger_ui.py
[2024-11-18T20:28:47.140+0000] {processor.py:840} INFO - DAG(s) 'example_params_trigger_ui' retrieved from /home/airflow/.local/lib/python3.11/site-packages/airflow/example_dags/example_params_trigger_ui.py
[2024-11-18T20:28:47.184+0000] {logging_mixin.py:188} INFO - [2024-11-18T20:28:47.183+0000] {dag.py:3089} INFO - Sync 1 DAGs
[2024-11-18T20:28:47.197+0000] {logging_mixin.py:188} INFO - [2024-11-18T20:28:47.196+0000] {dag.py:3947} INFO - Setting next_dagrun for example_params_trigger_ui to None, run_after=None
[2024-11-18T20:28:47.221+0000] {processor.py:183} INFO - Processing /home/airflow/.local/lib/python3.11/site-packages/airflow/example_dags/example_params_trigger_ui.py took 0.100 seconds
[2024-11-18T20:29:17.462+0000] {processor.py:161} INFO - Started process (PID=1240) to work on /home/airflow/.local/lib/python3.11/site-packages/airflow/example_dags/example_params_trigger_ui.py
[2024-11-18T20:29:17.463+0000] {processor.py:830} INFO - Processing file /home/airflow/.local/lib/python3.11/site-packages/airflow/example_dags/example_params_trigger_ui.py for tasks to queue
[2024-11-18T20:29:17.465+0000] {logging_mixin.py:188} INFO - [2024-11-18T20:29:17.464+0000] {dagbag.py:545} INFO - Filling up the DagBag from /home/airflow/.local/lib/python3.11/site-packages/airflow/example_dags/example_params_trigger_ui.py
[2024-11-18T20:29:17.475+0000] {processor.py:840} INFO - DAG(s) 'example_params_trigger_ui' retrieved from /home/airflow/.local/lib/python3.11/site-packages/airflow/example_dags/example_params_trigger_ui.py
[2024-11-18T20:29:17.517+0000] {logging_mixin.py:188} INFO - [2024-11-18T20:29:17.517+0000] {dag.py:3089} INFO - Sync 1 DAGs
[2024-11-18T20:29:17.529+0000] {logging_mixin.py:188} INFO - [2024-11-18T20:29:17.529+0000] {dag.py:3947} INFO - Setting next_dagrun for example_params_trigger_ui to None, run_after=None
[2024-11-18T20:29:17.551+0000] {processor.py:183} INFO - Processing /home/airflow/.local/lib/python3.11/site-packages/airflow/example_dags/example_params_trigger_ui.py took 0.097 seconds
[2024-11-18T20:29:47.828+0000] {processor.py:161} INFO - Started process (PID=1299) to work on /home/airflow/.local/lib/python3.11/site-packages/airflow/example_dags/example_params_trigger_ui.py
[2024-11-18T20:29:47.829+0000] {processor.py:830} INFO - Processing file /home/airflow/.local/lib/python3.11/site-packages/airflow/example_dags/example_params_trigger_ui.py for tasks to queue
[2024-11-18T20:29:47.832+0000] {logging_mixin.py:188} INFO - [2024-11-18T20:29:47.831+0000] {dagbag.py:545} INFO - Filling up the DagBag from /home/airflow/.local/lib/python3.11/site-packages/airflow/example_dags/example_params_trigger_ui.py
[2024-11-18T20:29:47.841+0000] {processor.py:840} INFO - DAG(s) 'example_params_trigger_ui' retrieved from /home/airflow/.local/lib/python3.11/site-packages/airflow/example_dags/example_params_trigger_ui.py
[2024-11-18T20:29:47.884+0000] {logging_mixin.py:188} INFO - [2024-11-18T20:29:47.884+0000] {dag.py:3089} INFO - Sync 1 DAGs
[2024-11-18T20:29:47.900+0000] {logging_mixin.py:188} INFO - [2024-11-18T20:29:47.900+0000] {dag.py:3947} INFO - Setting next_dagrun for example_params_trigger_ui to None, run_after=None
[2024-11-18T20:29:47.930+0000] {processor.py:183} INFO - Processing /home/airflow/.local/lib/python3.11/site-packages/airflow/example_dags/example_params_trigger_ui.py took 0.109 seconds
[2024-11-18T20:30:18.951+0000] {processor.py:161} INFO - Started process (PID=1358) to work on /home/airflow/.local/lib/python3.11/site-packages/airflow/example_dags/example_params_trigger_ui.py
[2024-11-18T20:30:18.953+0000] {processor.py:830} INFO - Processing file /home/airflow/.local/lib/python3.11/site-packages/airflow/example_dags/example_params_trigger_ui.py for tasks to queue
[2024-11-18T20:30:18.955+0000] {logging_mixin.py:188} INFO - [2024-11-18T20:30:18.954+0000] {dagbag.py:545} INFO - Filling up the DagBag from /home/airflow/.local/lib/python3.11/site-packages/airflow/example_dags/example_params_trigger_ui.py
[2024-11-18T20:30:18.967+0000] {processor.py:840} INFO - DAG(s) 'example_params_trigger_ui' retrieved from /home/airflow/.local/lib/python3.11/site-packages/airflow/example_dags/example_params_trigger_ui.py
[2024-11-18T20:30:19.013+0000] {logging_mixin.py:188} INFO - [2024-11-18T20:30:19.013+0000] {dag.py:3089} INFO - Sync 1 DAGs
[2024-11-18T20:30:19.028+0000] {logging_mixin.py:188} INFO - [2024-11-18T20:30:19.028+0000] {dag.py:3947} INFO - Setting next_dagrun for example_params_trigger_ui to None, run_after=None
[2024-11-18T20:30:19.059+0000] {processor.py:183} INFO - Processing /home/airflow/.local/lib/python3.11/site-packages/airflow/example_dags/example_params_trigger_ui.py took 0.113 seconds
[2024-11-18T20:30:49.201+0000] {processor.py:161} INFO - Started process (PID=1418) to work on /home/airflow/.local/lib/python3.11/site-packages/airflow/example_dags/example_params_trigger_ui.py
[2024-11-18T20:30:49.203+0000] {processor.py:830} INFO - Processing file /home/airflow/.local/lib/python3.11/site-packages/airflow/example_dags/example_params_trigger_ui.py for tasks to queue
[2024-11-18T20:30:49.205+0000] {logging_mixin.py:188} INFO - [2024-11-18T20:30:49.205+0000] {dagbag.py:545} INFO - Filling up the DagBag from /home/airflow/.local/lib/python3.11/site-packages/airflow/example_dags/example_params_trigger_ui.py
[2024-11-18T20:30:49.215+0000] {processor.py:840} INFO - DAG(s) 'example_params_trigger_ui' retrieved from /home/airflow/.local/lib/python3.11/site-packages/airflow/example_dags/example_params_trigger_ui.py
[2024-11-18T20:30:49.259+0000] {logging_mixin.py:188} INFO - [2024-11-18T20:30:49.259+0000] {dag.py:3089} INFO - Sync 1 DAGs
[2024-11-18T20:30:49.273+0000] {logging_mixin.py:188} INFO - [2024-11-18T20:30:49.272+0000] {dag.py:3947} INFO - Setting next_dagrun for example_params_trigger_ui to None, run_after=None
[2024-11-18T20:30:49.300+0000] {processor.py:183} INFO - Processing /home/airflow/.local/lib/python3.11/site-packages/airflow/example_dags/example_params_trigger_ui.py took 0.103 seconds
[2024-11-18T20:31:19.401+0000] {processor.py:161} INFO - Started process (PID=1477) to work on /home/airflow/.local/lib/python3.11/site-packages/airflow/example_dags/example_params_trigger_ui.py
[2024-11-18T20:31:19.403+0000] {processor.py:830} INFO - Processing file /home/airflow/.local/lib/python3.11/site-packages/airflow/example_dags/example_params_trigger_ui.py for tasks to queue
[2024-11-18T20:31:19.405+0000] {logging_mixin.py:188} INFO - [2024-11-18T20:31:19.405+0000] {dagbag.py:545} INFO - Filling up the DagBag from /home/airflow/.local/lib/python3.11/site-packages/airflow/example_dags/example_params_trigger_ui.py
[2024-11-18T20:31:19.415+0000] {processor.py:840} INFO - DAG(s) 'example_params_trigger_ui' retrieved from /home/airflow/.local/lib/python3.11/site-packages/airflow/example_dags/example_params_trigger_ui.py
[2024-11-18T20:31:19.458+0000] {logging_mixin.py:188} INFO - [2024-11-18T20:31:19.458+0000] {dag.py:3089} INFO - Sync 1 DAGs
[2024-11-18T20:31:19.472+0000] {logging_mixin.py:188} INFO - [2024-11-18T20:31:19.472+0000] {dag.py:3947} INFO - Setting next_dagrun for example_params_trigger_ui to None, run_after=None
[2024-11-18T20:31:19.501+0000] {processor.py:183} INFO - Processing /home/airflow/.local/lib/python3.11/site-packages/airflow/example_dags/example_params_trigger_ui.py took 0.106 seconds
[2024-11-18T20:31:49.596+0000] {processor.py:161} INFO - Started process (PID=1536) to work on /home/airflow/.local/lib/python3.11/site-packages/airflow/example_dags/example_params_trigger_ui.py
[2024-11-18T20:31:49.597+0000] {processor.py:830} INFO - Processing file /home/airflow/.local/lib/python3.11/site-packages/airflow/example_dags/example_params_trigger_ui.py for tasks to queue
[2024-11-18T20:31:49.598+0000] {logging_mixin.py:188} INFO - [2024-11-18T20:31:49.598+0000] {dagbag.py:545} INFO - Filling up the DagBag from /home/airflow/.local/lib/python3.11/site-packages/airflow/example_dags/example_params_trigger_ui.py
[2024-11-18T20:31:49.607+0000] {processor.py:840} INFO - DAG(s) 'example_params_trigger_ui' retrieved from /home/airflow/.local/lib/python3.11/site-packages/airflow/example_dags/example_params_trigger_ui.py
[2024-11-18T20:31:49.644+0000] {logging_mixin.py:188} INFO - [2024-11-18T20:31:49.644+0000] {dag.py:3089} INFO - Sync 1 DAGs
[2024-11-18T20:31:49.656+0000] {logging_mixin.py:188} INFO - [2024-11-18T20:31:49.656+0000] {dag.py:3947} INFO - Setting next_dagrun for example_params_trigger_ui to None, run_after=None
[2024-11-18T20:31:49.675+0000] {processor.py:183} INFO - Processing /home/airflow/.local/lib/python3.11/site-packages/airflow/example_dags/example_params_trigger_ui.py took 0.084 seconds
[2024-11-18T20:32:20.391+0000] {processor.py:161} INFO - Started process (PID=1595) to work on /home/airflow/.local/lib/python3.11/site-packages/airflow/example_dags/example_params_trigger_ui.py
[2024-11-18T20:32:20.392+0000] {processor.py:830} INFO - Processing file /home/airflow/.local/lib/python3.11/site-packages/airflow/example_dags/example_params_trigger_ui.py for tasks to queue
[2024-11-18T20:32:20.394+0000] {logging_mixin.py:188} INFO - [2024-11-18T20:32:20.393+0000] {dagbag.py:545} INFO - Filling up the DagBag from /home/airflow/.local/lib/python3.11/site-packages/airflow/example_dags/example_params_trigger_ui.py
[2024-11-18T20:32:20.403+0000] {processor.py:840} INFO - DAG(s) 'example_params_trigger_ui' retrieved from /home/airflow/.local/lib/python3.11/site-packages/airflow/example_dags/example_params_trigger_ui.py
[2024-11-18T20:32:20.441+0000] {logging_mixin.py:188} INFO - [2024-11-18T20:32:20.441+0000] {dag.py:3089} INFO - Sync 1 DAGs
[2024-11-18T20:32:20.453+0000] {logging_mixin.py:188} INFO - [2024-11-18T20:32:20.453+0000] {dag.py:3947} INFO - Setting next_dagrun for example_params_trigger_ui to None, run_after=None
[2024-11-18T20:32:20.476+0000] {processor.py:183} INFO - Processing /home/airflow/.local/lib/python3.11/site-packages/airflow/example_dags/example_params_trigger_ui.py took 0.089 seconds
[2024-11-18T20:32:50.918+0000] {processor.py:161} INFO - Started process (PID=1654) to work on /home/airflow/.local/lib/python3.11/site-packages/airflow/example_dags/example_params_trigger_ui.py
[2024-11-18T20:32:50.920+0000] {processor.py:830} INFO - Processing file /home/airflow/.local/lib/python3.11/site-packages/airflow/example_dags/example_params_trigger_ui.py for tasks to queue
[2024-11-18T20:32:50.923+0000] {logging_mixin.py:188} INFO - [2024-11-18T20:32:50.923+0000] {dagbag.py:545} INFO - Filling up the DagBag from /home/airflow/.local/lib/python3.11/site-packages/airflow/example_dags/example_params_trigger_ui.py
[2024-11-18T20:32:50.936+0000] {processor.py:840} INFO - DAG(s) 'example_params_trigger_ui' retrieved from /home/airflow/.local/lib/python3.11/site-packages/airflow/example_dags/example_params_trigger_ui.py
[2024-11-18T20:32:51.023+0000] {logging_mixin.py:188} INFO - [2024-11-18T20:32:51.023+0000] {dag.py:3089} INFO - Sync 1 DAGs
[2024-11-18T20:32:51.041+0000] {logging_mixin.py:188} INFO - [2024-11-18T20:32:51.040+0000] {dag.py:3947} INFO - Setting next_dagrun for example_params_trigger_ui to None, run_after=None
[2024-11-18T20:32:51.089+0000] {processor.py:183} INFO - Processing /home/airflow/.local/lib/python3.11/site-packages/airflow/example_dags/example_params_trigger_ui.py took 0.178 seconds
[2024-11-18T20:33:21.355+0000] {processor.py:161} INFO - Started process (PID=1713) to work on /home/airflow/.local/lib/python3.11/site-packages/airflow/example_dags/example_params_trigger_ui.py
[2024-11-18T20:33:21.357+0000] {processor.py:830} INFO - Processing file /home/airflow/.local/lib/python3.11/site-packages/airflow/example_dags/example_params_trigger_ui.py for tasks to queue
[2024-11-18T20:33:21.360+0000] {logging_mixin.py:188} INFO - [2024-11-18T20:33:21.360+0000] {dagbag.py:545} INFO - Filling up the DagBag from /home/airflow/.local/lib/python3.11/site-packages/airflow/example_dags/example_params_trigger_ui.py
[2024-11-18T20:33:21.379+0000] {processor.py:840} INFO - DAG(s) 'example_params_trigger_ui' retrieved from /home/airflow/.local/lib/python3.11/site-packages/airflow/example_dags/example_params_trigger_ui.py
[2024-11-18T20:33:21.505+0000] {logging_mixin.py:188} INFO - [2024-11-18T20:33:21.505+0000] {dag.py:3089} INFO - Sync 1 DAGs
[2024-11-18T20:33:21.534+0000] {logging_mixin.py:188} INFO - [2024-11-18T20:33:21.534+0000] {dag.py:3947} INFO - Setting next_dagrun for example_params_trigger_ui to None, run_after=None
[2024-11-18T20:33:21.620+0000] {processor.py:183} INFO - Processing /home/airflow/.local/lib/python3.11/site-packages/airflow/example_dags/example_params_trigger_ui.py took 0.274 seconds
[2024-11-18T20:33:51.768+0000] {processor.py:161} INFO - Started process (PID=1772) to work on /home/airflow/.local/lib/python3.11/site-packages/airflow/example_dags/example_params_trigger_ui.py
[2024-11-18T20:33:51.775+0000] {processor.py:830} INFO - Processing file /home/airflow/.local/lib/python3.11/site-packages/airflow/example_dags/example_params_trigger_ui.py for tasks to queue
[2024-11-18T20:33:51.791+0000] {logging_mixin.py:188} INFO - [2024-11-18T20:33:51.790+0000] {dagbag.py:545} INFO - Filling up the DagBag from /home/airflow/.local/lib/python3.11/site-packages/airflow/example_dags/example_params_trigger_ui.py
[2024-11-18T20:33:51.832+0000] {processor.py:840} INFO - DAG(s) 'example_params_trigger_ui' retrieved from /home/airflow/.local/lib/python3.11/site-packages/airflow/example_dags/example_params_trigger_ui.py
[2024-11-18T20:33:52.000+0000] {logging_mixin.py:188} INFO - [2024-11-18T20:33:51.999+0000] {dag.py:3089} INFO - Sync 1 DAGs
[2024-11-18T20:33:52.034+0000] {logging_mixin.py:188} INFO - [2024-11-18T20:33:52.034+0000] {dag.py:3947} INFO - Setting next_dagrun for example_params_trigger_ui to None, run_after=None
[2024-11-18T20:33:52.084+0000] {processor.py:183} INFO - Processing /home/airflow/.local/lib/python3.11/site-packages/airflow/example_dags/example_params_trigger_ui.py took 0.331 seconds
[2024-11-18T20:34:22.368+0000] {processor.py:161} INFO - Started process (PID=1831) to work on /home/airflow/.local/lib/python3.11/site-packages/airflow/example_dags/example_params_trigger_ui.py
[2024-11-18T20:34:22.369+0000] {processor.py:830} INFO - Processing file /home/airflow/.local/lib/python3.11/site-packages/airflow/example_dags/example_params_trigger_ui.py for tasks to queue
[2024-11-18T20:34:22.370+0000] {logging_mixin.py:188} INFO - [2024-11-18T20:34:22.370+0000] {dagbag.py:545} INFO - Filling up the DagBag from /home/airflow/.local/lib/python3.11/site-packages/airflow/example_dags/example_params_trigger_ui.py
[2024-11-18T20:34:22.378+0000] {processor.py:840} INFO - DAG(s) 'example_params_trigger_ui' retrieved from /home/airflow/.local/lib/python3.11/site-packages/airflow/example_dags/example_params_trigger_ui.py
[2024-11-18T20:34:22.414+0000] {logging_mixin.py:188} INFO - [2024-11-18T20:34:22.414+0000] {dag.py:3089} INFO - Sync 1 DAGs
[2024-11-18T20:34:22.427+0000] {logging_mixin.py:188} INFO - [2024-11-18T20:34:22.426+0000] {dag.py:3947} INFO - Setting next_dagrun for example_params_trigger_ui to None, run_after=None
[2024-11-18T20:34:22.449+0000] {processor.py:183} INFO - Processing /home/airflow/.local/lib/python3.11/site-packages/airflow/example_dags/example_params_trigger_ui.py took 0.087 seconds
[2024-11-18T20:34:52.829+0000] {processor.py:161} INFO - Started process (PID=1890) to work on /home/airflow/.local/lib/python3.11/site-packages/airflow/example_dags/example_params_trigger_ui.py
[2024-11-18T20:34:52.830+0000] {processor.py:830} INFO - Processing file /home/airflow/.local/lib/python3.11/site-packages/airflow/example_dags/example_params_trigger_ui.py for tasks to queue
[2024-11-18T20:34:52.832+0000] {logging_mixin.py:188} INFO - [2024-11-18T20:34:52.832+0000] {dagbag.py:545} INFO - Filling up the DagBag from /home/airflow/.local/lib/python3.11/site-packages/airflow/example_dags/example_params_trigger_ui.py
[2024-11-18T20:34:52.842+0000] {processor.py:840} INFO - DAG(s) 'example_params_trigger_ui' retrieved from /home/airflow/.local/lib/python3.11/site-packages/airflow/example_dags/example_params_trigger_ui.py
[2024-11-18T20:34:52.883+0000] {logging_mixin.py:188} INFO - [2024-11-18T20:34:52.883+0000] {dag.py:3089} INFO - Sync 1 DAGs
[2024-11-18T20:34:52.894+0000] {logging_mixin.py:188} INFO - [2024-11-18T20:34:52.894+0000] {dag.py:3947} INFO - Setting next_dagrun for example_params_trigger_ui to None, run_after=None
[2024-11-18T20:34:52.916+0000] {processor.py:183} INFO - Processing /home/airflow/.local/lib/python3.11/site-packages/airflow/example_dags/example_params_trigger_ui.py took 0.091 seconds
[2024-11-18T20:35:23.135+0000] {processor.py:161} INFO - Started process (PID=1949) to work on /home/airflow/.local/lib/python3.11/site-packages/airflow/example_dags/example_params_trigger_ui.py
[2024-11-18T20:35:23.135+0000] {processor.py:830} INFO - Processing file /home/airflow/.local/lib/python3.11/site-packages/airflow/example_dags/example_params_trigger_ui.py for tasks to queue
[2024-11-18T20:35:23.137+0000] {logging_mixin.py:188} INFO - [2024-11-18T20:35:23.137+0000] {dagbag.py:545} INFO - Filling up the DagBag from /home/airflow/.local/lib/python3.11/site-packages/airflow/example_dags/example_params_trigger_ui.py
[2024-11-18T20:35:23.146+0000] {processor.py:840} INFO - DAG(s) 'example_params_trigger_ui' retrieved from /home/airflow/.local/lib/python3.11/site-packages/airflow/example_dags/example_params_trigger_ui.py
[2024-11-18T20:35:23.185+0000] {logging_mixin.py:188} INFO - [2024-11-18T20:35:23.185+0000] {dag.py:3089} INFO - Sync 1 DAGs
[2024-11-18T20:35:23.196+0000] {logging_mixin.py:188} INFO - [2024-11-18T20:35:23.196+0000] {dag.py:3947} INFO - Setting next_dagrun for example_params_trigger_ui to None, run_after=None
[2024-11-18T20:35:23.220+0000] {processor.py:183} INFO - Processing /home/airflow/.local/lib/python3.11/site-packages/airflow/example_dags/example_params_trigger_ui.py took 0.090 seconds
[2024-11-18T20:35:54.063+0000] {processor.py:161} INFO - Started process (PID=2008) to work on /home/airflow/.local/lib/python3.11/site-packages/airflow/example_dags/example_params_trigger_ui.py
[2024-11-18T20:35:54.072+0000] {processor.py:830} INFO - Processing file /home/airflow/.local/lib/python3.11/site-packages/airflow/example_dags/example_params_trigger_ui.py for tasks to queue
[2024-11-18T20:35:54.075+0000] {logging_mixin.py:188} INFO - [2024-11-18T20:35:54.075+0000] {dagbag.py:545} INFO - Filling up the DagBag from /home/airflow/.local/lib/python3.11/site-packages/airflow/example_dags/example_params_trigger_ui.py
[2024-11-18T20:35:54.093+0000] {processor.py:840} INFO - DAG(s) 'example_params_trigger_ui' retrieved from /home/airflow/.local/lib/python3.11/site-packages/airflow/example_dags/example_params_trigger_ui.py
[2024-11-18T20:35:54.168+0000] {logging_mixin.py:188} INFO - [2024-11-18T20:35:54.167+0000] {dag.py:3089} INFO - Sync 1 DAGs
[2024-11-18T20:35:54.190+0000] {logging_mixin.py:188} INFO - [2024-11-18T20:35:54.189+0000] {dag.py:3947} INFO - Setting next_dagrun for example_params_trigger_ui to None, run_after=None
[2024-11-18T20:35:54.269+0000] {processor.py:183} INFO - Processing /home/airflow/.local/lib/python3.11/site-packages/airflow/example_dags/example_params_trigger_ui.py took 0.214 seconds
[2024-11-18T20:36:24.347+0000] {processor.py:161} INFO - Started process (PID=2067) to work on /home/airflow/.local/lib/python3.11/site-packages/airflow/example_dags/example_params_trigger_ui.py
[2024-11-18T20:36:24.348+0000] {processor.py:830} INFO - Processing file /home/airflow/.local/lib/python3.11/site-packages/airflow/example_dags/example_params_trigger_ui.py for tasks to queue
[2024-11-18T20:36:24.352+0000] {logging_mixin.py:188} INFO - [2024-11-18T20:36:24.351+0000] {dagbag.py:545} INFO - Filling up the DagBag from /home/airflow/.local/lib/python3.11/site-packages/airflow/example_dags/example_params_trigger_ui.py
[2024-11-18T20:36:24.370+0000] {processor.py:840} INFO - DAG(s) 'example_params_trigger_ui' retrieved from /home/airflow/.local/lib/python3.11/site-packages/airflow/example_dags/example_params_trigger_ui.py
[2024-11-18T20:36:24.428+0000] {logging_mixin.py:188} INFO - [2024-11-18T20:36:24.428+0000] {dag.py:3089} INFO - Sync 1 DAGs
[2024-11-18T20:36:24.445+0000] {logging_mixin.py:188} INFO - [2024-11-18T20:36:24.444+0000] {dag.py:3947} INFO - Setting next_dagrun for example_params_trigger_ui to None, run_after=None
[2024-11-18T20:36:24.470+0000] {processor.py:183} INFO - Processing /home/airflow/.local/lib/python3.11/site-packages/airflow/example_dags/example_params_trigger_ui.py took 0.131 seconds
[2024-11-18T20:36:54.610+0000] {processor.py:161} INFO - Started process (PID=2127) to work on /home/airflow/.local/lib/python3.11/site-packages/airflow/example_dags/example_params_trigger_ui.py
[2024-11-18T20:36:54.611+0000] {processor.py:830} INFO - Processing file /home/airflow/.local/lib/python3.11/site-packages/airflow/example_dags/example_params_trigger_ui.py for tasks to queue
[2024-11-18T20:36:54.615+0000] {logging_mixin.py:188} INFO - [2024-11-18T20:36:54.614+0000] {dagbag.py:545} INFO - Filling up the DagBag from /home/airflow/.local/lib/python3.11/site-packages/airflow/example_dags/example_params_trigger_ui.py
[2024-11-18T20:36:54.630+0000] {processor.py:840} INFO - DAG(s) 'example_params_trigger_ui' retrieved from /home/airflow/.local/lib/python3.11/site-packages/airflow/example_dags/example_params_trigger_ui.py
[2024-11-18T20:36:54.718+0000] {logging_mixin.py:188} INFO - [2024-11-18T20:36:54.718+0000] {dag.py:3089} INFO - Sync 1 DAGs
[2024-11-18T20:36:54.742+0000] {logging_mixin.py:188} INFO - [2024-11-18T20:36:54.741+0000] {dag.py:3947} INFO - Setting next_dagrun for example_params_trigger_ui to None, run_after=None
[2024-11-18T20:36:54.787+0000] {processor.py:183} INFO - Processing /home/airflow/.local/lib/python3.11/site-packages/airflow/example_dags/example_params_trigger_ui.py took 0.184 seconds
[2024-11-18T20:37:24.849+0000] {processor.py:161} INFO - Started process (PID=2186) to work on /home/airflow/.local/lib/python3.11/site-packages/airflow/example_dags/example_params_trigger_ui.py
[2024-11-18T20:37:24.851+0000] {processor.py:830} INFO - Processing file /home/airflow/.local/lib/python3.11/site-packages/airflow/example_dags/example_params_trigger_ui.py for tasks to queue
[2024-11-18T20:37:24.853+0000] {logging_mixin.py:188} INFO - [2024-11-18T20:37:24.853+0000] {dagbag.py:545} INFO - Filling up the DagBag from /home/airflow/.local/lib/python3.11/site-packages/airflow/example_dags/example_params_trigger_ui.py
[2024-11-18T20:37:24.863+0000] {processor.py:840} INFO - DAG(s) 'example_params_trigger_ui' retrieved from /home/airflow/.local/lib/python3.11/site-packages/airflow/example_dags/example_params_trigger_ui.py
[2024-11-18T20:37:24.907+0000] {logging_mixin.py:188} INFO - [2024-11-18T20:37:24.907+0000] {dag.py:3089} INFO - Sync 1 DAGs
[2024-11-18T20:37:24.922+0000] {logging_mixin.py:188} INFO - [2024-11-18T20:37:24.922+0000] {dag.py:3947} INFO - Setting next_dagrun for example_params_trigger_ui to None, run_after=None
[2024-11-18T20:37:24.955+0000] {processor.py:183} INFO - Processing /home/airflow/.local/lib/python3.11/site-packages/airflow/example_dags/example_params_trigger_ui.py took 0.110 seconds
[2024-11-18T20:37:55.002+0000] {processor.py:161} INFO - Started process (PID=2245) to work on /home/airflow/.local/lib/python3.11/site-packages/airflow/example_dags/example_params_trigger_ui.py
[2024-11-18T20:37:55.003+0000] {processor.py:830} INFO - Processing file /home/airflow/.local/lib/python3.11/site-packages/airflow/example_dags/example_params_trigger_ui.py for tasks to queue
[2024-11-18T20:37:55.005+0000] {logging_mixin.py:188} INFO - [2024-11-18T20:37:55.004+0000] {dagbag.py:545} INFO - Filling up the DagBag from /home/airflow/.local/lib/python3.11/site-packages/airflow/example_dags/example_params_trigger_ui.py
[2024-11-18T20:37:55.019+0000] {processor.py:840} INFO - DAG(s) 'example_params_trigger_ui' retrieved from /home/airflow/.local/lib/python3.11/site-packages/airflow/example_dags/example_params_trigger_ui.py
[2024-11-18T20:37:55.070+0000] {logging_mixin.py:188} INFO - [2024-11-18T20:37:55.069+0000] {dag.py:3089} INFO - Sync 1 DAGs
[2024-11-18T20:37:55.085+0000] {logging_mixin.py:188} INFO - [2024-11-18T20:37:55.085+0000] {dag.py:3947} INFO - Setting next_dagrun for example_params_trigger_ui to None, run_after=None
[2024-11-18T20:37:55.116+0000] {processor.py:183} INFO - Processing /home/airflow/.local/lib/python3.11/site-packages/airflow/example_dags/example_params_trigger_ui.py took 0.122 seconds
[2024-11-18T20:38:25.341+0000] {processor.py:161} INFO - Started process (PID=2306) to work on /home/airflow/.local/lib/python3.11/site-packages/airflow/example_dags/example_params_trigger_ui.py
[2024-11-18T20:38:25.342+0000] {processor.py:830} INFO - Processing file /home/airflow/.local/lib/python3.11/site-packages/airflow/example_dags/example_params_trigger_ui.py for tasks to queue
[2024-11-18T20:38:25.344+0000] {logging_mixin.py:188} INFO - [2024-11-18T20:38:25.344+0000] {dagbag.py:545} INFO - Filling up the DagBag from /home/airflow/.local/lib/python3.11/site-packages/airflow/example_dags/example_params_trigger_ui.py
[2024-11-18T20:38:25.352+0000] {processor.py:840} INFO - DAG(s) 'example_params_trigger_ui' retrieved from /home/airflow/.local/lib/python3.11/site-packages/airflow/example_dags/example_params_trigger_ui.py
[2024-11-18T20:38:25.387+0000] {logging_mixin.py:188} INFO - [2024-11-18T20:38:25.387+0000] {dag.py:3089} INFO - Sync 1 DAGs
[2024-11-18T20:38:25.400+0000] {logging_mixin.py:188} INFO - [2024-11-18T20:38:25.399+0000] {dag.py:3947} INFO - Setting next_dagrun for example_params_trigger_ui to None, run_after=None
[2024-11-18T20:38:25.420+0000] {processor.py:183} INFO - Processing /home/airflow/.local/lib/python3.11/site-packages/airflow/example_dags/example_params_trigger_ui.py took 0.083 seconds
[2024-11-18T20:38:55.606+0000] {processor.py:161} INFO - Started process (PID=2374) to work on /home/airflow/.local/lib/python3.11/site-packages/airflow/example_dags/example_params_trigger_ui.py
[2024-11-18T20:38:55.607+0000] {processor.py:830} INFO - Processing file /home/airflow/.local/lib/python3.11/site-packages/airflow/example_dags/example_params_trigger_ui.py for tasks to queue
[2024-11-18T20:38:55.609+0000] {logging_mixin.py:188} INFO - [2024-11-18T20:38:55.609+0000] {dagbag.py:545} INFO - Filling up the DagBag from /home/airflow/.local/lib/python3.11/site-packages/airflow/example_dags/example_params_trigger_ui.py
[2024-11-18T20:38:55.618+0000] {processor.py:840} INFO - DAG(s) 'example_params_trigger_ui' retrieved from /home/airflow/.local/lib/python3.11/site-packages/airflow/example_dags/example_params_trigger_ui.py
[2024-11-18T20:38:55.659+0000] {logging_mixin.py:188} INFO - [2024-11-18T20:38:55.659+0000] {dag.py:3089} INFO - Sync 1 DAGs
[2024-11-18T20:38:55.672+0000] {logging_mixin.py:188} INFO - [2024-11-18T20:38:55.672+0000] {dag.py:3947} INFO - Setting next_dagrun for example_params_trigger_ui to None, run_after=None
[2024-11-18T20:38:55.692+0000] {processor.py:183} INFO - Processing /home/airflow/.local/lib/python3.11/site-packages/airflow/example_dags/example_params_trigger_ui.py took 0.091 seconds
[2024-11-18T20:39:26.669+0000] {processor.py:161} INFO - Started process (PID=2434) to work on /home/airflow/.local/lib/python3.11/site-packages/airflow/example_dags/example_params_trigger_ui.py
[2024-11-18T20:39:26.670+0000] {processor.py:830} INFO - Processing file /home/airflow/.local/lib/python3.11/site-packages/airflow/example_dags/example_params_trigger_ui.py for tasks to queue
[2024-11-18T20:39:26.672+0000] {logging_mixin.py:188} INFO - [2024-11-18T20:39:26.672+0000] {dagbag.py:545} INFO - Filling up the DagBag from /home/airflow/.local/lib/python3.11/site-packages/airflow/example_dags/example_params_trigger_ui.py
[2024-11-18T20:39:26.681+0000] {processor.py:840} INFO - DAG(s) 'example_params_trigger_ui' retrieved from /home/airflow/.local/lib/python3.11/site-packages/airflow/example_dags/example_params_trigger_ui.py
[2024-11-18T20:39:26.723+0000] {logging_mixin.py:188} INFO - [2024-11-18T20:39:26.723+0000] {dag.py:3089} INFO - Sync 1 DAGs
[2024-11-18T20:39:26.736+0000] {logging_mixin.py:188} INFO - [2024-11-18T20:39:26.736+0000] {dag.py:3947} INFO - Setting next_dagrun for example_params_trigger_ui to None, run_after=None
[2024-11-18T20:39:26.761+0000] {processor.py:183} INFO - Processing /home/airflow/.local/lib/python3.11/site-packages/airflow/example_dags/example_params_trigger_ui.py took 0.098 seconds
[2024-11-18T20:39:57.570+0000] {processor.py:161} INFO - Started process (PID=2493) to work on /home/airflow/.local/lib/python3.11/site-packages/airflow/example_dags/example_params_trigger_ui.py
[2024-11-18T20:39:57.571+0000] {processor.py:830} INFO - Processing file /home/airflow/.local/lib/python3.11/site-packages/airflow/example_dags/example_params_trigger_ui.py for tasks to queue
[2024-11-18T20:39:57.573+0000] {logging_mixin.py:188} INFO - [2024-11-18T20:39:57.572+0000] {dagbag.py:545} INFO - Filling up the DagBag from /home/airflow/.local/lib/python3.11/site-packages/airflow/example_dags/example_params_trigger_ui.py
[2024-11-18T20:39:57.581+0000] {processor.py:840} INFO - DAG(s) 'example_params_trigger_ui' retrieved from /home/airflow/.local/lib/python3.11/site-packages/airflow/example_dags/example_params_trigger_ui.py
[2024-11-18T20:39:57.616+0000] {logging_mixin.py:188} INFO - [2024-11-18T20:39:57.616+0000] {dag.py:3089} INFO - Sync 1 DAGs
[2024-11-18T20:39:57.626+0000] {logging_mixin.py:188} INFO - [2024-11-18T20:39:57.626+0000] {dag.py:3947} INFO - Setting next_dagrun for example_params_trigger_ui to None, run_after=None
[2024-11-18T20:39:57.645+0000] {processor.py:183} INFO - Processing /home/airflow/.local/lib/python3.11/site-packages/airflow/example_dags/example_params_trigger_ui.py took 0.080 seconds
[2024-11-18T20:40:28.218+0000] {processor.py:161} INFO - Started process (PID=2552) to work on /home/airflow/.local/lib/python3.11/site-packages/airflow/example_dags/example_params_trigger_ui.py
[2024-11-18T20:40:28.223+0000] {processor.py:830} INFO - Processing file /home/airflow/.local/lib/python3.11/site-packages/airflow/example_dags/example_params_trigger_ui.py for tasks to queue
[2024-11-18T20:40:28.228+0000] {logging_mixin.py:188} INFO - [2024-11-18T20:40:28.227+0000] {dagbag.py:545} INFO - Filling up the DagBag from /home/airflow/.local/lib/python3.11/site-packages/airflow/example_dags/example_params_trigger_ui.py
[2024-11-18T20:40:28.248+0000] {processor.py:840} INFO - DAG(s) 'example_params_trigger_ui' retrieved from /home/airflow/.local/lib/python3.11/site-packages/airflow/example_dags/example_params_trigger_ui.py
[2024-11-18T20:40:28.351+0000] {logging_mixin.py:188} INFO - [2024-11-18T20:40:28.351+0000] {dag.py:3089} INFO - Sync 1 DAGs
[2024-11-18T20:40:28.381+0000] {logging_mixin.py:188} INFO - [2024-11-18T20:40:28.381+0000] {dag.py:3947} INFO - Setting next_dagrun for example_params_trigger_ui to None, run_after=None
[2024-11-18T20:40:28.447+0000] {processor.py:183} INFO - Processing /home/airflow/.local/lib/python3.11/site-packages/airflow/example_dags/example_params_trigger_ui.py took 0.238 seconds
[2024-11-18T20:43:55.112+0000] {processor.py:161} INFO - Started process (PID=66) to work on /home/airflow/.local/lib/python3.11/site-packages/airflow/example_dags/example_params_trigger_ui.py
[2024-11-18T20:43:55.113+0000] {processor.py:830} INFO - Processing file /home/airflow/.local/lib/python3.11/site-packages/airflow/example_dags/example_params_trigger_ui.py for tasks to queue
[2024-11-18T20:43:55.121+0000] {logging_mixin.py:188} INFO - [2024-11-18T20:43:55.120+0000] {dagbag.py:545} INFO - Filling up the DagBag from /home/airflow/.local/lib/python3.11/site-packages/airflow/example_dags/example_params_trigger_ui.py
[2024-11-18T20:43:55.140+0000] {processor.py:840} INFO - DAG(s) 'example_params_trigger_ui' retrieved from /home/airflow/.local/lib/python3.11/site-packages/airflow/example_dags/example_params_trigger_ui.py
[2024-11-18T20:43:55.206+0000] {logging_mixin.py:188} INFO - [2024-11-18T20:43:55.206+0000] {dag.py:3089} INFO - Sync 1 DAGs
[2024-11-18T20:43:55.230+0000] {logging_mixin.py:188} INFO - [2024-11-18T20:43:55.230+0000] {dag.py:3947} INFO - Setting next_dagrun for example_params_trigger_ui to None, run_after=None
[2024-11-18T20:43:55.280+0000] {processor.py:183} INFO - Processing /home/airflow/.local/lib/python3.11/site-packages/airflow/example_dags/example_params_trigger_ui.py took 0.191 seconds
[2024-11-18T20:44:26.099+0000] {processor.py:161} INFO - Started process (PID=125) to work on /home/airflow/.local/lib/python3.11/site-packages/airflow/example_dags/example_params_trigger_ui.py
[2024-11-18T20:44:26.101+0000] {processor.py:830} INFO - Processing file /home/airflow/.local/lib/python3.11/site-packages/airflow/example_dags/example_params_trigger_ui.py for tasks to queue
[2024-11-18T20:44:26.103+0000] {logging_mixin.py:188} INFO - [2024-11-18T20:44:26.103+0000] {dagbag.py:545} INFO - Filling up the DagBag from /home/airflow/.local/lib/python3.11/site-packages/airflow/example_dags/example_params_trigger_ui.py
[2024-11-18T20:44:26.114+0000] {processor.py:840} INFO - DAG(s) 'example_params_trigger_ui' retrieved from /home/airflow/.local/lib/python3.11/site-packages/airflow/example_dags/example_params_trigger_ui.py
[2024-11-18T20:44:26.163+0000] {logging_mixin.py:188} INFO - [2024-11-18T20:44:26.163+0000] {dag.py:3089} INFO - Sync 1 DAGs
[2024-11-18T20:44:26.176+0000] {logging_mixin.py:188} INFO - [2024-11-18T20:44:26.175+0000] {dag.py:3947} INFO - Setting next_dagrun for example_params_trigger_ui to None, run_after=None
[2024-11-18T20:44:26.203+0000] {processor.py:183} INFO - Processing /home/airflow/.local/lib/python3.11/site-packages/airflow/example_dags/example_params_trigger_ui.py took 0.109 seconds
[2024-11-18T20:44:56.519+0000] {processor.py:161} INFO - Started process (PID=183) to work on /home/airflow/.local/lib/python3.11/site-packages/airflow/example_dags/example_params_trigger_ui.py
[2024-11-18T20:44:56.520+0000] {processor.py:830} INFO - Processing file /home/airflow/.local/lib/python3.11/site-packages/airflow/example_dags/example_params_trigger_ui.py for tasks to queue
[2024-11-18T20:44:56.534+0000] {logging_mixin.py:188} INFO - [2024-11-18T20:44:56.533+0000] {dagbag.py:545} INFO - Filling up the DagBag from /home/airflow/.local/lib/python3.11/site-packages/airflow/example_dags/example_params_trigger_ui.py
[2024-11-18T20:44:56.548+0000] {processor.py:840} INFO - DAG(s) 'example_params_trigger_ui' retrieved from /home/airflow/.local/lib/python3.11/site-packages/airflow/example_dags/example_params_trigger_ui.py
[2024-11-18T20:44:56.622+0000] {logging_mixin.py:188} INFO - [2024-11-18T20:44:56.621+0000] {dag.py:3089} INFO - Sync 1 DAGs
[2024-11-18T20:44:56.649+0000] {logging_mixin.py:188} INFO - [2024-11-18T20:44:56.649+0000] {dag.py:3947} INFO - Setting next_dagrun for example_params_trigger_ui to None, run_after=None
[2024-11-18T20:44:56.685+0000] {processor.py:183} INFO - Processing /home/airflow/.local/lib/python3.11/site-packages/airflow/example_dags/example_params_trigger_ui.py took 0.172 seconds
[2024-11-18T20:45:27.259+0000] {processor.py:161} INFO - Started process (PID=242) to work on /home/airflow/.local/lib/python3.11/site-packages/airflow/example_dags/example_params_trigger_ui.py
[2024-11-18T20:45:27.259+0000] {processor.py:830} INFO - Processing file /home/airflow/.local/lib/python3.11/site-packages/airflow/example_dags/example_params_trigger_ui.py for tasks to queue
[2024-11-18T20:45:27.262+0000] {logging_mixin.py:188} INFO - [2024-11-18T20:45:27.261+0000] {dagbag.py:545} INFO - Filling up the DagBag from /home/airflow/.local/lib/python3.11/site-packages/airflow/example_dags/example_params_trigger_ui.py
[2024-11-18T20:45:27.270+0000] {processor.py:840} INFO - DAG(s) 'example_params_trigger_ui' retrieved from /home/airflow/.local/lib/python3.11/site-packages/airflow/example_dags/example_params_trigger_ui.py
[2024-11-18T20:45:27.308+0000] {logging_mixin.py:188} INFO - [2024-11-18T20:45:27.307+0000] {dag.py:3089} INFO - Sync 1 DAGs
[2024-11-18T20:45:27.318+0000] {logging_mixin.py:188} INFO - [2024-11-18T20:45:27.318+0000] {dag.py:3947} INFO - Setting next_dagrun for example_params_trigger_ui to None, run_after=None
[2024-11-18T20:45:27.342+0000] {processor.py:183} INFO - Processing /home/airflow/.local/lib/python3.11/site-packages/airflow/example_dags/example_params_trigger_ui.py took 0.088 seconds
[2024-11-18T20:45:57.660+0000] {processor.py:161} INFO - Started process (PID=301) to work on /home/airflow/.local/lib/python3.11/site-packages/airflow/example_dags/example_params_trigger_ui.py
[2024-11-18T20:45:57.661+0000] {processor.py:830} INFO - Processing file /home/airflow/.local/lib/python3.11/site-packages/airflow/example_dags/example_params_trigger_ui.py for tasks to queue
[2024-11-18T20:45:57.663+0000] {logging_mixin.py:188} INFO - [2024-11-18T20:45:57.663+0000] {dagbag.py:545} INFO - Filling up the DagBag from /home/airflow/.local/lib/python3.11/site-packages/airflow/example_dags/example_params_trigger_ui.py
[2024-11-18T20:45:57.673+0000] {processor.py:840} INFO - DAG(s) 'example_params_trigger_ui' retrieved from /home/airflow/.local/lib/python3.11/site-packages/airflow/example_dags/example_params_trigger_ui.py
[2024-11-18T20:45:57.711+0000] {logging_mixin.py:188} INFO - [2024-11-18T20:45:57.711+0000] {dag.py:3089} INFO - Sync 1 DAGs
[2024-11-18T20:45:57.722+0000] {logging_mixin.py:188} INFO - [2024-11-18T20:45:57.721+0000] {dag.py:3947} INFO - Setting next_dagrun for example_params_trigger_ui to None, run_after=None
[2024-11-18T20:45:57.743+0000] {processor.py:183} INFO - Processing /home/airflow/.local/lib/python3.11/site-packages/airflow/example_dags/example_params_trigger_ui.py took 0.089 seconds
[2024-11-18T20:46:27.901+0000] {processor.py:161} INFO - Started process (PID=360) to work on /home/airflow/.local/lib/python3.11/site-packages/airflow/example_dags/example_params_trigger_ui.py
[2024-11-18T20:46:27.902+0000] {processor.py:830} INFO - Processing file /home/airflow/.local/lib/python3.11/site-packages/airflow/example_dags/example_params_trigger_ui.py for tasks to queue
[2024-11-18T20:46:27.904+0000] {logging_mixin.py:188} INFO - [2024-11-18T20:46:27.903+0000] {dagbag.py:545} INFO - Filling up the DagBag from /home/airflow/.local/lib/python3.11/site-packages/airflow/example_dags/example_params_trigger_ui.py
[2024-11-18T20:46:27.911+0000] {processor.py:840} INFO - DAG(s) 'example_params_trigger_ui' retrieved from /home/airflow/.local/lib/python3.11/site-packages/airflow/example_dags/example_params_trigger_ui.py
[2024-11-18T20:46:27.946+0000] {logging_mixin.py:188} INFO - [2024-11-18T20:46:27.945+0000] {dag.py:3089} INFO - Sync 1 DAGs
[2024-11-18T20:46:27.957+0000] {logging_mixin.py:188} INFO - [2024-11-18T20:46:27.957+0000] {dag.py:3947} INFO - Setting next_dagrun for example_params_trigger_ui to None, run_after=None
[2024-11-18T20:46:27.975+0000] {processor.py:183} INFO - Processing /home/airflow/.local/lib/python3.11/site-packages/airflow/example_dags/example_params_trigger_ui.py took 0.079 seconds
[2024-11-18T20:46:58.161+0000] {processor.py:161} INFO - Started process (PID=419) to work on /home/airflow/.local/lib/python3.11/site-packages/airflow/example_dags/example_params_trigger_ui.py
[2024-11-18T20:46:58.162+0000] {processor.py:830} INFO - Processing file /home/airflow/.local/lib/python3.11/site-packages/airflow/example_dags/example_params_trigger_ui.py for tasks to queue
[2024-11-18T20:46:58.164+0000] {logging_mixin.py:188} INFO - [2024-11-18T20:46:58.164+0000] {dagbag.py:545} INFO - Filling up the DagBag from /home/airflow/.local/lib/python3.11/site-packages/airflow/example_dags/example_params_trigger_ui.py
[2024-11-18T20:46:58.171+0000] {processor.py:840} INFO - DAG(s) 'example_params_trigger_ui' retrieved from /home/airflow/.local/lib/python3.11/site-packages/airflow/example_dags/example_params_trigger_ui.py
[2024-11-18T20:46:58.207+0000] {logging_mixin.py:188} INFO - [2024-11-18T20:46:58.206+0000] {dag.py:3089} INFO - Sync 1 DAGs
[2024-11-18T20:46:58.218+0000] {logging_mixin.py:188} INFO - [2024-11-18T20:46:58.217+0000] {dag.py:3947} INFO - Setting next_dagrun for example_params_trigger_ui to None, run_after=None
[2024-11-18T20:46:58.236+0000] {processor.py:183} INFO - Processing /home/airflow/.local/lib/python3.11/site-packages/airflow/example_dags/example_params_trigger_ui.py took 0.079 seconds
[2024-11-18T20:48:16.164+0000] {processor.py:161} INFO - Started process (PID=55) to work on /home/airflow/.local/lib/python3.11/site-packages/airflow/example_dags/example_params_trigger_ui.py
[2024-11-18T20:48:16.165+0000] {processor.py:830} INFO - Processing file /home/airflow/.local/lib/python3.11/site-packages/airflow/example_dags/example_params_trigger_ui.py for tasks to queue
[2024-11-18T20:48:16.166+0000] {logging_mixin.py:188} INFO - [2024-11-18T20:48:16.166+0000] {dagbag.py:545} INFO - Filling up the DagBag from /home/airflow/.local/lib/python3.11/site-packages/airflow/example_dags/example_params_trigger_ui.py
[2024-11-18T20:48:16.179+0000] {processor.py:840} INFO - DAG(s) 'example_params_trigger_ui' retrieved from /home/airflow/.local/lib/python3.11/site-packages/airflow/example_dags/example_params_trigger_ui.py
[2024-11-18T20:48:16.192+0000] {logging_mixin.py:188} INFO - [2024-11-18T20:48:16.192+0000] {dag.py:3089} INFO - Sync 1 DAGs
[2024-11-18T20:48:16.205+0000] {logging_mixin.py:188} INFO - [2024-11-18T20:48:16.205+0000] {dag.py:3947} INFO - Setting next_dagrun for example_params_trigger_ui to None, run_after=None
[2024-11-18T20:48:16.226+0000] {processor.py:183} INFO - Processing /home/airflow/.local/lib/python3.11/site-packages/airflow/example_dags/example_params_trigger_ui.py took 0.068 seconds
[2024-11-18T20:48:46.839+0000] {processor.py:161} INFO - Started process (PID=114) to work on /home/airflow/.local/lib/python3.11/site-packages/airflow/example_dags/example_params_trigger_ui.py
[2024-11-18T20:48:46.840+0000] {processor.py:830} INFO - Processing file /home/airflow/.local/lib/python3.11/site-packages/airflow/example_dags/example_params_trigger_ui.py for tasks to queue
[2024-11-18T20:48:46.842+0000] {logging_mixin.py:188} INFO - [2024-11-18T20:48:46.842+0000] {dagbag.py:545} INFO - Filling up the DagBag from /home/airflow/.local/lib/python3.11/site-packages/airflow/example_dags/example_params_trigger_ui.py
[2024-11-18T20:48:46.851+0000] {processor.py:840} INFO - DAG(s) 'example_params_trigger_ui' retrieved from /home/airflow/.local/lib/python3.11/site-packages/airflow/example_dags/example_params_trigger_ui.py
[2024-11-18T20:48:46.962+0000] {logging_mixin.py:188} INFO - [2024-11-18T20:48:46.962+0000] {dag.py:3089} INFO - Sync 1 DAGs
[2024-11-18T20:48:46.972+0000] {logging_mixin.py:188} INFO - [2024-11-18T20:48:46.972+0000] {dag.py:3947} INFO - Setting next_dagrun for example_params_trigger_ui to None, run_after=None
[2024-11-18T20:48:46.997+0000] {processor.py:183} INFO - Processing /home/airflow/.local/lib/python3.11/site-packages/airflow/example_dags/example_params_trigger_ui.py took 0.163 seconds
[2024-11-18T20:49:17.220+0000] {processor.py:161} INFO - Started process (PID=173) to work on /home/airflow/.local/lib/python3.11/site-packages/airflow/example_dags/example_params_trigger_ui.py
[2024-11-18T20:49:17.221+0000] {processor.py:830} INFO - Processing file /home/airflow/.local/lib/python3.11/site-packages/airflow/example_dags/example_params_trigger_ui.py for tasks to queue
[2024-11-18T20:49:17.223+0000] {logging_mixin.py:188} INFO - [2024-11-18T20:49:17.223+0000] {dagbag.py:545} INFO - Filling up the DagBag from /home/airflow/.local/lib/python3.11/site-packages/airflow/example_dags/example_params_trigger_ui.py
[2024-11-18T20:49:17.233+0000] {processor.py:840} INFO - DAG(s) 'example_params_trigger_ui' retrieved from /home/airflow/.local/lib/python3.11/site-packages/airflow/example_dags/example_params_trigger_ui.py
[2024-11-18T20:49:17.275+0000] {logging_mixin.py:188} INFO - [2024-11-18T20:49:17.274+0000] {dag.py:3089} INFO - Sync 1 DAGs
[2024-11-18T20:49:17.289+0000] {logging_mixin.py:188} INFO - [2024-11-18T20:49:17.288+0000] {dag.py:3947} INFO - Setting next_dagrun for example_params_trigger_ui to None, run_after=None
[2024-11-18T20:49:17.307+0000] {processor.py:183} INFO - Processing /home/airflow/.local/lib/python3.11/site-packages/airflow/example_dags/example_params_trigger_ui.py took 0.093 seconds
[2024-11-18T20:50:37.962+0000] {processor.py:161} INFO - Started process (PID=60) to work on /home/airflow/.local/lib/python3.11/site-packages/airflow/example_dags/example_params_trigger_ui.py
[2024-11-18T20:50:37.964+0000] {processor.py:830} INFO - Processing file /home/airflow/.local/lib/python3.11/site-packages/airflow/example_dags/example_params_trigger_ui.py for tasks to queue
[2024-11-18T20:50:37.966+0000] {logging_mixin.py:188} INFO - [2024-11-18T20:50:37.966+0000] {dagbag.py:545} INFO - Filling up the DagBag from /home/airflow/.local/lib/python3.11/site-packages/airflow/example_dags/example_params_trigger_ui.py
[2024-11-18T20:50:37.979+0000] {processor.py:840} INFO - DAG(s) 'example_params_trigger_ui' retrieved from /home/airflow/.local/lib/python3.11/site-packages/airflow/example_dags/example_params_trigger_ui.py
[2024-11-18T20:50:37.994+0000] {logging_mixin.py:188} INFO - [2024-11-18T20:50:37.994+0000] {dag.py:3089} INFO - Sync 1 DAGs
[2024-11-18T20:50:38.013+0000] {logging_mixin.py:188} INFO - [2024-11-18T20:50:38.012+0000] {dag.py:3947} INFO - Setting next_dagrun for example_params_trigger_ui to None, run_after=None
[2024-11-18T20:50:38.052+0000] {processor.py:183} INFO - Processing /home/airflow/.local/lib/python3.11/site-packages/airflow/example_dags/example_params_trigger_ui.py took 0.096 seconds
[2024-11-18T20:51:09.914+0000] {processor.py:161} INFO - Started process (PID=125) to work on /home/airflow/.local/lib/python3.11/site-packages/airflow/example_dags/example_params_trigger_ui.py
[2024-11-18T20:51:09.916+0000] {processor.py:830} INFO - Processing file /home/airflow/.local/lib/python3.11/site-packages/airflow/example_dags/example_params_trigger_ui.py for tasks to queue
[2024-11-18T20:51:09.918+0000] {logging_mixin.py:188} INFO - [2024-11-18T20:51:09.918+0000] {dagbag.py:545} INFO - Filling up the DagBag from /home/airflow/.local/lib/python3.11/site-packages/airflow/example_dags/example_params_trigger_ui.py
[2024-11-18T20:51:09.935+0000] {processor.py:840} INFO - DAG(s) 'example_params_trigger_ui' retrieved from /home/airflow/.local/lib/python3.11/site-packages/airflow/example_dags/example_params_trigger_ui.py
[2024-11-18T20:51:10.070+0000] {logging_mixin.py:188} INFO - [2024-11-18T20:51:10.069+0000] {dag.py:3089} INFO - Sync 1 DAGs
[2024-11-18T20:51:10.081+0000] {logging_mixin.py:188} INFO - [2024-11-18T20:51:10.080+0000] {dag.py:3947} INFO - Setting next_dagrun for example_params_trigger_ui to None, run_after=None
[2024-11-18T20:51:10.106+0000] {processor.py:183} INFO - Processing /home/airflow/.local/lib/python3.11/site-packages/airflow/example_dags/example_params_trigger_ui.py took 0.199 seconds
[2024-11-18T20:51:40.432+0000] {processor.py:161} INFO - Started process (PID=184) to work on /home/airflow/.local/lib/python3.11/site-packages/airflow/example_dags/example_params_trigger_ui.py
[2024-11-18T20:51:40.433+0000] {processor.py:830} INFO - Processing file /home/airflow/.local/lib/python3.11/site-packages/airflow/example_dags/example_params_trigger_ui.py for tasks to queue
[2024-11-18T20:51:40.435+0000] {logging_mixin.py:188} INFO - [2024-11-18T20:51:40.435+0000] {dagbag.py:545} INFO - Filling up the DagBag from /home/airflow/.local/lib/python3.11/site-packages/airflow/example_dags/example_params_trigger_ui.py
[2024-11-18T20:51:40.445+0000] {processor.py:840} INFO - DAG(s) 'example_params_trigger_ui' retrieved from /home/airflow/.local/lib/python3.11/site-packages/airflow/example_dags/example_params_trigger_ui.py
[2024-11-18T20:51:40.500+0000] {logging_mixin.py:188} INFO - [2024-11-18T20:51:40.497+0000] {dag.py:3089} INFO - Sync 1 DAGs
[2024-11-18T20:51:40.511+0000] {logging_mixin.py:188} INFO - [2024-11-18T20:51:40.511+0000] {dag.py:3947} INFO - Setting next_dagrun for example_params_trigger_ui to None, run_after=None
[2024-11-18T20:51:40.533+0000] {processor.py:183} INFO - Processing /home/airflow/.local/lib/python3.11/site-packages/airflow/example_dags/example_params_trigger_ui.py took 0.108 seconds
[2024-11-18T20:52:10.929+0000] {processor.py:161} INFO - Started process (PID=243) to work on /home/airflow/.local/lib/python3.11/site-packages/airflow/example_dags/example_params_trigger_ui.py
[2024-11-18T20:52:10.930+0000] {processor.py:830} INFO - Processing file /home/airflow/.local/lib/python3.11/site-packages/airflow/example_dags/example_params_trigger_ui.py for tasks to queue
[2024-11-18T20:52:10.932+0000] {logging_mixin.py:188} INFO - [2024-11-18T20:52:10.931+0000] {dagbag.py:545} INFO - Filling up the DagBag from /home/airflow/.local/lib/python3.11/site-packages/airflow/example_dags/example_params_trigger_ui.py
[2024-11-18T20:52:10.946+0000] {processor.py:840} INFO - DAG(s) 'example_params_trigger_ui' retrieved from /home/airflow/.local/lib/python3.11/site-packages/airflow/example_dags/example_params_trigger_ui.py
[2024-11-18T20:52:10.997+0000] {logging_mixin.py:188} INFO - [2024-11-18T20:52:10.996+0000] {dag.py:3089} INFO - Sync 1 DAGs
[2024-11-18T20:52:11.014+0000] {logging_mixin.py:188} INFO - [2024-11-18T20:52:11.014+0000] {dag.py:3947} INFO - Setting next_dagrun for example_params_trigger_ui to None, run_after=None
[2024-11-18T20:52:11.046+0000] {processor.py:183} INFO - Processing /home/airflow/.local/lib/python3.11/site-packages/airflow/example_dags/example_params_trigger_ui.py took 0.125 seconds
[2024-11-18T20:52:41.675+0000] {processor.py:161} INFO - Started process (PID=301) to work on /home/airflow/.local/lib/python3.11/site-packages/airflow/example_dags/example_params_trigger_ui.py
[2024-11-18T20:52:41.676+0000] {processor.py:830} INFO - Processing file /home/airflow/.local/lib/python3.11/site-packages/airflow/example_dags/example_params_trigger_ui.py for tasks to queue
[2024-11-18T20:52:41.679+0000] {logging_mixin.py:188} INFO - [2024-11-18T20:52:41.678+0000] {dagbag.py:545} INFO - Filling up the DagBag from /home/airflow/.local/lib/python3.11/site-packages/airflow/example_dags/example_params_trigger_ui.py
[2024-11-18T20:52:41.693+0000] {processor.py:840} INFO - DAG(s) 'example_params_trigger_ui' retrieved from /home/airflow/.local/lib/python3.11/site-packages/airflow/example_dags/example_params_trigger_ui.py
[2024-11-18T20:52:41.761+0000] {logging_mixin.py:188} INFO - [2024-11-18T20:52:41.760+0000] {dag.py:3089} INFO - Sync 1 DAGs
[2024-11-18T20:52:41.783+0000] {logging_mixin.py:188} INFO - [2024-11-18T20:52:41.782+0000] {dag.py:3947} INFO - Setting next_dagrun for example_params_trigger_ui to None, run_after=None
[2024-11-18T20:52:41.817+0000] {processor.py:183} INFO - Processing /home/airflow/.local/lib/python3.11/site-packages/airflow/example_dags/example_params_trigger_ui.py took 0.149 seconds
[2024-11-18T20:53:12.219+0000] {processor.py:161} INFO - Started process (PID=360) to work on /home/airflow/.local/lib/python3.11/site-packages/airflow/example_dags/example_params_trigger_ui.py
[2024-11-18T20:53:12.226+0000] {processor.py:830} INFO - Processing file /home/airflow/.local/lib/python3.11/site-packages/airflow/example_dags/example_params_trigger_ui.py for tasks to queue
[2024-11-18T20:53:12.233+0000] {logging_mixin.py:188} INFO - [2024-11-18T20:53:12.232+0000] {dagbag.py:545} INFO - Filling up the DagBag from /home/airflow/.local/lib/python3.11/site-packages/airflow/example_dags/example_params_trigger_ui.py
[2024-11-18T20:53:12.249+0000] {processor.py:840} INFO - DAG(s) 'example_params_trigger_ui' retrieved from /home/airflow/.local/lib/python3.11/site-packages/airflow/example_dags/example_params_trigger_ui.py
[2024-11-18T20:53:12.360+0000] {logging_mixin.py:188} INFO - [2024-11-18T20:53:12.360+0000] {dag.py:3089} INFO - Sync 1 DAGs
[2024-11-18T20:53:12.392+0000] {logging_mixin.py:188} INFO - [2024-11-18T20:53:12.391+0000] {dag.py:3947} INFO - Setting next_dagrun for example_params_trigger_ui to None, run_after=None
[2024-11-18T20:53:12.435+0000] {processor.py:183} INFO - Processing /home/airflow/.local/lib/python3.11/site-packages/airflow/example_dags/example_params_trigger_ui.py took 0.230 seconds
[2024-11-18T20:53:42.863+0000] {processor.py:161} INFO - Started process (PID=419) to work on /home/airflow/.local/lib/python3.11/site-packages/airflow/example_dags/example_params_trigger_ui.py
[2024-11-18T20:53:42.864+0000] {processor.py:830} INFO - Processing file /home/airflow/.local/lib/python3.11/site-packages/airflow/example_dags/example_params_trigger_ui.py for tasks to queue
[2024-11-18T20:53:42.866+0000] {logging_mixin.py:188} INFO - [2024-11-18T20:53:42.865+0000] {dagbag.py:545} INFO - Filling up the DagBag from /home/airflow/.local/lib/python3.11/site-packages/airflow/example_dags/example_params_trigger_ui.py
[2024-11-18T20:53:42.874+0000] {processor.py:840} INFO - DAG(s) 'example_params_trigger_ui' retrieved from /home/airflow/.local/lib/python3.11/site-packages/airflow/example_dags/example_params_trigger_ui.py
[2024-11-18T20:53:42.911+0000] {logging_mixin.py:188} INFO - [2024-11-18T20:53:42.911+0000] {dag.py:3089} INFO - Sync 1 DAGs
[2024-11-18T20:53:42.922+0000] {logging_mixin.py:188} INFO - [2024-11-18T20:53:42.922+0000] {dag.py:3947} INFO - Setting next_dagrun for example_params_trigger_ui to None, run_after=None
[2024-11-18T20:53:42.942+0000] {processor.py:183} INFO - Processing /home/airflow/.local/lib/python3.11/site-packages/airflow/example_dags/example_params_trigger_ui.py took 0.084 seconds
[2024-11-18T20:54:13.288+0000] {processor.py:161} INFO - Started process (PID=478) to work on /home/airflow/.local/lib/python3.11/site-packages/airflow/example_dags/example_params_trigger_ui.py
[2024-11-18T20:54:13.289+0000] {processor.py:830} INFO - Processing file /home/airflow/.local/lib/python3.11/site-packages/airflow/example_dags/example_params_trigger_ui.py for tasks to queue
[2024-11-18T20:54:13.290+0000] {logging_mixin.py:188} INFO - [2024-11-18T20:54:13.290+0000] {dagbag.py:545} INFO - Filling up the DagBag from /home/airflow/.local/lib/python3.11/site-packages/airflow/example_dags/example_params_trigger_ui.py
[2024-11-18T20:54:13.299+0000] {processor.py:840} INFO - DAG(s) 'example_params_trigger_ui' retrieved from /home/airflow/.local/lib/python3.11/site-packages/airflow/example_dags/example_params_trigger_ui.py
[2024-11-18T20:54:13.342+0000] {logging_mixin.py:188} INFO - [2024-11-18T20:54:13.342+0000] {dag.py:3089} INFO - Sync 1 DAGs
[2024-11-18T20:54:13.356+0000] {logging_mixin.py:188} INFO - [2024-11-18T20:54:13.355+0000] {dag.py:3947} INFO - Setting next_dagrun for example_params_trigger_ui to None, run_after=None
[2024-11-18T20:54:13.378+0000] {processor.py:183} INFO - Processing /home/airflow/.local/lib/python3.11/site-packages/airflow/example_dags/example_params_trigger_ui.py took 0.097 seconds
[2024-11-18T20:54:43.736+0000] {processor.py:161} INFO - Started process (PID=537) to work on /home/airflow/.local/lib/python3.11/site-packages/airflow/example_dags/example_params_trigger_ui.py
[2024-11-18T20:54:43.737+0000] {processor.py:830} INFO - Processing file /home/airflow/.local/lib/python3.11/site-packages/airflow/example_dags/example_params_trigger_ui.py for tasks to queue
[2024-11-18T20:54:43.739+0000] {logging_mixin.py:188} INFO - [2024-11-18T20:54:43.738+0000] {dagbag.py:545} INFO - Filling up the DagBag from /home/airflow/.local/lib/python3.11/site-packages/airflow/example_dags/example_params_trigger_ui.py
[2024-11-18T20:54:43.747+0000] {processor.py:840} INFO - DAG(s) 'example_params_trigger_ui' retrieved from /home/airflow/.local/lib/python3.11/site-packages/airflow/example_dags/example_params_trigger_ui.py
[2024-11-18T20:54:43.784+0000] {logging_mixin.py:188} INFO - [2024-11-18T20:54:43.783+0000] {dag.py:3089} INFO - Sync 1 DAGs
[2024-11-18T20:54:43.794+0000] {logging_mixin.py:188} INFO - [2024-11-18T20:54:43.794+0000] {dag.py:3947} INFO - Setting next_dagrun for example_params_trigger_ui to None, run_after=None
[2024-11-18T20:54:43.813+0000] {processor.py:183} INFO - Processing /home/airflow/.local/lib/python3.11/site-packages/airflow/example_dags/example_params_trigger_ui.py took 0.082 seconds
[2024-11-18T20:55:14.189+0000] {processor.py:161} INFO - Started process (PID=596) to work on /home/airflow/.local/lib/python3.11/site-packages/airflow/example_dags/example_params_trigger_ui.py
[2024-11-18T20:55:14.190+0000] {processor.py:830} INFO - Processing file /home/airflow/.local/lib/python3.11/site-packages/airflow/example_dags/example_params_trigger_ui.py for tasks to queue
[2024-11-18T20:55:14.193+0000] {logging_mixin.py:188} INFO - [2024-11-18T20:55:14.192+0000] {dagbag.py:545} INFO - Filling up the DagBag from /home/airflow/.local/lib/python3.11/site-packages/airflow/example_dags/example_params_trigger_ui.py
[2024-11-18T20:55:14.205+0000] {processor.py:840} INFO - DAG(s) 'example_params_trigger_ui' retrieved from /home/airflow/.local/lib/python3.11/site-packages/airflow/example_dags/example_params_trigger_ui.py
[2024-11-18T20:55:14.246+0000] {logging_mixin.py:188} INFO - [2024-11-18T20:55:14.246+0000] {dag.py:3089} INFO - Sync 1 DAGs
[2024-11-18T20:55:14.259+0000] {logging_mixin.py:188} INFO - [2024-11-18T20:55:14.259+0000] {dag.py:3947} INFO - Setting next_dagrun for example_params_trigger_ui to None, run_after=None
[2024-11-18T20:55:14.280+0000] {processor.py:183} INFO - Processing /home/airflow/.local/lib/python3.11/site-packages/airflow/example_dags/example_params_trigger_ui.py took 0.098 seconds
[2024-11-18T20:55:45.257+0000] {processor.py:161} INFO - Started process (PID=655) to work on /home/airflow/.local/lib/python3.11/site-packages/airflow/example_dags/example_params_trigger_ui.py
[2024-11-18T20:55:45.258+0000] {processor.py:830} INFO - Processing file /home/airflow/.local/lib/python3.11/site-packages/airflow/example_dags/example_params_trigger_ui.py for tasks to queue
[2024-11-18T20:55:45.260+0000] {logging_mixin.py:188} INFO - [2024-11-18T20:55:45.260+0000] {dagbag.py:545} INFO - Filling up the DagBag from /home/airflow/.local/lib/python3.11/site-packages/airflow/example_dags/example_params_trigger_ui.py
[2024-11-18T20:55:45.271+0000] {processor.py:840} INFO - DAG(s) 'example_params_trigger_ui' retrieved from /home/airflow/.local/lib/python3.11/site-packages/airflow/example_dags/example_params_trigger_ui.py
[2024-11-18T20:55:45.315+0000] {logging_mixin.py:188} INFO - [2024-11-18T20:55:45.315+0000] {dag.py:3089} INFO - Sync 1 DAGs
[2024-11-18T20:55:45.328+0000] {logging_mixin.py:188} INFO - [2024-11-18T20:55:45.328+0000] {dag.py:3947} INFO - Setting next_dagrun for example_params_trigger_ui to None, run_after=None
[2024-11-18T20:55:45.350+0000] {processor.py:183} INFO - Processing /home/airflow/.local/lib/python3.11/site-packages/airflow/example_dags/example_params_trigger_ui.py took 0.100 seconds
[2024-11-18T20:56:15.755+0000] {processor.py:161} INFO - Started process (PID=714) to work on /home/airflow/.local/lib/python3.11/site-packages/airflow/example_dags/example_params_trigger_ui.py
[2024-11-18T20:56:15.756+0000] {processor.py:830} INFO - Processing file /home/airflow/.local/lib/python3.11/site-packages/airflow/example_dags/example_params_trigger_ui.py for tasks to queue
[2024-11-18T20:56:15.758+0000] {logging_mixin.py:188} INFO - [2024-11-18T20:56:15.758+0000] {dagbag.py:545} INFO - Filling up the DagBag from /home/airflow/.local/lib/python3.11/site-packages/airflow/example_dags/example_params_trigger_ui.py
[2024-11-18T20:56:15.768+0000] {processor.py:840} INFO - DAG(s) 'example_params_trigger_ui' retrieved from /home/airflow/.local/lib/python3.11/site-packages/airflow/example_dags/example_params_trigger_ui.py
[2024-11-18T20:56:15.814+0000] {logging_mixin.py:188} INFO - [2024-11-18T20:56:15.814+0000] {dag.py:3089} INFO - Sync 1 DAGs
[2024-11-18T20:56:15.828+0000] {logging_mixin.py:188} INFO - [2024-11-18T20:56:15.827+0000] {dag.py:3947} INFO - Setting next_dagrun for example_params_trigger_ui to None, run_after=None
[2024-11-18T20:56:15.854+0000] {processor.py:183} INFO - Processing /home/airflow/.local/lib/python3.11/site-packages/airflow/example_dags/example_params_trigger_ui.py took 0.105 seconds
[2024-11-18T20:56:46.207+0000] {processor.py:161} INFO - Started process (PID=773) to work on /home/airflow/.local/lib/python3.11/site-packages/airflow/example_dags/example_params_trigger_ui.py
[2024-11-18T20:56:46.208+0000] {processor.py:830} INFO - Processing file /home/airflow/.local/lib/python3.11/site-packages/airflow/example_dags/example_params_trigger_ui.py for tasks to queue
[2024-11-18T20:56:46.210+0000] {logging_mixin.py:188} INFO - [2024-11-18T20:56:46.210+0000] {dagbag.py:545} INFO - Filling up the DagBag from /home/airflow/.local/lib/python3.11/site-packages/airflow/example_dags/example_params_trigger_ui.py
[2024-11-18T20:56:46.220+0000] {processor.py:840} INFO - DAG(s) 'example_params_trigger_ui' retrieved from /home/airflow/.local/lib/python3.11/site-packages/airflow/example_dags/example_params_trigger_ui.py
[2024-11-18T20:56:46.262+0000] {logging_mixin.py:188} INFO - [2024-11-18T20:56:46.262+0000] {dag.py:3089} INFO - Sync 1 DAGs
[2024-11-18T20:56:46.275+0000] {logging_mixin.py:188} INFO - [2024-11-18T20:56:46.274+0000] {dag.py:3947} INFO - Setting next_dagrun for example_params_trigger_ui to None, run_after=None
[2024-11-18T20:56:46.295+0000] {processor.py:183} INFO - Processing /home/airflow/.local/lib/python3.11/site-packages/airflow/example_dags/example_params_trigger_ui.py took 0.093 seconds
[2024-11-18T20:57:16.587+0000] {processor.py:161} INFO - Started process (PID=832) to work on /home/airflow/.local/lib/python3.11/site-packages/airflow/example_dags/example_params_trigger_ui.py
[2024-11-18T20:57:16.589+0000] {processor.py:830} INFO - Processing file /home/airflow/.local/lib/python3.11/site-packages/airflow/example_dags/example_params_trigger_ui.py for tasks to queue
[2024-11-18T20:57:16.591+0000] {logging_mixin.py:188} INFO - [2024-11-18T20:57:16.591+0000] {dagbag.py:545} INFO - Filling up the DagBag from /home/airflow/.local/lib/python3.11/site-packages/airflow/example_dags/example_params_trigger_ui.py
[2024-11-18T20:57:16.604+0000] {processor.py:840} INFO - DAG(s) 'example_params_trigger_ui' retrieved from /home/airflow/.local/lib/python3.11/site-packages/airflow/example_dags/example_params_trigger_ui.py
[2024-11-18T20:57:16.657+0000] {logging_mixin.py:188} INFO - [2024-11-18T20:57:16.657+0000] {dag.py:3089} INFO - Sync 1 DAGs
[2024-11-18T20:57:16.676+0000] {logging_mixin.py:188} INFO - [2024-11-18T20:57:16.675+0000] {dag.py:3947} INFO - Setting next_dagrun for example_params_trigger_ui to None, run_after=None
[2024-11-18T20:57:16.703+0000] {processor.py:183} INFO - Processing /home/airflow/.local/lib/python3.11/site-packages/airflow/example_dags/example_params_trigger_ui.py took 0.125 seconds
[2024-11-18T20:57:46.877+0000] {processor.py:161} INFO - Started process (PID=891) to work on /home/airflow/.local/lib/python3.11/site-packages/airflow/example_dags/example_params_trigger_ui.py
[2024-11-18T20:57:46.878+0000] {processor.py:830} INFO - Processing file /home/airflow/.local/lib/python3.11/site-packages/airflow/example_dags/example_params_trigger_ui.py for tasks to queue
[2024-11-18T20:57:46.880+0000] {logging_mixin.py:188} INFO - [2024-11-18T20:57:46.879+0000] {dagbag.py:545} INFO - Filling up the DagBag from /home/airflow/.local/lib/python3.11/site-packages/airflow/example_dags/example_params_trigger_ui.py
[2024-11-18T20:57:46.888+0000] {processor.py:840} INFO - DAG(s) 'example_params_trigger_ui' retrieved from /home/airflow/.local/lib/python3.11/site-packages/airflow/example_dags/example_params_trigger_ui.py
[2024-11-18T20:57:46.930+0000] {logging_mixin.py:188} INFO - [2024-11-18T20:57:46.930+0000] {dag.py:3089} INFO - Sync 1 DAGs
[2024-11-18T20:57:46.946+0000] {logging_mixin.py:188} INFO - [2024-11-18T20:57:46.946+0000] {dag.py:3947} INFO - Setting next_dagrun for example_params_trigger_ui to None, run_after=None
[2024-11-18T20:57:46.976+0000] {processor.py:183} INFO - Processing /home/airflow/.local/lib/python3.11/site-packages/airflow/example_dags/example_params_trigger_ui.py took 0.104 seconds
[2024-11-18T20:58:17.132+0000] {processor.py:161} INFO - Started process (PID=950) to work on /home/airflow/.local/lib/python3.11/site-packages/airflow/example_dags/example_params_trigger_ui.py
[2024-11-18T20:58:17.133+0000] {processor.py:830} INFO - Processing file /home/airflow/.local/lib/python3.11/site-packages/airflow/example_dags/example_params_trigger_ui.py for tasks to queue
[2024-11-18T20:58:17.134+0000] {logging_mixin.py:188} INFO - [2024-11-18T20:58:17.134+0000] {dagbag.py:545} INFO - Filling up the DagBag from /home/airflow/.local/lib/python3.11/site-packages/airflow/example_dags/example_params_trigger_ui.py
[2024-11-18T20:58:17.142+0000] {processor.py:840} INFO - DAG(s) 'example_params_trigger_ui' retrieved from /home/airflow/.local/lib/python3.11/site-packages/airflow/example_dags/example_params_trigger_ui.py
[2024-11-18T20:58:17.178+0000] {logging_mixin.py:188} INFO - [2024-11-18T20:58:17.178+0000] {dag.py:3089} INFO - Sync 1 DAGs
[2024-11-18T20:58:17.191+0000] {logging_mixin.py:188} INFO - [2024-11-18T20:58:17.191+0000] {dag.py:3947} INFO - Setting next_dagrun for example_params_trigger_ui to None, run_after=None
[2024-11-18T20:58:17.222+0000] {processor.py:183} INFO - Processing /home/airflow/.local/lib/python3.11/site-packages/airflow/example_dags/example_params_trigger_ui.py took 0.096 seconds
[2024-11-18T20:58:47.578+0000] {processor.py:161} INFO - Started process (PID=1009) to work on /home/airflow/.local/lib/python3.11/site-packages/airflow/example_dags/example_params_trigger_ui.py
[2024-11-18T20:58:47.579+0000] {processor.py:830} INFO - Processing file /home/airflow/.local/lib/python3.11/site-packages/airflow/example_dags/example_params_trigger_ui.py for tasks to queue
[2024-11-18T20:58:47.581+0000] {logging_mixin.py:188} INFO - [2024-11-18T20:58:47.581+0000] {dagbag.py:545} INFO - Filling up the DagBag from /home/airflow/.local/lib/python3.11/site-packages/airflow/example_dags/example_params_trigger_ui.py
[2024-11-18T20:58:47.591+0000] {processor.py:840} INFO - DAG(s) 'example_params_trigger_ui' retrieved from /home/airflow/.local/lib/python3.11/site-packages/airflow/example_dags/example_params_trigger_ui.py
[2024-11-18T20:58:47.630+0000] {logging_mixin.py:188} INFO - [2024-11-18T20:58:47.630+0000] {dag.py:3089} INFO - Sync 1 DAGs
[2024-11-18T20:58:47.644+0000] {logging_mixin.py:188} INFO - [2024-11-18T20:58:47.644+0000] {dag.py:3947} INFO - Setting next_dagrun for example_params_trigger_ui to None, run_after=None
[2024-11-18T20:58:47.664+0000] {processor.py:183} INFO - Processing /home/airflow/.local/lib/python3.11/site-packages/airflow/example_dags/example_params_trigger_ui.py took 0.093 seconds
