[2024-11-18T20:19:04.493+0000] {processor.py:161} INFO - Started process (PID=51) to work on /home/airflow/.local/lib/python3.11/site-packages/airflow/example_dags/example_sensor_decorator.py
[2024-11-18T20:19:04.494+0000] {processor.py:830} INFO - Processing file /home/airflow/.local/lib/python3.11/site-packages/airflow/example_dags/example_sensor_decorator.py for tasks to queue
[2024-11-18T20:19:04.496+0000] {logging_mixin.py:188} INFO - [2024-11-18T20:19:04.495+0000] {dagbag.py:545} INFO - Filling up the DagBag from /home/airflow/.local/lib/python3.11/site-packages/airflow/example_dags/example_sensor_decorator.py
[2024-11-18T20:19:04.506+0000] {processor.py:840} INFO - DAG(s) 'example_sensor_decorator' retrieved from /home/airflow/.local/lib/python3.11/site-packages/airflow/example_dags/example_sensor_decorator.py
[2024-11-18T20:19:04.611+0000] {logging_mixin.py:188} INFO - [2024-11-18T20:19:04.610+0000] {override.py:1858} INFO - Created Permission View: can edit on DAG:example_sensor_decorator
[2024-11-18T20:19:04.621+0000] {logging_mixin.py:188} INFO - [2024-11-18T20:19:04.621+0000] {override.py:1858} INFO - Created Permission View: can delete on DAG:example_sensor_decorator
[2024-11-18T20:19:04.629+0000] {logging_mixin.py:188} INFO - [2024-11-18T20:19:04.629+0000] {override.py:1858} INFO - Created Permission View: can read on DAG:example_sensor_decorator
[2024-11-18T20:19:04.629+0000] {logging_mixin.py:188} INFO - [2024-11-18T20:19:04.629+0000] {dag.py:3089} INFO - Sync 1 DAGs
[2024-11-18T20:19:04.640+0000] {logging_mixin.py:188} INFO - [2024-11-18T20:19:04.640+0000] {dag.py:3111} INFO - Creating ORM DAG for example_sensor_decorator
[2024-11-18T20:19:04.641+0000] {logging_mixin.py:188} INFO - [2024-11-18T20:19:04.641+0000] {dag.py:3947} INFO - Setting next_dagrun for example_sensor_decorator to None, run_after=None
[2024-11-18T20:19:04.659+0000] {processor.py:183} INFO - Processing /home/airflow/.local/lib/python3.11/site-packages/airflow/example_dags/example_sensor_decorator.py took 0.171 seconds
[2024-11-18T20:19:35.606+0000] {processor.py:161} INFO - Started process (PID=109) to work on /home/airflow/.local/lib/python3.11/site-packages/airflow/example_dags/example_sensor_decorator.py
[2024-11-18T20:19:35.607+0000] {processor.py:830} INFO - Processing file /home/airflow/.local/lib/python3.11/site-packages/airflow/example_dags/example_sensor_decorator.py for tasks to queue
[2024-11-18T20:19:35.609+0000] {logging_mixin.py:188} INFO - [2024-11-18T20:19:35.609+0000] {dagbag.py:545} INFO - Filling up the DagBag from /home/airflow/.local/lib/python3.11/site-packages/airflow/example_dags/example_sensor_decorator.py
[2024-11-18T20:19:35.614+0000] {processor.py:840} INFO - DAG(s) 'example_sensor_decorator' retrieved from /home/airflow/.local/lib/python3.11/site-packages/airflow/example_dags/example_sensor_decorator.py
[2024-11-18T20:19:35.628+0000] {logging_mixin.py:188} INFO - [2024-11-18T20:19:35.628+0000] {dag.py:3089} INFO - Sync 1 DAGs
[2024-11-18T20:19:35.638+0000] {logging_mixin.py:188} INFO - [2024-11-18T20:19:35.638+0000] {dag.py:3947} INFO - Setting next_dagrun for example_sensor_decorator to None, run_after=None
[2024-11-18T20:19:35.652+0000] {processor.py:183} INFO - Processing /home/airflow/.local/lib/python3.11/site-packages/airflow/example_dags/example_sensor_decorator.py took 0.052 seconds
[2024-11-18T20:20:05.721+0000] {processor.py:161} INFO - Started process (PID=167) to work on /home/airflow/.local/lib/python3.11/site-packages/airflow/example_dags/example_sensor_decorator.py
[2024-11-18T20:20:05.722+0000] {processor.py:830} INFO - Processing file /home/airflow/.local/lib/python3.11/site-packages/airflow/example_dags/example_sensor_decorator.py for tasks to queue
[2024-11-18T20:20:05.724+0000] {logging_mixin.py:188} INFO - [2024-11-18T20:20:05.723+0000] {dagbag.py:545} INFO - Filling up the DagBag from /home/airflow/.local/lib/python3.11/site-packages/airflow/example_dags/example_sensor_decorator.py
[2024-11-18T20:20:05.731+0000] {processor.py:840} INFO - DAG(s) 'example_sensor_decorator' retrieved from /home/airflow/.local/lib/python3.11/site-packages/airflow/example_dags/example_sensor_decorator.py
[2024-11-18T20:20:05.750+0000] {logging_mixin.py:188} INFO - [2024-11-18T20:20:05.750+0000] {dag.py:3089} INFO - Sync 1 DAGs
[2024-11-18T20:20:05.763+0000] {logging_mixin.py:188} INFO - [2024-11-18T20:20:05.763+0000] {dag.py:3947} INFO - Setting next_dagrun for example_sensor_decorator to None, run_after=None
[2024-11-18T20:20:05.792+0000] {processor.py:183} INFO - Processing /home/airflow/.local/lib/python3.11/site-packages/airflow/example_dags/example_sensor_decorator.py took 0.078 seconds
[2024-11-18T20:20:36.215+0000] {processor.py:161} INFO - Started process (PID=231) to work on /home/airflow/.local/lib/python3.11/site-packages/airflow/example_dags/example_sensor_decorator.py
[2024-11-18T20:20:36.216+0000] {processor.py:830} INFO - Processing file /home/airflow/.local/lib/python3.11/site-packages/airflow/example_dags/example_sensor_decorator.py for tasks to queue
[2024-11-18T20:20:36.218+0000] {logging_mixin.py:188} INFO - [2024-11-18T20:20:36.218+0000] {dagbag.py:545} INFO - Filling up the DagBag from /home/airflow/.local/lib/python3.11/site-packages/airflow/example_dags/example_sensor_decorator.py
[2024-11-18T20:20:36.226+0000] {processor.py:840} INFO - DAG(s) 'example_sensor_decorator' retrieved from /home/airflow/.local/lib/python3.11/site-packages/airflow/example_dags/example_sensor_decorator.py
[2024-11-18T20:20:36.250+0000] {logging_mixin.py:188} INFO - [2024-11-18T20:20:36.249+0000] {dag.py:3089} INFO - Sync 1 DAGs
[2024-11-18T20:20:36.266+0000] {logging_mixin.py:188} INFO - [2024-11-18T20:20:36.266+0000] {dag.py:3947} INFO - Setting next_dagrun for example_sensor_decorator to None, run_after=None
[2024-11-18T20:20:36.292+0000] {processor.py:183} INFO - Processing /home/airflow/.local/lib/python3.11/site-packages/airflow/example_dags/example_sensor_decorator.py took 0.084 seconds
[2024-11-18T20:21:06.334+0000] {processor.py:161} INFO - Started process (PID=289) to work on /home/airflow/.local/lib/python3.11/site-packages/airflow/example_dags/example_sensor_decorator.py
[2024-11-18T20:21:06.335+0000] {processor.py:830} INFO - Processing file /home/airflow/.local/lib/python3.11/site-packages/airflow/example_dags/example_sensor_decorator.py for tasks to queue
[2024-11-18T20:21:06.337+0000] {logging_mixin.py:188} INFO - [2024-11-18T20:21:06.336+0000] {dagbag.py:545} INFO - Filling up the DagBag from /home/airflow/.local/lib/python3.11/site-packages/airflow/example_dags/example_sensor_decorator.py
[2024-11-18T20:21:06.341+0000] {processor.py:840} INFO - DAG(s) 'example_sensor_decorator' retrieved from /home/airflow/.local/lib/python3.11/site-packages/airflow/example_dags/example_sensor_decorator.py
[2024-11-18T20:21:06.361+0000] {logging_mixin.py:188} INFO - [2024-11-18T20:21:06.360+0000] {dag.py:3089} INFO - Sync 1 DAGs
[2024-11-18T20:21:06.383+0000] {logging_mixin.py:188} INFO - [2024-11-18T20:21:06.382+0000] {dag.py:3947} INFO - Setting next_dagrun for example_sensor_decorator to None, run_after=None
[2024-11-18T20:21:06.404+0000] {processor.py:183} INFO - Processing /home/airflow/.local/lib/python3.11/site-packages/airflow/example_dags/example_sensor_decorator.py took 0.074 seconds
[2024-11-18T20:21:36.500+0000] {processor.py:161} INFO - Started process (PID=348) to work on /home/airflow/.local/lib/python3.11/site-packages/airflow/example_dags/example_sensor_decorator.py
[2024-11-18T20:21:36.501+0000] {processor.py:830} INFO - Processing file /home/airflow/.local/lib/python3.11/site-packages/airflow/example_dags/example_sensor_decorator.py for tasks to queue
[2024-11-18T20:21:36.503+0000] {logging_mixin.py:188} INFO - [2024-11-18T20:21:36.502+0000] {dagbag.py:545} INFO - Filling up the DagBag from /home/airflow/.local/lib/python3.11/site-packages/airflow/example_dags/example_sensor_decorator.py
[2024-11-18T20:21:36.510+0000] {processor.py:840} INFO - DAG(s) 'example_sensor_decorator' retrieved from /home/airflow/.local/lib/python3.11/site-packages/airflow/example_dags/example_sensor_decorator.py
[2024-11-18T20:21:36.528+0000] {logging_mixin.py:188} INFO - [2024-11-18T20:21:36.527+0000] {dag.py:3089} INFO - Sync 1 DAGs
[2024-11-18T20:21:36.538+0000] {logging_mixin.py:188} INFO - [2024-11-18T20:21:36.538+0000] {dag.py:3947} INFO - Setting next_dagrun for example_sensor_decorator to None, run_after=None
[2024-11-18T20:21:36.566+0000] {processor.py:183} INFO - Processing /home/airflow/.local/lib/python3.11/site-packages/airflow/example_dags/example_sensor_decorator.py took 0.071 seconds
[2024-11-18T20:22:07.268+0000] {processor.py:161} INFO - Started process (PID=406) to work on /home/airflow/.local/lib/python3.11/site-packages/airflow/example_dags/example_sensor_decorator.py
[2024-11-18T20:22:07.269+0000] {processor.py:830} INFO - Processing file /home/airflow/.local/lib/python3.11/site-packages/airflow/example_dags/example_sensor_decorator.py for tasks to queue
[2024-11-18T20:22:07.271+0000] {logging_mixin.py:188} INFO - [2024-11-18T20:22:07.270+0000] {dagbag.py:545} INFO - Filling up the DagBag from /home/airflow/.local/lib/python3.11/site-packages/airflow/example_dags/example_sensor_decorator.py
[2024-11-18T20:22:07.275+0000] {processor.py:840} INFO - DAG(s) 'example_sensor_decorator' retrieved from /home/airflow/.local/lib/python3.11/site-packages/airflow/example_dags/example_sensor_decorator.py
[2024-11-18T20:22:07.292+0000] {logging_mixin.py:188} INFO - [2024-11-18T20:22:07.291+0000] {dag.py:3089} INFO - Sync 1 DAGs
[2024-11-18T20:22:07.301+0000] {logging_mixin.py:188} INFO - [2024-11-18T20:22:07.301+0000] {dag.py:3947} INFO - Setting next_dagrun for example_sensor_decorator to None, run_after=None
[2024-11-18T20:22:07.318+0000] {processor.py:183} INFO - Processing /home/airflow/.local/lib/python3.11/site-packages/airflow/example_dags/example_sensor_decorator.py took 0.054 seconds
[2024-11-18T20:22:37.619+0000] {processor.py:161} INFO - Started process (PID=465) to work on /home/airflow/.local/lib/python3.11/site-packages/airflow/example_dags/example_sensor_decorator.py
[2024-11-18T20:22:37.620+0000] {processor.py:830} INFO - Processing file /home/airflow/.local/lib/python3.11/site-packages/airflow/example_dags/example_sensor_decorator.py for tasks to queue
[2024-11-18T20:22:37.621+0000] {logging_mixin.py:188} INFO - [2024-11-18T20:22:37.621+0000] {dagbag.py:545} INFO - Filling up the DagBag from /home/airflow/.local/lib/python3.11/site-packages/airflow/example_dags/example_sensor_decorator.py
[2024-11-18T20:22:37.625+0000] {processor.py:840} INFO - DAG(s) 'example_sensor_decorator' retrieved from /home/airflow/.local/lib/python3.11/site-packages/airflow/example_dags/example_sensor_decorator.py
[2024-11-18T20:22:37.643+0000] {logging_mixin.py:188} INFO - [2024-11-18T20:22:37.642+0000] {dag.py:3089} INFO - Sync 1 DAGs
[2024-11-18T20:22:37.653+0000] {logging_mixin.py:188} INFO - [2024-11-18T20:22:37.652+0000] {dag.py:3947} INFO - Setting next_dagrun for example_sensor_decorator to None, run_after=None
[2024-11-18T20:22:37.669+0000] {processor.py:183} INFO - Processing /home/airflow/.local/lib/python3.11/site-packages/airflow/example_dags/example_sensor_decorator.py took 0.055 seconds
[2024-11-18T20:23:07.895+0000] {processor.py:161} INFO - Started process (PID=523) to work on /home/airflow/.local/lib/python3.11/site-packages/airflow/example_dags/example_sensor_decorator.py
[2024-11-18T20:23:07.896+0000] {processor.py:830} INFO - Processing file /home/airflow/.local/lib/python3.11/site-packages/airflow/example_dags/example_sensor_decorator.py for tasks to queue
[2024-11-18T20:23:07.898+0000] {logging_mixin.py:188} INFO - [2024-11-18T20:23:07.898+0000] {dagbag.py:545} INFO - Filling up the DagBag from /home/airflow/.local/lib/python3.11/site-packages/airflow/example_dags/example_sensor_decorator.py
[2024-11-18T20:23:07.903+0000] {processor.py:840} INFO - DAG(s) 'example_sensor_decorator' retrieved from /home/airflow/.local/lib/python3.11/site-packages/airflow/example_dags/example_sensor_decorator.py
[2024-11-18T20:23:07.919+0000] {logging_mixin.py:188} INFO - [2024-11-18T20:23:07.919+0000] {dag.py:3089} INFO - Sync 1 DAGs
[2024-11-18T20:23:07.929+0000] {logging_mixin.py:188} INFO - [2024-11-18T20:23:07.929+0000] {dag.py:3947} INFO - Setting next_dagrun for example_sensor_decorator to None, run_after=None
[2024-11-18T20:23:07.946+0000] {processor.py:183} INFO - Processing /home/airflow/.local/lib/python3.11/site-packages/airflow/example_dags/example_sensor_decorator.py took 0.056 seconds
[2024-11-18T20:23:38.046+0000] {processor.py:161} INFO - Started process (PID=581) to work on /home/airflow/.local/lib/python3.11/site-packages/airflow/example_dags/example_sensor_decorator.py
[2024-11-18T20:23:38.047+0000] {processor.py:830} INFO - Processing file /home/airflow/.local/lib/python3.11/site-packages/airflow/example_dags/example_sensor_decorator.py for tasks to queue
[2024-11-18T20:23:38.048+0000] {logging_mixin.py:188} INFO - [2024-11-18T20:23:38.048+0000] {dagbag.py:545} INFO - Filling up the DagBag from /home/airflow/.local/lib/python3.11/site-packages/airflow/example_dags/example_sensor_decorator.py
[2024-11-18T20:23:38.053+0000] {processor.py:840} INFO - DAG(s) 'example_sensor_decorator' retrieved from /home/airflow/.local/lib/python3.11/site-packages/airflow/example_dags/example_sensor_decorator.py
[2024-11-18T20:23:38.069+0000] {logging_mixin.py:188} INFO - [2024-11-18T20:23:38.069+0000] {dag.py:3089} INFO - Sync 1 DAGs
[2024-11-18T20:23:38.080+0000] {logging_mixin.py:188} INFO - [2024-11-18T20:23:38.080+0000] {dag.py:3947} INFO - Setting next_dagrun for example_sensor_decorator to None, run_after=None
[2024-11-18T20:23:38.102+0000] {processor.py:183} INFO - Processing /home/airflow/.local/lib/python3.11/site-packages/airflow/example_dags/example_sensor_decorator.py took 0.060 seconds
[2024-11-18T20:24:08.616+0000] {processor.py:161} INFO - Started process (PID=641) to work on /home/airflow/.local/lib/python3.11/site-packages/airflow/example_dags/example_sensor_decorator.py
[2024-11-18T20:24:08.616+0000] {processor.py:830} INFO - Processing file /home/airflow/.local/lib/python3.11/site-packages/airflow/example_dags/example_sensor_decorator.py for tasks to queue
[2024-11-18T20:24:08.618+0000] {logging_mixin.py:188} INFO - [2024-11-18T20:24:08.617+0000] {dagbag.py:545} INFO - Filling up the DagBag from /home/airflow/.local/lib/python3.11/site-packages/airflow/example_dags/example_sensor_decorator.py
[2024-11-18T20:24:08.623+0000] {processor.py:840} INFO - DAG(s) 'example_sensor_decorator' retrieved from /home/airflow/.local/lib/python3.11/site-packages/airflow/example_dags/example_sensor_decorator.py
[2024-11-18T20:24:08.639+0000] {logging_mixin.py:188} INFO - [2024-11-18T20:24:08.639+0000] {dag.py:3089} INFO - Sync 1 DAGs
[2024-11-18T20:24:08.649+0000] {logging_mixin.py:188} INFO - [2024-11-18T20:24:08.649+0000] {dag.py:3947} INFO - Setting next_dagrun for example_sensor_decorator to None, run_after=None
[2024-11-18T20:24:08.677+0000] {processor.py:183} INFO - Processing /home/airflow/.local/lib/python3.11/site-packages/airflow/example_dags/example_sensor_decorator.py took 0.066 seconds
[2024-11-18T20:24:39.220+0000] {processor.py:161} INFO - Started process (PID=700) to work on /home/airflow/.local/lib/python3.11/site-packages/airflow/example_dags/example_sensor_decorator.py
[2024-11-18T20:24:39.221+0000] {processor.py:830} INFO - Processing file /home/airflow/.local/lib/python3.11/site-packages/airflow/example_dags/example_sensor_decorator.py for tasks to queue
[2024-11-18T20:24:39.223+0000] {logging_mixin.py:188} INFO - [2024-11-18T20:24:39.223+0000] {dagbag.py:545} INFO - Filling up the DagBag from /home/airflow/.local/lib/python3.11/site-packages/airflow/example_dags/example_sensor_decorator.py
[2024-11-18T20:24:39.228+0000] {processor.py:840} INFO - DAG(s) 'example_sensor_decorator' retrieved from /home/airflow/.local/lib/python3.11/site-packages/airflow/example_dags/example_sensor_decorator.py
[2024-11-18T20:24:39.243+0000] {logging_mixin.py:188} INFO - [2024-11-18T20:24:39.243+0000] {dag.py:3089} INFO - Sync 1 DAGs
[2024-11-18T20:24:39.253+0000] {logging_mixin.py:188} INFO - [2024-11-18T20:24:39.253+0000] {dag.py:3947} INFO - Setting next_dagrun for example_sensor_decorator to None, run_after=None
[2024-11-18T20:24:39.279+0000] {processor.py:183} INFO - Processing /home/airflow/.local/lib/python3.11/site-packages/airflow/example_dags/example_sensor_decorator.py took 0.063 seconds
[2024-11-18T20:25:09.625+0000] {processor.py:161} INFO - Started process (PID=759) to work on /home/airflow/.local/lib/python3.11/site-packages/airflow/example_dags/example_sensor_decorator.py
[2024-11-18T20:25:09.626+0000] {processor.py:830} INFO - Processing file /home/airflow/.local/lib/python3.11/site-packages/airflow/example_dags/example_sensor_decorator.py for tasks to queue
[2024-11-18T20:25:09.628+0000] {logging_mixin.py:188} INFO - [2024-11-18T20:25:09.627+0000] {dagbag.py:545} INFO - Filling up the DagBag from /home/airflow/.local/lib/python3.11/site-packages/airflow/example_dags/example_sensor_decorator.py
[2024-11-18T20:25:09.633+0000] {processor.py:840} INFO - DAG(s) 'example_sensor_decorator' retrieved from /home/airflow/.local/lib/python3.11/site-packages/airflow/example_dags/example_sensor_decorator.py
[2024-11-18T20:25:09.650+0000] {logging_mixin.py:188} INFO - [2024-11-18T20:25:09.650+0000] {dag.py:3089} INFO - Sync 1 DAGs
[2024-11-18T20:25:09.659+0000] {logging_mixin.py:188} INFO - [2024-11-18T20:25:09.659+0000] {dag.py:3947} INFO - Setting next_dagrun for example_sensor_decorator to None, run_after=None
[2024-11-18T20:25:09.676+0000] {processor.py:183} INFO - Processing /home/airflow/.local/lib/python3.11/site-packages/airflow/example_dags/example_sensor_decorator.py took 0.055 seconds
[2024-11-18T20:25:40.281+0000] {processor.py:161} INFO - Started process (PID=818) to work on /home/airflow/.local/lib/python3.11/site-packages/airflow/example_dags/example_sensor_decorator.py
[2024-11-18T20:25:40.282+0000] {processor.py:830} INFO - Processing file /home/airflow/.local/lib/python3.11/site-packages/airflow/example_dags/example_sensor_decorator.py for tasks to queue
[2024-11-18T20:25:40.285+0000] {logging_mixin.py:188} INFO - [2024-11-18T20:25:40.284+0000] {dagbag.py:545} INFO - Filling up the DagBag from /home/airflow/.local/lib/python3.11/site-packages/airflow/example_dags/example_sensor_decorator.py
[2024-11-18T20:25:40.291+0000] {processor.py:840} INFO - DAG(s) 'example_sensor_decorator' retrieved from /home/airflow/.local/lib/python3.11/site-packages/airflow/example_dags/example_sensor_decorator.py
[2024-11-18T20:25:40.312+0000] {logging_mixin.py:188} INFO - [2024-11-18T20:25:40.312+0000] {dag.py:3089} INFO - Sync 1 DAGs
[2024-11-18T20:25:40.323+0000] {logging_mixin.py:188} INFO - [2024-11-18T20:25:40.323+0000] {dag.py:3947} INFO - Setting next_dagrun for example_sensor_decorator to None, run_after=None
[2024-11-18T20:25:40.343+0000] {processor.py:183} INFO - Processing /home/airflow/.local/lib/python3.11/site-packages/airflow/example_dags/example_sensor_decorator.py took 0.066 seconds
[2024-11-18T20:26:10.922+0000] {processor.py:161} INFO - Started process (PID=877) to work on /home/airflow/.local/lib/python3.11/site-packages/airflow/example_dags/example_sensor_decorator.py
[2024-11-18T20:26:10.923+0000] {processor.py:830} INFO - Processing file /home/airflow/.local/lib/python3.11/site-packages/airflow/example_dags/example_sensor_decorator.py for tasks to queue
[2024-11-18T20:26:10.924+0000] {logging_mixin.py:188} INFO - [2024-11-18T20:26:10.924+0000] {dagbag.py:545} INFO - Filling up the DagBag from /home/airflow/.local/lib/python3.11/site-packages/airflow/example_dags/example_sensor_decorator.py
[2024-11-18T20:26:10.929+0000] {processor.py:840} INFO - DAG(s) 'example_sensor_decorator' retrieved from /home/airflow/.local/lib/python3.11/site-packages/airflow/example_dags/example_sensor_decorator.py
[2024-11-18T20:26:10.944+0000] {logging_mixin.py:188} INFO - [2024-11-18T20:26:10.944+0000] {dag.py:3089} INFO - Sync 1 DAGs
[2024-11-18T20:26:10.957+0000] {logging_mixin.py:188} INFO - [2024-11-18T20:26:10.956+0000] {dag.py:3947} INFO - Setting next_dagrun for example_sensor_decorator to None, run_after=None
[2024-11-18T20:26:10.983+0000] {processor.py:183} INFO - Processing /home/airflow/.local/lib/python3.11/site-packages/airflow/example_dags/example_sensor_decorator.py took 0.066 seconds
[2024-11-18T20:26:41.291+0000] {processor.py:161} INFO - Started process (PID=936) to work on /home/airflow/.local/lib/python3.11/site-packages/airflow/example_dags/example_sensor_decorator.py
[2024-11-18T20:26:41.292+0000] {processor.py:830} INFO - Processing file /home/airflow/.local/lib/python3.11/site-packages/airflow/example_dags/example_sensor_decorator.py for tasks to queue
[2024-11-18T20:26:41.294+0000] {logging_mixin.py:188} INFO - [2024-11-18T20:26:41.294+0000] {dagbag.py:545} INFO - Filling up the DagBag from /home/airflow/.local/lib/python3.11/site-packages/airflow/example_dags/example_sensor_decorator.py
[2024-11-18T20:26:41.299+0000] {processor.py:840} INFO - DAG(s) 'example_sensor_decorator' retrieved from /home/airflow/.local/lib/python3.11/site-packages/airflow/example_dags/example_sensor_decorator.py
[2024-11-18T20:26:41.315+0000] {logging_mixin.py:188} INFO - [2024-11-18T20:26:41.315+0000] {dag.py:3089} INFO - Sync 1 DAGs
[2024-11-18T20:26:41.326+0000] {logging_mixin.py:188} INFO - [2024-11-18T20:26:41.325+0000] {dag.py:3947} INFO - Setting next_dagrun for example_sensor_decorator to None, run_after=None
[2024-11-18T20:26:41.354+0000] {processor.py:183} INFO - Processing /home/airflow/.local/lib/python3.11/site-packages/airflow/example_dags/example_sensor_decorator.py took 0.067 seconds
[2024-11-18T20:27:11.518+0000] {processor.py:161} INFO - Started process (PID=994) to work on /home/airflow/.local/lib/python3.11/site-packages/airflow/example_dags/example_sensor_decorator.py
[2024-11-18T20:27:11.524+0000] {processor.py:830} INFO - Processing file /home/airflow/.local/lib/python3.11/site-packages/airflow/example_dags/example_sensor_decorator.py for tasks to queue
[2024-11-18T20:27:11.527+0000] {logging_mixin.py:188} INFO - [2024-11-18T20:27:11.526+0000] {dagbag.py:545} INFO - Filling up the DagBag from /home/airflow/.local/lib/python3.11/site-packages/airflow/example_dags/example_sensor_decorator.py
[2024-11-18T20:27:11.556+0000] {processor.py:840} INFO - DAG(s) 'example_sensor_decorator' retrieved from /home/airflow/.local/lib/python3.11/site-packages/airflow/example_dags/example_sensor_decorator.py
[2024-11-18T20:27:11.598+0000] {logging_mixin.py:188} INFO - [2024-11-18T20:27:11.598+0000] {dag.py:3089} INFO - Sync 1 DAGs
[2024-11-18T20:27:11.643+0000] {logging_mixin.py:188} INFO - [2024-11-18T20:27:11.642+0000] {dag.py:3947} INFO - Setting next_dagrun for example_sensor_decorator to None, run_after=None
[2024-11-18T20:27:11.702+0000] {processor.py:183} INFO - Processing /home/airflow/.local/lib/python3.11/site-packages/airflow/example_dags/example_sensor_decorator.py took 0.211 seconds
[2024-11-18T20:27:41.945+0000] {processor.py:161} INFO - Started process (PID=1053) to work on /home/airflow/.local/lib/python3.11/site-packages/airflow/example_dags/example_sensor_decorator.py
[2024-11-18T20:27:41.946+0000] {processor.py:830} INFO - Processing file /home/airflow/.local/lib/python3.11/site-packages/airflow/example_dags/example_sensor_decorator.py for tasks to queue
[2024-11-18T20:27:41.952+0000] {logging_mixin.py:188} INFO - [2024-11-18T20:27:41.951+0000] {dagbag.py:545} INFO - Filling up the DagBag from /home/airflow/.local/lib/python3.11/site-packages/airflow/example_dags/example_sensor_decorator.py
[2024-11-18T20:27:41.961+0000] {processor.py:840} INFO - DAG(s) 'example_sensor_decorator' retrieved from /home/airflow/.local/lib/python3.11/site-packages/airflow/example_dags/example_sensor_decorator.py
[2024-11-18T20:27:42.008+0000] {logging_mixin.py:188} INFO - [2024-11-18T20:27:42.007+0000] {dag.py:3089} INFO - Sync 1 DAGs
[2024-11-18T20:27:42.033+0000] {logging_mixin.py:188} INFO - [2024-11-18T20:27:42.033+0000] {dag.py:3947} INFO - Setting next_dagrun for example_sensor_decorator to None, run_after=None
[2024-11-18T20:27:42.082+0000] {processor.py:183} INFO - Processing /home/airflow/.local/lib/python3.11/site-packages/airflow/example_dags/example_sensor_decorator.py took 0.144 seconds
[2024-11-18T20:28:12.465+0000] {processor.py:161} INFO - Started process (PID=1114) to work on /home/airflow/.local/lib/python3.11/site-packages/airflow/example_dags/example_sensor_decorator.py
[2024-11-18T20:28:12.466+0000] {processor.py:830} INFO - Processing file /home/airflow/.local/lib/python3.11/site-packages/airflow/example_dags/example_sensor_decorator.py for tasks to queue
[2024-11-18T20:28:12.467+0000] {logging_mixin.py:188} INFO - [2024-11-18T20:28:12.467+0000] {dagbag.py:545} INFO - Filling up the DagBag from /home/airflow/.local/lib/python3.11/site-packages/airflow/example_dags/example_sensor_decorator.py
[2024-11-18T20:28:12.474+0000] {processor.py:840} INFO - DAG(s) 'example_sensor_decorator' retrieved from /home/airflow/.local/lib/python3.11/site-packages/airflow/example_dags/example_sensor_decorator.py
[2024-11-18T20:28:12.494+0000] {logging_mixin.py:188} INFO - [2024-11-18T20:28:12.494+0000] {dag.py:3089} INFO - Sync 1 DAGs
[2024-11-18T20:28:12.507+0000] {logging_mixin.py:188} INFO - [2024-11-18T20:28:12.507+0000] {dag.py:3947} INFO - Setting next_dagrun for example_sensor_decorator to None, run_after=None
[2024-11-18T20:28:12.531+0000] {processor.py:183} INFO - Processing /home/airflow/.local/lib/python3.11/site-packages/airflow/example_dags/example_sensor_decorator.py took 0.072 seconds
[2024-11-18T20:28:42.837+0000] {processor.py:161} INFO - Started process (PID=1173) to work on /home/airflow/.local/lib/python3.11/site-packages/airflow/example_dags/example_sensor_decorator.py
[2024-11-18T20:28:42.838+0000] {processor.py:830} INFO - Processing file /home/airflow/.local/lib/python3.11/site-packages/airflow/example_dags/example_sensor_decorator.py for tasks to queue
[2024-11-18T20:28:42.841+0000] {logging_mixin.py:188} INFO - [2024-11-18T20:28:42.840+0000] {dagbag.py:545} INFO - Filling up the DagBag from /home/airflow/.local/lib/python3.11/site-packages/airflow/example_dags/example_sensor_decorator.py
[2024-11-18T20:28:42.848+0000] {processor.py:840} INFO - DAG(s) 'example_sensor_decorator' retrieved from /home/airflow/.local/lib/python3.11/site-packages/airflow/example_dags/example_sensor_decorator.py
[2024-11-18T20:28:42.872+0000] {logging_mixin.py:188} INFO - [2024-11-18T20:28:42.872+0000] {dag.py:3089} INFO - Sync 1 DAGs
[2024-11-18T20:28:42.885+0000] {logging_mixin.py:188} INFO - [2024-11-18T20:28:42.885+0000] {dag.py:3947} INFO - Setting next_dagrun for example_sensor_decorator to None, run_after=None
[2024-11-18T20:28:42.912+0000] {processor.py:183} INFO - Processing /home/airflow/.local/lib/python3.11/site-packages/airflow/example_dags/example_sensor_decorator.py took 0.081 seconds
[2024-11-18T20:29:13.119+0000] {processor.py:161} INFO - Started process (PID=1232) to work on /home/airflow/.local/lib/python3.11/site-packages/airflow/example_dags/example_sensor_decorator.py
[2024-11-18T20:29:13.120+0000] {processor.py:830} INFO - Processing file /home/airflow/.local/lib/python3.11/site-packages/airflow/example_dags/example_sensor_decorator.py for tasks to queue
[2024-11-18T20:29:13.123+0000] {logging_mixin.py:188} INFO - [2024-11-18T20:29:13.122+0000] {dagbag.py:545} INFO - Filling up the DagBag from /home/airflow/.local/lib/python3.11/site-packages/airflow/example_dags/example_sensor_decorator.py
[2024-11-18T20:29:13.128+0000] {processor.py:840} INFO - DAG(s) 'example_sensor_decorator' retrieved from /home/airflow/.local/lib/python3.11/site-packages/airflow/example_dags/example_sensor_decorator.py
[2024-11-18T20:29:13.150+0000] {logging_mixin.py:188} INFO - [2024-11-18T20:29:13.150+0000] {dag.py:3089} INFO - Sync 1 DAGs
[2024-11-18T20:29:13.161+0000] {logging_mixin.py:188} INFO - [2024-11-18T20:29:13.161+0000] {dag.py:3947} INFO - Setting next_dagrun for example_sensor_decorator to None, run_after=None
[2024-11-18T20:29:13.183+0000] {processor.py:183} INFO - Processing /home/airflow/.local/lib/python3.11/site-packages/airflow/example_dags/example_sensor_decorator.py took 0.069 seconds
[2024-11-18T20:29:43.348+0000] {processor.py:161} INFO - Started process (PID=1291) to work on /home/airflow/.local/lib/python3.11/site-packages/airflow/example_dags/example_sensor_decorator.py
[2024-11-18T20:29:43.349+0000] {processor.py:830} INFO - Processing file /home/airflow/.local/lib/python3.11/site-packages/airflow/example_dags/example_sensor_decorator.py for tasks to queue
[2024-11-18T20:29:43.351+0000] {logging_mixin.py:188} INFO - [2024-11-18T20:29:43.350+0000] {dagbag.py:545} INFO - Filling up the DagBag from /home/airflow/.local/lib/python3.11/site-packages/airflow/example_dags/example_sensor_decorator.py
[2024-11-18T20:29:43.357+0000] {processor.py:840} INFO - DAG(s) 'example_sensor_decorator' retrieved from /home/airflow/.local/lib/python3.11/site-packages/airflow/example_dags/example_sensor_decorator.py
[2024-11-18T20:29:43.380+0000] {logging_mixin.py:188} INFO - [2024-11-18T20:29:43.380+0000] {dag.py:3089} INFO - Sync 1 DAGs
[2024-11-18T20:29:43.392+0000] {logging_mixin.py:188} INFO - [2024-11-18T20:29:43.392+0000] {dag.py:3947} INFO - Setting next_dagrun for example_sensor_decorator to None, run_after=None
[2024-11-18T20:29:43.415+0000] {processor.py:183} INFO - Processing /home/airflow/.local/lib/python3.11/site-packages/airflow/example_dags/example_sensor_decorator.py took 0.072 seconds
[2024-11-18T20:30:13.525+0000] {processor.py:161} INFO - Started process (PID=1350) to work on /home/airflow/.local/lib/python3.11/site-packages/airflow/example_dags/example_sensor_decorator.py
[2024-11-18T20:30:13.526+0000] {processor.py:830} INFO - Processing file /home/airflow/.local/lib/python3.11/site-packages/airflow/example_dags/example_sensor_decorator.py for tasks to queue
[2024-11-18T20:30:13.528+0000] {logging_mixin.py:188} INFO - [2024-11-18T20:30:13.528+0000] {dagbag.py:545} INFO - Filling up the DagBag from /home/airflow/.local/lib/python3.11/site-packages/airflow/example_dags/example_sensor_decorator.py
[2024-11-18T20:30:13.534+0000] {processor.py:840} INFO - DAG(s) 'example_sensor_decorator' retrieved from /home/airflow/.local/lib/python3.11/site-packages/airflow/example_dags/example_sensor_decorator.py
[2024-11-18T20:30:13.552+0000] {logging_mixin.py:188} INFO - [2024-11-18T20:30:13.551+0000] {dag.py:3089} INFO - Sync 1 DAGs
[2024-11-18T20:30:13.563+0000] {logging_mixin.py:188} INFO - [2024-11-18T20:30:13.563+0000] {dag.py:3947} INFO - Setting next_dagrun for example_sensor_decorator to None, run_after=None
[2024-11-18T20:30:13.583+0000] {processor.py:183} INFO - Processing /home/airflow/.local/lib/python3.11/site-packages/airflow/example_dags/example_sensor_decorator.py took 0.064 seconds
[2024-11-18T20:30:43.741+0000] {processor.py:161} INFO - Started process (PID=1410) to work on /home/airflow/.local/lib/python3.11/site-packages/airflow/example_dags/example_sensor_decorator.py
[2024-11-18T20:30:43.742+0000] {processor.py:830} INFO - Processing file /home/airflow/.local/lib/python3.11/site-packages/airflow/example_dags/example_sensor_decorator.py for tasks to queue
[2024-11-18T20:30:43.743+0000] {logging_mixin.py:188} INFO - [2024-11-18T20:30:43.743+0000] {dagbag.py:545} INFO - Filling up the DagBag from /home/airflow/.local/lib/python3.11/site-packages/airflow/example_dags/example_sensor_decorator.py
[2024-11-18T20:30:43.749+0000] {processor.py:840} INFO - DAG(s) 'example_sensor_decorator' retrieved from /home/airflow/.local/lib/python3.11/site-packages/airflow/example_dags/example_sensor_decorator.py
[2024-11-18T20:30:43.768+0000] {logging_mixin.py:188} INFO - [2024-11-18T20:30:43.768+0000] {dag.py:3089} INFO - Sync 1 DAGs
[2024-11-18T20:30:43.780+0000] {logging_mixin.py:188} INFO - [2024-11-18T20:30:43.780+0000] {dag.py:3947} INFO - Setting next_dagrun for example_sensor_decorator to None, run_after=None
[2024-11-18T20:30:43.801+0000] {processor.py:183} INFO - Processing /home/airflow/.local/lib/python3.11/site-packages/airflow/example_dags/example_sensor_decorator.py took 0.068 seconds
[2024-11-18T20:31:13.936+0000] {processor.py:161} INFO - Started process (PID=1469) to work on /home/airflow/.local/lib/python3.11/site-packages/airflow/example_dags/example_sensor_decorator.py
[2024-11-18T20:31:13.937+0000] {processor.py:830} INFO - Processing file /home/airflow/.local/lib/python3.11/site-packages/airflow/example_dags/example_sensor_decorator.py for tasks to queue
[2024-11-18T20:31:13.940+0000] {logging_mixin.py:188} INFO - [2024-11-18T20:31:13.939+0000] {dagbag.py:545} INFO - Filling up the DagBag from /home/airflow/.local/lib/python3.11/site-packages/airflow/example_dags/example_sensor_decorator.py
[2024-11-18T20:31:13.948+0000] {processor.py:840} INFO - DAG(s) 'example_sensor_decorator' retrieved from /home/airflow/.local/lib/python3.11/site-packages/airflow/example_dags/example_sensor_decorator.py
[2024-11-18T20:31:13.968+0000] {logging_mixin.py:188} INFO - [2024-11-18T20:31:13.968+0000] {dag.py:3089} INFO - Sync 1 DAGs
[2024-11-18T20:31:13.979+0000] {logging_mixin.py:188} INFO - [2024-11-18T20:31:13.979+0000] {dag.py:3947} INFO - Setting next_dagrun for example_sensor_decorator to None, run_after=None
[2024-11-18T20:31:14.015+0000] {processor.py:183} INFO - Processing /home/airflow/.local/lib/python3.11/site-packages/airflow/example_dags/example_sensor_decorator.py took 0.085 seconds
[2024-11-18T20:31:44.260+0000] {processor.py:161} INFO - Started process (PID=1528) to work on /home/airflow/.local/lib/python3.11/site-packages/airflow/example_dags/example_sensor_decorator.py
[2024-11-18T20:31:44.261+0000] {processor.py:830} INFO - Processing file /home/airflow/.local/lib/python3.11/site-packages/airflow/example_dags/example_sensor_decorator.py for tasks to queue
[2024-11-18T20:31:44.264+0000] {logging_mixin.py:188} INFO - [2024-11-18T20:31:44.263+0000] {dagbag.py:545} INFO - Filling up the DagBag from /home/airflow/.local/lib/python3.11/site-packages/airflow/example_dags/example_sensor_decorator.py
[2024-11-18T20:31:44.269+0000] {processor.py:840} INFO - DAG(s) 'example_sensor_decorator' retrieved from /home/airflow/.local/lib/python3.11/site-packages/airflow/example_dags/example_sensor_decorator.py
[2024-11-18T20:31:44.290+0000] {logging_mixin.py:188} INFO - [2024-11-18T20:31:44.289+0000] {dag.py:3089} INFO - Sync 1 DAGs
[2024-11-18T20:31:44.302+0000] {logging_mixin.py:188} INFO - [2024-11-18T20:31:44.302+0000] {dag.py:3947} INFO - Setting next_dagrun for example_sensor_decorator to None, run_after=None
[2024-11-18T20:31:44.324+0000] {processor.py:183} INFO - Processing /home/airflow/.local/lib/python3.11/site-packages/airflow/example_dags/example_sensor_decorator.py took 0.069 seconds
[2024-11-18T20:32:14.995+0000] {processor.py:161} INFO - Started process (PID=1587) to work on /home/airflow/.local/lib/python3.11/site-packages/airflow/example_dags/example_sensor_decorator.py
[2024-11-18T20:32:14.996+0000] {processor.py:830} INFO - Processing file /home/airflow/.local/lib/python3.11/site-packages/airflow/example_dags/example_sensor_decorator.py for tasks to queue
[2024-11-18T20:32:14.997+0000] {logging_mixin.py:188} INFO - [2024-11-18T20:32:14.997+0000] {dagbag.py:545} INFO - Filling up the DagBag from /home/airflow/.local/lib/python3.11/site-packages/airflow/example_dags/example_sensor_decorator.py
[2024-11-18T20:32:15.005+0000] {processor.py:840} INFO - DAG(s) 'example_sensor_decorator' retrieved from /home/airflow/.local/lib/python3.11/site-packages/airflow/example_dags/example_sensor_decorator.py
[2024-11-18T20:32:15.030+0000] {logging_mixin.py:188} INFO - [2024-11-18T20:32:15.029+0000] {dag.py:3089} INFO - Sync 1 DAGs
[2024-11-18T20:32:15.045+0000] {logging_mixin.py:188} INFO - [2024-11-18T20:32:15.045+0000] {dag.py:3947} INFO - Setting next_dagrun for example_sensor_decorator to None, run_after=None
[2024-11-18T20:32:15.071+0000] {processor.py:183} INFO - Processing /home/airflow/.local/lib/python3.11/site-packages/airflow/example_dags/example_sensor_decorator.py took 0.082 seconds
[2024-11-18T20:32:45.318+0000] {processor.py:161} INFO - Started process (PID=1646) to work on /home/airflow/.local/lib/python3.11/site-packages/airflow/example_dags/example_sensor_decorator.py
[2024-11-18T20:32:45.320+0000] {processor.py:830} INFO - Processing file /home/airflow/.local/lib/python3.11/site-packages/airflow/example_dags/example_sensor_decorator.py for tasks to queue
[2024-11-18T20:32:45.323+0000] {logging_mixin.py:188} INFO - [2024-11-18T20:32:45.323+0000] {dagbag.py:545} INFO - Filling up the DagBag from /home/airflow/.local/lib/python3.11/site-packages/airflow/example_dags/example_sensor_decorator.py
[2024-11-18T20:32:45.331+0000] {processor.py:840} INFO - DAG(s) 'example_sensor_decorator' retrieved from /home/airflow/.local/lib/python3.11/site-packages/airflow/example_dags/example_sensor_decorator.py
[2024-11-18T20:32:45.361+0000] {logging_mixin.py:188} INFO - [2024-11-18T20:32:45.361+0000] {dag.py:3089} INFO - Sync 1 DAGs
[2024-11-18T20:32:45.379+0000] {logging_mixin.py:188} INFO - [2024-11-18T20:32:45.378+0000] {dag.py:3947} INFO - Setting next_dagrun for example_sensor_decorator to None, run_after=None
[2024-11-18T20:32:45.411+0000] {processor.py:183} INFO - Processing /home/airflow/.local/lib/python3.11/site-packages/airflow/example_dags/example_sensor_decorator.py took 0.099 seconds
[2024-11-18T20:33:16.461+0000] {processor.py:161} INFO - Started process (PID=1705) to work on /home/airflow/.local/lib/python3.11/site-packages/airflow/example_dags/example_sensor_decorator.py
[2024-11-18T20:33:16.463+0000] {processor.py:830} INFO - Processing file /home/airflow/.local/lib/python3.11/site-packages/airflow/example_dags/example_sensor_decorator.py for tasks to queue
[2024-11-18T20:33:16.467+0000] {logging_mixin.py:188} INFO - [2024-11-18T20:33:16.467+0000] {dagbag.py:545} INFO - Filling up the DagBag from /home/airflow/.local/lib/python3.11/site-packages/airflow/example_dags/example_sensor_decorator.py
[2024-11-18T20:33:16.480+0000] {processor.py:840} INFO - DAG(s) 'example_sensor_decorator' retrieved from /home/airflow/.local/lib/python3.11/site-packages/airflow/example_dags/example_sensor_decorator.py
[2024-11-18T20:33:16.528+0000] {logging_mixin.py:188} INFO - [2024-11-18T20:33:16.527+0000] {dag.py:3089} INFO - Sync 1 DAGs
[2024-11-18T20:33:16.555+0000] {logging_mixin.py:188} INFO - [2024-11-18T20:33:16.555+0000] {dag.py:3947} INFO - Setting next_dagrun for example_sensor_decorator to None, run_after=None
[2024-11-18T20:33:16.600+0000] {processor.py:183} INFO - Processing /home/airflow/.local/lib/python3.11/site-packages/airflow/example_dags/example_sensor_decorator.py took 0.148 seconds
[2024-11-18T20:33:46.875+0000] {processor.py:161} INFO - Started process (PID=1764) to work on /home/airflow/.local/lib/python3.11/site-packages/airflow/example_dags/example_sensor_decorator.py
[2024-11-18T20:33:46.877+0000] {processor.py:830} INFO - Processing file /home/airflow/.local/lib/python3.11/site-packages/airflow/example_dags/example_sensor_decorator.py for tasks to queue
[2024-11-18T20:33:46.880+0000] {logging_mixin.py:188} INFO - [2024-11-18T20:33:46.880+0000] {dagbag.py:545} INFO - Filling up the DagBag from /home/airflow/.local/lib/python3.11/site-packages/airflow/example_dags/example_sensor_decorator.py
[2024-11-18T20:33:46.893+0000] {processor.py:840} INFO - DAG(s) 'example_sensor_decorator' retrieved from /home/airflow/.local/lib/python3.11/site-packages/airflow/example_dags/example_sensor_decorator.py
[2024-11-18T20:33:46.942+0000] {logging_mixin.py:188} INFO - [2024-11-18T20:33:46.941+0000] {dag.py:3089} INFO - Sync 1 DAGs
[2024-11-18T20:33:46.961+0000] {logging_mixin.py:188} INFO - [2024-11-18T20:33:46.961+0000] {dag.py:3947} INFO - Setting next_dagrun for example_sensor_decorator to None, run_after=None
[2024-11-18T20:33:47.013+0000] {processor.py:183} INFO - Processing /home/airflow/.local/lib/python3.11/site-packages/airflow/example_dags/example_sensor_decorator.py took 0.156 seconds
[2024-11-18T20:34:17.052+0000] {processor.py:161} INFO - Started process (PID=1823) to work on /home/airflow/.local/lib/python3.11/site-packages/airflow/example_dags/example_sensor_decorator.py
[2024-11-18T20:34:17.053+0000] {processor.py:830} INFO - Processing file /home/airflow/.local/lib/python3.11/site-packages/airflow/example_dags/example_sensor_decorator.py for tasks to queue
[2024-11-18T20:34:17.054+0000] {logging_mixin.py:188} INFO - [2024-11-18T20:34:17.054+0000] {dagbag.py:545} INFO - Filling up the DagBag from /home/airflow/.local/lib/python3.11/site-packages/airflow/example_dags/example_sensor_decorator.py
[2024-11-18T20:34:17.059+0000] {processor.py:840} INFO - DAG(s) 'example_sensor_decorator' retrieved from /home/airflow/.local/lib/python3.11/site-packages/airflow/example_dags/example_sensor_decorator.py
[2024-11-18T20:34:17.075+0000] {logging_mixin.py:188} INFO - [2024-11-18T20:34:17.074+0000] {dag.py:3089} INFO - Sync 1 DAGs
[2024-11-18T20:34:17.084+0000] {logging_mixin.py:188} INFO - [2024-11-18T20:34:17.084+0000] {dag.py:3947} INFO - Setting next_dagrun for example_sensor_decorator to None, run_after=None
[2024-11-18T20:34:17.102+0000] {processor.py:183} INFO - Processing /home/airflow/.local/lib/python3.11/site-packages/airflow/example_dags/example_sensor_decorator.py took 0.055 seconds
[2024-11-18T20:34:47.524+0000] {processor.py:161} INFO - Started process (PID=1882) to work on /home/airflow/.local/lib/python3.11/site-packages/airflow/example_dags/example_sensor_decorator.py
[2024-11-18T20:34:47.525+0000] {processor.py:830} INFO - Processing file /home/airflow/.local/lib/python3.11/site-packages/airflow/example_dags/example_sensor_decorator.py for tasks to queue
[2024-11-18T20:34:47.526+0000] {logging_mixin.py:188} INFO - [2024-11-18T20:34:47.526+0000] {dagbag.py:545} INFO - Filling up the DagBag from /home/airflow/.local/lib/python3.11/site-packages/airflow/example_dags/example_sensor_decorator.py
[2024-11-18T20:34:47.533+0000] {processor.py:840} INFO - DAG(s) 'example_sensor_decorator' retrieved from /home/airflow/.local/lib/python3.11/site-packages/airflow/example_dags/example_sensor_decorator.py
[2024-11-18T20:34:47.549+0000] {logging_mixin.py:188} INFO - [2024-11-18T20:34:47.549+0000] {dag.py:3089} INFO - Sync 1 DAGs
[2024-11-18T20:34:47.560+0000] {logging_mixin.py:188} INFO - [2024-11-18T20:34:47.560+0000] {dag.py:3947} INFO - Setting next_dagrun for example_sensor_decorator to None, run_after=None
[2024-11-18T20:34:47.579+0000] {processor.py:183} INFO - Processing /home/airflow/.local/lib/python3.11/site-packages/airflow/example_dags/example_sensor_decorator.py took 0.060 seconds
[2024-11-18T20:35:17.762+0000] {processor.py:161} INFO - Started process (PID=1941) to work on /home/airflow/.local/lib/python3.11/site-packages/airflow/example_dags/example_sensor_decorator.py
[2024-11-18T20:35:17.763+0000] {processor.py:830} INFO - Processing file /home/airflow/.local/lib/python3.11/site-packages/airflow/example_dags/example_sensor_decorator.py for tasks to queue
[2024-11-18T20:35:17.765+0000] {logging_mixin.py:188} INFO - [2024-11-18T20:35:17.765+0000] {dagbag.py:545} INFO - Filling up the DagBag from /home/airflow/.local/lib/python3.11/site-packages/airflow/example_dags/example_sensor_decorator.py
[2024-11-18T20:35:17.773+0000] {processor.py:840} INFO - DAG(s) 'example_sensor_decorator' retrieved from /home/airflow/.local/lib/python3.11/site-packages/airflow/example_dags/example_sensor_decorator.py
[2024-11-18T20:35:17.796+0000] {logging_mixin.py:188} INFO - [2024-11-18T20:35:17.796+0000] {dag.py:3089} INFO - Sync 1 DAGs
[2024-11-18T20:35:17.814+0000] {logging_mixin.py:188} INFO - [2024-11-18T20:35:17.813+0000] {dag.py:3947} INFO - Setting next_dagrun for example_sensor_decorator to None, run_after=None
[2024-11-18T20:35:17.844+0000] {processor.py:183} INFO - Processing /home/airflow/.local/lib/python3.11/site-packages/airflow/example_dags/example_sensor_decorator.py took 0.089 seconds
[2024-11-18T20:35:48.952+0000] {processor.py:161} INFO - Started process (PID=2000) to work on /home/airflow/.local/lib/python3.11/site-packages/airflow/example_dags/example_sensor_decorator.py
[2024-11-18T20:35:48.957+0000] {processor.py:830} INFO - Processing file /home/airflow/.local/lib/python3.11/site-packages/airflow/example_dags/example_sensor_decorator.py for tasks to queue
[2024-11-18T20:35:48.967+0000] {logging_mixin.py:188} INFO - [2024-11-18T20:35:48.966+0000] {dagbag.py:545} INFO - Filling up the DagBag from /home/airflow/.local/lib/python3.11/site-packages/airflow/example_dags/example_sensor_decorator.py
[2024-11-18T20:35:48.982+0000] {processor.py:840} INFO - DAG(s) 'example_sensor_decorator' retrieved from /home/airflow/.local/lib/python3.11/site-packages/airflow/example_dags/example_sensor_decorator.py
[2024-11-18T20:35:49.023+0000] {logging_mixin.py:188} INFO - [2024-11-18T20:35:49.023+0000] {dag.py:3089} INFO - Sync 1 DAGs
[2024-11-18T20:35:49.050+0000] {logging_mixin.py:188} INFO - [2024-11-18T20:35:49.049+0000] {dag.py:3947} INFO - Setting next_dagrun for example_sensor_decorator to None, run_after=None
[2024-11-18T20:35:49.106+0000] {processor.py:183} INFO - Processing /home/airflow/.local/lib/python3.11/site-packages/airflow/example_dags/example_sensor_decorator.py took 0.164 seconds
[2024-11-18T20:36:19.340+0000] {processor.py:161} INFO - Started process (PID=2059) to work on /home/airflow/.local/lib/python3.11/site-packages/airflow/example_dags/example_sensor_decorator.py
[2024-11-18T20:36:19.344+0000] {processor.py:830} INFO - Processing file /home/airflow/.local/lib/python3.11/site-packages/airflow/example_dags/example_sensor_decorator.py for tasks to queue
[2024-11-18T20:36:19.346+0000] {logging_mixin.py:188} INFO - [2024-11-18T20:36:19.346+0000] {dagbag.py:545} INFO - Filling up the DagBag from /home/airflow/.local/lib/python3.11/site-packages/airflow/example_dags/example_sensor_decorator.py
[2024-11-18T20:36:19.359+0000] {processor.py:840} INFO - DAG(s) 'example_sensor_decorator' retrieved from /home/airflow/.local/lib/python3.11/site-packages/airflow/example_dags/example_sensor_decorator.py
[2024-11-18T20:36:19.411+0000] {logging_mixin.py:188} INFO - [2024-11-18T20:36:19.411+0000] {dag.py:3089} INFO - Sync 1 DAGs
[2024-11-18T20:36:19.432+0000] {logging_mixin.py:188} INFO - [2024-11-18T20:36:19.431+0000] {dag.py:3947} INFO - Setting next_dagrun for example_sensor_decorator to None, run_after=None
[2024-11-18T20:36:19.474+0000] {processor.py:183} INFO - Processing /home/airflow/.local/lib/python3.11/site-packages/airflow/example_dags/example_sensor_decorator.py took 0.146 seconds
[2024-11-18T20:36:49.844+0000] {processor.py:161} INFO - Started process (PID=2119) to work on /home/airflow/.local/lib/python3.11/site-packages/airflow/example_dags/example_sensor_decorator.py
[2024-11-18T20:36:49.846+0000] {processor.py:830} INFO - Processing file /home/airflow/.local/lib/python3.11/site-packages/airflow/example_dags/example_sensor_decorator.py for tasks to queue
[2024-11-18T20:36:49.858+0000] {logging_mixin.py:188} INFO - [2024-11-18T20:36:49.857+0000] {dagbag.py:545} INFO - Filling up the DagBag from /home/airflow/.local/lib/python3.11/site-packages/airflow/example_dags/example_sensor_decorator.py
[2024-11-18T20:36:49.868+0000] {processor.py:840} INFO - DAG(s) 'example_sensor_decorator' retrieved from /home/airflow/.local/lib/python3.11/site-packages/airflow/example_dags/example_sensor_decorator.py
[2024-11-18T20:36:49.905+0000] {logging_mixin.py:188} INFO - [2024-11-18T20:36:49.904+0000] {dag.py:3089} INFO - Sync 1 DAGs
[2024-11-18T20:36:49.924+0000] {logging_mixin.py:188} INFO - [2024-11-18T20:36:49.924+0000] {dag.py:3947} INFO - Setting next_dagrun for example_sensor_decorator to None, run_after=None
[2024-11-18T20:36:49.960+0000] {processor.py:183} INFO - Processing /home/airflow/.local/lib/python3.11/site-packages/airflow/example_dags/example_sensor_decorator.py took 0.125 seconds
[2024-11-18T20:37:20.433+0000] {processor.py:161} INFO - Started process (PID=2178) to work on /home/airflow/.local/lib/python3.11/site-packages/airflow/example_dags/example_sensor_decorator.py
[2024-11-18T20:37:20.435+0000] {processor.py:830} INFO - Processing file /home/airflow/.local/lib/python3.11/site-packages/airflow/example_dags/example_sensor_decorator.py for tasks to queue
[2024-11-18T20:37:20.437+0000] {logging_mixin.py:188} INFO - [2024-11-18T20:37:20.437+0000] {dagbag.py:545} INFO - Filling up the DagBag from /home/airflow/.local/lib/python3.11/site-packages/airflow/example_dags/example_sensor_decorator.py
[2024-11-18T20:37:20.445+0000] {processor.py:840} INFO - DAG(s) 'example_sensor_decorator' retrieved from /home/airflow/.local/lib/python3.11/site-packages/airflow/example_dags/example_sensor_decorator.py
[2024-11-18T20:37:20.465+0000] {logging_mixin.py:188} INFO - [2024-11-18T20:37:20.465+0000] {dag.py:3089} INFO - Sync 1 DAGs
[2024-11-18T20:37:20.478+0000] {logging_mixin.py:188} INFO - [2024-11-18T20:37:20.478+0000] {dag.py:3947} INFO - Setting next_dagrun for example_sensor_decorator to None, run_after=None
[2024-11-18T20:37:20.501+0000] {processor.py:183} INFO - Processing /home/airflow/.local/lib/python3.11/site-packages/airflow/example_dags/example_sensor_decorator.py took 0.074 seconds
[2024-11-18T20:37:50.580+0000] {processor.py:161} INFO - Started process (PID=2237) to work on /home/airflow/.local/lib/python3.11/site-packages/airflow/example_dags/example_sensor_decorator.py
[2024-11-18T20:37:50.581+0000] {processor.py:830} INFO - Processing file /home/airflow/.local/lib/python3.11/site-packages/airflow/example_dags/example_sensor_decorator.py for tasks to queue
[2024-11-18T20:37:50.583+0000] {logging_mixin.py:188} INFO - [2024-11-18T20:37:50.583+0000] {dagbag.py:545} INFO - Filling up the DagBag from /home/airflow/.local/lib/python3.11/site-packages/airflow/example_dags/example_sensor_decorator.py
[2024-11-18T20:37:50.589+0000] {processor.py:840} INFO - DAG(s) 'example_sensor_decorator' retrieved from /home/airflow/.local/lib/python3.11/site-packages/airflow/example_dags/example_sensor_decorator.py
[2024-11-18T20:37:50.607+0000] {logging_mixin.py:188} INFO - [2024-11-18T20:37:50.607+0000] {dag.py:3089} INFO - Sync 1 DAGs
[2024-11-18T20:37:50.619+0000] {logging_mixin.py:188} INFO - [2024-11-18T20:37:50.618+0000] {dag.py:3947} INFO - Setting next_dagrun for example_sensor_decorator to None, run_after=None
[2024-11-18T20:37:50.639+0000] {processor.py:183} INFO - Processing /home/airflow/.local/lib/python3.11/site-packages/airflow/example_dags/example_sensor_decorator.py took 0.063 seconds
[2024-11-18T20:38:20.946+0000] {processor.py:161} INFO - Started process (PID=2297) to work on /home/airflow/.local/lib/python3.11/site-packages/airflow/example_dags/example_sensor_decorator.py
[2024-11-18T20:38:20.947+0000] {processor.py:830} INFO - Processing file /home/airflow/.local/lib/python3.11/site-packages/airflow/example_dags/example_sensor_decorator.py for tasks to queue
[2024-11-18T20:38:20.949+0000] {logging_mixin.py:188} INFO - [2024-11-18T20:38:20.948+0000] {dagbag.py:545} INFO - Filling up the DagBag from /home/airflow/.local/lib/python3.11/site-packages/airflow/example_dags/example_sensor_decorator.py
[2024-11-18T20:38:20.954+0000] {processor.py:840} INFO - DAG(s) 'example_sensor_decorator' retrieved from /home/airflow/.local/lib/python3.11/site-packages/airflow/example_dags/example_sensor_decorator.py
[2024-11-18T20:38:20.970+0000] {logging_mixin.py:188} INFO - [2024-11-18T20:38:20.970+0000] {dag.py:3089} INFO - Sync 1 DAGs
[2024-11-18T20:38:20.980+0000] {logging_mixin.py:188} INFO - [2024-11-18T20:38:20.980+0000] {dag.py:3947} INFO - Setting next_dagrun for example_sensor_decorator to None, run_after=None
[2024-11-18T20:38:21.000+0000] {processor.py:183} INFO - Processing /home/airflow/.local/lib/python3.11/site-packages/airflow/example_dags/example_sensor_decorator.py took 0.059 seconds
[2024-11-18T20:38:51.065+0000] {processor.py:161} INFO - Started process (PID=2364) to work on /home/airflow/.local/lib/python3.11/site-packages/airflow/example_dags/example_sensor_decorator.py
[2024-11-18T20:38:51.066+0000] {processor.py:830} INFO - Processing file /home/airflow/.local/lib/python3.11/site-packages/airflow/example_dags/example_sensor_decorator.py for tasks to queue
[2024-11-18T20:38:51.068+0000] {logging_mixin.py:188} INFO - [2024-11-18T20:38:51.068+0000] {dagbag.py:545} INFO - Filling up the DagBag from /home/airflow/.local/lib/python3.11/site-packages/airflow/example_dags/example_sensor_decorator.py
[2024-11-18T20:38:51.074+0000] {processor.py:840} INFO - DAG(s) 'example_sensor_decorator' retrieved from /home/airflow/.local/lib/python3.11/site-packages/airflow/example_dags/example_sensor_decorator.py
[2024-11-18T20:38:51.090+0000] {logging_mixin.py:188} INFO - [2024-11-18T20:38:51.089+0000] {dag.py:3089} INFO - Sync 1 DAGs
[2024-11-18T20:38:51.100+0000] {logging_mixin.py:188} INFO - [2024-11-18T20:38:51.100+0000] {dag.py:3947} INFO - Setting next_dagrun for example_sensor_decorator to None, run_after=None
[2024-11-18T20:38:51.117+0000] {processor.py:183} INFO - Processing /home/airflow/.local/lib/python3.11/site-packages/airflow/example_dags/example_sensor_decorator.py took 0.056 seconds
[2024-11-18T20:39:21.720+0000] {processor.py:161} INFO - Started process (PID=2425) to work on /home/airflow/.local/lib/python3.11/site-packages/airflow/example_dags/example_sensor_decorator.py
[2024-11-18T20:39:21.724+0000] {processor.py:830} INFO - Processing file /home/airflow/.local/lib/python3.11/site-packages/airflow/example_dags/example_sensor_decorator.py for tasks to queue
[2024-11-18T20:39:21.734+0000] {logging_mixin.py:188} INFO - [2024-11-18T20:39:21.734+0000] {dagbag.py:545} INFO - Filling up the DagBag from /home/airflow/.local/lib/python3.11/site-packages/airflow/example_dags/example_sensor_decorator.py
[2024-11-18T20:39:21.755+0000] {processor.py:840} INFO - DAG(s) 'example_sensor_decorator' retrieved from /home/airflow/.local/lib/python3.11/site-packages/airflow/example_dags/example_sensor_decorator.py
[2024-11-18T20:39:21.820+0000] {logging_mixin.py:188} INFO - [2024-11-18T20:39:21.817+0000] {dag.py:3089} INFO - Sync 1 DAGs
[2024-11-18T20:39:21.880+0000] {logging_mixin.py:188} INFO - [2024-11-18T20:39:21.879+0000] {dag.py:3947} INFO - Setting next_dagrun for example_sensor_decorator to None, run_after=None
[2024-11-18T20:39:21.942+0000] {processor.py:183} INFO - Processing /home/airflow/.local/lib/python3.11/site-packages/airflow/example_dags/example_sensor_decorator.py took 0.238 seconds
[2024-11-18T20:39:52.073+0000] {processor.py:161} INFO - Started process (PID=2484) to work on /home/airflow/.local/lib/python3.11/site-packages/airflow/example_dags/example_sensor_decorator.py
[2024-11-18T20:39:52.074+0000] {processor.py:830} INFO - Processing file /home/airflow/.local/lib/python3.11/site-packages/airflow/example_dags/example_sensor_decorator.py for tasks to queue
[2024-11-18T20:39:52.076+0000] {logging_mixin.py:188} INFO - [2024-11-18T20:39:52.076+0000] {dagbag.py:545} INFO - Filling up the DagBag from /home/airflow/.local/lib/python3.11/site-packages/airflow/example_dags/example_sensor_decorator.py
[2024-11-18T20:39:52.082+0000] {processor.py:840} INFO - DAG(s) 'example_sensor_decorator' retrieved from /home/airflow/.local/lib/python3.11/site-packages/airflow/example_dags/example_sensor_decorator.py
[2024-11-18T20:39:52.098+0000] {logging_mixin.py:188} INFO - [2024-11-18T20:39:52.098+0000] {dag.py:3089} INFO - Sync 1 DAGs
[2024-11-18T20:39:52.109+0000] {logging_mixin.py:188} INFO - [2024-11-18T20:39:52.109+0000] {dag.py:3947} INFO - Setting next_dagrun for example_sensor_decorator to None, run_after=None
[2024-11-18T20:39:52.128+0000] {processor.py:183} INFO - Processing /home/airflow/.local/lib/python3.11/site-packages/airflow/example_dags/example_sensor_decorator.py took 0.059 seconds
[2024-11-18T20:40:22.944+0000] {processor.py:161} INFO - Started process (PID=2543) to work on /home/airflow/.local/lib/python3.11/site-packages/airflow/example_dags/example_sensor_decorator.py
[2024-11-18T20:40:22.946+0000] {processor.py:830} INFO - Processing file /home/airflow/.local/lib/python3.11/site-packages/airflow/example_dags/example_sensor_decorator.py for tasks to queue
[2024-11-18T20:40:22.950+0000] {logging_mixin.py:188} INFO - [2024-11-18T20:40:22.949+0000] {dagbag.py:545} INFO - Filling up the DagBag from /home/airflow/.local/lib/python3.11/site-packages/airflow/example_dags/example_sensor_decorator.py
[2024-11-18T20:40:22.963+0000] {processor.py:840} INFO - DAG(s) 'example_sensor_decorator' retrieved from /home/airflow/.local/lib/python3.11/site-packages/airflow/example_dags/example_sensor_decorator.py
[2024-11-18T20:40:23.003+0000] {logging_mixin.py:188} INFO - [2024-11-18T20:40:23.003+0000] {dag.py:3089} INFO - Sync 1 DAGs
[2024-11-18T20:40:23.036+0000] {logging_mixin.py:188} INFO - [2024-11-18T20:40:23.035+0000] {dag.py:3947} INFO - Setting next_dagrun for example_sensor_decorator to None, run_after=None
[2024-11-18T20:40:23.072+0000] {processor.py:183} INFO - Processing /home/airflow/.local/lib/python3.11/site-packages/airflow/example_dags/example_sensor_decorator.py took 0.137 seconds
[2024-11-18T20:41:46.196+0000] {processor.py:161} INFO - Started process (PID=2602) to work on /home/airflow/.local/lib/python3.11/site-packages/airflow/example_dags/example_sensor_decorator.py
[2024-11-18T20:41:46.197+0000] {processor.py:830} INFO - Processing file /home/airflow/.local/lib/python3.11/site-packages/airflow/example_dags/example_sensor_decorator.py for tasks to queue
[2024-11-18T20:41:46.200+0000] {logging_mixin.py:188} INFO - [2024-11-18T20:41:46.200+0000] {dagbag.py:545} INFO - Filling up the DagBag from /home/airflow/.local/lib/python3.11/site-packages/airflow/example_dags/example_sensor_decorator.py
[2024-11-18T20:41:46.213+0000] {processor.py:840} INFO - DAG(s) 'example_sensor_decorator' retrieved from /home/airflow/.local/lib/python3.11/site-packages/airflow/example_dags/example_sensor_decorator.py
[2024-11-18T20:42:09.448+0000] {logging_mixin.py:188} INFO - [2024-11-18T20:42:09.436+0000] {dag.py:3089} INFO - Sync 1 DAGs
[2024-11-18T20:42:09.476+0000] {logging_mixin.py:188} INFO - [2024-11-18T20:42:09.475+0000] {dag.py:3947} INFO - Setting next_dagrun for example_sensor_decorator to None, run_after=None
[2024-11-18T20:42:09.577+0000] {processor.py:183} INFO - Processing /home/airflow/.local/lib/python3.11/site-packages/airflow/example_dags/example_sensor_decorator.py took 23.389 seconds
[2024-11-18T20:43:53.587+0000] {processor.py:161} INFO - Started process (PID=58) to work on /home/airflow/.local/lib/python3.11/site-packages/airflow/example_dags/example_sensor_decorator.py
[2024-11-18T20:43:53.588+0000] {processor.py:830} INFO - Processing file /home/airflow/.local/lib/python3.11/site-packages/airflow/example_dags/example_sensor_decorator.py for tasks to queue
[2024-11-18T20:43:53.590+0000] {logging_mixin.py:188} INFO - [2024-11-18T20:43:53.590+0000] {dagbag.py:545} INFO - Filling up the DagBag from /home/airflow/.local/lib/python3.11/site-packages/airflow/example_dags/example_sensor_decorator.py
[2024-11-18T20:43:53.602+0000] {processor.py:840} INFO - DAG(s) 'example_sensor_decorator' retrieved from /home/airflow/.local/lib/python3.11/site-packages/airflow/example_dags/example_sensor_decorator.py
[2024-11-18T20:43:53.815+0000] {logging_mixin.py:188} INFO - [2024-11-18T20:43:53.814+0000] {dag.py:3089} INFO - Sync 1 DAGs
[2024-11-18T20:43:53.828+0000] {logging_mixin.py:188} INFO - [2024-11-18T20:43:53.827+0000] {dag.py:3947} INFO - Setting next_dagrun for example_sensor_decorator to None, run_after=None
[2024-11-18T20:43:53.849+0000] {processor.py:183} INFO - Processing /home/airflow/.local/lib/python3.11/site-packages/airflow/example_dags/example_sensor_decorator.py took 0.269 seconds
[2024-11-18T20:44:24.423+0000] {processor.py:161} INFO - Started process (PID=117) to work on /home/airflow/.local/lib/python3.11/site-packages/airflow/example_dags/example_sensor_decorator.py
[2024-11-18T20:44:24.424+0000] {processor.py:830} INFO - Processing file /home/airflow/.local/lib/python3.11/site-packages/airflow/example_dags/example_sensor_decorator.py for tasks to queue
[2024-11-18T20:44:24.426+0000] {logging_mixin.py:188} INFO - [2024-11-18T20:44:24.426+0000] {dagbag.py:545} INFO - Filling up the DagBag from /home/airflow/.local/lib/python3.11/site-packages/airflow/example_dags/example_sensor_decorator.py
[2024-11-18T20:44:24.434+0000] {processor.py:840} INFO - DAG(s) 'example_sensor_decorator' retrieved from /home/airflow/.local/lib/python3.11/site-packages/airflow/example_dags/example_sensor_decorator.py
[2024-11-18T20:44:24.473+0000] {logging_mixin.py:188} INFO - [2024-11-18T20:44:24.473+0000] {dag.py:3089} INFO - Sync 1 DAGs
[2024-11-18T20:44:24.490+0000] {logging_mixin.py:188} INFO - [2024-11-18T20:44:24.489+0000] {dag.py:3947} INFO - Setting next_dagrun for example_sensor_decorator to None, run_after=None
[2024-11-18T20:44:24.511+0000] {processor.py:183} INFO - Processing /home/airflow/.local/lib/python3.11/site-packages/airflow/example_dags/example_sensor_decorator.py took 0.094 seconds
[2024-11-18T20:44:54.656+0000] {processor.py:161} INFO - Started process (PID=175) to work on /home/airflow/.local/lib/python3.11/site-packages/airflow/example_dags/example_sensor_decorator.py
[2024-11-18T20:44:54.657+0000] {processor.py:830} INFO - Processing file /home/airflow/.local/lib/python3.11/site-packages/airflow/example_dags/example_sensor_decorator.py for tasks to queue
[2024-11-18T20:44:54.659+0000] {logging_mixin.py:188} INFO - [2024-11-18T20:44:54.658+0000] {dagbag.py:545} INFO - Filling up the DagBag from /home/airflow/.local/lib/python3.11/site-packages/airflow/example_dags/example_sensor_decorator.py
[2024-11-18T20:44:54.666+0000] {processor.py:840} INFO - DAG(s) 'example_sensor_decorator' retrieved from /home/airflow/.local/lib/python3.11/site-packages/airflow/example_dags/example_sensor_decorator.py
[2024-11-18T20:44:54.689+0000] {logging_mixin.py:188} INFO - [2024-11-18T20:44:54.688+0000] {dag.py:3089} INFO - Sync 1 DAGs
[2024-11-18T20:44:54.703+0000] {logging_mixin.py:188} INFO - [2024-11-18T20:44:54.703+0000] {dag.py:3947} INFO - Setting next_dagrun for example_sensor_decorator to None, run_after=None
[2024-11-18T20:44:54.729+0000] {processor.py:183} INFO - Processing /home/airflow/.local/lib/python3.11/site-packages/airflow/example_dags/example_sensor_decorator.py took 0.081 seconds
[2024-11-18T20:45:24.842+0000] {processor.py:161} INFO - Started process (PID=234) to work on /home/airflow/.local/lib/python3.11/site-packages/airflow/example_dags/example_sensor_decorator.py
[2024-11-18T20:45:24.843+0000] {processor.py:830} INFO - Processing file /home/airflow/.local/lib/python3.11/site-packages/airflow/example_dags/example_sensor_decorator.py for tasks to queue
[2024-11-18T20:45:24.845+0000] {logging_mixin.py:188} INFO - [2024-11-18T20:45:24.845+0000] {dagbag.py:545} INFO - Filling up the DagBag from /home/airflow/.local/lib/python3.11/site-packages/airflow/example_dags/example_sensor_decorator.py
[2024-11-18T20:45:24.852+0000] {processor.py:840} INFO - DAG(s) 'example_sensor_decorator' retrieved from /home/airflow/.local/lib/python3.11/site-packages/airflow/example_dags/example_sensor_decorator.py
[2024-11-18T20:45:24.874+0000] {logging_mixin.py:188} INFO - [2024-11-18T20:45:24.874+0000] {dag.py:3089} INFO - Sync 1 DAGs
[2024-11-18T20:45:24.884+0000] {logging_mixin.py:188} INFO - [2024-11-18T20:45:24.884+0000] {dag.py:3947} INFO - Setting next_dagrun for example_sensor_decorator to None, run_after=None
[2024-11-18T20:45:24.905+0000] {processor.py:183} INFO - Processing /home/airflow/.local/lib/python3.11/site-packages/airflow/example_dags/example_sensor_decorator.py took 0.071 seconds
[2024-11-18T20:45:55.181+0000] {processor.py:161} INFO - Started process (PID=293) to work on /home/airflow/.local/lib/python3.11/site-packages/airflow/example_dags/example_sensor_decorator.py
[2024-11-18T20:45:55.182+0000] {processor.py:830} INFO - Processing file /home/airflow/.local/lib/python3.11/site-packages/airflow/example_dags/example_sensor_decorator.py for tasks to queue
[2024-11-18T20:45:55.183+0000] {logging_mixin.py:188} INFO - [2024-11-18T20:45:55.183+0000] {dagbag.py:545} INFO - Filling up the DagBag from /home/airflow/.local/lib/python3.11/site-packages/airflow/example_dags/example_sensor_decorator.py
[2024-11-18T20:45:55.189+0000] {processor.py:840} INFO - DAG(s) 'example_sensor_decorator' retrieved from /home/airflow/.local/lib/python3.11/site-packages/airflow/example_dags/example_sensor_decorator.py
[2024-11-18T20:45:55.205+0000] {logging_mixin.py:188} INFO - [2024-11-18T20:45:55.205+0000] {dag.py:3089} INFO - Sync 1 DAGs
[2024-11-18T20:45:55.215+0000] {logging_mixin.py:188} INFO - [2024-11-18T20:45:55.215+0000] {dag.py:3947} INFO - Setting next_dagrun for example_sensor_decorator to None, run_after=None
[2024-11-18T20:45:55.234+0000] {processor.py:183} INFO - Processing /home/airflow/.local/lib/python3.11/site-packages/airflow/example_dags/example_sensor_decorator.py took 0.058 seconds
[2024-11-18T20:46:25.420+0000] {processor.py:161} INFO - Started process (PID=352) to work on /home/airflow/.local/lib/python3.11/site-packages/airflow/example_dags/example_sensor_decorator.py
[2024-11-18T20:46:25.421+0000] {processor.py:830} INFO - Processing file /home/airflow/.local/lib/python3.11/site-packages/airflow/example_dags/example_sensor_decorator.py for tasks to queue
[2024-11-18T20:46:25.423+0000] {logging_mixin.py:188} INFO - [2024-11-18T20:46:25.423+0000] {dagbag.py:545} INFO - Filling up the DagBag from /home/airflow/.local/lib/python3.11/site-packages/airflow/example_dags/example_sensor_decorator.py
[2024-11-18T20:46:25.428+0000] {processor.py:840} INFO - DAG(s) 'example_sensor_decorator' retrieved from /home/airflow/.local/lib/python3.11/site-packages/airflow/example_dags/example_sensor_decorator.py
[2024-11-18T20:46:25.445+0000] {logging_mixin.py:188} INFO - [2024-11-18T20:46:25.445+0000] {dag.py:3089} INFO - Sync 1 DAGs
[2024-11-18T20:46:25.456+0000] {logging_mixin.py:188} INFO - [2024-11-18T20:46:25.455+0000] {dag.py:3947} INFO - Setting next_dagrun for example_sensor_decorator to None, run_after=None
[2024-11-18T20:46:25.473+0000] {processor.py:183} INFO - Processing /home/airflow/.local/lib/python3.11/site-packages/airflow/example_dags/example_sensor_decorator.py took 0.059 seconds
[2024-11-18T20:46:55.720+0000] {processor.py:161} INFO - Started process (PID=411) to work on /home/airflow/.local/lib/python3.11/site-packages/airflow/example_dags/example_sensor_decorator.py
[2024-11-18T20:46:55.722+0000] {processor.py:830} INFO - Processing file /home/airflow/.local/lib/python3.11/site-packages/airflow/example_dags/example_sensor_decorator.py for tasks to queue
[2024-11-18T20:46:55.724+0000] {logging_mixin.py:188} INFO - [2024-11-18T20:46:55.723+0000] {dagbag.py:545} INFO - Filling up the DagBag from /home/airflow/.local/lib/python3.11/site-packages/airflow/example_dags/example_sensor_decorator.py
[2024-11-18T20:46:55.729+0000] {processor.py:840} INFO - DAG(s) 'example_sensor_decorator' retrieved from /home/airflow/.local/lib/python3.11/site-packages/airflow/example_dags/example_sensor_decorator.py
[2024-11-18T20:46:55.760+0000] {logging_mixin.py:188} INFO - [2024-11-18T20:46:55.759+0000] {dag.py:3089} INFO - Sync 1 DAGs
[2024-11-18T20:46:55.775+0000] {logging_mixin.py:188} INFO - [2024-11-18T20:46:55.775+0000] {dag.py:3947} INFO - Setting next_dagrun for example_sensor_decorator to None, run_after=None
[2024-11-18T20:46:55.798+0000] {processor.py:183} INFO - Processing /home/airflow/.local/lib/python3.11/site-packages/airflow/example_dags/example_sensor_decorator.py took 0.085 seconds
[2024-11-18T20:48:15.286+0000] {processor.py:161} INFO - Started process (PID=47) to work on /home/airflow/.local/lib/python3.11/site-packages/airflow/example_dags/example_sensor_decorator.py
[2024-11-18T20:48:15.288+0000] {processor.py:830} INFO - Processing file /home/airflow/.local/lib/python3.11/site-packages/airflow/example_dags/example_sensor_decorator.py for tasks to queue
[2024-11-18T20:48:15.289+0000] {logging_mixin.py:188} INFO - [2024-11-18T20:48:15.289+0000] {dagbag.py:545} INFO - Filling up the DagBag from /home/airflow/.local/lib/python3.11/site-packages/airflow/example_dags/example_sensor_decorator.py
[2024-11-18T20:48:15.299+0000] {processor.py:840} INFO - DAG(s) 'example_sensor_decorator' retrieved from /home/airflow/.local/lib/python3.11/site-packages/airflow/example_dags/example_sensor_decorator.py
[2024-11-18T20:48:15.311+0000] {logging_mixin.py:188} INFO - [2024-11-18T20:48:15.311+0000] {dag.py:3089} INFO - Sync 1 DAGs
[2024-11-18T20:48:15.477+0000] {logging_mixin.py:188} INFO - [2024-11-18T20:48:15.477+0000] {dag.py:3947} INFO - Setting next_dagrun for example_sensor_decorator to None, run_after=None
[2024-11-18T20:48:15.498+0000] {processor.py:183} INFO - Processing /home/airflow/.local/lib/python3.11/site-packages/airflow/example_dags/example_sensor_decorator.py took 0.216 seconds
[2024-11-18T20:48:46.179+0000] {processor.py:161} INFO - Started process (PID=106) to work on /home/airflow/.local/lib/python3.11/site-packages/airflow/example_dags/example_sensor_decorator.py
[2024-11-18T20:48:46.180+0000] {processor.py:830} INFO - Processing file /home/airflow/.local/lib/python3.11/site-packages/airflow/example_dags/example_sensor_decorator.py for tasks to queue
[2024-11-18T20:48:46.182+0000] {logging_mixin.py:188} INFO - [2024-11-18T20:48:46.181+0000] {dagbag.py:545} INFO - Filling up the DagBag from /home/airflow/.local/lib/python3.11/site-packages/airflow/example_dags/example_sensor_decorator.py
[2024-11-18T20:48:46.188+0000] {processor.py:840} INFO - DAG(s) 'example_sensor_decorator' retrieved from /home/airflow/.local/lib/python3.11/site-packages/airflow/example_dags/example_sensor_decorator.py
[2024-11-18T20:48:46.293+0000] {logging_mixin.py:188} INFO - [2024-11-18T20:48:46.293+0000] {dag.py:3089} INFO - Sync 1 DAGs
[2024-11-18T20:48:46.304+0000] {logging_mixin.py:188} INFO - [2024-11-18T20:48:46.304+0000] {dag.py:3947} INFO - Setting next_dagrun for example_sensor_decorator to None, run_after=None
[2024-11-18T20:48:46.321+0000] {processor.py:183} INFO - Processing /home/airflow/.local/lib/python3.11/site-packages/airflow/example_dags/example_sensor_decorator.py took 0.147 seconds
[2024-11-18T20:49:16.817+0000] {processor.py:161} INFO - Started process (PID=165) to work on /home/airflow/.local/lib/python3.11/site-packages/airflow/example_dags/example_sensor_decorator.py
[2024-11-18T20:49:16.818+0000] {processor.py:830} INFO - Processing file /home/airflow/.local/lib/python3.11/site-packages/airflow/example_dags/example_sensor_decorator.py for tasks to queue
[2024-11-18T20:49:16.820+0000] {logging_mixin.py:188} INFO - [2024-11-18T20:49:16.820+0000] {dagbag.py:545} INFO - Filling up the DagBag from /home/airflow/.local/lib/python3.11/site-packages/airflow/example_dags/example_sensor_decorator.py
[2024-11-18T20:49:16.825+0000] {processor.py:840} INFO - DAG(s) 'example_sensor_decorator' retrieved from /home/airflow/.local/lib/python3.11/site-packages/airflow/example_dags/example_sensor_decorator.py
[2024-11-18T20:49:16.843+0000] {logging_mixin.py:188} INFO - [2024-11-18T20:49:16.843+0000] {dag.py:3089} INFO - Sync 1 DAGs
[2024-11-18T20:49:16.854+0000] {logging_mixin.py:188} INFO - [2024-11-18T20:49:16.853+0000] {dag.py:3947} INFO - Setting next_dagrun for example_sensor_decorator to None, run_after=None
[2024-11-18T20:49:16.873+0000] {processor.py:183} INFO - Processing /home/airflow/.local/lib/python3.11/site-packages/airflow/example_dags/example_sensor_decorator.py took 0.060 seconds
[2024-11-18T20:50:37.428+0000] {processor.py:161} INFO - Started process (PID=52) to work on /home/airflow/.local/lib/python3.11/site-packages/airflow/example_dags/example_sensor_decorator.py
[2024-11-18T20:50:37.429+0000] {processor.py:830} INFO - Processing file /home/airflow/.local/lib/python3.11/site-packages/airflow/example_dags/example_sensor_decorator.py for tasks to queue
[2024-11-18T20:50:37.432+0000] {logging_mixin.py:188} INFO - [2024-11-18T20:50:37.431+0000] {dagbag.py:545} INFO - Filling up the DagBag from /home/airflow/.local/lib/python3.11/site-packages/airflow/example_dags/example_sensor_decorator.py
[2024-11-18T20:50:37.445+0000] {processor.py:840} INFO - DAG(s) 'example_sensor_decorator' retrieved from /home/airflow/.local/lib/python3.11/site-packages/airflow/example_dags/example_sensor_decorator.py
[2024-11-18T20:50:37.463+0000] {logging_mixin.py:188} INFO - [2024-11-18T20:50:37.462+0000] {dag.py:3089} INFO - Sync 1 DAGs
[2024-11-18T20:50:37.481+0000] {logging_mixin.py:188} INFO - [2024-11-18T20:50:37.480+0000] {dag.py:3947} INFO - Setting next_dagrun for example_sensor_decorator to None, run_after=None
[2024-11-18T20:50:37.523+0000] {processor.py:183} INFO - Processing /home/airflow/.local/lib/python3.11/site-packages/airflow/example_dags/example_sensor_decorator.py took 0.101 seconds
[2024-11-18T20:51:08.866+0000] {processor.py:161} INFO - Started process (PID=111) to work on /home/airflow/.local/lib/python3.11/site-packages/airflow/example_dags/example_sensor_decorator.py
[2024-11-18T20:51:08.867+0000] {processor.py:830} INFO - Processing file /home/airflow/.local/lib/python3.11/site-packages/airflow/example_dags/example_sensor_decorator.py for tasks to queue
[2024-11-18T20:51:08.869+0000] {logging_mixin.py:188} INFO - [2024-11-18T20:51:08.868+0000] {dagbag.py:545} INFO - Filling up the DagBag from /home/airflow/.local/lib/python3.11/site-packages/airflow/example_dags/example_sensor_decorator.py
[2024-11-18T20:51:08.877+0000] {processor.py:840} INFO - DAG(s) 'example_sensor_decorator' retrieved from /home/airflow/.local/lib/python3.11/site-packages/airflow/example_dags/example_sensor_decorator.py
[2024-11-18T20:51:09.116+0000] {logging_mixin.py:188} INFO - [2024-11-18T20:51:09.116+0000] {dag.py:3089} INFO - Sync 1 DAGs
[2024-11-18T20:51:09.132+0000] {logging_mixin.py:188} INFO - [2024-11-18T20:51:09.132+0000] {dag.py:3947} INFO - Setting next_dagrun for example_sensor_decorator to None, run_after=None
[2024-11-18T20:51:09.161+0000] {processor.py:183} INFO - Processing /home/airflow/.local/lib/python3.11/site-packages/airflow/example_dags/example_sensor_decorator.py took 0.302 seconds
[2024-11-18T20:51:40.001+0000] {processor.py:161} INFO - Started process (PID=176) to work on /home/airflow/.local/lib/python3.11/site-packages/airflow/example_dags/example_sensor_decorator.py
[2024-11-18T20:51:40.002+0000] {processor.py:830} INFO - Processing file /home/airflow/.local/lib/python3.11/site-packages/airflow/example_dags/example_sensor_decorator.py for tasks to queue
[2024-11-18T20:51:40.004+0000] {logging_mixin.py:188} INFO - [2024-11-18T20:51:40.003+0000] {dagbag.py:545} INFO - Filling up the DagBag from /home/airflow/.local/lib/python3.11/site-packages/airflow/example_dags/example_sensor_decorator.py
[2024-11-18T20:51:40.011+0000] {processor.py:840} INFO - DAG(s) 'example_sensor_decorator' retrieved from /home/airflow/.local/lib/python3.11/site-packages/airflow/example_dags/example_sensor_decorator.py
[2024-11-18T20:51:40.027+0000] {logging_mixin.py:188} INFO - [2024-11-18T20:51:40.026+0000] {dag.py:3089} INFO - Sync 1 DAGs
[2024-11-18T20:51:40.038+0000] {logging_mixin.py:188} INFO - [2024-11-18T20:51:40.038+0000] {dag.py:3947} INFO - Setting next_dagrun for example_sensor_decorator to None, run_after=None
[2024-11-18T20:51:40.079+0000] {processor.py:183} INFO - Processing /home/airflow/.local/lib/python3.11/site-packages/airflow/example_dags/example_sensor_decorator.py took 0.084 seconds
[2024-11-18T20:52:10.254+0000] {processor.py:161} INFO - Started process (PID=235) to work on /home/airflow/.local/lib/python3.11/site-packages/airflow/example_dags/example_sensor_decorator.py
[2024-11-18T20:52:10.255+0000] {processor.py:830} INFO - Processing file /home/airflow/.local/lib/python3.11/site-packages/airflow/example_dags/example_sensor_decorator.py for tasks to queue
[2024-11-18T20:52:10.257+0000] {logging_mixin.py:188} INFO - [2024-11-18T20:52:10.257+0000] {dagbag.py:545} INFO - Filling up the DagBag from /home/airflow/.local/lib/python3.11/site-packages/airflow/example_dags/example_sensor_decorator.py
[2024-11-18T20:52:10.266+0000] {processor.py:840} INFO - DAG(s) 'example_sensor_decorator' retrieved from /home/airflow/.local/lib/python3.11/site-packages/airflow/example_dags/example_sensor_decorator.py
[2024-11-18T20:52:10.296+0000] {logging_mixin.py:188} INFO - [2024-11-18T20:52:10.296+0000] {dag.py:3089} INFO - Sync 1 DAGs
[2024-11-18T20:52:10.313+0000] {logging_mixin.py:188} INFO - [2024-11-18T20:52:10.313+0000] {dag.py:3947} INFO - Setting next_dagrun for example_sensor_decorator to None, run_after=None
[2024-11-18T20:52:10.341+0000] {processor.py:183} INFO - Processing /home/airflow/.local/lib/python3.11/site-packages/airflow/example_dags/example_sensor_decorator.py took 0.094 seconds
[2024-11-18T20:52:40.930+0000] {processor.py:161} INFO - Started process (PID=293) to work on /home/airflow/.local/lib/python3.11/site-packages/airflow/example_dags/example_sensor_decorator.py
[2024-11-18T20:52:40.933+0000] {processor.py:830} INFO - Processing file /home/airflow/.local/lib/python3.11/site-packages/airflow/example_dags/example_sensor_decorator.py for tasks to queue
[2024-11-18T20:52:40.936+0000] {logging_mixin.py:188} INFO - [2024-11-18T20:52:40.935+0000] {dagbag.py:545} INFO - Filling up the DagBag from /home/airflow/.local/lib/python3.11/site-packages/airflow/example_dags/example_sensor_decorator.py
[2024-11-18T20:52:40.944+0000] {processor.py:840} INFO - DAG(s) 'example_sensor_decorator' retrieved from /home/airflow/.local/lib/python3.11/site-packages/airflow/example_dags/example_sensor_decorator.py
[2024-11-18T20:52:40.984+0000] {logging_mixin.py:188} INFO - [2024-11-18T20:52:40.983+0000] {dag.py:3089} INFO - Sync 1 DAGs
[2024-11-18T20:52:41.004+0000] {logging_mixin.py:188} INFO - [2024-11-18T20:52:41.003+0000] {dag.py:3947} INFO - Setting next_dagrun for example_sensor_decorator to None, run_after=None
[2024-11-18T20:52:41.053+0000] {processor.py:183} INFO - Processing /home/airflow/.local/lib/python3.11/site-packages/airflow/example_dags/example_sensor_decorator.py took 0.132 seconds
[2024-11-18T20:53:11.229+0000] {processor.py:161} INFO - Started process (PID=352) to work on /home/airflow/.local/lib/python3.11/site-packages/airflow/example_dags/example_sensor_decorator.py
[2024-11-18T20:53:11.230+0000] {processor.py:830} INFO - Processing file /home/airflow/.local/lib/python3.11/site-packages/airflow/example_dags/example_sensor_decorator.py for tasks to queue
[2024-11-18T20:53:11.232+0000] {logging_mixin.py:188} INFO - [2024-11-18T20:53:11.232+0000] {dagbag.py:545} INFO - Filling up the DagBag from /home/airflow/.local/lib/python3.11/site-packages/airflow/example_dags/example_sensor_decorator.py
[2024-11-18T20:53:11.239+0000] {processor.py:840} INFO - DAG(s) 'example_sensor_decorator' retrieved from /home/airflow/.local/lib/python3.11/site-packages/airflow/example_dags/example_sensor_decorator.py
[2024-11-18T20:53:11.277+0000] {logging_mixin.py:188} INFO - [2024-11-18T20:53:11.276+0000] {dag.py:3089} INFO - Sync 1 DAGs
[2024-11-18T20:53:11.294+0000] {logging_mixin.py:188} INFO - [2024-11-18T20:53:11.294+0000] {dag.py:3947} INFO - Setting next_dagrun for example_sensor_decorator to None, run_after=None
[2024-11-18T20:53:11.329+0000] {processor.py:183} INFO - Processing /home/airflow/.local/lib/python3.11/site-packages/airflow/example_dags/example_sensor_decorator.py took 0.111 seconds
[2024-11-18T20:53:41.531+0000] {processor.py:161} INFO - Started process (PID=411) to work on /home/airflow/.local/lib/python3.11/site-packages/airflow/example_dags/example_sensor_decorator.py
[2024-11-18T20:53:41.532+0000] {processor.py:830} INFO - Processing file /home/airflow/.local/lib/python3.11/site-packages/airflow/example_dags/example_sensor_decorator.py for tasks to queue
[2024-11-18T20:53:41.534+0000] {logging_mixin.py:188} INFO - [2024-11-18T20:53:41.533+0000] {dagbag.py:545} INFO - Filling up the DagBag from /home/airflow/.local/lib/python3.11/site-packages/airflow/example_dags/example_sensor_decorator.py
[2024-11-18T20:53:41.540+0000] {processor.py:840} INFO - DAG(s) 'example_sensor_decorator' retrieved from /home/airflow/.local/lib/python3.11/site-packages/airflow/example_dags/example_sensor_decorator.py
[2024-11-18T20:53:41.561+0000] {logging_mixin.py:188} INFO - [2024-11-18T20:53:41.561+0000] {dag.py:3089} INFO - Sync 1 DAGs
[2024-11-18T20:53:41.572+0000] {logging_mixin.py:188} INFO - [2024-11-18T20:53:41.572+0000] {dag.py:3947} INFO - Setting next_dagrun for example_sensor_decorator to None, run_after=None
[2024-11-18T20:53:41.592+0000] {processor.py:183} INFO - Processing /home/airflow/.local/lib/python3.11/site-packages/airflow/example_dags/example_sensor_decorator.py took 0.068 seconds
[2024-11-18T20:54:11.928+0000] {processor.py:161} INFO - Started process (PID=470) to work on /home/airflow/.local/lib/python3.11/site-packages/airflow/example_dags/example_sensor_decorator.py
[2024-11-18T20:54:11.928+0000] {processor.py:830} INFO - Processing file /home/airflow/.local/lib/python3.11/site-packages/airflow/example_dags/example_sensor_decorator.py for tasks to queue
[2024-11-18T20:54:11.931+0000] {logging_mixin.py:188} INFO - [2024-11-18T20:54:11.931+0000] {dagbag.py:545} INFO - Filling up the DagBag from /home/airflow/.local/lib/python3.11/site-packages/airflow/example_dags/example_sensor_decorator.py
[2024-11-18T20:54:11.937+0000] {processor.py:840} INFO - DAG(s) 'example_sensor_decorator' retrieved from /home/airflow/.local/lib/python3.11/site-packages/airflow/example_dags/example_sensor_decorator.py
[2024-11-18T20:54:11.959+0000] {logging_mixin.py:188} INFO - [2024-11-18T20:54:11.959+0000] {dag.py:3089} INFO - Sync 1 DAGs
[2024-11-18T20:54:11.971+0000] {logging_mixin.py:188} INFO - [2024-11-18T20:54:11.970+0000] {dag.py:3947} INFO - Setting next_dagrun for example_sensor_decorator to None, run_after=None
[2024-11-18T20:54:11.991+0000] {processor.py:183} INFO - Processing /home/airflow/.local/lib/python3.11/site-packages/airflow/example_dags/example_sensor_decorator.py took 0.069 seconds
[2024-11-18T20:54:42.044+0000] {processor.py:161} INFO - Started process (PID=529) to work on /home/airflow/.local/lib/python3.11/site-packages/airflow/example_dags/example_sensor_decorator.py
[2024-11-18T20:54:42.045+0000] {processor.py:830} INFO - Processing file /home/airflow/.local/lib/python3.11/site-packages/airflow/example_dags/example_sensor_decorator.py for tasks to queue
[2024-11-18T20:54:42.047+0000] {logging_mixin.py:188} INFO - [2024-11-18T20:54:42.047+0000] {dagbag.py:545} INFO - Filling up the DagBag from /home/airflow/.local/lib/python3.11/site-packages/airflow/example_dags/example_sensor_decorator.py
[2024-11-18T20:54:42.053+0000] {processor.py:840} INFO - DAG(s) 'example_sensor_decorator' retrieved from /home/airflow/.local/lib/python3.11/site-packages/airflow/example_dags/example_sensor_decorator.py
[2024-11-18T20:54:42.077+0000] {logging_mixin.py:188} INFO - [2024-11-18T20:54:42.077+0000] {dag.py:3089} INFO - Sync 1 DAGs
[2024-11-18T20:54:42.090+0000] {logging_mixin.py:188} INFO - [2024-11-18T20:54:42.090+0000] {dag.py:3947} INFO - Setting next_dagrun for example_sensor_decorator to None, run_after=None
[2024-11-18T20:54:42.113+0000] {processor.py:183} INFO - Processing /home/airflow/.local/lib/python3.11/site-packages/airflow/example_dags/example_sensor_decorator.py took 0.077 seconds
[2024-11-18T20:55:12.687+0000] {processor.py:161} INFO - Started process (PID=588) to work on /home/airflow/.local/lib/python3.11/site-packages/airflow/example_dags/example_sensor_decorator.py
[2024-11-18T20:55:12.688+0000] {processor.py:830} INFO - Processing file /home/airflow/.local/lib/python3.11/site-packages/airflow/example_dags/example_sensor_decorator.py for tasks to queue
[2024-11-18T20:55:12.690+0000] {logging_mixin.py:188} INFO - [2024-11-18T20:55:12.690+0000] {dagbag.py:545} INFO - Filling up the DagBag from /home/airflow/.local/lib/python3.11/site-packages/airflow/example_dags/example_sensor_decorator.py
[2024-11-18T20:55:12.697+0000] {processor.py:840} INFO - DAG(s) 'example_sensor_decorator' retrieved from /home/airflow/.local/lib/python3.11/site-packages/airflow/example_dags/example_sensor_decorator.py
[2024-11-18T20:55:12.716+0000] {logging_mixin.py:188} INFO - [2024-11-18T20:55:12.715+0000] {dag.py:3089} INFO - Sync 1 DAGs
[2024-11-18T20:55:12.728+0000] {logging_mixin.py:188} INFO - [2024-11-18T20:55:12.727+0000] {dag.py:3947} INFO - Setting next_dagrun for example_sensor_decorator to None, run_after=None
[2024-11-18T20:55:12.751+0000] {processor.py:183} INFO - Processing /home/airflow/.local/lib/python3.11/site-packages/airflow/example_dags/example_sensor_decorator.py took 0.070 seconds
[2024-11-18T20:55:43.732+0000] {processor.py:161} INFO - Started process (PID=647) to work on /home/airflow/.local/lib/python3.11/site-packages/airflow/example_dags/example_sensor_decorator.py
[2024-11-18T20:55:43.733+0000] {processor.py:830} INFO - Processing file /home/airflow/.local/lib/python3.11/site-packages/airflow/example_dags/example_sensor_decorator.py for tasks to queue
[2024-11-18T20:55:43.736+0000] {logging_mixin.py:188} INFO - [2024-11-18T20:55:43.736+0000] {dagbag.py:545} INFO - Filling up the DagBag from /home/airflow/.local/lib/python3.11/site-packages/airflow/example_dags/example_sensor_decorator.py
[2024-11-18T20:55:43.744+0000] {processor.py:840} INFO - DAG(s) 'example_sensor_decorator' retrieved from /home/airflow/.local/lib/python3.11/site-packages/airflow/example_dags/example_sensor_decorator.py
[2024-11-18T20:55:43.764+0000] {logging_mixin.py:188} INFO - [2024-11-18T20:55:43.764+0000] {dag.py:3089} INFO - Sync 1 DAGs
[2024-11-18T20:55:43.780+0000] {logging_mixin.py:188} INFO - [2024-11-18T20:55:43.779+0000] {dag.py:3947} INFO - Setting next_dagrun for example_sensor_decorator to None, run_after=None
[2024-11-18T20:55:43.803+0000] {processor.py:183} INFO - Processing /home/airflow/.local/lib/python3.11/site-packages/airflow/example_dags/example_sensor_decorator.py took 0.076 seconds
[2024-11-18T20:56:14.172+0000] {processor.py:161} INFO - Started process (PID=706) to work on /home/airflow/.local/lib/python3.11/site-packages/airflow/example_dags/example_sensor_decorator.py
[2024-11-18T20:56:14.174+0000] {processor.py:830} INFO - Processing file /home/airflow/.local/lib/python3.11/site-packages/airflow/example_dags/example_sensor_decorator.py for tasks to queue
[2024-11-18T20:56:14.175+0000] {logging_mixin.py:188} INFO - [2024-11-18T20:56:14.175+0000] {dagbag.py:545} INFO - Filling up the DagBag from /home/airflow/.local/lib/python3.11/site-packages/airflow/example_dags/example_sensor_decorator.py
[2024-11-18T20:56:14.181+0000] {processor.py:840} INFO - DAG(s) 'example_sensor_decorator' retrieved from /home/airflow/.local/lib/python3.11/site-packages/airflow/example_dags/example_sensor_decorator.py
[2024-11-18T20:56:14.201+0000] {logging_mixin.py:188} INFO - [2024-11-18T20:56:14.201+0000] {dag.py:3089} INFO - Sync 1 DAGs
[2024-11-18T20:56:14.213+0000] {logging_mixin.py:188} INFO - [2024-11-18T20:56:14.212+0000] {dag.py:3947} INFO - Setting next_dagrun for example_sensor_decorator to None, run_after=None
[2024-11-18T20:56:14.235+0000] {processor.py:183} INFO - Processing /home/airflow/.local/lib/python3.11/site-packages/airflow/example_dags/example_sensor_decorator.py took 0.068 seconds
[2024-11-18T20:56:44.789+0000] {processor.py:161} INFO - Started process (PID=765) to work on /home/airflow/.local/lib/python3.11/site-packages/airflow/example_dags/example_sensor_decorator.py
[2024-11-18T20:56:44.790+0000] {processor.py:830} INFO - Processing file /home/airflow/.local/lib/python3.11/site-packages/airflow/example_dags/example_sensor_decorator.py for tasks to queue
[2024-11-18T20:56:44.792+0000] {logging_mixin.py:188} INFO - [2024-11-18T20:56:44.792+0000] {dagbag.py:545} INFO - Filling up the DagBag from /home/airflow/.local/lib/python3.11/site-packages/airflow/example_dags/example_sensor_decorator.py
[2024-11-18T20:56:44.799+0000] {processor.py:840} INFO - DAG(s) 'example_sensor_decorator' retrieved from /home/airflow/.local/lib/python3.11/site-packages/airflow/example_dags/example_sensor_decorator.py
[2024-11-18T20:56:44.816+0000] {logging_mixin.py:188} INFO - [2024-11-18T20:56:44.816+0000] {dag.py:3089} INFO - Sync 1 DAGs
[2024-11-18T20:56:44.827+0000] {logging_mixin.py:188} INFO - [2024-11-18T20:56:44.826+0000] {dag.py:3947} INFO - Setting next_dagrun for example_sensor_decorator to None, run_after=None
[2024-11-18T20:56:44.846+0000] {processor.py:183} INFO - Processing /home/airflow/.local/lib/python3.11/site-packages/airflow/example_dags/example_sensor_decorator.py took 0.064 seconds
[2024-11-18T20:57:15.140+0000] {processor.py:161} INFO - Started process (PID=824) to work on /home/airflow/.local/lib/python3.11/site-packages/airflow/example_dags/example_sensor_decorator.py
[2024-11-18T20:57:15.141+0000] {processor.py:830} INFO - Processing file /home/airflow/.local/lib/python3.11/site-packages/airflow/example_dags/example_sensor_decorator.py for tasks to queue
[2024-11-18T20:57:15.143+0000] {logging_mixin.py:188} INFO - [2024-11-18T20:57:15.142+0000] {dagbag.py:545} INFO - Filling up the DagBag from /home/airflow/.local/lib/python3.11/site-packages/airflow/example_dags/example_sensor_decorator.py
[2024-11-18T20:57:15.150+0000] {processor.py:840} INFO - DAG(s) 'example_sensor_decorator' retrieved from /home/airflow/.local/lib/python3.11/site-packages/airflow/example_dags/example_sensor_decorator.py
[2024-11-18T20:57:15.178+0000] {logging_mixin.py:188} INFO - [2024-11-18T20:57:15.177+0000] {dag.py:3089} INFO - Sync 1 DAGs
[2024-11-18T20:57:15.195+0000] {logging_mixin.py:188} INFO - [2024-11-18T20:57:15.195+0000] {dag.py:3947} INFO - Setting next_dagrun for example_sensor_decorator to None, run_after=None
[2024-11-18T20:57:15.219+0000] {processor.py:183} INFO - Processing /home/airflow/.local/lib/python3.11/site-packages/airflow/example_dags/example_sensor_decorator.py took 0.093 seconds
[2024-11-18T20:57:45.354+0000] {processor.py:161} INFO - Started process (PID=883) to work on /home/airflow/.local/lib/python3.11/site-packages/airflow/example_dags/example_sensor_decorator.py
[2024-11-18T20:57:45.355+0000] {processor.py:830} INFO - Processing file /home/airflow/.local/lib/python3.11/site-packages/airflow/example_dags/example_sensor_decorator.py for tasks to queue
[2024-11-18T20:57:45.356+0000] {logging_mixin.py:188} INFO - [2024-11-18T20:57:45.356+0000] {dagbag.py:545} INFO - Filling up the DagBag from /home/airflow/.local/lib/python3.11/site-packages/airflow/example_dags/example_sensor_decorator.py
[2024-11-18T20:57:45.361+0000] {processor.py:840} INFO - DAG(s) 'example_sensor_decorator' retrieved from /home/airflow/.local/lib/python3.11/site-packages/airflow/example_dags/example_sensor_decorator.py
[2024-11-18T20:57:45.380+0000] {logging_mixin.py:188} INFO - [2024-11-18T20:57:45.380+0000] {dag.py:3089} INFO - Sync 1 DAGs
[2024-11-18T20:57:45.391+0000] {logging_mixin.py:188} INFO - [2024-11-18T20:57:45.390+0000] {dag.py:3947} INFO - Setting next_dagrun for example_sensor_decorator to None, run_after=None
[2024-11-18T20:57:45.408+0000] {processor.py:183} INFO - Processing /home/airflow/.local/lib/python3.11/site-packages/airflow/example_dags/example_sensor_decorator.py took 0.061 seconds
[2024-11-18T20:58:15.704+0000] {processor.py:161} INFO - Started process (PID=942) to work on /home/airflow/.local/lib/python3.11/site-packages/airflow/example_dags/example_sensor_decorator.py
[2024-11-18T20:58:15.705+0000] {processor.py:830} INFO - Processing file /home/airflow/.local/lib/python3.11/site-packages/airflow/example_dags/example_sensor_decorator.py for tasks to queue
[2024-11-18T20:58:15.707+0000] {logging_mixin.py:188} INFO - [2024-11-18T20:58:15.707+0000] {dagbag.py:545} INFO - Filling up the DagBag from /home/airflow/.local/lib/python3.11/site-packages/airflow/example_dags/example_sensor_decorator.py
[2024-11-18T20:58:15.712+0000] {processor.py:840} INFO - DAG(s) 'example_sensor_decorator' retrieved from /home/airflow/.local/lib/python3.11/site-packages/airflow/example_dags/example_sensor_decorator.py
[2024-11-18T20:58:15.729+0000] {logging_mixin.py:188} INFO - [2024-11-18T20:58:15.728+0000] {dag.py:3089} INFO - Sync 1 DAGs
[2024-11-18T20:58:15.740+0000] {logging_mixin.py:188} INFO - [2024-11-18T20:58:15.740+0000] {dag.py:3947} INFO - Setting next_dagrun for example_sensor_decorator to None, run_after=None
[2024-11-18T20:58:15.758+0000] {processor.py:183} INFO - Processing /home/airflow/.local/lib/python3.11/site-packages/airflow/example_dags/example_sensor_decorator.py took 0.058 seconds
[2024-11-18T20:58:45.942+0000] {processor.py:161} INFO - Started process (PID=1001) to work on /home/airflow/.local/lib/python3.11/site-packages/airflow/example_dags/example_sensor_decorator.py
[2024-11-18T20:58:45.944+0000] {processor.py:830} INFO - Processing file /home/airflow/.local/lib/python3.11/site-packages/airflow/example_dags/example_sensor_decorator.py for tasks to queue
[2024-11-18T20:58:45.950+0000] {logging_mixin.py:188} INFO - [2024-11-18T20:58:45.949+0000] {dagbag.py:545} INFO - Filling up the DagBag from /home/airflow/.local/lib/python3.11/site-packages/airflow/example_dags/example_sensor_decorator.py
[2024-11-18T20:58:45.958+0000] {processor.py:840} INFO - DAG(s) 'example_sensor_decorator' retrieved from /home/airflow/.local/lib/python3.11/site-packages/airflow/example_dags/example_sensor_decorator.py
[2024-11-18T20:58:45.983+0000] {logging_mixin.py:188} INFO - [2024-11-18T20:58:45.983+0000] {dag.py:3089} INFO - Sync 1 DAGs
[2024-11-18T20:58:46.000+0000] {logging_mixin.py:188} INFO - [2024-11-18T20:58:45.999+0000] {dag.py:3947} INFO - Setting next_dagrun for example_sensor_decorator to None, run_after=None
[2024-11-18T20:58:46.025+0000] {processor.py:183} INFO - Processing /home/airflow/.local/lib/python3.11/site-packages/airflow/example_dags/example_sensor_decorator.py took 0.088 seconds
