[2024-11-18T20:19:08.459+0000] {processor.py:161} INFO - Started process (PID=85) to work on /home/airflow/.local/lib/python3.11/site-packages/airflow/example_dags/example_latest_only_with_trigger.py
[2024-11-18T20:19:08.460+0000] {processor.py:830} INFO - Processing file /home/airflow/.local/lib/python3.11/site-packages/airflow/example_dags/example_latest_only_with_trigger.py for tasks to queue
[2024-11-18T20:19:08.462+0000] {logging_mixin.py:188} INFO - [2024-11-18T20:19:08.461+0000] {dagbag.py:545} INFO - Filling up the DagBag from /home/airflow/.local/lib/python3.11/site-packages/airflow/example_dags/example_latest_only_with_trigger.py
[2024-11-18T20:19:08.472+0000] {processor.py:840} INFO - DAG(s) 'latest_only_with_trigger' retrieved from /home/airflow/.local/lib/python3.11/site-packages/airflow/example_dags/example_latest_only_with_trigger.py
[2024-11-18T20:19:08.576+0000] {logging_mixin.py:188} INFO - [2024-11-18T20:19:08.576+0000] {override.py:1858} INFO - Created Permission View: can edit on DAG:latest_only_with_trigger
[2024-11-18T20:19:08.587+0000] {logging_mixin.py:188} INFO - [2024-11-18T20:19:08.586+0000] {override.py:1858} INFO - Created Permission View: can delete on DAG:latest_only_with_trigger
[2024-11-18T20:19:08.593+0000] {logging_mixin.py:188} INFO - [2024-11-18T20:19:08.593+0000] {override.py:1858} INFO - Created Permission View: can read on DAG:latest_only_with_trigger
[2024-11-18T20:19:08.593+0000] {logging_mixin.py:188} INFO - [2024-11-18T20:19:08.593+0000] {dag.py:3089} INFO - Sync 1 DAGs
[2024-11-18T20:19:08.604+0000] {logging_mixin.py:188} INFO - [2024-11-18T20:19:08.604+0000] {dag.py:3111} INFO - Creating ORM DAG for latest_only_with_trigger
[2024-11-18T20:19:08.614+0000] {logging_mixin.py:188} INFO - [2024-11-18T20:19:08.614+0000] {dag.py:3947} INFO - Setting next_dagrun for latest_only_with_trigger to 2024-11-18 16:00:00+00:00, run_after=2024-11-18 20:00:00+00:00
[2024-11-18T20:19:08.630+0000] {processor.py:183} INFO - Processing /home/airflow/.local/lib/python3.11/site-packages/airflow/example_dags/example_latest_only_with_trigger.py took 0.177 seconds
[2024-11-18T20:19:39.377+0000] {processor.py:161} INFO - Started process (PID=143) to work on /home/airflow/.local/lib/python3.11/site-packages/airflow/example_dags/example_latest_only_with_trigger.py
[2024-11-18T20:19:39.378+0000] {processor.py:830} INFO - Processing file /home/airflow/.local/lib/python3.11/site-packages/airflow/example_dags/example_latest_only_with_trigger.py for tasks to queue
[2024-11-18T20:19:39.379+0000] {logging_mixin.py:188} INFO - [2024-11-18T20:19:39.379+0000] {dagbag.py:545} INFO - Filling up the DagBag from /home/airflow/.local/lib/python3.11/site-packages/airflow/example_dags/example_latest_only_with_trigger.py
[2024-11-18T20:19:39.384+0000] {processor.py:840} INFO - DAG(s) 'latest_only_with_trigger' retrieved from /home/airflow/.local/lib/python3.11/site-packages/airflow/example_dags/example_latest_only_with_trigger.py
[2024-11-18T20:19:39.399+0000] {logging_mixin.py:188} INFO - [2024-11-18T20:19:39.399+0000] {dag.py:3089} INFO - Sync 1 DAGs
[2024-11-18T20:19:39.414+0000] {logging_mixin.py:188} INFO - [2024-11-18T20:19:39.414+0000] {dag.py:3947} INFO - Setting next_dagrun for latest_only_with_trigger to 2024-11-18 16:00:00+00:00, run_after=2024-11-18 20:00:00+00:00
[2024-11-18T20:19:39.431+0000] {processor.py:183} INFO - Processing /home/airflow/.local/lib/python3.11/site-packages/airflow/example_dags/example_latest_only_with_trigger.py took 0.058 seconds
[2024-11-18T20:20:10.065+0000] {processor.py:161} INFO - Started process (PID=201) to work on /home/airflow/.local/lib/python3.11/site-packages/airflow/example_dags/example_latest_only_with_trigger.py
[2024-11-18T20:20:10.066+0000] {processor.py:830} INFO - Processing file /home/airflow/.local/lib/python3.11/site-packages/airflow/example_dags/example_latest_only_with_trigger.py for tasks to queue
[2024-11-18T20:20:10.067+0000] {logging_mixin.py:188} INFO - [2024-11-18T20:20:10.067+0000] {dagbag.py:545} INFO - Filling up the DagBag from /home/airflow/.local/lib/python3.11/site-packages/airflow/example_dags/example_latest_only_with_trigger.py
[2024-11-18T20:20:10.072+0000] {processor.py:840} INFO - DAG(s) 'latest_only_with_trigger' retrieved from /home/airflow/.local/lib/python3.11/site-packages/airflow/example_dags/example_latest_only_with_trigger.py
[2024-11-18T20:20:10.089+0000] {logging_mixin.py:188} INFO - [2024-11-18T20:20:10.088+0000] {dag.py:3089} INFO - Sync 1 DAGs
[2024-11-18T20:20:10.105+0000] {logging_mixin.py:188} INFO - [2024-11-18T20:20:10.105+0000] {dag.py:3947} INFO - Setting next_dagrun for latest_only_with_trigger to 2024-11-18 16:00:00+00:00, run_after=2024-11-18 20:00:00+00:00
[2024-11-18T20:20:10.123+0000] {processor.py:183} INFO - Processing /home/airflow/.local/lib/python3.11/site-packages/airflow/example_dags/example_latest_only_with_trigger.py took 0.063 seconds
[2024-11-18T20:20:41.077+0000] {processor.py:161} INFO - Started process (PID=259) to work on /home/airflow/.local/lib/python3.11/site-packages/airflow/example_dags/example_latest_only_with_trigger.py
[2024-11-18T20:20:41.078+0000] {processor.py:830} INFO - Processing file /home/airflow/.local/lib/python3.11/site-packages/airflow/example_dags/example_latest_only_with_trigger.py for tasks to queue
[2024-11-18T20:20:41.079+0000] {logging_mixin.py:188} INFO - [2024-11-18T20:20:41.079+0000] {dagbag.py:545} INFO - Filling up the DagBag from /home/airflow/.local/lib/python3.11/site-packages/airflow/example_dags/example_latest_only_with_trigger.py
[2024-11-18T20:20:41.084+0000] {processor.py:840} INFO - DAG(s) 'latest_only_with_trigger' retrieved from /home/airflow/.local/lib/python3.11/site-packages/airflow/example_dags/example_latest_only_with_trigger.py
[2024-11-18T20:20:41.101+0000] {logging_mixin.py:188} INFO - [2024-11-18T20:20:41.101+0000] {dag.py:3089} INFO - Sync 1 DAGs
[2024-11-18T20:20:41.119+0000] {logging_mixin.py:188} INFO - [2024-11-18T20:20:41.119+0000] {dag.py:3947} INFO - Setting next_dagrun for latest_only_with_trigger to 2024-11-18 16:00:00+00:00, run_after=2024-11-18 20:00:00+00:00
[2024-11-18T20:20:41.137+0000] {processor.py:183} INFO - Processing /home/airflow/.local/lib/python3.11/site-packages/airflow/example_dags/example_latest_only_with_trigger.py took 0.066 seconds
[2024-11-18T20:21:11.879+0000] {processor.py:161} INFO - Started process (PID=318) to work on /home/airflow/.local/lib/python3.11/site-packages/airflow/example_dags/example_latest_only_with_trigger.py
[2024-11-18T20:21:11.880+0000] {processor.py:830} INFO - Processing file /home/airflow/.local/lib/python3.11/site-packages/airflow/example_dags/example_latest_only_with_trigger.py for tasks to queue
[2024-11-18T20:21:11.882+0000] {logging_mixin.py:188} INFO - [2024-11-18T20:21:11.881+0000] {dagbag.py:545} INFO - Filling up the DagBag from /home/airflow/.local/lib/python3.11/site-packages/airflow/example_dags/example_latest_only_with_trigger.py
[2024-11-18T20:21:11.891+0000] {processor.py:840} INFO - DAG(s) 'latest_only_with_trigger' retrieved from /home/airflow/.local/lib/python3.11/site-packages/airflow/example_dags/example_latest_only_with_trigger.py
[2024-11-18T20:21:11.913+0000] {logging_mixin.py:188} INFO - [2024-11-18T20:21:11.913+0000] {dag.py:3089} INFO - Sync 1 DAGs
[2024-11-18T20:21:11.933+0000] {logging_mixin.py:188} INFO - [2024-11-18T20:21:11.933+0000] {dag.py:3947} INFO - Setting next_dagrun for latest_only_with_trigger to 2024-11-18 16:00:00+00:00, run_after=2024-11-18 20:00:00+00:00
[2024-11-18T20:21:11.957+0000] {processor.py:183} INFO - Processing /home/airflow/.local/lib/python3.11/site-packages/airflow/example_dags/example_latest_only_with_trigger.py took 0.085 seconds
[2024-11-18T20:21:41.989+0000] {processor.py:161} INFO - Started process (PID=375) to work on /home/airflow/.local/lib/python3.11/site-packages/airflow/example_dags/example_latest_only_with_trigger.py
[2024-11-18T20:21:41.990+0000] {processor.py:830} INFO - Processing file /home/airflow/.local/lib/python3.11/site-packages/airflow/example_dags/example_latest_only_with_trigger.py for tasks to queue
[2024-11-18T20:21:41.991+0000] {logging_mixin.py:188} INFO - [2024-11-18T20:21:41.991+0000] {dagbag.py:545} INFO - Filling up the DagBag from /home/airflow/.local/lib/python3.11/site-packages/airflow/example_dags/example_latest_only_with_trigger.py
[2024-11-18T20:21:41.996+0000] {processor.py:840} INFO - DAG(s) 'latest_only_with_trigger' retrieved from /home/airflow/.local/lib/python3.11/site-packages/airflow/example_dags/example_latest_only_with_trigger.py
[2024-11-18T20:21:42.018+0000] {logging_mixin.py:188} INFO - [2024-11-18T20:21:42.018+0000] {dag.py:3089} INFO - Sync 1 DAGs
[2024-11-18T20:21:42.041+0000] {logging_mixin.py:188} INFO - [2024-11-18T20:21:42.040+0000] {dag.py:3947} INFO - Setting next_dagrun for latest_only_with_trigger to 2024-11-18 16:00:00+00:00, run_after=2024-11-18 20:00:00+00:00
[2024-11-18T20:21:42.056+0000] {processor.py:183} INFO - Processing /home/airflow/.local/lib/python3.11/site-packages/airflow/example_dags/example_latest_only_with_trigger.py took 0.072 seconds
[2024-11-18T20:22:12.581+0000] {processor.py:161} INFO - Started process (PID=434) to work on /home/airflow/.local/lib/python3.11/site-packages/airflow/example_dags/example_latest_only_with_trigger.py
[2024-11-18T20:22:12.582+0000] {processor.py:830} INFO - Processing file /home/airflow/.local/lib/python3.11/site-packages/airflow/example_dags/example_latest_only_with_trigger.py for tasks to queue
[2024-11-18T20:22:12.584+0000] {logging_mixin.py:188} INFO - [2024-11-18T20:22:12.583+0000] {dagbag.py:545} INFO - Filling up the DagBag from /home/airflow/.local/lib/python3.11/site-packages/airflow/example_dags/example_latest_only_with_trigger.py
[2024-11-18T20:22:12.588+0000] {processor.py:840} INFO - DAG(s) 'latest_only_with_trigger' retrieved from /home/airflow/.local/lib/python3.11/site-packages/airflow/example_dags/example_latest_only_with_trigger.py
[2024-11-18T20:22:12.604+0000] {logging_mixin.py:188} INFO - [2024-11-18T20:22:12.604+0000] {dag.py:3089} INFO - Sync 1 DAGs
[2024-11-18T20:22:12.621+0000] {logging_mixin.py:188} INFO - [2024-11-18T20:22:12.620+0000] {dag.py:3947} INFO - Setting next_dagrun for latest_only_with_trigger to 2024-11-18 16:00:00+00:00, run_after=2024-11-18 20:00:00+00:00
[2024-11-18T20:22:12.636+0000] {processor.py:183} INFO - Processing /home/airflow/.local/lib/python3.11/site-packages/airflow/example_dags/example_latest_only_with_trigger.py took 0.059 seconds
[2024-11-18T20:22:43.240+0000] {processor.py:161} INFO - Started process (PID=493) to work on /home/airflow/.local/lib/python3.11/site-packages/airflow/example_dags/example_latest_only_with_trigger.py
[2024-11-18T20:22:43.241+0000] {processor.py:830} INFO - Processing file /home/airflow/.local/lib/python3.11/site-packages/airflow/example_dags/example_latest_only_with_trigger.py for tasks to queue
[2024-11-18T20:22:43.243+0000] {logging_mixin.py:188} INFO - [2024-11-18T20:22:43.243+0000] {dagbag.py:545} INFO - Filling up the DagBag from /home/airflow/.local/lib/python3.11/site-packages/airflow/example_dags/example_latest_only_with_trigger.py
[2024-11-18T20:22:43.251+0000] {processor.py:840} INFO - DAG(s) 'latest_only_with_trigger' retrieved from /home/airflow/.local/lib/python3.11/site-packages/airflow/example_dags/example_latest_only_with_trigger.py
[2024-11-18T20:22:43.271+0000] {logging_mixin.py:188} INFO - [2024-11-18T20:22:43.271+0000] {dag.py:3089} INFO - Sync 1 DAGs
[2024-11-18T20:22:43.292+0000] {logging_mixin.py:188} INFO - [2024-11-18T20:22:43.292+0000] {dag.py:3947} INFO - Setting next_dagrun for latest_only_with_trigger to 2024-11-18 16:00:00+00:00, run_after=2024-11-18 20:00:00+00:00
[2024-11-18T20:22:43.316+0000] {processor.py:183} INFO - Processing /home/airflow/.local/lib/python3.11/site-packages/airflow/example_dags/example_latest_only_with_trigger.py took 0.081 seconds
[2024-11-18T20:23:13.532+0000] {processor.py:161} INFO - Started process (PID=551) to work on /home/airflow/.local/lib/python3.11/site-packages/airflow/example_dags/example_latest_only_with_trigger.py
[2024-11-18T20:23:13.533+0000] {processor.py:830} INFO - Processing file /home/airflow/.local/lib/python3.11/site-packages/airflow/example_dags/example_latest_only_with_trigger.py for tasks to queue
[2024-11-18T20:23:13.535+0000] {logging_mixin.py:188} INFO - [2024-11-18T20:23:13.535+0000] {dagbag.py:545} INFO - Filling up the DagBag from /home/airflow/.local/lib/python3.11/site-packages/airflow/example_dags/example_latest_only_with_trigger.py
[2024-11-18T20:23:13.539+0000] {processor.py:840} INFO - DAG(s) 'latest_only_with_trigger' retrieved from /home/airflow/.local/lib/python3.11/site-packages/airflow/example_dags/example_latest_only_with_trigger.py
[2024-11-18T20:23:13.555+0000] {logging_mixin.py:188} INFO - [2024-11-18T20:23:13.555+0000] {dag.py:3089} INFO - Sync 1 DAGs
[2024-11-18T20:23:13.572+0000] {logging_mixin.py:188} INFO - [2024-11-18T20:23:13.572+0000] {dag.py:3947} INFO - Setting next_dagrun for latest_only_with_trigger to 2024-11-18 16:00:00+00:00, run_after=2024-11-18 20:00:00+00:00
[2024-11-18T20:23:13.594+0000] {processor.py:183} INFO - Processing /home/airflow/.local/lib/python3.11/site-packages/airflow/example_dags/example_latest_only_with_trigger.py took 0.066 seconds
[2024-11-18T20:23:44.447+0000] {processor.py:161} INFO - Started process (PID=609) to work on /home/airflow/.local/lib/python3.11/site-packages/airflow/example_dags/example_latest_only_with_trigger.py
[2024-11-18T20:23:44.448+0000] {processor.py:830} INFO - Processing file /home/airflow/.local/lib/python3.11/site-packages/airflow/example_dags/example_latest_only_with_trigger.py for tasks to queue
[2024-11-18T20:23:44.450+0000] {logging_mixin.py:188} INFO - [2024-11-18T20:23:44.450+0000] {dagbag.py:545} INFO - Filling up the DagBag from /home/airflow/.local/lib/python3.11/site-packages/airflow/example_dags/example_latest_only_with_trigger.py
[2024-11-18T20:23:44.454+0000] {processor.py:840} INFO - DAG(s) 'latest_only_with_trigger' retrieved from /home/airflow/.local/lib/python3.11/site-packages/airflow/example_dags/example_latest_only_with_trigger.py
[2024-11-18T20:23:44.472+0000] {logging_mixin.py:188} INFO - [2024-11-18T20:23:44.472+0000] {dag.py:3089} INFO - Sync 1 DAGs
[2024-11-18T20:23:44.491+0000] {logging_mixin.py:188} INFO - [2024-11-18T20:23:44.491+0000] {dag.py:3947} INFO - Setting next_dagrun for latest_only_with_trigger to 2024-11-18 16:00:00+00:00, run_after=2024-11-18 20:00:00+00:00
[2024-11-18T20:23:44.510+0000] {processor.py:183} INFO - Processing /home/airflow/.local/lib/python3.11/site-packages/airflow/example_dags/example_latest_only_with_trigger.py took 0.068 seconds
[2024-11-18T20:24:15.088+0000] {processor.py:161} INFO - Started process (PID=669) to work on /home/airflow/.local/lib/python3.11/site-packages/airflow/example_dags/example_latest_only_with_trigger.py
[2024-11-18T20:24:15.089+0000] {processor.py:830} INFO - Processing file /home/airflow/.local/lib/python3.11/site-packages/airflow/example_dags/example_latest_only_with_trigger.py for tasks to queue
[2024-11-18T20:24:15.091+0000] {logging_mixin.py:188} INFO - [2024-11-18T20:24:15.090+0000] {dagbag.py:545} INFO - Filling up the DagBag from /home/airflow/.local/lib/python3.11/site-packages/airflow/example_dags/example_latest_only_with_trigger.py
[2024-11-18T20:24:15.095+0000] {processor.py:840} INFO - DAG(s) 'latest_only_with_trigger' retrieved from /home/airflow/.local/lib/python3.11/site-packages/airflow/example_dags/example_latest_only_with_trigger.py
[2024-11-18T20:24:15.113+0000] {logging_mixin.py:188} INFO - [2024-11-18T20:24:15.113+0000] {dag.py:3089} INFO - Sync 1 DAGs
[2024-11-18T20:24:15.130+0000] {logging_mixin.py:188} INFO - [2024-11-18T20:24:15.130+0000] {dag.py:3947} INFO - Setting next_dagrun for latest_only_with_trigger to 2024-11-18 16:00:00+00:00, run_after=2024-11-18 20:00:00+00:00
[2024-11-18T20:24:15.148+0000] {processor.py:183} INFO - Processing /home/airflow/.local/lib/python3.11/site-packages/airflow/example_dags/example_latest_only_with_trigger.py took 0.064 seconds
[2024-11-18T20:24:45.503+0000] {processor.py:161} INFO - Started process (PID=728) to work on /home/airflow/.local/lib/python3.11/site-packages/airflow/example_dags/example_latest_only_with_trigger.py
[2024-11-18T20:24:45.503+0000] {processor.py:830} INFO - Processing file /home/airflow/.local/lib/python3.11/site-packages/airflow/example_dags/example_latest_only_with_trigger.py for tasks to queue
[2024-11-18T20:24:45.505+0000] {logging_mixin.py:188} INFO - [2024-11-18T20:24:45.505+0000] {dagbag.py:545} INFO - Filling up the DagBag from /home/airflow/.local/lib/python3.11/site-packages/airflow/example_dags/example_latest_only_with_trigger.py
[2024-11-18T20:24:45.509+0000] {processor.py:840} INFO - DAG(s) 'latest_only_with_trigger' retrieved from /home/airflow/.local/lib/python3.11/site-packages/airflow/example_dags/example_latest_only_with_trigger.py
[2024-11-18T20:24:45.530+0000] {logging_mixin.py:188} INFO - [2024-11-18T20:24:45.529+0000] {dag.py:3089} INFO - Sync 1 DAGs
[2024-11-18T20:24:45.550+0000] {logging_mixin.py:188} INFO - [2024-11-18T20:24:45.550+0000] {dag.py:3947} INFO - Setting next_dagrun for latest_only_with_trigger to 2024-11-18 16:00:00+00:00, run_after=2024-11-18 20:00:00+00:00
[2024-11-18T20:24:45.569+0000] {processor.py:183} INFO - Processing /home/airflow/.local/lib/python3.11/site-packages/airflow/example_dags/example_latest_only_with_trigger.py took 0.070 seconds
[2024-11-18T20:25:15.884+0000] {processor.py:161} INFO - Started process (PID=787) to work on /home/airflow/.local/lib/python3.11/site-packages/airflow/example_dags/example_latest_only_with_trigger.py
[2024-11-18T20:25:15.885+0000] {processor.py:830} INFO - Processing file /home/airflow/.local/lib/python3.11/site-packages/airflow/example_dags/example_latest_only_with_trigger.py for tasks to queue
[2024-11-18T20:25:15.888+0000] {logging_mixin.py:188} INFO - [2024-11-18T20:25:15.888+0000] {dagbag.py:545} INFO - Filling up the DagBag from /home/airflow/.local/lib/python3.11/site-packages/airflow/example_dags/example_latest_only_with_trigger.py
[2024-11-18T20:25:15.893+0000] {processor.py:840} INFO - DAG(s) 'latest_only_with_trigger' retrieved from /home/airflow/.local/lib/python3.11/site-packages/airflow/example_dags/example_latest_only_with_trigger.py
[2024-11-18T20:25:15.917+0000] {logging_mixin.py:188} INFO - [2024-11-18T20:25:15.917+0000] {dag.py:3089} INFO - Sync 1 DAGs
[2024-11-18T20:25:15.941+0000] {logging_mixin.py:188} INFO - [2024-11-18T20:25:15.941+0000] {dag.py:3947} INFO - Setting next_dagrun for latest_only_with_trigger to 2024-11-18 16:00:00+00:00, run_after=2024-11-18 20:00:00+00:00
[2024-11-18T20:25:15.966+0000] {processor.py:183} INFO - Processing /home/airflow/.local/lib/python3.11/site-packages/airflow/example_dags/example_latest_only_with_trigger.py took 0.087 seconds
[2024-11-18T20:25:46.784+0000] {processor.py:161} INFO - Started process (PID=846) to work on /home/airflow/.local/lib/python3.11/site-packages/airflow/example_dags/example_latest_only_with_trigger.py
[2024-11-18T20:25:46.784+0000] {processor.py:830} INFO - Processing file /home/airflow/.local/lib/python3.11/site-packages/airflow/example_dags/example_latest_only_with_trigger.py for tasks to queue
[2024-11-18T20:25:46.786+0000] {logging_mixin.py:188} INFO - [2024-11-18T20:25:46.786+0000] {dagbag.py:545} INFO - Filling up the DagBag from /home/airflow/.local/lib/python3.11/site-packages/airflow/example_dags/example_latest_only_with_trigger.py
[2024-11-18T20:25:46.790+0000] {processor.py:840} INFO - DAG(s) 'latest_only_with_trigger' retrieved from /home/airflow/.local/lib/python3.11/site-packages/airflow/example_dags/example_latest_only_with_trigger.py
[2024-11-18T20:25:46.807+0000] {logging_mixin.py:188} INFO - [2024-11-18T20:25:46.807+0000] {dag.py:3089} INFO - Sync 1 DAGs
[2024-11-18T20:25:46.824+0000] {logging_mixin.py:188} INFO - [2024-11-18T20:25:46.824+0000] {dag.py:3947} INFO - Setting next_dagrun for latest_only_with_trigger to 2024-11-18 16:00:00+00:00, run_after=2024-11-18 20:00:00+00:00
[2024-11-18T20:25:46.844+0000] {processor.py:183} INFO - Processing /home/airflow/.local/lib/python3.11/site-packages/airflow/example_dags/example_latest_only_with_trigger.py took 0.065 seconds
[2024-11-18T20:26:17.202+0000] {processor.py:161} INFO - Started process (PID=905) to work on /home/airflow/.local/lib/python3.11/site-packages/airflow/example_dags/example_latest_only_with_trigger.py
[2024-11-18T20:26:17.203+0000] {processor.py:830} INFO - Processing file /home/airflow/.local/lib/python3.11/site-packages/airflow/example_dags/example_latest_only_with_trigger.py for tasks to queue
[2024-11-18T20:26:17.204+0000] {logging_mixin.py:188} INFO - [2024-11-18T20:26:17.204+0000] {dagbag.py:545} INFO - Filling up the DagBag from /home/airflow/.local/lib/python3.11/site-packages/airflow/example_dags/example_latest_only_with_trigger.py
[2024-11-18T20:26:17.209+0000] {processor.py:840} INFO - DAG(s) 'latest_only_with_trigger' retrieved from /home/airflow/.local/lib/python3.11/site-packages/airflow/example_dags/example_latest_only_with_trigger.py
[2024-11-18T20:26:17.226+0000] {logging_mixin.py:188} INFO - [2024-11-18T20:26:17.226+0000] {dag.py:3089} INFO - Sync 1 DAGs
[2024-11-18T20:26:17.246+0000] {logging_mixin.py:188} INFO - [2024-11-18T20:26:17.245+0000] {dag.py:3947} INFO - Setting next_dagrun for latest_only_with_trigger to 2024-11-18 16:00:00+00:00, run_after=2024-11-18 20:00:00+00:00
[2024-11-18T20:26:17.265+0000] {processor.py:183} INFO - Processing /home/airflow/.local/lib/python3.11/site-packages/airflow/example_dags/example_latest_only_with_trigger.py took 0.067 seconds
[2024-11-18T20:26:47.833+0000] {processor.py:161} INFO - Started process (PID=964) to work on /home/airflow/.local/lib/python3.11/site-packages/airflow/example_dags/example_latest_only_with_trigger.py
[2024-11-18T20:26:47.834+0000] {processor.py:830} INFO - Processing file /home/airflow/.local/lib/python3.11/site-packages/airflow/example_dags/example_latest_only_with_trigger.py for tasks to queue
[2024-11-18T20:26:47.835+0000] {logging_mixin.py:188} INFO - [2024-11-18T20:26:47.835+0000] {dagbag.py:545} INFO - Filling up the DagBag from /home/airflow/.local/lib/python3.11/site-packages/airflow/example_dags/example_latest_only_with_trigger.py
[2024-11-18T20:26:47.840+0000] {processor.py:840} INFO - DAG(s) 'latest_only_with_trigger' retrieved from /home/airflow/.local/lib/python3.11/site-packages/airflow/example_dags/example_latest_only_with_trigger.py
[2024-11-18T20:26:47.857+0000] {logging_mixin.py:188} INFO - [2024-11-18T20:26:47.856+0000] {dag.py:3089} INFO - Sync 1 DAGs
[2024-11-18T20:26:47.875+0000] {logging_mixin.py:188} INFO - [2024-11-18T20:26:47.875+0000] {dag.py:3947} INFO - Setting next_dagrun for latest_only_with_trigger to 2024-11-18 16:00:00+00:00, run_after=2024-11-18 20:00:00+00:00
[2024-11-18T20:26:47.893+0000] {processor.py:183} INFO - Processing /home/airflow/.local/lib/python3.11/site-packages/airflow/example_dags/example_latest_only_with_trigger.py took 0.065 seconds
[2024-11-18T20:27:20.483+0000] {processor.py:161} INFO - Started process (PID=1023) to work on /home/airflow/.local/lib/python3.11/site-packages/airflow/example_dags/example_latest_only_with_trigger.py
[2024-11-18T20:27:20.492+0000] {processor.py:830} INFO - Processing file /home/airflow/.local/lib/python3.11/site-packages/airflow/example_dags/example_latest_only_with_trigger.py for tasks to queue
[2024-11-18T20:27:20.496+0000] {logging_mixin.py:188} INFO - [2024-11-18T20:27:20.495+0000] {dagbag.py:545} INFO - Filling up the DagBag from /home/airflow/.local/lib/python3.11/site-packages/airflow/example_dags/example_latest_only_with_trigger.py
[2024-11-18T20:27:20.510+0000] {processor.py:840} INFO - DAG(s) 'latest_only_with_trigger' retrieved from /home/airflow/.local/lib/python3.11/site-packages/airflow/example_dags/example_latest_only_with_trigger.py
[2024-11-18T20:27:20.570+0000] {logging_mixin.py:188} INFO - [2024-11-18T20:27:20.570+0000] {dag.py:3089} INFO - Sync 1 DAGs
[2024-11-18T20:27:20.618+0000] {logging_mixin.py:188} INFO - [2024-11-18T20:27:20.617+0000] {dag.py:3947} INFO - Setting next_dagrun for latest_only_with_trigger to 2024-11-18 16:00:00+00:00, run_after=2024-11-18 20:00:00+00:00
[2024-11-18T20:27:20.685+0000] {processor.py:183} INFO - Processing /home/airflow/.local/lib/python3.11/site-packages/airflow/example_dags/example_latest_only_with_trigger.py took 0.216 seconds
[2024-11-18T20:27:51.470+0000] {processor.py:161} INFO - Started process (PID=1082) to work on /home/airflow/.local/lib/python3.11/site-packages/airflow/example_dags/example_latest_only_with_trigger.py
[2024-11-18T20:27:51.471+0000] {processor.py:830} INFO - Processing file /home/airflow/.local/lib/python3.11/site-packages/airflow/example_dags/example_latest_only_with_trigger.py for tasks to queue
[2024-11-18T20:27:51.473+0000] {logging_mixin.py:188} INFO - [2024-11-18T20:27:51.473+0000] {dagbag.py:545} INFO - Filling up the DagBag from /home/airflow/.local/lib/python3.11/site-packages/airflow/example_dags/example_latest_only_with_trigger.py
[2024-11-18T20:27:51.481+0000] {processor.py:840} INFO - DAG(s) 'latest_only_with_trigger' retrieved from /home/airflow/.local/lib/python3.11/site-packages/airflow/example_dags/example_latest_only_with_trigger.py
[2024-11-18T20:27:51.504+0000] {logging_mixin.py:188} INFO - [2024-11-18T20:27:51.503+0000] {dag.py:3089} INFO - Sync 1 DAGs
[2024-11-18T20:27:51.528+0000] {logging_mixin.py:188} INFO - [2024-11-18T20:27:51.528+0000] {dag.py:3947} INFO - Setting next_dagrun for latest_only_with_trigger to 2024-11-18 16:00:00+00:00, run_after=2024-11-18 20:00:00+00:00
[2024-11-18T20:27:51.552+0000] {processor.py:183} INFO - Processing /home/airflow/.local/lib/python3.11/site-packages/airflow/example_dags/example_latest_only_with_trigger.py took 0.092 seconds
[2024-11-18T20:28:22.069+0000] {processor.py:161} INFO - Started process (PID=1142) to work on /home/airflow/.local/lib/python3.11/site-packages/airflow/example_dags/example_latest_only_with_trigger.py
[2024-11-18T20:28:22.071+0000] {processor.py:830} INFO - Processing file /home/airflow/.local/lib/python3.11/site-packages/airflow/example_dags/example_latest_only_with_trigger.py for tasks to queue
[2024-11-18T20:28:22.074+0000] {logging_mixin.py:188} INFO - [2024-11-18T20:28:22.073+0000] {dagbag.py:545} INFO - Filling up the DagBag from /home/airflow/.local/lib/python3.11/site-packages/airflow/example_dags/example_latest_only_with_trigger.py
[2024-11-18T20:28:22.084+0000] {processor.py:840} INFO - DAG(s) 'latest_only_with_trigger' retrieved from /home/airflow/.local/lib/python3.11/site-packages/airflow/example_dags/example_latest_only_with_trigger.py
[2024-11-18T20:28:22.112+0000] {logging_mixin.py:188} INFO - [2024-11-18T20:28:22.112+0000] {dag.py:3089} INFO - Sync 1 DAGs
[2024-11-18T20:28:22.137+0000] {logging_mixin.py:188} INFO - [2024-11-18T20:28:22.137+0000] {dag.py:3947} INFO - Setting next_dagrun for latest_only_with_trigger to 2024-11-18 16:00:00+00:00, run_after=2024-11-18 20:00:00+00:00
[2024-11-18T20:28:22.160+0000] {processor.py:183} INFO - Processing /home/airflow/.local/lib/python3.11/site-packages/airflow/example_dags/example_latest_only_with_trigger.py took 0.100 seconds
[2024-11-18T20:28:52.206+0000] {processor.py:161} INFO - Started process (PID=1200) to work on /home/airflow/.local/lib/python3.11/site-packages/airflow/example_dags/example_latest_only_with_trigger.py
[2024-11-18T20:28:52.207+0000] {processor.py:830} INFO - Processing file /home/airflow/.local/lib/python3.11/site-packages/airflow/example_dags/example_latest_only_with_trigger.py for tasks to queue
[2024-11-18T20:28:52.208+0000] {logging_mixin.py:188} INFO - [2024-11-18T20:28:52.208+0000] {dagbag.py:545} INFO - Filling up the DagBag from /home/airflow/.local/lib/python3.11/site-packages/airflow/example_dags/example_latest_only_with_trigger.py
[2024-11-18T20:28:52.214+0000] {processor.py:840} INFO - DAG(s) 'latest_only_with_trigger' retrieved from /home/airflow/.local/lib/python3.11/site-packages/airflow/example_dags/example_latest_only_with_trigger.py
[2024-11-18T20:28:52.233+0000] {logging_mixin.py:188} INFO - [2024-11-18T20:28:52.233+0000] {dag.py:3089} INFO - Sync 1 DAGs
[2024-11-18T20:28:52.255+0000] {logging_mixin.py:188} INFO - [2024-11-18T20:28:52.255+0000] {dag.py:3947} INFO - Setting next_dagrun for latest_only_with_trigger to 2024-11-18 16:00:00+00:00, run_after=2024-11-18 20:00:00+00:00
[2024-11-18T20:28:52.276+0000] {processor.py:183} INFO - Processing /home/airflow/.local/lib/python3.11/site-packages/airflow/example_dags/example_latest_only_with_trigger.py took 0.075 seconds
[2024-11-18T20:29:22.714+0000] {processor.py:161} INFO - Started process (PID=1260) to work on /home/airflow/.local/lib/python3.11/site-packages/airflow/example_dags/example_latest_only_with_trigger.py
[2024-11-18T20:29:22.715+0000] {processor.py:830} INFO - Processing file /home/airflow/.local/lib/python3.11/site-packages/airflow/example_dags/example_latest_only_with_trigger.py for tasks to queue
[2024-11-18T20:29:22.717+0000] {logging_mixin.py:188} INFO - [2024-11-18T20:29:22.717+0000] {dagbag.py:545} INFO - Filling up the DagBag from /home/airflow/.local/lib/python3.11/site-packages/airflow/example_dags/example_latest_only_with_trigger.py
[2024-11-18T20:29:22.722+0000] {processor.py:840} INFO - DAG(s) 'latest_only_with_trigger' retrieved from /home/airflow/.local/lib/python3.11/site-packages/airflow/example_dags/example_latest_only_with_trigger.py
[2024-11-18T20:29:22.744+0000] {logging_mixin.py:188} INFO - [2024-11-18T20:29:22.744+0000] {dag.py:3089} INFO - Sync 1 DAGs
[2024-11-18T20:29:22.767+0000] {logging_mixin.py:188} INFO - [2024-11-18T20:29:22.767+0000] {dag.py:3947} INFO - Setting next_dagrun for latest_only_with_trigger to 2024-11-18 16:00:00+00:00, run_after=2024-11-18 20:00:00+00:00
[2024-11-18T20:29:22.793+0000] {processor.py:183} INFO - Processing /home/airflow/.local/lib/python3.11/site-packages/airflow/example_dags/example_latest_only_with_trigger.py took 0.085 seconds
[2024-11-18T20:29:52.879+0000] {processor.py:161} INFO - Started process (PID=1318) to work on /home/airflow/.local/lib/python3.11/site-packages/airflow/example_dags/example_latest_only_with_trigger.py
[2024-11-18T20:29:52.880+0000] {processor.py:830} INFO - Processing file /home/airflow/.local/lib/python3.11/site-packages/airflow/example_dags/example_latest_only_with_trigger.py for tasks to queue
[2024-11-18T20:29:52.882+0000] {logging_mixin.py:188} INFO - [2024-11-18T20:29:52.882+0000] {dagbag.py:545} INFO - Filling up the DagBag from /home/airflow/.local/lib/python3.11/site-packages/airflow/example_dags/example_latest_only_with_trigger.py
[2024-11-18T20:29:52.887+0000] {processor.py:840} INFO - DAG(s) 'latest_only_with_trigger' retrieved from /home/airflow/.local/lib/python3.11/site-packages/airflow/example_dags/example_latest_only_with_trigger.py
[2024-11-18T20:29:52.906+0000] {logging_mixin.py:188} INFO - [2024-11-18T20:29:52.906+0000] {dag.py:3089} INFO - Sync 1 DAGs
[2024-11-18T20:29:52.925+0000] {logging_mixin.py:188} INFO - [2024-11-18T20:29:52.924+0000] {dag.py:3947} INFO - Setting next_dagrun for latest_only_with_trigger to 2024-11-18 16:00:00+00:00, run_after=2024-11-18 20:00:00+00:00
[2024-11-18T20:29:52.946+0000] {processor.py:183} INFO - Processing /home/airflow/.local/lib/python3.11/site-packages/airflow/example_dags/example_latest_only_with_trigger.py took 0.072 seconds
[2024-11-18T20:30:23.419+0000] {processor.py:161} INFO - Started process (PID=1378) to work on /home/airflow/.local/lib/python3.11/site-packages/airflow/example_dags/example_latest_only_with_trigger.py
[2024-11-18T20:30:23.420+0000] {processor.py:830} INFO - Processing file /home/airflow/.local/lib/python3.11/site-packages/airflow/example_dags/example_latest_only_with_trigger.py for tasks to queue
[2024-11-18T20:30:23.422+0000] {logging_mixin.py:188} INFO - [2024-11-18T20:30:23.422+0000] {dagbag.py:545} INFO - Filling up the DagBag from /home/airflow/.local/lib/python3.11/site-packages/airflow/example_dags/example_latest_only_with_trigger.py
[2024-11-18T20:30:23.428+0000] {processor.py:840} INFO - DAG(s) 'latest_only_with_trigger' retrieved from /home/airflow/.local/lib/python3.11/site-packages/airflow/example_dags/example_latest_only_with_trigger.py
[2024-11-18T20:30:23.452+0000] {logging_mixin.py:188} INFO - [2024-11-18T20:30:23.452+0000] {dag.py:3089} INFO - Sync 1 DAGs
[2024-11-18T20:30:23.474+0000] {logging_mixin.py:188} INFO - [2024-11-18T20:30:23.474+0000] {dag.py:3947} INFO - Setting next_dagrun for latest_only_with_trigger to 2024-11-18 16:00:00+00:00, run_after=2024-11-18 20:00:00+00:00
[2024-11-18T20:30:23.500+0000] {processor.py:183} INFO - Processing /home/airflow/.local/lib/python3.11/site-packages/airflow/example_dags/example_latest_only_with_trigger.py took 0.087 seconds
[2024-11-18T20:30:53.549+0000] {processor.py:161} INFO - Started process (PID=1437) to work on /home/airflow/.local/lib/python3.11/site-packages/airflow/example_dags/example_latest_only_with_trigger.py
[2024-11-18T20:30:53.550+0000] {processor.py:830} INFO - Processing file /home/airflow/.local/lib/python3.11/site-packages/airflow/example_dags/example_latest_only_with_trigger.py for tasks to queue
[2024-11-18T20:30:53.551+0000] {logging_mixin.py:188} INFO - [2024-11-18T20:30:53.551+0000] {dagbag.py:545} INFO - Filling up the DagBag from /home/airflow/.local/lib/python3.11/site-packages/airflow/example_dags/example_latest_only_with_trigger.py
[2024-11-18T20:30:53.557+0000] {processor.py:840} INFO - DAG(s) 'latest_only_with_trigger' retrieved from /home/airflow/.local/lib/python3.11/site-packages/airflow/example_dags/example_latest_only_with_trigger.py
[2024-11-18T20:30:53.575+0000] {logging_mixin.py:188} INFO - [2024-11-18T20:30:53.574+0000] {dag.py:3089} INFO - Sync 1 DAGs
[2024-11-18T20:30:53.597+0000] {logging_mixin.py:188} INFO - [2024-11-18T20:30:53.597+0000] {dag.py:3947} INFO - Setting next_dagrun for latest_only_with_trigger to 2024-11-18 16:00:00+00:00, run_after=2024-11-18 20:00:00+00:00
[2024-11-18T20:30:53.620+0000] {processor.py:183} INFO - Processing /home/airflow/.local/lib/python3.11/site-packages/airflow/example_dags/example_latest_only_with_trigger.py took 0.077 seconds
[2024-11-18T20:31:23.706+0000] {processor.py:161} INFO - Started process (PID=1496) to work on /home/airflow/.local/lib/python3.11/site-packages/airflow/example_dags/example_latest_only_with_trigger.py
[2024-11-18T20:31:23.707+0000] {processor.py:830} INFO - Processing file /home/airflow/.local/lib/python3.11/site-packages/airflow/example_dags/example_latest_only_with_trigger.py for tasks to queue
[2024-11-18T20:31:23.709+0000] {logging_mixin.py:188} INFO - [2024-11-18T20:31:23.709+0000] {dagbag.py:545} INFO - Filling up the DagBag from /home/airflow/.local/lib/python3.11/site-packages/airflow/example_dags/example_latest_only_with_trigger.py
[2024-11-18T20:31:23.715+0000] {processor.py:840} INFO - DAG(s) 'latest_only_with_trigger' retrieved from /home/airflow/.local/lib/python3.11/site-packages/airflow/example_dags/example_latest_only_with_trigger.py
[2024-11-18T20:31:23.735+0000] {logging_mixin.py:188} INFO - [2024-11-18T20:31:23.735+0000] {dag.py:3089} INFO - Sync 1 DAGs
[2024-11-18T20:31:23.756+0000] {logging_mixin.py:188} INFO - [2024-11-18T20:31:23.756+0000] {dag.py:3947} INFO - Setting next_dagrun for latest_only_with_trigger to 2024-11-18 16:00:00+00:00, run_after=2024-11-18 20:00:00+00:00
[2024-11-18T20:31:23.789+0000] {processor.py:183} INFO - Processing /home/airflow/.local/lib/python3.11/site-packages/airflow/example_dags/example_latest_only_with_trigger.py took 0.088 seconds
[2024-11-18T20:31:54.194+0000] {processor.py:161} INFO - Started process (PID=1556) to work on /home/airflow/.local/lib/python3.11/site-packages/airflow/example_dags/example_latest_only_with_trigger.py
[2024-11-18T20:31:54.197+0000] {processor.py:830} INFO - Processing file /home/airflow/.local/lib/python3.11/site-packages/airflow/example_dags/example_latest_only_with_trigger.py for tasks to queue
[2024-11-18T20:31:54.202+0000] {logging_mixin.py:188} INFO - [2024-11-18T20:31:54.201+0000] {dagbag.py:545} INFO - Filling up the DagBag from /home/airflow/.local/lib/python3.11/site-packages/airflow/example_dags/example_latest_only_with_trigger.py
[2024-11-18T20:31:54.214+0000] {processor.py:840} INFO - DAG(s) 'latest_only_with_trigger' retrieved from /home/airflow/.local/lib/python3.11/site-packages/airflow/example_dags/example_latest_only_with_trigger.py
[2024-11-18T20:31:54.266+0000] {logging_mixin.py:188} INFO - [2024-11-18T20:31:54.264+0000] {dag.py:3089} INFO - Sync 1 DAGs
[2024-11-18T20:31:54.318+0000] {logging_mixin.py:188} INFO - [2024-11-18T20:31:54.317+0000] {dag.py:3947} INFO - Setting next_dagrun for latest_only_with_trigger to 2024-11-18 16:00:00+00:00, run_after=2024-11-18 20:00:00+00:00
[2024-11-18T20:31:54.378+0000] {processor.py:183} INFO - Processing /home/airflow/.local/lib/python3.11/site-packages/airflow/example_dags/example_latest_only_with_trigger.py took 0.194 seconds
[2024-11-18T20:32:24.455+0000] {processor.py:161} INFO - Started process (PID=1614) to work on /home/airflow/.local/lib/python3.11/site-packages/airflow/example_dags/example_latest_only_with_trigger.py
[2024-11-18T20:32:24.456+0000] {processor.py:830} INFO - Processing file /home/airflow/.local/lib/python3.11/site-packages/airflow/example_dags/example_latest_only_with_trigger.py for tasks to queue
[2024-11-18T20:32:24.458+0000] {logging_mixin.py:188} INFO - [2024-11-18T20:32:24.458+0000] {dagbag.py:545} INFO - Filling up the DagBag from /home/airflow/.local/lib/python3.11/site-packages/airflow/example_dags/example_latest_only_with_trigger.py
[2024-11-18T20:32:24.462+0000] {processor.py:840} INFO - DAG(s) 'latest_only_with_trigger' retrieved from /home/airflow/.local/lib/python3.11/site-packages/airflow/example_dags/example_latest_only_with_trigger.py
[2024-11-18T20:32:24.480+0000] {logging_mixin.py:188} INFO - [2024-11-18T20:32:24.479+0000] {dag.py:3089} INFO - Sync 1 DAGs
[2024-11-18T20:32:24.498+0000] {logging_mixin.py:188} INFO - [2024-11-18T20:32:24.498+0000] {dag.py:3947} INFO - Setting next_dagrun for latest_only_with_trigger to 2024-11-18 16:00:00+00:00, run_after=2024-11-18 20:00:00+00:00
[2024-11-18T20:32:24.517+0000] {processor.py:183} INFO - Processing /home/airflow/.local/lib/python3.11/site-packages/airflow/example_dags/example_latest_only_with_trigger.py took 0.066 seconds
[2024-11-18T20:32:55.313+0000] {processor.py:161} INFO - Started process (PID=1674) to work on /home/airflow/.local/lib/python3.11/site-packages/airflow/example_dags/example_latest_only_with_trigger.py
[2024-11-18T20:32:55.315+0000] {processor.py:830} INFO - Processing file /home/airflow/.local/lib/python3.11/site-packages/airflow/example_dags/example_latest_only_with_trigger.py for tasks to queue
[2024-11-18T20:32:55.317+0000] {logging_mixin.py:188} INFO - [2024-11-18T20:32:55.317+0000] {dagbag.py:545} INFO - Filling up the DagBag from /home/airflow/.local/lib/python3.11/site-packages/airflow/example_dags/example_latest_only_with_trigger.py
[2024-11-18T20:32:55.330+0000] {processor.py:840} INFO - DAG(s) 'latest_only_with_trigger' retrieved from /home/airflow/.local/lib/python3.11/site-packages/airflow/example_dags/example_latest_only_with_trigger.py
[2024-11-18T20:32:55.369+0000] {logging_mixin.py:188} INFO - [2024-11-18T20:32:55.369+0000] {dag.py:3089} INFO - Sync 1 DAGs
[2024-11-18T20:32:55.425+0000] {logging_mixin.py:188} INFO - [2024-11-18T20:32:55.424+0000] {dag.py:3947} INFO - Setting next_dagrun for latest_only_with_trigger to 2024-11-18 16:00:00+00:00, run_after=2024-11-18 20:00:00+00:00
[2024-11-18T20:32:55.480+0000] {processor.py:183} INFO - Processing /home/airflow/.local/lib/python3.11/site-packages/airflow/example_dags/example_latest_only_with_trigger.py took 0.201 seconds
[2024-11-18T20:33:26.104+0000] {processor.py:161} INFO - Started process (PID=1733) to work on /home/airflow/.local/lib/python3.11/site-packages/airflow/example_dags/example_latest_only_with_trigger.py
[2024-11-18T20:33:26.118+0000] {processor.py:830} INFO - Processing file /home/airflow/.local/lib/python3.11/site-packages/airflow/example_dags/example_latest_only_with_trigger.py for tasks to queue
[2024-11-18T20:33:26.126+0000] {logging_mixin.py:188} INFO - [2024-11-18T20:33:26.126+0000] {dagbag.py:545} INFO - Filling up the DagBag from /home/airflow/.local/lib/python3.11/site-packages/airflow/example_dags/example_latest_only_with_trigger.py
[2024-11-18T20:33:26.143+0000] {processor.py:840} INFO - DAG(s) 'latest_only_with_trigger' retrieved from /home/airflow/.local/lib/python3.11/site-packages/airflow/example_dags/example_latest_only_with_trigger.py
[2024-11-18T20:33:26.202+0000] {logging_mixin.py:188} INFO - [2024-11-18T20:33:26.202+0000] {dag.py:3089} INFO - Sync 1 DAGs
[2024-11-18T20:33:26.277+0000] {logging_mixin.py:188} INFO - [2024-11-18T20:33:26.277+0000] {dag.py:3947} INFO - Setting next_dagrun for latest_only_with_trigger to 2024-11-18 16:00:00+00:00, run_after=2024-11-18 20:00:00+00:00
[2024-11-18T20:33:26.333+0000] {processor.py:183} INFO - Processing /home/airflow/.local/lib/python3.11/site-packages/airflow/example_dags/example_latest_only_with_trigger.py took 0.238 seconds
[2024-11-18T20:33:57.078+0000] {processor.py:161} INFO - Started process (PID=1792) to work on /home/airflow/.local/lib/python3.11/site-packages/airflow/example_dags/example_latest_only_with_trigger.py
[2024-11-18T20:33:57.082+0000] {processor.py:830} INFO - Processing file /home/airflow/.local/lib/python3.11/site-packages/airflow/example_dags/example_latest_only_with_trigger.py for tasks to queue
[2024-11-18T20:33:57.084+0000] {logging_mixin.py:188} INFO - [2024-11-18T20:33:57.083+0000] {dagbag.py:545} INFO - Filling up the DagBag from /home/airflow/.local/lib/python3.11/site-packages/airflow/example_dags/example_latest_only_with_trigger.py
[2024-11-18T20:33:57.092+0000] {processor.py:840} INFO - DAG(s) 'latest_only_with_trigger' retrieved from /home/airflow/.local/lib/python3.11/site-packages/airflow/example_dags/example_latest_only_with_trigger.py
[2024-11-18T20:33:57.113+0000] {logging_mixin.py:188} INFO - [2024-11-18T20:33:57.113+0000] {dag.py:3089} INFO - Sync 1 DAGs
[2024-11-18T20:33:57.144+0000] {logging_mixin.py:188} INFO - [2024-11-18T20:33:57.143+0000] {dag.py:3947} INFO - Setting next_dagrun for latest_only_with_trigger to 2024-11-18 16:00:00+00:00, run_after=2024-11-18 20:00:00+00:00
[2024-11-18T20:33:57.169+0000] {processor.py:183} INFO - Processing /home/airflow/.local/lib/python3.11/site-packages/airflow/example_dags/example_latest_only_with_trigger.py took 0.105 seconds
[2024-11-18T20:34:27.352+0000] {processor.py:161} INFO - Started process (PID=1851) to work on /home/airflow/.local/lib/python3.11/site-packages/airflow/example_dags/example_latest_only_with_trigger.py
[2024-11-18T20:34:27.353+0000] {processor.py:830} INFO - Processing file /home/airflow/.local/lib/python3.11/site-packages/airflow/example_dags/example_latest_only_with_trigger.py for tasks to queue
[2024-11-18T20:34:27.354+0000] {logging_mixin.py:188} INFO - [2024-11-18T20:34:27.354+0000] {dagbag.py:545} INFO - Filling up the DagBag from /home/airflow/.local/lib/python3.11/site-packages/airflow/example_dags/example_latest_only_with_trigger.py
[2024-11-18T20:34:27.359+0000] {processor.py:840} INFO - DAG(s) 'latest_only_with_trigger' retrieved from /home/airflow/.local/lib/python3.11/site-packages/airflow/example_dags/example_latest_only_with_trigger.py
[2024-11-18T20:34:27.379+0000] {logging_mixin.py:188} INFO - [2024-11-18T20:34:27.379+0000] {dag.py:3089} INFO - Sync 1 DAGs
[2024-11-18T20:34:27.397+0000] {logging_mixin.py:188} INFO - [2024-11-18T20:34:27.396+0000] {dag.py:3947} INFO - Setting next_dagrun for latest_only_with_trigger to 2024-11-18 16:00:00+00:00, run_after=2024-11-18 20:00:00+00:00
[2024-11-18T20:34:27.414+0000] {processor.py:183} INFO - Processing /home/airflow/.local/lib/python3.11/site-packages/airflow/example_dags/example_latest_only_with_trigger.py took 0.069 seconds
[2024-11-18T20:34:57.969+0000] {processor.py:161} INFO - Started process (PID=1910) to work on /home/airflow/.local/lib/python3.11/site-packages/airflow/example_dags/example_latest_only_with_trigger.py
[2024-11-18T20:34:57.970+0000] {processor.py:830} INFO - Processing file /home/airflow/.local/lib/python3.11/site-packages/airflow/example_dags/example_latest_only_with_trigger.py for tasks to queue
[2024-11-18T20:34:57.972+0000] {logging_mixin.py:188} INFO - [2024-11-18T20:34:57.972+0000] {dagbag.py:545} INFO - Filling up the DagBag from /home/airflow/.local/lib/python3.11/site-packages/airflow/example_dags/example_latest_only_with_trigger.py
[2024-11-18T20:34:57.979+0000] {processor.py:840} INFO - DAG(s) 'latest_only_with_trigger' retrieved from /home/airflow/.local/lib/python3.11/site-packages/airflow/example_dags/example_latest_only_with_trigger.py
[2024-11-18T20:34:58.001+0000] {logging_mixin.py:188} INFO - [2024-11-18T20:34:58.001+0000] {dag.py:3089} INFO - Sync 1 DAGs
[2024-11-18T20:34:58.024+0000] {logging_mixin.py:188} INFO - [2024-11-18T20:34:58.024+0000] {dag.py:3947} INFO - Setting next_dagrun for latest_only_with_trigger to 2024-11-18 16:00:00+00:00, run_after=2024-11-18 20:00:00+00:00
[2024-11-18T20:34:58.047+0000] {processor.py:183} INFO - Processing /home/airflow/.local/lib/python3.11/site-packages/airflow/example_dags/example_latest_only_with_trigger.py took 0.085 seconds
[2024-11-18T20:35:28.242+0000] {processor.py:161} INFO - Started process (PID=1969) to work on /home/airflow/.local/lib/python3.11/site-packages/airflow/example_dags/example_latest_only_with_trigger.py
[2024-11-18T20:35:28.243+0000] {processor.py:830} INFO - Processing file /home/airflow/.local/lib/python3.11/site-packages/airflow/example_dags/example_latest_only_with_trigger.py for tasks to queue
[2024-11-18T20:35:28.244+0000] {logging_mixin.py:188} INFO - [2024-11-18T20:35:28.244+0000] {dagbag.py:545} INFO - Filling up the DagBag from /home/airflow/.local/lib/python3.11/site-packages/airflow/example_dags/example_latest_only_with_trigger.py
[2024-11-18T20:35:28.249+0000] {processor.py:840} INFO - DAG(s) 'latest_only_with_trigger' retrieved from /home/airflow/.local/lib/python3.11/site-packages/airflow/example_dags/example_latest_only_with_trigger.py
[2024-11-18T20:35:28.268+0000] {logging_mixin.py:188} INFO - [2024-11-18T20:35:28.267+0000] {dag.py:3089} INFO - Sync 1 DAGs
[2024-11-18T20:35:28.287+0000] {logging_mixin.py:188} INFO - [2024-11-18T20:35:28.287+0000] {dag.py:3947} INFO - Setting next_dagrun for latest_only_with_trigger to 2024-11-18 16:00:00+00:00, run_after=2024-11-18 20:00:00+00:00
[2024-11-18T20:35:28.315+0000] {processor.py:183} INFO - Processing /home/airflow/.local/lib/python3.11/site-packages/airflow/example_dags/example_latest_only_with_trigger.py took 0.078 seconds
[2024-11-18T20:35:59.069+0000] {processor.py:161} INFO - Started process (PID=2028) to work on /home/airflow/.local/lib/python3.11/site-packages/airflow/example_dags/example_latest_only_with_trigger.py
[2024-11-18T20:35:59.082+0000] {processor.py:830} INFO - Processing file /home/airflow/.local/lib/python3.11/site-packages/airflow/example_dags/example_latest_only_with_trigger.py for tasks to queue
[2024-11-18T20:35:59.085+0000] {logging_mixin.py:188} INFO - [2024-11-18T20:35:59.085+0000] {dagbag.py:545} INFO - Filling up the DagBag from /home/airflow/.local/lib/python3.11/site-packages/airflow/example_dags/example_latest_only_with_trigger.py
[2024-11-18T20:35:59.120+0000] {processor.py:840} INFO - DAG(s) 'latest_only_with_trigger' retrieved from /home/airflow/.local/lib/python3.11/site-packages/airflow/example_dags/example_latest_only_with_trigger.py
[2024-11-18T20:35:59.194+0000] {logging_mixin.py:188} INFO - [2024-11-18T20:35:59.193+0000] {dag.py:3089} INFO - Sync 1 DAGs
[2024-11-18T20:35:59.276+0000] {logging_mixin.py:188} INFO - [2024-11-18T20:35:59.275+0000] {dag.py:3947} INFO - Setting next_dagrun for latest_only_with_trigger to 2024-11-18 16:00:00+00:00, run_after=2024-11-18 20:00:00+00:00
[2024-11-18T20:35:59.323+0000] {processor.py:183} INFO - Processing /home/airflow/.local/lib/python3.11/site-packages/airflow/example_dags/example_latest_only_with_trigger.py took 0.272 seconds
[2024-11-18T20:36:29.727+0000] {processor.py:161} INFO - Started process (PID=2086) to work on /home/airflow/.local/lib/python3.11/site-packages/airflow/example_dags/example_latest_only_with_trigger.py
[2024-11-18T20:36:29.729+0000] {processor.py:830} INFO - Processing file /home/airflow/.local/lib/python3.11/site-packages/airflow/example_dags/example_latest_only_with_trigger.py for tasks to queue
[2024-11-18T20:36:29.731+0000] {logging_mixin.py:188} INFO - [2024-11-18T20:36:29.731+0000] {dagbag.py:545} INFO - Filling up the DagBag from /home/airflow/.local/lib/python3.11/site-packages/airflow/example_dags/example_latest_only_with_trigger.py
[2024-11-18T20:36:29.743+0000] {processor.py:840} INFO - DAG(s) 'latest_only_with_trigger' retrieved from /home/airflow/.local/lib/python3.11/site-packages/airflow/example_dags/example_latest_only_with_trigger.py
[2024-11-18T20:36:29.770+0000] {logging_mixin.py:188} INFO - [2024-11-18T20:36:29.770+0000] {dag.py:3089} INFO - Sync 1 DAGs
[2024-11-18T20:36:29.805+0000] {logging_mixin.py:188} INFO - [2024-11-18T20:36:29.805+0000] {dag.py:3947} INFO - Setting next_dagrun for latest_only_with_trigger to 2024-11-18 16:00:00+00:00, run_after=2024-11-18 20:00:00+00:00
[2024-11-18T20:36:29.840+0000] {processor.py:183} INFO - Processing /home/airflow/.local/lib/python3.11/site-packages/airflow/example_dags/example_latest_only_with_trigger.py took 0.121 seconds
[2024-11-18T20:37:00.049+0000] {processor.py:161} INFO - Started process (PID=2146) to work on /home/airflow/.local/lib/python3.11/site-packages/airflow/example_dags/example_latest_only_with_trigger.py
[2024-11-18T20:37:00.050+0000] {processor.py:830} INFO - Processing file /home/airflow/.local/lib/python3.11/site-packages/airflow/example_dags/example_latest_only_with_trigger.py for tasks to queue
[2024-11-18T20:37:00.052+0000] {logging_mixin.py:188} INFO - [2024-11-18T20:37:00.052+0000] {dagbag.py:545} INFO - Filling up the DagBag from /home/airflow/.local/lib/python3.11/site-packages/airflow/example_dags/example_latest_only_with_trigger.py
[2024-11-18T20:37:00.058+0000] {processor.py:840} INFO - DAG(s) 'latest_only_with_trigger' retrieved from /home/airflow/.local/lib/python3.11/site-packages/airflow/example_dags/example_latest_only_with_trigger.py
[2024-11-18T20:37:00.083+0000] {logging_mixin.py:188} INFO - [2024-11-18T20:37:00.082+0000] {dag.py:3089} INFO - Sync 1 DAGs
[2024-11-18T20:37:00.110+0000] {logging_mixin.py:188} INFO - [2024-11-18T20:37:00.110+0000] {dag.py:3947} INFO - Setting next_dagrun for latest_only_with_trigger to 2024-11-18 16:00:00+00:00, run_after=2024-11-18 20:00:00+00:00
[2024-11-18T20:37:00.139+0000] {processor.py:183} INFO - Processing /home/airflow/.local/lib/python3.11/site-packages/airflow/example_dags/example_latest_only_with_trigger.py took 0.096 seconds
[2024-11-18T20:37:31.001+0000] {processor.py:161} INFO - Started process (PID=2205) to work on /home/airflow/.local/lib/python3.11/site-packages/airflow/example_dags/example_latest_only_with_trigger.py
[2024-11-18T20:37:31.002+0000] {processor.py:830} INFO - Processing file /home/airflow/.local/lib/python3.11/site-packages/airflow/example_dags/example_latest_only_with_trigger.py for tasks to queue
[2024-11-18T20:37:31.004+0000] {logging_mixin.py:188} INFO - [2024-11-18T20:37:31.004+0000] {dagbag.py:545} INFO - Filling up the DagBag from /home/airflow/.local/lib/python3.11/site-packages/airflow/example_dags/example_latest_only_with_trigger.py
[2024-11-18T20:37:31.011+0000] {processor.py:840} INFO - DAG(s) 'latest_only_with_trigger' retrieved from /home/airflow/.local/lib/python3.11/site-packages/airflow/example_dags/example_latest_only_with_trigger.py
[2024-11-18T20:37:31.036+0000] {logging_mixin.py:188} INFO - [2024-11-18T20:37:31.035+0000] {dag.py:3089} INFO - Sync 1 DAGs
[2024-11-18T20:37:31.062+0000] {logging_mixin.py:188} INFO - [2024-11-18T20:37:31.062+0000] {dag.py:3947} INFO - Setting next_dagrun for latest_only_with_trigger to 2024-11-18 16:00:00+00:00, run_after=2024-11-18 20:00:00+00:00
[2024-11-18T20:37:31.087+0000] {processor.py:183} INFO - Processing /home/airflow/.local/lib/python3.11/site-packages/airflow/example_dags/example_latest_only_with_trigger.py took 0.093 seconds
[2024-11-18T20:38:01.465+0000] {processor.py:161} INFO - Started process (PID=2265) to work on /home/airflow/.local/lib/python3.11/site-packages/airflow/example_dags/example_latest_only_with_trigger.py
[2024-11-18T20:38:01.466+0000] {processor.py:830} INFO - Processing file /home/airflow/.local/lib/python3.11/site-packages/airflow/example_dags/example_latest_only_with_trigger.py for tasks to queue
[2024-11-18T20:38:01.470+0000] {logging_mixin.py:188} INFO - [2024-11-18T20:38:01.469+0000] {dagbag.py:545} INFO - Filling up the DagBag from /home/airflow/.local/lib/python3.11/site-packages/airflow/example_dags/example_latest_only_with_trigger.py
[2024-11-18T20:38:01.477+0000] {processor.py:840} INFO - DAG(s) 'latest_only_with_trigger' retrieved from /home/airflow/.local/lib/python3.11/site-packages/airflow/example_dags/example_latest_only_with_trigger.py
[2024-11-18T20:38:01.530+0000] {logging_mixin.py:188} INFO - [2024-11-18T20:38:01.530+0000] {dag.py:3089} INFO - Sync 1 DAGs
[2024-11-18T20:38:01.556+0000] {logging_mixin.py:188} INFO - [2024-11-18T20:38:01.556+0000] {dag.py:3947} INFO - Setting next_dagrun for latest_only_with_trigger to 2024-11-18 16:00:00+00:00, run_after=2024-11-18 20:00:00+00:00
[2024-11-18T20:38:01.575+0000] {processor.py:183} INFO - Processing /home/airflow/.local/lib/python3.11/site-packages/airflow/example_dags/example_latest_only_with_trigger.py took 0.117 seconds
[2024-11-18T20:38:31.667+0000] {processor.py:161} INFO - Started process (PID=2328) to work on /home/airflow/.local/lib/python3.11/site-packages/airflow/example_dags/example_latest_only_with_trigger.py
[2024-11-18T20:38:31.668+0000] {processor.py:830} INFO - Processing file /home/airflow/.local/lib/python3.11/site-packages/airflow/example_dags/example_latest_only_with_trigger.py for tasks to queue
[2024-11-18T20:38:31.670+0000] {logging_mixin.py:188} INFO - [2024-11-18T20:38:31.670+0000] {dagbag.py:545} INFO - Filling up the DagBag from /home/airflow/.local/lib/python3.11/site-packages/airflow/example_dags/example_latest_only_with_trigger.py
[2024-11-18T20:38:31.675+0000] {processor.py:840} INFO - DAG(s) 'latest_only_with_trigger' retrieved from /home/airflow/.local/lib/python3.11/site-packages/airflow/example_dags/example_latest_only_with_trigger.py
[2024-11-18T20:38:31.696+0000] {logging_mixin.py:188} INFO - [2024-11-18T20:38:31.695+0000] {dag.py:3089} INFO - Sync 1 DAGs
[2024-11-18T20:38:31.722+0000] {logging_mixin.py:188} INFO - [2024-11-18T20:38:31.721+0000] {dag.py:3947} INFO - Setting next_dagrun for latest_only_with_trigger to 2024-11-18 16:00:00+00:00, run_after=2024-11-18 20:00:00+00:00
[2024-11-18T20:38:31.747+0000] {processor.py:183} INFO - Processing /home/airflow/.local/lib/python3.11/site-packages/airflow/example_dags/example_latest_only_with_trigger.py took 0.085 seconds
[2024-11-18T20:39:01.974+0000] {processor.py:161} INFO - Started process (PID=2393) to work on /home/airflow/.local/lib/python3.11/site-packages/airflow/example_dags/example_latest_only_with_trigger.py
[2024-11-18T20:39:01.975+0000] {processor.py:830} INFO - Processing file /home/airflow/.local/lib/python3.11/site-packages/airflow/example_dags/example_latest_only_with_trigger.py for tasks to queue
[2024-11-18T20:39:01.977+0000] {logging_mixin.py:188} INFO - [2024-11-18T20:39:01.977+0000] {dagbag.py:545} INFO - Filling up the DagBag from /home/airflow/.local/lib/python3.11/site-packages/airflow/example_dags/example_latest_only_with_trigger.py
[2024-11-18T20:39:01.988+0000] {processor.py:840} INFO - DAG(s) 'latest_only_with_trigger' retrieved from /home/airflow/.local/lib/python3.11/site-packages/airflow/example_dags/example_latest_only_with_trigger.py
[2024-11-18T20:39:02.039+0000] {logging_mixin.py:188} INFO - [2024-11-18T20:39:02.038+0000] {dag.py:3089} INFO - Sync 1 DAGs
[2024-11-18T20:39:02.089+0000] {logging_mixin.py:188} INFO - [2024-11-18T20:39:02.088+0000] {dag.py:3947} INFO - Setting next_dagrun for latest_only_with_trigger to 2024-11-18 16:00:00+00:00, run_after=2024-11-18 20:00:00+00:00
[2024-11-18T20:39:02.116+0000] {processor.py:183} INFO - Processing /home/airflow/.local/lib/python3.11/site-packages/airflow/example_dags/example_latest_only_with_trigger.py took 0.149 seconds
[2024-11-18T20:39:32.719+0000] {processor.py:161} INFO - Started process (PID=2454) to work on /home/airflow/.local/lib/python3.11/site-packages/airflow/example_dags/example_latest_only_with_trigger.py
[2024-11-18T20:39:32.720+0000] {processor.py:830} INFO - Processing file /home/airflow/.local/lib/python3.11/site-packages/airflow/example_dags/example_latest_only_with_trigger.py for tasks to queue
[2024-11-18T20:39:32.723+0000] {logging_mixin.py:188} INFO - [2024-11-18T20:39:32.722+0000] {dagbag.py:545} INFO - Filling up the DagBag from /home/airflow/.local/lib/python3.11/site-packages/airflow/example_dags/example_latest_only_with_trigger.py
[2024-11-18T20:39:32.731+0000] {processor.py:840} INFO - DAG(s) 'latest_only_with_trigger' retrieved from /home/airflow/.local/lib/python3.11/site-packages/airflow/example_dags/example_latest_only_with_trigger.py
[2024-11-18T20:39:32.755+0000] {logging_mixin.py:188} INFO - [2024-11-18T20:39:32.755+0000] {dag.py:3089} INFO - Sync 1 DAGs
[2024-11-18T20:39:32.781+0000] {logging_mixin.py:188} INFO - [2024-11-18T20:39:32.780+0000] {dag.py:3947} INFO - Setting next_dagrun for latest_only_with_trigger to 2024-11-18 16:00:00+00:00, run_after=2024-11-18 20:00:00+00:00
[2024-11-18T20:39:32.810+0000] {processor.py:183} INFO - Processing /home/airflow/.local/lib/python3.11/site-packages/airflow/example_dags/example_latest_only_with_trigger.py took 0.097 seconds
[2024-11-18T20:40:03.969+0000] {processor.py:161} INFO - Started process (PID=2512) to work on /home/airflow/.local/lib/python3.11/site-packages/airflow/example_dags/example_latest_only_with_trigger.py
[2024-11-18T20:40:03.970+0000] {processor.py:830} INFO - Processing file /home/airflow/.local/lib/python3.11/site-packages/airflow/example_dags/example_latest_only_with_trigger.py for tasks to queue
[2024-11-18T20:40:03.972+0000] {logging_mixin.py:188} INFO - [2024-11-18T20:40:03.972+0000] {dagbag.py:545} INFO - Filling up the DagBag from /home/airflow/.local/lib/python3.11/site-packages/airflow/example_dags/example_latest_only_with_trigger.py
[2024-11-18T20:40:03.979+0000] {processor.py:840} INFO - DAG(s) 'latest_only_with_trigger' retrieved from /home/airflow/.local/lib/python3.11/site-packages/airflow/example_dags/example_latest_only_with_trigger.py
[2024-11-18T20:40:04.001+0000] {logging_mixin.py:188} INFO - [2024-11-18T20:40:04.001+0000] {dag.py:3089} INFO - Sync 1 DAGs
[2024-11-18T20:40:04.025+0000] {logging_mixin.py:188} INFO - [2024-11-18T20:40:04.025+0000] {dag.py:3947} INFO - Setting next_dagrun for latest_only_with_trigger to 2024-11-18 16:00:00+00:00, run_after=2024-11-18 20:00:00+00:00
[2024-11-18T20:40:04.050+0000] {processor.py:183} INFO - Processing /home/airflow/.local/lib/python3.11/site-packages/airflow/example_dags/example_latest_only_with_trigger.py took 0.089 seconds
[2024-11-18T20:40:39.942+0000] {processor.py:161} INFO - Started process (PID=2578) to work on /home/airflow/.local/lib/python3.11/site-packages/airflow/example_dags/example_latest_only_with_trigger.py
[2024-11-18T20:40:39.945+0000] {processor.py:830} INFO - Processing file /home/airflow/.local/lib/python3.11/site-packages/airflow/example_dags/example_latest_only_with_trigger.py for tasks to queue
[2024-11-18T20:40:39.950+0000] {logging_mixin.py:188} INFO - [2024-11-18T20:40:39.949+0000] {dagbag.py:545} INFO - Filling up the DagBag from /home/airflow/.local/lib/python3.11/site-packages/airflow/example_dags/example_latest_only_with_trigger.py
[2024-11-18T20:40:39.963+0000] {processor.py:840} INFO - DAG(s) 'latest_only_with_trigger' retrieved from /home/airflow/.local/lib/python3.11/site-packages/airflow/example_dags/example_latest_only_with_trigger.py
[2024-11-18T20:40:55.602+0000] {logging_mixin.py:188} INFO - [2024-11-18T20:40:55.599+0000] {dag.py:3089} INFO - Sync 1 DAGs
[2024-11-18T20:40:55.948+0000] {logging_mixin.py:188} INFO - [2024-11-18T20:40:55.946+0000] {dag.py:3947} INFO - Setting next_dagrun for latest_only_with_trigger to 2024-11-18 16:00:00+00:00, run_after=2024-11-18 20:00:00+00:00
[2024-11-18T20:40:56.159+0000] {processor.py:183} INFO - Processing /home/airflow/.local/lib/python3.11/site-packages/airflow/example_dags/example_latest_only_with_trigger.py took 16.232 seconds
[2024-11-18T20:43:57.318+0000] {processor.py:161} INFO - Started process (PID=86) to work on /home/airflow/.local/lib/python3.11/site-packages/airflow/example_dags/example_latest_only_with_trigger.py
[2024-11-18T20:43:57.320+0000] {processor.py:830} INFO - Processing file /home/airflow/.local/lib/python3.11/site-packages/airflow/example_dags/example_latest_only_with_trigger.py for tasks to queue
[2024-11-18T20:43:57.335+0000] {logging_mixin.py:188} INFO - [2024-11-18T20:43:57.325+0000] {dagbag.py:545} INFO - Filling up the DagBag from /home/airflow/.local/lib/python3.11/site-packages/airflow/example_dags/example_latest_only_with_trigger.py
[2024-11-18T20:43:57.378+0000] {processor.py:840} INFO - DAG(s) 'latest_only_with_trigger' retrieved from /home/airflow/.local/lib/python3.11/site-packages/airflow/example_dags/example_latest_only_with_trigger.py
[2024-11-18T20:43:57.411+0000] {logging_mixin.py:188} INFO - [2024-11-18T20:43:57.410+0000] {dag.py:3089} INFO - Sync 1 DAGs
[2024-11-18T20:43:57.467+0000] {logging_mixin.py:188} INFO - [2024-11-18T20:43:57.467+0000] {dag.py:3947} INFO - Setting next_dagrun for latest_only_with_trigger to 2024-11-18 16:00:00+00:00, run_after=2024-11-18 20:00:00+00:00
[2024-11-18T20:43:57.497+0000] {processor.py:183} INFO - Processing /home/airflow/.local/lib/python3.11/site-packages/airflow/example_dags/example_latest_only_with_trigger.py took 0.186 seconds
[2024-11-18T20:44:28.314+0000] {processor.py:161} INFO - Started process (PID=145) to work on /home/airflow/.local/lib/python3.11/site-packages/airflow/example_dags/example_latest_only_with_trigger.py
[2024-11-18T20:44:28.315+0000] {processor.py:830} INFO - Processing file /home/airflow/.local/lib/python3.11/site-packages/airflow/example_dags/example_latest_only_with_trigger.py for tasks to queue
[2024-11-18T20:44:28.318+0000] {logging_mixin.py:188} INFO - [2024-11-18T20:44:28.317+0000] {dagbag.py:545} INFO - Filling up the DagBag from /home/airflow/.local/lib/python3.11/site-packages/airflow/example_dags/example_latest_only_with_trigger.py
[2024-11-18T20:44:28.325+0000] {processor.py:840} INFO - DAG(s) 'latest_only_with_trigger' retrieved from /home/airflow/.local/lib/python3.11/site-packages/airflow/example_dags/example_latest_only_with_trigger.py
[2024-11-18T20:44:28.353+0000] {logging_mixin.py:188} INFO - [2024-11-18T20:44:28.352+0000] {dag.py:3089} INFO - Sync 1 DAGs
[2024-11-18T20:44:28.395+0000] {logging_mixin.py:188} INFO - [2024-11-18T20:44:28.395+0000] {dag.py:3947} INFO - Setting next_dagrun for latest_only_with_trigger to 2024-11-18 16:00:00+00:00, run_after=2024-11-18 20:00:00+00:00
[2024-11-18T20:44:28.433+0000] {processor.py:183} INFO - Processing /home/airflow/.local/lib/python3.11/site-packages/airflow/example_dags/example_latest_only_with_trigger.py took 0.128 seconds
[2024-11-18T20:44:59.198+0000] {processor.py:161} INFO - Started process (PID=203) to work on /home/airflow/.local/lib/python3.11/site-packages/airflow/example_dags/example_latest_only_with_trigger.py
[2024-11-18T20:44:59.199+0000] {processor.py:830} INFO - Processing file /home/airflow/.local/lib/python3.11/site-packages/airflow/example_dags/example_latest_only_with_trigger.py for tasks to queue
[2024-11-18T20:44:59.201+0000] {logging_mixin.py:188} INFO - [2024-11-18T20:44:59.201+0000] {dagbag.py:545} INFO - Filling up the DagBag from /home/airflow/.local/lib/python3.11/site-packages/airflow/example_dags/example_latest_only_with_trigger.py
[2024-11-18T20:44:59.207+0000] {processor.py:840} INFO - DAG(s) 'latest_only_with_trigger' retrieved from /home/airflow/.local/lib/python3.11/site-packages/airflow/example_dags/example_latest_only_with_trigger.py
[2024-11-18T20:44:59.230+0000] {logging_mixin.py:188} INFO - [2024-11-18T20:44:59.230+0000] {dag.py:3089} INFO - Sync 1 DAGs
[2024-11-18T20:44:59.254+0000] {logging_mixin.py:188} INFO - [2024-11-18T20:44:59.254+0000] {dag.py:3947} INFO - Setting next_dagrun for latest_only_with_trigger to 2024-11-18 16:00:00+00:00, run_after=2024-11-18 20:00:00+00:00
[2024-11-18T20:44:59.277+0000] {processor.py:183} INFO - Processing /home/airflow/.local/lib/python3.11/site-packages/airflow/example_dags/example_latest_only_with_trigger.py took 0.085 seconds
[2024-11-18T20:45:29.678+0000] {processor.py:161} INFO - Started process (PID=262) to work on /home/airflow/.local/lib/python3.11/site-packages/airflow/example_dags/example_latest_only_with_trigger.py
[2024-11-18T20:45:29.679+0000] {processor.py:830} INFO - Processing file /home/airflow/.local/lib/python3.11/site-packages/airflow/example_dags/example_latest_only_with_trigger.py for tasks to queue
[2024-11-18T20:45:29.681+0000] {logging_mixin.py:188} INFO - [2024-11-18T20:45:29.680+0000] {dagbag.py:545} INFO - Filling up the DagBag from /home/airflow/.local/lib/python3.11/site-packages/airflow/example_dags/example_latest_only_with_trigger.py
[2024-11-18T20:45:29.685+0000] {processor.py:840} INFO - DAG(s) 'latest_only_with_trigger' retrieved from /home/airflow/.local/lib/python3.11/site-packages/airflow/example_dags/example_latest_only_with_trigger.py
[2024-11-18T20:45:29.705+0000] {logging_mixin.py:188} INFO - [2024-11-18T20:45:29.704+0000] {dag.py:3089} INFO - Sync 1 DAGs
[2024-11-18T20:45:29.725+0000] {logging_mixin.py:188} INFO - [2024-11-18T20:45:29.724+0000] {dag.py:3947} INFO - Setting next_dagrun for latest_only_with_trigger to 2024-11-18 16:00:00+00:00, run_after=2024-11-18 20:00:00+00:00
[2024-11-18T20:45:29.745+0000] {processor.py:183} INFO - Processing /home/airflow/.local/lib/python3.11/site-packages/airflow/example_dags/example_latest_only_with_trigger.py took 0.071 seconds
[2024-11-18T20:45:59.979+0000] {processor.py:161} INFO - Started process (PID=321) to work on /home/airflow/.local/lib/python3.11/site-packages/airflow/example_dags/example_latest_only_with_trigger.py
[2024-11-18T20:45:59.980+0000] {processor.py:830} INFO - Processing file /home/airflow/.local/lib/python3.11/site-packages/airflow/example_dags/example_latest_only_with_trigger.py for tasks to queue
[2024-11-18T20:45:59.981+0000] {logging_mixin.py:188} INFO - [2024-11-18T20:45:59.981+0000] {dagbag.py:545} INFO - Filling up the DagBag from /home/airflow/.local/lib/python3.11/site-packages/airflow/example_dags/example_latest_only_with_trigger.py
[2024-11-18T20:45:59.987+0000] {processor.py:840} INFO - DAG(s) 'latest_only_with_trigger' retrieved from /home/airflow/.local/lib/python3.11/site-packages/airflow/example_dags/example_latest_only_with_trigger.py
[2024-11-18T20:46:00.009+0000] {logging_mixin.py:188} INFO - [2024-11-18T20:46:00.008+0000] {dag.py:3089} INFO - Sync 1 DAGs
[2024-11-18T20:46:00.030+0000] {logging_mixin.py:188} INFO - [2024-11-18T20:46:00.030+0000] {dag.py:3947} INFO - Setting next_dagrun for latest_only_with_trigger to 2024-11-18 16:00:00+00:00, run_after=2024-11-18 20:00:00+00:00
[2024-11-18T20:46:00.049+0000] {processor.py:183} INFO - Processing /home/airflow/.local/lib/python3.11/site-packages/airflow/example_dags/example_latest_only_with_trigger.py took 0.076 seconds
[2024-11-18T20:46:30.269+0000] {processor.py:161} INFO - Started process (PID=380) to work on /home/airflow/.local/lib/python3.11/site-packages/airflow/example_dags/example_latest_only_with_trigger.py
[2024-11-18T20:46:30.270+0000] {processor.py:830} INFO - Processing file /home/airflow/.local/lib/python3.11/site-packages/airflow/example_dags/example_latest_only_with_trigger.py for tasks to queue
[2024-11-18T20:46:30.272+0000] {logging_mixin.py:188} INFO - [2024-11-18T20:46:30.271+0000] {dagbag.py:545} INFO - Filling up the DagBag from /home/airflow/.local/lib/python3.11/site-packages/airflow/example_dags/example_latest_only_with_trigger.py
[2024-11-18T20:46:30.276+0000] {processor.py:840} INFO - DAG(s) 'latest_only_with_trigger' retrieved from /home/airflow/.local/lib/python3.11/site-packages/airflow/example_dags/example_latest_only_with_trigger.py
[2024-11-18T20:46:30.295+0000] {logging_mixin.py:188} INFO - [2024-11-18T20:46:30.295+0000] {dag.py:3089} INFO - Sync 1 DAGs
[2024-11-18T20:46:30.315+0000] {logging_mixin.py:188} INFO - [2024-11-18T20:46:30.315+0000] {dag.py:3947} INFO - Setting next_dagrun for latest_only_with_trigger to 2024-11-18 16:00:00+00:00, run_after=2024-11-18 20:00:00+00:00
[2024-11-18T20:46:30.333+0000] {processor.py:183} INFO - Processing /home/airflow/.local/lib/python3.11/site-packages/airflow/example_dags/example_latest_only_with_trigger.py took 0.070 seconds
[2024-11-18T20:47:00.435+0000] {processor.py:161} INFO - Started process (PID=439) to work on /home/airflow/.local/lib/python3.11/site-packages/airflow/example_dags/example_latest_only_with_trigger.py
[2024-11-18T20:47:00.436+0000] {processor.py:830} INFO - Processing file /home/airflow/.local/lib/python3.11/site-packages/airflow/example_dags/example_latest_only_with_trigger.py for tasks to queue
[2024-11-18T20:47:00.438+0000] {logging_mixin.py:188} INFO - [2024-11-18T20:47:00.438+0000] {dagbag.py:545} INFO - Filling up the DagBag from /home/airflow/.local/lib/python3.11/site-packages/airflow/example_dags/example_latest_only_with_trigger.py
[2024-11-18T20:47:00.442+0000] {processor.py:840} INFO - DAG(s) 'latest_only_with_trigger' retrieved from /home/airflow/.local/lib/python3.11/site-packages/airflow/example_dags/example_latest_only_with_trigger.py
[2024-11-18T20:47:00.460+0000] {logging_mixin.py:188} INFO - [2024-11-18T20:47:00.460+0000] {dag.py:3089} INFO - Sync 1 DAGs
[2024-11-18T20:47:00.480+0000] {logging_mixin.py:188} INFO - [2024-11-18T20:47:00.479+0000] {dag.py:3947} INFO - Setting next_dagrun for latest_only_with_trigger to 2024-11-18 16:00:00+00:00, run_after=2024-11-18 20:00:00+00:00
[2024-11-18T20:47:00.498+0000] {processor.py:183} INFO - Processing /home/airflow/.local/lib/python3.11/site-packages/airflow/example_dags/example_latest_only_with_trigger.py took 0.067 seconds
[2024-11-18T20:48:17.388+0000] {processor.py:161} INFO - Started process (PID=75) to work on /home/airflow/.local/lib/python3.11/site-packages/airflow/example_dags/example_latest_only_with_trigger.py
[2024-11-18T20:48:17.390+0000] {processor.py:830} INFO - Processing file /home/airflow/.local/lib/python3.11/site-packages/airflow/example_dags/example_latest_only_with_trigger.py for tasks to queue
[2024-11-18T20:48:17.393+0000] {logging_mixin.py:188} INFO - [2024-11-18T20:48:17.392+0000] {dagbag.py:545} INFO - Filling up the DagBag from /home/airflow/.local/lib/python3.11/site-packages/airflow/example_dags/example_latest_only_with_trigger.py
[2024-11-18T20:48:17.405+0000] {processor.py:840} INFO - DAG(s) 'latest_only_with_trigger' retrieved from /home/airflow/.local/lib/python3.11/site-packages/airflow/example_dags/example_latest_only_with_trigger.py
[2024-11-18T20:48:17.426+0000] {logging_mixin.py:188} INFO - [2024-11-18T20:48:17.426+0000] {dag.py:3089} INFO - Sync 1 DAGs
[2024-11-18T20:48:17.470+0000] {logging_mixin.py:188} INFO - [2024-11-18T20:48:17.470+0000] {dag.py:3947} INFO - Setting next_dagrun for latest_only_with_trigger to 2024-11-18 16:00:00+00:00, run_after=2024-11-18 20:00:00+00:00
[2024-11-18T20:48:17.528+0000] {processor.py:183} INFO - Processing /home/airflow/.local/lib/python3.11/site-packages/airflow/example_dags/example_latest_only_with_trigger.py took 0.148 seconds
[2024-11-18T20:48:48.642+0000] {processor.py:161} INFO - Started process (PID=140) to work on /home/airflow/.local/lib/python3.11/site-packages/airflow/example_dags/example_latest_only_with_trigger.py
[2024-11-18T20:48:48.643+0000] {processor.py:830} INFO - Processing file /home/airflow/.local/lib/python3.11/site-packages/airflow/example_dags/example_latest_only_with_trigger.py for tasks to queue
[2024-11-18T20:48:48.645+0000] {logging_mixin.py:188} INFO - [2024-11-18T20:48:48.645+0000] {dagbag.py:545} INFO - Filling up the DagBag from /home/airflow/.local/lib/python3.11/site-packages/airflow/example_dags/example_latest_only_with_trigger.py
[2024-11-18T20:48:48.650+0000] {processor.py:840} INFO - DAG(s) 'latest_only_with_trigger' retrieved from /home/airflow/.local/lib/python3.11/site-packages/airflow/example_dags/example_latest_only_with_trigger.py
[2024-11-18T20:48:48.740+0000] {logging_mixin.py:188} INFO - [2024-11-18T20:48:48.739+0000] {dag.py:3089} INFO - Sync 1 DAGs
[2024-11-18T20:48:48.755+0000] {logging_mixin.py:188} INFO - [2024-11-18T20:48:48.754+0000] {dag.py:3947} INFO - Setting next_dagrun for latest_only_with_trigger to 2024-11-18 16:00:00+00:00, run_after=2024-11-18 20:00:00+00:00
[2024-11-18T20:48:48.773+0000] {processor.py:183} INFO - Processing /home/airflow/.local/lib/python3.11/site-packages/airflow/example_dags/example_latest_only_with_trigger.py took 0.135 seconds
[2024-11-18T20:49:19.466+0000] {processor.py:161} INFO - Started process (PID=199) to work on /home/airflow/.local/lib/python3.11/site-packages/airflow/example_dags/example_latest_only_with_trigger.py
[2024-11-18T20:49:19.467+0000] {processor.py:830} INFO - Processing file /home/airflow/.local/lib/python3.11/site-packages/airflow/example_dags/example_latest_only_with_trigger.py for tasks to queue
[2024-11-18T20:49:19.469+0000] {logging_mixin.py:188} INFO - [2024-11-18T20:49:19.468+0000] {dagbag.py:545} INFO - Filling up the DagBag from /home/airflow/.local/lib/python3.11/site-packages/airflow/example_dags/example_latest_only_with_trigger.py
[2024-11-18T20:49:19.474+0000] {processor.py:840} INFO - DAG(s) 'latest_only_with_trigger' retrieved from /home/airflow/.local/lib/python3.11/site-packages/airflow/example_dags/example_latest_only_with_trigger.py
[2024-11-18T20:49:19.496+0000] {logging_mixin.py:188} INFO - [2024-11-18T20:49:19.496+0000] {dag.py:3089} INFO - Sync 1 DAGs
[2024-11-18T20:49:19.517+0000] {logging_mixin.py:188} INFO - [2024-11-18T20:49:19.516+0000] {dag.py:3947} INFO - Setting next_dagrun for latest_only_with_trigger to 2024-11-18 16:00:00+00:00, run_after=2024-11-18 20:00:00+00:00
[2024-11-18T20:49:19.542+0000] {processor.py:183} INFO - Processing /home/airflow/.local/lib/python3.11/site-packages/airflow/example_dags/example_latest_only_with_trigger.py took 0.081 seconds
[2024-11-18T20:50:39.464+0000] {processor.py:161} INFO - Started process (PID=86) to work on /home/airflow/.local/lib/python3.11/site-packages/airflow/example_dags/example_latest_only_with_trigger.py
[2024-11-18T20:50:39.466+0000] {processor.py:830} INFO - Processing file /home/airflow/.local/lib/python3.11/site-packages/airflow/example_dags/example_latest_only_with_trigger.py for tasks to queue
[2024-11-18T20:50:39.469+0000] {logging_mixin.py:188} INFO - [2024-11-18T20:50:39.468+0000] {dagbag.py:545} INFO - Filling up the DagBag from /home/airflow/.local/lib/python3.11/site-packages/airflow/example_dags/example_latest_only_with_trigger.py
[2024-11-18T20:50:39.483+0000] {processor.py:840} INFO - DAG(s) 'latest_only_with_trigger' retrieved from /home/airflow/.local/lib/python3.11/site-packages/airflow/example_dags/example_latest_only_with_trigger.py
[2024-11-18T20:50:39.505+0000] {logging_mixin.py:188} INFO - [2024-11-18T20:50:39.504+0000] {dag.py:3089} INFO - Sync 1 DAGs
[2024-11-18T20:50:39.543+0000] {logging_mixin.py:188} INFO - [2024-11-18T20:50:39.543+0000] {dag.py:3947} INFO - Setting next_dagrun for latest_only_with_trigger to 2024-11-18 16:00:00+00:00, run_after=2024-11-18 20:00:00+00:00
[2024-11-18T20:50:39.574+0000] {processor.py:183} INFO - Processing /home/airflow/.local/lib/python3.11/site-packages/airflow/example_dags/example_latest_only_with_trigger.py took 0.116 seconds
[2024-11-18T20:51:12.815+0000] {processor.py:161} INFO - Started process (PID=145) to work on /home/airflow/.local/lib/python3.11/site-packages/airflow/example_dags/example_latest_only_with_trigger.py
[2024-11-18T20:51:12.816+0000] {processor.py:830} INFO - Processing file /home/airflow/.local/lib/python3.11/site-packages/airflow/example_dags/example_latest_only_with_trigger.py for tasks to queue
[2024-11-18T20:51:12.818+0000] {logging_mixin.py:188} INFO - [2024-11-18T20:51:12.818+0000] {dagbag.py:545} INFO - Filling up the DagBag from /home/airflow/.local/lib/python3.11/site-packages/airflow/example_dags/example_latest_only_with_trigger.py
[2024-11-18T20:51:12.825+0000] {processor.py:840} INFO - DAG(s) 'latest_only_with_trigger' retrieved from /home/airflow/.local/lib/python3.11/site-packages/airflow/example_dags/example_latest_only_with_trigger.py
[2024-11-18T20:51:12.930+0000] {logging_mixin.py:188} INFO - [2024-11-18T20:51:12.930+0000] {dag.py:3089} INFO - Sync 1 DAGs
[2024-11-18T20:51:12.950+0000] {logging_mixin.py:188} INFO - [2024-11-18T20:51:12.950+0000] {dag.py:3947} INFO - Setting next_dagrun for latest_only_with_trigger to 2024-11-18 16:00:00+00:00, run_after=2024-11-18 20:00:00+00:00
[2024-11-18T20:51:12.967+0000] {processor.py:183} INFO - Processing /home/airflow/.local/lib/python3.11/site-packages/airflow/example_dags/example_latest_only_with_trigger.py took 0.157 seconds
[2024-11-18T20:51:43.755+0000] {processor.py:161} INFO - Started process (PID=204) to work on /home/airflow/.local/lib/python3.11/site-packages/airflow/example_dags/example_latest_only_with_trigger.py
[2024-11-18T20:51:43.756+0000] {processor.py:830} INFO - Processing file /home/airflow/.local/lib/python3.11/site-packages/airflow/example_dags/example_latest_only_with_trigger.py for tasks to queue
[2024-11-18T20:51:43.757+0000] {logging_mixin.py:188} INFO - [2024-11-18T20:51:43.757+0000] {dagbag.py:545} INFO - Filling up the DagBag from /home/airflow/.local/lib/python3.11/site-packages/airflow/example_dags/example_latest_only_with_trigger.py
[2024-11-18T20:51:43.762+0000] {processor.py:840} INFO - DAG(s) 'latest_only_with_trigger' retrieved from /home/airflow/.local/lib/python3.11/site-packages/airflow/example_dags/example_latest_only_with_trigger.py
[2024-11-18T20:51:43.780+0000] {logging_mixin.py:188} INFO - [2024-11-18T20:51:43.780+0000] {dag.py:3089} INFO - Sync 1 DAGs
[2024-11-18T20:51:43.800+0000] {logging_mixin.py:188} INFO - [2024-11-18T20:51:43.799+0000] {dag.py:3947} INFO - Setting next_dagrun for latest_only_with_trigger to 2024-11-18 16:00:00+00:00, run_after=2024-11-18 20:00:00+00:00
[2024-11-18T20:51:43.819+0000] {processor.py:183} INFO - Processing /home/airflow/.local/lib/python3.11/site-packages/airflow/example_dags/example_latest_only_with_trigger.py took 0.069 seconds
[2024-11-18T20:52:14.735+0000] {processor.py:161} INFO - Started process (PID=263) to work on /home/airflow/.local/lib/python3.11/site-packages/airflow/example_dags/example_latest_only_with_trigger.py
[2024-11-18T20:52:14.736+0000] {processor.py:830} INFO - Processing file /home/airflow/.local/lib/python3.11/site-packages/airflow/example_dags/example_latest_only_with_trigger.py for tasks to queue
[2024-11-18T20:52:14.741+0000] {logging_mixin.py:188} INFO - [2024-11-18T20:52:14.740+0000] {dagbag.py:545} INFO - Filling up the DagBag from /home/airflow/.local/lib/python3.11/site-packages/airflow/example_dags/example_latest_only_with_trigger.py
[2024-11-18T20:52:14.748+0000] {processor.py:840} INFO - DAG(s) 'latest_only_with_trigger' retrieved from /home/airflow/.local/lib/python3.11/site-packages/airflow/example_dags/example_latest_only_with_trigger.py
[2024-11-18T20:52:14.777+0000] {logging_mixin.py:188} INFO - [2024-11-18T20:52:14.776+0000] {dag.py:3089} INFO - Sync 1 DAGs
[2024-11-18T20:52:14.805+0000] {logging_mixin.py:188} INFO - [2024-11-18T20:52:14.805+0000] {dag.py:3947} INFO - Setting next_dagrun for latest_only_with_trigger to 2024-11-18 16:00:00+00:00, run_after=2024-11-18 20:00:00+00:00
[2024-11-18T20:52:14.832+0000] {processor.py:183} INFO - Processing /home/airflow/.local/lib/python3.11/site-packages/airflow/example_dags/example_latest_only_with_trigger.py took 0.103 seconds
[2024-11-18T20:52:45.231+0000] {processor.py:161} INFO - Started process (PID=320) to work on /home/airflow/.local/lib/python3.11/site-packages/airflow/example_dags/example_latest_only_with_trigger.py
[2024-11-18T20:52:45.232+0000] {processor.py:830} INFO - Processing file /home/airflow/.local/lib/python3.11/site-packages/airflow/example_dags/example_latest_only_with_trigger.py for tasks to queue
[2024-11-18T20:52:45.236+0000] {logging_mixin.py:188} INFO - [2024-11-18T20:52:45.235+0000] {dagbag.py:545} INFO - Filling up the DagBag from /home/airflow/.local/lib/python3.11/site-packages/airflow/example_dags/example_latest_only_with_trigger.py
[2024-11-18T20:52:45.245+0000] {processor.py:840} INFO - DAG(s) 'latest_only_with_trigger' retrieved from /home/airflow/.local/lib/python3.11/site-packages/airflow/example_dags/example_latest_only_with_trigger.py
[2024-11-18T20:52:45.290+0000] {logging_mixin.py:188} INFO - [2024-11-18T20:52:45.290+0000] {dag.py:3089} INFO - Sync 1 DAGs
[2024-11-18T20:52:45.336+0000] {logging_mixin.py:188} INFO - [2024-11-18T20:52:45.336+0000] {dag.py:3947} INFO - Setting next_dagrun for latest_only_with_trigger to 2024-11-18 16:00:00+00:00, run_after=2024-11-18 20:00:00+00:00
[2024-11-18T20:52:45.397+0000] {processor.py:183} INFO - Processing /home/airflow/.local/lib/python3.11/site-packages/airflow/example_dags/example_latest_only_with_trigger.py took 0.175 seconds
[2024-11-18T20:53:16.183+0000] {processor.py:161} INFO - Started process (PID=379) to work on /home/airflow/.local/lib/python3.11/site-packages/airflow/example_dags/example_latest_only_with_trigger.py
[2024-11-18T20:53:16.193+0000] {processor.py:830} INFO - Processing file /home/airflow/.local/lib/python3.11/site-packages/airflow/example_dags/example_latest_only_with_trigger.py for tasks to queue
[2024-11-18T20:53:16.198+0000] {logging_mixin.py:188} INFO - [2024-11-18T20:53:16.196+0000] {dagbag.py:545} INFO - Filling up the DagBag from /home/airflow/.local/lib/python3.11/site-packages/airflow/example_dags/example_latest_only_with_trigger.py
[2024-11-18T20:53:16.205+0000] {processor.py:840} INFO - DAG(s) 'latest_only_with_trigger' retrieved from /home/airflow/.local/lib/python3.11/site-packages/airflow/example_dags/example_latest_only_with_trigger.py
[2024-11-18T20:53:16.235+0000] {logging_mixin.py:188} INFO - [2024-11-18T20:53:16.235+0000] {dag.py:3089} INFO - Sync 1 DAGs
[2024-11-18T20:53:16.269+0000] {logging_mixin.py:188} INFO - [2024-11-18T20:53:16.269+0000] {dag.py:3947} INFO - Setting next_dagrun for latest_only_with_trigger to 2024-11-18 16:00:00+00:00, run_after=2024-11-18 20:00:00+00:00
[2024-11-18T20:53:16.313+0000] {processor.py:183} INFO - Processing /home/airflow/.local/lib/python3.11/site-packages/airflow/example_dags/example_latest_only_with_trigger.py took 0.139 seconds
[2024-11-18T20:53:47.163+0000] {processor.py:161} INFO - Started process (PID=439) to work on /home/airflow/.local/lib/python3.11/site-packages/airflow/example_dags/example_latest_only_with_trigger.py
[2024-11-18T20:53:47.164+0000] {processor.py:830} INFO - Processing file /home/airflow/.local/lib/python3.11/site-packages/airflow/example_dags/example_latest_only_with_trigger.py for tasks to queue
[2024-11-18T20:53:47.167+0000] {logging_mixin.py:188} INFO - [2024-11-18T20:53:47.166+0000] {dagbag.py:545} INFO - Filling up the DagBag from /home/airflow/.local/lib/python3.11/site-packages/airflow/example_dags/example_latest_only_with_trigger.py
[2024-11-18T20:53:47.172+0000] {processor.py:840} INFO - DAG(s) 'latest_only_with_trigger' retrieved from /home/airflow/.local/lib/python3.11/site-packages/airflow/example_dags/example_latest_only_with_trigger.py
[2024-11-18T20:53:47.196+0000] {logging_mixin.py:188} INFO - [2024-11-18T20:53:47.196+0000] {dag.py:3089} INFO - Sync 1 DAGs
[2024-11-18T20:53:47.231+0000] {logging_mixin.py:188} INFO - [2024-11-18T20:53:47.231+0000] {dag.py:3947} INFO - Setting next_dagrun for latest_only_with_trigger to 2024-11-18 16:00:00+00:00, run_after=2024-11-18 20:00:00+00:00
[2024-11-18T20:53:47.261+0000] {processor.py:183} INFO - Processing /home/airflow/.local/lib/python3.11/site-packages/airflow/example_dags/example_latest_only_with_trigger.py took 0.105 seconds
[2024-11-18T20:54:17.438+0000] {processor.py:161} INFO - Started process (PID=498) to work on /home/airflow/.local/lib/python3.11/site-packages/airflow/example_dags/example_latest_only_with_trigger.py
[2024-11-18T20:54:17.439+0000] {processor.py:830} INFO - Processing file /home/airflow/.local/lib/python3.11/site-packages/airflow/example_dags/example_latest_only_with_trigger.py for tasks to queue
[2024-11-18T20:54:17.440+0000] {logging_mixin.py:188} INFO - [2024-11-18T20:54:17.440+0000] {dagbag.py:545} INFO - Filling up the DagBag from /home/airflow/.local/lib/python3.11/site-packages/airflow/example_dags/example_latest_only_with_trigger.py
[2024-11-18T20:54:17.445+0000] {processor.py:840} INFO - DAG(s) 'latest_only_with_trigger' retrieved from /home/airflow/.local/lib/python3.11/site-packages/airflow/example_dags/example_latest_only_with_trigger.py
[2024-11-18T20:54:17.464+0000] {logging_mixin.py:188} INFO - [2024-11-18T20:54:17.464+0000] {dag.py:3089} INFO - Sync 1 DAGs
[2024-11-18T20:54:17.483+0000] {logging_mixin.py:188} INFO - [2024-11-18T20:54:17.483+0000] {dag.py:3947} INFO - Setting next_dagrun for latest_only_with_trigger to 2024-11-18 16:00:00+00:00, run_after=2024-11-18 20:00:00+00:00
[2024-11-18T20:54:17.503+0000] {processor.py:183} INFO - Processing /home/airflow/.local/lib/python3.11/site-packages/airflow/example_dags/example_latest_only_with_trigger.py took 0.070 seconds
[2024-11-18T20:54:48.095+0000] {processor.py:161} INFO - Started process (PID=557) to work on /home/airflow/.local/lib/python3.11/site-packages/airflow/example_dags/example_latest_only_with_trigger.py
[2024-11-18T20:54:48.096+0000] {processor.py:830} INFO - Processing file /home/airflow/.local/lib/python3.11/site-packages/airflow/example_dags/example_latest_only_with_trigger.py for tasks to queue
[2024-11-18T20:54:48.098+0000] {logging_mixin.py:188} INFO - [2024-11-18T20:54:48.097+0000] {dagbag.py:545} INFO - Filling up the DagBag from /home/airflow/.local/lib/python3.11/site-packages/airflow/example_dags/example_latest_only_with_trigger.py
[2024-11-18T20:54:48.104+0000] {processor.py:840} INFO - DAG(s) 'latest_only_with_trigger' retrieved from /home/airflow/.local/lib/python3.11/site-packages/airflow/example_dags/example_latest_only_with_trigger.py
[2024-11-18T20:54:48.128+0000] {logging_mixin.py:188} INFO - [2024-11-18T20:54:48.128+0000] {dag.py:3089} INFO - Sync 1 DAGs
[2024-11-18T20:54:48.149+0000] {logging_mixin.py:188} INFO - [2024-11-18T20:54:48.149+0000] {dag.py:3947} INFO - Setting next_dagrun for latest_only_with_trigger to 2024-11-18 16:00:00+00:00, run_after=2024-11-18 20:00:00+00:00
[2024-11-18T20:54:48.174+0000] {processor.py:183} INFO - Processing /home/airflow/.local/lib/python3.11/site-packages/airflow/example_dags/example_latest_only_with_trigger.py took 0.086 seconds
[2024-11-18T20:55:18.430+0000] {processor.py:161} INFO - Started process (PID=616) to work on /home/airflow/.local/lib/python3.11/site-packages/airflow/example_dags/example_latest_only_with_trigger.py
[2024-11-18T20:55:18.431+0000] {processor.py:830} INFO - Processing file /home/airflow/.local/lib/python3.11/site-packages/airflow/example_dags/example_latest_only_with_trigger.py for tasks to queue
[2024-11-18T20:55:18.433+0000] {logging_mixin.py:188} INFO - [2024-11-18T20:55:18.433+0000] {dagbag.py:545} INFO - Filling up the DagBag from /home/airflow/.local/lib/python3.11/site-packages/airflow/example_dags/example_latest_only_with_trigger.py
[2024-11-18T20:55:18.438+0000] {processor.py:840} INFO - DAG(s) 'latest_only_with_trigger' retrieved from /home/airflow/.local/lib/python3.11/site-packages/airflow/example_dags/example_latest_only_with_trigger.py
[2024-11-18T20:55:18.457+0000] {logging_mixin.py:188} INFO - [2024-11-18T20:55:18.457+0000] {dag.py:3089} INFO - Sync 1 DAGs
[2024-11-18T20:55:18.475+0000] {logging_mixin.py:188} INFO - [2024-11-18T20:55:18.475+0000] {dag.py:3947} INFO - Setting next_dagrun for latest_only_with_trigger to 2024-11-18 16:00:00+00:00, run_after=2024-11-18 20:00:00+00:00
[2024-11-18T20:55:18.497+0000] {processor.py:183} INFO - Processing /home/airflow/.local/lib/python3.11/site-packages/airflow/example_dags/example_latest_only_with_trigger.py took 0.072 seconds
[2024-11-18T20:55:48.549+0000] {processor.py:161} INFO - Started process (PID=675) to work on /home/airflow/.local/lib/python3.11/site-packages/airflow/example_dags/example_latest_only_with_trigger.py
[2024-11-18T20:55:48.550+0000] {processor.py:830} INFO - Processing file /home/airflow/.local/lib/python3.11/site-packages/airflow/example_dags/example_latest_only_with_trigger.py for tasks to queue
[2024-11-18T20:55:48.552+0000] {logging_mixin.py:188} INFO - [2024-11-18T20:55:48.552+0000] {dagbag.py:545} INFO - Filling up the DagBag from /home/airflow/.local/lib/python3.11/site-packages/airflow/example_dags/example_latest_only_with_trigger.py
[2024-11-18T20:55:48.557+0000] {processor.py:840} INFO - DAG(s) 'latest_only_with_trigger' retrieved from /home/airflow/.local/lib/python3.11/site-packages/airflow/example_dags/example_latest_only_with_trigger.py
[2024-11-18T20:55:48.576+0000] {logging_mixin.py:188} INFO - [2024-11-18T20:55:48.575+0000] {dag.py:3089} INFO - Sync 1 DAGs
[2024-11-18T20:55:48.593+0000] {logging_mixin.py:188} INFO - [2024-11-18T20:55:48.593+0000] {dag.py:3947} INFO - Setting next_dagrun for latest_only_with_trigger to 2024-11-18 16:00:00+00:00, run_after=2024-11-18 20:00:00+00:00
[2024-11-18T20:55:48.613+0000] {processor.py:183} INFO - Processing /home/airflow/.local/lib/python3.11/site-packages/airflow/example_dags/example_latest_only_with_trigger.py took 0.069 seconds
[2024-11-18T20:56:19.151+0000] {processor.py:161} INFO - Started process (PID=734) to work on /home/airflow/.local/lib/python3.11/site-packages/airflow/example_dags/example_latest_only_with_trigger.py
[2024-11-18T20:56:19.152+0000] {processor.py:830} INFO - Processing file /home/airflow/.local/lib/python3.11/site-packages/airflow/example_dags/example_latest_only_with_trigger.py for tasks to queue
[2024-11-18T20:56:19.154+0000] {logging_mixin.py:188} INFO - [2024-11-18T20:56:19.154+0000] {dagbag.py:545} INFO - Filling up the DagBag from /home/airflow/.local/lib/python3.11/site-packages/airflow/example_dags/example_latest_only_with_trigger.py
[2024-11-18T20:56:19.161+0000] {processor.py:840} INFO - DAG(s) 'latest_only_with_trigger' retrieved from /home/airflow/.local/lib/python3.11/site-packages/airflow/example_dags/example_latest_only_with_trigger.py
[2024-11-18T20:56:19.188+0000] {logging_mixin.py:188} INFO - [2024-11-18T20:56:19.187+0000] {dag.py:3089} INFO - Sync 1 DAGs
[2024-11-18T20:56:19.213+0000] {logging_mixin.py:188} INFO - [2024-11-18T20:56:19.213+0000] {dag.py:3947} INFO - Setting next_dagrun for latest_only_with_trigger to 2024-11-18 16:00:00+00:00, run_after=2024-11-18 20:00:00+00:00
[2024-11-18T20:56:19.234+0000] {processor.py:183} INFO - Processing /home/airflow/.local/lib/python3.11/site-packages/airflow/example_dags/example_latest_only_with_trigger.py took 0.091 seconds
[2024-11-18T20:56:49.412+0000] {processor.py:161} INFO - Started process (PID=793) to work on /home/airflow/.local/lib/python3.11/site-packages/airflow/example_dags/example_latest_only_with_trigger.py
[2024-11-18T20:56:49.413+0000] {processor.py:830} INFO - Processing file /home/airflow/.local/lib/python3.11/site-packages/airflow/example_dags/example_latest_only_with_trigger.py for tasks to queue
[2024-11-18T20:56:49.415+0000] {logging_mixin.py:188} INFO - [2024-11-18T20:56:49.415+0000] {dagbag.py:545} INFO - Filling up the DagBag from /home/airflow/.local/lib/python3.11/site-packages/airflow/example_dags/example_latest_only_with_trigger.py
[2024-11-18T20:56:49.420+0000] {processor.py:840} INFO - DAG(s) 'latest_only_with_trigger' retrieved from /home/airflow/.local/lib/python3.11/site-packages/airflow/example_dags/example_latest_only_with_trigger.py
[2024-11-18T20:56:49.439+0000] {logging_mixin.py:188} INFO - [2024-11-18T20:56:49.439+0000] {dag.py:3089} INFO - Sync 1 DAGs
[2024-11-18T20:56:49.459+0000] {logging_mixin.py:188} INFO - [2024-11-18T20:56:49.459+0000] {dag.py:3947} INFO - Setting next_dagrun for latest_only_with_trigger to 2024-11-18 16:00:00+00:00, run_after=2024-11-18 20:00:00+00:00
[2024-11-18T20:56:49.480+0000] {processor.py:183} INFO - Processing /home/airflow/.local/lib/python3.11/site-packages/airflow/example_dags/example_latest_only_with_trigger.py took 0.074 seconds
[2024-11-18T20:57:19.776+0000] {processor.py:161} INFO - Started process (PID=852) to work on /home/airflow/.local/lib/python3.11/site-packages/airflow/example_dags/example_latest_only_with_trigger.py
[2024-11-18T20:57:19.777+0000] {processor.py:830} INFO - Processing file /home/airflow/.local/lib/python3.11/site-packages/airflow/example_dags/example_latest_only_with_trigger.py for tasks to queue
[2024-11-18T20:57:19.778+0000] {logging_mixin.py:188} INFO - [2024-11-18T20:57:19.778+0000] {dagbag.py:545} INFO - Filling up the DagBag from /home/airflow/.local/lib/python3.11/site-packages/airflow/example_dags/example_latest_only_with_trigger.py
[2024-11-18T20:57:19.783+0000] {processor.py:840} INFO - DAG(s) 'latest_only_with_trigger' retrieved from /home/airflow/.local/lib/python3.11/site-packages/airflow/example_dags/example_latest_only_with_trigger.py
[2024-11-18T20:57:19.802+0000] {logging_mixin.py:188} INFO - [2024-11-18T20:57:19.802+0000] {dag.py:3089} INFO - Sync 1 DAGs
[2024-11-18T20:57:19.824+0000] {logging_mixin.py:188} INFO - [2024-11-18T20:57:19.824+0000] {dag.py:3947} INFO - Setting next_dagrun for latest_only_with_trigger to 2024-11-18 16:00:00+00:00, run_after=2024-11-18 20:00:00+00:00
[2024-11-18T20:57:19.847+0000] {processor.py:183} INFO - Processing /home/airflow/.local/lib/python3.11/site-packages/airflow/example_dags/example_latest_only_with_trigger.py took 0.077 seconds
[2024-11-18T20:57:50.186+0000] {processor.py:161} INFO - Started process (PID=910) to work on /home/airflow/.local/lib/python3.11/site-packages/airflow/example_dags/example_latest_only_with_trigger.py
[2024-11-18T20:57:50.187+0000] {processor.py:830} INFO - Processing file /home/airflow/.local/lib/python3.11/site-packages/airflow/example_dags/example_latest_only_with_trigger.py for tasks to queue
[2024-11-18T20:57:50.188+0000] {logging_mixin.py:188} INFO - [2024-11-18T20:57:50.188+0000] {dagbag.py:545} INFO - Filling up the DagBag from /home/airflow/.local/lib/python3.11/site-packages/airflow/example_dags/example_latest_only_with_trigger.py
[2024-11-18T20:57:50.194+0000] {processor.py:840} INFO - DAG(s) 'latest_only_with_trigger' retrieved from /home/airflow/.local/lib/python3.11/site-packages/airflow/example_dags/example_latest_only_with_trigger.py
[2024-11-18T20:57:50.213+0000] {logging_mixin.py:188} INFO - [2024-11-18T20:57:50.212+0000] {dag.py:3089} INFO - Sync 1 DAGs
[2024-11-18T20:57:50.232+0000] {logging_mixin.py:188} INFO - [2024-11-18T20:57:50.232+0000] {dag.py:3947} INFO - Setting next_dagrun for latest_only_with_trigger to 2024-11-18 16:00:00+00:00, run_after=2024-11-18 20:00:00+00:00
[2024-11-18T20:57:50.254+0000] {processor.py:183} INFO - Processing /home/airflow/.local/lib/python3.11/site-packages/airflow/example_dags/example_latest_only_with_trigger.py took 0.076 seconds
[2024-11-18T20:58:20.357+0000] {processor.py:161} INFO - Started process (PID=969) to work on /home/airflow/.local/lib/python3.11/site-packages/airflow/example_dags/example_latest_only_with_trigger.py
[2024-11-18T20:58:20.358+0000] {processor.py:830} INFO - Processing file /home/airflow/.local/lib/python3.11/site-packages/airflow/example_dags/example_latest_only_with_trigger.py for tasks to queue
[2024-11-18T20:58:20.361+0000] {logging_mixin.py:188} INFO - [2024-11-18T20:58:20.360+0000] {dagbag.py:545} INFO - Filling up the DagBag from /home/airflow/.local/lib/python3.11/site-packages/airflow/example_dags/example_latest_only_with_trigger.py
[2024-11-18T20:58:20.366+0000] {processor.py:840} INFO - DAG(s) 'latest_only_with_trigger' retrieved from /home/airflow/.local/lib/python3.11/site-packages/airflow/example_dags/example_latest_only_with_trigger.py
[2024-11-18T20:58:20.388+0000] {logging_mixin.py:188} INFO - [2024-11-18T20:58:20.388+0000] {dag.py:3089} INFO - Sync 1 DAGs
[2024-11-18T20:58:20.410+0000] {logging_mixin.py:188} INFO - [2024-11-18T20:58:20.410+0000] {dag.py:3947} INFO - Setting next_dagrun for latest_only_with_trigger to 2024-11-18 16:00:00+00:00, run_after=2024-11-18 20:00:00+00:00
[2024-11-18T20:58:20.432+0000] {processor.py:183} INFO - Processing /home/airflow/.local/lib/python3.11/site-packages/airflow/example_dags/example_latest_only_with_trigger.py took 0.081 seconds
[2024-11-18T20:58:50.877+0000] {processor.py:161} INFO - Started process (PID=1028) to work on /home/airflow/.local/lib/python3.11/site-packages/airflow/example_dags/example_latest_only_with_trigger.py
[2024-11-18T20:58:50.878+0000] {processor.py:830} INFO - Processing file /home/airflow/.local/lib/python3.11/site-packages/airflow/example_dags/example_latest_only_with_trigger.py for tasks to queue
[2024-11-18T20:58:50.880+0000] {logging_mixin.py:188} INFO - [2024-11-18T20:58:50.880+0000] {dagbag.py:545} INFO - Filling up the DagBag from /home/airflow/.local/lib/python3.11/site-packages/airflow/example_dags/example_latest_only_with_trigger.py
[2024-11-18T20:58:50.885+0000] {processor.py:840} INFO - DAG(s) 'latest_only_with_trigger' retrieved from /home/airflow/.local/lib/python3.11/site-packages/airflow/example_dags/example_latest_only_with_trigger.py
[2024-11-18T20:58:50.905+0000] {logging_mixin.py:188} INFO - [2024-11-18T20:58:50.905+0000] {dag.py:3089} INFO - Sync 1 DAGs
[2024-11-18T20:58:50.925+0000] {logging_mixin.py:188} INFO - [2024-11-18T20:58:50.925+0000] {dag.py:3947} INFO - Setting next_dagrun for latest_only_with_trigger to 2024-11-18 16:00:00+00:00, run_after=2024-11-18 20:00:00+00:00
[2024-11-18T20:58:50.952+0000] {processor.py:183} INFO - Processing /home/airflow/.local/lib/python3.11/site-packages/airflow/example_dags/example_latest_only_with_trigger.py took 0.080 seconds
