[2024-11-18T20:19:06.956+0000] {processor.py:161} INFO - Started process (PID=69) to work on /home/airflow/.local/lib/python3.11/site-packages/airflow/example_dags/tutorial_objectstorage.py
[2024-11-18T20:19:06.956+0000] {processor.py:830} INFO - Processing file /home/airflow/.local/lib/python3.11/site-packages/airflow/example_dags/tutorial_objectstorage.py for tasks to queue
[2024-11-18T20:19:06.958+0000] {logging_mixin.py:188} INFO - [2024-11-18T20:19:06.958+0000] {dagbag.py:545} INFO - Filling up the DagBag from /home/airflow/.local/lib/python3.11/site-packages/airflow/example_dags/tutorial_objectstorage.py
[2024-11-18T20:19:06.968+0000] {processor.py:840} INFO - DAG(s) 'tutorial_objectstorage' retrieved from /home/airflow/.local/lib/python3.11/site-packages/airflow/example_dags/tutorial_objectstorage.py
[2024-11-18T20:19:07.051+0000] {logging_mixin.py:188} INFO - [2024-11-18T20:19:07.050+0000] {override.py:1858} INFO - Created Permission View: can edit on DAG:tutorial_objectstorage
[2024-11-18T20:19:07.061+0000] {logging_mixin.py:188} INFO - [2024-11-18T20:19:07.061+0000] {override.py:1858} INFO - Created Permission View: can delete on DAG:tutorial_objectstorage
[2024-11-18T20:19:07.069+0000] {logging_mixin.py:188} INFO - [2024-11-18T20:19:07.069+0000] {override.py:1858} INFO - Created Permission View: can read on DAG:tutorial_objectstorage
[2024-11-18T20:19:07.070+0000] {logging_mixin.py:188} INFO - [2024-11-18T20:19:07.070+0000] {dag.py:3089} INFO - Sync 1 DAGs
[2024-11-18T20:19:07.081+0000] {logging_mixin.py:188} INFO - [2024-11-18T20:19:07.081+0000] {dag.py:3111} INFO - Creating ORM DAG for tutorial_objectstorage
[2024-11-18T20:19:07.082+0000] {logging_mixin.py:188} INFO - [2024-11-18T20:19:07.082+0000] {dag.py:3947} INFO - Setting next_dagrun for tutorial_objectstorage to None, run_after=None
[2024-11-18T20:19:07.104+0000] {processor.py:183} INFO - Processing /home/airflow/.local/lib/python3.11/site-packages/airflow/example_dags/tutorial_objectstorage.py took 0.153 seconds
[2024-11-18T20:19:37.489+0000] {processor.py:161} INFO - Started process (PID=127) to work on /home/airflow/.local/lib/python3.11/site-packages/airflow/example_dags/tutorial_objectstorage.py
[2024-11-18T20:19:37.490+0000] {processor.py:830} INFO - Processing file /home/airflow/.local/lib/python3.11/site-packages/airflow/example_dags/tutorial_objectstorage.py for tasks to queue
[2024-11-18T20:19:37.492+0000] {logging_mixin.py:188} INFO - [2024-11-18T20:19:37.492+0000] {dagbag.py:545} INFO - Filling up the DagBag from /home/airflow/.local/lib/python3.11/site-packages/airflow/example_dags/tutorial_objectstorage.py
[2024-11-18T20:19:37.506+0000] {processor.py:840} INFO - DAG(s) 'tutorial_objectstorage' retrieved from /home/airflow/.local/lib/python3.11/site-packages/airflow/example_dags/tutorial_objectstorage.py
[2024-11-18T20:19:37.532+0000] {logging_mixin.py:188} INFO - [2024-11-18T20:19:37.532+0000] {dag.py:3089} INFO - Sync 1 DAGs
[2024-11-18T20:19:37.551+0000] {logging_mixin.py:188} INFO - [2024-11-18T20:19:37.551+0000] {dag.py:3947} INFO - Setting next_dagrun for tutorial_objectstorage to None, run_after=None
[2024-11-18T20:19:37.580+0000] {processor.py:183} INFO - Processing /home/airflow/.local/lib/python3.11/site-packages/airflow/example_dags/tutorial_objectstorage.py took 0.100 seconds
[2024-11-18T20:20:08.433+0000] {processor.py:161} INFO - Started process (PID=185) to work on /home/airflow/.local/lib/python3.11/site-packages/airflow/example_dags/tutorial_objectstorage.py
[2024-11-18T20:20:08.433+0000] {processor.py:830} INFO - Processing file /home/airflow/.local/lib/python3.11/site-packages/airflow/example_dags/tutorial_objectstorage.py for tasks to queue
[2024-11-18T20:20:08.435+0000] {logging_mixin.py:188} INFO - [2024-11-18T20:20:08.435+0000] {dagbag.py:545} INFO - Filling up the DagBag from /home/airflow/.local/lib/python3.11/site-packages/airflow/example_dags/tutorial_objectstorage.py
[2024-11-18T20:20:08.441+0000] {processor.py:840} INFO - DAG(s) 'tutorial_objectstorage' retrieved from /home/airflow/.local/lib/python3.11/site-packages/airflow/example_dags/tutorial_objectstorage.py
[2024-11-18T20:20:08.457+0000] {logging_mixin.py:188} INFO - [2024-11-18T20:20:08.457+0000] {dag.py:3089} INFO - Sync 1 DAGs
[2024-11-18T20:20:08.466+0000] {logging_mixin.py:188} INFO - [2024-11-18T20:20:08.466+0000] {dag.py:3947} INFO - Setting next_dagrun for tutorial_objectstorage to None, run_after=None
[2024-11-18T20:20:08.480+0000] {processor.py:183} INFO - Processing /home/airflow/.local/lib/python3.11/site-packages/airflow/example_dags/tutorial_objectstorage.py took 0.053 seconds
[2024-11-18T20:20:39.029+0000] {processor.py:161} INFO - Started process (PID=243) to work on /home/airflow/.local/lib/python3.11/site-packages/airflow/example_dags/tutorial_objectstorage.py
[2024-11-18T20:20:39.030+0000] {processor.py:830} INFO - Processing file /home/airflow/.local/lib/python3.11/site-packages/airflow/example_dags/tutorial_objectstorage.py for tasks to queue
[2024-11-18T20:20:39.033+0000] {logging_mixin.py:188} INFO - [2024-11-18T20:20:39.033+0000] {dagbag.py:545} INFO - Filling up the DagBag from /home/airflow/.local/lib/python3.11/site-packages/airflow/example_dags/tutorial_objectstorage.py
[2024-11-18T20:20:39.050+0000] {processor.py:840} INFO - DAG(s) 'tutorial_objectstorage' retrieved from /home/airflow/.local/lib/python3.11/site-packages/airflow/example_dags/tutorial_objectstorage.py
[2024-11-18T20:20:39.068+0000] {logging_mixin.py:188} INFO - [2024-11-18T20:20:39.068+0000] {dag.py:3089} INFO - Sync 1 DAGs
[2024-11-18T20:20:39.081+0000] {logging_mixin.py:188} INFO - [2024-11-18T20:20:39.081+0000] {dag.py:3947} INFO - Setting next_dagrun for tutorial_objectstorage to None, run_after=None
[2024-11-18T20:20:39.101+0000] {processor.py:183} INFO - Processing /home/airflow/.local/lib/python3.11/site-packages/airflow/example_dags/tutorial_objectstorage.py took 0.078 seconds
[2024-11-18T20:21:10.036+0000] {processor.py:161} INFO - Started process (PID=302) to work on /home/airflow/.local/lib/python3.11/site-packages/airflow/example_dags/tutorial_objectstorage.py
[2024-11-18T20:21:10.037+0000] {processor.py:830} INFO - Processing file /home/airflow/.local/lib/python3.11/site-packages/airflow/example_dags/tutorial_objectstorage.py for tasks to queue
[2024-11-18T20:21:10.039+0000] {logging_mixin.py:188} INFO - [2024-11-18T20:21:10.039+0000] {dagbag.py:545} INFO - Filling up the DagBag from /home/airflow/.local/lib/python3.11/site-packages/airflow/example_dags/tutorial_objectstorage.py
[2024-11-18T20:21:10.047+0000] {processor.py:840} INFO - DAG(s) 'tutorial_objectstorage' retrieved from /home/airflow/.local/lib/python3.11/site-packages/airflow/example_dags/tutorial_objectstorage.py
[2024-11-18T20:21:10.067+0000] {logging_mixin.py:188} INFO - [2024-11-18T20:21:10.067+0000] {dag.py:3089} INFO - Sync 1 DAGs
[2024-11-18T20:21:10.078+0000] {logging_mixin.py:188} INFO - [2024-11-18T20:21:10.078+0000] {dag.py:3947} INFO - Setting next_dagrun for tutorial_objectstorage to None, run_after=None
[2024-11-18T20:21:10.097+0000] {processor.py:183} INFO - Processing /home/airflow/.local/lib/python3.11/site-packages/airflow/example_dags/tutorial_objectstorage.py took 0.067 seconds
[2024-11-18T20:21:40.160+0000] {processor.py:161} INFO - Started process (PID=359) to work on /home/airflow/.local/lib/python3.11/site-packages/airflow/example_dags/tutorial_objectstorage.py
[2024-11-18T20:21:40.161+0000] {processor.py:830} INFO - Processing file /home/airflow/.local/lib/python3.11/site-packages/airflow/example_dags/tutorial_objectstorage.py for tasks to queue
[2024-11-18T20:21:40.163+0000] {logging_mixin.py:188} INFO - [2024-11-18T20:21:40.162+0000] {dagbag.py:545} INFO - Filling up the DagBag from /home/airflow/.local/lib/python3.11/site-packages/airflow/example_dags/tutorial_objectstorage.py
[2024-11-18T20:21:40.169+0000] {processor.py:840} INFO - DAG(s) 'tutorial_objectstorage' retrieved from /home/airflow/.local/lib/python3.11/site-packages/airflow/example_dags/tutorial_objectstorage.py
[2024-11-18T20:21:40.185+0000] {logging_mixin.py:188} INFO - [2024-11-18T20:21:40.185+0000] {dag.py:3089} INFO - Sync 1 DAGs
[2024-11-18T20:21:40.196+0000] {logging_mixin.py:188} INFO - [2024-11-18T20:21:40.195+0000] {dag.py:3947} INFO - Setting next_dagrun for tutorial_objectstorage to None, run_after=None
[2024-11-18T20:21:40.212+0000] {processor.py:183} INFO - Processing /home/airflow/.local/lib/python3.11/site-packages/airflow/example_dags/tutorial_objectstorage.py took 0.057 seconds
[2024-11-18T20:22:10.946+0000] {processor.py:161} INFO - Started process (PID=418) to work on /home/airflow/.local/lib/python3.11/site-packages/airflow/example_dags/tutorial_objectstorage.py
[2024-11-18T20:22:10.947+0000] {processor.py:830} INFO - Processing file /home/airflow/.local/lib/python3.11/site-packages/airflow/example_dags/tutorial_objectstorage.py for tasks to queue
[2024-11-18T20:22:10.949+0000] {logging_mixin.py:188} INFO - [2024-11-18T20:22:10.949+0000] {dagbag.py:545} INFO - Filling up the DagBag from /home/airflow/.local/lib/python3.11/site-packages/airflow/example_dags/tutorial_objectstorage.py
[2024-11-18T20:22:10.955+0000] {processor.py:840} INFO - DAG(s) 'tutorial_objectstorage' retrieved from /home/airflow/.local/lib/python3.11/site-packages/airflow/example_dags/tutorial_objectstorage.py
[2024-11-18T20:22:10.970+0000] {logging_mixin.py:188} INFO - [2024-11-18T20:22:10.969+0000] {dag.py:3089} INFO - Sync 1 DAGs
[2024-11-18T20:22:10.980+0000] {logging_mixin.py:188} INFO - [2024-11-18T20:22:10.979+0000] {dag.py:3947} INFO - Setting next_dagrun for tutorial_objectstorage to None, run_after=None
[2024-11-18T20:22:10.997+0000] {processor.py:183} INFO - Processing /home/airflow/.local/lib/python3.11/site-packages/airflow/example_dags/tutorial_objectstorage.py took 0.056 seconds
[2024-11-18T20:22:41.262+0000] {processor.py:161} INFO - Started process (PID=477) to work on /home/airflow/.local/lib/python3.11/site-packages/airflow/example_dags/tutorial_objectstorage.py
[2024-11-18T20:22:41.263+0000] {processor.py:830} INFO - Processing file /home/airflow/.local/lib/python3.11/site-packages/airflow/example_dags/tutorial_objectstorage.py for tasks to queue
[2024-11-18T20:22:41.265+0000] {logging_mixin.py:188} INFO - [2024-11-18T20:22:41.265+0000] {dagbag.py:545} INFO - Filling up the DagBag from /home/airflow/.local/lib/python3.11/site-packages/airflow/example_dags/tutorial_objectstorage.py
[2024-11-18T20:22:41.273+0000] {processor.py:840} INFO - DAG(s) 'tutorial_objectstorage' retrieved from /home/airflow/.local/lib/python3.11/site-packages/airflow/example_dags/tutorial_objectstorage.py
[2024-11-18T20:22:41.294+0000] {logging_mixin.py:188} INFO - [2024-11-18T20:22:41.293+0000] {dag.py:3089} INFO - Sync 1 DAGs
[2024-11-18T20:22:41.307+0000] {logging_mixin.py:188} INFO - [2024-11-18T20:22:41.306+0000] {dag.py:3947} INFO - Setting next_dagrun for tutorial_objectstorage to None, run_after=None
[2024-11-18T20:22:41.330+0000] {processor.py:183} INFO - Processing /home/airflow/.local/lib/python3.11/site-packages/airflow/example_dags/tutorial_objectstorage.py took 0.073 seconds
[2024-11-18T20:23:11.604+0000] {processor.py:161} INFO - Started process (PID=535) to work on /home/airflow/.local/lib/python3.11/site-packages/airflow/example_dags/tutorial_objectstorage.py
[2024-11-18T20:23:11.604+0000] {processor.py:830} INFO - Processing file /home/airflow/.local/lib/python3.11/site-packages/airflow/example_dags/tutorial_objectstorage.py for tasks to queue
[2024-11-18T20:23:11.608+0000] {logging_mixin.py:188} INFO - [2024-11-18T20:23:11.607+0000] {dagbag.py:545} INFO - Filling up the DagBag from /home/airflow/.local/lib/python3.11/site-packages/airflow/example_dags/tutorial_objectstorage.py
[2024-11-18T20:23:11.618+0000] {processor.py:840} INFO - DAG(s) 'tutorial_objectstorage' retrieved from /home/airflow/.local/lib/python3.11/site-packages/airflow/example_dags/tutorial_objectstorage.py
[2024-11-18T20:23:11.639+0000] {logging_mixin.py:188} INFO - [2024-11-18T20:23:11.638+0000] {dag.py:3089} INFO - Sync 1 DAGs
[2024-11-18T20:23:11.654+0000] {logging_mixin.py:188} INFO - [2024-11-18T20:23:11.654+0000] {dag.py:3947} INFO - Setting next_dagrun for tutorial_objectstorage to None, run_after=None
[2024-11-18T20:23:11.679+0000] {processor.py:183} INFO - Processing /home/airflow/.local/lib/python3.11/site-packages/airflow/example_dags/tutorial_objectstorage.py took 0.082 seconds
[2024-11-18T20:23:42.637+0000] {processor.py:161} INFO - Started process (PID=593) to work on /home/airflow/.local/lib/python3.11/site-packages/airflow/example_dags/tutorial_objectstorage.py
[2024-11-18T20:23:42.638+0000] {processor.py:830} INFO - Processing file /home/airflow/.local/lib/python3.11/site-packages/airflow/example_dags/tutorial_objectstorage.py for tasks to queue
[2024-11-18T20:23:42.639+0000] {logging_mixin.py:188} INFO - [2024-11-18T20:23:42.639+0000] {dagbag.py:545} INFO - Filling up the DagBag from /home/airflow/.local/lib/python3.11/site-packages/airflow/example_dags/tutorial_objectstorage.py
[2024-11-18T20:23:42.645+0000] {processor.py:840} INFO - DAG(s) 'tutorial_objectstorage' retrieved from /home/airflow/.local/lib/python3.11/site-packages/airflow/example_dags/tutorial_objectstorage.py
[2024-11-18T20:23:42.662+0000] {logging_mixin.py:188} INFO - [2024-11-18T20:23:42.662+0000] {dag.py:3089} INFO - Sync 1 DAGs
[2024-11-18T20:23:42.673+0000] {logging_mixin.py:188} INFO - [2024-11-18T20:23:42.673+0000] {dag.py:3947} INFO - Setting next_dagrun for tutorial_objectstorage to None, run_after=None
[2024-11-18T20:23:42.691+0000] {processor.py:183} INFO - Processing /home/airflow/.local/lib/python3.11/site-packages/airflow/example_dags/tutorial_objectstorage.py took 0.059 seconds
[2024-11-18T20:24:13.190+0000] {processor.py:161} INFO - Started process (PID=653) to work on /home/airflow/.local/lib/python3.11/site-packages/airflow/example_dags/tutorial_objectstorage.py
[2024-11-18T20:24:13.191+0000] {processor.py:830} INFO - Processing file /home/airflow/.local/lib/python3.11/site-packages/airflow/example_dags/tutorial_objectstorage.py for tasks to queue
[2024-11-18T20:24:13.193+0000] {logging_mixin.py:188} INFO - [2024-11-18T20:24:13.192+0000] {dagbag.py:545} INFO - Filling up the DagBag from /home/airflow/.local/lib/python3.11/site-packages/airflow/example_dags/tutorial_objectstorage.py
[2024-11-18T20:24:13.199+0000] {processor.py:840} INFO - DAG(s) 'tutorial_objectstorage' retrieved from /home/airflow/.local/lib/python3.11/site-packages/airflow/example_dags/tutorial_objectstorage.py
[2024-11-18T20:24:13.217+0000] {logging_mixin.py:188} INFO - [2024-11-18T20:24:13.216+0000] {dag.py:3089} INFO - Sync 1 DAGs
[2024-11-18T20:24:13.228+0000] {logging_mixin.py:188} INFO - [2024-11-18T20:24:13.227+0000] {dag.py:3947} INFO - Setting next_dagrun for tutorial_objectstorage to None, run_after=None
[2024-11-18T20:24:13.245+0000] {processor.py:183} INFO - Processing /home/airflow/.local/lib/python3.11/site-packages/airflow/example_dags/tutorial_objectstorage.py took 0.060 seconds
[2024-11-18T20:24:43.805+0000] {processor.py:161} INFO - Started process (PID=712) to work on /home/airflow/.local/lib/python3.11/site-packages/airflow/example_dags/tutorial_objectstorage.py
[2024-11-18T20:24:43.806+0000] {processor.py:830} INFO - Processing file /home/airflow/.local/lib/python3.11/site-packages/airflow/example_dags/tutorial_objectstorage.py for tasks to queue
[2024-11-18T20:24:43.808+0000] {logging_mixin.py:188} INFO - [2024-11-18T20:24:43.807+0000] {dagbag.py:545} INFO - Filling up the DagBag from /home/airflow/.local/lib/python3.11/site-packages/airflow/example_dags/tutorial_objectstorage.py
[2024-11-18T20:24:43.814+0000] {processor.py:840} INFO - DAG(s) 'tutorial_objectstorage' retrieved from /home/airflow/.local/lib/python3.11/site-packages/airflow/example_dags/tutorial_objectstorage.py
[2024-11-18T20:24:43.829+0000] {logging_mixin.py:188} INFO - [2024-11-18T20:24:43.829+0000] {dag.py:3089} INFO - Sync 1 DAGs
[2024-11-18T20:24:43.840+0000] {logging_mixin.py:188} INFO - [2024-11-18T20:24:43.840+0000] {dag.py:3947} INFO - Setting next_dagrun for tutorial_objectstorage to None, run_after=None
[2024-11-18T20:24:43.858+0000] {processor.py:183} INFO - Processing /home/airflow/.local/lib/python3.11/site-packages/airflow/example_dags/tutorial_objectstorage.py took 0.058 seconds
[2024-11-18T20:25:14.102+0000] {processor.py:161} INFO - Started process (PID=771) to work on /home/airflow/.local/lib/python3.11/site-packages/airflow/example_dags/tutorial_objectstorage.py
[2024-11-18T20:25:14.103+0000] {processor.py:830} INFO - Processing file /home/airflow/.local/lib/python3.11/site-packages/airflow/example_dags/tutorial_objectstorage.py for tasks to queue
[2024-11-18T20:25:14.105+0000] {logging_mixin.py:188} INFO - [2024-11-18T20:25:14.104+0000] {dagbag.py:545} INFO - Filling up the DagBag from /home/airflow/.local/lib/python3.11/site-packages/airflow/example_dags/tutorial_objectstorage.py
[2024-11-18T20:25:14.110+0000] {processor.py:840} INFO - DAG(s) 'tutorial_objectstorage' retrieved from /home/airflow/.local/lib/python3.11/site-packages/airflow/example_dags/tutorial_objectstorage.py
[2024-11-18T20:25:14.126+0000] {logging_mixin.py:188} INFO - [2024-11-18T20:25:14.126+0000] {dag.py:3089} INFO - Sync 1 DAGs
[2024-11-18T20:25:14.136+0000] {logging_mixin.py:188} INFO - [2024-11-18T20:25:14.136+0000] {dag.py:3947} INFO - Setting next_dagrun for tutorial_objectstorage to None, run_after=None
[2024-11-18T20:25:14.156+0000] {processor.py:183} INFO - Processing /home/airflow/.local/lib/python3.11/site-packages/airflow/example_dags/tutorial_objectstorage.py took 0.058 seconds
[2024-11-18T20:25:44.923+0000] {processor.py:161} INFO - Started process (PID=830) to work on /home/airflow/.local/lib/python3.11/site-packages/airflow/example_dags/tutorial_objectstorage.py
[2024-11-18T20:25:44.924+0000] {processor.py:830} INFO - Processing file /home/airflow/.local/lib/python3.11/site-packages/airflow/example_dags/tutorial_objectstorage.py for tasks to queue
[2024-11-18T20:25:44.926+0000] {logging_mixin.py:188} INFO - [2024-11-18T20:25:44.926+0000] {dagbag.py:545} INFO - Filling up the DagBag from /home/airflow/.local/lib/python3.11/site-packages/airflow/example_dags/tutorial_objectstorage.py
[2024-11-18T20:25:44.932+0000] {processor.py:840} INFO - DAG(s) 'tutorial_objectstorage' retrieved from /home/airflow/.local/lib/python3.11/site-packages/airflow/example_dags/tutorial_objectstorage.py
[2024-11-18T20:25:44.948+0000] {logging_mixin.py:188} INFO - [2024-11-18T20:25:44.948+0000] {dag.py:3089} INFO - Sync 1 DAGs
[2024-11-18T20:25:44.962+0000] {logging_mixin.py:188} INFO - [2024-11-18T20:25:44.961+0000] {dag.py:3947} INFO - Setting next_dagrun for tutorial_objectstorage to None, run_after=None
[2024-11-18T20:25:44.982+0000] {processor.py:183} INFO - Processing /home/airflow/.local/lib/python3.11/site-packages/airflow/example_dags/tutorial_objectstorage.py took 0.063 seconds
[2024-11-18T20:26:15.510+0000] {processor.py:161} INFO - Started process (PID=889) to work on /home/airflow/.local/lib/python3.11/site-packages/airflow/example_dags/tutorial_objectstorage.py
[2024-11-18T20:26:15.511+0000] {processor.py:830} INFO - Processing file /home/airflow/.local/lib/python3.11/site-packages/airflow/example_dags/tutorial_objectstorage.py for tasks to queue
[2024-11-18T20:26:15.513+0000] {logging_mixin.py:188} INFO - [2024-11-18T20:26:15.512+0000] {dagbag.py:545} INFO - Filling up the DagBag from /home/airflow/.local/lib/python3.11/site-packages/airflow/example_dags/tutorial_objectstorage.py
[2024-11-18T20:26:15.518+0000] {processor.py:840} INFO - DAG(s) 'tutorial_objectstorage' retrieved from /home/airflow/.local/lib/python3.11/site-packages/airflow/example_dags/tutorial_objectstorage.py
[2024-11-18T20:26:15.533+0000] {logging_mixin.py:188} INFO - [2024-11-18T20:26:15.533+0000] {dag.py:3089} INFO - Sync 1 DAGs
[2024-11-18T20:26:15.544+0000] {logging_mixin.py:188} INFO - [2024-11-18T20:26:15.543+0000] {dag.py:3947} INFO - Setting next_dagrun for tutorial_objectstorage to None, run_after=None
[2024-11-18T20:26:15.563+0000] {processor.py:183} INFO - Processing /home/airflow/.local/lib/python3.11/site-packages/airflow/example_dags/tutorial_objectstorage.py took 0.058 seconds
[2024-11-18T20:26:45.942+0000] {processor.py:161} INFO - Started process (PID=948) to work on /home/airflow/.local/lib/python3.11/site-packages/airflow/example_dags/tutorial_objectstorage.py
[2024-11-18T20:26:45.943+0000] {processor.py:830} INFO - Processing file /home/airflow/.local/lib/python3.11/site-packages/airflow/example_dags/tutorial_objectstorage.py for tasks to queue
[2024-11-18T20:26:45.945+0000] {logging_mixin.py:188} INFO - [2024-11-18T20:26:45.944+0000] {dagbag.py:545} INFO - Filling up the DagBag from /home/airflow/.local/lib/python3.11/site-packages/airflow/example_dags/tutorial_objectstorage.py
[2024-11-18T20:26:45.952+0000] {processor.py:840} INFO - DAG(s) 'tutorial_objectstorage' retrieved from /home/airflow/.local/lib/python3.11/site-packages/airflow/example_dags/tutorial_objectstorage.py
[2024-11-18T20:26:45.972+0000] {logging_mixin.py:188} INFO - [2024-11-18T20:26:45.971+0000] {dag.py:3089} INFO - Sync 1 DAGs
[2024-11-18T20:26:45.987+0000] {logging_mixin.py:188} INFO - [2024-11-18T20:26:45.987+0000] {dag.py:3947} INFO - Setting next_dagrun for tutorial_objectstorage to None, run_after=None
[2024-11-18T20:26:46.005+0000] {processor.py:183} INFO - Processing /home/airflow/.local/lib/python3.11/site-packages/airflow/example_dags/tutorial_objectstorage.py took 0.069 seconds
[2024-11-18T20:27:17.025+0000] {processor.py:161} INFO - Started process (PID=1007) to work on /home/airflow/.local/lib/python3.11/site-packages/airflow/example_dags/tutorial_objectstorage.py
[2024-11-18T20:27:17.032+0000] {processor.py:830} INFO - Processing file /home/airflow/.local/lib/python3.11/site-packages/airflow/example_dags/tutorial_objectstorage.py for tasks to queue
[2024-11-18T20:27:17.035+0000] {logging_mixin.py:188} INFO - [2024-11-18T20:27:17.035+0000] {dagbag.py:545} INFO - Filling up the DagBag from /home/airflow/.local/lib/python3.11/site-packages/airflow/example_dags/tutorial_objectstorage.py
[2024-11-18T20:27:17.052+0000] {processor.py:840} INFO - DAG(s) 'tutorial_objectstorage' retrieved from /home/airflow/.local/lib/python3.11/site-packages/airflow/example_dags/tutorial_objectstorage.py
[2024-11-18T20:27:17.082+0000] {logging_mixin.py:188} INFO - [2024-11-18T20:27:17.082+0000] {dag.py:3089} INFO - Sync 1 DAGs
[2024-11-18T20:27:17.107+0000] {logging_mixin.py:188} INFO - [2024-11-18T20:27:17.106+0000] {dag.py:3947} INFO - Setting next_dagrun for tutorial_objectstorage to None, run_after=None
[2024-11-18T20:27:17.150+0000] {processor.py:183} INFO - Processing /home/airflow/.local/lib/python3.11/site-packages/airflow/example_dags/tutorial_objectstorage.py took 0.133 seconds
[2024-11-18T20:27:48.035+0000] {processor.py:161} INFO - Started process (PID=1066) to work on /home/airflow/.local/lib/python3.11/site-packages/airflow/example_dags/tutorial_objectstorage.py
[2024-11-18T20:27:48.048+0000] {processor.py:830} INFO - Processing file /home/airflow/.local/lib/python3.11/site-packages/airflow/example_dags/tutorial_objectstorage.py for tasks to queue
[2024-11-18T20:27:48.051+0000] {logging_mixin.py:188} INFO - [2024-11-18T20:27:48.051+0000] {dagbag.py:545} INFO - Filling up the DagBag from /home/airflow/.local/lib/python3.11/site-packages/airflow/example_dags/tutorial_objectstorage.py
[2024-11-18T20:27:48.063+0000] {processor.py:840} INFO - DAG(s) 'tutorial_objectstorage' retrieved from /home/airflow/.local/lib/python3.11/site-packages/airflow/example_dags/tutorial_objectstorage.py
[2024-11-18T20:27:48.095+0000] {logging_mixin.py:188} INFO - [2024-11-18T20:27:48.094+0000] {dag.py:3089} INFO - Sync 1 DAGs
[2024-11-18T20:27:48.112+0000] {logging_mixin.py:188} INFO - [2024-11-18T20:27:48.112+0000] {dag.py:3947} INFO - Setting next_dagrun for tutorial_objectstorage to None, run_after=None
[2024-11-18T20:27:48.145+0000] {processor.py:183} INFO - Processing /home/airflow/.local/lib/python3.11/site-packages/airflow/example_dags/tutorial_objectstorage.py took 0.118 seconds
[2024-11-18T20:28:19.079+0000] {processor.py:161} INFO - Started process (PID=1126) to work on /home/airflow/.local/lib/python3.11/site-packages/airflow/example_dags/tutorial_objectstorage.py
[2024-11-18T20:28:19.080+0000] {processor.py:830} INFO - Processing file /home/airflow/.local/lib/python3.11/site-packages/airflow/example_dags/tutorial_objectstorage.py for tasks to queue
[2024-11-18T20:28:19.082+0000] {logging_mixin.py:188} INFO - [2024-11-18T20:28:19.081+0000] {dagbag.py:545} INFO - Filling up the DagBag from /home/airflow/.local/lib/python3.11/site-packages/airflow/example_dags/tutorial_objectstorage.py
[2024-11-18T20:28:19.090+0000] {processor.py:840} INFO - DAG(s) 'tutorial_objectstorage' retrieved from /home/airflow/.local/lib/python3.11/site-packages/airflow/example_dags/tutorial_objectstorage.py
[2024-11-18T20:28:19.107+0000] {logging_mixin.py:188} INFO - [2024-11-18T20:28:19.107+0000] {dag.py:3089} INFO - Sync 1 DAGs
[2024-11-18T20:28:19.122+0000] {logging_mixin.py:188} INFO - [2024-11-18T20:28:19.122+0000] {dag.py:3947} INFO - Setting next_dagrun for tutorial_objectstorage to None, run_after=None
[2024-11-18T20:28:19.142+0000] {processor.py:183} INFO - Processing /home/airflow/.local/lib/python3.11/site-packages/airflow/example_dags/tutorial_objectstorage.py took 0.069 seconds
[2024-11-18T20:28:49.387+0000] {processor.py:161} INFO - Started process (PID=1185) to work on /home/airflow/.local/lib/python3.11/site-packages/airflow/example_dags/tutorial_objectstorage.py
[2024-11-18T20:28:49.388+0000] {processor.py:830} INFO - Processing file /home/airflow/.local/lib/python3.11/site-packages/airflow/example_dags/tutorial_objectstorage.py for tasks to queue
[2024-11-18T20:28:49.391+0000] {logging_mixin.py:188} INFO - [2024-11-18T20:28:49.390+0000] {dagbag.py:545} INFO - Filling up the DagBag from /home/airflow/.local/lib/python3.11/site-packages/airflow/example_dags/tutorial_objectstorage.py
[2024-11-18T20:28:49.400+0000] {processor.py:840} INFO - DAG(s) 'tutorial_objectstorage' retrieved from /home/airflow/.local/lib/python3.11/site-packages/airflow/example_dags/tutorial_objectstorage.py
[2024-11-18T20:28:49.420+0000] {logging_mixin.py:188} INFO - [2024-11-18T20:28:49.419+0000] {dag.py:3089} INFO - Sync 1 DAGs
[2024-11-18T20:28:49.432+0000] {logging_mixin.py:188} INFO - [2024-11-18T20:28:49.431+0000] {dag.py:3947} INFO - Setting next_dagrun for tutorial_objectstorage to None, run_after=None
[2024-11-18T20:28:49.463+0000] {processor.py:183} INFO - Processing /home/airflow/.local/lib/python3.11/site-packages/airflow/example_dags/tutorial_objectstorage.py took 0.082 seconds
[2024-11-18T20:29:19.711+0000] {processor.py:161} INFO - Started process (PID=1244) to work on /home/airflow/.local/lib/python3.11/site-packages/airflow/example_dags/tutorial_objectstorage.py
[2024-11-18T20:29:19.712+0000] {processor.py:830} INFO - Processing file /home/airflow/.local/lib/python3.11/site-packages/airflow/example_dags/tutorial_objectstorage.py for tasks to queue
[2024-11-18T20:29:19.714+0000] {logging_mixin.py:188} INFO - [2024-11-18T20:29:19.714+0000] {dagbag.py:545} INFO - Filling up the DagBag from /home/airflow/.local/lib/python3.11/site-packages/airflow/example_dags/tutorial_objectstorage.py
[2024-11-18T20:29:19.721+0000] {processor.py:840} INFO - DAG(s) 'tutorial_objectstorage' retrieved from /home/airflow/.local/lib/python3.11/site-packages/airflow/example_dags/tutorial_objectstorage.py
[2024-11-18T20:29:19.741+0000] {logging_mixin.py:188} INFO - [2024-11-18T20:29:19.741+0000] {dag.py:3089} INFO - Sync 1 DAGs
[2024-11-18T20:29:19.754+0000] {logging_mixin.py:188} INFO - [2024-11-18T20:29:19.753+0000] {dag.py:3947} INFO - Setting next_dagrun for tutorial_objectstorage to None, run_after=None
[2024-11-18T20:29:19.780+0000] {processor.py:183} INFO - Processing /home/airflow/.local/lib/python3.11/site-packages/airflow/example_dags/tutorial_objectstorage.py took 0.074 seconds
[2024-11-18T20:29:50.098+0000] {processor.py:161} INFO - Started process (PID=1303) to work on /home/airflow/.local/lib/python3.11/site-packages/airflow/example_dags/tutorial_objectstorage.py
[2024-11-18T20:29:50.099+0000] {processor.py:830} INFO - Processing file /home/airflow/.local/lib/python3.11/site-packages/airflow/example_dags/tutorial_objectstorage.py for tasks to queue
[2024-11-18T20:29:50.101+0000] {logging_mixin.py:188} INFO - [2024-11-18T20:29:50.100+0000] {dagbag.py:545} INFO - Filling up the DagBag from /home/airflow/.local/lib/python3.11/site-packages/airflow/example_dags/tutorial_objectstorage.py
[2024-11-18T20:29:50.107+0000] {processor.py:840} INFO - DAG(s) 'tutorial_objectstorage' retrieved from /home/airflow/.local/lib/python3.11/site-packages/airflow/example_dags/tutorial_objectstorage.py
[2024-11-18T20:29:50.123+0000] {logging_mixin.py:188} INFO - [2024-11-18T20:29:50.123+0000] {dag.py:3089} INFO - Sync 1 DAGs
[2024-11-18T20:29:50.134+0000] {logging_mixin.py:188} INFO - [2024-11-18T20:29:50.133+0000] {dag.py:3947} INFO - Setting next_dagrun for tutorial_objectstorage to None, run_after=None
[2024-11-18T20:29:50.155+0000] {processor.py:183} INFO - Processing /home/airflow/.local/lib/python3.11/site-packages/airflow/example_dags/tutorial_objectstorage.py took 0.061 seconds
[2024-11-18T20:30:20.234+0000] {processor.py:161} INFO - Started process (PID=1361) to work on /home/airflow/.local/lib/python3.11/site-packages/airflow/example_dags/tutorial_objectstorage.py
[2024-11-18T20:30:20.236+0000] {processor.py:830} INFO - Processing file /home/airflow/.local/lib/python3.11/site-packages/airflow/example_dags/tutorial_objectstorage.py for tasks to queue
[2024-11-18T20:30:20.238+0000] {logging_mixin.py:188} INFO - [2024-11-18T20:30:20.238+0000] {dagbag.py:545} INFO - Filling up the DagBag from /home/airflow/.local/lib/python3.11/site-packages/airflow/example_dags/tutorial_objectstorage.py
[2024-11-18T20:30:20.246+0000] {processor.py:840} INFO - DAG(s) 'tutorial_objectstorage' retrieved from /home/airflow/.local/lib/python3.11/site-packages/airflow/example_dags/tutorial_objectstorage.py
[2024-11-18T20:30:20.266+0000] {logging_mixin.py:188} INFO - [2024-11-18T20:30:20.265+0000] {dag.py:3089} INFO - Sync 1 DAGs
[2024-11-18T20:30:20.278+0000] {logging_mixin.py:188} INFO - [2024-11-18T20:30:20.278+0000] {dag.py:3947} INFO - Setting next_dagrun for tutorial_objectstorage to None, run_after=None
[2024-11-18T20:30:20.299+0000] {processor.py:183} INFO - Processing /home/airflow/.local/lib/python3.11/site-packages/airflow/example_dags/tutorial_objectstorage.py took 0.071 seconds
[2024-11-18T20:30:50.447+0000] {processor.py:161} INFO - Started process (PID=1421) to work on /home/airflow/.local/lib/python3.11/site-packages/airflow/example_dags/tutorial_objectstorage.py
[2024-11-18T20:30:50.448+0000] {processor.py:830} INFO - Processing file /home/airflow/.local/lib/python3.11/site-packages/airflow/example_dags/tutorial_objectstorage.py for tasks to queue
[2024-11-18T20:30:50.450+0000] {logging_mixin.py:188} INFO - [2024-11-18T20:30:50.449+0000] {dagbag.py:545} INFO - Filling up the DagBag from /home/airflow/.local/lib/python3.11/site-packages/airflow/example_dags/tutorial_objectstorage.py
[2024-11-18T20:30:50.457+0000] {processor.py:840} INFO - DAG(s) 'tutorial_objectstorage' retrieved from /home/airflow/.local/lib/python3.11/site-packages/airflow/example_dags/tutorial_objectstorage.py
[2024-11-18T20:30:50.475+0000] {logging_mixin.py:188} INFO - [2024-11-18T20:30:50.475+0000] {dag.py:3089} INFO - Sync 1 DAGs
[2024-11-18T20:30:50.486+0000] {logging_mixin.py:188} INFO - [2024-11-18T20:30:50.486+0000] {dag.py:3947} INFO - Setting next_dagrun for tutorial_objectstorage to None, run_after=None
[2024-11-18T20:30:50.505+0000] {processor.py:183} INFO - Processing /home/airflow/.local/lib/python3.11/site-packages/airflow/example_dags/tutorial_objectstorage.py took 0.063 seconds
[2024-11-18T20:31:20.619+0000] {processor.py:161} INFO - Started process (PID=1480) to work on /home/airflow/.local/lib/python3.11/site-packages/airflow/example_dags/tutorial_objectstorage.py
[2024-11-18T20:31:20.622+0000] {processor.py:830} INFO - Processing file /home/airflow/.local/lib/python3.11/site-packages/airflow/example_dags/tutorial_objectstorage.py for tasks to queue
[2024-11-18T20:31:20.625+0000] {logging_mixin.py:188} INFO - [2024-11-18T20:31:20.625+0000] {dagbag.py:545} INFO - Filling up the DagBag from /home/airflow/.local/lib/python3.11/site-packages/airflow/example_dags/tutorial_objectstorage.py
[2024-11-18T20:31:20.633+0000] {processor.py:840} INFO - DAG(s) 'tutorial_objectstorage' retrieved from /home/airflow/.local/lib/python3.11/site-packages/airflow/example_dags/tutorial_objectstorage.py
[2024-11-18T20:31:20.650+0000] {logging_mixin.py:188} INFO - [2024-11-18T20:31:20.649+0000] {dag.py:3089} INFO - Sync 1 DAGs
[2024-11-18T20:31:20.665+0000] {logging_mixin.py:188} INFO - [2024-11-18T20:31:20.664+0000] {dag.py:3947} INFO - Setting next_dagrun for tutorial_objectstorage to None, run_after=None
[2024-11-18T20:31:20.685+0000] {processor.py:183} INFO - Processing /home/airflow/.local/lib/python3.11/site-packages/airflow/example_dags/tutorial_objectstorage.py took 0.070 seconds
[2024-11-18T20:31:50.807+0000] {processor.py:161} INFO - Started process (PID=1539) to work on /home/airflow/.local/lib/python3.11/site-packages/airflow/example_dags/tutorial_objectstorage.py
[2024-11-18T20:31:50.808+0000] {processor.py:830} INFO - Processing file /home/airflow/.local/lib/python3.11/site-packages/airflow/example_dags/tutorial_objectstorage.py for tasks to queue
[2024-11-18T20:31:50.810+0000] {logging_mixin.py:188} INFO - [2024-11-18T20:31:50.809+0000] {dagbag.py:545} INFO - Filling up the DagBag from /home/airflow/.local/lib/python3.11/site-packages/airflow/example_dags/tutorial_objectstorage.py
[2024-11-18T20:31:50.816+0000] {processor.py:840} INFO - DAG(s) 'tutorial_objectstorage' retrieved from /home/airflow/.local/lib/python3.11/site-packages/airflow/example_dags/tutorial_objectstorage.py
[2024-11-18T20:31:50.831+0000] {logging_mixin.py:188} INFO - [2024-11-18T20:31:50.831+0000] {dag.py:3089} INFO - Sync 1 DAGs
[2024-11-18T20:31:50.843+0000] {logging_mixin.py:188} INFO - [2024-11-18T20:31:50.843+0000] {dag.py:3947} INFO - Setting next_dagrun for tutorial_objectstorage to None, run_after=None
[2024-11-18T20:31:50.874+0000] {processor.py:183} INFO - Processing /home/airflow/.local/lib/python3.11/site-packages/airflow/example_dags/tutorial_objectstorage.py took 0.071 seconds
[2024-11-18T20:32:21.594+0000] {processor.py:161} INFO - Started process (PID=1599) to work on /home/airflow/.local/lib/python3.11/site-packages/airflow/example_dags/tutorial_objectstorage.py
[2024-11-18T20:32:21.595+0000] {processor.py:830} INFO - Processing file /home/airflow/.local/lib/python3.11/site-packages/airflow/example_dags/tutorial_objectstorage.py for tasks to queue
[2024-11-18T20:32:21.596+0000] {logging_mixin.py:188} INFO - [2024-11-18T20:32:21.596+0000] {dagbag.py:545} INFO - Filling up the DagBag from /home/airflow/.local/lib/python3.11/site-packages/airflow/example_dags/tutorial_objectstorage.py
[2024-11-18T20:32:21.603+0000] {processor.py:840} INFO - DAG(s) 'tutorial_objectstorage' retrieved from /home/airflow/.local/lib/python3.11/site-packages/airflow/example_dags/tutorial_objectstorage.py
[2024-11-18T20:32:21.619+0000] {logging_mixin.py:188} INFO - [2024-11-18T20:32:21.619+0000] {dag.py:3089} INFO - Sync 1 DAGs
[2024-11-18T20:32:21.629+0000] {logging_mixin.py:188} INFO - [2024-11-18T20:32:21.629+0000] {dag.py:3947} INFO - Setting next_dagrun for tutorial_objectstorage to None, run_after=None
[2024-11-18T20:32:21.651+0000] {processor.py:183} INFO - Processing /home/airflow/.local/lib/python3.11/site-packages/airflow/example_dags/tutorial_objectstorage.py took 0.062 seconds
[2024-11-18T20:32:52.333+0000] {processor.py:161} INFO - Started process (PID=1658) to work on /home/airflow/.local/lib/python3.11/site-packages/airflow/example_dags/tutorial_objectstorage.py
[2024-11-18T20:32:52.338+0000] {processor.py:830} INFO - Processing file /home/airflow/.local/lib/python3.11/site-packages/airflow/example_dags/tutorial_objectstorage.py for tasks to queue
[2024-11-18T20:32:52.341+0000] {logging_mixin.py:188} INFO - [2024-11-18T20:32:52.341+0000] {dagbag.py:545} INFO - Filling up the DagBag from /home/airflow/.local/lib/python3.11/site-packages/airflow/example_dags/tutorial_objectstorage.py
[2024-11-18T20:32:52.356+0000] {processor.py:840} INFO - DAG(s) 'tutorial_objectstorage' retrieved from /home/airflow/.local/lib/python3.11/site-packages/airflow/example_dags/tutorial_objectstorage.py
[2024-11-18T20:32:52.405+0000] {logging_mixin.py:188} INFO - [2024-11-18T20:32:52.404+0000] {dag.py:3089} INFO - Sync 1 DAGs
[2024-11-18T20:32:52.460+0000] {logging_mixin.py:188} INFO - [2024-11-18T20:32:52.459+0000] {dag.py:3947} INFO - Setting next_dagrun for tutorial_objectstorage to None, run_after=None
[2024-11-18T20:32:52.556+0000] {processor.py:183} INFO - Processing /home/airflow/.local/lib/python3.11/site-packages/airflow/example_dags/tutorial_objectstorage.py took 0.233 seconds
[2024-11-18T20:33:22.875+0000] {processor.py:161} INFO - Started process (PID=1716) to work on /home/airflow/.local/lib/python3.11/site-packages/airflow/example_dags/tutorial_objectstorage.py
[2024-11-18T20:33:22.880+0000] {processor.py:830} INFO - Processing file /home/airflow/.local/lib/python3.11/site-packages/airflow/example_dags/tutorial_objectstorage.py for tasks to queue
[2024-11-18T20:33:22.891+0000] {logging_mixin.py:188} INFO - [2024-11-18T20:33:22.890+0000] {dagbag.py:545} INFO - Filling up the DagBag from /home/airflow/.local/lib/python3.11/site-packages/airflow/example_dags/tutorial_objectstorage.py
[2024-11-18T20:33:22.916+0000] {processor.py:840} INFO - DAG(s) 'tutorial_objectstorage' retrieved from /home/airflow/.local/lib/python3.11/site-packages/airflow/example_dags/tutorial_objectstorage.py
[2024-11-18T20:33:22.975+0000] {logging_mixin.py:188} INFO - [2024-11-18T20:33:22.974+0000] {dag.py:3089} INFO - Sync 1 DAGs
[2024-11-18T20:33:23.000+0000] {logging_mixin.py:188} INFO - [2024-11-18T20:33:22.999+0000] {dag.py:3947} INFO - Setting next_dagrun for tutorial_objectstorage to None, run_after=None
[2024-11-18T20:33:23.050+0000] {processor.py:183} INFO - Processing /home/airflow/.local/lib/python3.11/site-packages/airflow/example_dags/tutorial_objectstorage.py took 0.193 seconds
[2024-11-18T20:33:53.215+0000] {processor.py:161} INFO - Started process (PID=1775) to work on /home/airflow/.local/lib/python3.11/site-packages/airflow/example_dags/tutorial_objectstorage.py
[2024-11-18T20:33:53.216+0000] {processor.py:830} INFO - Processing file /home/airflow/.local/lib/python3.11/site-packages/airflow/example_dags/tutorial_objectstorage.py for tasks to queue
[2024-11-18T20:33:53.227+0000] {logging_mixin.py:188} INFO - [2024-11-18T20:33:53.223+0000] {dagbag.py:545} INFO - Filling up the DagBag from /home/airflow/.local/lib/python3.11/site-packages/airflow/example_dags/tutorial_objectstorage.py
[2024-11-18T20:33:53.254+0000] {processor.py:840} INFO - DAG(s) 'tutorial_objectstorage' retrieved from /home/airflow/.local/lib/python3.11/site-packages/airflow/example_dags/tutorial_objectstorage.py
[2024-11-18T20:33:53.315+0000] {logging_mixin.py:188} INFO - [2024-11-18T20:33:53.315+0000] {dag.py:3089} INFO - Sync 1 DAGs
[2024-11-18T20:33:53.339+0000] {logging_mixin.py:188} INFO - [2024-11-18T20:33:53.338+0000] {dag.py:3947} INFO - Setting next_dagrun for tutorial_objectstorage to None, run_after=None
[2024-11-18T20:33:53.365+0000] {processor.py:183} INFO - Processing /home/airflow/.local/lib/python3.11/site-packages/airflow/example_dags/tutorial_objectstorage.py took 0.164 seconds
[2024-11-18T20:34:23.550+0000] {processor.py:161} INFO - Started process (PID=1834) to work on /home/airflow/.local/lib/python3.11/site-packages/airflow/example_dags/tutorial_objectstorage.py
[2024-11-18T20:34:23.550+0000] {processor.py:830} INFO - Processing file /home/airflow/.local/lib/python3.11/site-packages/airflow/example_dags/tutorial_objectstorage.py for tasks to queue
[2024-11-18T20:34:23.552+0000] {logging_mixin.py:188} INFO - [2024-11-18T20:34:23.552+0000] {dagbag.py:545} INFO - Filling up the DagBag from /home/airflow/.local/lib/python3.11/site-packages/airflow/example_dags/tutorial_objectstorage.py
[2024-11-18T20:34:23.558+0000] {processor.py:840} INFO - DAG(s) 'tutorial_objectstorage' retrieved from /home/airflow/.local/lib/python3.11/site-packages/airflow/example_dags/tutorial_objectstorage.py
[2024-11-18T20:34:23.574+0000] {logging_mixin.py:188} INFO - [2024-11-18T20:34:23.573+0000] {dag.py:3089} INFO - Sync 1 DAGs
[2024-11-18T20:34:23.584+0000] {logging_mixin.py:188} INFO - [2024-11-18T20:34:23.583+0000] {dag.py:3947} INFO - Setting next_dagrun for tutorial_objectstorage to None, run_after=None
[2024-11-18T20:34:23.611+0000] {processor.py:183} INFO - Processing /home/airflow/.local/lib/python3.11/site-packages/airflow/example_dags/tutorial_objectstorage.py took 0.066 seconds
[2024-11-18T20:34:54.017+0000] {processor.py:161} INFO - Started process (PID=1893) to work on /home/airflow/.local/lib/python3.11/site-packages/airflow/example_dags/tutorial_objectstorage.py
[2024-11-18T20:34:54.018+0000] {processor.py:830} INFO - Processing file /home/airflow/.local/lib/python3.11/site-packages/airflow/example_dags/tutorial_objectstorage.py for tasks to queue
[2024-11-18T20:34:54.020+0000] {logging_mixin.py:188} INFO - [2024-11-18T20:34:54.020+0000] {dagbag.py:545} INFO - Filling up the DagBag from /home/airflow/.local/lib/python3.11/site-packages/airflow/example_dags/tutorial_objectstorage.py
[2024-11-18T20:34:54.026+0000] {processor.py:840} INFO - DAG(s) 'tutorial_objectstorage' retrieved from /home/airflow/.local/lib/python3.11/site-packages/airflow/example_dags/tutorial_objectstorage.py
[2024-11-18T20:34:54.042+0000] {logging_mixin.py:188} INFO - [2024-11-18T20:34:54.042+0000] {dag.py:3089} INFO - Sync 1 DAGs
[2024-11-18T20:34:54.055+0000] {logging_mixin.py:188} INFO - [2024-11-18T20:34:54.055+0000] {dag.py:3947} INFO - Setting next_dagrun for tutorial_objectstorage to None, run_after=None
[2024-11-18T20:34:54.077+0000] {processor.py:183} INFO - Processing /home/airflow/.local/lib/python3.11/site-packages/airflow/example_dags/tutorial_objectstorage.py took 0.065 seconds
[2024-11-18T20:35:24.331+0000] {processor.py:161} INFO - Started process (PID=1952) to work on /home/airflow/.local/lib/python3.11/site-packages/airflow/example_dags/tutorial_objectstorage.py
[2024-11-18T20:35:24.332+0000] {processor.py:830} INFO - Processing file /home/airflow/.local/lib/python3.11/site-packages/airflow/example_dags/tutorial_objectstorage.py for tasks to queue
[2024-11-18T20:35:24.333+0000] {logging_mixin.py:188} INFO - [2024-11-18T20:35:24.333+0000] {dagbag.py:545} INFO - Filling up the DagBag from /home/airflow/.local/lib/python3.11/site-packages/airflow/example_dags/tutorial_objectstorage.py
[2024-11-18T20:35:24.341+0000] {processor.py:840} INFO - DAG(s) 'tutorial_objectstorage' retrieved from /home/airflow/.local/lib/python3.11/site-packages/airflow/example_dags/tutorial_objectstorage.py
[2024-11-18T20:35:24.357+0000] {logging_mixin.py:188} INFO - [2024-11-18T20:35:24.356+0000] {dag.py:3089} INFO - Sync 1 DAGs
[2024-11-18T20:35:24.367+0000] {logging_mixin.py:188} INFO - [2024-11-18T20:35:24.367+0000] {dag.py:3947} INFO - Setting next_dagrun for tutorial_objectstorage to None, run_after=None
[2024-11-18T20:35:24.395+0000] {processor.py:183} INFO - Processing /home/airflow/.local/lib/python3.11/site-packages/airflow/example_dags/tutorial_objectstorage.py took 0.069 seconds
[2024-11-18T20:35:54.943+0000] {processor.py:161} INFO - Started process (PID=2011) to work on /home/airflow/.local/lib/python3.11/site-packages/airflow/example_dags/tutorial_objectstorage.py
[2024-11-18T20:35:54.947+0000] {processor.py:830} INFO - Processing file /home/airflow/.local/lib/python3.11/site-packages/airflow/example_dags/tutorial_objectstorage.py for tasks to queue
[2024-11-18T20:35:54.950+0000] {logging_mixin.py:188} INFO - [2024-11-18T20:35:54.949+0000] {dagbag.py:545} INFO - Filling up the DagBag from /home/airflow/.local/lib/python3.11/site-packages/airflow/example_dags/tutorial_objectstorage.py
[2024-11-18T20:35:54.962+0000] {processor.py:840} INFO - DAG(s) 'tutorial_objectstorage' retrieved from /home/airflow/.local/lib/python3.11/site-packages/airflow/example_dags/tutorial_objectstorage.py
[2024-11-18T20:35:55.001+0000] {logging_mixin.py:188} INFO - [2024-11-18T20:35:55.001+0000] {dag.py:3089} INFO - Sync 1 DAGs
[2024-11-18T20:35:55.026+0000] {logging_mixin.py:188} INFO - [2024-11-18T20:35:55.026+0000] {dag.py:3947} INFO - Setting next_dagrun for tutorial_objectstorage to None, run_after=None
[2024-11-18T20:35:55.102+0000] {processor.py:183} INFO - Processing /home/airflow/.local/lib/python3.11/site-packages/airflow/example_dags/tutorial_objectstorage.py took 0.168 seconds
[2024-11-18T20:36:25.652+0000] {processor.py:161} INFO - Started process (PID=2070) to work on /home/airflow/.local/lib/python3.11/site-packages/airflow/example_dags/tutorial_objectstorage.py
[2024-11-18T20:36:25.654+0000] {processor.py:830} INFO - Processing file /home/airflow/.local/lib/python3.11/site-packages/airflow/example_dags/tutorial_objectstorage.py for tasks to queue
[2024-11-18T20:36:25.658+0000] {logging_mixin.py:188} INFO - [2024-11-18T20:36:25.657+0000] {dagbag.py:545} INFO - Filling up the DagBag from /home/airflow/.local/lib/python3.11/site-packages/airflow/example_dags/tutorial_objectstorage.py
[2024-11-18T20:36:25.669+0000] {processor.py:840} INFO - DAG(s) 'tutorial_objectstorage' retrieved from /home/airflow/.local/lib/python3.11/site-packages/airflow/example_dags/tutorial_objectstorage.py
[2024-11-18T20:36:25.700+0000] {logging_mixin.py:188} INFO - [2024-11-18T20:36:25.700+0000] {dag.py:3089} INFO - Sync 1 DAGs
[2024-11-18T20:36:25.720+0000] {logging_mixin.py:188} INFO - [2024-11-18T20:36:25.720+0000] {dag.py:3947} INFO - Setting next_dagrun for tutorial_objectstorage to None, run_after=None
[2024-11-18T20:36:25.756+0000] {processor.py:183} INFO - Processing /home/airflow/.local/lib/python3.11/site-packages/airflow/example_dags/tutorial_objectstorage.py took 0.114 seconds
[2024-11-18T20:36:56.060+0000] {processor.py:161} INFO - Started process (PID=2130) to work on /home/airflow/.local/lib/python3.11/site-packages/airflow/example_dags/tutorial_objectstorage.py
[2024-11-18T20:36:56.064+0000] {processor.py:830} INFO - Processing file /home/airflow/.local/lib/python3.11/site-packages/airflow/example_dags/tutorial_objectstorage.py for tasks to queue
[2024-11-18T20:36:56.068+0000] {logging_mixin.py:188} INFO - [2024-11-18T20:36:56.067+0000] {dagbag.py:545} INFO - Filling up the DagBag from /home/airflow/.local/lib/python3.11/site-packages/airflow/example_dags/tutorial_objectstorage.py
[2024-11-18T20:36:56.085+0000] {processor.py:840} INFO - DAG(s) 'tutorial_objectstorage' retrieved from /home/airflow/.local/lib/python3.11/site-packages/airflow/example_dags/tutorial_objectstorage.py
[2024-11-18T20:36:56.121+0000] {logging_mixin.py:188} INFO - [2024-11-18T20:36:56.117+0000] {dag.py:3089} INFO - Sync 1 DAGs
[2024-11-18T20:36:56.140+0000] {logging_mixin.py:188} INFO - [2024-11-18T20:36:56.139+0000] {dag.py:3947} INFO - Setting next_dagrun for tutorial_objectstorage to None, run_after=None
[2024-11-18T20:36:56.179+0000] {processor.py:183} INFO - Processing /home/airflow/.local/lib/python3.11/site-packages/airflow/example_dags/tutorial_objectstorage.py took 0.129 seconds
[2024-11-18T20:37:27.100+0000] {processor.py:161} INFO - Started process (PID=2189) to work on /home/airflow/.local/lib/python3.11/site-packages/airflow/example_dags/tutorial_objectstorage.py
[2024-11-18T20:37:27.101+0000] {processor.py:830} INFO - Processing file /home/airflow/.local/lib/python3.11/site-packages/airflow/example_dags/tutorial_objectstorage.py for tasks to queue
[2024-11-18T20:37:27.102+0000] {logging_mixin.py:188} INFO - [2024-11-18T20:37:27.102+0000] {dagbag.py:545} INFO - Filling up the DagBag from /home/airflow/.local/lib/python3.11/site-packages/airflow/example_dags/tutorial_objectstorage.py
[2024-11-18T20:37:27.111+0000] {processor.py:840} INFO - DAG(s) 'tutorial_objectstorage' retrieved from /home/airflow/.local/lib/python3.11/site-packages/airflow/example_dags/tutorial_objectstorage.py
[2024-11-18T20:37:27.131+0000] {logging_mixin.py:188} INFO - [2024-11-18T20:37:27.130+0000] {dag.py:3089} INFO - Sync 1 DAGs
[2024-11-18T20:37:27.143+0000] {logging_mixin.py:188} INFO - [2024-11-18T20:37:27.143+0000] {dag.py:3947} INFO - Setting next_dagrun for tutorial_objectstorage to None, run_after=None
[2024-11-18T20:37:27.185+0000] {processor.py:183} INFO - Processing /home/airflow/.local/lib/python3.11/site-packages/airflow/example_dags/tutorial_objectstorage.py took 0.091 seconds
[2024-11-18T20:37:57.627+0000] {processor.py:161} INFO - Started process (PID=2248) to work on /home/airflow/.local/lib/python3.11/site-packages/airflow/example_dags/tutorial_objectstorage.py
[2024-11-18T20:37:57.632+0000] {processor.py:830} INFO - Processing file /home/airflow/.local/lib/python3.11/site-packages/airflow/example_dags/tutorial_objectstorage.py for tasks to queue
[2024-11-18T20:37:57.645+0000] {logging_mixin.py:188} INFO - [2024-11-18T20:37:57.642+0000] {dagbag.py:545} INFO - Filling up the DagBag from /home/airflow/.local/lib/python3.11/site-packages/airflow/example_dags/tutorial_objectstorage.py
[2024-11-18T20:37:57.689+0000] {processor.py:840} INFO - DAG(s) 'tutorial_objectstorage' retrieved from /home/airflow/.local/lib/python3.11/site-packages/airflow/example_dags/tutorial_objectstorage.py
[2024-11-18T20:37:57.782+0000] {logging_mixin.py:188} INFO - [2024-11-18T20:37:57.782+0000] {dag.py:3089} INFO - Sync 1 DAGs
[2024-11-18T20:37:57.856+0000] {logging_mixin.py:188} INFO - [2024-11-18T20:37:57.854+0000] {dag.py:3947} INFO - Setting next_dagrun for tutorial_objectstorage to None, run_after=None
[2024-11-18T20:37:57.898+0000] {processor.py:183} INFO - Processing /home/airflow/.local/lib/python3.11/site-packages/airflow/example_dags/tutorial_objectstorage.py took 0.295 seconds
[2024-11-18T20:38:28.645+0000] {processor.py:161} INFO - Started process (PID=2310) to work on /home/airflow/.local/lib/python3.11/site-packages/airflow/example_dags/tutorial_objectstorage.py
[2024-11-18T20:38:28.646+0000] {processor.py:830} INFO - Processing file /home/airflow/.local/lib/python3.11/site-packages/airflow/example_dags/tutorial_objectstorage.py for tasks to queue
[2024-11-18T20:38:28.648+0000] {logging_mixin.py:188} INFO - [2024-11-18T20:38:28.648+0000] {dagbag.py:545} INFO - Filling up the DagBag from /home/airflow/.local/lib/python3.11/site-packages/airflow/example_dags/tutorial_objectstorage.py
[2024-11-18T20:38:28.656+0000] {processor.py:840} INFO - DAG(s) 'tutorial_objectstorage' retrieved from /home/airflow/.local/lib/python3.11/site-packages/airflow/example_dags/tutorial_objectstorage.py
[2024-11-18T20:38:28.674+0000] {logging_mixin.py:188} INFO - [2024-11-18T20:38:28.674+0000] {dag.py:3089} INFO - Sync 1 DAGs
[2024-11-18T20:38:28.686+0000] {logging_mixin.py:188} INFO - [2024-11-18T20:38:28.685+0000] {dag.py:3947} INFO - Setting next_dagrun for tutorial_objectstorage to None, run_after=None
[2024-11-18T20:38:28.707+0000] {processor.py:183} INFO - Processing /home/airflow/.local/lib/python3.11/site-packages/airflow/example_dags/tutorial_objectstorage.py took 0.067 seconds
[2024-11-18T20:38:58.840+0000] {processor.py:161} INFO - Started process (PID=2377) to work on /home/airflow/.local/lib/python3.11/site-packages/airflow/example_dags/tutorial_objectstorage.py
[2024-11-18T20:38:58.841+0000] {processor.py:830} INFO - Processing file /home/airflow/.local/lib/python3.11/site-packages/airflow/example_dags/tutorial_objectstorage.py for tasks to queue
[2024-11-18T20:38:58.843+0000] {logging_mixin.py:188} INFO - [2024-11-18T20:38:58.842+0000] {dagbag.py:545} INFO - Filling up the DagBag from /home/airflow/.local/lib/python3.11/site-packages/airflow/example_dags/tutorial_objectstorage.py
[2024-11-18T20:38:58.851+0000] {processor.py:840} INFO - DAG(s) 'tutorial_objectstorage' retrieved from /home/airflow/.local/lib/python3.11/site-packages/airflow/example_dags/tutorial_objectstorage.py
[2024-11-18T20:38:58.872+0000] {logging_mixin.py:188} INFO - [2024-11-18T20:38:58.872+0000] {dag.py:3089} INFO - Sync 1 DAGs
[2024-11-18T20:38:58.884+0000] {logging_mixin.py:188} INFO - [2024-11-18T20:38:58.884+0000] {dag.py:3947} INFO - Setting next_dagrun for tutorial_objectstorage to None, run_after=None
[2024-11-18T20:38:58.905+0000] {processor.py:183} INFO - Processing /home/airflow/.local/lib/python3.11/site-packages/airflow/example_dags/tutorial_objectstorage.py took 0.072 seconds
[2024-11-18T20:39:29.827+0000] {processor.py:161} INFO - Started process (PID=2437) to work on /home/airflow/.local/lib/python3.11/site-packages/airflow/example_dags/tutorial_objectstorage.py
[2024-11-18T20:39:29.828+0000] {processor.py:830} INFO - Processing file /home/airflow/.local/lib/python3.11/site-packages/airflow/example_dags/tutorial_objectstorage.py for tasks to queue
[2024-11-18T20:39:29.831+0000] {logging_mixin.py:188} INFO - [2024-11-18T20:39:29.830+0000] {dagbag.py:545} INFO - Filling up the DagBag from /home/airflow/.local/lib/python3.11/site-packages/airflow/example_dags/tutorial_objectstorage.py
[2024-11-18T20:39:29.839+0000] {processor.py:840} INFO - DAG(s) 'tutorial_objectstorage' retrieved from /home/airflow/.local/lib/python3.11/site-packages/airflow/example_dags/tutorial_objectstorage.py
[2024-11-18T20:39:29.863+0000] {logging_mixin.py:188} INFO - [2024-11-18T20:39:29.862+0000] {dag.py:3089} INFO - Sync 1 DAGs
[2024-11-18T20:39:29.879+0000] {logging_mixin.py:188} INFO - [2024-11-18T20:39:29.878+0000] {dag.py:3947} INFO - Setting next_dagrun for tutorial_objectstorage to None, run_after=None
[2024-11-18T20:39:29.909+0000] {processor.py:183} INFO - Processing /home/airflow/.local/lib/python3.11/site-packages/airflow/example_dags/tutorial_objectstorage.py took 0.090 seconds
[2024-11-18T20:40:00.687+0000] {processor.py:161} INFO - Started process (PID=2496) to work on /home/airflow/.local/lib/python3.11/site-packages/airflow/example_dags/tutorial_objectstorage.py
[2024-11-18T20:40:00.687+0000] {processor.py:830} INFO - Processing file /home/airflow/.local/lib/python3.11/site-packages/airflow/example_dags/tutorial_objectstorage.py for tasks to queue
[2024-11-18T20:40:00.689+0000] {logging_mixin.py:188} INFO - [2024-11-18T20:40:00.689+0000] {dagbag.py:545} INFO - Filling up the DagBag from /home/airflow/.local/lib/python3.11/site-packages/airflow/example_dags/tutorial_objectstorage.py
[2024-11-18T20:40:00.696+0000] {processor.py:840} INFO - DAG(s) 'tutorial_objectstorage' retrieved from /home/airflow/.local/lib/python3.11/site-packages/airflow/example_dags/tutorial_objectstorage.py
[2024-11-18T20:40:00.712+0000] {logging_mixin.py:188} INFO - [2024-11-18T20:40:00.712+0000] {dag.py:3089} INFO - Sync 1 DAGs
[2024-11-18T20:40:00.723+0000] {logging_mixin.py:188} INFO - [2024-11-18T20:40:00.723+0000] {dag.py:3947} INFO - Setting next_dagrun for tutorial_objectstorage to None, run_after=None
[2024-11-18T20:40:00.754+0000] {processor.py:183} INFO - Processing /home/airflow/.local/lib/python3.11/site-packages/airflow/example_dags/tutorial_objectstorage.py took 0.072 seconds
[2024-11-18T20:40:31.582+0000] {processor.py:161} INFO - Started process (PID=2555) to work on /home/airflow/.local/lib/python3.11/site-packages/airflow/example_dags/tutorial_objectstorage.py
[2024-11-18T20:40:31.584+0000] {processor.py:830} INFO - Processing file /home/airflow/.local/lib/python3.11/site-packages/airflow/example_dags/tutorial_objectstorage.py for tasks to queue
[2024-11-18T20:40:31.589+0000] {logging_mixin.py:188} INFO - [2024-11-18T20:40:31.588+0000] {dagbag.py:545} INFO - Filling up the DagBag from /home/airflow/.local/lib/python3.11/site-packages/airflow/example_dags/tutorial_objectstorage.py
[2024-11-18T20:40:31.605+0000] {processor.py:840} INFO - DAG(s) 'tutorial_objectstorage' retrieved from /home/airflow/.local/lib/python3.11/site-packages/airflow/example_dags/tutorial_objectstorage.py
[2024-11-18T20:40:31.665+0000] {logging_mixin.py:188} INFO - [2024-11-18T20:40:31.665+0000] {dag.py:3089} INFO - Sync 1 DAGs
[2024-11-18T20:40:31.685+0000] {logging_mixin.py:188} INFO - [2024-11-18T20:40:31.685+0000] {dag.py:3947} INFO - Setting next_dagrun for tutorial_objectstorage to None, run_after=None
[2024-11-18T20:40:31.754+0000] {processor.py:183} INFO - Processing /home/airflow/.local/lib/python3.11/site-packages/airflow/example_dags/tutorial_objectstorage.py took 0.182 seconds
[2024-11-18T20:43:55.714+0000] {processor.py:161} INFO - Started process (PID=70) to work on /home/airflow/.local/lib/python3.11/site-packages/airflow/example_dags/tutorial_objectstorage.py
[2024-11-18T20:43:55.716+0000] {processor.py:830} INFO - Processing file /home/airflow/.local/lib/python3.11/site-packages/airflow/example_dags/tutorial_objectstorage.py for tasks to queue
[2024-11-18T20:43:55.718+0000] {logging_mixin.py:188} INFO - [2024-11-18T20:43:55.718+0000] {dagbag.py:545} INFO - Filling up the DagBag from /home/airflow/.local/lib/python3.11/site-packages/airflow/example_dags/tutorial_objectstorage.py
[2024-11-18T20:43:55.728+0000] {processor.py:840} INFO - DAG(s) 'tutorial_objectstorage' retrieved from /home/airflow/.local/lib/python3.11/site-packages/airflow/example_dags/tutorial_objectstorage.py
[2024-11-18T20:43:55.747+0000] {logging_mixin.py:188} INFO - [2024-11-18T20:43:55.747+0000] {dag.py:3089} INFO - Sync 1 DAGs
[2024-11-18T20:43:55.760+0000] {logging_mixin.py:188} INFO - [2024-11-18T20:43:55.760+0000] {dag.py:3947} INFO - Setting next_dagrun for tutorial_objectstorage to None, run_after=None
[2024-11-18T20:43:55.779+0000] {processor.py:183} INFO - Processing /home/airflow/.local/lib/python3.11/site-packages/airflow/example_dags/tutorial_objectstorage.py took 0.069 seconds
[2024-11-18T20:44:26.558+0000] {processor.py:161} INFO - Started process (PID=129) to work on /home/airflow/.local/lib/python3.11/site-packages/airflow/example_dags/tutorial_objectstorage.py
[2024-11-18T20:44:26.559+0000] {processor.py:830} INFO - Processing file /home/airflow/.local/lib/python3.11/site-packages/airflow/example_dags/tutorial_objectstorage.py for tasks to queue
[2024-11-18T20:44:26.561+0000] {logging_mixin.py:188} INFO - [2024-11-18T20:44:26.561+0000] {dagbag.py:545} INFO - Filling up the DagBag from /home/airflow/.local/lib/python3.11/site-packages/airflow/example_dags/tutorial_objectstorage.py
[2024-11-18T20:44:26.570+0000] {processor.py:840} INFO - DAG(s) 'tutorial_objectstorage' retrieved from /home/airflow/.local/lib/python3.11/site-packages/airflow/example_dags/tutorial_objectstorage.py
[2024-11-18T20:44:26.598+0000] {logging_mixin.py:188} INFO - [2024-11-18T20:44:26.598+0000] {dag.py:3089} INFO - Sync 1 DAGs
[2024-11-18T20:44:26.612+0000] {logging_mixin.py:188} INFO - [2024-11-18T20:44:26.612+0000] {dag.py:3947} INFO - Setting next_dagrun for tutorial_objectstorage to None, run_after=None
[2024-11-18T20:44:26.639+0000] {processor.py:183} INFO - Processing /home/airflow/.local/lib/python3.11/site-packages/airflow/example_dags/tutorial_objectstorage.py took 0.087 seconds
[2024-11-18T20:44:56.852+0000] {processor.py:161} INFO - Started process (PID=186) to work on /home/airflow/.local/lib/python3.11/site-packages/airflow/example_dags/tutorial_objectstorage.py
[2024-11-18T20:44:56.852+0000] {processor.py:830} INFO - Processing file /home/airflow/.local/lib/python3.11/site-packages/airflow/example_dags/tutorial_objectstorage.py for tasks to queue
[2024-11-18T20:44:56.855+0000] {logging_mixin.py:188} INFO - [2024-11-18T20:44:56.854+0000] {dagbag.py:545} INFO - Filling up the DagBag from /home/airflow/.local/lib/python3.11/site-packages/airflow/example_dags/tutorial_objectstorage.py
[2024-11-18T20:44:56.861+0000] {processor.py:840} INFO - DAG(s) 'tutorial_objectstorage' retrieved from /home/airflow/.local/lib/python3.11/site-packages/airflow/example_dags/tutorial_objectstorage.py
[2024-11-18T20:44:56.877+0000] {logging_mixin.py:188} INFO - [2024-11-18T20:44:56.876+0000] {dag.py:3089} INFO - Sync 1 DAGs
[2024-11-18T20:44:56.890+0000] {logging_mixin.py:188} INFO - [2024-11-18T20:44:56.890+0000] {dag.py:3947} INFO - Setting next_dagrun for tutorial_objectstorage to None, run_after=None
[2024-11-18T20:44:56.913+0000] {processor.py:183} INFO - Processing /home/airflow/.local/lib/python3.11/site-packages/airflow/example_dags/tutorial_objectstorage.py took 0.068 seconds
[2024-11-18T20:45:27.378+0000] {processor.py:161} INFO - Started process (PID=245) to work on /home/airflow/.local/lib/python3.11/site-packages/airflow/example_dags/tutorial_objectstorage.py
[2024-11-18T20:45:27.379+0000] {processor.py:830} INFO - Processing file /home/airflow/.local/lib/python3.11/site-packages/airflow/example_dags/tutorial_objectstorage.py for tasks to queue
[2024-11-18T20:45:27.381+0000] {logging_mixin.py:188} INFO - [2024-11-18T20:45:27.381+0000] {dagbag.py:545} INFO - Filling up the DagBag from /home/airflow/.local/lib/python3.11/site-packages/airflow/example_dags/tutorial_objectstorage.py
[2024-11-18T20:45:27.389+0000] {processor.py:840} INFO - DAG(s) 'tutorial_objectstorage' retrieved from /home/airflow/.local/lib/python3.11/site-packages/airflow/example_dags/tutorial_objectstorage.py
[2024-11-18T20:45:27.406+0000] {logging_mixin.py:188} INFO - [2024-11-18T20:45:27.405+0000] {dag.py:3089} INFO - Sync 1 DAGs
[2024-11-18T20:45:27.416+0000] {logging_mixin.py:188} INFO - [2024-11-18T20:45:27.416+0000] {dag.py:3947} INFO - Setting next_dagrun for tutorial_objectstorage to None, run_after=None
[2024-11-18T20:45:27.436+0000] {processor.py:183} INFO - Processing /home/airflow/.local/lib/python3.11/site-packages/airflow/example_dags/tutorial_objectstorage.py took 0.064 seconds
[2024-11-18T20:45:57.775+0000] {processor.py:161} INFO - Started process (PID=304) to work on /home/airflow/.local/lib/python3.11/site-packages/airflow/example_dags/tutorial_objectstorage.py
[2024-11-18T20:45:57.776+0000] {processor.py:830} INFO - Processing file /home/airflow/.local/lib/python3.11/site-packages/airflow/example_dags/tutorial_objectstorage.py for tasks to queue
[2024-11-18T20:45:57.778+0000] {logging_mixin.py:188} INFO - [2024-11-18T20:45:57.778+0000] {dagbag.py:545} INFO - Filling up the DagBag from /home/airflow/.local/lib/python3.11/site-packages/airflow/example_dags/tutorial_objectstorage.py
[2024-11-18T20:45:57.786+0000] {processor.py:840} INFO - DAG(s) 'tutorial_objectstorage' retrieved from /home/airflow/.local/lib/python3.11/site-packages/airflow/example_dags/tutorial_objectstorage.py
[2024-11-18T20:45:57.805+0000] {logging_mixin.py:188} INFO - [2024-11-18T20:45:57.805+0000] {dag.py:3089} INFO - Sync 1 DAGs
[2024-11-18T20:45:57.818+0000] {logging_mixin.py:188} INFO - [2024-11-18T20:45:57.817+0000] {dag.py:3947} INFO - Setting next_dagrun for tutorial_objectstorage to None, run_after=None
[2024-11-18T20:45:57.836+0000] {processor.py:183} INFO - Processing /home/airflow/.local/lib/python3.11/site-packages/airflow/example_dags/tutorial_objectstorage.py took 0.067 seconds
[2024-11-18T20:46:28.266+0000] {processor.py:161} INFO - Started process (PID=364) to work on /home/airflow/.local/lib/python3.11/site-packages/airflow/example_dags/tutorial_objectstorage.py
[2024-11-18T20:46:28.267+0000] {processor.py:830} INFO - Processing file /home/airflow/.local/lib/python3.11/site-packages/airflow/example_dags/tutorial_objectstorage.py for tasks to queue
[2024-11-18T20:46:28.269+0000] {logging_mixin.py:188} INFO - [2024-11-18T20:46:28.269+0000] {dagbag.py:545} INFO - Filling up the DagBag from /home/airflow/.local/lib/python3.11/site-packages/airflow/example_dags/tutorial_objectstorage.py
[2024-11-18T20:46:28.275+0000] {processor.py:840} INFO - DAG(s) 'tutorial_objectstorage' retrieved from /home/airflow/.local/lib/python3.11/site-packages/airflow/example_dags/tutorial_objectstorage.py
[2024-11-18T20:46:28.292+0000] {logging_mixin.py:188} INFO - [2024-11-18T20:46:28.291+0000] {dag.py:3089} INFO - Sync 1 DAGs
[2024-11-18T20:46:28.303+0000] {logging_mixin.py:188} INFO - [2024-11-18T20:46:28.302+0000] {dag.py:3947} INFO - Setting next_dagrun for tutorial_objectstorage to None, run_after=None
[2024-11-18T20:46:28.319+0000] {processor.py:183} INFO - Processing /home/airflow/.local/lib/python3.11/site-packages/airflow/example_dags/tutorial_objectstorage.py took 0.058 seconds
[2024-11-18T20:46:58.378+0000] {processor.py:161} INFO - Started process (PID=422) to work on /home/airflow/.local/lib/python3.11/site-packages/airflow/example_dags/tutorial_objectstorage.py
[2024-11-18T20:46:58.380+0000] {processor.py:830} INFO - Processing file /home/airflow/.local/lib/python3.11/site-packages/airflow/example_dags/tutorial_objectstorage.py for tasks to queue
[2024-11-18T20:46:58.384+0000] {logging_mixin.py:188} INFO - [2024-11-18T20:46:58.384+0000] {dagbag.py:545} INFO - Filling up the DagBag from /home/airflow/.local/lib/python3.11/site-packages/airflow/example_dags/tutorial_objectstorage.py
[2024-11-18T20:46:58.391+0000] {processor.py:840} INFO - DAG(s) 'tutorial_objectstorage' retrieved from /home/airflow/.local/lib/python3.11/site-packages/airflow/example_dags/tutorial_objectstorage.py
[2024-11-18T20:46:58.408+0000] {logging_mixin.py:188} INFO - [2024-11-18T20:46:58.408+0000] {dag.py:3089} INFO - Sync 1 DAGs
[2024-11-18T20:46:58.420+0000] {logging_mixin.py:188} INFO - [2024-11-18T20:46:58.419+0000] {dag.py:3947} INFO - Setting next_dagrun for tutorial_objectstorage to None, run_after=None
[2024-11-18T20:46:58.439+0000] {processor.py:183} INFO - Processing /home/airflow/.local/lib/python3.11/site-packages/airflow/example_dags/tutorial_objectstorage.py took 0.067 seconds
[2024-11-18T20:48:16.567+0000] {processor.py:161} INFO - Started process (PID=59) to work on /home/airflow/.local/lib/python3.11/site-packages/airflow/example_dags/tutorial_objectstorage.py
[2024-11-18T20:48:16.567+0000] {processor.py:830} INFO - Processing file /home/airflow/.local/lib/python3.11/site-packages/airflow/example_dags/tutorial_objectstorage.py for tasks to queue
[2024-11-18T20:48:16.570+0000] {logging_mixin.py:188} INFO - [2024-11-18T20:48:16.569+0000] {dagbag.py:545} INFO - Filling up the DagBag from /home/airflow/.local/lib/python3.11/site-packages/airflow/example_dags/tutorial_objectstorage.py
[2024-11-18T20:48:16.579+0000] {processor.py:840} INFO - DAG(s) 'tutorial_objectstorage' retrieved from /home/airflow/.local/lib/python3.11/site-packages/airflow/example_dags/tutorial_objectstorage.py
[2024-11-18T20:48:16.590+0000] {logging_mixin.py:188} INFO - [2024-11-18T20:48:16.589+0000] {dag.py:3089} INFO - Sync 1 DAGs
[2024-11-18T20:48:16.604+0000] {logging_mixin.py:188} INFO - [2024-11-18T20:48:16.604+0000] {dag.py:3947} INFO - Setting next_dagrun for tutorial_objectstorage to None, run_after=None
[2024-11-18T20:48:16.621+0000] {processor.py:183} INFO - Processing /home/airflow/.local/lib/python3.11/site-packages/airflow/example_dags/tutorial_objectstorage.py took 0.060 seconds
[2024-11-18T20:48:47.236+0000] {processor.py:161} INFO - Started process (PID=118) to work on /home/airflow/.local/lib/python3.11/site-packages/airflow/example_dags/tutorial_objectstorage.py
[2024-11-18T20:48:47.237+0000] {processor.py:830} INFO - Processing file /home/airflow/.local/lib/python3.11/site-packages/airflow/example_dags/tutorial_objectstorage.py for tasks to queue
[2024-11-18T20:48:47.239+0000] {logging_mixin.py:188} INFO - [2024-11-18T20:48:47.239+0000] {dagbag.py:545} INFO - Filling up the DagBag from /home/airflow/.local/lib/python3.11/site-packages/airflow/example_dags/tutorial_objectstorage.py
[2024-11-18T20:48:47.245+0000] {processor.py:840} INFO - DAG(s) 'tutorial_objectstorage' retrieved from /home/airflow/.local/lib/python3.11/site-packages/airflow/example_dags/tutorial_objectstorage.py
[2024-11-18T20:48:47.331+0000] {logging_mixin.py:188} INFO - [2024-11-18T20:48:47.330+0000] {dag.py:3089} INFO - Sync 1 DAGs
[2024-11-18T20:48:47.342+0000] {logging_mixin.py:188} INFO - [2024-11-18T20:48:47.342+0000] {dag.py:3947} INFO - Setting next_dagrun for tutorial_objectstorage to None, run_after=None
[2024-11-18T20:48:47.363+0000] {processor.py:183} INFO - Processing /home/airflow/.local/lib/python3.11/site-packages/airflow/example_dags/tutorial_objectstorage.py took 0.131 seconds
[2024-11-18T20:49:17.556+0000] {processor.py:161} INFO - Started process (PID=177) to work on /home/airflow/.local/lib/python3.11/site-packages/airflow/example_dags/tutorial_objectstorage.py
[2024-11-18T20:49:17.557+0000] {processor.py:830} INFO - Processing file /home/airflow/.local/lib/python3.11/site-packages/airflow/example_dags/tutorial_objectstorage.py for tasks to queue
[2024-11-18T20:49:17.558+0000] {logging_mixin.py:188} INFO - [2024-11-18T20:49:17.558+0000] {dagbag.py:545} INFO - Filling up the DagBag from /home/airflow/.local/lib/python3.11/site-packages/airflow/example_dags/tutorial_objectstorage.py
[2024-11-18T20:49:17.565+0000] {processor.py:840} INFO - DAG(s) 'tutorial_objectstorage' retrieved from /home/airflow/.local/lib/python3.11/site-packages/airflow/example_dags/tutorial_objectstorage.py
[2024-11-18T20:49:17.581+0000] {logging_mixin.py:188} INFO - [2024-11-18T20:49:17.581+0000] {dag.py:3089} INFO - Sync 1 DAGs
[2024-11-18T20:49:17.592+0000] {logging_mixin.py:188} INFO - [2024-11-18T20:49:17.592+0000] {dag.py:3947} INFO - Setting next_dagrun for tutorial_objectstorage to None, run_after=None
[2024-11-18T20:49:17.614+0000] {processor.py:183} INFO - Processing /home/airflow/.local/lib/python3.11/site-packages/airflow/example_dags/tutorial_objectstorage.py took 0.063 seconds
[2024-11-18T20:50:38.429+0000] {processor.py:161} INFO - Started process (PID=64) to work on /home/airflow/.local/lib/python3.11/site-packages/airflow/example_dags/tutorial_objectstorage.py
[2024-11-18T20:50:38.430+0000] {processor.py:830} INFO - Processing file /home/airflow/.local/lib/python3.11/site-packages/airflow/example_dags/tutorial_objectstorage.py for tasks to queue
[2024-11-18T20:50:38.434+0000] {logging_mixin.py:188} INFO - [2024-11-18T20:50:38.433+0000] {dagbag.py:545} INFO - Filling up the DagBag from /home/airflow/.local/lib/python3.11/site-packages/airflow/example_dags/tutorial_objectstorage.py
[2024-11-18T20:50:38.448+0000] {processor.py:840} INFO - DAG(s) 'tutorial_objectstorage' retrieved from /home/airflow/.local/lib/python3.11/site-packages/airflow/example_dags/tutorial_objectstorage.py
[2024-11-18T20:50:38.461+0000] {logging_mixin.py:188} INFO - [2024-11-18T20:50:38.461+0000] {dag.py:3089} INFO - Sync 1 DAGs
[2024-11-18T20:50:38.477+0000] {logging_mixin.py:188} INFO - [2024-11-18T20:50:38.476+0000] {dag.py:3947} INFO - Setting next_dagrun for tutorial_objectstorage to None, run_after=None
[2024-11-18T20:50:38.508+0000] {processor.py:183} INFO - Processing /home/airflow/.local/lib/python3.11/site-packages/airflow/example_dags/tutorial_objectstorage.py took 0.086 seconds
[2024-11-18T20:51:10.396+0000] {processor.py:161} INFO - Started process (PID=129) to work on /home/airflow/.local/lib/python3.11/site-packages/airflow/example_dags/tutorial_objectstorage.py
[2024-11-18T20:51:10.397+0000] {processor.py:830} INFO - Processing file /home/airflow/.local/lib/python3.11/site-packages/airflow/example_dags/tutorial_objectstorage.py for tasks to queue
[2024-11-18T20:51:10.399+0000] {logging_mixin.py:188} INFO - [2024-11-18T20:51:10.399+0000] {dagbag.py:545} INFO - Filling up the DagBag from /home/airflow/.local/lib/python3.11/site-packages/airflow/example_dags/tutorial_objectstorage.py
[2024-11-18T20:51:10.407+0000] {processor.py:840} INFO - DAG(s) 'tutorial_objectstorage' retrieved from /home/airflow/.local/lib/python3.11/site-packages/airflow/example_dags/tutorial_objectstorage.py
[2024-11-18T20:51:10.509+0000] {logging_mixin.py:188} INFO - [2024-11-18T20:51:10.508+0000] {dag.py:3089} INFO - Sync 1 DAGs
[2024-11-18T20:51:10.519+0000] {logging_mixin.py:188} INFO - [2024-11-18T20:51:10.519+0000] {dag.py:3947} INFO - Setting next_dagrun for tutorial_objectstorage to None, run_after=None
[2024-11-18T20:51:10.541+0000] {processor.py:183} INFO - Processing /home/airflow/.local/lib/python3.11/site-packages/airflow/example_dags/tutorial_objectstorage.py took 0.150 seconds
[2024-11-18T20:51:40.848+0000] {processor.py:161} INFO - Started process (PID=188) to work on /home/airflow/.local/lib/python3.11/site-packages/airflow/example_dags/tutorial_objectstorage.py
[2024-11-18T20:51:40.849+0000] {processor.py:830} INFO - Processing file /home/airflow/.local/lib/python3.11/site-packages/airflow/example_dags/tutorial_objectstorage.py for tasks to queue
[2024-11-18T20:51:40.852+0000] {logging_mixin.py:188} INFO - [2024-11-18T20:51:40.851+0000] {dagbag.py:545} INFO - Filling up the DagBag from /home/airflow/.local/lib/python3.11/site-packages/airflow/example_dags/tutorial_objectstorage.py
[2024-11-18T20:51:40.860+0000] {processor.py:840} INFO - DAG(s) 'tutorial_objectstorage' retrieved from /home/airflow/.local/lib/python3.11/site-packages/airflow/example_dags/tutorial_objectstorage.py
[2024-11-18T20:51:40.882+0000] {logging_mixin.py:188} INFO - [2024-11-18T20:51:40.882+0000] {dag.py:3089} INFO - Sync 1 DAGs
[2024-11-18T20:51:40.893+0000] {logging_mixin.py:188} INFO - [2024-11-18T20:51:40.893+0000] {dag.py:3947} INFO - Setting next_dagrun for tutorial_objectstorage to None, run_after=None
[2024-11-18T20:51:40.912+0000] {processor.py:183} INFO - Processing /home/airflow/.local/lib/python3.11/site-packages/airflow/example_dags/tutorial_objectstorage.py took 0.069 seconds
[2024-11-18T20:52:11.290+0000] {processor.py:161} INFO - Started process (PID=247) to work on /home/airflow/.local/lib/python3.11/site-packages/airflow/example_dags/tutorial_objectstorage.py
[2024-11-18T20:52:11.291+0000] {processor.py:830} INFO - Processing file /home/airflow/.local/lib/python3.11/site-packages/airflow/example_dags/tutorial_objectstorage.py for tasks to queue
[2024-11-18T20:52:11.295+0000] {logging_mixin.py:188} INFO - [2024-11-18T20:52:11.292+0000] {dagbag.py:545} INFO - Filling up the DagBag from /home/airflow/.local/lib/python3.11/site-packages/airflow/example_dags/tutorial_objectstorage.py
[2024-11-18T20:52:11.302+0000] {processor.py:840} INFO - DAG(s) 'tutorial_objectstorage' retrieved from /home/airflow/.local/lib/python3.11/site-packages/airflow/example_dags/tutorial_objectstorage.py
[2024-11-18T20:52:11.324+0000] {logging_mixin.py:188} INFO - [2024-11-18T20:52:11.324+0000] {dag.py:3089} INFO - Sync 1 DAGs
[2024-11-18T20:52:11.337+0000] {logging_mixin.py:188} INFO - [2024-11-18T20:52:11.336+0000] {dag.py:3947} INFO - Setting next_dagrun for tutorial_objectstorage to None, run_after=None
[2024-11-18T20:52:11.362+0000] {processor.py:183} INFO - Processing /home/airflow/.local/lib/python3.11/site-packages/airflow/example_dags/tutorial_objectstorage.py took 0.077 seconds
[2024-11-18T20:52:42.249+0000] {processor.py:161} INFO - Started process (PID=305) to work on /home/airflow/.local/lib/python3.11/site-packages/airflow/example_dags/tutorial_objectstorage.py
[2024-11-18T20:52:42.252+0000] {processor.py:830} INFO - Processing file /home/airflow/.local/lib/python3.11/site-packages/airflow/example_dags/tutorial_objectstorage.py for tasks to queue
[2024-11-18T20:52:42.256+0000] {logging_mixin.py:188} INFO - [2024-11-18T20:52:42.255+0000] {dagbag.py:545} INFO - Filling up the DagBag from /home/airflow/.local/lib/python3.11/site-packages/airflow/example_dags/tutorial_objectstorage.py
[2024-11-18T20:52:42.281+0000] {processor.py:840} INFO - DAG(s) 'tutorial_objectstorage' retrieved from /home/airflow/.local/lib/python3.11/site-packages/airflow/example_dags/tutorial_objectstorage.py
[2024-11-18T20:52:42.311+0000] {logging_mixin.py:188} INFO - [2024-11-18T20:52:42.311+0000] {dag.py:3089} INFO - Sync 1 DAGs
[2024-11-18T20:52:42.331+0000] {logging_mixin.py:188} INFO - [2024-11-18T20:52:42.330+0000] {dag.py:3947} INFO - Setting next_dagrun for tutorial_objectstorage to None, run_after=None
[2024-11-18T20:52:42.363+0000] {processor.py:183} INFO - Processing /home/airflow/.local/lib/python3.11/site-packages/airflow/example_dags/tutorial_objectstorage.py took 0.123 seconds
[2024-11-18T20:53:12.946+0000] {processor.py:161} INFO - Started process (PID=364) to work on /home/airflow/.local/lib/python3.11/site-packages/airflow/example_dags/tutorial_objectstorage.py
[2024-11-18T20:53:12.954+0000] {processor.py:830} INFO - Processing file /home/airflow/.local/lib/python3.11/site-packages/airflow/example_dags/tutorial_objectstorage.py for tasks to queue
[2024-11-18T20:53:12.956+0000] {logging_mixin.py:188} INFO - [2024-11-18T20:53:12.956+0000] {dagbag.py:545} INFO - Filling up the DagBag from /home/airflow/.local/lib/python3.11/site-packages/airflow/example_dags/tutorial_objectstorage.py
[2024-11-18T20:53:12.971+0000] {processor.py:840} INFO - DAG(s) 'tutorial_objectstorage' retrieved from /home/airflow/.local/lib/python3.11/site-packages/airflow/example_dags/tutorial_objectstorage.py
[2024-11-18T20:53:13.007+0000] {logging_mixin.py:188} INFO - [2024-11-18T20:53:13.007+0000] {dag.py:3089} INFO - Sync 1 DAGs
[2024-11-18T20:53:13.033+0000] {logging_mixin.py:188} INFO - [2024-11-18T20:53:13.032+0000] {dag.py:3947} INFO - Setting next_dagrun for tutorial_objectstorage to None, run_after=None
[2024-11-18T20:53:13.070+0000] {processor.py:183} INFO - Processing /home/airflow/.local/lib/python3.11/site-packages/airflow/example_dags/tutorial_objectstorage.py took 0.133 seconds
[2024-11-18T20:53:43.136+0000] {processor.py:161} INFO - Started process (PID=423) to work on /home/airflow/.local/lib/python3.11/site-packages/airflow/example_dags/tutorial_objectstorage.py
[2024-11-18T20:53:43.137+0000] {processor.py:830} INFO - Processing file /home/airflow/.local/lib/python3.11/site-packages/airflow/example_dags/tutorial_objectstorage.py for tasks to queue
[2024-11-18T20:53:43.139+0000] {logging_mixin.py:188} INFO - [2024-11-18T20:53:43.138+0000] {dagbag.py:545} INFO - Filling up the DagBag from /home/airflow/.local/lib/python3.11/site-packages/airflow/example_dags/tutorial_objectstorage.py
[2024-11-18T20:53:43.145+0000] {processor.py:840} INFO - DAG(s) 'tutorial_objectstorage' retrieved from /home/airflow/.local/lib/python3.11/site-packages/airflow/example_dags/tutorial_objectstorage.py
[2024-11-18T20:53:43.162+0000] {logging_mixin.py:188} INFO - [2024-11-18T20:53:43.162+0000] {dag.py:3089} INFO - Sync 1 DAGs
[2024-11-18T20:53:43.172+0000] {logging_mixin.py:188} INFO - [2024-11-18T20:53:43.172+0000] {dag.py:3947} INFO - Setting next_dagrun for tutorial_objectstorage to None, run_after=None
[2024-11-18T20:53:43.188+0000] {processor.py:183} INFO - Processing /home/airflow/.local/lib/python3.11/site-packages/airflow/example_dags/tutorial_objectstorage.py took 0.056 seconds
[2024-11-18T20:54:13.522+0000] {processor.py:161} INFO - Started process (PID=482) to work on /home/airflow/.local/lib/python3.11/site-packages/airflow/example_dags/tutorial_objectstorage.py
[2024-11-18T20:54:13.522+0000] {processor.py:830} INFO - Processing file /home/airflow/.local/lib/python3.11/site-packages/airflow/example_dags/tutorial_objectstorage.py for tasks to queue
[2024-11-18T20:54:13.524+0000] {logging_mixin.py:188} INFO - [2024-11-18T20:54:13.524+0000] {dagbag.py:545} INFO - Filling up the DagBag from /home/airflow/.local/lib/python3.11/site-packages/airflow/example_dags/tutorial_objectstorage.py
[2024-11-18T20:54:13.530+0000] {processor.py:840} INFO - DAG(s) 'tutorial_objectstorage' retrieved from /home/airflow/.local/lib/python3.11/site-packages/airflow/example_dags/tutorial_objectstorage.py
[2024-11-18T20:54:13.548+0000] {logging_mixin.py:188} INFO - [2024-11-18T20:54:13.548+0000] {dag.py:3089} INFO - Sync 1 DAGs
[2024-11-18T20:54:13.561+0000] {logging_mixin.py:188} INFO - [2024-11-18T20:54:13.561+0000] {dag.py:3947} INFO - Setting next_dagrun for tutorial_objectstorage to None, run_after=None
[2024-11-18T20:54:13.580+0000] {processor.py:183} INFO - Processing /home/airflow/.local/lib/python3.11/site-packages/airflow/example_dags/tutorial_objectstorage.py took 0.063 seconds
[2024-11-18T20:54:44.057+0000] {processor.py:161} INFO - Started process (PID=541) to work on /home/airflow/.local/lib/python3.11/site-packages/airflow/example_dags/tutorial_objectstorage.py
[2024-11-18T20:54:44.059+0000] {processor.py:830} INFO - Processing file /home/airflow/.local/lib/python3.11/site-packages/airflow/example_dags/tutorial_objectstorage.py for tasks to queue
[2024-11-18T20:54:44.062+0000] {logging_mixin.py:188} INFO - [2024-11-18T20:54:44.062+0000] {dagbag.py:545} INFO - Filling up the DagBag from /home/airflow/.local/lib/python3.11/site-packages/airflow/example_dags/tutorial_objectstorage.py
[2024-11-18T20:54:44.075+0000] {processor.py:840} INFO - DAG(s) 'tutorial_objectstorage' retrieved from /home/airflow/.local/lib/python3.11/site-packages/airflow/example_dags/tutorial_objectstorage.py
[2024-11-18T20:54:44.102+0000] {logging_mixin.py:188} INFO - [2024-11-18T20:54:44.102+0000] {dag.py:3089} INFO - Sync 1 DAGs
[2024-11-18T20:54:44.114+0000] {logging_mixin.py:188} INFO - [2024-11-18T20:54:44.114+0000] {dag.py:3947} INFO - Setting next_dagrun for tutorial_objectstorage to None, run_after=None
[2024-11-18T20:54:44.138+0000] {processor.py:183} INFO - Processing /home/airflow/.local/lib/python3.11/site-packages/airflow/example_dags/tutorial_objectstorage.py took 0.089 seconds
[2024-11-18T20:55:14.499+0000] {processor.py:161} INFO - Started process (PID=600) to work on /home/airflow/.local/lib/python3.11/site-packages/airflow/example_dags/tutorial_objectstorage.py
[2024-11-18T20:55:14.500+0000] {processor.py:830} INFO - Processing file /home/airflow/.local/lib/python3.11/site-packages/airflow/example_dags/tutorial_objectstorage.py for tasks to queue
[2024-11-18T20:55:14.502+0000] {logging_mixin.py:188} INFO - [2024-11-18T20:55:14.502+0000] {dagbag.py:545} INFO - Filling up the DagBag from /home/airflow/.local/lib/python3.11/site-packages/airflow/example_dags/tutorial_objectstorage.py
[2024-11-18T20:55:14.510+0000] {processor.py:840} INFO - DAG(s) 'tutorial_objectstorage' retrieved from /home/airflow/.local/lib/python3.11/site-packages/airflow/example_dags/tutorial_objectstorage.py
[2024-11-18T20:55:14.531+0000] {logging_mixin.py:188} INFO - [2024-11-18T20:55:14.531+0000] {dag.py:3089} INFO - Sync 1 DAGs
[2024-11-18T20:55:14.545+0000] {logging_mixin.py:188} INFO - [2024-11-18T20:55:14.544+0000] {dag.py:3947} INFO - Setting next_dagrun for tutorial_objectstorage to None, run_after=None
[2024-11-18T20:55:14.566+0000] {processor.py:183} INFO - Processing /home/airflow/.local/lib/python3.11/site-packages/airflow/example_dags/tutorial_objectstorage.py took 0.073 seconds
[2024-11-18T20:55:45.536+0000] {processor.py:161} INFO - Started process (PID=659) to work on /home/airflow/.local/lib/python3.11/site-packages/airflow/example_dags/tutorial_objectstorage.py
[2024-11-18T20:55:45.537+0000] {processor.py:830} INFO - Processing file /home/airflow/.local/lib/python3.11/site-packages/airflow/example_dags/tutorial_objectstorage.py for tasks to queue
[2024-11-18T20:55:45.539+0000] {logging_mixin.py:188} INFO - [2024-11-18T20:55:45.538+0000] {dagbag.py:545} INFO - Filling up the DagBag from /home/airflow/.local/lib/python3.11/site-packages/airflow/example_dags/tutorial_objectstorage.py
[2024-11-18T20:55:45.547+0000] {processor.py:840} INFO - DAG(s) 'tutorial_objectstorage' retrieved from /home/airflow/.local/lib/python3.11/site-packages/airflow/example_dags/tutorial_objectstorage.py
[2024-11-18T20:55:45.569+0000] {logging_mixin.py:188} INFO - [2024-11-18T20:55:45.568+0000] {dag.py:3089} INFO - Sync 1 DAGs
[2024-11-18T20:55:45.582+0000] {logging_mixin.py:188} INFO - [2024-11-18T20:55:45.582+0000] {dag.py:3947} INFO - Setting next_dagrun for tutorial_objectstorage to None, run_after=None
[2024-11-18T20:55:45.608+0000] {processor.py:183} INFO - Processing /home/airflow/.local/lib/python3.11/site-packages/airflow/example_dags/tutorial_objectstorage.py took 0.079 seconds
[2024-11-18T20:56:16.017+0000] {processor.py:161} INFO - Started process (PID=718) to work on /home/airflow/.local/lib/python3.11/site-packages/airflow/example_dags/tutorial_objectstorage.py
[2024-11-18T20:56:16.018+0000] {processor.py:830} INFO - Processing file /home/airflow/.local/lib/python3.11/site-packages/airflow/example_dags/tutorial_objectstorage.py for tasks to queue
[2024-11-18T20:56:16.021+0000] {logging_mixin.py:188} INFO - [2024-11-18T20:56:16.020+0000] {dagbag.py:545} INFO - Filling up the DagBag from /home/airflow/.local/lib/python3.11/site-packages/airflow/example_dags/tutorial_objectstorage.py
[2024-11-18T20:56:16.029+0000] {processor.py:840} INFO - DAG(s) 'tutorial_objectstorage' retrieved from /home/airflow/.local/lib/python3.11/site-packages/airflow/example_dags/tutorial_objectstorage.py
[2024-11-18T20:56:16.049+0000] {logging_mixin.py:188} INFO - [2024-11-18T20:56:16.049+0000] {dag.py:3089} INFO - Sync 1 DAGs
[2024-11-18T20:56:16.063+0000] {logging_mixin.py:188} INFO - [2024-11-18T20:56:16.062+0000] {dag.py:3947} INFO - Setting next_dagrun for tutorial_objectstorage to None, run_after=None
[2024-11-18T20:56:16.089+0000] {processor.py:183} INFO - Processing /home/airflow/.local/lib/python3.11/site-packages/airflow/example_dags/tutorial_objectstorage.py took 0.077 seconds
[2024-11-18T20:56:46.440+0000] {processor.py:161} INFO - Started process (PID=777) to work on /home/airflow/.local/lib/python3.11/site-packages/airflow/example_dags/tutorial_objectstorage.py
[2024-11-18T20:56:46.441+0000] {processor.py:830} INFO - Processing file /home/airflow/.local/lib/python3.11/site-packages/airflow/example_dags/tutorial_objectstorage.py for tasks to queue
[2024-11-18T20:56:46.444+0000] {logging_mixin.py:188} INFO - [2024-11-18T20:56:46.443+0000] {dagbag.py:545} INFO - Filling up the DagBag from /home/airflow/.local/lib/python3.11/site-packages/airflow/example_dags/tutorial_objectstorage.py
[2024-11-18T20:56:46.454+0000] {processor.py:840} INFO - DAG(s) 'tutorial_objectstorage' retrieved from /home/airflow/.local/lib/python3.11/site-packages/airflow/example_dags/tutorial_objectstorage.py
[2024-11-18T20:56:46.477+0000] {logging_mixin.py:188} INFO - [2024-11-18T20:56:46.476+0000] {dag.py:3089} INFO - Sync 1 DAGs
[2024-11-18T20:56:46.494+0000] {logging_mixin.py:188} INFO - [2024-11-18T20:56:46.493+0000] {dag.py:3947} INFO - Setting next_dagrun for tutorial_objectstorage to None, run_after=None
[2024-11-18T20:56:46.520+0000] {processor.py:183} INFO - Processing /home/airflow/.local/lib/python3.11/site-packages/airflow/example_dags/tutorial_objectstorage.py took 0.086 seconds
[2024-11-18T20:57:16.957+0000] {processor.py:161} INFO - Started process (PID=836) to work on /home/airflow/.local/lib/python3.11/site-packages/airflow/example_dags/tutorial_objectstorage.py
[2024-11-18T20:57:16.958+0000] {processor.py:830} INFO - Processing file /home/airflow/.local/lib/python3.11/site-packages/airflow/example_dags/tutorial_objectstorage.py for tasks to queue
[2024-11-18T20:57:16.960+0000] {logging_mixin.py:188} INFO - [2024-11-18T20:57:16.960+0000] {dagbag.py:545} INFO - Filling up the DagBag from /home/airflow/.local/lib/python3.11/site-packages/airflow/example_dags/tutorial_objectstorage.py
[2024-11-18T20:57:16.966+0000] {processor.py:840} INFO - DAG(s) 'tutorial_objectstorage' retrieved from /home/airflow/.local/lib/python3.11/site-packages/airflow/example_dags/tutorial_objectstorage.py
[2024-11-18T20:57:16.986+0000] {logging_mixin.py:188} INFO - [2024-11-18T20:57:16.986+0000] {dag.py:3089} INFO - Sync 1 DAGs
[2024-11-18T20:57:16.998+0000] {logging_mixin.py:188} INFO - [2024-11-18T20:57:16.998+0000] {dag.py:3947} INFO - Setting next_dagrun for tutorial_objectstorage to None, run_after=None
[2024-11-18T20:57:17.018+0000] {processor.py:183} INFO - Processing /home/airflow/.local/lib/python3.11/site-packages/airflow/example_dags/tutorial_objectstorage.py took 0.068 seconds
[2024-11-18T20:57:47.283+0000] {processor.py:161} INFO - Started process (PID=895) to work on /home/airflow/.local/lib/python3.11/site-packages/airflow/example_dags/tutorial_objectstorage.py
[2024-11-18T20:57:47.284+0000] {processor.py:830} INFO - Processing file /home/airflow/.local/lib/python3.11/site-packages/airflow/example_dags/tutorial_objectstorage.py for tasks to queue
[2024-11-18T20:57:47.286+0000] {logging_mixin.py:188} INFO - [2024-11-18T20:57:47.286+0000] {dagbag.py:545} INFO - Filling up the DagBag from /home/airflow/.local/lib/python3.11/site-packages/airflow/example_dags/tutorial_objectstorage.py
[2024-11-18T20:57:47.294+0000] {processor.py:840} INFO - DAG(s) 'tutorial_objectstorage' retrieved from /home/airflow/.local/lib/python3.11/site-packages/airflow/example_dags/tutorial_objectstorage.py
[2024-11-18T20:57:47.323+0000] {logging_mixin.py:188} INFO - [2024-11-18T20:57:47.323+0000] {dag.py:3089} INFO - Sync 1 DAGs
[2024-11-18T20:57:47.336+0000] {logging_mixin.py:188} INFO - [2024-11-18T20:57:47.336+0000] {dag.py:3947} INFO - Setting next_dagrun for tutorial_objectstorage to None, run_after=None
[2024-11-18T20:57:47.362+0000] {processor.py:183} INFO - Processing /home/airflow/.local/lib/python3.11/site-packages/airflow/example_dags/tutorial_objectstorage.py took 0.087 seconds
[2024-11-18T20:58:17.412+0000] {processor.py:161} INFO - Started process (PID=954) to work on /home/airflow/.local/lib/python3.11/site-packages/airflow/example_dags/tutorial_objectstorage.py
[2024-11-18T20:58:17.413+0000] {processor.py:830} INFO - Processing file /home/airflow/.local/lib/python3.11/site-packages/airflow/example_dags/tutorial_objectstorage.py for tasks to queue
[2024-11-18T20:58:17.415+0000] {logging_mixin.py:188} INFO - [2024-11-18T20:58:17.415+0000] {dagbag.py:545} INFO - Filling up the DagBag from /home/airflow/.local/lib/python3.11/site-packages/airflow/example_dags/tutorial_objectstorage.py
[2024-11-18T20:58:17.421+0000] {processor.py:840} INFO - DAG(s) 'tutorial_objectstorage' retrieved from /home/airflow/.local/lib/python3.11/site-packages/airflow/example_dags/tutorial_objectstorage.py
[2024-11-18T20:58:17.439+0000] {logging_mixin.py:188} INFO - [2024-11-18T20:58:17.438+0000] {dag.py:3089} INFO - Sync 1 DAGs
[2024-11-18T20:58:17.451+0000] {logging_mixin.py:188} INFO - [2024-11-18T20:58:17.450+0000] {dag.py:3947} INFO - Setting next_dagrun for tutorial_objectstorage to None, run_after=None
[2024-11-18T20:58:17.468+0000] {processor.py:183} INFO - Processing /home/airflow/.local/lib/python3.11/site-packages/airflow/example_dags/tutorial_objectstorage.py took 0.060 seconds
[2024-11-18T20:58:48.018+0000] {processor.py:161} INFO - Started process (PID=1013) to work on /home/airflow/.local/lib/python3.11/site-packages/airflow/example_dags/tutorial_objectstorage.py
[2024-11-18T20:58:48.019+0000] {processor.py:830} INFO - Processing file /home/airflow/.local/lib/python3.11/site-packages/airflow/example_dags/tutorial_objectstorage.py for tasks to queue
[2024-11-18T20:58:48.021+0000] {logging_mixin.py:188} INFO - [2024-11-18T20:58:48.021+0000] {dagbag.py:545} INFO - Filling up the DagBag from /home/airflow/.local/lib/python3.11/site-packages/airflow/example_dags/tutorial_objectstorage.py
[2024-11-18T20:58:48.034+0000] {processor.py:840} INFO - DAG(s) 'tutorial_objectstorage' retrieved from /home/airflow/.local/lib/python3.11/site-packages/airflow/example_dags/tutorial_objectstorage.py
[2024-11-18T20:58:48.062+0000] {logging_mixin.py:188} INFO - [2024-11-18T20:58:48.062+0000] {dag.py:3089} INFO - Sync 1 DAGs
[2024-11-18T20:58:48.076+0000] {logging_mixin.py:188} INFO - [2024-11-18T20:58:48.075+0000] {dag.py:3947} INFO - Setting next_dagrun for tutorial_objectstorage to None, run_after=None
[2024-11-18T20:58:48.097+0000] {processor.py:183} INFO - Processing /home/airflow/.local/lib/python3.11/site-packages/airflow/example_dags/tutorial_objectstorage.py took 0.094 seconds
