[2024-11-18T20:19:05.890+0000] {processor.py:161} INFO - Started process (PID=64) to work on /home/airflow/.local/lib/python3.11/site-packages/airflow/example_dags/tutorial.py
[2024-11-18T20:19:05.891+0000] {processor.py:830} INFO - Processing file /home/airflow/.local/lib/python3.11/site-packages/airflow/example_dags/tutorial.py for tasks to queue
[2024-11-18T20:19:05.893+0000] {logging_mixin.py:188} INFO - [2024-11-18T20:19:05.893+0000] {dagbag.py:545} INFO - Filling up the DagBag from /home/airflow/.local/lib/python3.11/site-packages/airflow/example_dags/tutorial.py
[2024-11-18T20:19:05.903+0000] {processor.py:840} INFO - DAG(s) 'tutorial' retrieved from /home/airflow/.local/lib/python3.11/site-packages/airflow/example_dags/tutorial.py
[2024-11-18T20:19:06.020+0000] {logging_mixin.py:188} INFO - [2024-11-18T20:19:06.019+0000] {override.py:1858} INFO - Created Permission View: can edit on DAG:tutorial
[2024-11-18T20:19:06.034+0000] {logging_mixin.py:188} INFO - [2024-11-18T20:19:06.034+0000] {override.py:1858} INFO - Created Permission View: can delete on DAG:tutorial
[2024-11-18T20:19:06.048+0000] {logging_mixin.py:188} INFO - [2024-11-18T20:19:06.048+0000] {override.py:1858} INFO - Created Permission View: can read on DAG:tutorial
[2024-11-18T20:19:06.049+0000] {logging_mixin.py:188} INFO - [2024-11-18T20:19:06.049+0000] {dag.py:3089} INFO - Sync 1 DAGs
[2024-11-18T20:19:06.068+0000] {logging_mixin.py:188} INFO - [2024-11-18T20:19:06.067+0000] {dag.py:3111} INFO - Creating ORM DAG for tutorial
[2024-11-18T20:19:06.083+0000] {logging_mixin.py:188} INFO - [2024-11-18T20:19:06.083+0000] {dag.py:3947} INFO - Setting next_dagrun for tutorial to 2024-11-17 00:00:00+00:00, run_after=2024-11-18 00:00:00+00:00
[2024-11-18T20:19:06.105+0000] {processor.py:183} INFO - Processing /home/airflow/.local/lib/python3.11/site-packages/airflow/example_dags/tutorial.py took 0.221 seconds
[2024-11-18T20:19:37.002+0000] {processor.py:161} INFO - Started process (PID=122) to work on /home/airflow/.local/lib/python3.11/site-packages/airflow/example_dags/tutorial.py
[2024-11-18T20:19:37.007+0000] {processor.py:830} INFO - Processing file /home/airflow/.local/lib/python3.11/site-packages/airflow/example_dags/tutorial.py for tasks to queue
[2024-11-18T20:19:37.010+0000] {logging_mixin.py:188} INFO - [2024-11-18T20:19:37.009+0000] {dagbag.py:545} INFO - Filling up the DagBag from /home/airflow/.local/lib/python3.11/site-packages/airflow/example_dags/tutorial.py
[2024-11-18T20:19:37.024+0000] {processor.py:840} INFO - DAG(s) 'tutorial' retrieved from /home/airflow/.local/lib/python3.11/site-packages/airflow/example_dags/tutorial.py
[2024-11-18T20:19:37.050+0000] {logging_mixin.py:188} INFO - [2024-11-18T20:19:37.050+0000] {dag.py:3089} INFO - Sync 1 DAGs
[2024-11-18T20:19:37.084+0000] {logging_mixin.py:188} INFO - [2024-11-18T20:19:37.084+0000] {dag.py:3947} INFO - Setting next_dagrun for tutorial to 2024-11-17 00:00:00+00:00, run_after=2024-11-18 00:00:00+00:00
[2024-11-18T20:19:37.110+0000] {processor.py:183} INFO - Processing /home/airflow/.local/lib/python3.11/site-packages/airflow/example_dags/tutorial.py took 0.116 seconds
[2024-11-18T20:20:08.117+0000] {processor.py:161} INFO - Started process (PID=180) to work on /home/airflow/.local/lib/python3.11/site-packages/airflow/example_dags/tutorial.py
[2024-11-18T20:20:08.119+0000] {processor.py:830} INFO - Processing file /home/airflow/.local/lib/python3.11/site-packages/airflow/example_dags/tutorial.py for tasks to queue
[2024-11-18T20:20:08.122+0000] {logging_mixin.py:188} INFO - [2024-11-18T20:20:08.121+0000] {dagbag.py:545} INFO - Filling up the DagBag from /home/airflow/.local/lib/python3.11/site-packages/airflow/example_dags/tutorial.py
[2024-11-18T20:20:08.128+0000] {processor.py:840} INFO - DAG(s) 'tutorial' retrieved from /home/airflow/.local/lib/python3.11/site-packages/airflow/example_dags/tutorial.py
[2024-11-18T20:20:08.153+0000] {logging_mixin.py:188} INFO - [2024-11-18T20:20:08.153+0000] {dag.py:3089} INFO - Sync 1 DAGs
[2024-11-18T20:20:08.178+0000] {logging_mixin.py:188} INFO - [2024-11-18T20:20:08.178+0000] {dag.py:3947} INFO - Setting next_dagrun for tutorial to 2024-11-17 00:00:00+00:00, run_after=2024-11-18 00:00:00+00:00
[2024-11-18T20:20:08.203+0000] {processor.py:183} INFO - Processing /home/airflow/.local/lib/python3.11/site-packages/airflow/example_dags/tutorial.py took 0.093 seconds
[2024-11-18T20:20:38.643+0000] {processor.py:161} INFO - Started process (PID=238) to work on /home/airflow/.local/lib/python3.11/site-packages/airflow/example_dags/tutorial.py
[2024-11-18T20:20:38.644+0000] {processor.py:830} INFO - Processing file /home/airflow/.local/lib/python3.11/site-packages/airflow/example_dags/tutorial.py for tasks to queue
[2024-11-18T20:20:38.647+0000] {logging_mixin.py:188} INFO - [2024-11-18T20:20:38.646+0000] {dagbag.py:545} INFO - Filling up the DagBag from /home/airflow/.local/lib/python3.11/site-packages/airflow/example_dags/tutorial.py
[2024-11-18T20:20:38.654+0000] {processor.py:840} INFO - DAG(s) 'tutorial' retrieved from /home/airflow/.local/lib/python3.11/site-packages/airflow/example_dags/tutorial.py
[2024-11-18T20:20:38.683+0000] {logging_mixin.py:188} INFO - [2024-11-18T20:20:38.682+0000] {dag.py:3089} INFO - Sync 1 DAGs
[2024-11-18T20:20:38.707+0000] {logging_mixin.py:188} INFO - [2024-11-18T20:20:38.707+0000] {dag.py:3947} INFO - Setting next_dagrun for tutorial to 2024-11-17 00:00:00+00:00, run_after=2024-11-18 00:00:00+00:00
[2024-11-18T20:20:38.727+0000] {processor.py:183} INFO - Processing /home/airflow/.local/lib/python3.11/site-packages/airflow/example_dags/tutorial.py took 0.093 seconds
[2024-11-18T20:21:08.806+0000] {processor.py:161} INFO - Started process (PID=297) to work on /home/airflow/.local/lib/python3.11/site-packages/airflow/example_dags/tutorial.py
[2024-11-18T20:21:08.807+0000] {processor.py:830} INFO - Processing file /home/airflow/.local/lib/python3.11/site-packages/airflow/example_dags/tutorial.py for tasks to queue
[2024-11-18T20:21:08.809+0000] {logging_mixin.py:188} INFO - [2024-11-18T20:21:08.809+0000] {dagbag.py:545} INFO - Filling up the DagBag from /home/airflow/.local/lib/python3.11/site-packages/airflow/example_dags/tutorial.py
[2024-11-18T20:21:08.813+0000] {processor.py:840} INFO - DAG(s) 'tutorial' retrieved from /home/airflow/.local/lib/python3.11/site-packages/airflow/example_dags/tutorial.py
[2024-11-18T20:21:08.831+0000] {logging_mixin.py:188} INFO - [2024-11-18T20:21:08.831+0000] {dag.py:3089} INFO - Sync 1 DAGs
[2024-11-18T20:21:08.850+0000] {logging_mixin.py:188} INFO - [2024-11-18T20:21:08.849+0000] {dag.py:3947} INFO - Setting next_dagrun for tutorial to 2024-11-17 00:00:00+00:00, run_after=2024-11-18 00:00:00+00:00
[2024-11-18T20:21:08.868+0000] {processor.py:183} INFO - Processing /home/airflow/.local/lib/python3.11/site-packages/airflow/example_dags/tutorial.py took 0.067 seconds
[2024-11-18T20:21:39.871+0000] {processor.py:161} INFO - Started process (PID=355) to work on /home/airflow/.local/lib/python3.11/site-packages/airflow/example_dags/tutorial.py
[2024-11-18T20:21:39.872+0000] {processor.py:830} INFO - Processing file /home/airflow/.local/lib/python3.11/site-packages/airflow/example_dags/tutorial.py for tasks to queue
[2024-11-18T20:21:39.873+0000] {logging_mixin.py:188} INFO - [2024-11-18T20:21:39.873+0000] {dagbag.py:545} INFO - Filling up the DagBag from /home/airflow/.local/lib/python3.11/site-packages/airflow/example_dags/tutorial.py
[2024-11-18T20:21:39.878+0000] {processor.py:840} INFO - DAG(s) 'tutorial' retrieved from /home/airflow/.local/lib/python3.11/site-packages/airflow/example_dags/tutorial.py
[2024-11-18T20:21:39.895+0000] {logging_mixin.py:188} INFO - [2024-11-18T20:21:39.895+0000] {dag.py:3089} INFO - Sync 1 DAGs
[2024-11-18T20:21:39.919+0000] {logging_mixin.py:188} INFO - [2024-11-18T20:21:39.919+0000] {dag.py:3947} INFO - Setting next_dagrun for tutorial to 2024-11-17 00:00:00+00:00, run_after=2024-11-18 00:00:00+00:00
[2024-11-18T20:21:39.947+0000] {processor.py:183} INFO - Processing /home/airflow/.local/lib/python3.11/site-packages/airflow/example_dags/tutorial.py took 0.081 seconds
[2024-11-18T20:22:10.610+0000] {processor.py:161} INFO - Started process (PID=413) to work on /home/airflow/.local/lib/python3.11/site-packages/airflow/example_dags/tutorial.py
[2024-11-18T20:22:10.611+0000] {processor.py:830} INFO - Processing file /home/airflow/.local/lib/python3.11/site-packages/airflow/example_dags/tutorial.py for tasks to queue
[2024-11-18T20:22:10.614+0000] {logging_mixin.py:188} INFO - [2024-11-18T20:22:10.613+0000] {dagbag.py:545} INFO - Filling up the DagBag from /home/airflow/.local/lib/python3.11/site-packages/airflow/example_dags/tutorial.py
[2024-11-18T20:22:10.618+0000] {processor.py:840} INFO - DAG(s) 'tutorial' retrieved from /home/airflow/.local/lib/python3.11/site-packages/airflow/example_dags/tutorial.py
[2024-11-18T20:22:10.635+0000] {logging_mixin.py:188} INFO - [2024-11-18T20:22:10.634+0000] {dag.py:3089} INFO - Sync 1 DAGs
[2024-11-18T20:22:10.651+0000] {logging_mixin.py:188} INFO - [2024-11-18T20:22:10.651+0000] {dag.py:3947} INFO - Setting next_dagrun for tutorial to 2024-11-17 00:00:00+00:00, run_after=2024-11-18 00:00:00+00:00
[2024-11-18T20:22:10.679+0000] {processor.py:183} INFO - Processing /home/airflow/.local/lib/python3.11/site-packages/airflow/example_dags/tutorial.py took 0.074 seconds
[2024-11-18T20:22:40.973+0000] {processor.py:161} INFO - Started process (PID=472) to work on /home/airflow/.local/lib/python3.11/site-packages/airflow/example_dags/tutorial.py
[2024-11-18T20:22:40.974+0000] {processor.py:830} INFO - Processing file /home/airflow/.local/lib/python3.11/site-packages/airflow/example_dags/tutorial.py for tasks to queue
[2024-11-18T20:22:40.976+0000] {logging_mixin.py:188} INFO - [2024-11-18T20:22:40.976+0000] {dagbag.py:545} INFO - Filling up the DagBag from /home/airflow/.local/lib/python3.11/site-packages/airflow/example_dags/tutorial.py
[2024-11-18T20:22:40.982+0000] {processor.py:840} INFO - DAG(s) 'tutorial' retrieved from /home/airflow/.local/lib/python3.11/site-packages/airflow/example_dags/tutorial.py
[2024-11-18T20:22:41.005+0000] {logging_mixin.py:188} INFO - [2024-11-18T20:22:41.005+0000] {dag.py:3089} INFO - Sync 1 DAGs
[2024-11-18T20:22:41.028+0000] {logging_mixin.py:188} INFO - [2024-11-18T20:22:41.027+0000] {dag.py:3947} INFO - Setting next_dagrun for tutorial to 2024-11-17 00:00:00+00:00, run_after=2024-11-18 00:00:00+00:00
[2024-11-18T20:22:41.049+0000] {processor.py:183} INFO - Processing /home/airflow/.local/lib/python3.11/site-packages/airflow/example_dags/tutorial.py took 0.082 seconds
[2024-11-18T20:23:11.251+0000] {processor.py:161} INFO - Started process (PID=530) to work on /home/airflow/.local/lib/python3.11/site-packages/airflow/example_dags/tutorial.py
[2024-11-18T20:23:11.252+0000] {processor.py:830} INFO - Processing file /home/airflow/.local/lib/python3.11/site-packages/airflow/example_dags/tutorial.py for tasks to queue
[2024-11-18T20:23:11.253+0000] {logging_mixin.py:188} INFO - [2024-11-18T20:23:11.253+0000] {dagbag.py:545} INFO - Filling up the DagBag from /home/airflow/.local/lib/python3.11/site-packages/airflow/example_dags/tutorial.py
[2024-11-18T20:23:11.260+0000] {processor.py:840} INFO - DAG(s) 'tutorial' retrieved from /home/airflow/.local/lib/python3.11/site-packages/airflow/example_dags/tutorial.py
[2024-11-18T20:23:11.279+0000] {logging_mixin.py:188} INFO - [2024-11-18T20:23:11.279+0000] {dag.py:3089} INFO - Sync 1 DAGs
[2024-11-18T20:23:11.301+0000] {logging_mixin.py:188} INFO - [2024-11-18T20:23:11.301+0000] {dag.py:3947} INFO - Setting next_dagrun for tutorial to 2024-11-17 00:00:00+00:00, run_after=2024-11-18 00:00:00+00:00
[2024-11-18T20:23:11.328+0000] {processor.py:183} INFO - Processing /home/airflow/.local/lib/python3.11/site-packages/airflow/example_dags/tutorial.py took 0.083 seconds
[2024-11-18T20:23:41.393+0000] {processor.py:161} INFO - Started process (PID=588) to work on /home/airflow/.local/lib/python3.11/site-packages/airflow/example_dags/tutorial.py
[2024-11-18T20:23:41.394+0000] {processor.py:830} INFO - Processing file /home/airflow/.local/lib/python3.11/site-packages/airflow/example_dags/tutorial.py for tasks to queue
[2024-11-18T20:23:41.396+0000] {logging_mixin.py:188} INFO - [2024-11-18T20:23:41.396+0000] {dagbag.py:545} INFO - Filling up the DagBag from /home/airflow/.local/lib/python3.11/site-packages/airflow/example_dags/tutorial.py
[2024-11-18T20:23:41.401+0000] {processor.py:840} INFO - DAG(s) 'tutorial' retrieved from /home/airflow/.local/lib/python3.11/site-packages/airflow/example_dags/tutorial.py
[2024-11-18T20:23:41.421+0000] {logging_mixin.py:188} INFO - [2024-11-18T20:23:41.421+0000] {dag.py:3089} INFO - Sync 1 DAGs
[2024-11-18T20:23:41.439+0000] {logging_mixin.py:188} INFO - [2024-11-18T20:23:41.439+0000] {dag.py:3947} INFO - Setting next_dagrun for tutorial to 2024-11-17 00:00:00+00:00, run_after=2024-11-18 00:00:00+00:00
[2024-11-18T20:23:41.458+0000] {processor.py:183} INFO - Processing /home/airflow/.local/lib/python3.11/site-packages/airflow/example_dags/tutorial.py took 0.070 seconds
[2024-11-18T20:24:11.965+0000] {processor.py:161} INFO - Started process (PID=648) to work on /home/airflow/.local/lib/python3.11/site-packages/airflow/example_dags/tutorial.py
[2024-11-18T20:24:11.966+0000] {processor.py:830} INFO - Processing file /home/airflow/.local/lib/python3.11/site-packages/airflow/example_dags/tutorial.py for tasks to queue
[2024-11-18T20:24:11.968+0000] {logging_mixin.py:188} INFO - [2024-11-18T20:24:11.968+0000] {dagbag.py:545} INFO - Filling up the DagBag from /home/airflow/.local/lib/python3.11/site-packages/airflow/example_dags/tutorial.py
[2024-11-18T20:24:11.972+0000] {processor.py:840} INFO - DAG(s) 'tutorial' retrieved from /home/airflow/.local/lib/python3.11/site-packages/airflow/example_dags/tutorial.py
[2024-11-18T20:24:11.989+0000] {logging_mixin.py:188} INFO - [2024-11-18T20:24:11.989+0000] {dag.py:3089} INFO - Sync 1 DAGs
[2024-11-18T20:24:12.008+0000] {logging_mixin.py:188} INFO - [2024-11-18T20:24:12.008+0000] {dag.py:3947} INFO - Setting next_dagrun for tutorial to 2024-11-17 00:00:00+00:00, run_after=2024-11-18 00:00:00+00:00
[2024-11-18T20:24:12.037+0000] {processor.py:183} INFO - Processing /home/airflow/.local/lib/python3.11/site-packages/airflow/example_dags/tutorial.py took 0.076 seconds
[2024-11-18T20:24:42.577+0000] {processor.py:161} INFO - Started process (PID=707) to work on /home/airflow/.local/lib/python3.11/site-packages/airflow/example_dags/tutorial.py
[2024-11-18T20:24:42.578+0000] {processor.py:830} INFO - Processing file /home/airflow/.local/lib/python3.11/site-packages/airflow/example_dags/tutorial.py for tasks to queue
[2024-11-18T20:24:42.579+0000] {logging_mixin.py:188} INFO - [2024-11-18T20:24:42.579+0000] {dagbag.py:545} INFO - Filling up the DagBag from /home/airflow/.local/lib/python3.11/site-packages/airflow/example_dags/tutorial.py
[2024-11-18T20:24:42.584+0000] {processor.py:840} INFO - DAG(s) 'tutorial' retrieved from /home/airflow/.local/lib/python3.11/site-packages/airflow/example_dags/tutorial.py
[2024-11-18T20:24:42.600+0000] {logging_mixin.py:188} INFO - [2024-11-18T20:24:42.600+0000] {dag.py:3089} INFO - Sync 1 DAGs
[2024-11-18T20:24:42.617+0000] {logging_mixin.py:188} INFO - [2024-11-18T20:24:42.617+0000] {dag.py:3947} INFO - Setting next_dagrun for tutorial to 2024-11-17 00:00:00+00:00, run_after=2024-11-18 00:00:00+00:00
[2024-11-18T20:24:42.646+0000] {processor.py:183} INFO - Processing /home/airflow/.local/lib/python3.11/site-packages/airflow/example_dags/tutorial.py took 0.073 seconds
[2024-11-18T20:25:12.900+0000] {processor.py:161} INFO - Started process (PID=766) to work on /home/airflow/.local/lib/python3.11/site-packages/airflow/example_dags/tutorial.py
[2024-11-18T20:25:12.901+0000] {processor.py:830} INFO - Processing file /home/airflow/.local/lib/python3.11/site-packages/airflow/example_dags/tutorial.py for tasks to queue
[2024-11-18T20:25:12.902+0000] {logging_mixin.py:188} INFO - [2024-11-18T20:25:12.902+0000] {dagbag.py:545} INFO - Filling up the DagBag from /home/airflow/.local/lib/python3.11/site-packages/airflow/example_dags/tutorial.py
[2024-11-18T20:25:12.907+0000] {processor.py:840} INFO - DAG(s) 'tutorial' retrieved from /home/airflow/.local/lib/python3.11/site-packages/airflow/example_dags/tutorial.py
[2024-11-18T20:25:12.923+0000] {logging_mixin.py:188} INFO - [2024-11-18T20:25:12.923+0000] {dag.py:3089} INFO - Sync 1 DAGs
[2024-11-18T20:25:12.941+0000] {logging_mixin.py:188} INFO - [2024-11-18T20:25:12.941+0000] {dag.py:3947} INFO - Setting next_dagrun for tutorial to 2024-11-17 00:00:00+00:00, run_after=2024-11-18 00:00:00+00:00
[2024-11-18T20:25:12.970+0000] {processor.py:183} INFO - Processing /home/airflow/.local/lib/python3.11/site-packages/airflow/example_dags/tutorial.py took 0.076 seconds
[2024-11-18T20:25:43.659+0000] {processor.py:161} INFO - Started process (PID=825) to work on /home/airflow/.local/lib/python3.11/site-packages/airflow/example_dags/tutorial.py
[2024-11-18T20:25:43.660+0000] {processor.py:830} INFO - Processing file /home/airflow/.local/lib/python3.11/site-packages/airflow/example_dags/tutorial.py for tasks to queue
[2024-11-18T20:25:43.661+0000] {logging_mixin.py:188} INFO - [2024-11-18T20:25:43.661+0000] {dagbag.py:545} INFO - Filling up the DagBag from /home/airflow/.local/lib/python3.11/site-packages/airflow/example_dags/tutorial.py
[2024-11-18T20:25:43.666+0000] {processor.py:840} INFO - DAG(s) 'tutorial' retrieved from /home/airflow/.local/lib/python3.11/site-packages/airflow/example_dags/tutorial.py
[2024-11-18T20:25:43.684+0000] {logging_mixin.py:188} INFO - [2024-11-18T20:25:43.683+0000] {dag.py:3089} INFO - Sync 1 DAGs
[2024-11-18T20:25:43.702+0000] {logging_mixin.py:188} INFO - [2024-11-18T20:25:43.701+0000] {dag.py:3947} INFO - Setting next_dagrun for tutorial to 2024-11-17 00:00:00+00:00, run_after=2024-11-18 00:00:00+00:00
[2024-11-18T20:25:43.733+0000] {processor.py:183} INFO - Processing /home/airflow/.local/lib/python3.11/site-packages/airflow/example_dags/tutorial.py took 0.079 seconds
[2024-11-18T20:26:14.302+0000] {processor.py:161} INFO - Started process (PID=884) to work on /home/airflow/.local/lib/python3.11/site-packages/airflow/example_dags/tutorial.py
[2024-11-18T20:26:14.303+0000] {processor.py:830} INFO - Processing file /home/airflow/.local/lib/python3.11/site-packages/airflow/example_dags/tutorial.py for tasks to queue
[2024-11-18T20:26:14.304+0000] {logging_mixin.py:188} INFO - [2024-11-18T20:26:14.304+0000] {dagbag.py:545} INFO - Filling up the DagBag from /home/airflow/.local/lib/python3.11/site-packages/airflow/example_dags/tutorial.py
[2024-11-18T20:26:14.309+0000] {processor.py:840} INFO - DAG(s) 'tutorial' retrieved from /home/airflow/.local/lib/python3.11/site-packages/airflow/example_dags/tutorial.py
[2024-11-18T20:26:14.325+0000] {logging_mixin.py:188} INFO - [2024-11-18T20:26:14.325+0000] {dag.py:3089} INFO - Sync 1 DAGs
[2024-11-18T20:26:14.343+0000] {logging_mixin.py:188} INFO - [2024-11-18T20:26:14.342+0000] {dag.py:3947} INFO - Setting next_dagrun for tutorial to 2024-11-17 00:00:00+00:00, run_after=2024-11-18 00:00:00+00:00
[2024-11-18T20:26:14.370+0000] {processor.py:183} INFO - Processing /home/airflow/.local/lib/python3.11/site-packages/airflow/example_dags/tutorial.py took 0.073 seconds
[2024-11-18T20:26:44.661+0000] {processor.py:161} INFO - Started process (PID=943) to work on /home/airflow/.local/lib/python3.11/site-packages/airflow/example_dags/tutorial.py
[2024-11-18T20:26:44.663+0000] {processor.py:830} INFO - Processing file /home/airflow/.local/lib/python3.11/site-packages/airflow/example_dags/tutorial.py for tasks to queue
[2024-11-18T20:26:44.665+0000] {logging_mixin.py:188} INFO - [2024-11-18T20:26:44.665+0000] {dagbag.py:545} INFO - Filling up the DagBag from /home/airflow/.local/lib/python3.11/site-packages/airflow/example_dags/tutorial.py
[2024-11-18T20:26:44.671+0000] {processor.py:840} INFO - DAG(s) 'tutorial' retrieved from /home/airflow/.local/lib/python3.11/site-packages/airflow/example_dags/tutorial.py
[2024-11-18T20:26:44.691+0000] {logging_mixin.py:188} INFO - [2024-11-18T20:26:44.691+0000] {dag.py:3089} INFO - Sync 1 DAGs
[2024-11-18T20:26:44.715+0000] {logging_mixin.py:188} INFO - [2024-11-18T20:26:44.715+0000] {dag.py:3947} INFO - Setting next_dagrun for tutorial to 2024-11-17 00:00:00+00:00, run_after=2024-11-18 00:00:00+00:00
[2024-11-18T20:26:44.740+0000] {processor.py:183} INFO - Processing /home/airflow/.local/lib/python3.11/site-packages/airflow/example_dags/tutorial.py took 0.084 seconds
[2024-11-18T20:27:15.323+0000] {processor.py:161} INFO - Started process (PID=1002) to work on /home/airflow/.local/lib/python3.11/site-packages/airflow/example_dags/tutorial.py
[2024-11-18T20:27:15.332+0000] {processor.py:830} INFO - Processing file /home/airflow/.local/lib/python3.11/site-packages/airflow/example_dags/tutorial.py for tasks to queue
[2024-11-18T20:27:15.335+0000] {logging_mixin.py:188} INFO - [2024-11-18T20:27:15.334+0000] {dagbag.py:545} INFO - Filling up the DagBag from /home/airflow/.local/lib/python3.11/site-packages/airflow/example_dags/tutorial.py
[2024-11-18T20:27:15.350+0000] {processor.py:840} INFO - DAG(s) 'tutorial' retrieved from /home/airflow/.local/lib/python3.11/site-packages/airflow/example_dags/tutorial.py
[2024-11-18T20:27:15.418+0000] {logging_mixin.py:188} INFO - [2024-11-18T20:27:15.418+0000] {dag.py:3089} INFO - Sync 1 DAGs
[2024-11-18T20:27:15.454+0000] {logging_mixin.py:188} INFO - [2024-11-18T20:27:15.454+0000] {dag.py:3947} INFO - Setting next_dagrun for tutorial to 2024-11-17 00:00:00+00:00, run_after=2024-11-18 00:00:00+00:00
[2024-11-18T20:27:15.482+0000] {processor.py:183} INFO - Processing /home/airflow/.local/lib/python3.11/site-packages/airflow/example_dags/tutorial.py took 0.172 seconds
[2024-11-18T20:27:46.531+0000] {processor.py:161} INFO - Started process (PID=1061) to work on /home/airflow/.local/lib/python3.11/site-packages/airflow/example_dags/tutorial.py
[2024-11-18T20:27:46.542+0000] {processor.py:830} INFO - Processing file /home/airflow/.local/lib/python3.11/site-packages/airflow/example_dags/tutorial.py for tasks to queue
[2024-11-18T20:27:46.546+0000] {logging_mixin.py:188} INFO - [2024-11-18T20:27:46.545+0000] {dagbag.py:545} INFO - Filling up the DagBag from /home/airflow/.local/lib/python3.11/site-packages/airflow/example_dags/tutorial.py
[2024-11-18T20:27:46.554+0000] {processor.py:840} INFO - DAG(s) 'tutorial' retrieved from /home/airflow/.local/lib/python3.11/site-packages/airflow/example_dags/tutorial.py
[2024-11-18T20:27:46.587+0000] {logging_mixin.py:188} INFO - [2024-11-18T20:27:46.587+0000] {dag.py:3089} INFO - Sync 1 DAGs
[2024-11-18T20:27:46.641+0000] {logging_mixin.py:188} INFO - [2024-11-18T20:27:46.640+0000] {dag.py:3947} INFO - Setting next_dagrun for tutorial to 2024-11-17 00:00:00+00:00, run_after=2024-11-18 00:00:00+00:00
[2024-11-18T20:27:46.713+0000] {processor.py:183} INFO - Processing /home/airflow/.local/lib/python3.11/site-packages/airflow/example_dags/tutorial.py took 0.190 seconds
[2024-11-18T20:28:16.848+0000] {processor.py:161} INFO - Started process (PID=1121) to work on /home/airflow/.local/lib/python3.11/site-packages/airflow/example_dags/tutorial.py
[2024-11-18T20:28:16.849+0000] {processor.py:830} INFO - Processing file /home/airflow/.local/lib/python3.11/site-packages/airflow/example_dags/tutorial.py for tasks to queue
[2024-11-18T20:28:16.851+0000] {logging_mixin.py:188} INFO - [2024-11-18T20:28:16.850+0000] {dagbag.py:545} INFO - Filling up the DagBag from /home/airflow/.local/lib/python3.11/site-packages/airflow/example_dags/tutorial.py
[2024-11-18T20:28:16.857+0000] {processor.py:840} INFO - DAG(s) 'tutorial' retrieved from /home/airflow/.local/lib/python3.11/site-packages/airflow/example_dags/tutorial.py
[2024-11-18T20:28:16.877+0000] {logging_mixin.py:188} INFO - [2024-11-18T20:28:16.876+0000] {dag.py:3089} INFO - Sync 1 DAGs
[2024-11-18T20:28:16.898+0000] {logging_mixin.py:188} INFO - [2024-11-18T20:28:16.898+0000] {dag.py:3947} INFO - Setting next_dagrun for tutorial to 2024-11-17 00:00:00+00:00, run_after=2024-11-18 00:00:00+00:00
[2024-11-18T20:28:16.920+0000] {processor.py:183} INFO - Processing /home/airflow/.local/lib/python3.11/site-packages/airflow/example_dags/tutorial.py took 0.079 seconds
[2024-11-18T20:28:47.121+0000] {processor.py:161} INFO - Started process (PID=1180) to work on /home/airflow/.local/lib/python3.11/site-packages/airflow/example_dags/tutorial.py
[2024-11-18T20:28:47.122+0000] {processor.py:830} INFO - Processing file /home/airflow/.local/lib/python3.11/site-packages/airflow/example_dags/tutorial.py for tasks to queue
[2024-11-18T20:28:47.124+0000] {logging_mixin.py:188} INFO - [2024-11-18T20:28:47.123+0000] {dagbag.py:545} INFO - Filling up the DagBag from /home/airflow/.local/lib/python3.11/site-packages/airflow/example_dags/tutorial.py
[2024-11-18T20:28:47.130+0000] {processor.py:840} INFO - DAG(s) 'tutorial' retrieved from /home/airflow/.local/lib/python3.11/site-packages/airflow/example_dags/tutorial.py
[2024-11-18T20:28:47.150+0000] {logging_mixin.py:188} INFO - [2024-11-18T20:28:47.149+0000] {dag.py:3089} INFO - Sync 1 DAGs
[2024-11-18T20:28:47.173+0000] {logging_mixin.py:188} INFO - [2024-11-18T20:28:47.173+0000] {dag.py:3947} INFO - Setting next_dagrun for tutorial to 2024-11-17 00:00:00+00:00, run_after=2024-11-18 00:00:00+00:00
[2024-11-18T20:28:47.207+0000] {processor.py:183} INFO - Processing /home/airflow/.local/lib/python3.11/site-packages/airflow/example_dags/tutorial.py took 0.092 seconds
[2024-11-18T20:29:17.458+0000] {processor.py:161} INFO - Started process (PID=1239) to work on /home/airflow/.local/lib/python3.11/site-packages/airflow/example_dags/tutorial.py
[2024-11-18T20:29:17.459+0000] {processor.py:830} INFO - Processing file /home/airflow/.local/lib/python3.11/site-packages/airflow/example_dags/tutorial.py for tasks to queue
[2024-11-18T20:29:17.461+0000] {logging_mixin.py:188} INFO - [2024-11-18T20:29:17.461+0000] {dagbag.py:545} INFO - Filling up the DagBag from /home/airflow/.local/lib/python3.11/site-packages/airflow/example_dags/tutorial.py
[2024-11-18T20:29:17.467+0000] {processor.py:840} INFO - DAG(s) 'tutorial' retrieved from /home/airflow/.local/lib/python3.11/site-packages/airflow/example_dags/tutorial.py
[2024-11-18T20:29:17.487+0000] {logging_mixin.py:188} INFO - [2024-11-18T20:29:17.486+0000] {dag.py:3089} INFO - Sync 1 DAGs
[2024-11-18T20:29:17.509+0000] {logging_mixin.py:188} INFO - [2024-11-18T20:29:17.508+0000] {dag.py:3947} INFO - Setting next_dagrun for tutorial to 2024-11-17 00:00:00+00:00, run_after=2024-11-18 00:00:00+00:00
[2024-11-18T20:29:17.546+0000] {processor.py:183} INFO - Processing /home/airflow/.local/lib/python3.11/site-packages/airflow/example_dags/tutorial.py took 0.095 seconds
[2024-11-18T20:29:47.826+0000] {processor.py:161} INFO - Started process (PID=1298) to work on /home/airflow/.local/lib/python3.11/site-packages/airflow/example_dags/tutorial.py
[2024-11-18T20:29:47.828+0000] {processor.py:830} INFO - Processing file /home/airflow/.local/lib/python3.11/site-packages/airflow/example_dags/tutorial.py for tasks to queue
[2024-11-18T20:29:47.830+0000] {logging_mixin.py:188} INFO - [2024-11-18T20:29:47.829+0000] {dagbag.py:545} INFO - Filling up the DagBag from /home/airflow/.local/lib/python3.11/site-packages/airflow/example_dags/tutorial.py
[2024-11-18T20:29:47.837+0000] {processor.py:840} INFO - DAG(s) 'tutorial' retrieved from /home/airflow/.local/lib/python3.11/site-packages/airflow/example_dags/tutorial.py
[2024-11-18T20:29:47.859+0000] {logging_mixin.py:188} INFO - [2024-11-18T20:29:47.858+0000] {dag.py:3089} INFO - Sync 1 DAGs
[2024-11-18T20:29:47.885+0000] {logging_mixin.py:188} INFO - [2024-11-18T20:29:47.885+0000] {dag.py:3947} INFO - Setting next_dagrun for tutorial to 2024-11-17 00:00:00+00:00, run_after=2024-11-18 00:00:00+00:00
[2024-11-18T20:29:47.913+0000] {processor.py:183} INFO - Processing /home/airflow/.local/lib/python3.11/site-packages/airflow/example_dags/tutorial.py took 0.095 seconds
[2024-11-18T20:30:18.945+0000] {processor.py:161} INFO - Started process (PID=1357) to work on /home/airflow/.local/lib/python3.11/site-packages/airflow/example_dags/tutorial.py
[2024-11-18T20:30:18.947+0000] {processor.py:830} INFO - Processing file /home/airflow/.local/lib/python3.11/site-packages/airflow/example_dags/tutorial.py for tasks to queue
[2024-11-18T20:30:18.949+0000] {logging_mixin.py:188} INFO - [2024-11-18T20:30:18.949+0000] {dagbag.py:545} INFO - Filling up the DagBag from /home/airflow/.local/lib/python3.11/site-packages/airflow/example_dags/tutorial.py
[2024-11-18T20:30:18.956+0000] {processor.py:840} INFO - DAG(s) 'tutorial' retrieved from /home/airflow/.local/lib/python3.11/site-packages/airflow/example_dags/tutorial.py
[2024-11-18T20:30:18.980+0000] {logging_mixin.py:188} INFO - [2024-11-18T20:30:18.979+0000] {dag.py:3089} INFO - Sync 1 DAGs
[2024-11-18T20:30:19.004+0000] {logging_mixin.py:188} INFO - [2024-11-18T20:30:19.004+0000] {dag.py:3947} INFO - Setting next_dagrun for tutorial to 2024-11-17 00:00:00+00:00, run_after=2024-11-18 00:00:00+00:00
[2024-11-18T20:30:19.029+0000] {processor.py:183} INFO - Processing /home/airflow/.local/lib/python3.11/site-packages/airflow/example_dags/tutorial.py took 0.092 seconds
[2024-11-18T20:30:49.197+0000] {processor.py:161} INFO - Started process (PID=1417) to work on /home/airflow/.local/lib/python3.11/site-packages/airflow/example_dags/tutorial.py
[2024-11-18T20:30:49.198+0000] {processor.py:830} INFO - Processing file /home/airflow/.local/lib/python3.11/site-packages/airflow/example_dags/tutorial.py for tasks to queue
[2024-11-18T20:30:49.200+0000] {logging_mixin.py:188} INFO - [2024-11-18T20:30:49.200+0000] {dagbag.py:545} INFO - Filling up the DagBag from /home/airflow/.local/lib/python3.11/site-packages/airflow/example_dags/tutorial.py
[2024-11-18T20:30:49.206+0000] {processor.py:840} INFO - DAG(s) 'tutorial' retrieved from /home/airflow/.local/lib/python3.11/site-packages/airflow/example_dags/tutorial.py
[2024-11-18T20:30:49.229+0000] {logging_mixin.py:188} INFO - [2024-11-18T20:30:49.229+0000] {dag.py:3089} INFO - Sync 1 DAGs
[2024-11-18T20:30:49.254+0000] {logging_mixin.py:188} INFO - [2024-11-18T20:30:49.253+0000] {dag.py:3947} INFO - Setting next_dagrun for tutorial to 2024-11-17 00:00:00+00:00, run_after=2024-11-18 00:00:00+00:00
[2024-11-18T20:30:49.276+0000] {processor.py:183} INFO - Processing /home/airflow/.local/lib/python3.11/site-packages/airflow/example_dags/tutorial.py took 0.085 seconds
[2024-11-18T20:31:19.397+0000] {processor.py:161} INFO - Started process (PID=1476) to work on /home/airflow/.local/lib/python3.11/site-packages/airflow/example_dags/tutorial.py
[2024-11-18T20:31:19.397+0000] {processor.py:830} INFO - Processing file /home/airflow/.local/lib/python3.11/site-packages/airflow/example_dags/tutorial.py for tasks to queue
[2024-11-18T20:31:19.402+0000] {logging_mixin.py:188} INFO - [2024-11-18T20:31:19.401+0000] {dagbag.py:545} INFO - Filling up the DagBag from /home/airflow/.local/lib/python3.11/site-packages/airflow/example_dags/tutorial.py
[2024-11-18T20:31:19.409+0000] {processor.py:840} INFO - DAG(s) 'tutorial' retrieved from /home/airflow/.local/lib/python3.11/site-packages/airflow/example_dags/tutorial.py
[2024-11-18T20:31:19.428+0000] {logging_mixin.py:188} INFO - [2024-11-18T20:31:19.427+0000] {dag.py:3089} INFO - Sync 1 DAGs
[2024-11-18T20:31:19.452+0000] {logging_mixin.py:188} INFO - [2024-11-18T20:31:19.451+0000] {dag.py:3947} INFO - Setting next_dagrun for tutorial to 2024-11-17 00:00:00+00:00, run_after=2024-11-18 00:00:00+00:00
[2024-11-18T20:31:19.478+0000] {processor.py:183} INFO - Processing /home/airflow/.local/lib/python3.11/site-packages/airflow/example_dags/tutorial.py took 0.085 seconds
[2024-11-18T20:31:49.593+0000] {processor.py:161} INFO - Started process (PID=1535) to work on /home/airflow/.local/lib/python3.11/site-packages/airflow/example_dags/tutorial.py
[2024-11-18T20:31:49.594+0000] {processor.py:830} INFO - Processing file /home/airflow/.local/lib/python3.11/site-packages/airflow/example_dags/tutorial.py for tasks to queue
[2024-11-18T20:31:49.596+0000] {logging_mixin.py:188} INFO - [2024-11-18T20:31:49.596+0000] {dagbag.py:545} INFO - Filling up the DagBag from /home/airflow/.local/lib/python3.11/site-packages/airflow/example_dags/tutorial.py
[2024-11-18T20:31:49.601+0000] {processor.py:840} INFO - DAG(s) 'tutorial' retrieved from /home/airflow/.local/lib/python3.11/site-packages/airflow/example_dags/tutorial.py
[2024-11-18T20:31:49.619+0000] {logging_mixin.py:188} INFO - [2024-11-18T20:31:49.619+0000] {dag.py:3089} INFO - Sync 1 DAGs
[2024-11-18T20:31:49.639+0000] {logging_mixin.py:188} INFO - [2024-11-18T20:31:49.639+0000] {dag.py:3947} INFO - Setting next_dagrun for tutorial to 2024-11-17 00:00:00+00:00, run_after=2024-11-18 00:00:00+00:00
[2024-11-18T20:31:49.668+0000] {processor.py:183} INFO - Processing /home/airflow/.local/lib/python3.11/site-packages/airflow/example_dags/tutorial.py took 0.080 seconds
[2024-11-18T20:32:20.388+0000] {processor.py:161} INFO - Started process (PID=1594) to work on /home/airflow/.local/lib/python3.11/site-packages/airflow/example_dags/tutorial.py
[2024-11-18T20:32:20.389+0000] {processor.py:830} INFO - Processing file /home/airflow/.local/lib/python3.11/site-packages/airflow/example_dags/tutorial.py for tasks to queue
[2024-11-18T20:32:20.391+0000] {logging_mixin.py:188} INFO - [2024-11-18T20:32:20.391+0000] {dagbag.py:545} INFO - Filling up the DagBag from /home/airflow/.local/lib/python3.11/site-packages/airflow/example_dags/tutorial.py
[2024-11-18T20:32:20.396+0000] {processor.py:840} INFO - DAG(s) 'tutorial' retrieved from /home/airflow/.local/lib/python3.11/site-packages/airflow/example_dags/tutorial.py
[2024-11-18T20:32:20.416+0000] {logging_mixin.py:188} INFO - [2024-11-18T20:32:20.416+0000] {dag.py:3089} INFO - Sync 1 DAGs
[2024-11-18T20:32:20.436+0000] {logging_mixin.py:188} INFO - [2024-11-18T20:32:20.436+0000] {dag.py:3947} INFO - Setting next_dagrun for tutorial to 2024-11-17 00:00:00+00:00, run_after=2024-11-18 00:00:00+00:00
[2024-11-18T20:32:20.457+0000] {processor.py:183} INFO - Processing /home/airflow/.local/lib/python3.11/site-packages/airflow/example_dags/tutorial.py took 0.075 seconds
[2024-11-18T20:32:50.909+0000] {processor.py:161} INFO - Started process (PID=1653) to work on /home/airflow/.local/lib/python3.11/site-packages/airflow/example_dags/tutorial.py
[2024-11-18T20:32:50.910+0000] {processor.py:830} INFO - Processing file /home/airflow/.local/lib/python3.11/site-packages/airflow/example_dags/tutorial.py for tasks to queue
[2024-11-18T20:32:50.914+0000] {logging_mixin.py:188} INFO - [2024-11-18T20:32:50.914+0000] {dagbag.py:545} INFO - Filling up the DagBag from /home/airflow/.local/lib/python3.11/site-packages/airflow/example_dags/tutorial.py
[2024-11-18T20:32:50.927+0000] {processor.py:840} INFO - DAG(s) 'tutorial' retrieved from /home/airflow/.local/lib/python3.11/site-packages/airflow/example_dags/tutorial.py
[2024-11-18T20:32:50.965+0000] {logging_mixin.py:188} INFO - [2024-11-18T20:32:50.964+0000] {dag.py:3089} INFO - Sync 1 DAGs
[2024-11-18T20:32:51.018+0000] {logging_mixin.py:188} INFO - [2024-11-18T20:32:51.018+0000] {dag.py:3947} INFO - Setting next_dagrun for tutorial to 2024-11-17 00:00:00+00:00, run_after=2024-11-18 00:00:00+00:00
[2024-11-18T20:32:51.051+0000] {processor.py:183} INFO - Processing /home/airflow/.local/lib/python3.11/site-packages/airflow/example_dags/tutorial.py took 0.150 seconds
[2024-11-18T20:33:21.329+0000] {processor.py:161} INFO - Started process (PID=1712) to work on /home/airflow/.local/lib/python3.11/site-packages/airflow/example_dags/tutorial.py
[2024-11-18T20:33:21.336+0000] {processor.py:830} INFO - Processing file /home/airflow/.local/lib/python3.11/site-packages/airflow/example_dags/tutorial.py for tasks to queue
[2024-11-18T20:33:21.339+0000] {logging_mixin.py:188} INFO - [2024-11-18T20:33:21.338+0000] {dagbag.py:545} INFO - Filling up the DagBag from /home/airflow/.local/lib/python3.11/site-packages/airflow/example_dags/tutorial.py
[2024-11-18T20:33:21.349+0000] {processor.py:840} INFO - DAG(s) 'tutorial' retrieved from /home/airflow/.local/lib/python3.11/site-packages/airflow/example_dags/tutorial.py
[2024-11-18T20:33:21.391+0000] {logging_mixin.py:188} INFO - [2024-11-18T20:33:21.390+0000] {dag.py:3089} INFO - Sync 1 DAGs
[2024-11-18T20:33:21.438+0000] {logging_mixin.py:188} INFO - [2024-11-18T20:33:21.437+0000] {dag.py:3947} INFO - Setting next_dagrun for tutorial to 2024-11-17 00:00:00+00:00, run_after=2024-11-18 00:00:00+00:00
[2024-11-18T20:33:21.511+0000] {processor.py:183} INFO - Processing /home/airflow/.local/lib/python3.11/site-packages/airflow/example_dags/tutorial.py took 0.190 seconds
[2024-11-18T20:33:51.649+0000] {processor.py:161} INFO - Started process (PID=1771) to work on /home/airflow/.local/lib/python3.11/site-packages/airflow/example_dags/tutorial.py
[2024-11-18T20:33:51.651+0000] {processor.py:830} INFO - Processing file /home/airflow/.local/lib/python3.11/site-packages/airflow/example_dags/tutorial.py for tasks to queue
[2024-11-18T20:33:51.656+0000] {logging_mixin.py:188} INFO - [2024-11-18T20:33:51.653+0000] {dagbag.py:545} INFO - Filling up the DagBag from /home/airflow/.local/lib/python3.11/site-packages/airflow/example_dags/tutorial.py
[2024-11-18T20:33:51.670+0000] {processor.py:840} INFO - DAG(s) 'tutorial' retrieved from /home/airflow/.local/lib/python3.11/site-packages/airflow/example_dags/tutorial.py
[2024-11-18T20:33:51.736+0000] {logging_mixin.py:188} INFO - [2024-11-18T20:33:51.735+0000] {dag.py:3089} INFO - Sync 1 DAGs
[2024-11-18T20:33:51.826+0000] {logging_mixin.py:188} INFO - [2024-11-18T20:33:51.826+0000] {dag.py:3947} INFO - Setting next_dagrun for tutorial to 2024-11-17 00:00:00+00:00, run_after=2024-11-18 00:00:00+00:00
[2024-11-18T20:33:51.902+0000] {processor.py:183} INFO - Processing /home/airflow/.local/lib/python3.11/site-packages/airflow/example_dags/tutorial.py took 0.269 seconds
[2024-11-18T20:34:22.362+0000] {processor.py:161} INFO - Started process (PID=1830) to work on /home/airflow/.local/lib/python3.11/site-packages/airflow/example_dags/tutorial.py
[2024-11-18T20:34:22.363+0000] {processor.py:830} INFO - Processing file /home/airflow/.local/lib/python3.11/site-packages/airflow/example_dags/tutorial.py for tasks to queue
[2024-11-18T20:34:22.365+0000] {logging_mixin.py:188} INFO - [2024-11-18T20:34:22.364+0000] {dagbag.py:545} INFO - Filling up the DagBag from /home/airflow/.local/lib/python3.11/site-packages/airflow/example_dags/tutorial.py
[2024-11-18T20:34:22.370+0000] {processor.py:840} INFO - DAG(s) 'tutorial' retrieved from /home/airflow/.local/lib/python3.11/site-packages/airflow/example_dags/tutorial.py
[2024-11-18T20:34:22.387+0000] {logging_mixin.py:188} INFO - [2024-11-18T20:34:22.387+0000] {dag.py:3089} INFO - Sync 1 DAGs
[2024-11-18T20:34:22.404+0000] {logging_mixin.py:188} INFO - [2024-11-18T20:34:22.404+0000] {dag.py:3947} INFO - Setting next_dagrun for tutorial to 2024-11-17 00:00:00+00:00, run_after=2024-11-18 00:00:00+00:00
[2024-11-18T20:34:22.424+0000] {processor.py:183} INFO - Processing /home/airflow/.local/lib/python3.11/site-packages/airflow/example_dags/tutorial.py took 0.067 seconds
[2024-11-18T20:34:52.824+0000] {processor.py:161} INFO - Started process (PID=1889) to work on /home/airflow/.local/lib/python3.11/site-packages/airflow/example_dags/tutorial.py
[2024-11-18T20:34:52.825+0000] {processor.py:830} INFO - Processing file /home/airflow/.local/lib/python3.11/site-packages/airflow/example_dags/tutorial.py for tasks to queue
[2024-11-18T20:34:52.827+0000] {logging_mixin.py:188} INFO - [2024-11-18T20:34:52.826+0000] {dagbag.py:545} INFO - Filling up the DagBag from /home/airflow/.local/lib/python3.11/site-packages/airflow/example_dags/tutorial.py
[2024-11-18T20:34:52.833+0000] {processor.py:840} INFO - DAG(s) 'tutorial' retrieved from /home/airflow/.local/lib/python3.11/site-packages/airflow/example_dags/tutorial.py
[2024-11-18T20:34:52.852+0000] {logging_mixin.py:188} INFO - [2024-11-18T20:34:52.852+0000] {dag.py:3089} INFO - Sync 1 DAGs
[2024-11-18T20:34:52.875+0000] {logging_mixin.py:188} INFO - [2024-11-18T20:34:52.875+0000] {dag.py:3947} INFO - Setting next_dagrun for tutorial to 2024-11-17 00:00:00+00:00, run_after=2024-11-18 00:00:00+00:00
[2024-11-18T20:34:52.895+0000] {processor.py:183} INFO - Processing /home/airflow/.local/lib/python3.11/site-packages/airflow/example_dags/tutorial.py took 0.078 seconds
[2024-11-18T20:35:23.131+0000] {processor.py:161} INFO - Started process (PID=1948) to work on /home/airflow/.local/lib/python3.11/site-packages/airflow/example_dags/tutorial.py
[2024-11-18T20:35:23.132+0000] {processor.py:830} INFO - Processing file /home/airflow/.local/lib/python3.11/site-packages/airflow/example_dags/tutorial.py for tasks to queue
[2024-11-18T20:35:23.135+0000] {logging_mixin.py:188} INFO - [2024-11-18T20:35:23.135+0000] {dagbag.py:545} INFO - Filling up the DagBag from /home/airflow/.local/lib/python3.11/site-packages/airflow/example_dags/tutorial.py
[2024-11-18T20:35:23.140+0000] {processor.py:840} INFO - DAG(s) 'tutorial' retrieved from /home/airflow/.local/lib/python3.11/site-packages/airflow/example_dags/tutorial.py
[2024-11-18T20:35:23.158+0000] {logging_mixin.py:188} INFO - [2024-11-18T20:35:23.157+0000] {dag.py:3089} INFO - Sync 1 DAGs
[2024-11-18T20:35:23.179+0000] {logging_mixin.py:188} INFO - [2024-11-18T20:35:23.179+0000] {dag.py:3947} INFO - Setting next_dagrun for tutorial to 2024-11-17 00:00:00+00:00, run_after=2024-11-18 00:00:00+00:00
[2024-11-18T20:35:23.198+0000] {processor.py:183} INFO - Processing /home/airflow/.local/lib/python3.11/site-packages/airflow/example_dags/tutorial.py took 0.072 seconds
[2024-11-18T20:35:54.049+0000] {processor.py:161} INFO - Started process (PID=2007) to work on /home/airflow/.local/lib/python3.11/site-packages/airflow/example_dags/tutorial.py
[2024-11-18T20:35:54.051+0000] {processor.py:830} INFO - Processing file /home/airflow/.local/lib/python3.11/site-packages/airflow/example_dags/tutorial.py for tasks to queue
[2024-11-18T20:35:54.057+0000] {logging_mixin.py:188} INFO - [2024-11-18T20:35:54.057+0000] {dagbag.py:545} INFO - Filling up the DagBag from /home/airflow/.local/lib/python3.11/site-packages/airflow/example_dags/tutorial.py
[2024-11-18T20:35:54.070+0000] {processor.py:840} INFO - DAG(s) 'tutorial' retrieved from /home/airflow/.local/lib/python3.11/site-packages/airflow/example_dags/tutorial.py
[2024-11-18T20:35:54.115+0000] {logging_mixin.py:188} INFO - [2024-11-18T20:35:54.114+0000] {dag.py:3089} INFO - Sync 1 DAGs
[2024-11-18T20:35:54.157+0000] {logging_mixin.py:188} INFO - [2024-11-18T20:35:54.157+0000] {dag.py:3947} INFO - Setting next_dagrun for tutorial to 2024-11-17 00:00:00+00:00, run_after=2024-11-18 00:00:00+00:00
[2024-11-18T20:35:54.220+0000] {processor.py:183} INFO - Processing /home/airflow/.local/lib/python3.11/site-packages/airflow/example_dags/tutorial.py took 0.195 seconds
[2024-11-18T20:36:24.331+0000] {processor.py:161} INFO - Started process (PID=2066) to work on /home/airflow/.local/lib/python3.11/site-packages/airflow/example_dags/tutorial.py
[2024-11-18T20:36:24.333+0000] {processor.py:830} INFO - Processing file /home/airflow/.local/lib/python3.11/site-packages/airflow/example_dags/tutorial.py for tasks to queue
[2024-11-18T20:36:24.336+0000] {logging_mixin.py:188} INFO - [2024-11-18T20:36:24.335+0000] {dagbag.py:545} INFO - Filling up the DagBag from /home/airflow/.local/lib/python3.11/site-packages/airflow/example_dags/tutorial.py
[2024-11-18T20:36:24.348+0000] {processor.py:840} INFO - DAG(s) 'tutorial' retrieved from /home/airflow/.local/lib/python3.11/site-packages/airflow/example_dags/tutorial.py
[2024-11-18T20:36:24.375+0000] {logging_mixin.py:188} INFO - [2024-11-18T20:36:24.374+0000] {dag.py:3089} INFO - Sync 1 DAGs
[2024-11-18T20:36:24.404+0000] {logging_mixin.py:188} INFO - [2024-11-18T20:36:24.404+0000] {dag.py:3947} INFO - Setting next_dagrun for tutorial to 2024-11-17 00:00:00+00:00, run_after=2024-11-18 00:00:00+00:00
[2024-11-18T20:36:24.433+0000] {processor.py:183} INFO - Processing /home/airflow/.local/lib/python3.11/site-packages/airflow/example_dags/tutorial.py took 0.107 seconds
[2024-11-18T20:36:54.607+0000] {processor.py:161} INFO - Started process (PID=2126) to work on /home/airflow/.local/lib/python3.11/site-packages/airflow/example_dags/tutorial.py
[2024-11-18T20:36:54.608+0000] {processor.py:830} INFO - Processing file /home/airflow/.local/lib/python3.11/site-packages/airflow/example_dags/tutorial.py for tasks to queue
[2024-11-18T20:36:54.610+0000] {logging_mixin.py:188} INFO - [2024-11-18T20:36:54.610+0000] {dagbag.py:545} INFO - Filling up the DagBag from /home/airflow/.local/lib/python3.11/site-packages/airflow/example_dags/tutorial.py
[2024-11-18T20:36:54.619+0000] {processor.py:840} INFO - DAG(s) 'tutorial' retrieved from /home/airflow/.local/lib/python3.11/site-packages/airflow/example_dags/tutorial.py
[2024-11-18T20:36:54.653+0000] {logging_mixin.py:188} INFO - [2024-11-18T20:36:54.652+0000] {dag.py:3089} INFO - Sync 1 DAGs
[2024-11-18T20:36:54.693+0000] {logging_mixin.py:188} INFO - [2024-11-18T20:36:54.693+0000] {dag.py:3947} INFO - Setting next_dagrun for tutorial to 2024-11-17 00:00:00+00:00, run_after=2024-11-18 00:00:00+00:00
[2024-11-18T20:36:54.738+0000] {processor.py:183} INFO - Processing /home/airflow/.local/lib/python3.11/site-packages/airflow/example_dags/tutorial.py took 0.141 seconds
[2024-11-18T20:37:24.845+0000] {processor.py:161} INFO - Started process (PID=2185) to work on /home/airflow/.local/lib/python3.11/site-packages/airflow/example_dags/tutorial.py
[2024-11-18T20:37:24.846+0000] {processor.py:830} INFO - Processing file /home/airflow/.local/lib/python3.11/site-packages/airflow/example_dags/tutorial.py for tasks to queue
[2024-11-18T20:37:24.848+0000] {logging_mixin.py:188} INFO - [2024-11-18T20:37:24.848+0000] {dagbag.py:545} INFO - Filling up the DagBag from /home/airflow/.local/lib/python3.11/site-packages/airflow/example_dags/tutorial.py
[2024-11-18T20:37:24.855+0000] {processor.py:840} INFO - DAG(s) 'tutorial' retrieved from /home/airflow/.local/lib/python3.11/site-packages/airflow/example_dags/tutorial.py
[2024-11-18T20:37:24.877+0000] {logging_mixin.py:188} INFO - [2024-11-18T20:37:24.876+0000] {dag.py:3089} INFO - Sync 1 DAGs
[2024-11-18T20:37:24.899+0000] {logging_mixin.py:188} INFO - [2024-11-18T20:37:24.898+0000] {dag.py:3947} INFO - Setting next_dagrun for tutorial to 2024-11-17 00:00:00+00:00, run_after=2024-11-18 00:00:00+00:00
[2024-11-18T20:37:24.924+0000] {processor.py:183} INFO - Processing /home/airflow/.local/lib/python3.11/site-packages/airflow/example_dags/tutorial.py took 0.085 seconds
[2024-11-18T20:37:54.988+0000] {processor.py:161} INFO - Started process (PID=2244) to work on /home/airflow/.local/lib/python3.11/site-packages/airflow/example_dags/tutorial.py
[2024-11-18T20:37:54.990+0000] {processor.py:830} INFO - Processing file /home/airflow/.local/lib/python3.11/site-packages/airflow/example_dags/tutorial.py for tasks to queue
[2024-11-18T20:37:54.993+0000] {logging_mixin.py:188} INFO - [2024-11-18T20:37:54.992+0000] {dagbag.py:545} INFO - Filling up the DagBag from /home/airflow/.local/lib/python3.11/site-packages/airflow/example_dags/tutorial.py
[2024-11-18T20:37:55.000+0000] {processor.py:840} INFO - DAG(s) 'tutorial' retrieved from /home/airflow/.local/lib/python3.11/site-packages/airflow/example_dags/tutorial.py
[2024-11-18T20:37:55.021+0000] {logging_mixin.py:188} INFO - [2024-11-18T20:37:55.021+0000] {dag.py:3089} INFO - Sync 1 DAGs
[2024-11-18T20:37:55.050+0000] {logging_mixin.py:188} INFO - [2024-11-18T20:37:55.049+0000] {dag.py:3947} INFO - Setting next_dagrun for tutorial to 2024-11-17 00:00:00+00:00, run_after=2024-11-18 00:00:00+00:00
[2024-11-18T20:37:55.086+0000] {processor.py:183} INFO - Processing /home/airflow/.local/lib/python3.11/site-packages/airflow/example_dags/tutorial.py took 0.103 seconds
[2024-11-18T20:38:25.337+0000] {processor.py:161} INFO - Started process (PID=2305) to work on /home/airflow/.local/lib/python3.11/site-packages/airflow/example_dags/tutorial.py
[2024-11-18T20:38:25.338+0000] {processor.py:830} INFO - Processing file /home/airflow/.local/lib/python3.11/site-packages/airflow/example_dags/tutorial.py for tasks to queue
[2024-11-18T20:38:25.340+0000] {logging_mixin.py:188} INFO - [2024-11-18T20:38:25.340+0000] {dagbag.py:545} INFO - Filling up the DagBag from /home/airflow/.local/lib/python3.11/site-packages/airflow/example_dags/tutorial.py
[2024-11-18T20:38:25.345+0000] {processor.py:840} INFO - DAG(s) 'tutorial' retrieved from /home/airflow/.local/lib/python3.11/site-packages/airflow/example_dags/tutorial.py
[2024-11-18T20:38:25.362+0000] {logging_mixin.py:188} INFO - [2024-11-18T20:38:25.362+0000] {dag.py:3089} INFO - Sync 1 DAGs
[2024-11-18T20:38:25.380+0000] {logging_mixin.py:188} INFO - [2024-11-18T20:38:25.379+0000] {dag.py:3947} INFO - Setting next_dagrun for tutorial to 2024-11-17 00:00:00+00:00, run_after=2024-11-18 00:00:00+00:00
[2024-11-18T20:38:25.409+0000] {processor.py:183} INFO - Processing /home/airflow/.local/lib/python3.11/site-packages/airflow/example_dags/tutorial.py took 0.076 seconds
[2024-11-18T20:38:55.510+0000] {processor.py:161} INFO - Started process (PID=2373) to work on /home/airflow/.local/lib/python3.11/site-packages/airflow/example_dags/tutorial.py
[2024-11-18T20:38:55.511+0000] {processor.py:830} INFO - Processing file /home/airflow/.local/lib/python3.11/site-packages/airflow/example_dags/tutorial.py for tasks to queue
[2024-11-18T20:38:55.512+0000] {logging_mixin.py:188} INFO - [2024-11-18T20:38:55.512+0000] {dagbag.py:545} INFO - Filling up the DagBag from /home/airflow/.local/lib/python3.11/site-packages/airflow/example_dags/tutorial.py
[2024-11-18T20:38:55.519+0000] {processor.py:840} INFO - DAG(s) 'tutorial' retrieved from /home/airflow/.local/lib/python3.11/site-packages/airflow/example_dags/tutorial.py
[2024-11-18T20:38:55.537+0000] {logging_mixin.py:188} INFO - [2024-11-18T20:38:55.537+0000] {dag.py:3089} INFO - Sync 1 DAGs
[2024-11-18T20:38:55.556+0000] {logging_mixin.py:188} INFO - [2024-11-18T20:38:55.556+0000] {dag.py:3947} INFO - Setting next_dagrun for tutorial to 2024-11-17 00:00:00+00:00, run_after=2024-11-18 00:00:00+00:00
[2024-11-18T20:38:55.578+0000] {processor.py:183} INFO - Processing /home/airflow/.local/lib/python3.11/site-packages/airflow/example_dags/tutorial.py took 0.074 seconds
[2024-11-18T20:39:26.547+0000] {processor.py:161} INFO - Started process (PID=2433) to work on /home/airflow/.local/lib/python3.11/site-packages/airflow/example_dags/tutorial.py
[2024-11-18T20:39:26.549+0000] {processor.py:830} INFO - Processing file /home/airflow/.local/lib/python3.11/site-packages/airflow/example_dags/tutorial.py for tasks to queue
[2024-11-18T20:39:26.552+0000] {logging_mixin.py:188} INFO - [2024-11-18T20:39:26.552+0000] {dagbag.py:545} INFO - Filling up the DagBag from /home/airflow/.local/lib/python3.11/site-packages/airflow/example_dags/tutorial.py
[2024-11-18T20:39:26.559+0000] {processor.py:840} INFO - DAG(s) 'tutorial' retrieved from /home/airflow/.local/lib/python3.11/site-packages/airflow/example_dags/tutorial.py
[2024-11-18T20:39:26.582+0000] {logging_mixin.py:188} INFO - [2024-11-18T20:39:26.582+0000] {dag.py:3089} INFO - Sync 1 DAGs
[2024-11-18T20:39:26.606+0000] {logging_mixin.py:188} INFO - [2024-11-18T20:39:26.606+0000] {dag.py:3947} INFO - Setting next_dagrun for tutorial to 2024-11-17 00:00:00+00:00, run_after=2024-11-18 00:00:00+00:00
[2024-11-18T20:39:26.629+0000] {processor.py:183} INFO - Processing /home/airflow/.local/lib/python3.11/site-packages/airflow/example_dags/tutorial.py took 0.089 seconds
[2024-11-18T20:39:57.474+0000] {processor.py:161} INFO - Started process (PID=2492) to work on /home/airflow/.local/lib/python3.11/site-packages/airflow/example_dags/tutorial.py
[2024-11-18T20:39:57.475+0000] {processor.py:830} INFO - Processing file /home/airflow/.local/lib/python3.11/site-packages/airflow/example_dags/tutorial.py for tasks to queue
[2024-11-18T20:39:57.477+0000] {logging_mixin.py:188} INFO - [2024-11-18T20:39:57.477+0000] {dagbag.py:545} INFO - Filling up the DagBag from /home/airflow/.local/lib/python3.11/site-packages/airflow/example_dags/tutorial.py
[2024-11-18T20:39:57.482+0000] {processor.py:840} INFO - DAG(s) 'tutorial' retrieved from /home/airflow/.local/lib/python3.11/site-packages/airflow/example_dags/tutorial.py
[2024-11-18T20:39:57.498+0000] {logging_mixin.py:188} INFO - [2024-11-18T20:39:57.498+0000] {dag.py:3089} INFO - Sync 1 DAGs
[2024-11-18T20:39:57.515+0000] {logging_mixin.py:188} INFO - [2024-11-18T20:39:57.515+0000] {dag.py:3947} INFO - Setting next_dagrun for tutorial to 2024-11-17 00:00:00+00:00, run_after=2024-11-18 00:00:00+00:00
[2024-11-18T20:39:57.544+0000] {processor.py:183} INFO - Processing /home/airflow/.local/lib/python3.11/site-packages/airflow/example_dags/tutorial.py took 0.074 seconds
[2024-11-18T20:40:27.815+0000] {processor.py:161} INFO - Started process (PID=2551) to work on /home/airflow/.local/lib/python3.11/site-packages/airflow/example_dags/tutorial.py
[2024-11-18T20:40:27.828+0000] {processor.py:830} INFO - Processing file /home/airflow/.local/lib/python3.11/site-packages/airflow/example_dags/tutorial.py for tasks to queue
[2024-11-18T20:40:27.858+0000] {logging_mixin.py:188} INFO - [2024-11-18T20:40:27.858+0000] {dagbag.py:545} INFO - Filling up the DagBag from /home/airflow/.local/lib/python3.11/site-packages/airflow/example_dags/tutorial.py
[2024-11-18T20:40:27.907+0000] {processor.py:840} INFO - DAG(s) 'tutorial' retrieved from /home/airflow/.local/lib/python3.11/site-packages/airflow/example_dags/tutorial.py
[2024-11-18T20:40:28.005+0000] {logging_mixin.py:188} INFO - [2024-11-18T20:40:28.004+0000] {dag.py:3089} INFO - Sync 1 DAGs
[2024-11-18T20:40:28.094+0000] {logging_mixin.py:188} INFO - [2024-11-18T20:40:28.084+0000] {dag.py:3947} INFO - Setting next_dagrun for tutorial to 2024-11-17 00:00:00+00:00, run_after=2024-11-18 00:00:00+00:00
[2024-11-18T20:40:28.154+0000] {processor.py:183} INFO - Processing /home/airflow/.local/lib/python3.11/site-packages/airflow/example_dags/tutorial.py took 0.362 seconds
[2024-11-18T20:43:27.231+0000] {processor.py:161} INFO - Started process (PID=2615) to work on /home/airflow/.local/lib/python3.11/site-packages/airflow/example_dags/tutorial.py
[2024-11-18T20:43:27.233+0000] {processor.py:830} INFO - Processing file /home/airflow/.local/lib/python3.11/site-packages/airflow/example_dags/tutorial.py for tasks to queue
[2024-11-18T20:43:27.240+0000] {logging_mixin.py:188} INFO - [2024-11-18T20:43:27.236+0000] {dagbag.py:545} INFO - Filling up the DagBag from /home/airflow/.local/lib/python3.11/site-packages/airflow/example_dags/tutorial.py
[2024-11-18T20:43:27.274+0000] {processor.py:840} INFO - DAG(s) 'tutorial' retrieved from /home/airflow/.local/lib/python3.11/site-packages/airflow/example_dags/tutorial.py
[2024-11-18T20:43:27.415+0000] {logging_mixin.py:188} INFO - [2024-11-18T20:43:27.415+0000] {dag.py:3089} INFO - Sync 1 DAGs
[2024-11-18T20:43:27.515+0000] {logging_mixin.py:188} INFO - [2024-11-18T20:43:27.515+0000] {dag.py:3947} INFO - Setting next_dagrun for tutorial to 2024-11-17 00:00:00+00:00, run_after=2024-11-18 00:00:00+00:00
[2024-11-18T20:43:27.567+0000] {processor.py:183} INFO - Processing /home/airflow/.local/lib/python3.11/site-packages/airflow/example_dags/tutorial.py took 0.367 seconds
[2024-11-18T20:43:54.972+0000] {processor.py:161} INFO - Started process (PID=65) to work on /home/airflow/.local/lib/python3.11/site-packages/airflow/example_dags/tutorial.py
[2024-11-18T20:43:54.973+0000] {processor.py:830} INFO - Processing file /home/airflow/.local/lib/python3.11/site-packages/airflow/example_dags/tutorial.py for tasks to queue
[2024-11-18T20:43:54.976+0000] {logging_mixin.py:188} INFO - [2024-11-18T20:43:54.976+0000] {dagbag.py:545} INFO - Filling up the DagBag from /home/airflow/.local/lib/python3.11/site-packages/airflow/example_dags/tutorial.py
[2024-11-18T20:43:54.989+0000] {processor.py:840} INFO - DAG(s) 'tutorial' retrieved from /home/airflow/.local/lib/python3.11/site-packages/airflow/example_dags/tutorial.py
[2024-11-18T20:43:55.039+0000] {logging_mixin.py:188} INFO - [2024-11-18T20:43:55.039+0000] {dag.py:3089} INFO - Sync 1 DAGs
[2024-11-18T20:43:55.082+0000] {logging_mixin.py:188} INFO - [2024-11-18T20:43:55.082+0000] {dag.py:3947} INFO - Setting next_dagrun for tutorial to 2024-11-17 00:00:00+00:00, run_after=2024-11-18 00:00:00+00:00
[2024-11-18T20:43:55.136+0000] {processor.py:183} INFO - Processing /home/airflow/.local/lib/python3.11/site-packages/airflow/example_dags/tutorial.py took 0.172 seconds
[2024-11-18T20:44:25.916+0000] {processor.py:161} INFO - Started process (PID=124) to work on /home/airflow/.local/lib/python3.11/site-packages/airflow/example_dags/tutorial.py
[2024-11-18T20:44:25.918+0000] {processor.py:830} INFO - Processing file /home/airflow/.local/lib/python3.11/site-packages/airflow/example_dags/tutorial.py for tasks to queue
[2024-11-18T20:44:25.930+0000] {logging_mixin.py:188} INFO - [2024-11-18T20:44:25.921+0000] {dagbag.py:545} INFO - Filling up the DagBag from /home/airflow/.local/lib/python3.11/site-packages/airflow/example_dags/tutorial.py
[2024-11-18T20:44:25.939+0000] {processor.py:840} INFO - DAG(s) 'tutorial' retrieved from /home/airflow/.local/lib/python3.11/site-packages/airflow/example_dags/tutorial.py
[2024-11-18T20:44:25.972+0000] {logging_mixin.py:188} INFO - [2024-11-18T20:44:25.972+0000] {dag.py:3089} INFO - Sync 1 DAGs
[2024-11-18T20:44:26.005+0000] {logging_mixin.py:188} INFO - [2024-11-18T20:44:26.005+0000] {dag.py:3947} INFO - Setting next_dagrun for tutorial to 2024-11-17 00:00:00+00:00, run_after=2024-11-18 00:00:00+00:00
[2024-11-18T20:44:26.044+0000] {processor.py:183} INFO - Processing /home/airflow/.local/lib/python3.11/site-packages/airflow/example_dags/tutorial.py took 0.137 seconds
[2024-11-18T20:44:56.355+0000] {processor.py:161} INFO - Started process (PID=182) to work on /home/airflow/.local/lib/python3.11/site-packages/airflow/example_dags/tutorial.py
[2024-11-18T20:44:56.357+0000] {processor.py:830} INFO - Processing file /home/airflow/.local/lib/python3.11/site-packages/airflow/example_dags/tutorial.py for tasks to queue
[2024-11-18T20:44:56.359+0000] {logging_mixin.py:188} INFO - [2024-11-18T20:44:56.359+0000] {dagbag.py:545} INFO - Filling up the DagBag from /home/airflow/.local/lib/python3.11/site-packages/airflow/example_dags/tutorial.py
[2024-11-18T20:44:56.367+0000] {processor.py:840} INFO - DAG(s) 'tutorial' retrieved from /home/airflow/.local/lib/python3.11/site-packages/airflow/example_dags/tutorial.py
[2024-11-18T20:44:56.396+0000] {logging_mixin.py:188} INFO - [2024-11-18T20:44:56.395+0000] {dag.py:3089} INFO - Sync 1 DAGs
[2024-11-18T20:44:56.427+0000] {logging_mixin.py:188} INFO - [2024-11-18T20:44:56.426+0000] {dag.py:3947} INFO - Setting next_dagrun for tutorial to 2024-11-17 00:00:00+00:00, run_after=2024-11-18 00:00:00+00:00
[2024-11-18T20:44:56.459+0000] {processor.py:183} INFO - Processing /home/airflow/.local/lib/python3.11/site-packages/airflow/example_dags/tutorial.py took 0.110 seconds
[2024-11-18T20:45:27.162+0000] {processor.py:161} INFO - Started process (PID=241) to work on /home/airflow/.local/lib/python3.11/site-packages/airflow/example_dags/tutorial.py
[2024-11-18T20:45:27.163+0000] {processor.py:830} INFO - Processing file /home/airflow/.local/lib/python3.11/site-packages/airflow/example_dags/tutorial.py for tasks to queue
[2024-11-18T20:45:27.164+0000] {logging_mixin.py:188} INFO - [2024-11-18T20:45:27.164+0000] {dagbag.py:545} INFO - Filling up the DagBag from /home/airflow/.local/lib/python3.11/site-packages/airflow/example_dags/tutorial.py
[2024-11-18T20:45:27.169+0000] {processor.py:840} INFO - DAG(s) 'tutorial' retrieved from /home/airflow/.local/lib/python3.11/site-packages/airflow/example_dags/tutorial.py
[2024-11-18T20:45:27.186+0000] {logging_mixin.py:188} INFO - [2024-11-18T20:45:27.186+0000] {dag.py:3089} INFO - Sync 1 DAGs
[2024-11-18T20:45:27.205+0000] {logging_mixin.py:188} INFO - [2024-11-18T20:45:27.205+0000] {dag.py:3947} INFO - Setting next_dagrun for tutorial to 2024-11-17 00:00:00+00:00, run_after=2024-11-18 00:00:00+00:00
[2024-11-18T20:45:27.223+0000] {processor.py:183} INFO - Processing /home/airflow/.local/lib/python3.11/site-packages/airflow/example_dags/tutorial.py took 0.066 seconds
[2024-11-18T20:45:57.532+0000] {processor.py:161} INFO - Started process (PID=300) to work on /home/airflow/.local/lib/python3.11/site-packages/airflow/example_dags/tutorial.py
[2024-11-18T20:45:57.533+0000] {processor.py:830} INFO - Processing file /home/airflow/.local/lib/python3.11/site-packages/airflow/example_dags/tutorial.py for tasks to queue
[2024-11-18T20:45:57.536+0000] {logging_mixin.py:188} INFO - [2024-11-18T20:45:57.535+0000] {dagbag.py:545} INFO - Filling up the DagBag from /home/airflow/.local/lib/python3.11/site-packages/airflow/example_dags/tutorial.py
[2024-11-18T20:45:57.542+0000] {processor.py:840} INFO - DAG(s) 'tutorial' retrieved from /home/airflow/.local/lib/python3.11/site-packages/airflow/example_dags/tutorial.py
[2024-11-18T20:45:57.562+0000] {logging_mixin.py:188} INFO - [2024-11-18T20:45:57.562+0000] {dag.py:3089} INFO - Sync 1 DAGs
[2024-11-18T20:45:57.584+0000] {logging_mixin.py:188} INFO - [2024-11-18T20:45:57.584+0000] {dag.py:3947} INFO - Setting next_dagrun for tutorial to 2024-11-17 00:00:00+00:00, run_after=2024-11-18 00:00:00+00:00
[2024-11-18T20:45:57.619+0000] {processor.py:183} INFO - Processing /home/airflow/.local/lib/python3.11/site-packages/airflow/example_dags/tutorial.py took 0.093 seconds
[2024-11-18T20:46:27.810+0000] {processor.py:161} INFO - Started process (PID=359) to work on /home/airflow/.local/lib/python3.11/site-packages/airflow/example_dags/tutorial.py
[2024-11-18T20:46:27.811+0000] {processor.py:830} INFO - Processing file /home/airflow/.local/lib/python3.11/site-packages/airflow/example_dags/tutorial.py for tasks to queue
[2024-11-18T20:46:27.813+0000] {logging_mixin.py:188} INFO - [2024-11-18T20:46:27.812+0000] {dagbag.py:545} INFO - Filling up the DagBag from /home/airflow/.local/lib/python3.11/site-packages/airflow/example_dags/tutorial.py
[2024-11-18T20:46:27.817+0000] {processor.py:840} INFO - DAG(s) 'tutorial' retrieved from /home/airflow/.local/lib/python3.11/site-packages/airflow/example_dags/tutorial.py
[2024-11-18T20:46:27.834+0000] {logging_mixin.py:188} INFO - [2024-11-18T20:46:27.833+0000] {dag.py:3089} INFO - Sync 1 DAGs
[2024-11-18T20:46:27.853+0000] {logging_mixin.py:188} INFO - [2024-11-18T20:46:27.853+0000] {dag.py:3947} INFO - Setting next_dagrun for tutorial to 2024-11-17 00:00:00+00:00, run_after=2024-11-18 00:00:00+00:00
[2024-11-18T20:46:27.870+0000] {processor.py:183} INFO - Processing /home/airflow/.local/lib/python3.11/site-packages/airflow/example_dags/tutorial.py took 0.065 seconds
[2024-11-18T20:46:58.066+0000] {processor.py:161} INFO - Started process (PID=418) to work on /home/airflow/.local/lib/python3.11/site-packages/airflow/example_dags/tutorial.py
[2024-11-18T20:46:58.067+0000] {processor.py:830} INFO - Processing file /home/airflow/.local/lib/python3.11/site-packages/airflow/example_dags/tutorial.py for tasks to queue
[2024-11-18T20:46:58.069+0000] {logging_mixin.py:188} INFO - [2024-11-18T20:46:58.068+0000] {dagbag.py:545} INFO - Filling up the DagBag from /home/airflow/.local/lib/python3.11/site-packages/airflow/example_dags/tutorial.py
[2024-11-18T20:46:58.074+0000] {processor.py:840} INFO - DAG(s) 'tutorial' retrieved from /home/airflow/.local/lib/python3.11/site-packages/airflow/example_dags/tutorial.py
[2024-11-18T20:46:58.092+0000] {logging_mixin.py:188} INFO - [2024-11-18T20:46:58.092+0000] {dag.py:3089} INFO - Sync 1 DAGs
[2024-11-18T20:46:58.111+0000] {logging_mixin.py:188} INFO - [2024-11-18T20:46:58.111+0000] {dag.py:3947} INFO - Setting next_dagrun for tutorial to 2024-11-17 00:00:00+00:00, run_after=2024-11-18 00:00:00+00:00
[2024-11-18T20:46:58.131+0000] {processor.py:183} INFO - Processing /home/airflow/.local/lib/python3.11/site-packages/airflow/example_dags/tutorial.py took 0.069 seconds
[2024-11-18T20:48:16.141+0000] {processor.py:161} INFO - Started process (PID=54) to work on /home/airflow/.local/lib/python3.11/site-packages/airflow/example_dags/tutorial.py
[2024-11-18T20:48:16.154+0000] {processor.py:830} INFO - Processing file /home/airflow/.local/lib/python3.11/site-packages/airflow/example_dags/tutorial.py for tasks to queue
[2024-11-18T20:48:16.156+0000] {logging_mixin.py:188} INFO - [2024-11-18T20:48:16.156+0000] {dagbag.py:545} INFO - Filling up the DagBag from /home/airflow/.local/lib/python3.11/site-packages/airflow/example_dags/tutorial.py
[2024-11-18T20:48:16.165+0000] {processor.py:840} INFO - DAG(s) 'tutorial' retrieved from /home/airflow/.local/lib/python3.11/site-packages/airflow/example_dags/tutorial.py
[2024-11-18T20:48:16.177+0000] {logging_mixin.py:188} INFO - [2024-11-18T20:48:16.176+0000] {dag.py:3089} INFO - Sync 1 DAGs
[2024-11-18T20:48:16.198+0000] {logging_mixin.py:188} INFO - [2024-11-18T20:48:16.198+0000] {dag.py:3947} INFO - Setting next_dagrun for tutorial to 2024-11-17 00:00:00+00:00, run_after=2024-11-18 00:00:00+00:00
[2024-11-18T20:48:16.217+0000] {processor.py:183} INFO - Processing /home/airflow/.local/lib/python3.11/site-packages/airflow/example_dags/tutorial.py took 0.086 seconds
[2024-11-18T20:48:46.729+0000] {processor.py:161} INFO - Started process (PID=113) to work on /home/airflow/.local/lib/python3.11/site-packages/airflow/example_dags/tutorial.py
[2024-11-18T20:48:46.730+0000] {processor.py:830} INFO - Processing file /home/airflow/.local/lib/python3.11/site-packages/airflow/example_dags/tutorial.py for tasks to queue
[2024-11-18T20:48:46.732+0000] {logging_mixin.py:188} INFO - [2024-11-18T20:48:46.732+0000] {dagbag.py:545} INFO - Filling up the DagBag from /home/airflow/.local/lib/python3.11/site-packages/airflow/example_dags/tutorial.py
[2024-11-18T20:48:46.737+0000] {processor.py:840} INFO - DAG(s) 'tutorial' retrieved from /home/airflow/.local/lib/python3.11/site-packages/airflow/example_dags/tutorial.py
[2024-11-18T20:48:46.823+0000] {logging_mixin.py:188} INFO - [2024-11-18T20:48:46.823+0000] {dag.py:3089} INFO - Sync 1 DAGs
[2024-11-18T20:48:46.842+0000] {logging_mixin.py:188} INFO - [2024-11-18T20:48:46.842+0000] {dag.py:3947} INFO - Setting next_dagrun for tutorial to 2024-11-17 00:00:00+00:00, run_after=2024-11-18 00:00:00+00:00
[2024-11-18T20:48:46.861+0000] {processor.py:183} INFO - Processing /home/airflow/.local/lib/python3.11/site-packages/airflow/example_dags/tutorial.py took 0.137 seconds
[2024-11-18T20:49:17.196+0000] {processor.py:161} INFO - Started process (PID=172) to work on /home/airflow/.local/lib/python3.11/site-packages/airflow/example_dags/tutorial.py
[2024-11-18T20:49:17.197+0000] {processor.py:830} INFO - Processing file /home/airflow/.local/lib/python3.11/site-packages/airflow/example_dags/tutorial.py for tasks to queue
[2024-11-18T20:49:17.199+0000] {logging_mixin.py:188} INFO - [2024-11-18T20:49:17.199+0000] {dagbag.py:545} INFO - Filling up the DagBag from /home/airflow/.local/lib/python3.11/site-packages/airflow/example_dags/tutorial.py
[2024-11-18T20:49:17.205+0000] {processor.py:840} INFO - DAG(s) 'tutorial' retrieved from /home/airflow/.local/lib/python3.11/site-packages/airflow/example_dags/tutorial.py
[2024-11-18T20:49:17.228+0000] {logging_mixin.py:188} INFO - [2024-11-18T20:49:17.228+0000] {dag.py:3089} INFO - Sync 1 DAGs
[2024-11-18T20:49:17.253+0000] {logging_mixin.py:188} INFO - [2024-11-18T20:49:17.253+0000] {dag.py:3947} INFO - Setting next_dagrun for tutorial to 2024-11-17 00:00:00+00:00, run_after=2024-11-18 00:00:00+00:00
[2024-11-18T20:49:17.271+0000] {processor.py:183} INFO - Processing /home/airflow/.local/lib/python3.11/site-packages/airflow/example_dags/tutorial.py took 0.081 seconds
[2024-11-18T20:50:37.902+0000] {processor.py:161} INFO - Started process (PID=59) to work on /home/airflow/.local/lib/python3.11/site-packages/airflow/example_dags/tutorial.py
[2024-11-18T20:50:37.903+0000] {processor.py:830} INFO - Processing file /home/airflow/.local/lib/python3.11/site-packages/airflow/example_dags/tutorial.py for tasks to queue
[2024-11-18T20:50:37.905+0000] {logging_mixin.py:188} INFO - [2024-11-18T20:50:37.905+0000] {dagbag.py:545} INFO - Filling up the DagBag from /home/airflow/.local/lib/python3.11/site-packages/airflow/example_dags/tutorial.py
[2024-11-18T20:50:37.914+0000] {processor.py:840} INFO - DAG(s) 'tutorial' retrieved from /home/airflow/.local/lib/python3.11/site-packages/airflow/example_dags/tutorial.py
[2024-11-18T20:50:37.927+0000] {logging_mixin.py:188} INFO - [2024-11-18T20:50:37.927+0000] {dag.py:3089} INFO - Sync 1 DAGs
[2024-11-18T20:50:37.955+0000] {logging_mixin.py:188} INFO - [2024-11-18T20:50:37.955+0000] {dag.py:3947} INFO - Setting next_dagrun for tutorial to 2024-11-17 00:00:00+00:00, run_after=2024-11-18 00:00:00+00:00
[2024-11-18T20:50:37.976+0000] {processor.py:183} INFO - Processing /home/airflow/.local/lib/python3.11/site-packages/airflow/example_dags/tutorial.py took 0.080 seconds
[2024-11-18T20:51:09.712+0000] {processor.py:161} INFO - Started process (PID=124) to work on /home/airflow/.local/lib/python3.11/site-packages/airflow/example_dags/tutorial.py
[2024-11-18T20:51:09.713+0000] {processor.py:830} INFO - Processing file /home/airflow/.local/lib/python3.11/site-packages/airflow/example_dags/tutorial.py for tasks to queue
[2024-11-18T20:51:09.715+0000] {logging_mixin.py:188} INFO - [2024-11-18T20:51:09.715+0000] {dagbag.py:545} INFO - Filling up the DagBag from /home/airflow/.local/lib/python3.11/site-packages/airflow/example_dags/tutorial.py
[2024-11-18T20:51:09.723+0000] {processor.py:840} INFO - DAG(s) 'tutorial' retrieved from /home/airflow/.local/lib/python3.11/site-packages/airflow/example_dags/tutorial.py
[2024-11-18T20:51:09.835+0000] {logging_mixin.py:188} INFO - [2024-11-18T20:51:09.835+0000] {dag.py:3089} INFO - Sync 1 DAGs
[2024-11-18T20:51:09.855+0000] {logging_mixin.py:188} INFO - [2024-11-18T20:51:09.854+0000] {dag.py:3947} INFO - Setting next_dagrun for tutorial to 2024-11-17 00:00:00+00:00, run_after=2024-11-18 00:00:00+00:00
[2024-11-18T20:51:09.876+0000] {processor.py:183} INFO - Processing /home/airflow/.local/lib/python3.11/site-packages/airflow/example_dags/tutorial.py took 0.169 seconds
[2024-11-18T20:51:40.324+0000] {processor.py:161} INFO - Started process (PID=183) to work on /home/airflow/.local/lib/python3.11/site-packages/airflow/example_dags/tutorial.py
[2024-11-18T20:51:40.325+0000] {processor.py:830} INFO - Processing file /home/airflow/.local/lib/python3.11/site-packages/airflow/example_dags/tutorial.py for tasks to queue
[2024-11-18T20:51:40.327+0000] {logging_mixin.py:188} INFO - [2024-11-18T20:51:40.327+0000] {dagbag.py:545} INFO - Filling up the DagBag from /home/airflow/.local/lib/python3.11/site-packages/airflow/example_dags/tutorial.py
[2024-11-18T20:51:40.332+0000] {processor.py:840} INFO - DAG(s) 'tutorial' retrieved from /home/airflow/.local/lib/python3.11/site-packages/airflow/example_dags/tutorial.py
[2024-11-18T20:51:40.350+0000] {logging_mixin.py:188} INFO - [2024-11-18T20:51:40.350+0000] {dag.py:3089} INFO - Sync 1 DAGs
[2024-11-18T20:51:40.371+0000] {logging_mixin.py:188} INFO - [2024-11-18T20:51:40.370+0000] {dag.py:3947} INFO - Setting next_dagrun for tutorial to 2024-11-17 00:00:00+00:00, run_after=2024-11-18 00:00:00+00:00
[2024-11-18T20:51:40.397+0000] {processor.py:183} INFO - Processing /home/airflow/.local/lib/python3.11/site-packages/airflow/example_dags/tutorial.py took 0.078 seconds
[2024-11-18T20:52:10.920+0000] {processor.py:161} INFO - Started process (PID=242) to work on /home/airflow/.local/lib/python3.11/site-packages/airflow/example_dags/tutorial.py
[2024-11-18T20:52:10.921+0000] {processor.py:830} INFO - Processing file /home/airflow/.local/lib/python3.11/site-packages/airflow/example_dags/tutorial.py for tasks to queue
[2024-11-18T20:52:10.923+0000] {logging_mixin.py:188} INFO - [2024-11-18T20:52:10.923+0000] {dagbag.py:545} INFO - Filling up the DagBag from /home/airflow/.local/lib/python3.11/site-packages/airflow/example_dags/tutorial.py
[2024-11-18T20:52:10.930+0000] {processor.py:840} INFO - DAG(s) 'tutorial' retrieved from /home/airflow/.local/lib/python3.11/site-packages/airflow/example_dags/tutorial.py
[2024-11-18T20:52:10.954+0000] {logging_mixin.py:188} INFO - [2024-11-18T20:52:10.954+0000] {dag.py:3089} INFO - Sync 1 DAGs
[2024-11-18T20:52:10.985+0000] {logging_mixin.py:188} INFO - [2024-11-18T20:52:10.985+0000] {dag.py:3947} INFO - Setting next_dagrun for tutorial to 2024-11-17 00:00:00+00:00, run_after=2024-11-18 00:00:00+00:00
[2024-11-18T20:52:11.012+0000] {processor.py:183} INFO - Processing /home/airflow/.local/lib/python3.11/site-packages/airflow/example_dags/tutorial.py took 0.100 seconds
[2024-11-18T20:52:41.661+0000] {processor.py:161} INFO - Started process (PID=300) to work on /home/airflow/.local/lib/python3.11/site-packages/airflow/example_dags/tutorial.py
[2024-11-18T20:52:41.663+0000] {processor.py:830} INFO - Processing file /home/airflow/.local/lib/python3.11/site-packages/airflow/example_dags/tutorial.py for tasks to queue
[2024-11-18T20:52:41.666+0000] {logging_mixin.py:188} INFO - [2024-11-18T20:52:41.666+0000] {dagbag.py:545} INFO - Filling up the DagBag from /home/airflow/.local/lib/python3.11/site-packages/airflow/example_dags/tutorial.py
[2024-11-18T20:52:41.675+0000] {processor.py:840} INFO - DAG(s) 'tutorial' retrieved from /home/airflow/.local/lib/python3.11/site-packages/airflow/example_dags/tutorial.py
[2024-11-18T20:52:41.702+0000] {logging_mixin.py:188} INFO - [2024-11-18T20:52:41.701+0000] {dag.py:3089} INFO - Sync 1 DAGs
[2024-11-18T20:52:41.744+0000] {logging_mixin.py:188} INFO - [2024-11-18T20:52:41.744+0000] {dag.py:3947} INFO - Setting next_dagrun for tutorial to 2024-11-17 00:00:00+00:00, run_after=2024-11-18 00:00:00+00:00
[2024-11-18T20:52:41.779+0000] {processor.py:183} INFO - Processing /home/airflow/.local/lib/python3.11/site-packages/airflow/example_dags/tutorial.py took 0.126 seconds
[2024-11-18T20:53:12.076+0000] {processor.py:161} INFO - Started process (PID=359) to work on /home/airflow/.local/lib/python3.11/site-packages/airflow/example_dags/tutorial.py
[2024-11-18T20:53:12.079+0000] {processor.py:830} INFO - Processing file /home/airflow/.local/lib/python3.11/site-packages/airflow/example_dags/tutorial.py for tasks to queue
[2024-11-18T20:53:12.082+0000] {logging_mixin.py:188} INFO - [2024-11-18T20:53:12.081+0000] {dagbag.py:545} INFO - Filling up the DagBag from /home/airflow/.local/lib/python3.11/site-packages/airflow/example_dags/tutorial.py
[2024-11-18T20:53:12.091+0000] {processor.py:840} INFO - DAG(s) 'tutorial' retrieved from /home/airflow/.local/lib/python3.11/site-packages/airflow/example_dags/tutorial.py
[2024-11-18T20:53:12.170+0000] {logging_mixin.py:188} INFO - [2024-11-18T20:53:12.170+0000] {dag.py:3089} INFO - Sync 1 DAGs
[2024-11-18T20:53:12.248+0000] {logging_mixin.py:188} INFO - [2024-11-18T20:53:12.248+0000] {dag.py:3947} INFO - Setting next_dagrun for tutorial to 2024-11-17 00:00:00+00:00, run_after=2024-11-18 00:00:00+00:00
[2024-11-18T20:53:12.305+0000] {processor.py:183} INFO - Processing /home/airflow/.local/lib/python3.11/site-packages/airflow/example_dags/tutorial.py took 0.237 seconds
[2024-11-18T20:53:42.859+0000] {processor.py:161} INFO - Started process (PID=418) to work on /home/airflow/.local/lib/python3.11/site-packages/airflow/example_dags/tutorial.py
[2024-11-18T20:53:42.860+0000] {processor.py:830} INFO - Processing file /home/airflow/.local/lib/python3.11/site-packages/airflow/example_dags/tutorial.py for tasks to queue
[2024-11-18T20:53:42.861+0000] {logging_mixin.py:188} INFO - [2024-11-18T20:53:42.861+0000] {dagbag.py:545} INFO - Filling up the DagBag from /home/airflow/.local/lib/python3.11/site-packages/airflow/example_dags/tutorial.py
[2024-11-18T20:53:42.866+0000] {processor.py:840} INFO - DAG(s) 'tutorial' retrieved from /home/airflow/.local/lib/python3.11/site-packages/airflow/example_dags/tutorial.py
[2024-11-18T20:53:42.884+0000] {logging_mixin.py:188} INFO - [2024-11-18T20:53:42.884+0000] {dag.py:3089} INFO - Sync 1 DAGs
[2024-11-18T20:53:42.904+0000] {logging_mixin.py:188} INFO - [2024-11-18T20:53:42.903+0000] {dag.py:3947} INFO - Setting next_dagrun for tutorial to 2024-11-17 00:00:00+00:00, run_after=2024-11-18 00:00:00+00:00
[2024-11-18T20:53:42.921+0000] {processor.py:183} INFO - Processing /home/airflow/.local/lib/python3.11/site-packages/airflow/example_dags/tutorial.py took 0.067 seconds
[2024-11-18T20:54:13.274+0000] {processor.py:161} INFO - Started process (PID=477) to work on /home/airflow/.local/lib/python3.11/site-packages/airflow/example_dags/tutorial.py
[2024-11-18T20:54:13.275+0000] {processor.py:830} INFO - Processing file /home/airflow/.local/lib/python3.11/site-packages/airflow/example_dags/tutorial.py for tasks to queue
[2024-11-18T20:54:13.277+0000] {logging_mixin.py:188} INFO - [2024-11-18T20:54:13.277+0000] {dagbag.py:545} INFO - Filling up the DagBag from /home/airflow/.local/lib/python3.11/site-packages/airflow/example_dags/tutorial.py
[2024-11-18T20:54:13.284+0000] {processor.py:840} INFO - DAG(s) 'tutorial' retrieved from /home/airflow/.local/lib/python3.11/site-packages/airflow/example_dags/tutorial.py
[2024-11-18T20:54:13.303+0000] {logging_mixin.py:188} INFO - [2024-11-18T20:54:13.303+0000] {dag.py:3089} INFO - Sync 1 DAGs
[2024-11-18T20:54:13.324+0000] {logging_mixin.py:188} INFO - [2024-11-18T20:54:13.324+0000] {dag.py:3947} INFO - Setting next_dagrun for tutorial to 2024-11-17 00:00:00+00:00, run_after=2024-11-18 00:00:00+00:00
[2024-11-18T20:54:13.345+0000] {processor.py:183} INFO - Processing /home/airflow/.local/lib/python3.11/site-packages/airflow/example_dags/tutorial.py took 0.077 seconds
[2024-11-18T20:54:43.607+0000] {processor.py:161} INFO - Started process (PID=536) to work on /home/airflow/.local/lib/python3.11/site-packages/airflow/example_dags/tutorial.py
[2024-11-18T20:54:43.608+0000] {processor.py:830} INFO - Processing file /home/airflow/.local/lib/python3.11/site-packages/airflow/example_dags/tutorial.py for tasks to queue
[2024-11-18T20:54:43.611+0000] {logging_mixin.py:188} INFO - [2024-11-18T20:54:43.611+0000] {dagbag.py:545} INFO - Filling up the DagBag from /home/airflow/.local/lib/python3.11/site-packages/airflow/example_dags/tutorial.py
[2024-11-18T20:54:43.618+0000] {processor.py:840} INFO - DAG(s) 'tutorial' retrieved from /home/airflow/.local/lib/python3.11/site-packages/airflow/example_dags/tutorial.py
[2024-11-18T20:54:43.644+0000] {logging_mixin.py:188} INFO - [2024-11-18T20:54:43.643+0000] {dag.py:3089} INFO - Sync 1 DAGs
[2024-11-18T20:54:43.669+0000] {logging_mixin.py:188} INFO - [2024-11-18T20:54:43.668+0000] {dag.py:3947} INFO - Setting next_dagrun for tutorial to 2024-11-17 00:00:00+00:00, run_after=2024-11-18 00:00:00+00:00
[2024-11-18T20:54:43.693+0000] {processor.py:183} INFO - Processing /home/airflow/.local/lib/python3.11/site-packages/airflow/example_dags/tutorial.py took 0.094 seconds
[2024-11-18T20:55:14.177+0000] {processor.py:161} INFO - Started process (PID=595) to work on /home/airflow/.local/lib/python3.11/site-packages/airflow/example_dags/tutorial.py
[2024-11-18T20:55:14.178+0000] {processor.py:830} INFO - Processing file /home/airflow/.local/lib/python3.11/site-packages/airflow/example_dags/tutorial.py for tasks to queue
[2024-11-18T20:55:14.180+0000] {logging_mixin.py:188} INFO - [2024-11-18T20:55:14.180+0000] {dagbag.py:545} INFO - Filling up the DagBag from /home/airflow/.local/lib/python3.11/site-packages/airflow/example_dags/tutorial.py
[2024-11-18T20:55:14.188+0000] {processor.py:840} INFO - DAG(s) 'tutorial' retrieved from /home/airflow/.local/lib/python3.11/site-packages/airflow/example_dags/tutorial.py
[2024-11-18T20:55:14.212+0000] {logging_mixin.py:188} INFO - [2024-11-18T20:55:14.211+0000] {dag.py:3089} INFO - Sync 1 DAGs
[2024-11-18T20:55:14.231+0000] {logging_mixin.py:188} INFO - [2024-11-18T20:55:14.231+0000] {dag.py:3947} INFO - Setting next_dagrun for tutorial to 2024-11-17 00:00:00+00:00, run_after=2024-11-18 00:00:00+00:00
[2024-11-18T20:55:14.250+0000] {processor.py:183} INFO - Processing /home/airflow/.local/lib/python3.11/site-packages/airflow/example_dags/tutorial.py took 0.081 seconds
[2024-11-18T20:55:45.138+0000] {processor.py:161} INFO - Started process (PID=654) to work on /home/airflow/.local/lib/python3.11/site-packages/airflow/example_dags/tutorial.py
[2024-11-18T20:55:45.140+0000] {processor.py:830} INFO - Processing file /home/airflow/.local/lib/python3.11/site-packages/airflow/example_dags/tutorial.py for tasks to queue
[2024-11-18T20:55:45.143+0000] {logging_mixin.py:188} INFO - [2024-11-18T20:55:45.141+0000] {dagbag.py:545} INFO - Filling up the DagBag from /home/airflow/.local/lib/python3.11/site-packages/airflow/example_dags/tutorial.py
[2024-11-18T20:55:45.149+0000] {processor.py:840} INFO - DAG(s) 'tutorial' retrieved from /home/airflow/.local/lib/python3.11/site-packages/airflow/example_dags/tutorial.py
[2024-11-18T20:55:45.170+0000] {logging_mixin.py:188} INFO - [2024-11-18T20:55:45.170+0000] {dag.py:3089} INFO - Sync 1 DAGs
[2024-11-18T20:55:45.195+0000] {logging_mixin.py:188} INFO - [2024-11-18T20:55:45.195+0000] {dag.py:3947} INFO - Setting next_dagrun for tutorial to 2024-11-17 00:00:00+00:00, run_after=2024-11-18 00:00:00+00:00
[2024-11-18T20:55:45.219+0000] {processor.py:183} INFO - Processing /home/airflow/.local/lib/python3.11/site-packages/airflow/example_dags/tutorial.py took 0.087 seconds
[2024-11-18T20:56:15.649+0000] {processor.py:161} INFO - Started process (PID=713) to work on /home/airflow/.local/lib/python3.11/site-packages/airflow/example_dags/tutorial.py
[2024-11-18T20:56:15.650+0000] {processor.py:830} INFO - Processing file /home/airflow/.local/lib/python3.11/site-packages/airflow/example_dags/tutorial.py for tasks to queue
[2024-11-18T20:56:15.652+0000] {logging_mixin.py:188} INFO - [2024-11-18T20:56:15.651+0000] {dagbag.py:545} INFO - Filling up the DagBag from /home/airflow/.local/lib/python3.11/site-packages/airflow/example_dags/tutorial.py
[2024-11-18T20:56:15.658+0000] {processor.py:840} INFO - DAG(s) 'tutorial' retrieved from /home/airflow/.local/lib/python3.11/site-packages/airflow/example_dags/tutorial.py
[2024-11-18T20:56:15.677+0000] {logging_mixin.py:188} INFO - [2024-11-18T20:56:15.676+0000] {dag.py:3089} INFO - Sync 1 DAGs
[2024-11-18T20:56:15.698+0000] {logging_mixin.py:188} INFO - [2024-11-18T20:56:15.698+0000] {dag.py:3947} INFO - Setting next_dagrun for tutorial to 2024-11-17 00:00:00+00:00, run_after=2024-11-18 00:00:00+00:00
[2024-11-18T20:56:15.722+0000] {processor.py:183} INFO - Processing /home/airflow/.local/lib/python3.11/site-packages/airflow/example_dags/tutorial.py took 0.078 seconds
[2024-11-18T20:56:46.186+0000] {processor.py:161} INFO - Started process (PID=772) to work on /home/airflow/.local/lib/python3.11/site-packages/airflow/example_dags/tutorial.py
[2024-11-18T20:56:46.187+0000] {processor.py:830} INFO - Processing file /home/airflow/.local/lib/python3.11/site-packages/airflow/example_dags/tutorial.py for tasks to queue
[2024-11-18T20:56:46.190+0000] {logging_mixin.py:188} INFO - [2024-11-18T20:56:46.189+0000] {dagbag.py:545} INFO - Filling up the DagBag from /home/airflow/.local/lib/python3.11/site-packages/airflow/example_dags/tutorial.py
[2024-11-18T20:56:46.197+0000] {processor.py:840} INFO - DAG(s) 'tutorial' retrieved from /home/airflow/.local/lib/python3.11/site-packages/airflow/example_dags/tutorial.py
[2024-11-18T20:56:46.219+0000] {logging_mixin.py:188} INFO - [2024-11-18T20:56:46.219+0000] {dag.py:3089} INFO - Sync 1 DAGs
[2024-11-18T20:56:46.240+0000] {logging_mixin.py:188} INFO - [2024-11-18T20:56:46.240+0000] {dag.py:3947} INFO - Setting next_dagrun for tutorial to 2024-11-17 00:00:00+00:00, run_after=2024-11-18 00:00:00+00:00
[2024-11-18T20:56:46.258+0000] {processor.py:183} INFO - Processing /home/airflow/.local/lib/python3.11/site-packages/airflow/example_dags/tutorial.py took 0.079 seconds
[2024-11-18T20:57:16.559+0000] {processor.py:161} INFO - Started process (PID=831) to work on /home/airflow/.local/lib/python3.11/site-packages/airflow/example_dags/tutorial.py
[2024-11-18T20:57:16.561+0000] {processor.py:830} INFO - Processing file /home/airflow/.local/lib/python3.11/site-packages/airflow/example_dags/tutorial.py for tasks to queue
[2024-11-18T20:57:16.565+0000] {logging_mixin.py:188} INFO - [2024-11-18T20:57:16.564+0000] {dagbag.py:545} INFO - Filling up the DagBag from /home/airflow/.local/lib/python3.11/site-packages/airflow/example_dags/tutorial.py
[2024-11-18T20:57:16.572+0000] {processor.py:840} INFO - DAG(s) 'tutorial' retrieved from /home/airflow/.local/lib/python3.11/site-packages/airflow/example_dags/tutorial.py
[2024-11-18T20:57:16.598+0000] {logging_mixin.py:188} INFO - [2024-11-18T20:57:16.598+0000] {dag.py:3089} INFO - Sync 1 DAGs
[2024-11-18T20:57:16.627+0000] {logging_mixin.py:188} INFO - [2024-11-18T20:57:16.627+0000] {dag.py:3947} INFO - Setting next_dagrun for tutorial to 2024-11-17 00:00:00+00:00, run_after=2024-11-18 00:00:00+00:00
[2024-11-18T20:57:16.652+0000] {processor.py:183} INFO - Processing /home/airflow/.local/lib/python3.11/site-packages/airflow/example_dags/tutorial.py took 0.102 seconds
[2024-11-18T20:57:46.779+0000] {processor.py:161} INFO - Started process (PID=890) to work on /home/airflow/.local/lib/python3.11/site-packages/airflow/example_dags/tutorial.py
[2024-11-18T20:57:46.780+0000] {processor.py:830} INFO - Processing file /home/airflow/.local/lib/python3.11/site-packages/airflow/example_dags/tutorial.py for tasks to queue
[2024-11-18T20:57:46.782+0000] {logging_mixin.py:188} INFO - [2024-11-18T20:57:46.781+0000] {dagbag.py:545} INFO - Filling up the DagBag from /home/airflow/.local/lib/python3.11/site-packages/airflow/example_dags/tutorial.py
[2024-11-18T20:57:46.788+0000] {processor.py:840} INFO - DAG(s) 'tutorial' retrieved from /home/airflow/.local/lib/python3.11/site-packages/airflow/example_dags/tutorial.py
[2024-11-18T20:57:46.809+0000] {logging_mixin.py:188} INFO - [2024-11-18T20:57:46.808+0000] {dag.py:3089} INFO - Sync 1 DAGs
[2024-11-18T20:57:46.828+0000] {logging_mixin.py:188} INFO - [2024-11-18T20:57:46.828+0000] {dag.py:3947} INFO - Setting next_dagrun for tutorial to 2024-11-17 00:00:00+00:00, run_after=2024-11-18 00:00:00+00:00
[2024-11-18T20:57:46.847+0000] {processor.py:183} INFO - Processing /home/airflow/.local/lib/python3.11/site-packages/airflow/example_dags/tutorial.py took 0.074 seconds
[2024-11-18T20:58:17.115+0000] {processor.py:161} INFO - Started process (PID=949) to work on /home/airflow/.local/lib/python3.11/site-packages/airflow/example_dags/tutorial.py
[2024-11-18T20:58:17.116+0000] {processor.py:830} INFO - Processing file /home/airflow/.local/lib/python3.11/site-packages/airflow/example_dags/tutorial.py for tasks to queue
[2024-11-18T20:58:17.118+0000] {logging_mixin.py:188} INFO - [2024-11-18T20:58:17.117+0000] {dagbag.py:545} INFO - Filling up the DagBag from /home/airflow/.local/lib/python3.11/site-packages/airflow/example_dags/tutorial.py
[2024-11-18T20:58:17.123+0000] {processor.py:840} INFO - DAG(s) 'tutorial' retrieved from /home/airflow/.local/lib/python3.11/site-packages/airflow/example_dags/tutorial.py
[2024-11-18T20:58:17.140+0000] {logging_mixin.py:188} INFO - [2024-11-18T20:58:17.140+0000] {dag.py:3089} INFO - Sync 1 DAGs
[2024-11-18T20:58:17.159+0000] {logging_mixin.py:188} INFO - [2024-11-18T20:58:17.159+0000] {dag.py:3947} INFO - Setting next_dagrun for tutorial to 2024-11-17 00:00:00+00:00, run_after=2024-11-18 00:00:00+00:00
[2024-11-18T20:58:17.175+0000] {processor.py:183} INFO - Processing /home/airflow/.local/lib/python3.11/site-packages/airflow/example_dags/tutorial.py took 0.065 seconds
[2024-11-18T20:58:47.466+0000] {processor.py:161} INFO - Started process (PID=1008) to work on /home/airflow/.local/lib/python3.11/site-packages/airflow/example_dags/tutorial.py
[2024-11-18T20:58:47.467+0000] {processor.py:830} INFO - Processing file /home/airflow/.local/lib/python3.11/site-packages/airflow/example_dags/tutorial.py for tasks to queue
[2024-11-18T20:58:47.469+0000] {logging_mixin.py:188} INFO - [2024-11-18T20:58:47.469+0000] {dagbag.py:545} INFO - Filling up the DagBag from /home/airflow/.local/lib/python3.11/site-packages/airflow/example_dags/tutorial.py
[2024-11-18T20:58:47.475+0000] {processor.py:840} INFO - DAG(s) 'tutorial' retrieved from /home/airflow/.local/lib/python3.11/site-packages/airflow/example_dags/tutorial.py
[2024-11-18T20:58:47.498+0000] {logging_mixin.py:188} INFO - [2024-11-18T20:58:47.498+0000] {dag.py:3089} INFO - Sync 1 DAGs
[2024-11-18T20:58:47.519+0000] {logging_mixin.py:188} INFO - [2024-11-18T20:58:47.519+0000] {dag.py:3947} INFO - Setting next_dagrun for tutorial to 2024-11-17 00:00:00+00:00, run_after=2024-11-18 00:00:00+00:00
[2024-11-18T20:58:47.540+0000] {processor.py:183} INFO - Processing /home/airflow/.local/lib/python3.11/site-packages/airflow/example_dags/tutorial.py took 0.080 seconds
