[2024-11-18T16:40:21.215+0000] {local_task_job_runner.py:120} INFO - ::group::Pre task execution logs
[2024-11-18T16:40:21.244+0000] {taskinstance.py:2076} INFO - Dependencies all met for dep_context=non-requeueable deps ti=<TaskInstance: spark_dag.spark_task scheduled__2024-11-15T00:00:00+00:00 [queued]>
[2024-11-18T16:40:21.256+0000] {taskinstance.py:2076} INFO - Dependencies all met for dep_context=requeueable deps ti=<TaskInstance: spark_dag.spark_task scheduled__2024-11-15T00:00:00+00:00 [queued]>
[2024-11-18T16:40:21.256+0000] {taskinstance.py:2306} INFO - Starting attempt 2 of 2
[2024-11-18T16:40:21.273+0000] {taskinstance.py:2330} INFO - Executing <Task(SparkSubmitOperator): spark_task> on 2024-11-15 00:00:00+00:00
[2024-11-18T16:40:21.286+0000] {standard_task_runner.py:64} INFO - Started process 1631 to run task
[2024-11-18T16:40:21.296+0000] {standard_task_runner.py:90} INFO - Running: ['***', 'tasks', 'run', 'spark_dag', 'spark_task', 'scheduled__2024-11-15T00:00:00+00:00', '--job-id', '753', '--raw', '--subdir', 'DAGS_FOLDER/spark_dag.py', '--cfg-path', '/tmp/tmptm_pb6rn']
[2024-11-18T16:40:21.303+0000] {standard_task_runner.py:91} INFO - Job 753: Subtask spark_task
[2024-11-18T16:40:21.371+0000] {task_command.py:426} INFO - Running <TaskInstance: spark_dag.spark_task scheduled__2024-11-15T00:00:00+00:00 [running]> on host faf83eb57c9b
[2024-11-18T16:40:21.502+0000] {taskinstance.py:2648} INFO - Exporting env vars: AIRFLOW_CTX_DAG_OWNER='***' AIRFLOW_CTX_DAG_ID='spark_dag' AIRFLOW_CTX_TASK_ID='spark_task' AIRFLOW_CTX_EXECUTION_DATE='2024-11-15T00:00:00+00:00' AIRFLOW_CTX_TRY_NUMBER='2' AIRFLOW_CTX_DAG_RUN_ID='scheduled__2024-11-15T00:00:00+00:00'
[2024-11-18T16:40:21.511+0000] {taskinstance.py:430} INFO - ::endgroup::
[2024-11-18T16:40:21.539+0000] {base.py:84} INFO - Using connection ID 'spark_default' for task execution.
[2024-11-18T16:40:21.540+0000] {spark_submit.py:473} INFO - Spark-Submit cmd: spark-submit --master spark://spark:7077 --name arrow-spark --deploy-mode client /opt/***/dags/spark_job.py
[2024-11-18T16:40:26.006+0000] {spark_submit.py:634} INFO - python3: can't open file '/opt/***/dags/spark_job.py': [Errno 2] No such file or directory
[2024-11-18T16:40:26.032+0000] {spark_submit.py:634} INFO - 24/11/18 16:40:26 INFO ShutdownHookManager: Shutdown hook called
[2024-11-18T16:40:26.038+0000] {spark_submit.py:634} INFO - 24/11/18 16:40:26 INFO ShutdownHookManager: Deleting directory /tmp/spark-fe6d59a4-3603-4a97-8d27-f228261dd8ff
[2024-11-18T16:40:26.086+0000] {taskinstance.py:441} INFO - ::group::Post task execution logs
[2024-11-18T16:40:26.098+0000] {taskinstance.py:2905} ERROR - Task failed with exception
Traceback (most recent call last):
  File "/home/airflow/.local/lib/python3.11/site-packages/airflow/models/taskinstance.py", line 465, in _execute_task
    result = _execute_callable(context=context, **execute_callable_kwargs)
             ^^^^^^^^^^^^^^^^^^^^^^^^^^^^^^^^^^^^^^^^^^^^^^^^^^^^^^^^^^^^^
  File "/home/airflow/.local/lib/python3.11/site-packages/airflow/models/taskinstance.py", line 432, in _execute_callable
    return execute_callable(context=context, **execute_callable_kwargs)
           ^^^^^^^^^^^^^^^^^^^^^^^^^^^^^^^^^^^^^^^^^^^^^^^^^^^^^^^^^^^^
  File "/home/airflow/.local/lib/python3.11/site-packages/airflow/models/baseoperator.py", line 401, in wrapper
    return func(self, *args, **kwargs)
           ^^^^^^^^^^^^^^^^^^^^^^^^^^^
  File "/home/airflow/.local/lib/python3.11/site-packages/airflow/providers/apache/spark/operators/spark_submit.py", line 176, in execute
    self._hook.submit(self.application)
  File "/home/airflow/.local/lib/python3.11/site-packages/airflow/providers/apache/spark/hooks/spark_submit.py", line 560, in submit
    raise AirflowException(
airflow.exceptions.AirflowException: Cannot execute: spark-submit --master spark://spark:7077 --name arrow-spark --deploy-mode client /opt/***/dags/spark_job.py. Error code is: 2.
[2024-11-18T16:40:26.104+0000] {taskinstance.py:1206} INFO - Marking task as FAILED. dag_id=spark_dag, task_id=spark_task, run_id=scheduled__2024-11-15T00:00:00+00:00, execution_date=20241115T000000, start_date=20241118T164021, end_date=20241118T164026
[2024-11-18T16:40:26.122+0000] {standard_task_runner.py:110} ERROR - Failed to execute job 753 for task spark_task (Cannot execute: spark-submit --master spark://spark:7077 --name arrow-spark --deploy-mode client /opt/***/dags/spark_job.py. Error code is: 2.; 1631)
[2024-11-18T16:40:26.171+0000] {local_task_job_runner.py:243} INFO - Task exited with return code 1
[2024-11-18T16:40:26.190+0000] {taskinstance.py:3503} INFO - 0 downstream tasks scheduled from follow-on schedule check
[2024-11-18T16:40:26.194+0000] {local_task_job_runner.py:222} INFO - ::endgroup::
