[2024-11-18T17:47:38.468+0000] {local_task_job_runner.py:120} INFO - ::group::Pre task execution logs
[2024-11-18T17:47:38.540+0000] {taskinstance.py:2076} INFO - Dependencies all met for dep_context=non-requeueable deps ti=<TaskInstance: spark_dag.spark_task scheduled__2024-05-11T00:00:00+00:00 [queued]>
[2024-11-18T17:47:38.567+0000] {taskinstance.py:2076} INFO - Dependencies all met for dep_context=requeueable deps ti=<TaskInstance: spark_dag.spark_task scheduled__2024-05-11T00:00:00+00:00 [queued]>
[2024-11-18T17:47:38.572+0000] {taskinstance.py:2306} INFO - Starting attempt 2 of 2
[2024-11-18T17:47:38.617+0000] {taskinstance.py:2330} INFO - Executing <Task(SparkSubmitOperator): spark_task> on 2024-05-11 00:00:00+00:00
[2024-11-18T17:47:38.634+0000] {standard_task_runner.py:64} INFO - Started process 203 to run task
[2024-11-18T17:47:38.648+0000] {standard_task_runner.py:90} INFO - Running: ['***', 'tasks', 'run', 'spark_dag', 'spark_task', 'scheduled__2024-05-11T00:00:00+00:00', '--job-id', '646', '--raw', '--subdir', 'DAGS_FOLDER/spark_dag.py', '--cfg-path', '/tmp/tmpo3ysbrs0']
[2024-11-18T17:47:38.665+0000] {standard_task_runner.py:91} INFO - Job 646: Subtask spark_task
[2024-11-18T17:47:38.781+0000] {task_command.py:426} INFO - Running <TaskInstance: spark_dag.spark_task scheduled__2024-05-11T00:00:00+00:00 [running]> on host 3fa30a842a1c
[2024-11-18T17:47:38.974+0000] {taskinstance.py:2648} INFO - Exporting env vars: AIRFLOW_CTX_DAG_OWNER='***' AIRFLOW_CTX_DAG_ID='spark_dag' AIRFLOW_CTX_TASK_ID='spark_task' AIRFLOW_CTX_EXECUTION_DATE='2024-05-11T00:00:00+00:00' AIRFLOW_CTX_TRY_NUMBER='2' AIRFLOW_CTX_DAG_RUN_ID='scheduled__2024-05-11T00:00:00+00:00'
[2024-11-18T17:47:38.977+0000] {taskinstance.py:430} INFO - ::endgroup::
[2024-11-18T17:47:38.994+0000] {base.py:84} INFO - Using connection ID 'spark_default' for task execution.
[2024-11-18T17:47:38.998+0000] {spark_submit.py:473} INFO - Spark-Submit cmd: spark-submit --master spark://spark:7077 --name arrow-spark --deploy-mode client /opt/***/dags/spark_job.py
[2024-11-18T17:47:47.999+0000] {spark_submit.py:634} INFO - 24/11/18 17:47:47 INFO SparkContext: Running Spark version 3.5.3
[2024-11-18T17:47:48.008+0000] {spark_submit.py:634} INFO - 24/11/18 17:47:48 INFO SparkContext: OS info Linux, 5.15.153.1-microsoft-standard-WSL2, amd64
[2024-11-18T17:47:48.015+0000] {spark_submit.py:634} INFO - 24/11/18 17:47:48 INFO SparkContext: Java version 17.0.12
[2024-11-18T17:47:48.342+0000] {spark_submit.py:634} INFO - 24/11/18 17:47:48 WARN NativeCodeLoader: Unable to load native-hadoop library for your platform... using builtin-java classes where applicable
[2024-11-18T17:47:48.753+0000] {spark_submit.py:634} INFO - 24/11/18 17:47:48 INFO ResourceUtils: ==============================================================
[2024-11-18T17:47:48.756+0000] {spark_submit.py:634} INFO - 24/11/18 17:47:48 INFO ResourceUtils: No custom resources configured for spark.driver.
[2024-11-18T17:47:48.762+0000] {spark_submit.py:634} INFO - 24/11/18 17:47:48 INFO ResourceUtils: ==============================================================
[2024-11-18T17:47:48.765+0000] {spark_submit.py:634} INFO - 24/11/18 17:47:48 INFO SparkContext: Submitted application: Airflow Spark Job
[2024-11-18T17:47:48.858+0000] {spark_submit.py:634} INFO - 24/11/18 17:47:48 INFO ResourceProfile: Default ResourceProfile created, executor resources: Map(memory -> name: memory, amount: 1024, script: , vendor: , offHeap -> name: offHeap, amount: 0, script: , vendor: ), task resources: Map(cpus -> name: cpus, amount: 1.0)
[2024-11-18T17:47:48.904+0000] {spark_submit.py:634} INFO - 24/11/18 17:47:48 INFO ResourceProfile: Limiting resource is cpu
[2024-11-18T17:47:48.908+0000] {spark_submit.py:634} INFO - 24/11/18 17:47:48 INFO ResourceProfileManager: Added ResourceProfile id: 0
[2024-11-18T17:47:49.360+0000] {spark_submit.py:634} INFO - 24/11/18 17:47:49 INFO SecurityManager: Changing view acls to: ***
[2024-11-18T17:47:49.373+0000] {spark_submit.py:634} INFO - 24/11/18 17:47:49 INFO SecurityManager: Changing modify acls to: ***
[2024-11-18T17:47:49.381+0000] {spark_submit.py:634} INFO - 24/11/18 17:47:49 INFO SecurityManager: Changing view acls groups to:
[2024-11-18T17:47:49.386+0000] {spark_submit.py:634} INFO - 24/11/18 17:47:49 INFO SecurityManager: Changing modify acls groups to:
[2024-11-18T17:47:49.394+0000] {spark_submit.py:634} INFO - 24/11/18 17:47:49 INFO SecurityManager: SecurityManager: authentication disabled; ui acls disabled; users with view permissions: ***; groups with view permissions: EMPTY; users with modify permissions: ***; groups with modify permissions: EMPTY
[2024-11-18T17:47:51.151+0000] {spark_submit.py:634} INFO - 24/11/18 17:47:51 INFO Utils: Successfully started service 'sparkDriver' on port 36465.
[2024-11-18T17:47:51.568+0000] {spark_submit.py:634} INFO - 24/11/18 17:47:51 INFO SparkEnv: Registering MapOutputTracker
[2024-11-18T17:47:51.996+0000] {spark_submit.py:634} INFO - 24/11/18 17:47:51 INFO SparkEnv: Registering BlockManagerMaster
[2024-11-18T17:47:52.232+0000] {spark_submit.py:634} INFO - 24/11/18 17:47:52 INFO BlockManagerMasterEndpoint: Using org.apache.spark.storage.DefaultTopologyMapper for getting topology information
[2024-11-18T17:47:52.234+0000] {spark_submit.py:634} INFO - 24/11/18 17:47:52 INFO BlockManagerMasterEndpoint: BlockManagerMasterEndpoint up
[2024-11-18T17:47:52.377+0000] {spark_submit.py:634} INFO - 24/11/18 17:47:52 INFO SparkEnv: Registering BlockManagerMasterHeartbeat
[2024-11-18T17:47:52.560+0000] {spark_submit.py:634} INFO - 24/11/18 17:47:52 INFO DiskBlockManager: Created local directory at /tmp/blockmgr-6844b176-ecba-4662-92b8-a2e8ee1a1687
[2024-11-18T17:47:52.811+0000] {spark_submit.py:634} INFO - 24/11/18 17:47:52 INFO MemoryStore: MemoryStore started with capacity 434.4 MiB
[2024-11-18T17:47:52.896+0000] {spark_submit.py:634} INFO - 24/11/18 17:47:52 INFO SparkEnv: Registering OutputCommitCoordinator
[2024-11-18T17:47:53.787+0000] {spark_submit.py:634} INFO - 24/11/18 17:47:53 INFO JettyUtils: Start Jetty 0.0.0.0:4040 for SparkUI
[2024-11-18T17:47:54.515+0000] {spark_submit.py:634} INFO - 24/11/18 17:47:54 WARN Utils: Service 'SparkUI' could not bind on port 4040. Attempting port 4041.
[2024-11-18T17:47:54.520+0000] {spark_submit.py:634} INFO - 24/11/18 17:47:54 WARN Utils: Service 'SparkUI' could not bind on port 4041. Attempting port 4042.
[2024-11-18T17:47:54.642+0000] {spark_submit.py:634} INFO - 24/11/18 17:47:54 INFO Utils: Successfully started service 'SparkUI' on port 4042.
[2024-11-18T17:47:55.710+0000] {spark_submit.py:634} INFO - 24/11/18 17:47:55 INFO StandaloneAppClient$ClientEndpoint: Connecting to master spark://spark:7077...
[2024-11-18T17:47:56.314+0000] {spark_submit.py:634} INFO - 24/11/18 17:47:56 INFO TransportClientFactory: Successfully created connection to spark/172.19.0.4:7077 after 343 ms (0 ms spent in bootstraps)
[2024-11-18T17:47:57.737+0000] {spark_submit.py:634} INFO - 24/11/18 17:47:57 INFO StandaloneSchedulerBackend: Connected to Spark cluster with app ID app-20241118174757-0002
[2024-11-18T17:47:57.861+0000] {spark_submit.py:634} INFO - 24/11/18 17:47:57 INFO Utils: Successfully started service 'org.apache.spark.network.netty.NettyBlockTransferService' on port 35097.
[2024-11-18T17:47:57.864+0000] {spark_submit.py:634} INFO - 24/11/18 17:47:57 INFO NettyBlockTransferService: Server created on 3fa30a842a1c:35097
[2024-11-18T17:47:57.873+0000] {spark_submit.py:634} INFO - 24/11/18 17:47:57 INFO BlockManager: Using org.apache.spark.storage.RandomBlockReplicationPolicy for block replication policy
[2024-11-18T17:47:57.951+0000] {spark_submit.py:634} INFO - 24/11/18 17:47:57 INFO BlockManagerMaster: Registering BlockManager BlockManagerId(driver, 3fa30a842a1c, 35097, None)
[2024-11-18T17:47:57.974+0000] {spark_submit.py:634} INFO - 24/11/18 17:47:57 INFO BlockManagerMasterEndpoint: Registering block manager 3fa30a842a1c:35097 with 434.4 MiB RAM, BlockManagerId(driver, 3fa30a842a1c, 35097, None)
[2024-11-18T17:47:57.984+0000] {spark_submit.py:634} INFO - 24/11/18 17:47:57 INFO BlockManagerMaster: Registered BlockManager BlockManagerId(driver, 3fa30a842a1c, 35097, None)
[2024-11-18T17:47:58.016+0000] {spark_submit.py:634} INFO - 24/11/18 17:47:58 INFO BlockManager: Initialized BlockManager: BlockManagerId(driver, 3fa30a842a1c, 35097, None)
[2024-11-18T17:48:00.921+0000] {spark_submit.py:634} INFO - 24/11/18 17:48:00 INFO StandaloneSchedulerBackend: SchedulerBackend is ready for scheduling beginning after reached minRegisteredResourcesRatio: 0.0
[2024-11-18T17:48:04.277+0000] {spark_submit.py:634} INFO - 24/11/18 17:48:04 INFO SharedState: Setting hive.metastore.warehouse.dir ('null') to the value of spark.sql.warehouse.dir.
[2024-11-18T17:48:04.318+0000] {spark_submit.py:634} INFO - 24/11/18 17:48:04 INFO SharedState: Warehouse path is 'file:/app/spark-warehouse'.
[2024-11-18T17:48:13.523+0000] {spark_submit.py:634} INFO - 24/11/18 17:48:13 INFO CodeGenerator: Code generated in 1013.748231 ms
[2024-11-18T17:48:13.615+0000] {spark_submit.py:634} INFO - 24/11/18 17:48:13 INFO SparkContext: Starting job: showString at NativeMethodAccessorImpl.java:0
[2024-11-18T17:48:13.739+0000] {spark_submit.py:634} INFO - 24/11/18 17:48:13 INFO DAGScheduler: Got job 0 (showString at NativeMethodAccessorImpl.java:0) with 1 output partitions
[2024-11-18T17:48:13.757+0000] {spark_submit.py:634} INFO - 24/11/18 17:48:13 INFO DAGScheduler: Final stage: ResultStage 0 (showString at NativeMethodAccessorImpl.java:0)
[2024-11-18T17:48:13.765+0000] {spark_submit.py:634} INFO - 24/11/18 17:48:13 INFO DAGScheduler: Parents of final stage: List()
[2024-11-18T17:48:13.787+0000] {spark_submit.py:634} INFO - 24/11/18 17:48:13 INFO DAGScheduler: Missing parents: List()
[2024-11-18T17:48:13.893+0000] {spark_submit.py:634} INFO - 24/11/18 17:48:13 INFO DAGScheduler: Submitting ResultStage 0 (MapPartitionsRDD[6] at showString at NativeMethodAccessorImpl.java:0), which has no missing parents
[2024-11-18T17:48:14.389+0000] {spark_submit.py:634} INFO - 24/11/18 17:48:14 INFO MemoryStore: Block broadcast_0 stored as values in memory (estimated size 13.1 KiB, free 434.4 MiB)
[2024-11-18T17:48:14.564+0000] {spark_submit.py:634} INFO - 24/11/18 17:48:14 INFO MemoryStore: Block broadcast_0_piece0 stored as bytes in memory (estimated size 6.8 KiB, free 434.4 MiB)
[2024-11-18T17:48:14.573+0000] {spark_submit.py:634} INFO - 24/11/18 17:48:14 INFO BlockManagerInfo: Added broadcast_0_piece0 in memory on 3fa30a842a1c:35097 (size: 6.8 KiB, free: 434.4 MiB)
[2024-11-18T17:48:14.588+0000] {spark_submit.py:634} INFO - 24/11/18 17:48:14 INFO SparkContext: Created broadcast 0 from broadcast at DAGScheduler.scala:1585
[2024-11-18T17:48:14.639+0000] {spark_submit.py:634} INFO - 24/11/18 17:48:14 INFO DAGScheduler: Submitting 1 missing tasks from ResultStage 0 (MapPartitionsRDD[6] at showString at NativeMethodAccessorImpl.java:0) (first 15 tasks are for partitions Vector(0))
[2024-11-18T17:48:14.648+0000] {spark_submit.py:634} INFO - 24/11/18 17:48:14 INFO TaskSchedulerImpl: Adding task set 0.0 with 1 tasks resource profile 0
[2024-11-18T17:48:25.672+0000] {spark_submit.py:634} INFO - 24/11/18 17:48:25 INFO StandaloneAppClient$ClientEndpoint: Executor added: app-20241118174757-0002/0 on worker-20241118174417-172.19.0.6-36637 (172.19.0.6:36637) with 1 core(s)
[2024-11-18T17:48:25.703+0000] {spark_submit.py:634} INFO - 24/11/18 17:48:25 INFO StandaloneSchedulerBackend: Granted executor ID app-20241118174757-0002/0 on hostPort 172.19.0.6:36637 with 1 core(s), 1024.0 MiB RAM
[2024-11-18T17:48:25.705+0000] {spark_submit.py:634} INFO - 24/11/18 17:48:25 INFO StandaloneAppClient$ClientEndpoint: Executor added: app-20241118174757-0002/1 on worker-20241118174417-172.19.0.5-35145 (172.19.0.5:35145) with 1 core(s)
[2024-11-18T17:48:25.709+0000] {spark_submit.py:634} INFO - 24/11/18 17:48:25 INFO StandaloneSchedulerBackend: Granted executor ID app-20241118174757-0002/1 on hostPort 172.19.0.5:35145 with 1 core(s), 1024.0 MiB RAM
[2024-11-18T17:48:25.972+0000] {spark_submit.py:634} INFO - 24/11/18 17:48:25 INFO StandaloneAppClient$ClientEndpoint: Executor updated: app-20241118174757-0002/0 is now RUNNING
[2024-11-18T17:48:25.979+0000] {spark_submit.py:634} INFO - 24/11/18 17:48:25 INFO StandaloneAppClient$ClientEndpoint: Executor updated: app-20241118174757-0002/1 is now RUNNING
[2024-11-18T17:48:29.729+0000] {spark_submit.py:634} INFO - 24/11/18 17:48:29 WARN TaskSchedulerImpl: Initial job has not accepted any resources; check your cluster UI to ensure that workers are registered and have sufficient resources
[2024-11-18T17:48:40.138+0000] {spark_submit.py:634} INFO - 24/11/18 17:48:40 INFO StandaloneSchedulerBackend$StandaloneDriverEndpoint: Registered executor NettyRpcEndpointRef(spark-client://Executor) (172.19.0.5:57958) with ID 1,  ResourceProfileId 0
[2024-11-18T17:48:40.229+0000] {spark_submit.py:634} INFO - 24/11/18 17:48:40 INFO StandaloneSchedulerBackend$StandaloneDriverEndpoint: Registered executor NettyRpcEndpointRef(spark-client://Executor) (172.19.0.6:52746) with ID 0,  ResourceProfileId 0
[2024-11-18T17:48:40.518+0000] {spark_submit.py:634} INFO - 24/11/18 17:48:40 INFO BlockManagerMasterEndpoint: Registering block manager 172.19.0.5:35323 with 434.4 MiB RAM, BlockManagerId(1, 172.19.0.5, 35323, None)
[2024-11-18T17:48:40.558+0000] {spark_submit.py:634} INFO - 24/11/18 17:48:40 INFO BlockManagerMasterEndpoint: Registering block manager 172.19.0.6:33909 with 434.4 MiB RAM, BlockManagerId(0, 172.19.0.6, 33909, None)
[2024-11-18T17:48:40.968+0000] {spark_submit.py:634} INFO - 24/11/18 17:48:40 INFO TaskSetManager: Starting task 0.0 in stage 0.0 (TID 0) (172.19.0.5, executor 1, partition 0, PROCESS_LOCAL, 9122 bytes)
[2024-11-18T17:48:41.417+0000] {spark_submit.py:634} INFO - 24/11/18 17:48:41 WARN TaskSetManager: Lost task 0.0 in stage 0.0 (TID 0) (172.19.0.5 executor 1): java.io.InvalidClassException: org.apache.spark.scheduler.Task; local class incompatible: stream classdesc serialVersionUID = -6188971942555435033, local class serialVersionUID = 553100815431272095
[2024-11-18T17:48:41.424+0000] {spark_submit.py:634} INFO - at java.base/java.io.ObjectStreamClass.initNonProxy(ObjectStreamClass.java:597)
[2024-11-18T17:48:41.428+0000] {spark_submit.py:634} INFO - at java.base/java.io.ObjectInputStream.readNonProxyDesc(ObjectInputStream.java:2051)
[2024-11-18T17:48:41.437+0000] {spark_submit.py:634} INFO - at java.base/java.io.ObjectInputStream.readClassDesc(ObjectInputStream.java:1898)
[2024-11-18T17:48:41.440+0000] {spark_submit.py:634} INFO - at java.base/java.io.ObjectInputStream.readNonProxyDesc(ObjectInputStream.java:2051)
[2024-11-18T17:48:41.453+0000] {spark_submit.py:634} INFO - at java.base/java.io.ObjectInputStream.readClassDesc(ObjectInputStream.java:1898)
[2024-11-18T17:48:41.468+0000] {spark_submit.py:634} INFO - at java.base/java.io.ObjectInputStream.readOrdinaryObject(ObjectInputStream.java:2224)
[2024-11-18T17:48:41.472+0000] {spark_submit.py:634} INFO - at java.base/java.io.ObjectInputStream.readObject0(ObjectInputStream.java:1733)
[2024-11-18T17:48:41.473+0000] {spark_submit.py:634} INFO - at java.base/java.io.ObjectInputStream.readObject(ObjectInputStream.java:509)
[2024-11-18T17:48:41.486+0000] {spark_submit.py:634} INFO - at java.base/java.io.ObjectInputStream.readObject(ObjectInputStream.java:467)
[2024-11-18T17:48:41.502+0000] {spark_submit.py:634} INFO - at org.apache.spark.serializer.JavaDeserializationStream.readObject(JavaSerializer.scala:87)
[2024-11-18T17:48:41.552+0000] {spark_submit.py:634} INFO - at org.apache.spark.serializer.JavaSerializerInstance.deserialize(JavaSerializer.scala:129)
[2024-11-18T17:48:41.573+0000] {spark_submit.py:634} INFO - at org.apache.spark.executor.Executor$TaskRunner.run(Executor.scala:579)
[2024-11-18T17:48:41.587+0000] {spark_submit.py:634} INFO - at java.base/java.util.concurrent.ThreadPoolExecutor.runWorker(ThreadPoolExecutor.java:1136)
[2024-11-18T17:48:41.608+0000] {spark_submit.py:634} INFO - at java.base/java.util.concurrent.ThreadPoolExecutor$Worker.run(ThreadPoolExecutor.java:635)
[2024-11-18T17:48:41.614+0000] {spark_submit.py:634} INFO - at java.base/java.lang.Thread.run(Thread.java:840)
[2024-11-18T17:48:41.627+0000] {spark_submit.py:634} INFO - 
[2024-11-18T17:48:41.629+0000] {spark_submit.py:634} INFO - 24/11/18 17:48:41 INFO TaskSetManager: Starting task 0.1 in stage 0.0 (TID 1) (172.19.0.5, executor 1, partition 0, PROCESS_LOCAL, 9122 bytes)
[2024-11-18T17:48:41.671+0000] {spark_submit.py:634} INFO - 24/11/18 17:48:41 INFO TaskSetManager: Lost task 0.1 in stage 0.0 (TID 1) on 172.19.0.5, executor 1: java.io.InvalidClassException (org.apache.spark.scheduler.Task; local class incompatible: stream classdesc serialVersionUID = -6188971942555435033, local class serialVersionUID = 553100815431272095) [duplicate 1]
[2024-11-18T17:48:41.686+0000] {spark_submit.py:634} INFO - 24/11/18 17:48:41 INFO TaskSetManager: Starting task 0.2 in stage 0.0 (TID 2) (172.19.0.6, executor 0, partition 0, PROCESS_LOCAL, 9122 bytes)
[2024-11-18T17:48:41.948+0000] {spark_submit.py:634} INFO - 24/11/18 17:48:41 INFO TaskSetManager: Lost task 0.2 in stage 0.0 (TID 2) on 172.19.0.6, executor 0: java.io.InvalidClassException (org.apache.spark.scheduler.Task; local class incompatible: stream classdesc serialVersionUID = -6188971942555435033, local class serialVersionUID = 553100815431272095) [duplicate 2]
[2024-11-18T17:48:41.951+0000] {spark_submit.py:634} INFO - 24/11/18 17:48:41 INFO TaskSetManager: Starting task 0.3 in stage 0.0 (TID 3) (172.19.0.6, executor 0, partition 0, PROCESS_LOCAL, 9122 bytes)
[2024-11-18T17:48:41.984+0000] {spark_submit.py:634} INFO - 24/11/18 17:48:41 INFO TaskSetManager: Lost task 0.3 in stage 0.0 (TID 3) on 172.19.0.6, executor 0: java.io.InvalidClassException (org.apache.spark.scheduler.Task; local class incompatible: stream classdesc serialVersionUID = -6188971942555435033, local class serialVersionUID = 553100815431272095) [duplicate 3]
[2024-11-18T17:48:41.990+0000] {spark_submit.py:634} INFO - 24/11/18 17:48:41 ERROR TaskSetManager: Task 0 in stage 0.0 failed 4 times; aborting job
[2024-11-18T17:48:41.996+0000] {spark_submit.py:634} INFO - 24/11/18 17:48:41 INFO TaskSchedulerImpl: Removed TaskSet 0.0, whose tasks have all completed, from pool
[2024-11-18T17:48:42.001+0000] {spark_submit.py:634} INFO - 24/11/18 17:48:41 INFO TaskSchedulerImpl: Cancelling stage 0
[2024-11-18T17:48:42.004+0000] {spark_submit.py:634} INFO - 24/11/18 17:48:41 INFO TaskSchedulerImpl: Killing all running tasks in stage 0: Stage cancelled: Job aborted due to stage failure: Task 0 in stage 0.0 failed 4 times, most recent failure: Lost task 0.3 in stage 0.0 (TID 3) (172.19.0.6 executor 0): java.io.InvalidClassException: org.apache.spark.scheduler.Task; local class incompatible: stream classdesc serialVersionUID = -6188971942555435033, local class serialVersionUID = 553100815431272095
[2024-11-18T17:48:42.005+0000] {spark_submit.py:634} INFO - at java.base/java.io.ObjectStreamClass.initNonProxy(ObjectStreamClass.java:597)
[2024-11-18T17:48:42.006+0000] {spark_submit.py:634} INFO - at java.base/java.io.ObjectInputStream.readNonProxyDesc(ObjectInputStream.java:2051)
[2024-11-18T17:48:42.006+0000] {spark_submit.py:634} INFO - at java.base/java.io.ObjectInputStream.readClassDesc(ObjectInputStream.java:1898)
[2024-11-18T17:48:42.013+0000] {spark_submit.py:634} INFO - at java.base/java.io.ObjectInputStream.readNonProxyDesc(ObjectInputStream.java:2051)
[2024-11-18T17:48:42.022+0000] {spark_submit.py:634} INFO - at java.base/java.io.ObjectInputStream.readClassDesc(ObjectInputStream.java:1898)
[2024-11-18T17:48:42.038+0000] {spark_submit.py:634} INFO - at java.base/java.io.ObjectInputStream.readOrdinaryObject(ObjectInputStream.java:2224)
[2024-11-18T17:48:42.039+0000] {spark_submit.py:634} INFO - at java.base/java.io.ObjectInputStream.readObject0(ObjectInputStream.java:1733)
[2024-11-18T17:48:42.041+0000] {spark_submit.py:634} INFO - at java.base/java.io.ObjectInputStream.readObject(ObjectInputStream.java:509)
[2024-11-18T17:48:42.046+0000] {spark_submit.py:634} INFO - at java.base/java.io.ObjectInputStream.readObject(ObjectInputStream.java:467)
[2024-11-18T17:48:42.051+0000] {spark_submit.py:634} INFO - at org.apache.spark.serializer.JavaDeserializationStream.readObject(JavaSerializer.scala:87)
[2024-11-18T17:48:42.052+0000] {spark_submit.py:634} INFO - at org.apache.spark.serializer.JavaSerializerInstance.deserialize(JavaSerializer.scala:129)
[2024-11-18T17:48:42.057+0000] {spark_submit.py:634} INFO - at org.apache.spark.executor.Executor$TaskRunner.run(Executor.scala:579)
[2024-11-18T17:48:42.060+0000] {spark_submit.py:634} INFO - at java.base/java.util.concurrent.ThreadPoolExecutor.runWorker(ThreadPoolExecutor.java:1136)
[2024-11-18T17:48:42.070+0000] {spark_submit.py:634} INFO - at java.base/java.util.concurrent.ThreadPoolExecutor$Worker.run(ThreadPoolExecutor.java:635)
[2024-11-18T17:48:42.072+0000] {spark_submit.py:634} INFO - at java.base/java.lang.Thread.run(Thread.java:840)
[2024-11-18T17:48:42.073+0000] {spark_submit.py:634} INFO - 
[2024-11-18T17:48:42.075+0000] {spark_submit.py:634} INFO - Driver stacktrace:
[2024-11-18T17:48:42.076+0000] {spark_submit.py:634} INFO - 24/11/18 17:48:42 INFO DAGScheduler: ResultStage 0 (showString at NativeMethodAccessorImpl.java:0) failed in 27.923 s due to Job aborted due to stage failure: Task 0 in stage 0.0 failed 4 times, most recent failure: Lost task 0.3 in stage 0.0 (TID 3) (172.19.0.6 executor 0): java.io.InvalidClassException: org.apache.spark.scheduler.Task; local class incompatible: stream classdesc serialVersionUID = -6188971942555435033, local class serialVersionUID = 553100815431272095
[2024-11-18T17:48:42.078+0000] {spark_submit.py:634} INFO - at java.base/java.io.ObjectStreamClass.initNonProxy(ObjectStreamClass.java:597)
[2024-11-18T17:48:42.078+0000] {spark_submit.py:634} INFO - at java.base/java.io.ObjectInputStream.readNonProxyDesc(ObjectInputStream.java:2051)
[2024-11-18T17:48:42.080+0000] {spark_submit.py:634} INFO - at java.base/java.io.ObjectInputStream.readClassDesc(ObjectInputStream.java:1898)
[2024-11-18T17:48:42.081+0000] {spark_submit.py:634} INFO - at java.base/java.io.ObjectInputStream.readNonProxyDesc(ObjectInputStream.java:2051)
[2024-11-18T17:48:42.084+0000] {spark_submit.py:634} INFO - at java.base/java.io.ObjectInputStream.readClassDesc(ObjectInputStream.java:1898)
[2024-11-18T17:48:42.084+0000] {spark_submit.py:634} INFO - at java.base/java.io.ObjectInputStream.readOrdinaryObject(ObjectInputStream.java:2224)
[2024-11-18T17:48:42.085+0000] {spark_submit.py:634} INFO - at java.base/java.io.ObjectInputStream.readObject0(ObjectInputStream.java:1733)
[2024-11-18T17:48:42.087+0000] {spark_submit.py:634} INFO - at java.base/java.io.ObjectInputStream.readObject(ObjectInputStream.java:509)
[2024-11-18T17:48:42.088+0000] {spark_submit.py:634} INFO - at java.base/java.io.ObjectInputStream.readObject(ObjectInputStream.java:467)
[2024-11-18T17:48:42.089+0000] {spark_submit.py:634} INFO - at org.apache.spark.serializer.JavaDeserializationStream.readObject(JavaSerializer.scala:87)
[2024-11-18T17:48:42.096+0000] {spark_submit.py:634} INFO - at org.apache.spark.serializer.JavaSerializerInstance.deserialize(JavaSerializer.scala:129)
[2024-11-18T17:48:42.100+0000] {spark_submit.py:634} INFO - at org.apache.spark.executor.Executor$TaskRunner.run(Executor.scala:579)
[2024-11-18T17:48:42.103+0000] {spark_submit.py:634} INFO - at java.base/java.util.concurrent.ThreadPoolExecutor.runWorker(ThreadPoolExecutor.java:1136)
[2024-11-18T17:48:42.105+0000] {spark_submit.py:634} INFO - at java.base/java.util.concurrent.ThreadPoolExecutor$Worker.run(ThreadPoolExecutor.java:635)
[2024-11-18T17:48:42.106+0000] {spark_submit.py:634} INFO - at java.base/java.lang.Thread.run(Thread.java:840)
[2024-11-18T17:48:42.107+0000] {spark_submit.py:634} INFO - 
[2024-11-18T17:48:42.108+0000] {spark_submit.py:634} INFO - Driver stacktrace:
[2024-11-18T17:48:42.109+0000] {spark_submit.py:634} INFO - 24/11/18 17:48:42 INFO DAGScheduler: Job 0 failed: showString at NativeMethodAccessorImpl.java:0, took 28.440162 s
[2024-11-18T17:48:42.805+0000] {spark_submit.py:634} INFO - Traceback (most recent call last):
[2024-11-18T17:48:42.807+0000] {spark_submit.py:634} INFO - File "/opt/***/dags/spark_job.py", line 16, in <module>
[2024-11-18T17:48:42.813+0000] {spark_submit.py:634} INFO - df.show()
[2024-11-18T17:48:42.817+0000] {spark_submit.py:634} INFO - File "/home/***/.local/lib/python3.11/site-packages/pyspark/python/lib/pyspark.zip/pyspark/sql/dataframe.py", line 947, in show
[2024-11-18T17:48:42.829+0000] {spark_submit.py:634} INFO - File "/home/***/.local/lib/python3.11/site-packages/pyspark/python/lib/pyspark.zip/pyspark/sql/dataframe.py", line 965, in _show_string
[2024-11-18T17:48:42.829+0000] {spark_submit.py:634} INFO - File "/home/***/.local/lib/python3.11/site-packages/pyspark/python/lib/py4j-0.10.9.7-src.zip/py4j/java_gateway.py", line 1322, in __call__
[2024-11-18T17:48:42.832+0000] {spark_submit.py:634} INFO - File "/home/***/.local/lib/python3.11/site-packages/pyspark/python/lib/pyspark.zip/pyspark/errors/exceptions/captured.py", line 179, in deco
[2024-11-18T17:48:42.833+0000] {spark_submit.py:634} INFO - File "/home/***/.local/lib/python3.11/site-packages/pyspark/python/lib/py4j-0.10.9.7-src.zip/py4j/protocol.py", line 326, in get_return_value
[2024-11-18T17:48:42.834+0000] {spark_submit.py:634} INFO - py4j.protocol.Py4JJavaError: An error occurred while calling o41.showString.
[2024-11-18T17:48:42.835+0000] {spark_submit.py:634} INFO - : org.apache.spark.SparkException: Job aborted due to stage failure: Task 0 in stage 0.0 failed 4 times, most recent failure: Lost task 0.3 in stage 0.0 (TID 3) (172.19.0.6 executor 0): java.io.InvalidClassException: org.apache.spark.scheduler.Task; local class incompatible: stream classdesc serialVersionUID = -6188971942555435033, local class serialVersionUID = 553100815431272095
[2024-11-18T17:48:42.836+0000] {spark_submit.py:634} INFO - at java.base/java.io.ObjectStreamClass.initNonProxy(ObjectStreamClass.java:597)
[2024-11-18T17:48:42.837+0000] {spark_submit.py:634} INFO - at java.base/java.io.ObjectInputStream.readNonProxyDesc(ObjectInputStream.java:2051)
[2024-11-18T17:48:42.838+0000] {spark_submit.py:634} INFO - at java.base/java.io.ObjectInputStream.readClassDesc(ObjectInputStream.java:1898)
[2024-11-18T17:48:42.840+0000] {spark_submit.py:634} INFO - at java.base/java.io.ObjectInputStream.readNonProxyDesc(ObjectInputStream.java:2051)
[2024-11-18T17:48:42.842+0000] {spark_submit.py:634} INFO - at java.base/java.io.ObjectInputStream.readClassDesc(ObjectInputStream.java:1898)
[2024-11-18T17:48:42.853+0000] {spark_submit.py:634} INFO - at java.base/java.io.ObjectInputStream.readOrdinaryObject(ObjectInputStream.java:2224)
[2024-11-18T17:48:42.855+0000] {spark_submit.py:634} INFO - at java.base/java.io.ObjectInputStream.readObject0(ObjectInputStream.java:1733)
[2024-11-18T17:48:42.856+0000] {spark_submit.py:634} INFO - at java.base/java.io.ObjectInputStream.readObject(ObjectInputStream.java:509)
[2024-11-18T17:48:42.859+0000] {spark_submit.py:634} INFO - at java.base/java.io.ObjectInputStream.readObject(ObjectInputStream.java:467)
[2024-11-18T17:48:42.861+0000] {spark_submit.py:634} INFO - at org.apache.spark.serializer.JavaDeserializationStream.readObject(JavaSerializer.scala:87)
[2024-11-18T17:48:42.867+0000] {spark_submit.py:634} INFO - at org.apache.spark.serializer.JavaSerializerInstance.deserialize(JavaSerializer.scala:129)
[2024-11-18T17:48:42.868+0000] {spark_submit.py:634} INFO - at org.apache.spark.executor.Executor$TaskRunner.run(Executor.scala:579)
[2024-11-18T17:48:42.868+0000] {spark_submit.py:634} INFO - at java.base/java.util.concurrent.ThreadPoolExecutor.runWorker(ThreadPoolExecutor.java:1136)
[2024-11-18T17:48:42.869+0000] {spark_submit.py:634} INFO - at java.base/java.util.concurrent.ThreadPoolExecutor$Worker.run(ThreadPoolExecutor.java:635)
[2024-11-18T17:48:42.869+0000] {spark_submit.py:634} INFO - at java.base/java.lang.Thread.run(Thread.java:840)
[2024-11-18T17:48:42.870+0000] {spark_submit.py:634} INFO - 
[2024-11-18T17:48:42.870+0000] {spark_submit.py:634} INFO - Driver stacktrace:
[2024-11-18T17:48:42.871+0000] {spark_submit.py:634} INFO - at org.apache.spark.scheduler.DAGScheduler.failJobAndIndependentStages(DAGScheduler.scala:2856)
[2024-11-18T17:48:42.872+0000] {spark_submit.py:634} INFO - at org.apache.spark.scheduler.DAGScheduler.$anonfun$abortStage$2(DAGScheduler.scala:2792)
[2024-11-18T17:48:42.873+0000] {spark_submit.py:634} INFO - at org.apache.spark.scheduler.DAGScheduler.$anonfun$abortStage$2$adapted(DAGScheduler.scala:2791)
[2024-11-18T17:48:42.875+0000] {spark_submit.py:634} INFO - at scala.collection.mutable.ResizableArray.foreach(ResizableArray.scala:62)
[2024-11-18T17:48:42.877+0000] {spark_submit.py:634} INFO - at scala.collection.mutable.ResizableArray.foreach$(ResizableArray.scala:55)
[2024-11-18T17:48:42.877+0000] {spark_submit.py:634} INFO - at scala.collection.mutable.ArrayBuffer.foreach(ArrayBuffer.scala:49)
[2024-11-18T17:48:42.878+0000] {spark_submit.py:634} INFO - at org.apache.spark.scheduler.DAGScheduler.abortStage(DAGScheduler.scala:2791)
[2024-11-18T17:48:42.878+0000] {spark_submit.py:634} INFO - at org.apache.spark.scheduler.DAGScheduler.$anonfun$handleTaskSetFailed$1(DAGScheduler.scala:1247)
[2024-11-18T17:48:42.888+0000] {spark_submit.py:634} INFO - at org.apache.spark.scheduler.DAGScheduler.$anonfun$handleTaskSetFailed$1$adapted(DAGScheduler.scala:1247)
[2024-11-18T17:48:42.890+0000] {spark_submit.py:634} INFO - at scala.Option.foreach(Option.scala:407)
[2024-11-18T17:48:42.900+0000] {spark_submit.py:634} INFO - at org.apache.spark.scheduler.DAGScheduler.handleTaskSetFailed(DAGScheduler.scala:1247)
[2024-11-18T17:48:42.903+0000] {spark_submit.py:634} INFO - at org.apache.spark.scheduler.DAGSchedulerEventProcessLoop.doOnReceive(DAGScheduler.scala:3060)
[2024-11-18T17:48:42.905+0000] {spark_submit.py:634} INFO - at org.apache.spark.scheduler.DAGSchedulerEventProcessLoop.onReceive(DAGScheduler.scala:2994)
[2024-11-18T17:48:42.906+0000] {spark_submit.py:634} INFO - at org.apache.spark.scheduler.DAGSchedulerEventProcessLoop.onReceive(DAGScheduler.scala:2983)
[2024-11-18T17:48:42.907+0000] {spark_submit.py:634} INFO - at org.apache.spark.util.EventLoop$$anon$1.run(EventLoop.scala:49)
[2024-11-18T17:48:42.907+0000] {spark_submit.py:634} INFO - at org.apache.spark.scheduler.DAGScheduler.runJob(DAGScheduler.scala:989)
[2024-11-18T17:48:42.908+0000] {spark_submit.py:634} INFO - at org.apache.spark.SparkContext.runJob(SparkContext.scala:2393)
[2024-11-18T17:48:42.908+0000] {spark_submit.py:634} INFO - at org.apache.spark.SparkContext.runJob(SparkContext.scala:2414)
[2024-11-18T17:48:42.908+0000] {spark_submit.py:634} INFO - at org.apache.spark.SparkContext.runJob(SparkContext.scala:2433)
[2024-11-18T17:48:42.909+0000] {spark_submit.py:634} INFO - at org.apache.spark.sql.execution.SparkPlan.executeTake(SparkPlan.scala:530)
[2024-11-18T17:48:42.909+0000] {spark_submit.py:634} INFO - at org.apache.spark.sql.execution.SparkPlan.executeTake(SparkPlan.scala:483)
[2024-11-18T17:48:42.910+0000] {spark_submit.py:634} INFO - at org.apache.spark.sql.execution.CollectLimitExec.executeCollect(limit.scala:61)
[2024-11-18T17:48:42.911+0000] {spark_submit.py:634} INFO - at org.apache.spark.sql.Dataset.collectFromPlan(Dataset.scala:4333)
[2024-11-18T17:48:42.912+0000] {spark_submit.py:634} INFO - at org.apache.spark.sql.Dataset.$anonfun$head$1(Dataset.scala:3316)
[2024-11-18T17:48:42.914+0000] {spark_submit.py:634} INFO - at org.apache.spark.sql.Dataset.$anonfun$withAction$2(Dataset.scala:4323)
[2024-11-18T17:48:42.933+0000] {spark_submit.py:634} INFO - at org.apache.spark.sql.execution.QueryExecution$.withInternalError(QueryExecution.scala:546)
[2024-11-18T17:48:42.934+0000] {spark_submit.py:634} INFO - at org.apache.spark.sql.Dataset.$anonfun$withAction$1(Dataset.scala:4321)
[2024-11-18T17:48:42.935+0000] {spark_submit.py:634} INFO - at org.apache.spark.sql.execution.SQLExecution$.$anonfun$withNewExecutionId$6(SQLExecution.scala:125)
[2024-11-18T17:48:42.936+0000] {spark_submit.py:634} INFO - at org.apache.spark.sql.execution.SQLExecution$.withSQLConfPropagated(SQLExecution.scala:201)
[2024-11-18T17:48:42.936+0000] {spark_submit.py:634} INFO - at org.apache.spark.sql.execution.SQLExecution$.$anonfun$withNewExecutionId$1(SQLExecution.scala:108)
[2024-11-18T17:48:42.941+0000] {spark_submit.py:634} INFO - at org.apache.spark.sql.SparkSession.withActive(SparkSession.scala:900)
[2024-11-18T17:48:42.941+0000] {spark_submit.py:634} INFO - at org.apache.spark.sql.execution.SQLExecution$.withNewExecutionId(SQLExecution.scala:66)
[2024-11-18T17:48:42.942+0000] {spark_submit.py:634} INFO - at org.apache.spark.sql.Dataset.withAction(Dataset.scala:4321)
[2024-11-18T17:48:42.942+0000] {spark_submit.py:634} INFO - at org.apache.spark.sql.Dataset.head(Dataset.scala:3316)
[2024-11-18T17:48:42.943+0000] {spark_submit.py:634} INFO - at org.apache.spark.sql.Dataset.take(Dataset.scala:3539)
[2024-11-18T17:48:42.943+0000] {spark_submit.py:634} INFO - at org.apache.spark.sql.Dataset.getRows(Dataset.scala:280)
[2024-11-18T17:48:42.943+0000] {spark_submit.py:634} INFO - at org.apache.spark.sql.Dataset.showString(Dataset.scala:315)
[2024-11-18T17:48:42.943+0000] {spark_submit.py:634} INFO - at java.base/jdk.internal.reflect.NativeMethodAccessorImpl.invoke0(Native Method)
[2024-11-18T17:48:42.944+0000] {spark_submit.py:634} INFO - at java.base/jdk.internal.reflect.NativeMethodAccessorImpl.invoke(NativeMethodAccessorImpl.java:77)
[2024-11-18T17:48:42.944+0000] {spark_submit.py:634} INFO - at java.base/jdk.internal.reflect.DelegatingMethodAccessorImpl.invoke(DelegatingMethodAccessorImpl.java:43)
[2024-11-18T17:48:42.945+0000] {spark_submit.py:634} INFO - at java.base/java.lang.reflect.Method.invoke(Method.java:569)
[2024-11-18T17:48:42.946+0000] {spark_submit.py:634} INFO - at py4j.reflection.MethodInvoker.invoke(MethodInvoker.java:244)
[2024-11-18T17:48:42.946+0000] {spark_submit.py:634} INFO - at py4j.reflection.ReflectionEngine.invoke(ReflectionEngine.java:374)
[2024-11-18T17:48:42.949+0000] {spark_submit.py:634} INFO - at py4j.Gateway.invoke(Gateway.java:282)
[2024-11-18T17:48:42.951+0000] {spark_submit.py:634} INFO - at py4j.commands.AbstractCommand.invokeMethod(AbstractCommand.java:132)
[2024-11-18T17:48:42.953+0000] {spark_submit.py:634} INFO - at py4j.commands.CallCommand.execute(CallCommand.java:79)
[2024-11-18T17:48:42.954+0000] {spark_submit.py:634} INFO - at py4j.ClientServerConnection.waitForCommands(ClientServerConnection.java:182)
[2024-11-18T17:48:42.954+0000] {spark_submit.py:634} INFO - at py4j.ClientServerConnection.run(ClientServerConnection.java:106)
[2024-11-18T17:48:42.958+0000] {spark_submit.py:634} INFO - at java.base/java.lang.Thread.run(Thread.java:840)
[2024-11-18T17:48:42.960+0000] {spark_submit.py:634} INFO - Caused by: java.io.InvalidClassException: org.apache.spark.scheduler.Task; local class incompatible: stream classdesc serialVersionUID = -6188971942555435033, local class serialVersionUID = 553100815431272095
[2024-11-18T17:48:42.961+0000] {spark_submit.py:634} INFO - at java.base/java.io.ObjectStreamClass.initNonProxy(ObjectStreamClass.java:597)
[2024-11-18T17:48:42.961+0000] {spark_submit.py:634} INFO - at java.base/java.io.ObjectInputStream.readNonProxyDesc(ObjectInputStream.java:2051)
[2024-11-18T17:48:42.962+0000] {spark_submit.py:634} INFO - at java.base/java.io.ObjectInputStream.readClassDesc(ObjectInputStream.java:1898)
[2024-11-18T17:48:42.962+0000] {spark_submit.py:634} INFO - at java.base/java.io.ObjectInputStream.readNonProxyDesc(ObjectInputStream.java:2051)
[2024-11-18T17:48:42.962+0000] {spark_submit.py:634} INFO - at java.base/java.io.ObjectInputStream.readClassDesc(ObjectInputStream.java:1898)
[2024-11-18T17:48:42.963+0000] {spark_submit.py:634} INFO - at java.base/java.io.ObjectInputStream.readOrdinaryObject(ObjectInputStream.java:2224)
[2024-11-18T17:48:42.963+0000] {spark_submit.py:634} INFO - at java.base/java.io.ObjectInputStream.readObject0(ObjectInputStream.java:1733)
[2024-11-18T17:48:42.964+0000] {spark_submit.py:634} INFO - at java.base/java.io.ObjectInputStream.readObject(ObjectInputStream.java:509)
[2024-11-18T17:48:42.965+0000] {spark_submit.py:634} INFO - at java.base/java.io.ObjectInputStream.readObject(ObjectInputStream.java:467)
[2024-11-18T17:48:42.965+0000] {spark_submit.py:634} INFO - at org.apache.spark.serializer.JavaDeserializationStream.readObject(JavaSerializer.scala:87)
[2024-11-18T17:48:42.966+0000] {spark_submit.py:634} INFO - at org.apache.spark.serializer.JavaSerializerInstance.deserialize(JavaSerializer.scala:129)
[2024-11-18T17:48:42.966+0000] {spark_submit.py:634} INFO - at org.apache.spark.executor.Executor$TaskRunner.run(Executor.scala:579)
[2024-11-18T17:48:42.966+0000] {spark_submit.py:634} INFO - at java.base/java.util.concurrent.ThreadPoolExecutor.runWorker(ThreadPoolExecutor.java:1136)
[2024-11-18T17:48:42.967+0000] {spark_submit.py:634} INFO - at java.base/java.util.concurrent.ThreadPoolExecutor$Worker.run(ThreadPoolExecutor.java:635)
[2024-11-18T17:48:42.967+0000] {spark_submit.py:634} INFO - ... 1 more
[2024-11-18T17:48:42.967+0000] {spark_submit.py:634} INFO - 
[2024-11-18T17:48:43.384+0000] {spark_submit.py:634} INFO - 24/11/18 17:48:43 INFO SparkContext: Invoking stop() from shutdown hook
[2024-11-18T17:48:43.386+0000] {spark_submit.py:634} INFO - 24/11/18 17:48:43 INFO SparkContext: SparkContext is stopping with exitCode 0.
[2024-11-18T17:48:43.451+0000] {spark_submit.py:634} INFO - 24/11/18 17:48:43 INFO SparkUI: Stopped Spark web UI at http://3fa30a842a1c:4042
[2024-11-18T17:48:43.453+0000] {spark_submit.py:634} INFO - 24/11/18 17:48:43 INFO StandaloneSchedulerBackend: Shutting down all executors
[2024-11-18T17:48:43.454+0000] {spark_submit.py:634} INFO - 24/11/18 17:48:43 INFO StandaloneSchedulerBackend$StandaloneDriverEndpoint: Asking each executor to shut down
[2024-11-18T17:48:43.581+0000] {spark_submit.py:634} INFO - 24/11/18 17:48:43 INFO MapOutputTrackerMasterEndpoint: MapOutputTrackerMasterEndpoint stopped!
[2024-11-18T17:48:43.995+0000] {spark_submit.py:634} INFO - 24/11/18 17:48:43 INFO MemoryStore: MemoryStore cleared
[2024-11-18T17:48:44.002+0000] {spark_submit.py:634} INFO - 24/11/18 17:48:43 INFO BlockManager: BlockManager stopped
[2024-11-18T17:48:44.006+0000] {spark_submit.py:634} INFO - 24/11/18 17:48:44 INFO BlockManagerMaster: BlockManagerMaster stopped
[2024-11-18T17:48:44.010+0000] {spark_submit.py:634} INFO - 24/11/18 17:48:44 INFO OutputCommitCoordinator$OutputCommitCoordinatorEndpoint: OutputCommitCoordinator stopped!
[2024-11-18T17:48:44.340+0000] {spark_submit.py:634} INFO - 24/11/18 17:48:44 INFO SparkContext: Successfully stopped SparkContext
[2024-11-18T17:48:44.342+0000] {spark_submit.py:634} INFO - 24/11/18 17:48:44 INFO ShutdownHookManager: Shutdown hook called
[2024-11-18T17:48:44.344+0000] {spark_submit.py:634} INFO - 24/11/18 17:48:44 INFO ShutdownHookManager: Deleting directory /tmp/spark-ff3ee753-60d3-425a-8826-c2ba24fafc9c
[2024-11-18T17:48:44.416+0000] {spark_submit.py:634} INFO - 24/11/18 17:48:44 INFO ShutdownHookManager: Deleting directory /tmp/spark-ff3ee753-60d3-425a-8826-c2ba24fafc9c/pyspark-c854ec07-33c5-44ee-bfab-fa60572f35e5
[2024-11-18T17:48:44.470+0000] {spark_submit.py:634} INFO - 24/11/18 17:48:44 INFO ShutdownHookManager: Deleting directory /tmp/spark-9dab1987-44e4-4059-9a89-77ca7dcb41d1
[2024-11-18T17:48:44.684+0000] {taskinstance.py:441} INFO - ::group::Post task execution logs
[2024-11-18T17:48:44.708+0000] {taskinstance.py:2905} ERROR - Task failed with exception
Traceback (most recent call last):
  File "/home/airflow/.local/lib/python3.11/site-packages/airflow/models/taskinstance.py", line 465, in _execute_task
    result = _execute_callable(context=context, **execute_callable_kwargs)
             ^^^^^^^^^^^^^^^^^^^^^^^^^^^^^^^^^^^^^^^^^^^^^^^^^^^^^^^^^^^^^
  File "/home/airflow/.local/lib/python3.11/site-packages/airflow/models/taskinstance.py", line 432, in _execute_callable
    return execute_callable(context=context, **execute_callable_kwargs)
           ^^^^^^^^^^^^^^^^^^^^^^^^^^^^^^^^^^^^^^^^^^^^^^^^^^^^^^^^^^^^
  File "/home/airflow/.local/lib/python3.11/site-packages/airflow/models/baseoperator.py", line 401, in wrapper
    return func(self, *args, **kwargs)
           ^^^^^^^^^^^^^^^^^^^^^^^^^^^
  File "/home/airflow/.local/lib/python3.11/site-packages/airflow/providers/apache/spark/operators/spark_submit.py", line 176, in execute
    self._hook.submit(self.application)
  File "/home/airflow/.local/lib/python3.11/site-packages/airflow/providers/apache/spark/hooks/spark_submit.py", line 560, in submit
    raise AirflowException(
airflow.exceptions.AirflowException: Cannot execute: spark-submit --master spark://spark:7077 --name arrow-spark --deploy-mode client /opt/***/dags/spark_job.py. Error code is: 1.
[2024-11-18T17:48:44.738+0000] {taskinstance.py:1206} INFO - Marking task as FAILED. dag_id=spark_dag, task_id=spark_task, run_id=scheduled__2024-05-11T00:00:00+00:00, execution_date=20240511T000000, start_date=20241118T174738, end_date=20241118T174844
[2024-11-18T17:48:44.823+0000] {standard_task_runner.py:110} ERROR - Failed to execute job 646 for task spark_task (Cannot execute: spark-submit --master spark://spark:7077 --name arrow-spark --deploy-mode client /opt/***/dags/spark_job.py. Error code is: 1.; 203)
[2024-11-18T17:48:44.931+0000] {local_task_job_runner.py:243} INFO - Task exited with return code 1
[2024-11-18T17:48:44.971+0000] {taskinstance.py:3503} INFO - 0 downstream tasks scheduled from follow-on schedule check
[2024-11-18T17:48:44.983+0000] {local_task_job_runner.py:222} INFO - ::endgroup::
